<?xml version="1.0" encoding="UTF-8"?>
<testsuite xmlns:xsi="http://www.w3.org/2001/XMLSchema-instance" xsi:noNamespaceSchemaLocation="https://maven.apache.org/surefire/maven-surefire-plugin/xsd/surefire-test-report-3.0.xsd" version="3.0" name="org.apache.hive.streaming.TestStreamingDynamicPartitioning" time="11.264" tests="11" errors="0" skipped="0" failures="11">
  <properties>
    <property name="build.test.dir" value="/home/alex/Repositories/hive/streaming/target/tmp"/>
    <property name="awt.toolkit" value="sun.awt.X11.XToolkit"/>
    <property name="test.tmp.dir.uri" value="file:///home/alex/Repositories/hive/streaming/target/tmp"/>
    <property name="java.specification.version" value="1.8"/>
    <property name="qfile" value=""/>
    <property name="sun.cpu.isalist" value=""/>
    <property name="test.warehouse.dir" value="pfile:///home/alex/Repositories/hive/streaming/target/warehouse"/>
    <property name="sun.jnu.encoding" value="UTF-8"/>
    <property name="run_disabled" value=""/>
    <property name="nondexPrintstack" value="false"/>
    <property name="sun.arch.data.model" value="64"/>
    <property name="java.vendor.url" value="http://java.oracle.com/"/>
    <property name="user.country.format" value="PT"/>
    <property name="test.tmp.dir" value="/home/alex/Repositories/hive/streaming/target/tmp"/>
    <property name="sun.boot.library.path" value="/usr/lib/jvm/java-8-openjdk-amd64/jre/lib/amd64"/>
    <property name="sun.java.command" value="/home/alex/Repositories/hive/streaming/target/surefire/surefirebooter2635170518420229373.jar /home/alex/Repositories/hive/streaming/target/surefire 2024-04-23T21-59-46_173-jvmRun1 surefire1929999004403503438tmp surefire_39068347754949938928215tmp"/>
    <property name="nondexExecid" value="p3P6ADfvT+GsU+2M2TO7r8SHJzUahbus7pIvo6i7MSc="/>
    <property name="java.specification.vendor" value="Oracle Corporation"/>
    <property name="java.home" value="/usr/lib/jvm/java-8-openjdk-amd64/jre"/>
    <property name="file.separator" value="/"/>
    <property name="basedir" value="/home/alex/Repositories/hive/streaming"/>
    <property name="line.separator" value="&#10;"/>
    <property name="nondexEnd" value="9223372036854775807"/>
    <property name="java.vm.specification.vendor" value="Oracle Corporation"/>
    <property name="derby.stream.error.file" value="/home/alex/Repositories/hive/streaming/target/tmp/derby.log"/>
    <property name="java.specification.name" value="Java Platform API Specification"/>
    <property name="log4j.debug" value="true"/>
    <property name="sun.boot.class.path" value="/home/alex/Repositories/hive/streaming/.nondex/nondex-instr.jar:/home/alex/.m2/repository/edu/illinois/nondex-common/2.1.7/nondex-common-2.1.7.jar:/home/alex/.m2/repository/edu/illinois/nondex-annotations/2.1.7/nondex-annotations-2.1.7.jar:/usr/lib/jvm/java-8-openjdk-amd64/jre/lib/resources.jar:/usr/lib/jvm/java-8-openjdk-amd64/jre/lib/rt.jar:/usr/lib/jvm/java-8-openjdk-amd64/jre/lib/sunrsasign.jar:/usr/lib/jvm/java-8-openjdk-amd64/jre/lib/jsse.jar:/usr/lib/jvm/java-8-openjdk-amd64/jre/lib/jce.jar:/usr/lib/jvm/java-8-openjdk-amd64/jre/lib/charsets.jar:/usr/lib/jvm/java-8-openjdk-amd64/jre/lib/jfr.jar:/usr/lib/jvm/java-8-openjdk-amd64/jre/classes"/>
    <property name="sun.management.compiler" value="HotSpot 64-Bit Tiered Compilers"/>
    <property name="spark.home" value=""/>
    <property name="java.runtime.version" value="1.8.0_402-8u402-ga-2ubuntu1~22.04-b06"/>
    <property name="user.name" value="alex"/>
    <property name="test.src.tables" value=""/>
    <property name="file.encoding" value="UTF-8"/>
    <property name="qfile_regex" value=""/>
    <property name="hadoop.bin.path" value="/home/alex/Repositories/hive/streaming/../testutils/hadoop"/>
    <property name="localRepository" value="/home/alex/.m2/repository"/>
    <property name="nondexDir" value="/home/alex/Repositories/hive/streaming/.nondex"/>
    <property name="build.dir" value="/home/alex/Repositories/hive/streaming/target"/>
    <property name="mapred.job.tracker" value="local"/>
    <property name="nondexJarDir" value="/home/alex/Repositories/hive/streaming/.nondex"/>
    <property name="java.io.tmpdir" value="/home/alex/Repositories/hive/streaming/target/tmp"/>
    <property name="com.zaxxer.hikari.pool_number" value="3"/>
    <property name="java.version" value="1.8.0_402"/>
    <property name="hive.version" value="4.0.0-SNAPSHOT"/>
    <property name="java.vm.specification.name" value="Java Virtual Machine Specification"/>
    <property name="java.awt.printerjob" value="sun.print.PSPrinterJob"/>
    <property name="sun.os.patch.level" value="unknown"/>
    <property name="java.library.path" value="/usr/java/packages/lib/amd64:/usr/lib/x86_64-linux-gnu/jni:/lib/x86_64-linux-gnu:/usr/lib/x86_64-linux-gnu:/usr/lib/jni:/lib:/usr/lib"/>
    <property name="test.data.dir" value="/home/alex/Repositories/hive/streaming/../data/files"/>
    <property name="java.vendor" value="Private Build"/>
    <property name="java.specification.maintenance.version" value="5"/>
    <property name="sun.io.unicode.encoding" value="UnicodeLittle"/>
    <property name="initScript" value=""/>
    <property name="sun.desktop" value="gnome"/>
    <property name="calcite.enable.rexnode.digest.normalize" value="false"/>
    <property name="nondexStart" value="0"/>
    <property name="file.encoding.pkg" value="sun.io"/>
    <property name="log4j.configurationFile" value="file:///home/alex/Repositories/hive/streaming/target/testconf/hive-log4j2.properties"/>
    <property name="java.class.path" value="/home/alex/Repositories/hive/streaming/target/test-classes:/home/alex/Repositories/hive/streaming/target/classes:/home/alex/Repositories/hive/serde/target/classes:/home/alex/Repositories/hive/common/target/classes:/home/alex/Repositories/hive/classification/target/classes:/home/alex/.m2/repository/org/eclipse/jetty/jetty-http/9.3.27.v20190418/jetty-http-9.3.27.v20190418.jar:/home/alex/.m2/repository/org/eclipse/jetty/jetty-rewrite/9.3.27.v20190418/jetty-rewrite-9.3.27.v20190418.jar:/home/alex/.m2/repository/org/eclipse/jetty/jetty-client/9.3.27.v20190418/jetty-client-9.3.27.v20190418.jar:/home/alex/.m2/repository/joda-time/joda-time/2.9.9/joda-time-2.9.9.jar:/home/alex/.m2/repository/org/apache/logging/log4j/log4j-web/2.13.2/log4j-web-2.13.2.jar:/home/alex/.m2/repository/net/sf/jpam/jpam/1.1/jpam-1.1.jar:/home/alex/Repositories/hive/service-rpc/target/classes:/home/alex/Repositories/hive/shims/aggregator/target/classes:/home/alex/Repositories/hive/shims/common/target/classes:/home/alex/Repositories/hive/shims/0.23/target/classes:/home/alex/.m2/repository/org/apache/hadoop/hadoop-yarn-server-resourcemanager/3.1.0/hadoop-yarn-server-resourcemanager-3.1.0.jar:/home/alex/.m2/repository/org/apache/hadoop/hadoop-yarn-server-common/3.1.0/hadoop-yarn-server-common-3.1.0.jar:/home/alex/.m2/repository/org/apache/geronimo/specs/geronimo-jcache_1.0_spec/1.0-alpha-1/geronimo-jcache_1.0_spec-1.0-alpha-1.jar:/home/alex/.m2/repository/org/ehcache/ehcache/3.3.1/ehcache-3.3.1.jar:/home/alex/.m2/repository/com/zaxxer/HikariCP-java7/2.4.12/HikariCP-java7-2.4.12.jar:/home/alex/.m2/repository/org/apache/hadoop/hadoop-yarn-server-applicationhistoryservice/3.1.0/hadoop-yarn-server-applicationhistoryservice-3.1.0.jar:/home/alex/.m2/repository/de/ruedigermoeller/fst/2.50/fst-2.50.jar:/home/alex/.m2/repository/com/cedarsoftware/java-util/1.9.0/java-util-1.9.0.jar:/home/alex/.m2/repository/com/cedarsoftware/json-io/2.5.1/json-io-2.5.1.jar:/home/alex/.m2/repository/org/fusesource/leveldbjni/leveldbjni-all/1.8/leveldbjni-all-1.8.jar:/home/alex/Repositories/hive/shims/scheduler/target/classes:/home/alex/Repositories/hive/storage-api/target/classes:/home/alex/.m2/repository/com/google/code/findbugs/jsr305/3.0.0/jsr305-3.0.0.jar:/home/alex/.m2/repository/commons-codec/commons-codec/1.15/commons-codec-1.15.jar:/home/alex/.m2/repository/org/apache/arrow/arrow-vector/0.15.1/arrow-vector-0.15.1.jar:/home/alex/.m2/repository/org/apache/arrow/arrow-format/0.15.1/arrow-format-0.15.1.jar:/home/alex/.m2/repository/org/apache/arrow/arrow-memory/0.15.1/arrow-memory-0.15.1.jar:/home/alex/.m2/repository/com/google/flatbuffers/flatbuffers-java/1.9.0/flatbuffers-java-1.9.0.jar:/home/alex/.m2/repository/com/carrotsearch/hppc/0.7.2/hppc-0.7.2.jar:/home/alex/.m2/repository/com/github/davidmoten/flatbuffers-java/1.6.0.1/flatbuffers-java-1.6.0.1.jar:/home/alex/.m2/repository/org/apache/avro/avro/1.8.2/avro-1.8.2.jar:/home/alex/.m2/repository/org/codehaus/jackson/jackson-core-asl/1.9.13/jackson-core-asl-1.9.13.jar:/home/alex/.m2/repository/org/codehaus/jackson/jackson-mapper-asl/1.9.13/jackson-mapper-asl-1.9.13.jar:/home/alex/.m2/repository/com/thoughtworks/paranamer/paranamer/2.8/paranamer-2.8.jar:/home/alex/.m2/repository/org/xerial/snappy/snappy-java/1.1.4/snappy-java-1.1.4.jar:/home/alex/.m2/repository/org/tukaani/xz/1.5/xz-1.5.jar:/home/alex/.m2/repository/org/apache/thrift/libthrift/0.14.1/libthrift-0.14.1.jar:/home/alex/.m2/repository/org/apache/httpcomponents/httpclient/4.5.13/httpclient-4.5.13.jar:/home/alex/.m2/repository/org/apache/httpcomponents/httpcore/4.4.13/httpcore-4.4.13.jar:/home/alex/.m2/repository/org/apache/tomcat/embed/tomcat-embed-core/8.5.46/tomcat-embed-core-8.5.46.jar:/home/alex/.m2/repository/org/apache/tomcat/tomcat-annotations-api/8.5.46/tomcat-annotations-api-8.5.46.jar:/home/alex/.m2/repository/javax/annotation/javax.annotation-api/1.3.2/javax.annotation-api-1.3.2.jar:/home/alex/.m2/repository/net/sf/opencsv/opencsv/2.3/opencsv-2.3.jar:/home/alex/.m2/repository/org/apache/parquet/parquet-hadoop-bundle/1.11.1/parquet-hadoop-bundle-1.11.1.jar:/home/alex/Repositories/hive/metastore/target/classes:/home/alex/Repositories/hive/standalone-metastore/metastore-common/target/classes:/home/alex/.m2/repository/com/github/ben-manes/caffeine/caffeine/2.8.4/caffeine-2.8.4.jar:/home/alex/.m2/repository/org/checkerframework/checker-qual/3.4.0/checker-qual-3.4.0.jar:/home/alex/.m2/repository/com/google/errorprone/error_prone_annotations/2.3.4/error_prone_annotations-2.3.4.jar:/home/alex/.m2/repository/org/apache/curator/curator-recipes/4.2.0/curator-recipes-4.2.0.jar:/home/alex/.m2/repository/javolution/javolution/5.5.1/javolution-5.5.1.jar:/home/alex/.m2/repository/com/google/guava/guava/19.0/guava-19.0.jar:/home/alex/.m2/repository/commons-cli/commons-cli/1.4/commons-cli-1.4.jar:/home/alex/.m2/repository/org/apache/derby/derby/10.14.1.0/derby-10.14.1.0.jar:/home/alex/.m2/repository/org/antlr/antlr-runtime/3.5.2/antlr-runtime-3.5.2.jar:/home/alex/.m2/repository/org/apache/thrift/libfb303/0.9.3/libfb303-0.9.3.jar:/home/alex/Repositories/hive/ql/target/classes:/home/alex/.m2/repository/org/apache/atlas/atlas-client-v2/2.1.0/atlas-client-v2-2.1.0.jar:/home/alex/.m2/repository/cglib/cglib/2.2.2/cglib-2.2.2.jar:/home/alex/.m2/repository/asm/asm/3.3.1/asm-3.3.1.jar:/home/alex/.m2/repository/org/apache/atlas/atlas-client-common/2.1.0/atlas-client-common-2.1.0.jar:/home/alex/.m2/repository/com/sun/jersey/jersey-client/1.19/jersey-client-1.19.jar:/home/alex/.m2/repository/org/apache/atlas/atlas-intg/2.1.0/atlas-intg-2.1.0.jar:/home/alex/.m2/repository/commons-validator/commons-validator/1.6/commons-validator-1.6.jar:/home/alex/.m2/repository/commons-digester/commons-digester/1.8.1/commons-digester-1.8.1.jar:/home/alex/.m2/repository/com/fasterxml/jackson/jaxrs/jackson-jaxrs-base/2.12.0/jackson-jaxrs-base-2.12.0.jar:/home/alex/.m2/repository/com/fasterxml/jackson/jaxrs/jackson-jaxrs-json-provider/2.12.0/jackson-jaxrs-json-provider-2.12.0.jar:/home/alex/.m2/repository/javax/inject/javax.inject/1/javax.inject-1.jar:/home/alex/.m2/repository/org/springframework/spring-context/4.3.20.RELEASE/spring-context-4.3.20.RELEASE.jar:/home/alex/.m2/repository/org/springframework/spring-aop/4.3.20.RELEASE/spring-aop-4.3.20.RELEASE.jar:/home/alex/.m2/repository/org/springframework/spring-beans/4.3.20.RELEASE/spring-beans-4.3.20.RELEASE.jar:/home/alex/.m2/repository/org/springframework/spring-core/4.3.20.RELEASE/spring-core-4.3.20.RELEASE.jar:/home/alex/.m2/repository/org/springframework/spring-expression/4.3.20.RELEASE/spring-expression-4.3.20.RELEASE.jar:/home/alex/.m2/repository/commons-configuration/commons-configuration/1.10/commons-configuration-1.10.jar:/home/alex/.m2/repository/org/apache/commons/commons-math3/3.6.1/commons-math3-3.6.1.jar:/home/alex/Repositories/hive/vector-code-gen/target/classes:/home/alex/.m2/repository/org/apache/velocity/velocity/1.5/velocity-1.5.jar:/home/alex/.m2/repository/oro/oro/2.0.8/oro-2.0.8.jar:/home/alex/Repositories/hive/parser/target/classes:/home/alex/Repositories/hive/udf/target/classes:/home/alex/Repositories/hive/llap-client/target/classes:/home/alex/Repositories/hive/llap-common/target/classes:/home/alex/.m2/repository/io/jsonwebtoken/jjwt-api/0.10.5/jjwt-api-0.10.5.jar:/home/alex/.m2/repository/io/jsonwebtoken/jjwt-impl/0.10.5/jjwt-impl-0.10.5.jar:/home/alex/.m2/repository/io/jsonwebtoken/jjwt-jackson/0.10.5/jjwt-jackson-0.10.5.jar:/home/alex/Repositories/hive/llap-tez/target/classes:/home/alex/Repositories/hive/spark-client/target/classes:/home/alex/.m2/repository/io/netty/netty-all/4.1.65.Final/netty-all-4.1.65.Final.jar:/home/alex/.m2/repository/com/fasterxml/jackson/module/jackson-module-scala_2.12/2.12.0/jackson-module-scala_2.12-2.12.0.jar:/home/alex/.m2/repository/org/scala-lang/scala-library/2.12.10/scala-library-2.12.10.jar:/home/alex/.m2/repository/org/apache/spark/spark-core_2.12/2.4.5/spark-core_2.12-2.4.5.jar:/home/alex/.m2/repository/com/twitter/chill_2.12/0.9.3/chill_2.12-0.9.3.jar:/home/alex/.m2/repository/com/twitter/chill-java/0.9.3/chill-java-0.9.3.jar:/home/alex/.m2/repository/org/apache/xbean/xbean-asm6-shaded/4.8/xbean-asm6-shaded-4.8.jar:/home/alex/.m2/repository/org/apache/hadoop/hadoop-client/3.1.0/hadoop-client-3.1.0.jar:/home/alex/.m2/repository/org/apache/hadoop/hadoop-mapreduce-client-jobclient/3.1.0/hadoop-mapreduce-client-jobclient-3.1.0.jar:/home/alex/.m2/repository/org/apache/hadoop/hadoop-mapreduce-client-common/3.1.0/hadoop-mapreduce-client-common-3.1.0.jar:/home/alex/.m2/repository/org/apache/spark/spark-launcher_2.12/2.4.5/spark-launcher_2.12-2.4.5.jar:/home/alex/.m2/repository/org/apache/spark/spark-kvstore_2.12/2.4.5/spark-kvstore_2.12-2.4.5.jar:/home/alex/.m2/repository/org/apache/spark/spark-network-common_2.12/2.4.5/spark-network-common_2.12-2.4.5.jar:/home/alex/.m2/repository/org/apache/spark/spark-network-shuffle_2.12/2.4.5/spark-network-shuffle_2.12-2.4.5.jar:/home/alex/.m2/repository/org/apache/spark/spark-unsafe_2.12/2.4.5/spark-unsafe_2.12-2.4.5.jar:/home/alex/.m2/repository/javax/activation/activation/1.1.1/activation-1.1.1.jar:/home/alex/.m2/repository/org/slf4j/jul-to-slf4j/1.7.16/jul-to-slf4j-1.7.16.jar:/home/alex/.m2/repository/org/slf4j/jcl-over-slf4j/1.7.16/jcl-over-slf4j-1.7.16.jar:/home/alex/.m2/repository/com/ning/compress-lzf/1.0.3/compress-lzf-1.0.3.jar:/home/alex/.m2/repository/org/roaringbitmap/RoaringBitmap/0.7.45/RoaringBitmap-0.7.45.jar:/home/alex/.m2/repository/org/roaringbitmap/shims/0.7.45/shims-0.7.45.jar:/home/alex/.m2/repository/org/json4s/json4s-jackson_2.12/3.5.3/json4s-jackson_2.12-3.5.3.jar:/home/alex/.m2/repository/org/json4s/json4s-core_2.12/3.5.3/json4s-core_2.12-3.5.3.jar:/home/alex/.m2/repository/org/json4s/json4s-ast_2.12/3.5.3/json4s-ast_2.12-3.5.3.jar:/home/alex/.m2/repository/org/json4s/json4s-scalap_2.12/3.5.3/json4s-scalap_2.12-3.5.3.jar:/home/alex/.m2/repository/org/scala-lang/modules/scala-xml_2.12/1.0.6/scala-xml_2.12-1.0.6.jar:/home/alex/.m2/repository/com/clearspring/analytics/stream/2.7.0/stream-2.7.0.jar:/home/alex/.m2/repository/io/dropwizard/metrics/metrics-graphite/3.1.5/metrics-graphite-3.1.5.jar:/home/alex/.m2/repository/net/razorvine/pyrolite/4.13/pyrolite-4.13.jar:/home/alex/.m2/repository/net/sf/py4j/py4j/0.10.7/py4j-0.10.7.jar:/home/alex/.m2/repository/org/apache/spark/spark-tags_2.12/2.4.5/spark-tags_2.12-2.4.5.jar:/home/alex/.m2/repository/org/apache/commons/commons-crypto/1.0.0/commons-crypto-1.0.0.jar:/home/alex/.m2/repository/org/spark-project/spark/unused/1.0.0/unused-1.0.0.jar:/home/alex/.m2/repository/org/apache/spark/spark-yarn_2.12/2.4.5/spark-yarn_2.12-2.4.5.jar:/home/alex/.m2/repository/org/apache/hadoop/hadoop-yarn-server-web-proxy/3.1.0/hadoop-yarn-server-web-proxy-3.1.0.jar:/home/alex/.m2/repository/com/amazonaws/secretsmanager/aws-secretsmanager-caching-java/1.0.1/aws-secretsmanager-caching-java-1.0.1.jar:/home/alex/.m2/repository/com/esotericsoftware/kryo/5.0.3/kryo-5.0.3.jar:/home/alex/.m2/repository/com/esotericsoftware/minlog/1.3.1/minlog-1.3.1.jar:/home/alex/.m2/repository/com/esotericsoftware/reflectasm/1.11.9/reflectasm-1.11.9.jar:/home/alex/.m2/repository/com/google/protobuf/protobuf-java/2.5.0/protobuf-java-2.5.0.jar:/home/alex/.m2/repository/commons-io/commons-io/2.6/commons-io-2.6.jar:/home/alex/.m2/repository/org/apache/commons/commons-collections4/4.1/commons-collections4-4.1.jar:/home/alex/.m2/repository/org/apache/commons/commons-lang3/3.9/commons-lang3-3.9.jar:/home/alex/.m2/repository/org/apache/commons/commons-text/1.8/commons-text-1.8.jar:/home/alex/.m2/repository/org/apache/logging/log4j/log4j-1.2-api/2.13.2/log4j-1.2-api-2.13.2.jar:/home/alex/.m2/repository/org/apache/logging/log4j/log4j-api/2.13.2/log4j-api-2.13.2.jar:/home/alex/.m2/repository/org/apache/logging/log4j/log4j-core/2.13.2/log4j-core-2.13.2.jar:/home/alex/.m2/repository/org/apache/logging/log4j/log4j-slf4j-impl/2.13.2/log4j-slf4j-impl-2.13.2.jar:/home/alex/.m2/repository/org/antlr/ST4/4.0.4/ST4-4.0.4.jar:/home/alex/.m2/repository/org/apache/avro/avro-mapred/1.8.2/avro-mapred-1.8.2-hadoop2.jar:/home/alex/.m2/repository/org/apache/avro/avro-ipc/1.8.2/avro-ipc-1.8.2.jar:/home/alex/.m2/repository/org/mortbay/jetty/jetty/6.1.26/jetty-6.1.26.jar:/home/alex/.m2/repository/org/apache/ant/ant/1.9.1/ant-1.9.1.jar:/home/alex/.m2/repository/org/apache/ant/ant-launcher/1.9.1/ant-launcher-1.9.1.jar:/home/alex/.m2/repository/org/apache/commons/commons-compress/1.21/commons-compress-1.21.jar:/home/alex/.m2/repository/org/apache/hadoop/hadoop-yarn-registry/3.1.0/hadoop-yarn-registry-3.1.0.jar:/home/alex/.m2/repository/org/apache/hadoop/hadoop-yarn-api/3.1.0/hadoop-yarn-api-3.1.0.jar:/home/alex/.m2/repository/org/apache/curator/curator-client/4.2.0/curator-client-4.2.0.jar:/home/alex/.m2/repository/commons-daemon/commons-daemon/1.0.13/commons-daemon-1.0.13.jar:/home/alex/.m2/repository/dnsjava/dnsjava/2.1.7/dnsjava-2.1.7.jar:/home/alex/.m2/repository/org/apache/orc/orc-tools/1.6.9/orc-tools-1.6.9.jar:/home/alex/.m2/repository/com/opencsv/opencsv/3.9/opencsv-3.9.jar:/home/alex/.m2/repository/org/apache/hadoop/hadoop-hdfs/3.1.0/hadoop-hdfs-3.1.0.jar:/home/alex/.m2/repository/org/eclipse/jetty/jetty-util-ajax/9.3.19.v20170502/jetty-util-ajax-9.3.19.v20170502.jar:/home/alex/.m2/repository/org/codehaus/jettison/jettison/1.1/jettison-1.1.jar:/home/alex/.m2/repository/org/threeten/threetenbp/1.3.5/threetenbp-1.3.5.jar:/home/alex/.m2/repository/org/apache/ivy/ivy/2.4.0/ivy-2.4.0.jar:/home/alex/.m2/repository/org/apache/zookeeper/zookeeper/3.5.5/zookeeper-3.5.5.jar:/home/alex/.m2/repository/org/apache/zookeeper/zookeeper-jute/3.5.5/zookeeper-jute-3.5.5.jar:/home/alex/.m2/repository/org/apache/yetus/audience-annotations/0.5.0/audience-annotations-0.5.0.jar:/home/alex/.m2/repository/org/apache/curator/curator-framework/4.2.0/curator-framework-4.2.0.jar:/home/alex/.m2/repository/org/apache/datasketches/datasketches-hive/1.1.0-incubating/datasketches-hive-1.1.0-incubating.jar:/home/alex/.m2/repository/org/apache/datasketches/datasketches-java/1.3.0-incubating/datasketches-java-1.3.0-incubating.jar:/home/alex/.m2/repository/org/apache/datasketches/datasketches-memory/1.2.0-incubating/datasketches-memory-1.2.0-incubating.jar:/home/alex/.m2/repository/org/slf4j/slf4j-simple/1.7.27/slf4j-simple-1.7.27.jar:/home/alex/.m2/repository/org/codehaus/groovy/groovy-all/2.4.11/groovy-all-2.4.11.jar:/home/alex/.m2/repository/org/jodd/jodd-util/6.0.0/jodd-util-6.0.0.jar:/home/alex/.m2/repository/com/fasterxml/jackson/core/jackson-annotations/2.12.0/jackson-annotations-2.12.0.jar:/home/alex/.m2/repository/com/fasterxml/jackson/core/jackson-core/2.12.0/jackson-core-2.12.0.jar:/home/alex/.m2/repository/com/fasterxml/jackson/core/jackson-databind/2.12.0/jackson-databind-2.12.0.jar:/home/alex/.m2/repository/com/fasterxml/jackson/dataformat/jackson-dataformat-yaml/2.12.0/jackson-dataformat-yaml-2.12.0.jar:/home/alex/.m2/repository/org/yaml/snakeyaml/1.27/snakeyaml-1.27.jar:/home/alex/.m2/repository/org/datanucleus/datanucleus-core/5.2.4/datanucleus-core-5.2.4.jar:/home/alex/.m2/repository/org/apache/calcite/calcite-core/1.25.0/calcite-core-1.25.0.jar:/home/alex/.m2/repository/org/apache/calcite/calcite-linq4j/1.25.0/calcite-linq4j-1.25.0.jar:/home/alex/.m2/repository/com/esri/geometry/esri-geometry-api/2.2.0/esri-geometry-api-2.2.0.jar:/home/alex/.m2/repository/com/yahoo/datasketches/sketches-core/0.9.0/sketches-core-0.9.0.jar:/home/alex/.m2/repository/com/yahoo/datasketches/memory/0.9.0/memory-0.9.0.jar:/home/alex/.m2/repository/org/apache/calcite/calcite-druid/1.25.0/calcite-druid-1.25.0.jar:/home/alex/.m2/repository/org/apache/calcite/avatica/avatica/1.12.0/avatica-1.12.0.jar:/home/alex/.m2/repository/com/googlecode/javaewah/JavaEWAH/0.3.2/JavaEWAH-0.3.2.jar:/home/alex/.m2/repository/com/google/code/gson/gson/2.2.4/gson-2.2.4.jar:/home/alex/.m2/repository/com/tdunning/json/1.8/json-1.8.jar:/home/alex/.m2/repository/stax/stax-api/1.0.1/stax-api-1.0.1.jar:/home/alex/Repositories/hive/standalone-metastore/metastore-server/target/classes:/home/alex/.m2/repository/com/google/re2j/re2j/1.2/re2j-1.2.jar:/home/alex/.m2/repository/org/reflections/reflections/0.9.10/reflections-0.9.10.jar:/home/alex/.m2/repository/org/javassist/javassist/3.19.0-GA/javassist-3.19.0-GA.jar:/home/alex/.m2/repository/com/jayway/jsonpath/json-path/2.4.0/json-path-2.4.0.jar:/home/alex/.m2/repository/net/minidev/json-smart/2.3/json-smart-2.3.jar:/home/alex/.m2/repository/net/minidev/accessors-smart/1.2/accessors-smart-1.2.jar:/home/alex/.m2/repository/org/ow2/asm/asm/5.0.4/asm-5.0.4.jar:/home/alex/.m2/repository/org/codehaus/janino/commons-compiler/3.0.11/commons-compiler-3.0.11.jar:/home/alex/.m2/repository/org/codehaus/janino/janino/3.0.11/janino-3.0.11.jar:/home/alex/.m2/repository/com/sun/jersey/contribs/jersey-multipart/1.19/jersey-multipart-1.19.jar:/home/alex/.m2/repository/org/jvnet/mimepull/mimepull/1.9.3/mimepull-1.9.3.jar:/home/alex/.m2/repository/org/apache/kafka/kafka-clients/2.5.0/kafka-clients-2.5.0.jar:/home/alex/.m2/repository/com/github/luben/zstd-jni/1.4.4-7/zstd-jni-1.4.4-7.jar:/home/alex/.m2/repository/org/lz4/lz4-java/1.7.1/lz4-java-1.7.1.jar:/home/alex/.m2/repository/org/slf4j/slf4j-api/1.7.30/slf4j-api-1.7.30.jar:/home/alex/.m2/repository/org/apache/hadoop/hadoop-common/3.1.0/hadoop-common-3.1.0.jar:/home/alex/.m2/repository/org/apache/hadoop/hadoop-annotations/3.1.0/hadoop-annotations-3.1.0.jar:/usr/lib/jvm/java-8-openjdk-amd64/jre/../lib/tools.jar:/home/alex/.m2/repository/commons-net/commons-net/3.6/commons-net-3.6.jar:/home/alex/.m2/repository/commons-collections/commons-collections/3.2.2/commons-collections-3.2.2.jar:/home/alex/.m2/repository/javax/servlet/javax.servlet-api/3.1.0/javax.servlet-api-3.1.0.jar:/home/alex/.m2/repository/org/eclipse/jetty/jetty-server/9.3.27.v20190418/jetty-server-9.3.27.v20190418.jar:/home/alex/.m2/repository/org/eclipse/jetty/jetty-io/9.3.27.v20190418/jetty-io-9.3.27.v20190418.jar:/home/alex/.m2/repository/org/eclipse/jetty/jetty-util/9.3.27.v20190418/jetty-util-9.3.27.v20190418.jar:/home/alex/.m2/repository/org/eclipse/jetty/jetty-servlet/9.3.27.v20190418/jetty-servlet-9.3.27.v20190418.jar:/home/alex/.m2/repository/org/eclipse/jetty/jetty-security/9.3.27.v20190418/jetty-security-9.3.27.v20190418.jar:/home/alex/.m2/repository/org/eclipse/jetty/jetty-webapp/9.3.27.v20190418/jetty-webapp-9.3.27.v20190418.jar:/home/alex/.m2/repository/org/eclipse/jetty/jetty-xml/9.3.27.v20190418/jetty-xml-9.3.27.v20190418.jar:/home/alex/.m2/repository/javax/servlet/jsp/jsp-api/2.1/jsp-api-2.1.jar:/home/alex/.m2/repository/com/sun/jersey/jersey-core/1.19/jersey-core-1.19.jar:/home/alex/.m2/repository/javax/ws/rs/jsr311-api/1.1.1/jsr311-api-1.1.1.jar:/home/alex/.m2/repository/com/sun/jersey/jersey-servlet/1.19/jersey-servlet-1.19.jar:/home/alex/.m2/repository/com/sun/jersey/jersey-json/1.19/jersey-json-1.19.jar:/home/alex/.m2/repository/com/sun/xml/bind/jaxb-impl/2.2.3-1/jaxb-impl-2.2.3-1.jar:/home/alex/.m2/repository/org/codehaus/jackson/jackson-jaxrs/1.9.2/jackson-jaxrs-1.9.2.jar:/home/alex/.m2/repository/org/codehaus/jackson/jackson-xc/1.9.2/jackson-xc-1.9.2.jar:/home/alex/.m2/repository/com/sun/jersey/jersey-server/1.19/jersey-server-1.19.jar:/home/alex/.m2/repository/log4j/log4j/1.2.17/log4j-1.2.17.jar:/home/alex/.m2/repository/commons-lang/commons-lang/2.6/commons-lang-2.6.jar:/home/alex/.m2/repository/org/apache/commons/commons-configuration2/2.1.1/commons-configuration2-2.1.1.jar:/home/alex/.m2/repository/org/apache/hadoop/hadoop-auth/3.1.0/hadoop-auth-3.1.0.jar:/home/alex/.m2/repository/com/nimbusds/nimbus-jose-jwt/4.41.1/nimbus-jose-jwt-4.41.1.jar:/home/alex/.m2/repository/com/github/stephenc/jcip/jcip-annotations/1.0-1/jcip-annotations-1.0-1.jar:/home/alex/.m2/repository/com/jcraft/jsch/0.1.54/jsch-0.1.54.jar:/home/alex/.m2/repository/org/apache/htrace/htrace-core4/4.1.0-incubating/htrace-core4-4.1.0-incubating.jar:/home/alex/.m2/repository/org/apache/kerby/kerb-simplekdc/1.0.1/kerb-simplekdc-1.0.1.jar:/home/alex/.m2/repository/org/apache/kerby/kerb-client/1.0.1/kerb-client-1.0.1.jar:/home/alex/.m2/repository/org/apache/kerby/kerby-config/1.0.1/kerby-config-1.0.1.jar:/home/alex/.m2/repository/org/apache/kerby/kerb-core/1.0.1/kerb-core-1.0.1.jar:/home/alex/.m2/repository/org/apache/kerby/kerby-pkix/1.0.1/kerby-pkix-1.0.1.jar:/home/alex/.m2/repository/org/apache/kerby/kerby-asn1/1.0.1/kerby-asn1-1.0.1.jar:/home/alex/.m2/repository/org/apache/kerby/kerby-util/1.0.1/kerby-util-1.0.1.jar:/home/alex/.m2/repository/org/apache/kerby/kerb-common/1.0.1/kerb-common-1.0.1.jar:/home/alex/.m2/repository/org/apache/kerby/kerb-crypto/1.0.1/kerb-crypto-1.0.1.jar:/home/alex/.m2/repository/org/apache/kerby/kerb-util/1.0.1/kerb-util-1.0.1.jar:/home/alex/.m2/repository/org/apache/kerby/token-provider/1.0.1/token-provider-1.0.1.jar:/home/alex/.m2/repository/org/apache/kerby/kerb-admin/1.0.1/kerb-admin-1.0.1.jar:/home/alex/.m2/repository/org/apache/kerby/kerb-server/1.0.1/kerb-server-1.0.1.jar:/home/alex/.m2/repository/org/apache/kerby/kerb-identity/1.0.1/kerb-identity-1.0.1.jar:/home/alex/.m2/repository/org/apache/kerby/kerby-xdr/1.0.1/kerby-xdr-1.0.1.jar:/home/alex/.m2/repository/org/codehaus/woodstox/stax2-api/3.1.4/stax2-api-3.1.4.jar:/home/alex/.m2/repository/com/fasterxml/woodstox/woodstox-core/5.0.3/woodstox-core-5.0.3.jar:/home/alex/.m2/repository/org/apache/hadoop/hadoop-mapreduce-client-core/3.1.0/hadoop-mapreduce-client-core-3.1.0.jar:/home/alex/.m2/repository/org/apache/hadoop/hadoop-yarn-client/3.1.0/hadoop-yarn-client-3.1.0.jar:/home/alex/.m2/repository/org/apache/hadoop/hadoop-yarn-common/3.1.0/hadoop-yarn-common-3.1.0.jar:/home/alex/.m2/repository/javax/xml/bind/jaxb-api/2.2.11/jaxb-api-2.2.11.jar:/home/alex/.m2/repository/com/google/inject/guice/4.0/guice-4.0.jar:/home/alex/.m2/repository/aopalliance/aopalliance/1.0/aopalliance-1.0.jar:/home/alex/.m2/repository/com/sun/jersey/contribs/jersey-guice/1.19/jersey-guice-1.19.jar:/home/alex/.m2/repository/com/fasterxml/jackson/module/jackson-module-jaxb-annotations/2.12.0/jackson-module-jaxb-annotations-2.12.0.jar:/home/alex/.m2/repository/jakarta/xml/bind/jakarta.xml.bind-api/2.3.2/jakarta.xml.bind-api-2.3.2.jar:/home/alex/.m2/repository/jakarta/activation/jakarta.activation-api/1.2.1/jakarta.activation-api-1.2.1.jar:/home/alex/.m2/repository/org/apache/hadoop/hadoop-hdfs-client/3.1.0/hadoop-hdfs-client-3.1.0.jar:/home/alex/.m2/repository/com/squareup/okhttp/okhttp/2.7.5/okhttp-2.7.5.jar:/home/alex/.m2/repository/com/squareup/okio/okio/1.6.0/okio-1.6.0.jar:/home/alex/.m2/repository/com/google/inject/extensions/guice-servlet/4.0/guice-servlet-4.0.jar:/home/alex/.m2/repository/junit/junit/4.13/junit-4.13.jar:/home/alex/.m2/repository/org/hamcrest/hamcrest-core/1.3/hamcrest-core-1.3.jar:/home/alex/.m2/repository/org/junit/jupiter/junit-jupiter-engine/5.6.2/junit-jupiter-engine-5.6.2.jar:/home/alex/.m2/repository/org/apiguardian/apiguardian-api/1.1.0/apiguardian-api-1.1.0.jar:/home/alex/.m2/repository/org/junit/platform/junit-platform-engine/1.6.2/junit-platform-engine-1.6.2.jar:/home/alex/.m2/repository/org/opentest4j/opentest4j/1.2.0/opentest4j-1.2.0.jar:/home/alex/.m2/repository/org/junit/platform/junit-platform-commons/1.6.2/junit-platform-commons-1.6.2.jar:/home/alex/.m2/repository/org/junit/jupiter/junit-jupiter-api/5.6.2/junit-jupiter-api-5.6.2.jar:/home/alex/.m2/repository/org/junit/vintage/junit-vintage-engine/5.6.2/junit-vintage-engine-5.6.2.jar:/home/alex/Repositories/hive/cli/target/classes:/home/alex/Repositories/hive/service/target/classes:/home/alex/Repositories/hive/llap-server/target/classes:/home/alex/.m2/repository/com/lmax/disruptor/3.3.7/disruptor-3.3.7.jar:/home/alex/Repositories/hive/llap-common/target/test-classes:/home/alex/Repositories/hive/hplsql/target/classes:/home/alex/.m2/repository/org/antlr/antlr4-runtime/4.5/antlr4-runtime-4.5.jar:/home/alex/.m2/repository/org/abego/treelayout/org.abego.treelayout.core/1.0.1/org.abego.treelayout.core-1.0.1.jar:/home/alex/.m2/repository/javax/servlet/jsp/javax.servlet.jsp-api/2.3.1/javax.servlet.jsp-api-2.3.1.jar:/home/alex/.m2/repository/org/eclipse/jetty/jetty-runner/9.3.27.v20190418/jetty-runner-9.3.27.v20190418.jar:/home/alex/.m2/repository/org/eclipse/jetty/jetty-plus/9.3.27.v20190418/jetty-plus-9.3.27.v20190418.jar:/home/alex/.m2/repository/org/eclipse/jetty/jetty-annotations/9.3.27.v20190418/jetty-annotations-9.3.27.v20190418.jar:/home/alex/.m2/repository/org/ow2/asm/asm-commons/6.0/asm-commons-6.0.jar:/home/alex/.m2/repository/org/ow2/asm/asm-tree/6.0/asm-tree-6.0.jar:/home/alex/.m2/repository/org/eclipse/jetty/jetty-jaas/9.3.27.v20190418/jetty-jaas-9.3.27.v20190418.jar:/home/alex/.m2/repository/org/eclipse/jetty/websocket/websocket-server/9.3.27.v20190418/websocket-server-9.3.27.v20190418.jar:/home/alex/.m2/repository/org/eclipse/jetty/websocket/websocket-common/9.3.27.v20190418/websocket-common-9.3.27.v20190418.jar:/home/alex/.m2/repository/org/eclipse/jetty/websocket/websocket-api/9.3.27.v20190418/websocket-api-9.3.27.v20190418.jar:/home/alex/.m2/repository/org/eclipse/jetty/websocket/websocket-client/9.3.27.v20190418/websocket-client-9.3.27.v20190418.jar:/home/alex/.m2/repository/org/eclipse/jetty/websocket/websocket-servlet/9.3.27.v20190418/websocket-servlet-9.3.27.v20190418.jar:/home/alex/.m2/repository/org/eclipse/jetty/jetty-jndi/9.3.27.v20190418/jetty-jndi-9.3.27.v20190418.jar:/home/alex/.m2/repository/org/eclipse/jetty/apache-jsp/9.3.27.v20190418/apache-jsp-9.3.27.v20190418.jar:/home/alex/.m2/repository/org/eclipse/jetty/toolchain/jetty-schemas/3.1/jetty-schemas-3.1.jar:/home/alex/.m2/repository/org/eclipse/jdt/core/compiler/ecj/4.4.2/ecj-4.4.2.jar:/home/alex/.m2/repository/org/eclipse/jetty/apache-jstl/9.3.27.v20190418/apache-jstl-9.3.27.v20190418.jar:/home/alex/.m2/repository/org/apache/taglibs/taglibs-standard-spec/1.2.5/taglibs-standard-spec-1.2.5.jar:/home/alex/.m2/repository/org/apache/taglibs/taglibs-standard-impl/1.2.5/taglibs-standard-impl-1.2.5.jar:/home/alex/.m2/repository/org/bouncycastle/bcprov-jdk15on/1.64/bcprov-jdk15on-1.64.jar:/home/alex/.m2/repository/org/apache/santuario/xmlsec/2.2.1/xmlsec-2.2.1.jar:/home/alex/.m2/repository/org/jamon/jamon-runtime/2.3.1/jamon-runtime-2.3.1.jar:/home/alex/.m2/repository/jline/jline/2.14.6/jline-2.14.6.jar:/home/alex/Repositories/hive/standalone-metastore/metastore-server/target/test-classes:/home/alex/.m2/repository/org/apache/orc/orc-core/1.6.9/orc-core-1.6.9.jar:/home/alex/.m2/repository/org/apache/orc/orc-shims/1.6.9/orc-shims-1.6.9.jar:/home/alex/.m2/repository/io/airlift/aircompressor/0.19/aircompressor-0.19.jar:/home/alex/.m2/repository/org/jetbrains/annotations/17.0.0/annotations-17.0.0.jar:/home/alex/.m2/repository/org/threeten/threeten-extra/1.5.0/threeten-extra-1.5.0.jar:/home/alex/.m2/repository/com/github/joshelser/dropwizard-metrics-hadoop-metrics2-reporter/0.1.2/dropwizard-metrics-hadoop-metrics2-reporter-0.1.2.jar:/home/alex/.m2/repository/com/zaxxer/HikariCP/2.6.1/HikariCP-2.6.1.jar:/home/alex/.m2/repository/org/apache/commons/commons-dbcp2/2.7.0/commons-dbcp2-2.7.0.jar:/home/alex/.m2/repository/org/apache/commons/commons-pool2/2.7.0/commons-pool2-2.7.0.jar:/home/alex/.m2/repository/io/dropwizard/metrics/metrics-core/3.1.0/metrics-core-3.1.0.jar:/home/alex/.m2/repository/io/dropwizard/metrics/metrics-jvm/3.1.0/metrics-jvm-3.1.0.jar:/home/alex/.m2/repository/io/dropwizard/metrics/metrics-json/3.1.0/metrics-json-3.1.0.jar:/home/alex/.m2/repository/commons-beanutils/commons-beanutils/1.9.4/commons-beanutils-1.9.4.jar:/home/alex/.m2/repository/org/datanucleus/datanucleus-api-jdo/5.2.4/datanucleus-api-jdo-5.2.4.jar:/home/alex/.m2/repository/org/datanucleus/datanucleus-rdbms/5.2.4/datanucleus-rdbms-5.2.4.jar:/home/alex/.m2/repository/org/datanucleus/javax.jdo/3.2.0-release/javax.jdo-3.2.0-release.jar:/home/alex/.m2/repository/javax/transaction/javax.transaction-api/1.3/javax.transaction-api-1.3.jar:/home/alex/.m2/repository/org/glassfish/corba/glassfish-corba-omgapi/4.2.2/glassfish-corba-omgapi-4.2.2.jar:/home/alex/.m2/repository/sqlline/sqlline/1.9.0/sqlline-1.9.0.jar:/home/alex/.m2/repository/org/jline/jline-terminal/3.12.1/jline-terminal-3.12.1.jar:/home/alex/.m2/repository/org/jline/jline-reader/3.12.1/jline-reader-3.12.1.jar:/home/alex/.m2/repository/org/jline/jline-terminal-jansi/3.12.1/jline-terminal-jansi-3.12.1.jar:/home/alex/.m2/repository/org/fusesource/jansi/jansi/1.18/jansi-1.18.jar:/home/alex/.m2/repository/org/jline/jline-terminal-jna/3.12.1/jline-terminal-jna-3.12.1.jar:/home/alex/.m2/repository/net/java/dev/jna/jna/5.3.1/jna-5.3.1.jar:/home/alex/.m2/repository/org/jline/jline-builtins/3.12.1/jline-builtins-3.12.1.jar:/home/alex/.m2/repository/org/jline/jline-style/3.12.1/jline-style-3.12.1.jar:/home/alex/.m2/repository/commons-logging/commons-logging/1.1.3/commons-logging-1.1.3.jar:/home/alex/.m2/repository/com/cronutils/cron-utils/9.1.3/cron-utils-9.1.3.jar:/home/alex/.m2/repository/org/glassfish/javax.el/3.0.0/javax.el-3.0.0.jar:/home/alex/.m2/repository/com/oracle/database/jdbc/ojdbc8/21.3.0.0/ojdbc8-21.3.0.0.jar:/home/alex/.m2/repository/mysql/mysql-connector-java/8.0.27/mysql-connector-java-8.0.27.jar:/home/alex/.m2/repository/com/microsoft/sqlserver/mssql-jdbc/6.2.1.jre8/mssql-jdbc-6.2.1.jre8.jar:/home/alex/.m2/repository/org/postgresql/postgresql/42.2.14/postgresql-42.2.14.jar:/home/alex/.m2/repository/org/mockito/mockito-core/3.4.4/mockito-core-3.4.4.jar:/home/alex/.m2/repository/net/bytebuddy/byte-buddy/1.10.13/byte-buddy-1.10.13.jar:/home/alex/.m2/repository/net/bytebuddy/byte-buddy-agent/1.10.13/byte-buddy-agent-1.10.13.jar:/home/alex/.m2/repository/org/objenesis/objenesis/2.6/objenesis-2.6.jar:/home/alex/Repositories/hive/streaming/target/testconf:/home/alex/Repositories/hive/streaming/../conf:"/>
    <property name="java.vm.vendor" value="Private Build"/>
    <property name="hadoop.version" value="3.1.0"/>
    <property name="user.timezone" value="US/Pacific"/>
    <property name="test.local.warehouse.dir" value="pfile:///home/alex/Repositories/hive/streaming/target/localfs/warehouse"/>
    <property name="os.name" value="Linux"/>
    <property name="java.vm.specification.version" value="1.8"/>
    <property name="clustermode" value=""/>
    <property name="test.build.data" value="/home/alex/Repositories/hive/streaming/target/tmp"/>
    <property name="sun.java.launcher" value="SUN_STANDARD"/>
    <property name="user.country" value="US"/>
    <property name="test.data.files" value="/home/alex/Repositories/hive/streaming/../data/files"/>
    <property name="nondexLogging" value="CONFIG"/>
    <property name="surefire.test.class.path" value="/home/alex/Repositories/hive/streaming/target/test-classes:/home/alex/Repositories/hive/streaming/target/classes:/home/alex/Repositories/hive/serde/target/classes:/home/alex/Repositories/hive/common/target/classes:/home/alex/Repositories/hive/classification/target/classes:/home/alex/.m2/repository/org/eclipse/jetty/jetty-http/9.3.27.v20190418/jetty-http-9.3.27.v20190418.jar:/home/alex/.m2/repository/org/eclipse/jetty/jetty-rewrite/9.3.27.v20190418/jetty-rewrite-9.3.27.v20190418.jar:/home/alex/.m2/repository/org/eclipse/jetty/jetty-client/9.3.27.v20190418/jetty-client-9.3.27.v20190418.jar:/home/alex/.m2/repository/joda-time/joda-time/2.9.9/joda-time-2.9.9.jar:/home/alex/.m2/repository/org/apache/logging/log4j/log4j-web/2.13.2/log4j-web-2.13.2.jar:/home/alex/.m2/repository/net/sf/jpam/jpam/1.1/jpam-1.1.jar:/home/alex/Repositories/hive/service-rpc/target/classes:/home/alex/Repositories/hive/shims/aggregator/target/classes:/home/alex/Repositories/hive/shims/common/target/classes:/home/alex/Repositories/hive/shims/0.23/target/classes:/home/alex/.m2/repository/org/apache/hadoop/hadoop-yarn-server-resourcemanager/3.1.0/hadoop-yarn-server-resourcemanager-3.1.0.jar:/home/alex/.m2/repository/org/apache/hadoop/hadoop-yarn-server-common/3.1.0/hadoop-yarn-server-common-3.1.0.jar:/home/alex/.m2/repository/org/apache/geronimo/specs/geronimo-jcache_1.0_spec/1.0-alpha-1/geronimo-jcache_1.0_spec-1.0-alpha-1.jar:/home/alex/.m2/repository/org/ehcache/ehcache/3.3.1/ehcache-3.3.1.jar:/home/alex/.m2/repository/com/zaxxer/HikariCP-java7/2.4.12/HikariCP-java7-2.4.12.jar:/home/alex/.m2/repository/org/apache/hadoop/hadoop-yarn-server-applicationhistoryservice/3.1.0/hadoop-yarn-server-applicationhistoryservice-3.1.0.jar:/home/alex/.m2/repository/de/ruedigermoeller/fst/2.50/fst-2.50.jar:/home/alex/.m2/repository/com/cedarsoftware/java-util/1.9.0/java-util-1.9.0.jar:/home/alex/.m2/repository/com/cedarsoftware/json-io/2.5.1/json-io-2.5.1.jar:/home/alex/.m2/repository/org/fusesource/leveldbjni/leveldbjni-all/1.8/leveldbjni-all-1.8.jar:/home/alex/Repositories/hive/shims/scheduler/target/classes:/home/alex/Repositories/hive/storage-api/target/classes:/home/alex/.m2/repository/com/google/code/findbugs/jsr305/3.0.0/jsr305-3.0.0.jar:/home/alex/.m2/repository/commons-codec/commons-codec/1.15/commons-codec-1.15.jar:/home/alex/.m2/repository/org/apache/arrow/arrow-vector/0.15.1/arrow-vector-0.15.1.jar:/home/alex/.m2/repository/org/apache/arrow/arrow-format/0.15.1/arrow-format-0.15.1.jar:/home/alex/.m2/repository/org/apache/arrow/arrow-memory/0.15.1/arrow-memory-0.15.1.jar:/home/alex/.m2/repository/com/google/flatbuffers/flatbuffers-java/1.9.0/flatbuffers-java-1.9.0.jar:/home/alex/.m2/repository/com/carrotsearch/hppc/0.7.2/hppc-0.7.2.jar:/home/alex/.m2/repository/com/github/davidmoten/flatbuffers-java/1.6.0.1/flatbuffers-java-1.6.0.1.jar:/home/alex/.m2/repository/org/apache/avro/avro/1.8.2/avro-1.8.2.jar:/home/alex/.m2/repository/org/codehaus/jackson/jackson-core-asl/1.9.13/jackson-core-asl-1.9.13.jar:/home/alex/.m2/repository/org/codehaus/jackson/jackson-mapper-asl/1.9.13/jackson-mapper-asl-1.9.13.jar:/home/alex/.m2/repository/com/thoughtworks/paranamer/paranamer/2.8/paranamer-2.8.jar:/home/alex/.m2/repository/org/xerial/snappy/snappy-java/1.1.4/snappy-java-1.1.4.jar:/home/alex/.m2/repository/org/tukaani/xz/1.5/xz-1.5.jar:/home/alex/.m2/repository/org/apache/thrift/libthrift/0.14.1/libthrift-0.14.1.jar:/home/alex/.m2/repository/org/apache/httpcomponents/httpclient/4.5.13/httpclient-4.5.13.jar:/home/alex/.m2/repository/org/apache/httpcomponents/httpcore/4.4.13/httpcore-4.4.13.jar:/home/alex/.m2/repository/org/apache/tomcat/embed/tomcat-embed-core/8.5.46/tomcat-embed-core-8.5.46.jar:/home/alex/.m2/repository/org/apache/tomcat/tomcat-annotations-api/8.5.46/tomcat-annotations-api-8.5.46.jar:/home/alex/.m2/repository/javax/annotation/javax.annotation-api/1.3.2/javax.annotation-api-1.3.2.jar:/home/alex/.m2/repository/net/sf/opencsv/opencsv/2.3/opencsv-2.3.jar:/home/alex/.m2/repository/org/apache/parquet/parquet-hadoop-bundle/1.11.1/parquet-hadoop-bundle-1.11.1.jar:/home/alex/Repositories/hive/metastore/target/classes:/home/alex/Repositories/hive/standalone-metastore/metastore-common/target/classes:/home/alex/.m2/repository/com/github/ben-manes/caffeine/caffeine/2.8.4/caffeine-2.8.4.jar:/home/alex/.m2/repository/org/checkerframework/checker-qual/3.4.0/checker-qual-3.4.0.jar:/home/alex/.m2/repository/com/google/errorprone/error_prone_annotations/2.3.4/error_prone_annotations-2.3.4.jar:/home/alex/.m2/repository/org/apache/curator/curator-recipes/4.2.0/curator-recipes-4.2.0.jar:/home/alex/.m2/repository/javolution/javolution/5.5.1/javolution-5.5.1.jar:/home/alex/.m2/repository/com/google/guava/guava/19.0/guava-19.0.jar:/home/alex/.m2/repository/commons-cli/commons-cli/1.4/commons-cli-1.4.jar:/home/alex/.m2/repository/org/apache/derby/derby/10.14.1.0/derby-10.14.1.0.jar:/home/alex/.m2/repository/org/antlr/antlr-runtime/3.5.2/antlr-runtime-3.5.2.jar:/home/alex/.m2/repository/org/apache/thrift/libfb303/0.9.3/libfb303-0.9.3.jar:/home/alex/Repositories/hive/ql/target/classes:/home/alex/.m2/repository/org/apache/atlas/atlas-client-v2/2.1.0/atlas-client-v2-2.1.0.jar:/home/alex/.m2/repository/cglib/cglib/2.2.2/cglib-2.2.2.jar:/home/alex/.m2/repository/asm/asm/3.3.1/asm-3.3.1.jar:/home/alex/.m2/repository/org/apache/atlas/atlas-client-common/2.1.0/atlas-client-common-2.1.0.jar:/home/alex/.m2/repository/com/sun/jersey/jersey-client/1.19/jersey-client-1.19.jar:/home/alex/.m2/repository/org/apache/atlas/atlas-intg/2.1.0/atlas-intg-2.1.0.jar:/home/alex/.m2/repository/commons-validator/commons-validator/1.6/commons-validator-1.6.jar:/home/alex/.m2/repository/commons-digester/commons-digester/1.8.1/commons-digester-1.8.1.jar:/home/alex/.m2/repository/com/fasterxml/jackson/jaxrs/jackson-jaxrs-base/2.12.0/jackson-jaxrs-base-2.12.0.jar:/home/alex/.m2/repository/com/fasterxml/jackson/jaxrs/jackson-jaxrs-json-provider/2.12.0/jackson-jaxrs-json-provider-2.12.0.jar:/home/alex/.m2/repository/javax/inject/javax.inject/1/javax.inject-1.jar:/home/alex/.m2/repository/org/springframework/spring-context/4.3.20.RELEASE/spring-context-4.3.20.RELEASE.jar:/home/alex/.m2/repository/org/springframework/spring-aop/4.3.20.RELEASE/spring-aop-4.3.20.RELEASE.jar:/home/alex/.m2/repository/org/springframework/spring-beans/4.3.20.RELEASE/spring-beans-4.3.20.RELEASE.jar:/home/alex/.m2/repository/org/springframework/spring-core/4.3.20.RELEASE/spring-core-4.3.20.RELEASE.jar:/home/alex/.m2/repository/org/springframework/spring-expression/4.3.20.RELEASE/spring-expression-4.3.20.RELEASE.jar:/home/alex/.m2/repository/commons-configuration/commons-configuration/1.10/commons-configuration-1.10.jar:/home/alex/.m2/repository/org/apache/commons/commons-math3/3.6.1/commons-math3-3.6.1.jar:/home/alex/Repositories/hive/vector-code-gen/target/classes:/home/alex/.m2/repository/org/apache/velocity/velocity/1.5/velocity-1.5.jar:/home/alex/.m2/repository/oro/oro/2.0.8/oro-2.0.8.jar:/home/alex/Repositories/hive/parser/target/classes:/home/alex/Repositories/hive/udf/target/classes:/home/alex/Repositories/hive/llap-client/target/classes:/home/alex/Repositories/hive/llap-common/target/classes:/home/alex/.m2/repository/io/jsonwebtoken/jjwt-api/0.10.5/jjwt-api-0.10.5.jar:/home/alex/.m2/repository/io/jsonwebtoken/jjwt-impl/0.10.5/jjwt-impl-0.10.5.jar:/home/alex/.m2/repository/io/jsonwebtoken/jjwt-jackson/0.10.5/jjwt-jackson-0.10.5.jar:/home/alex/Repositories/hive/llap-tez/target/classes:/home/alex/Repositories/hive/spark-client/target/classes:/home/alex/.m2/repository/io/netty/netty-all/4.1.65.Final/netty-all-4.1.65.Final.jar:/home/alex/.m2/repository/com/fasterxml/jackson/module/jackson-module-scala_2.12/2.12.0/jackson-module-scala_2.12-2.12.0.jar:/home/alex/.m2/repository/org/scala-lang/scala-library/2.12.10/scala-library-2.12.10.jar:/home/alex/.m2/repository/org/apache/spark/spark-core_2.12/2.4.5/spark-core_2.12-2.4.5.jar:/home/alex/.m2/repository/com/twitter/chill_2.12/0.9.3/chill_2.12-0.9.3.jar:/home/alex/.m2/repository/com/twitter/chill-java/0.9.3/chill-java-0.9.3.jar:/home/alex/.m2/repository/org/apache/xbean/xbean-asm6-shaded/4.8/xbean-asm6-shaded-4.8.jar:/home/alex/.m2/repository/org/apache/hadoop/hadoop-client/3.1.0/hadoop-client-3.1.0.jar:/home/alex/.m2/repository/org/apache/hadoop/hadoop-mapreduce-client-jobclient/3.1.0/hadoop-mapreduce-client-jobclient-3.1.0.jar:/home/alex/.m2/repository/org/apache/hadoop/hadoop-mapreduce-client-common/3.1.0/hadoop-mapreduce-client-common-3.1.0.jar:/home/alex/.m2/repository/org/apache/spark/spark-launcher_2.12/2.4.5/spark-launcher_2.12-2.4.5.jar:/home/alex/.m2/repository/org/apache/spark/spark-kvstore_2.12/2.4.5/spark-kvstore_2.12-2.4.5.jar:/home/alex/.m2/repository/org/apache/spark/spark-network-common_2.12/2.4.5/spark-network-common_2.12-2.4.5.jar:/home/alex/.m2/repository/org/apache/spark/spark-network-shuffle_2.12/2.4.5/spark-network-shuffle_2.12-2.4.5.jar:/home/alex/.m2/repository/org/apache/spark/spark-unsafe_2.12/2.4.5/spark-unsafe_2.12-2.4.5.jar:/home/alex/.m2/repository/javax/activation/activation/1.1.1/activation-1.1.1.jar:/home/alex/.m2/repository/org/slf4j/jul-to-slf4j/1.7.16/jul-to-slf4j-1.7.16.jar:/home/alex/.m2/repository/org/slf4j/jcl-over-slf4j/1.7.16/jcl-over-slf4j-1.7.16.jar:/home/alex/.m2/repository/com/ning/compress-lzf/1.0.3/compress-lzf-1.0.3.jar:/home/alex/.m2/repository/org/roaringbitmap/RoaringBitmap/0.7.45/RoaringBitmap-0.7.45.jar:/home/alex/.m2/repository/org/roaringbitmap/shims/0.7.45/shims-0.7.45.jar:/home/alex/.m2/repository/org/json4s/json4s-jackson_2.12/3.5.3/json4s-jackson_2.12-3.5.3.jar:/home/alex/.m2/repository/org/json4s/json4s-core_2.12/3.5.3/json4s-core_2.12-3.5.3.jar:/home/alex/.m2/repository/org/json4s/json4s-ast_2.12/3.5.3/json4s-ast_2.12-3.5.3.jar:/home/alex/.m2/repository/org/json4s/json4s-scalap_2.12/3.5.3/json4s-scalap_2.12-3.5.3.jar:/home/alex/.m2/repository/org/scala-lang/modules/scala-xml_2.12/1.0.6/scala-xml_2.12-1.0.6.jar:/home/alex/.m2/repository/com/clearspring/analytics/stream/2.7.0/stream-2.7.0.jar:/home/alex/.m2/repository/io/dropwizard/metrics/metrics-graphite/3.1.5/metrics-graphite-3.1.5.jar:/home/alex/.m2/repository/net/razorvine/pyrolite/4.13/pyrolite-4.13.jar:/home/alex/.m2/repository/net/sf/py4j/py4j/0.10.7/py4j-0.10.7.jar:/home/alex/.m2/repository/org/apache/spark/spark-tags_2.12/2.4.5/spark-tags_2.12-2.4.5.jar:/home/alex/.m2/repository/org/apache/commons/commons-crypto/1.0.0/commons-crypto-1.0.0.jar:/home/alex/.m2/repository/org/spark-project/spark/unused/1.0.0/unused-1.0.0.jar:/home/alex/.m2/repository/org/apache/spark/spark-yarn_2.12/2.4.5/spark-yarn_2.12-2.4.5.jar:/home/alex/.m2/repository/org/apache/hadoop/hadoop-yarn-server-web-proxy/3.1.0/hadoop-yarn-server-web-proxy-3.1.0.jar:/home/alex/.m2/repository/com/amazonaws/secretsmanager/aws-secretsmanager-caching-java/1.0.1/aws-secretsmanager-caching-java-1.0.1.jar:/home/alex/.m2/repository/com/esotericsoftware/kryo/5.0.3/kryo-5.0.3.jar:/home/alex/.m2/repository/com/esotericsoftware/minlog/1.3.1/minlog-1.3.1.jar:/home/alex/.m2/repository/com/esotericsoftware/reflectasm/1.11.9/reflectasm-1.11.9.jar:/home/alex/.m2/repository/com/google/protobuf/protobuf-java/2.5.0/protobuf-java-2.5.0.jar:/home/alex/.m2/repository/commons-io/commons-io/2.6/commons-io-2.6.jar:/home/alex/.m2/repository/org/apache/commons/commons-collections4/4.1/commons-collections4-4.1.jar:/home/alex/.m2/repository/org/apache/commons/commons-lang3/3.9/commons-lang3-3.9.jar:/home/alex/.m2/repository/org/apache/commons/commons-text/1.8/commons-text-1.8.jar:/home/alex/.m2/repository/org/apache/logging/log4j/log4j-1.2-api/2.13.2/log4j-1.2-api-2.13.2.jar:/home/alex/.m2/repository/org/apache/logging/log4j/log4j-api/2.13.2/log4j-api-2.13.2.jar:/home/alex/.m2/repository/org/apache/logging/log4j/log4j-core/2.13.2/log4j-core-2.13.2.jar:/home/alex/.m2/repository/org/apache/logging/log4j/log4j-slf4j-impl/2.13.2/log4j-slf4j-impl-2.13.2.jar:/home/alex/.m2/repository/org/antlr/ST4/4.0.4/ST4-4.0.4.jar:/home/alex/.m2/repository/org/apache/avro/avro-mapred/1.8.2/avro-mapred-1.8.2-hadoop2.jar:/home/alex/.m2/repository/org/apache/avro/avro-ipc/1.8.2/avro-ipc-1.8.2.jar:/home/alex/.m2/repository/org/mortbay/jetty/jetty/6.1.26/jetty-6.1.26.jar:/home/alex/.m2/repository/org/apache/ant/ant/1.9.1/ant-1.9.1.jar:/home/alex/.m2/repository/org/apache/ant/ant-launcher/1.9.1/ant-launcher-1.9.1.jar:/home/alex/.m2/repository/org/apache/commons/commons-compress/1.21/commons-compress-1.21.jar:/home/alex/.m2/repository/org/apache/hadoop/hadoop-yarn-registry/3.1.0/hadoop-yarn-registry-3.1.0.jar:/home/alex/.m2/repository/org/apache/hadoop/hadoop-yarn-api/3.1.0/hadoop-yarn-api-3.1.0.jar:/home/alex/.m2/repository/org/apache/curator/curator-client/4.2.0/curator-client-4.2.0.jar:/home/alex/.m2/repository/commons-daemon/commons-daemon/1.0.13/commons-daemon-1.0.13.jar:/home/alex/.m2/repository/dnsjava/dnsjava/2.1.7/dnsjava-2.1.7.jar:/home/alex/.m2/repository/org/apache/orc/orc-tools/1.6.9/orc-tools-1.6.9.jar:/home/alex/.m2/repository/com/opencsv/opencsv/3.9/opencsv-3.9.jar:/home/alex/.m2/repository/org/apache/hadoop/hadoop-hdfs/3.1.0/hadoop-hdfs-3.1.0.jar:/home/alex/.m2/repository/org/eclipse/jetty/jetty-util-ajax/9.3.19.v20170502/jetty-util-ajax-9.3.19.v20170502.jar:/home/alex/.m2/repository/org/codehaus/jettison/jettison/1.1/jettison-1.1.jar:/home/alex/.m2/repository/org/threeten/threetenbp/1.3.5/threetenbp-1.3.5.jar:/home/alex/.m2/repository/org/apache/ivy/ivy/2.4.0/ivy-2.4.0.jar:/home/alex/.m2/repository/org/apache/zookeeper/zookeeper/3.5.5/zookeeper-3.5.5.jar:/home/alex/.m2/repository/org/apache/zookeeper/zookeeper-jute/3.5.5/zookeeper-jute-3.5.5.jar:/home/alex/.m2/repository/org/apache/yetus/audience-annotations/0.5.0/audience-annotations-0.5.0.jar:/home/alex/.m2/repository/org/apache/curator/curator-framework/4.2.0/curator-framework-4.2.0.jar:/home/alex/.m2/repository/org/apache/datasketches/datasketches-hive/1.1.0-incubating/datasketches-hive-1.1.0-incubating.jar:/home/alex/.m2/repository/org/apache/datasketches/datasketches-java/1.3.0-incubating/datasketches-java-1.3.0-incubating.jar:/home/alex/.m2/repository/org/apache/datasketches/datasketches-memory/1.2.0-incubating/datasketches-memory-1.2.0-incubating.jar:/home/alex/.m2/repository/org/slf4j/slf4j-simple/1.7.27/slf4j-simple-1.7.27.jar:/home/alex/.m2/repository/org/codehaus/groovy/groovy-all/2.4.11/groovy-all-2.4.11.jar:/home/alex/.m2/repository/org/jodd/jodd-util/6.0.0/jodd-util-6.0.0.jar:/home/alex/.m2/repository/com/fasterxml/jackson/core/jackson-annotations/2.12.0/jackson-annotations-2.12.0.jar:/home/alex/.m2/repository/com/fasterxml/jackson/core/jackson-core/2.12.0/jackson-core-2.12.0.jar:/home/alex/.m2/repository/com/fasterxml/jackson/core/jackson-databind/2.12.0/jackson-databind-2.12.0.jar:/home/alex/.m2/repository/com/fasterxml/jackson/dataformat/jackson-dataformat-yaml/2.12.0/jackson-dataformat-yaml-2.12.0.jar:/home/alex/.m2/repository/org/yaml/snakeyaml/1.27/snakeyaml-1.27.jar:/home/alex/.m2/repository/org/datanucleus/datanucleus-core/5.2.4/datanucleus-core-5.2.4.jar:/home/alex/.m2/repository/org/apache/calcite/calcite-core/1.25.0/calcite-core-1.25.0.jar:/home/alex/.m2/repository/org/apache/calcite/calcite-linq4j/1.25.0/calcite-linq4j-1.25.0.jar:/home/alex/.m2/repository/com/esri/geometry/esri-geometry-api/2.2.0/esri-geometry-api-2.2.0.jar:/home/alex/.m2/repository/com/yahoo/datasketches/sketches-core/0.9.0/sketches-core-0.9.0.jar:/home/alex/.m2/repository/com/yahoo/datasketches/memory/0.9.0/memory-0.9.0.jar:/home/alex/.m2/repository/org/apache/calcite/calcite-druid/1.25.0/calcite-druid-1.25.0.jar:/home/alex/.m2/repository/org/apache/calcite/avatica/avatica/1.12.0/avatica-1.12.0.jar:/home/alex/.m2/repository/com/googlecode/javaewah/JavaEWAH/0.3.2/JavaEWAH-0.3.2.jar:/home/alex/.m2/repository/com/google/code/gson/gson/2.2.4/gson-2.2.4.jar:/home/alex/.m2/repository/com/tdunning/json/1.8/json-1.8.jar:/home/alex/.m2/repository/stax/stax-api/1.0.1/stax-api-1.0.1.jar:/home/alex/Repositories/hive/standalone-metastore/metastore-server/target/classes:/home/alex/.m2/repository/com/google/re2j/re2j/1.2/re2j-1.2.jar:/home/alex/.m2/repository/org/reflections/reflections/0.9.10/reflections-0.9.10.jar:/home/alex/.m2/repository/org/javassist/javassist/3.19.0-GA/javassist-3.19.0-GA.jar:/home/alex/.m2/repository/com/jayway/jsonpath/json-path/2.4.0/json-path-2.4.0.jar:/home/alex/.m2/repository/net/minidev/json-smart/2.3/json-smart-2.3.jar:/home/alex/.m2/repository/net/minidev/accessors-smart/1.2/accessors-smart-1.2.jar:/home/alex/.m2/repository/org/ow2/asm/asm/5.0.4/asm-5.0.4.jar:/home/alex/.m2/repository/org/codehaus/janino/commons-compiler/3.0.11/commons-compiler-3.0.11.jar:/home/alex/.m2/repository/org/codehaus/janino/janino/3.0.11/janino-3.0.11.jar:/home/alex/.m2/repository/com/sun/jersey/contribs/jersey-multipart/1.19/jersey-multipart-1.19.jar:/home/alex/.m2/repository/org/jvnet/mimepull/mimepull/1.9.3/mimepull-1.9.3.jar:/home/alex/.m2/repository/org/apache/kafka/kafka-clients/2.5.0/kafka-clients-2.5.0.jar:/home/alex/.m2/repository/com/github/luben/zstd-jni/1.4.4-7/zstd-jni-1.4.4-7.jar:/home/alex/.m2/repository/org/lz4/lz4-java/1.7.1/lz4-java-1.7.1.jar:/home/alex/.m2/repository/org/slf4j/slf4j-api/1.7.30/slf4j-api-1.7.30.jar:/home/alex/.m2/repository/org/apache/hadoop/hadoop-common/3.1.0/hadoop-common-3.1.0.jar:/home/alex/.m2/repository/org/apache/hadoop/hadoop-annotations/3.1.0/hadoop-annotations-3.1.0.jar:/usr/lib/jvm/java-8-openjdk-amd64/jre/../lib/tools.jar:/home/alex/.m2/repository/commons-net/commons-net/3.6/commons-net-3.6.jar:/home/alex/.m2/repository/commons-collections/commons-collections/3.2.2/commons-collections-3.2.2.jar:/home/alex/.m2/repository/javax/servlet/javax.servlet-api/3.1.0/javax.servlet-api-3.1.0.jar:/home/alex/.m2/repository/org/eclipse/jetty/jetty-server/9.3.27.v20190418/jetty-server-9.3.27.v20190418.jar:/home/alex/.m2/repository/org/eclipse/jetty/jetty-io/9.3.27.v20190418/jetty-io-9.3.27.v20190418.jar:/home/alex/.m2/repository/org/eclipse/jetty/jetty-util/9.3.27.v20190418/jetty-util-9.3.27.v20190418.jar:/home/alex/.m2/repository/org/eclipse/jetty/jetty-servlet/9.3.27.v20190418/jetty-servlet-9.3.27.v20190418.jar:/home/alex/.m2/repository/org/eclipse/jetty/jetty-security/9.3.27.v20190418/jetty-security-9.3.27.v20190418.jar:/home/alex/.m2/repository/org/eclipse/jetty/jetty-webapp/9.3.27.v20190418/jetty-webapp-9.3.27.v20190418.jar:/home/alex/.m2/repository/org/eclipse/jetty/jetty-xml/9.3.27.v20190418/jetty-xml-9.3.27.v20190418.jar:/home/alex/.m2/repository/javax/servlet/jsp/jsp-api/2.1/jsp-api-2.1.jar:/home/alex/.m2/repository/com/sun/jersey/jersey-core/1.19/jersey-core-1.19.jar:/home/alex/.m2/repository/javax/ws/rs/jsr311-api/1.1.1/jsr311-api-1.1.1.jar:/home/alex/.m2/repository/com/sun/jersey/jersey-servlet/1.19/jersey-servlet-1.19.jar:/home/alex/.m2/repository/com/sun/jersey/jersey-json/1.19/jersey-json-1.19.jar:/home/alex/.m2/repository/com/sun/xml/bind/jaxb-impl/2.2.3-1/jaxb-impl-2.2.3-1.jar:/home/alex/.m2/repository/org/codehaus/jackson/jackson-jaxrs/1.9.2/jackson-jaxrs-1.9.2.jar:/home/alex/.m2/repository/org/codehaus/jackson/jackson-xc/1.9.2/jackson-xc-1.9.2.jar:/home/alex/.m2/repository/com/sun/jersey/jersey-server/1.19/jersey-server-1.19.jar:/home/alex/.m2/repository/log4j/log4j/1.2.17/log4j-1.2.17.jar:/home/alex/.m2/repository/commons-lang/commons-lang/2.6/commons-lang-2.6.jar:/home/alex/.m2/repository/org/apache/commons/commons-configuration2/2.1.1/commons-configuration2-2.1.1.jar:/home/alex/.m2/repository/org/apache/hadoop/hadoop-auth/3.1.0/hadoop-auth-3.1.0.jar:/home/alex/.m2/repository/com/nimbusds/nimbus-jose-jwt/4.41.1/nimbus-jose-jwt-4.41.1.jar:/home/alex/.m2/repository/com/github/stephenc/jcip/jcip-annotations/1.0-1/jcip-annotations-1.0-1.jar:/home/alex/.m2/repository/com/jcraft/jsch/0.1.54/jsch-0.1.54.jar:/home/alex/.m2/repository/org/apache/htrace/htrace-core4/4.1.0-incubating/htrace-core4-4.1.0-incubating.jar:/home/alex/.m2/repository/org/apache/kerby/kerb-simplekdc/1.0.1/kerb-simplekdc-1.0.1.jar:/home/alex/.m2/repository/org/apache/kerby/kerb-client/1.0.1/kerb-client-1.0.1.jar:/home/alex/.m2/repository/org/apache/kerby/kerby-config/1.0.1/kerby-config-1.0.1.jar:/home/alex/.m2/repository/org/apache/kerby/kerb-core/1.0.1/kerb-core-1.0.1.jar:/home/alex/.m2/repository/org/apache/kerby/kerby-pkix/1.0.1/kerby-pkix-1.0.1.jar:/home/alex/.m2/repository/org/apache/kerby/kerby-asn1/1.0.1/kerby-asn1-1.0.1.jar:/home/alex/.m2/repository/org/apache/kerby/kerby-util/1.0.1/kerby-util-1.0.1.jar:/home/alex/.m2/repository/org/apache/kerby/kerb-common/1.0.1/kerb-common-1.0.1.jar:/home/alex/.m2/repository/org/apache/kerby/kerb-crypto/1.0.1/kerb-crypto-1.0.1.jar:/home/alex/.m2/repository/org/apache/kerby/kerb-util/1.0.1/kerb-util-1.0.1.jar:/home/alex/.m2/repository/org/apache/kerby/token-provider/1.0.1/token-provider-1.0.1.jar:/home/alex/.m2/repository/org/apache/kerby/kerb-admin/1.0.1/kerb-admin-1.0.1.jar:/home/alex/.m2/repository/org/apache/kerby/kerb-server/1.0.1/kerb-server-1.0.1.jar:/home/alex/.m2/repository/org/apache/kerby/kerb-identity/1.0.1/kerb-identity-1.0.1.jar:/home/alex/.m2/repository/org/apache/kerby/kerby-xdr/1.0.1/kerby-xdr-1.0.1.jar:/home/alex/.m2/repository/org/codehaus/woodstox/stax2-api/3.1.4/stax2-api-3.1.4.jar:/home/alex/.m2/repository/com/fasterxml/woodstox/woodstox-core/5.0.3/woodstox-core-5.0.3.jar:/home/alex/.m2/repository/org/apache/hadoop/hadoop-mapreduce-client-core/3.1.0/hadoop-mapreduce-client-core-3.1.0.jar:/home/alex/.m2/repository/org/apache/hadoop/hadoop-yarn-client/3.1.0/hadoop-yarn-client-3.1.0.jar:/home/alex/.m2/repository/org/apache/hadoop/hadoop-yarn-common/3.1.0/hadoop-yarn-common-3.1.0.jar:/home/alex/.m2/repository/javax/xml/bind/jaxb-api/2.2.11/jaxb-api-2.2.11.jar:/home/alex/.m2/repository/com/google/inject/guice/4.0/guice-4.0.jar:/home/alex/.m2/repository/aopalliance/aopalliance/1.0/aopalliance-1.0.jar:/home/alex/.m2/repository/com/sun/jersey/contribs/jersey-guice/1.19/jersey-guice-1.19.jar:/home/alex/.m2/repository/com/fasterxml/jackson/module/jackson-module-jaxb-annotations/2.12.0/jackson-module-jaxb-annotations-2.12.0.jar:/home/alex/.m2/repository/jakarta/xml/bind/jakarta.xml.bind-api/2.3.2/jakarta.xml.bind-api-2.3.2.jar:/home/alex/.m2/repository/jakarta/activation/jakarta.activation-api/1.2.1/jakarta.activation-api-1.2.1.jar:/home/alex/.m2/repository/org/apache/hadoop/hadoop-hdfs-client/3.1.0/hadoop-hdfs-client-3.1.0.jar:/home/alex/.m2/repository/com/squareup/okhttp/okhttp/2.7.5/okhttp-2.7.5.jar:/home/alex/.m2/repository/com/squareup/okio/okio/1.6.0/okio-1.6.0.jar:/home/alex/.m2/repository/com/google/inject/extensions/guice-servlet/4.0/guice-servlet-4.0.jar:/home/alex/.m2/repository/junit/junit/4.13/junit-4.13.jar:/home/alex/.m2/repository/org/hamcrest/hamcrest-core/1.3/hamcrest-core-1.3.jar:/home/alex/.m2/repository/org/junit/jupiter/junit-jupiter-engine/5.6.2/junit-jupiter-engine-5.6.2.jar:/home/alex/.m2/repository/org/apiguardian/apiguardian-api/1.1.0/apiguardian-api-1.1.0.jar:/home/alex/.m2/repository/org/junit/platform/junit-platform-engine/1.6.2/junit-platform-engine-1.6.2.jar:/home/alex/.m2/repository/org/opentest4j/opentest4j/1.2.0/opentest4j-1.2.0.jar:/home/alex/.m2/repository/org/junit/platform/junit-platform-commons/1.6.2/junit-platform-commons-1.6.2.jar:/home/alex/.m2/repository/org/junit/jupiter/junit-jupiter-api/5.6.2/junit-jupiter-api-5.6.2.jar:/home/alex/.m2/repository/org/junit/vintage/junit-vintage-engine/5.6.2/junit-vintage-engine-5.6.2.jar:/home/alex/Repositories/hive/cli/target/classes:/home/alex/Repositories/hive/service/target/classes:/home/alex/Repositories/hive/llap-server/target/classes:/home/alex/.m2/repository/com/lmax/disruptor/3.3.7/disruptor-3.3.7.jar:/home/alex/Repositories/hive/llap-common/target/test-classes:/home/alex/Repositories/hive/hplsql/target/classes:/home/alex/.m2/repository/org/antlr/antlr4-runtime/4.5/antlr4-runtime-4.5.jar:/home/alex/.m2/repository/org/abego/treelayout/org.abego.treelayout.core/1.0.1/org.abego.treelayout.core-1.0.1.jar:/home/alex/.m2/repository/javax/servlet/jsp/javax.servlet.jsp-api/2.3.1/javax.servlet.jsp-api-2.3.1.jar:/home/alex/.m2/repository/org/eclipse/jetty/jetty-runner/9.3.27.v20190418/jetty-runner-9.3.27.v20190418.jar:/home/alex/.m2/repository/org/eclipse/jetty/jetty-plus/9.3.27.v20190418/jetty-plus-9.3.27.v20190418.jar:/home/alex/.m2/repository/org/eclipse/jetty/jetty-annotations/9.3.27.v20190418/jetty-annotations-9.3.27.v20190418.jar:/home/alex/.m2/repository/org/ow2/asm/asm-commons/6.0/asm-commons-6.0.jar:/home/alex/.m2/repository/org/ow2/asm/asm-tree/6.0/asm-tree-6.0.jar:/home/alex/.m2/repository/org/eclipse/jetty/jetty-jaas/9.3.27.v20190418/jetty-jaas-9.3.27.v20190418.jar:/home/alex/.m2/repository/org/eclipse/jetty/websocket/websocket-server/9.3.27.v20190418/websocket-server-9.3.27.v20190418.jar:/home/alex/.m2/repository/org/eclipse/jetty/websocket/websocket-common/9.3.27.v20190418/websocket-common-9.3.27.v20190418.jar:/home/alex/.m2/repository/org/eclipse/jetty/websocket/websocket-api/9.3.27.v20190418/websocket-api-9.3.27.v20190418.jar:/home/alex/.m2/repository/org/eclipse/jetty/websocket/websocket-client/9.3.27.v20190418/websocket-client-9.3.27.v20190418.jar:/home/alex/.m2/repository/org/eclipse/jetty/websocket/websocket-servlet/9.3.27.v20190418/websocket-servlet-9.3.27.v20190418.jar:/home/alex/.m2/repository/org/eclipse/jetty/jetty-jndi/9.3.27.v20190418/jetty-jndi-9.3.27.v20190418.jar:/home/alex/.m2/repository/org/eclipse/jetty/apache-jsp/9.3.27.v20190418/apache-jsp-9.3.27.v20190418.jar:/home/alex/.m2/repository/org/eclipse/jetty/toolchain/jetty-schemas/3.1/jetty-schemas-3.1.jar:/home/alex/.m2/repository/org/eclipse/jdt/core/compiler/ecj/4.4.2/ecj-4.4.2.jar:/home/alex/.m2/repository/org/eclipse/jetty/apache-jstl/9.3.27.v20190418/apache-jstl-9.3.27.v20190418.jar:/home/alex/.m2/repository/org/apache/taglibs/taglibs-standard-spec/1.2.5/taglibs-standard-spec-1.2.5.jar:/home/alex/.m2/repository/org/apache/taglibs/taglibs-standard-impl/1.2.5/taglibs-standard-impl-1.2.5.jar:/home/alex/.m2/repository/org/bouncycastle/bcprov-jdk15on/1.64/bcprov-jdk15on-1.64.jar:/home/alex/.m2/repository/org/apache/santuario/xmlsec/2.2.1/xmlsec-2.2.1.jar:/home/alex/.m2/repository/org/jamon/jamon-runtime/2.3.1/jamon-runtime-2.3.1.jar:/home/alex/.m2/repository/jline/jline/2.14.6/jline-2.14.6.jar:/home/alex/Repositories/hive/standalone-metastore/metastore-server/target/test-classes:/home/alex/.m2/repository/org/apache/orc/orc-core/1.6.9/orc-core-1.6.9.jar:/home/alex/.m2/repository/org/apache/orc/orc-shims/1.6.9/orc-shims-1.6.9.jar:/home/alex/.m2/repository/io/airlift/aircompressor/0.19/aircompressor-0.19.jar:/home/alex/.m2/repository/org/jetbrains/annotations/17.0.0/annotations-17.0.0.jar:/home/alex/.m2/repository/org/threeten/threeten-extra/1.5.0/threeten-extra-1.5.0.jar:/home/alex/.m2/repository/com/github/joshelser/dropwizard-metrics-hadoop-metrics2-reporter/0.1.2/dropwizard-metrics-hadoop-metrics2-reporter-0.1.2.jar:/home/alex/.m2/repository/com/zaxxer/HikariCP/2.6.1/HikariCP-2.6.1.jar:/home/alex/.m2/repository/org/apache/commons/commons-dbcp2/2.7.0/commons-dbcp2-2.7.0.jar:/home/alex/.m2/repository/org/apache/commons/commons-pool2/2.7.0/commons-pool2-2.7.0.jar:/home/alex/.m2/repository/io/dropwizard/metrics/metrics-core/3.1.0/metrics-core-3.1.0.jar:/home/alex/.m2/repository/io/dropwizard/metrics/metrics-jvm/3.1.0/metrics-jvm-3.1.0.jar:/home/alex/.m2/repository/io/dropwizard/metrics/metrics-json/3.1.0/metrics-json-3.1.0.jar:/home/alex/.m2/repository/commons-beanutils/commons-beanutils/1.9.4/commons-beanutils-1.9.4.jar:/home/alex/.m2/repository/org/datanucleus/datanucleus-api-jdo/5.2.4/datanucleus-api-jdo-5.2.4.jar:/home/alex/.m2/repository/org/datanucleus/datanucleus-rdbms/5.2.4/datanucleus-rdbms-5.2.4.jar:/home/alex/.m2/repository/org/datanucleus/javax.jdo/3.2.0-release/javax.jdo-3.2.0-release.jar:/home/alex/.m2/repository/javax/transaction/javax.transaction-api/1.3/javax.transaction-api-1.3.jar:/home/alex/.m2/repository/org/glassfish/corba/glassfish-corba-omgapi/4.2.2/glassfish-corba-omgapi-4.2.2.jar:/home/alex/.m2/repository/sqlline/sqlline/1.9.0/sqlline-1.9.0.jar:/home/alex/.m2/repository/org/jline/jline-terminal/3.12.1/jline-terminal-3.12.1.jar:/home/alex/.m2/repository/org/jline/jline-reader/3.12.1/jline-reader-3.12.1.jar:/home/alex/.m2/repository/org/jline/jline-terminal-jansi/3.12.1/jline-terminal-jansi-3.12.1.jar:/home/alex/.m2/repository/org/fusesource/jansi/jansi/1.18/jansi-1.18.jar:/home/alex/.m2/repository/org/jline/jline-terminal-jna/3.12.1/jline-terminal-jna-3.12.1.jar:/home/alex/.m2/repository/net/java/dev/jna/jna/5.3.1/jna-5.3.1.jar:/home/alex/.m2/repository/org/jline/jline-builtins/3.12.1/jline-builtins-3.12.1.jar:/home/alex/.m2/repository/org/jline/jline-style/3.12.1/jline-style-3.12.1.jar:/home/alex/.m2/repository/commons-logging/commons-logging/1.1.3/commons-logging-1.1.3.jar:/home/alex/.m2/repository/com/cronutils/cron-utils/9.1.3/cron-utils-9.1.3.jar:/home/alex/.m2/repository/org/glassfish/javax.el/3.0.0/javax.el-3.0.0.jar:/home/alex/.m2/repository/com/oracle/database/jdbc/ojdbc8/21.3.0.0/ojdbc8-21.3.0.0.jar:/home/alex/.m2/repository/mysql/mysql-connector-java/8.0.27/mysql-connector-java-8.0.27.jar:/home/alex/.m2/repository/com/microsoft/sqlserver/mssql-jdbc/6.2.1.jre8/mssql-jdbc-6.2.1.jre8.jar:/home/alex/.m2/repository/org/postgresql/postgresql/42.2.14/postgresql-42.2.14.jar:/home/alex/.m2/repository/org/mockito/mockito-core/3.4.4/mockito-core-3.4.4.jar:/home/alex/.m2/repository/net/bytebuddy/byte-buddy/1.10.13/byte-buddy-1.10.13.jar:/home/alex/.m2/repository/net/bytebuddy/byte-buddy-agent/1.10.13/byte-buddy-agent-1.10.13.jar:/home/alex/.m2/repository/org/objenesis/objenesis/2.6/objenesis-2.6.jar:/home/alex/Repositories/hive/streaming/target/testconf:/home/alex/Repositories/hive/streaming/../conf:"/>
    <property name="sun.cpu.endian" value="little"/>
    <property name="user.home" value="/home/alex"/>
    <property name="user.language" value="en"/>
    <property name="java.security.krb5.conf" value="/home/alex/Repositories/hive/streaming/target/testconf/krb5.conf"/>
    <property name="test.dfs.mkdir" value=""/>
    <property name="java.awt.graphicsenv" value="sun.awt.X11GraphicsEnvironment"/>
    <property name="nondexFilter" value=".*"/>
    <property name="nondexSeed" value="1016066"/>
    <property name="surefire.real.class.path" value="/home/alex/Repositories/hive/streaming/target/surefire/surefirebooter2635170518420229373.jar"/>
    <property name="hadoop.log.dir" value="/home/alex/Repositories/hive/streaming/target/tmp"/>
    <property name="java.net.preferIPv4Stack" value="true"/>
    <property name="path.separator" value=":"/>
    <property name="os.version" value="6.5.0-28-generic"/>
    <property name="java.endorsed.dirs" value="/usr/lib/jvm/java-8-openjdk-amd64/jre/lib/endorsed"/>
    <property name="java.runtime.name" value="OpenJDK Runtime Environment"/>
    <property name="hive.test.console.log.level" value="INFO"/>
    <property name="java.vm.name" value="OpenJDK 64-Bit Server VM"/>
    <property name="java.vendor.url.bug" value="http://bugreport.sun.com/bugreport/"/>
    <property name="maven.local.repository" value="/home/alex/.m2/repository"/>
    <property name="user.dir" value="/home/alex/Repositories/hive/streaming"/>
    <property name="os.arch" value="amd64"/>
    <property name="nondexMode" value="FULL"/>
    <property name="user.language.format" value="pt"/>
    <property name="antlr.version" value="3.5.2"/>
    <property name="derby.version" value="10.14.1.0"/>
    <property name="java.vm.info" value="mixed mode"/>
    <property name="java.vm.version" value="25.402-b06"/>
    <property name="java.ext.dirs" value="/usr/lib/jvm/java-8-openjdk-amd64/jre/lib/ext:/usr/java/packages/lib/ext"/>
    <property name="test.output.overwrite" value=""/>
    <property name="java.class.version" value="52.0"/>
    <property name="hive.root" value="/home/alex/Repositories/hive/streaming/../"/>
  </properties>
  <testcase name="testWriteBeforeBegin" classname="org.apache.hive.streaming.TestStreamingDynamicPartitioning" time="8.984">
    <failure type="java.lang.AssertionError"><![CDATA[java.lang.AssertionError
	at org.junit.Assert.fail(Assert.java:87)
	at org.junit.Assert.assertTrue(Assert.java:42)
	at org.junit.Assert.assertTrue(Assert.java:53)
	at org.apache.hive.streaming.TestStreamingDynamicPartitioning.createStoreSales(TestStreamingDynamicPartitioning.java:178)
	at org.apache.hive.streaming.TestStreamingDynamicPartitioning.setup(TestStreamingDynamicPartitioning.java:160)
	at sun.reflect.NativeMethodAccessorImpl.invoke0(Native Method)
	at sun.reflect.NativeMethodAccessorImpl.invoke(NativeMethodAccessorImpl.java:62)
	at sun.reflect.DelegatingMethodAccessorImpl.invoke(DelegatingMethodAccessorImpl.java:43)
	at java.lang.reflect.Method.invoke(Method.java:498)
	at org.junit.runners.model.FrameworkMethod$1.runReflectiveCall(FrameworkMethod.java:59)
	at org.junit.internal.runners.model.ReflectiveCallable.run(ReflectiveCallable.java:12)
	at org.junit.runners.model.FrameworkMethod.invokeExplosively(FrameworkMethod.java:56)
	at org.junit.internal.runners.statements.RunBefores.invokeMethod(RunBefores.java:33)
	at org.junit.internal.runners.statements.RunBefores.evaluate(RunBefores.java:24)
	at org.junit.internal.runners.statements.RunAfters.evaluate(RunAfters.java:27)
	at org.junit.rules.ExternalResource$1.evaluate(ExternalResource.java:54)
	at org.junit.runners.ParentRunner$3.evaluate(ParentRunner.java:306)
	at org.junit.runners.BlockJUnit4ClassRunner$1.evaluate(BlockJUnit4ClassRunner.java:100)
	at org.junit.runners.ParentRunner.runLeaf(ParentRunner.java:366)
	at org.junit.runners.BlockJUnit4ClassRunner.runChild(BlockJUnit4ClassRunner.java:103)
	at org.junit.runners.BlockJUnit4ClassRunner.runChild(BlockJUnit4ClassRunner.java:63)
	at org.junit.runners.ParentRunner$4.run(ParentRunner.java:331)
	at org.junit.runners.ParentRunner$1.schedule(ParentRunner.java:79)
	at org.junit.runners.ParentRunner.runChildren(ParentRunner.java:329)
	at org.junit.runners.ParentRunner.access$100(ParentRunner.java:66)
	at org.junit.runners.ParentRunner$2.evaluate(ParentRunner.java:293)
	at org.junit.runners.ParentRunner$3.evaluate(ParentRunner.java:306)
	at org.junit.runners.ParentRunner.run(ParentRunner.java:413)
	at org.junit.runner.JUnitCore.run(JUnitCore.java:137)
	at org.junit.runner.JUnitCore.run(JUnitCore.java:115)
	at org.junit.vintage.engine.execution.RunnerExecutor.execute(RunnerExecutor.java:43)
	at java.util.stream.ForEachOps$ForEachOp$OfRef.accept(ForEachOps.java:183)
	at java.util.stream.ReferencePipeline$3$1.accept(ReferencePipeline.java:193)
	at java.util.Iterator.forEachRemaining(Iterator.java:116)
	at java.util.Spliterators$IteratorSpliterator.forEachRemaining(Spliterators.java:1801)
	at java.util.stream.AbstractPipeline.copyInto(AbstractPipeline.java:482)
	at java.util.stream.AbstractPipeline.wrapAndCopyInto(AbstractPipeline.java:472)
	at java.util.stream.ForEachOps$ForEachOp.evaluateSequential(ForEachOps.java:150)
	at java.util.stream.ForEachOps$ForEachOp$OfRef.evaluateSequential(ForEachOps.java:173)
	at java.util.stream.AbstractPipeline.evaluate(AbstractPipeline.java:234)
	at java.util.stream.ReferencePipeline.forEach(ReferencePipeline.java:485)
	at org.junit.vintage.engine.VintageTestEngine.executeAllChildren(VintageTestEngine.java:82)
	at org.junit.vintage.engine.VintageTestEngine.execute(VintageTestEngine.java:73)
	at org.junit.platform.launcher.core.DefaultLauncher.execute(DefaultLauncher.java:248)
	at org.junit.platform.launcher.core.DefaultLauncher.lambda$execute$5(DefaultLauncher.java:211)
	at org.junit.platform.launcher.core.DefaultLauncher.withInterceptedStreams(DefaultLauncher.java:226)
	at org.junit.platform.launcher.core.DefaultLauncher.execute(DefaultLauncher.java:199)
	at org.junit.platform.launcher.core.DefaultLauncher.execute(DefaultLauncher.java:132)
	at org.apache.maven.surefire.junitplatform.JUnitPlatformProvider.invokeAllTests(JUnitPlatformProvider.java:154)
	at org.apache.maven.surefire.junitplatform.JUnitPlatformProvider.invoke(JUnitPlatformProvider.java:123)
	at org.apache.maven.surefire.booter.ForkedBooter.runSuitesInProcess(ForkedBooter.java:377)
	at org.apache.maven.surefire.booter.ForkedBooter.execute(ForkedBooter.java:138)
	at org.apache.maven.surefire.booter.ForkedBooter.run(ForkedBooter.java:465)
	at org.apache.maven.surefire.booter.ForkedBooter.main(ForkedBooter.java:451)
]]></failure>
    <system-out><![CDATA[create database IF NOT EXISTS testing location 'raw:///home/alex/Repositories/hive/streaming/target/tmp/junit6098227790917992842/testing.db'
use testing
create table alerts ( id int,msg string ) partitioned by (Continent string,Country string ) clustered by ( id ) into 1 buckets  stored as orc  location 'raw:///home/alex/Repositories/hive/streaming/target/tmp/junit6098227790917992842/testing.db/alerts' TBLPROPERTIES ('transactional'='true') 
create database IF NOT EXISTS testing5 location 'raw:///home/alex/Repositories/hive/streaming/target/tmp/junit4512381863206806170/testing5.db'
]]></system-out>
    <system-err><![CDATA[SLF4J: Class path contains multiple SLF4J bindings.
SLF4J: Found binding in [jar:file:/home/alex/.m2/repository/org/apache/logging/log4j/log4j-slf4j-impl/2.13.2/log4j-slf4j-impl-2.13.2.jar!/org/slf4j/impl/StaticLoggerBinder.class]
SLF4J: Found binding in [jar:file:/home/alex/.m2/repository/org/slf4j/slf4j-simple/1.7.27/slf4j-simple-1.7.27.jar!/org/slf4j/impl/StaticLoggerBinder.class]
SLF4J: See http://www.slf4j.org/codes.html#multiple_bindings for an explanation.
SLF4J: Actual binding is of type [org.apache.logging.slf4j.Log4jLoggerFactory]
DEBUG StatusLogger Using ShutdownCallbackRegistry class org.apache.logging.log4j.core.util.DefaultShutdownCallbackRegistry
DEBUG StatusLogger Took 0,074035 seconds to load 250 plugins from sun.misc.Launcher$AppClassLoader@330bedb4
DEBUG StatusLogger PluginManager 'Converter' found 46 plugins
DEBUG StatusLogger Starting OutputStreamManager SYSTEM_OUT.false.false-1
DEBUG StatusLogger Starting LoggerContext[name=330bedb4, org.apache.logging.log4j.core.LoggerContext@1a75e76a]...
DEBUG StatusLogger Reconfiguration started for context[name=330bedb4] at URI null (org.apache.logging.log4j.core.LoggerContext@1a75e76a) with optional ClassLoader: null
DEBUG StatusLogger PluginManager 'ConfigurationFactory' found 6 plugins
DEBUG StatusLogger Using configurationFactory org.apache.logging.log4j.core.config.ConfigurationFactory$Factory@548a24a
DEBUG StatusLogger Apache Log4j Core 2.13.2 initializing configuration org.apache.logging.log4j.core.config.properties.PropertiesConfiguration@68c9d179
DEBUG StatusLogger Installed 2 script engines
DEBUG StatusLogger Groovy Scripting Engine version: 2.0, language: Groovy, threading: MULTITHREADED, compile: true, names: [groovy, Groovy], factory class: org.codehaus.groovy.jsr223.GroovyScriptEngineFactory
DEBUG StatusLogger Oracle Nashorn version: 1.8.0_402, language: ECMAScript, threading: Not Thread Safe, compile: true, names: [nashorn, Nashorn, js, JS, JavaScript, javascript, ECMAScript, ecmascript], factory class: jdk.nashorn.api.scripting.NashornScriptEngineFactory
INFO StatusLogger Scanning for classes in '/home/alex/Repositories/hive/common/target/classes/org/apache/hadoop/hive/ql/log' matching criteria annotated with @Plugin
DEBUG StatusLogger Checking to see if class org.apache.hadoop.hive.ql.log.PerfLogger matches criteria annotated with @Plugin
INFO StatusLogger Scanning for classes in '/home/alex/Repositories/hive/ql/target/classes/org/apache/hadoop/hive/ql/log' matching criteria annotated with @Plugin
DEBUG StatusLogger Checking to see if class org.apache.hadoop.hive.ql.log.HiveEventCounter$EventCounts matches criteria annotated with @Plugin
DEBUG StatusLogger Checking to see if class org.apache.hadoop.hive.ql.log.PidFilePatternConverter matches criteria annotated with @Plugin
DEBUG StatusLogger Checking to see if class org.apache.hadoop.hive.ql.log.HushableRandomAccessFileAppender$1 matches criteria annotated with @Plugin
DEBUG StatusLogger Checking to see if class org.apache.hadoop.hive.ql.log.LogDivertAppenderForTest matches criteria annotated with @Plugin
DEBUG StatusLogger Checking to see if class org.apache.hadoop.hive.ql.log.LogDivertAppenderForTest$TestFilter matches criteria annotated with @Plugin
DEBUG StatusLogger Checking to see if class org.apache.hadoop.hive.ql.log.SlidingFilenameRolloverStrategy$1 matches criteria annotated with @Plugin
DEBUG StatusLogger Checking to see if class org.apache.hadoop.hive.ql.log.LogDivertAppender$NameFilter matches criteria annotated with @Plugin
DEBUG StatusLogger Checking to see if class org.apache.hadoop.hive.ql.log.HushableRandomAccessFileAppender matches criteria annotated with @Plugin
DEBUG StatusLogger Checking to see if class org.apache.hadoop.hive.ql.log.HiveEventCounter matches criteria annotated with @Plugin
DEBUG StatusLogger Checking to see if class org.apache.hadoop.hive.ql.log.syslog.SyslogStorageHandler matches criteria annotated with @Plugin
DEBUG StatusLogger Checking to see if class org.apache.hadoop.hive.ql.log.syslog.SyslogParser matches criteria annotated with @Plugin
DEBUG StatusLogger Checking to see if class org.apache.hadoop.hive.ql.log.syslog.SyslogInputFormat matches criteria annotated with @Plugin
DEBUG StatusLogger Checking to see if class org.apache.hadoop.hive.ql.log.syslog.SyslogInputFormat$Location matches criteria annotated with @Plugin
DEBUG StatusLogger Checking to see if class org.apache.hadoop.hive.ql.log.syslog.SyslogSerDe matches criteria annotated with @Plugin
DEBUG StatusLogger Checking to see if class org.apache.hadoop.hive.ql.log.NullAppender matches criteria annotated with @Plugin
DEBUG StatusLogger Checking to see if class org.apache.hadoop.hive.ql.log.LogDivertAppender matches criteria annotated with @Plugin
DEBUG StatusLogger Checking to see if class org.apache.hadoop.hive.ql.log.SlidingFilenameRolloverStrategy matches criteria annotated with @Plugin
DEBUG StatusLogger Checking to see if class org.apache.hadoop.hive.ql.log.HiveEventCounter$1 matches criteria annotated with @Plugin
DEBUG StatusLogger Took 0,019248 seconds to load 7 plugins from package org.apache.hadoop.hive.ql.log
DEBUG StatusLogger PluginManager 'Core' found 132 plugins
DEBUG StatusLogger PluginManager 'Level' found 0 plugins
DEBUG StatusLogger Building Plugin[name=property, class=org.apache.logging.log4j.core.config.Property].
TRACE StatusLogger TypeConverterRegistry initializing.
DEBUG StatusLogger PluginManager 'TypeConverter' found 26 plugins
DEBUG StatusLogger createProperty(name="hive.log.file", value="hive.log")
DEBUG StatusLogger Building Plugin[name=property, class=org.apache.logging.log4j.core.config.Property].
DEBUG StatusLogger createProperty(name="hive.log.dir", value="/home/alex/Repositories/hive/streaming/target/tmp/log")
DEBUG StatusLogger Building Plugin[name=property, class=org.apache.logging.log4j.core.config.Property].
DEBUG StatusLogger createProperty(name="hive.root.logger", value="DRFA")
DEBUG StatusLogger Building Plugin[name=property, class=org.apache.logging.log4j.core.config.Property].
DEBUG StatusLogger createProperty(name="hive.log.level", value="DEBUG")
DEBUG StatusLogger Building Plugin[name=property, class=org.apache.logging.log4j.core.config.Property].
DEBUG StatusLogger createProperty(name="hive.test.console.log.level", value="INFO")
DEBUG StatusLogger Building Plugin[name=properties, class=org.apache.logging.log4j.core.config.PropertiesPlugin].
DEBUG StatusLogger configureSubstitutor(={hive.log.file=hive.log, hive.log.dir=/home/alex/Repositories/hive/streaming/target/tmp/log, hive.root.logger=DRFA, hive.log.level=DEBUG, hive.test.console.log.level=INFO}, Configuration(HiveLog4j2Test))
DEBUG StatusLogger PluginManager 'Lookup' found 17 plugins
DEBUG StatusLogger Building Plugin[name=logger, class=org.apache.logging.log4j.core.config.LoggerConfig].
DEBUG StatusLogger createLogger(additivity="true", level="WARN", name="org.apache.hadoop.ipc", includeLocation="null", ={}, ={}, Configuration(HiveLog4j2Test), Filter=null)
DEBUG StatusLogger Building Plugin[name=logger, class=org.apache.logging.log4j.core.config.LoggerConfig].
DEBUG StatusLogger createLogger(additivity="true", level="INFO", name="org.apache.hadoop.security", includeLocation="null", ={}, ={}, Configuration(HiveLog4j2Test), Filter=null)
DEBUG StatusLogger Building Plugin[name=logger, class=org.apache.logging.log4j.core.config.LoggerConfig].
DEBUG StatusLogger createLogger(additivity="true", level="INFO", name="org.apache.hadoop.hdfs", includeLocation="null", ={}, ={}, Configuration(HiveLog4j2Test), Filter=null)
DEBUG StatusLogger Building Plugin[name=logger, class=org.apache.logging.log4j.core.config.LoggerConfig].
DEBUG StatusLogger createLogger(additivity="true", level="WARN", name="org.apache.hadoop.hdfs.server", includeLocation="null", ={}, ={}, Configuration(HiveLog4j2Test), Filter=null)
DEBUG StatusLogger Building Plugin[name=logger, class=org.apache.logging.log4j.core.config.LoggerConfig].
DEBUG StatusLogger createLogger(additivity="true", level="INFO", name="org.apache.hadoop.metrics2", includeLocation="null", ={}, ={}, Configuration(HiveLog4j2Test), Filter=null)
DEBUG StatusLogger Building Plugin[name=logger, class=org.apache.logging.log4j.core.config.LoggerConfig].
DEBUG StatusLogger createLogger(additivity="true", level="INFO", name="org.mortbay", includeLocation="null", ={}, ={}, Configuration(HiveLog4j2Test), Filter=null)
DEBUG StatusLogger Building Plugin[name=logger, class=org.apache.logging.log4j.core.config.LoggerConfig].
DEBUG StatusLogger createLogger(additivity="true", level="INFO", name="org.apache.hadoop.yarn", includeLocation="null", ={}, ={}, Configuration(HiveLog4j2Test), Filter=null)
DEBUG StatusLogger Building Plugin[name=logger, class=org.apache.logging.log4j.core.config.LoggerConfig].
DEBUG StatusLogger createLogger(additivity="true", level="WARN", name="org.apache.hadoop.yarn.server", includeLocation="null", ={}, ={}, Configuration(HiveLog4j2Test), Filter=null)
DEBUG StatusLogger Building Plugin[name=logger, class=org.apache.logging.log4j.core.config.LoggerConfig].
DEBUG StatusLogger createLogger(additivity="true", level="INFO", name="org.apache.tez", includeLocation="null", ={}, ={}, Configuration(HiveLog4j2Test), Filter=null)
DEBUG StatusLogger Building Plugin[name=logger, class=org.apache.logging.log4j.core.config.LoggerConfig].
DEBUG StatusLogger createLogger(additivity="true", level="ERROR", name="org.apache.hadoop.conf.Configuration", includeLocation="null", ={}, ={}, Configuration(HiveLog4j2Test), Filter=null)
DEBUG StatusLogger Building Plugin[name=logger, class=org.apache.logging.log4j.core.config.LoggerConfig].
DEBUG StatusLogger createLogger(additivity="true", level="INFO", name="org.apache.zookeeper", includeLocation="null", ={}, ={}, Configuration(HiveLog4j2Test), Filter=null)
DEBUG StatusLogger Building Plugin[name=logger, class=org.apache.logging.log4j.core.config.LoggerConfig].
DEBUG StatusLogger createLogger(additivity="true", level="WARN", name="org.apache.zookeeper.server.ServerCnxn", includeLocation="null", ={}, ={}, Configuration(HiveLog4j2Test), Filter=null)
DEBUG StatusLogger Building Plugin[name=logger, class=org.apache.logging.log4j.core.config.LoggerConfig].
DEBUG StatusLogger createLogger(additivity="true", level="WARN", name="org.apache.zookeeper.server.NIOServerCnxn", includeLocation="null", ={}, ={}, Configuration(HiveLog4j2Test), Filter=null)
DEBUG StatusLogger Building Plugin[name=logger, class=org.apache.logging.log4j.core.config.LoggerConfig].
DEBUG StatusLogger createLogger(additivity="true", level="WARN", name="org.apache.zookeeper.ClientCnxn", includeLocation="null", ={}, ={}, Configuration(HiveLog4j2Test), Filter=null)
DEBUG StatusLogger Building Plugin[name=logger, class=org.apache.logging.log4j.core.config.LoggerConfig].
DEBUG StatusLogger createLogger(additivity="true", level="WARN", name="org.apache.zookeeper.ClientCnxnSocket", includeLocation="null", ={}, ={}, Configuration(HiveLog4j2Test), Filter=null)
DEBUG StatusLogger Building Plugin[name=logger, class=org.apache.logging.log4j.core.config.LoggerConfig].
DEBUG StatusLogger createLogger(additivity="true", level="WARN", name="org.apache.zookeeper.ClientCnxnSocketNIO", includeLocation="null", ={}, ={}, Configuration(HiveLog4j2Test), Filter=null)
DEBUG StatusLogger Building Plugin[name=logger, class=org.apache.logging.log4j.core.config.LoggerConfig].
DEBUG StatusLogger createLogger(additivity="true", level="ERROR", name="DataNucleus", includeLocation="null", ={}, ={}, Configuration(HiveLog4j2Test), Filter=null)
DEBUG StatusLogger Building Plugin[name=logger, class=org.apache.logging.log4j.core.config.LoggerConfig].
DEBUG StatusLogger createLogger(additivity="true", level="ERROR", name="Datastore", includeLocation="null", ={}, ={}, Configuration(HiveLog4j2Test), Filter=null)
DEBUG StatusLogger Building Plugin[name=logger, class=org.apache.logging.log4j.core.config.LoggerConfig].
DEBUG StatusLogger createLogger(additivity="true", level="ERROR", name="JPOX", includeLocation="null", ={}, ={}, Configuration(HiveLog4j2Test), Filter=null)
DEBUG StatusLogger Building Plugin[name=logger, class=org.apache.logging.log4j.core.config.LoggerConfig].
DEBUG StatusLogger createLogger(additivity="true", level="INFO", name="org.apache.hadoop.hive.ql.exec.Operator", includeLocation="null", ={}, ={}, Configuration(HiveLog4j2Test), Filter=null)
DEBUG StatusLogger Building Plugin[name=logger, class=org.apache.logging.log4j.core.config.LoggerConfig].
DEBUG StatusLogger createLogger(additivity="true", level="INFO", name="org.apache.hadoop.hive.serde2.lazy", includeLocation="null", ={}, ={}, Configuration(HiveLog4j2Test), Filter=null)
DEBUG StatusLogger Building Plugin[name=logger, class=org.apache.logging.log4j.core.config.LoggerConfig].
DEBUG StatusLogger createLogger(additivity="true", level="INFO", name="org.apache.hadoop.hive.metastore.ObjectStore", includeLocation="null", ={}, ={}, Configuration(HiveLog4j2Test), Filter=null)
DEBUG StatusLogger Building Plugin[name=logger, class=org.apache.logging.log4j.core.config.LoggerConfig].
DEBUG StatusLogger createLogger(additivity="true", level="INFO", name="org.apache.calcite.plan.RelOptPlanner", includeLocation="null", ={}, ={}, Configuration(HiveLog4j2Test), Filter=null)
DEBUG StatusLogger Building Plugin[name=logger, class=org.apache.logging.log4j.core.config.LoggerConfig].
DEBUG StatusLogger createLogger(additivity="true", level="INFO", name="com.amazonaws", includeLocation="null", ={}, ={}, Configuration(HiveLog4j2Test), Filter=null)
DEBUG StatusLogger Building Plugin[name=logger, class=org.apache.logging.log4j.core.config.LoggerConfig].
DEBUG StatusLogger createLogger(additivity="true", level="INFO", name="org.apache.http", includeLocation="null", ={}, ={}, Configuration(HiveLog4j2Test), Filter=null)
DEBUG StatusLogger Building Plugin[name=logger, class=org.apache.logging.log4j.core.config.LoggerConfig].
DEBUG StatusLogger createLogger(additivity="true", level="WARN", name="org.apache.thrift", includeLocation="null", ={}, ={}, Configuration(HiveLog4j2Test), Filter=null)
DEBUG StatusLogger Building Plugin[name=logger, class=org.apache.logging.log4j.core.config.LoggerConfig].
DEBUG StatusLogger createLogger(additivity="true", level="WARN", name="org.eclipse.jetty", includeLocation="null", ={}, ={}, Configuration(HiveLog4j2Test), Filter=null)
DEBUG StatusLogger Building Plugin[name=logger, class=org.apache.logging.log4j.core.config.LoggerConfig].
DEBUG StatusLogger createLogger(additivity="true", level="WARN", name="BlockStateChange", includeLocation="null", ={}, ={}, Configuration(HiveLog4j2Test), Filter=null)
DEBUG StatusLogger Building Plugin[name=logger, class=org.apache.logging.log4j.core.config.LoggerConfig].
DEBUG StatusLogger createLogger(additivity="true", level="DEBUG", name="org.apache.hadoop.hive.ql.optimizer.SharedWorkOptimizer", includeLocation="null", ={}, ={}, Configuration(HiveLog4j2Test), Filter=null)
DEBUG StatusLogger Building Plugin[name=AppenderRef, class=org.apache.logging.log4j.core.config.AppenderRef].
DEBUG StatusLogger createAppenderRef(ref="DRFA", level="null", Filter=null)
DEBUG StatusLogger Building Plugin[name=AppenderRef, class=org.apache.logging.log4j.core.config.AppenderRef].
DEBUG StatusLogger createAppenderRef(ref="console", level="INFO", Filter=null)
DEBUG StatusLogger Building Plugin[name=root, class=org.apache.logging.log4j.core.config.LoggerConfig$RootLogger].
DEBUG StatusLogger createLogger(additivity="null", level="DEBUG", includeLocation="null", ={DRFA, console}, ={}, Configuration(HiveLog4j2Test), Filter=null)
DEBUG StatusLogger Building Plugin[name=loggers, class=org.apache.logging.log4j.core.config.LoggersPlugin].
DEBUG StatusLogger createLoggers(={org.apache.hadoop.ipc, org.apache.hadoop.security, org.apache.hadoop.hdfs, org.apache.hadoop.hdfs.server, org.apache.hadoop.metrics2, org.mortbay, org.apache.hadoop.yarn, org.apache.hadoop.yarn.server, org.apache.tez, org.apache.hadoop.conf.Configuration, org.apache.zookeeper, org.apache.zookeeper.server.ServerCnxn, org.apache.zookeeper.server.NIOServerCnxn, org.apache.zookeeper.ClientCnxn, org.apache.zookeeper.ClientCnxnSocket, org.apache.zookeeper.ClientCnxnSocketNIO, DataNucleus, Datastore, JPOX, org.apache.hadoop.hive.ql.exec.Operator, org.apache.hadoop.hive.serde2.lazy, org.apache.hadoop.hive.metastore.ObjectStore, org.apache.calcite.plan.RelOptPlanner, com.amazonaws, org.apache.http, org.apache.thrift, org.eclipse.jetty, BlockStateChange, org.apache.hadoop.hive.ql.optimizer.SharedWorkOptimizer, root})
DEBUG StatusLogger Building Plugin[name=layout, class=org.apache.logging.log4j.core.layout.PatternLayout].
DEBUG StatusLogger PatternLayout$Builder(Configuration(HiveLog4j2Test), noConsoleNoAnsi="null", Replace=null, footer="null", header="null", pattern="%d{ISO8601} %5p [%t] %c{2}: %m%n", disableAnsi="null", PatternSelector=null, charset="null", alwaysWriteExceptions="null")
DEBUG StatusLogger PluginManager 'Converter' found 46 plugins
DEBUG StatusLogger Building Plugin[name=appender, class=org.apache.logging.log4j.core.appender.ConsoleAppender].
DEBUG StatusLogger ConsoleAppender$Builder(target="SYSTEM_ERR", follow="null", direct="null", bufferSize="null", bufferedIo="null", immediateFlush="null", Configuration(HiveLog4j2Test), ignoreExceptions="null", name="console", PatternLayout(%d{ISO8601} %5p [%t] %c{2}: %m%n), ={}, Filter=null)
DEBUG StatusLogger Starting OutputStreamManager SYSTEM_ERR.false.false
DEBUG StatusLogger Building Plugin[name=layout, class=org.apache.logging.log4j.core.layout.PatternLayout].
DEBUG StatusLogger PatternLayout$Builder(footer="null", pattern="%d{ISO8601} %5p [%t] %c{2}: %m%n", Configuration(HiveLog4j2Test), charset="null", Replace=null, alwaysWriteExceptions="null", header="null", PatternSelector=null, disableAnsi="null", noConsoleNoAnsi="null")
DEBUG StatusLogger Building Plugin[name=TimeBasedTriggeringPolicy, class=org.apache.logging.log4j.core.appender.rolling.TimeBasedTriggeringPolicy].
DEBUG StatusLogger TimeBasedTriggeringPolicy$Builder(modulate="true", interval="1", maxRandomDelay="null")
DEBUG StatusLogger Building Plugin[name=Policies, class=org.apache.logging.log4j.core.appender.rolling.CompositeTriggeringPolicy].
DEBUG StatusLogger createPolicy(={TimeBasedTriggeringPolicy(nextRolloverMillis=0, interval=1, modulate=true)})
DEBUG StatusLogger Building Plugin[name=DefaultRolloverStrategy, class=org.apache.logging.log4j.core.appender.rolling.DefaultRolloverStrategy].
DEBUG StatusLogger DefaultRolloverStrategy$Builder(stopCustomActionsOnError="null", max="30", compressionLevel="null", Configuration(HiveLog4j2Test), tempCompressedFilePattern="null", min="null", ={}, fileIndex="null")
DEBUG StatusLogger Building Plugin[name=appender, class=org.apache.logging.log4j.core.appender.RollingRandomAccessFileAppender].
DEBUG StatusLogger RollingRandomAccessFileAppender$Builder(advertise="null", fileGroup="null", filePattern="/home/alex/Repositories/hive/streaming/target/tmp/log/hive.log.%d{yyyy-MM-dd}", fileOwner="null", fileName="/home/alex/Repositories/hive/streaming/target/tmp/log/hive.log", append="null", Policies(CompositeTriggeringPolicy(policies=[TimeBasedTriggeringPolicy(nextRolloverMillis=0, interval=1, modulate=true)])), advertiseURI="null", filePermissions="null", DefaultRolloverStrategy(DefaultRolloverStrategy(min=1, max=30, useMax=true)), bufferSize="null", bufferedIo="null", immediateFlush="null", ignoreExceptions="null", PatternLayout(%d{ISO8601} %5p [%t] %c{2}: %m%n), Configuration(HiveLog4j2Test), name="DRFA", ={}, Filter=null)
TRACE StatusLogger RandomAccessFile /home/alex/Repositories/hive/streaming/target/tmp/log/hive.log seek to 68107856
DEBUG StatusLogger Starting RollingRandomAccessFileManager /home/alex/Repositories/hive/streaming/target/tmp/log/hive.log
DEBUG StatusLogger PluginManager 'FileConverter' found 3 plugins
DEBUG StatusLogger Setting prev file time to 2024-04-24T12:35:15.386-0700
DEBUG StatusLogger Initializing triggering policy CompositeTriggeringPolicy(policies=[TimeBasedTriggeringPolicy(nextRolloverMillis=0, interval=1, modulate=true)])
DEBUG StatusLogger Initializing triggering policy TimeBasedTriggeringPolicy(nextRolloverMillis=0, interval=1, modulate=true)
TRACE StatusLogger PatternProcessor.getNextTime returning 2024/04/25-00:00:00.000, nextFileTime=2024/04/24-00:00:00.000, prevFileTime=1969/12/31-16:00:00.000, current=2024/04/24-12:35:17.352, freq=DAILY
TRACE StatusLogger PatternProcessor.getNextTime returning 2024/04/25-00:00:00.000, nextFileTime=2024/04/24-00:00:00.000, prevFileTime=2024/04/24-00:00:00.000, current=2024/04/24-12:35:17.353, freq=DAILY
DEBUG StatusLogger Building Plugin[name=appenders, class=org.apache.logging.log4j.core.config.AppendersPlugin].
DEBUG StatusLogger createAppenders(={console, DRFA})
DEBUG StatusLogger Configuration org.apache.logging.log4j.core.config.properties.PropertiesConfiguration@68c9d179 initialized
DEBUG StatusLogger Starting configuration org.apache.logging.log4j.core.config.properties.PropertiesConfiguration@68c9d179
DEBUG StatusLogger Started configuration org.apache.logging.log4j.core.config.properties.PropertiesConfiguration@68c9d179 OK.
TRACE StatusLogger Stopping org.apache.logging.log4j.core.config.DefaultConfiguration@1f59a598...
TRACE StatusLogger DefaultConfiguration notified 1 ReliabilityStrategies that config will be stopped.
TRACE StatusLogger DefaultConfiguration stopping root LoggerConfig.
TRACE StatusLogger DefaultConfiguration notifying ReliabilityStrategies that appenders will be stopped.
TRACE StatusLogger DefaultConfiguration stopping remaining Appenders.
DEBUG StatusLogger Shutting down OutputStreamManager SYSTEM_OUT.false.false-1
DEBUG StatusLogger OutputStream closed
DEBUG StatusLogger Shut down OutputStreamManager SYSTEM_OUT.false.false-1, all resources released: true
DEBUG StatusLogger Appender DefaultConsole-1 stopped with status true
TRACE StatusLogger DefaultConfiguration stopped 1 remaining Appenders.
TRACE StatusLogger DefaultConfiguration cleaning Appenders from 1 LoggerConfigs.
DEBUG StatusLogger Stopped org.apache.logging.log4j.core.config.DefaultConfiguration@1f59a598 OK
TRACE StatusLogger Reregistering MBeans after reconfigure. Selector=org.apache.logging.log4j.core.selector.ClassLoaderContextSelector@37052337
TRACE StatusLogger Reregistering context (1/1): '330bedb4' org.apache.logging.log4j.core.LoggerContext@1a75e76a
TRACE StatusLogger Unregistering but no MBeans found matching 'org.apache.logging.log4j2:type=330bedb4'
TRACE StatusLogger Unregistering but no MBeans found matching 'org.apache.logging.log4j2:type=330bedb4,component=StatusLogger'
TRACE StatusLogger Unregistering but no MBeans found matching 'org.apache.logging.log4j2:type=330bedb4,component=ContextSelector'
TRACE StatusLogger Unregistering but no MBeans found matching 'org.apache.logging.log4j2:type=330bedb4,component=Loggers,name=*'
TRACE StatusLogger Unregistering but no MBeans found matching 'org.apache.logging.log4j2:type=330bedb4,component=Appenders,name=*'
TRACE StatusLogger Unregistering but no MBeans found matching 'org.apache.logging.log4j2:type=330bedb4,component=AsyncAppenders,name=*'
TRACE StatusLogger Unregistering but no MBeans found matching 'org.apache.logging.log4j2:type=330bedb4,component=AsyncLoggerRingBuffer'
TRACE StatusLogger Unregistering but no MBeans found matching 'org.apache.logging.log4j2:type=330bedb4,component=Loggers,name=*,subtype=RingBuffer'
DEBUG StatusLogger Registering MBean org.apache.logging.log4j2:type=330bedb4
DEBUG StatusLogger Registering MBean org.apache.logging.log4j2:type=330bedb4,component=StatusLogger
DEBUG StatusLogger Registering MBean org.apache.logging.log4j2:type=330bedb4,component=ContextSelector
DEBUG StatusLogger Registering MBean org.apache.logging.log4j2:type=330bedb4,component=Loggers,name=org.apache.hadoop.ipc
DEBUG StatusLogger Registering MBean org.apache.logging.log4j2:type=330bedb4,component=Loggers,name=org.apache.hadoop.security
DEBUG StatusLogger Registering MBean org.apache.logging.log4j2:type=330bedb4,component=Loggers,name=JPOX
DEBUG StatusLogger Registering MBean org.apache.logging.log4j2:type=330bedb4,component=Loggers,name=org.apache.tez
DEBUG StatusLogger Registering MBean org.apache.logging.log4j2:type=330bedb4,component=Loggers,name=org.apache.zookeeper.server.ServerCnxn
DEBUG StatusLogger Registering MBean org.apache.logging.log4j2:type=330bedb4,component=Loggers,name=
DEBUG StatusLogger Registering MBean org.apache.logging.log4j2:type=330bedb4,component=Loggers,name=DataNucleus
DEBUG StatusLogger Registering MBean org.apache.logging.log4j2:type=330bedb4,component=Loggers,name=org.apache.hadoop.yarn.server
DEBUG StatusLogger Registering MBean org.apache.logging.log4j2:type=330bedb4,component=Loggers,name=org.apache.hadoop.hdfs
DEBUG StatusLogger Registering MBean org.apache.logging.log4j2:type=330bedb4,component=Loggers,name=com.amazonaws
DEBUG StatusLogger Registering MBean org.apache.logging.log4j2:type=330bedb4,component=Loggers,name=org.apache.thrift
DEBUG StatusLogger Registering MBean org.apache.logging.log4j2:type=330bedb4,component=Loggers,name=org.apache.zookeeper.server.NIOServerCnxn
DEBUG StatusLogger Registering MBean org.apache.logging.log4j2:type=330bedb4,component=Loggers,name=Datastore
DEBUG StatusLogger Registering MBean org.apache.logging.log4j2:type=330bedb4,component=Loggers,name=org.apache.hadoop.hive.metastore.ObjectStore
DEBUG StatusLogger Registering MBean org.apache.logging.log4j2:type=330bedb4,component=Loggers,name=org.mortbay
DEBUG StatusLogger Registering MBean org.apache.logging.log4j2:type=330bedb4,component=Loggers,name=org.apache.hadoop.yarn
DEBUG StatusLogger Registering MBean org.apache.logging.log4j2:type=330bedb4,component=Loggers,name=org.apache.zookeeper.ClientCnxnSocketNIO
DEBUG StatusLogger Registering MBean org.apache.logging.log4j2:type=330bedb4,component=Loggers,name=org.apache.calcite.plan.RelOptPlanner
DEBUG StatusLogger Registering MBean org.apache.logging.log4j2:type=330bedb4,component=Loggers,name=org.apache.hadoop.hive.ql.exec.Operator
DEBUG StatusLogger Registering MBean org.apache.logging.log4j2:type=330bedb4,component=Loggers,name=org.apache.zookeeper
DEBUG StatusLogger Registering MBean org.apache.logging.log4j2:type=330bedb4,component=Loggers,name=org.apache.hadoop.metrics2
DEBUG StatusLogger Registering MBean org.apache.logging.log4j2:type=330bedb4,component=Loggers,name=org.apache.zookeeper.ClientCnxn
DEBUG StatusLogger Registering MBean org.apache.logging.log4j2:type=330bedb4,component=Loggers,name=org.apache.zookeeper.ClientCnxnSocket
DEBUG StatusLogger Registering MBean org.apache.logging.log4j2:type=330bedb4,component=Loggers,name=org.eclipse.jetty
DEBUG StatusLogger Registering MBean org.apache.logging.log4j2:type=330bedb4,component=Loggers,name=BlockStateChange
DEBUG StatusLogger Registering MBean org.apache.logging.log4j2:type=330bedb4,component=Loggers,name=org.apache.hadoop.hdfs.server
DEBUG StatusLogger Registering MBean org.apache.logging.log4j2:type=330bedb4,component=Loggers,name=org.apache.hadoop.hive.serde2.lazy
DEBUG StatusLogger Registering MBean org.apache.logging.log4j2:type=330bedb4,component=Loggers,name=org.apache.hadoop.conf.Configuration
DEBUG StatusLogger Registering MBean org.apache.logging.log4j2:type=330bedb4,component=Loggers,name=org.apache.http
DEBUG StatusLogger Registering MBean org.apache.logging.log4j2:type=330bedb4,component=Loggers,name=org.apache.hadoop.hive.ql.optimizer.SharedWorkOptimizer
DEBUG StatusLogger Registering MBean org.apache.logging.log4j2:type=330bedb4,component=Appenders,name=console
DEBUG StatusLogger Registering MBean org.apache.logging.log4j2:type=330bedb4,component=Appenders,name=DRFA
TRACE StatusLogger Using default SystemClock for timestamps.
DEBUG StatusLogger org.apache.logging.log4j.core.util.SystemClock does not support precise timestamps.
TRACE StatusLogger Using DummyNanoClock for nanosecond timestamps.
DEBUG StatusLogger Reconfiguration complete for context[name=330bedb4] at URI /home/alex/Repositories/hive/streaming/target/testconf/hive-log4j2.properties (org.apache.logging.log4j.core.LoggerContext@1a75e76a) with optional ClassLoader: null
DEBUG StatusLogger Shutdown hook enabled. Registering a new one.
DEBUG StatusLogger LoggerContext[name=330bedb4, org.apache.logging.log4j.core.LoggerContext@1a75e76a] started OK.
2024-04-24T12:35:17,449  INFO [main] conf.HiveConf: Found configuration file file:/home/alex/Repositories/hive/streaming/target/testconf/hive-site.xml
DEBUG StatusLogger AsyncLogger.ThreadNameStrategy=UNCACHED (user specified null, default is UNCACHED)
TRACE StatusLogger Using default SystemClock for timestamps.
DEBUG StatusLogger org.apache.logging.log4j.core.util.SystemClock does not support precise timestamps.
2024-04-24T12:35:17,823  WARN [main] util.NativeCodeLoader: Unable to load native-hadoop library for your platform... using builtin-java classes where applicable
2024-04-24T12:35:17,881  WARN [main] conf.HiveConf: HiveConf of name hive.llap.io.cache.orc.arena.size does not exist
2024-04-24T12:35:17,882  WARN [main] conf.HiveConf: HiveConf of name hive.llap.io.cache.orc.alloc.max does not exist
2024-04-24T12:35:17,883  WARN [main] conf.HiveConf: HiveConf of name hive.dummyparam.test.server.specific.config.override does not exist
2024-04-24T12:35:17,883  WARN [main] conf.HiveConf: HiveConf of name hive.llap.io.cache.orc.alloc.min does not exist
2024-04-24T12:35:17,883  WARN [main] conf.HiveConf: HiveConf of name hive.stats.key.prefix.reserve.length does not exist
2024-04-24T12:35:17,884  WARN [main] conf.HiveConf: HiveConf of name hive.metastore.client.cache.maxSize does not exist
2024-04-24T12:35:17,884  WARN [main] conf.HiveConf: HiveConf of name hive.metastore.client.cache.recordStats does not exist
2024-04-24T12:35:17,884  WARN [main] conf.HiveConf: HiveConf of name hive.dummyparam.test.server.specific.config.metastoresite does not exist
2024-04-24T12:35:17,884  WARN [main] conf.HiveConf: HiveConf of name hive.llap.io.cache.orc.size does not exist
2024-04-24T12:35:17,884  WARN [main] conf.HiveConf: HiveConf of name hive.metastore.metadb.dir does not exist
2024-04-24T12:35:17,885  WARN [main] conf.HiveConf: HiveConf of name hive.dummyparam.test.server.specific.config.hivesite does not exist
2024-04-24T12:35:17,908  INFO [main] utils.TestTxnDbUtil: Cleaning transactional tables
2024-04-24T12:35:18,572  INFO [main] utils.TestTxnDbUtil: Creating transactional tables
2024-04-24T12:35:18,582  INFO [main] utils.TestTxnDbUtil: Reinitializing the metastore db with hive-schema-4.0.0.derby.sql on the database jdbc:derby:memory:/home/alex/Repositories/hive/streaming/target/tmp/junit_metastore_db;create=true
2024-04-24T12:35:19,537  INFO [main] metastore.HiveMetaStoreClient: HMS client filtering is enabled.
2024-04-24T12:35:19,691  INFO [main] metastore.HMSHandler: 0: Opening raw store with implementation class:org.apache.hadoop.hive.metastore.ObjectStore
2024-04-24T12:35:19,726  INFO [main] metastore.PersistenceManagerProvider: Configuration datanucleus.autoStartMechanismMode is not set. Defaulting to 'ignored'
2024-04-24T12:35:19,730  INFO [main] metastore.PersistenceManagerProvider: Updating the pmf due to property change
2024-04-24T12:35:19,730  INFO [main] metastore.PersistenceManagerProvider: Current pmf properties are uninitialized
2024-04-24T12:35:19,748  WARN [main] hikari.HikariConfig: HikariPool-1 - leakDetectionThreshold is less than 2000ms or more than maxLifetime, disabling it.
2024-04-24T12:35:19,753  INFO [main] hikari.HikariDataSource: HikariPool-1 - Starting...
2024-04-24T12:35:19,765  INFO [main] pool.PoolBase: HikariPool-1 - Driver does not support get/set network timeout for connections. (Feature not implemented: No details.)
2024-04-24T12:35:19,767  INFO [main] hikari.HikariDataSource: HikariPool-1 - Start completed.
2024-04-24T12:35:20,222  INFO [main] metastore.PersistenceManagerProvider: Setting MetaStore object pin classes with hive.metastore.cache.pinobjtypes="Table,StorageDescriptor,SerDeInfo,Partition,Database,Type,FieldSchema,Order"
2024-04-24T12:35:20,223  INFO [main] metastore.ObjectStore: RawStore: org.apache.hadoop.hive.metastore.ObjectStore@3a90c13c, with PersistenceManager: null will be shutdown
2024-04-24T12:35:20,245  INFO [main] metastore.ObjectStore: RawStore: org.apache.hadoop.hive.metastore.ObjectStore@3a90c13c, with PersistenceManager: org.datanucleus.api.jdo.JDOPersistenceManager@518ddd3b created in the thread with id: 1
2024-04-24T12:35:22,318  INFO [main] metastore.HMSHandler: Created RawStore: org.apache.hadoop.hive.metastore.ObjectStore@3a90c13c from thread id: 1
2024-04-24T12:35:22,332  INFO [main] metastore.HMSHandler: Setting location of default catalog, as it hasn't been done after upgrade
2024-04-24T12:35:22,621  INFO [main] metastore.HMSHandler: Started creating a default database with name: default
2024-04-24T12:35:22,672  INFO [main] metastore.HMSHandler: Successfully created a default database with name: default
2024-04-24T12:35:22,690  INFO [main] metastore.HMSHandler: Added admin role in metastore
2024-04-24T12:35:22,693  INFO [main] metastore.HMSHandler: Added public role in metastore
2024-04-24T12:35:22,757  INFO [main] metastore.HMSHandler: Added hive_admin_user to admin role
2024-04-24T12:35:22,764  INFO [main] metastore.HMSHandler: Scheduling for org.apache.hadoop.hive.metastore.ReplicationMetricsMaintTask service with frequency 86400000ms.
2024-04-24T12:35:22,767  INFO [main] metastore.HMSHandler: Scheduling for org.apache.hadoop.hive.metastore.HiveProtoEventsCleanerTask service with frequency 86400000ms.
2024-04-24T12:35:22,768  INFO [main] metastore.HMSHandler: Scheduling for org.apache.hadoop.hive.metastore.RuntimeStatsCleanerTask service with frequency 3600000ms.
2024-04-24T12:35:22,769  INFO [main] metastore.HMSHandler: Scheduling for org.apache.hadoop.hive.metastore.events.EventCleanerTask service with frequency 0ms.
2024-04-24T12:35:22,770  INFO [main] metastore.HMSHandler: Scheduling for org.apache.hadoop.hive.metastore.ScheduledQueryExecutionsMaintTask service with frequency 60000ms.
2024-04-24T12:35:22,796  WARN [main] hikari.HikariConfig: HikariPool-2 - leakDetectionThreshold is less than 2000ms or more than maxLifetime, disabling it.
2024-04-24T12:35:22,798  INFO [main] hikari.HikariDataSource: HikariPool-2 - Starting...
2024-04-24T12:35:22,800  INFO [main] pool.PoolBase: HikariPool-2 - Driver does not support get/set network timeout for connections. (Feature not implemented: No details.)
2024-04-24T12:35:22,801  INFO [main] hikari.HikariDataSource: HikariPool-2 - Start completed.
2024-04-24T12:35:22,803  WARN [main] hikari.HikariConfig: HikariPool-3 - leakDetectionThreshold is less than 2000ms or more than maxLifetime, disabling it.
2024-04-24T12:35:22,805  INFO [main] hikari.HikariDataSource: HikariPool-3 - Starting...
2024-04-24T12:35:22,806  INFO [main] pool.PoolBase: HikariPool-3 - Driver does not support get/set network timeout for connections. (Feature not implemented: No details.)
2024-04-24T12:35:22,807  INFO [main] hikari.HikariDataSource: HikariPool-3 - Start completed.
2024-04-24T12:35:22,810  INFO [main] metastore.HMSHandler: Scheduling for org.apache.hadoop.hive.metastore.metrics.AcidMetricService service with frequency 300000ms.
2024-04-24T12:35:22,813  INFO [main] metastore.HMSHandler: HMS server filtering is disabled by configuration
Hive Session ID = c4632d2d-f3c6-483f-9347-417c20a0e585
2024-04-24T12:35:22,988  INFO [main] SessionState: Hive Session ID = c4632d2d-f3c6-483f-9347-417c20a0e585
ivysettings.xml file not found in HIVE_HOME or HIVE_CONF_DIR,/home/alex/Repositories/hive/conf/ivysettings.xml will be used
2024-04-24T12:35:23,000  INFO [main] DependencyResolver: ivysettings.xml file not found in HIVE_HOME or HIVE_CONF_DIR,/home/alex/Repositories/hive/conf/ivysettings.xml will be used
2024-04-24T12:35:23,060  INFO [main] session.SessionState: Created HDFS directory: /home/alex/Repositories/hive/streaming/target/tmp/scratchdir/alex/c4632d2d-f3c6-483f-9347-417c20a0e585
2024-04-24T12:35:23,064  INFO [main] session.SessionState: Created local directory: /home/alex/Repositories/hive/streaming/target/tmp/localscratchdir/c4632d2d-f3c6-483f-9347-417c20a0e585
2024-04-24T12:35:23,067  INFO [main] session.SessionState: Created HDFS directory: /home/alex/Repositories/hive/streaming/target/tmp/scratchdir/alex/c4632d2d-f3c6-483f-9347-417c20a0e585/_tmp_space.db
2024-04-24T12:35:23,092  INFO [main] HiveMetaStore.audit: ugi=alex	ip=unknown-ip-addr	cmd=get_table_names_by_filter: db = @hive#testing, filter = 	
2024-04-24T12:35:23,104  INFO [main] HiveMetaStore.audit: ugi=alex	ip=unknown-ip-addr	cmd=get_database: testing	
2024-04-24T12:35:23,150  INFO [main] ql.Driver: Compiling command(queryId=alex_20240424123523_d9e299c9-962f-4c32-8ea0-dd2e3417fab8): create database IF NOT EXISTS testing location 'raw:///home/alex/Repositories/hive/streaming/target/tmp/junit6098227790917992842/testing.db'
2024-04-24T12:35:24,316  WARN [main] exec.FunctionRegistry: UDF Class org.apache.datasketches.hive.theta.UnionSketchUDF does not have description. Please annotate the class with the org.apache.hadoop.hive.ql.exec.Description annotation and provide the description of the function.
2024-04-24T12:35:24,317  WARN [main] exec.FunctionRegistry: UDF Class org.apache.datasketches.hive.theta.IntersectSketchUDF does not have description. Please annotate the class with the org.apache.hadoop.hive.ql.exec.Description annotation and provide the description of the function.
2024-04-24T12:35:24,317  WARN [main] exec.FunctionRegistry: UDF Class org.apache.datasketches.hive.theta.ExcludeSketchUDF does not have description. Please annotate the class with the org.apache.hadoop.hive.ql.exec.Description annotation and provide the description of the function.
2024-04-24T12:35:24,318  WARN [main] exec.FunctionRegistry: UDF Class org.apache.datasketches.hive.theta.EstimateSketchUDF does not have description. Please annotate the class with the org.apache.hadoop.hive.ql.exec.Description annotation and provide the description of the function.
2024-04-24T12:35:24,321  WARN [main] exec.FunctionRegistry: UDF Class org.apache.datasketches.hive.cpc.UnionSketchUDF does not have description. Please annotate the class with the org.apache.hadoop.hive.ql.exec.Description annotation and provide the description of the function.
2024-04-24T12:35:24,328  WARN [main] exec.FunctionRegistry: UDF Class org.apache.datasketches.hive.hll.UnionSketchUDF does not have description. Please annotate the class with the org.apache.hadoop.hive.ql.exec.Description annotation and provide the description of the function.
2024-04-24T12:35:24,331  WARN [main] exec.FunctionRegistry: UDF Class org.apache.datasketches.hive.tuple.ArrayOfDoublesSketchToValuesUDTF does not have description. Please annotate the class with the org.apache.hadoop.hive.ql.exec.Description annotation and provide the description of the function.
2024-04-24T12:35:24,392  INFO [main] metastore.HiveMetaStoreClient: HMS client filtering is enabled.
2024-04-24T12:35:24,392  INFO [main] metastore.PersistenceManagerProvider: Configuration datanucleus.autoStartMechanismMode is not set. Defaulting to 'ignored'
2024-04-24T12:35:24,394  INFO [main] metastore.ObjectStore: RawStore: org.apache.hadoop.hive.metastore.ObjectStore@3a90c13c, with PersistenceManager: org.datanucleus.api.jdo.JDOPersistenceManager@518ddd3b will be shutdown
2024-04-24T12:35:24,394  INFO [main] metastore.ObjectStore: RawStore: org.apache.hadoop.hive.metastore.ObjectStore@3a90c13c, with PersistenceManager: org.datanucleus.api.jdo.JDOPersistenceManager@e881e46 created in the thread with id: 1
2024-04-24T12:35:24,399  INFO [main] metastore.HMSHandler: HMS server filtering is disabled by configuration
2024-04-24T12:35:24,399  INFO [main] metastore.RetryingMetaStoreClient: RetryingMetaStoreClient proxy=class org.apache.hadoop.hive.ql.metadata.SessionHiveMetaStoreClient ugi=alex (auth:SIMPLE) retries=1 delay=1 lifetime=0
2024-04-24T12:35:24,435  INFO [main] HiveMetaStore.audit: ugi=alex	ip=unknown-ip-addr	cmd=get_all_functions	
2024-04-24T12:35:24,666  INFO [main] reflections.Reflections: Reflections took 175 ms to scan 1 urls, producing 53 keys and 784 values 
2024-04-24T12:35:24,818  INFO [main] reflections.Reflections: Reflections took 117 ms to scan 1 urls, producing 53 keys and 784 values 
2024-04-24T12:35:24,949  INFO [main] reflections.Reflections: Reflections took 125 ms to scan 1 urls, producing 53 keys and 784 values 
2024-04-24T12:35:24,985  INFO [main] txn.TxnHandler: Added entries to MIN_HISTORY_LEVEL for current txns: ([1]) with min_open_txn: 1
2024-04-24T12:35:25,002  INFO [main] lockmgr.DbTxnManager: Opened txnid:1
2024-04-24T12:35:25,126  INFO [main] reflections.Reflections: Reflections took 110 ms to scan 1 urls, producing 53 keys and 784 values 
2024-04-24T12:35:25,183  INFO [main] ql.Driver: Semantic Analysis Completed (retrial = false)
2024-04-24T12:35:25,185  INFO [main] ql.Driver: Created Hive schema: Schema(fieldSchemas:null, properties:null)
2024-04-24T12:35:25,188  INFO [main] metadata.Hive: Dumping metastore api call timing information for : compilation phase
2024-04-24T12:35:25,189  INFO [main] metadata.Hive: Total time spent in each metastore function (ms): {flushCache_()=0, isCompatibleWith_(Configuration)=1, getAllFunctions_()=18, getValidTxns_(long)=8, openTxn_(String, TxnType)=43}
2024-04-24T12:35:25,189  INFO [main] ql.Driver: Completed compiling command(queryId=alex_20240424123523_d9e299c9-962f-4c32-8ea0-dd2e3417fab8); Time taken: 2.041 seconds
2024-04-24T12:35:25,190  INFO [main] reexec.ReExecDriver: Execution #1 of query
2024-04-24T12:35:25,192  INFO [main] lockmgr.DbTxnManager: Setting lock request transaction to txnid:1 for queryId=alex_20240424123523_d9e299c9-962f-4c32-8ea0-dd2e3417fab8
2024-04-24T12:35:25,200  INFO [main] ql.Driver: Operation CREATEDATABASE obtained 0 locks
2024-04-24T12:35:25,203  INFO [main] ql.Driver: Executing command(queryId=alex_20240424123523_d9e299c9-962f-4c32-8ea0-dd2e3417fab8): create database IF NOT EXISTS testing location 'raw:///home/alex/Repositories/hive/streaming/target/tmp/junit6098227790917992842/testing.db'
PREHOOK: query: create database IF NOT EXISTS testing location 'raw:///home/alex/Repositories/hive/streaming/target/tmp/junit6098227790917992842/testing.db'
2024-04-24T12:35:25,204  INFO [main] SessionState: PREHOOK: query: create database IF NOT EXISTS testing location 'raw:///home/alex/Repositories/hive/streaming/target/tmp/junit6098227790917992842/testing.db'
PREHOOK: type: CREATEDATABASE
2024-04-24T12:35:25,204  INFO [main] SessionState: PREHOOK: type: CREATEDATABASE
PREHOOK: Output: database:testing
2024-04-24T12:35:25,205  INFO [main] SessionState: PREHOOK: Output: database:testing
PREHOOK: Output: raw:/home/alex/Repositories/hive/streaming/target/tmp/junit6098227790917992842/testing.db
2024-04-24T12:35:25,205  INFO [main] SessionState: PREHOOK: Output: raw:/home/alex/Repositories/hive/streaming/target/tmp/junit6098227790917992842/testing.db
2024-04-24T12:35:25,209  INFO [main] ql.Driver: Starting task [Stage-0:DDL] in serial mode
2024-04-24T12:35:25,228  INFO [main] sqlstd.SQLStdHiveAccessController: Created SQLStdHiveAccessController for session context : HiveAuthzSessionContext [sessionString=c4632d2d-f3c6-483f-9347-417c20a0e585, clientType=HIVECLI]
2024-04-24T12:35:25,230  INFO [main] metastore.HiveMetaStoreClient: Mestastore configuration metastore.filter.hook changed from org.apache.hadoop.hive.metastore.DefaultMetaStoreFilterHookImpl to org.apache.hadoop.hive.ql.security.authorization.plugin.AuthorizationMetaStoreFilterHook
2024-04-24T12:35:25,232  INFO [main] HiveMetaStore.audit: ugi=alex	ip=unknown-ip-addr	cmd=Cleaning up thread local RawStore...	
2024-04-24T12:35:25,232  INFO [main] metastore.ObjectStore: RawStore: org.apache.hadoop.hive.metastore.ObjectStore@3a90c13c, with PersistenceManager: org.datanucleus.api.jdo.JDOPersistenceManager@e881e46 will be shutdown
2024-04-24T12:35:25,233  INFO [main] HiveMetaStore.audit: ugi=alex	ip=unknown-ip-addr	cmd=Done cleaning up thread local RawStore	
2024-04-24T12:35:25,233  INFO [main] metastore.HiveMetaStoreClient: Closed a connection to metastore, current connections: -1
2024-04-24T12:35:25,235  INFO [main] metastore.HiveMetaStoreClient: HMS client filtering is enabled.
2024-04-24T12:35:25,237  INFO [main] metastore.HMSHandler: 0: Opening raw store with implementation class:org.apache.hadoop.hive.metastore.ObjectStore
2024-04-24T12:35:25,237  INFO [main] metastore.PersistenceManagerProvider: Configuration datanucleus.autoStartMechanismMode is not set. Defaulting to 'ignored'
2024-04-24T12:35:25,239  INFO [main] metastore.ObjectStore: RawStore: org.apache.hadoop.hive.metastore.ObjectStore@61554b6b, with PersistenceManager: null will be shutdown
2024-04-24T12:35:25,240  INFO [main] metastore.ObjectStore: RawStore: org.apache.hadoop.hive.metastore.ObjectStore@61554b6b, with PersistenceManager: org.datanucleus.api.jdo.JDOPersistenceManager@761f234c created in the thread with id: 1
2024-04-24T12:35:25,245  INFO [main] metastore.HMSHandler: Created RawStore: org.apache.hadoop.hive.metastore.ObjectStore@61554b6b from thread id: 1
2024-04-24T12:35:25,245  INFO [main] metastore.HMSHandler: HMS server filtering is disabled by configuration
2024-04-24T12:35:25,246  INFO [main] metastore.RetryingMetaStoreClient: RetryingMetaStoreClient proxy=class org.apache.hadoop.hive.ql.metadata.SessionHiveMetaStoreClient ugi=alex (auth:SIMPLE) retries=1 delay=1 lifetime=0
2024-04-24T12:35:25,250  INFO [main] metastore.HiveMetaStoreClient: HMS client filtering is enabled.
2024-04-24T12:35:25,250  INFO [main] metastore.PersistenceManagerProvider: Configuration datanucleus.autoStartMechanismMode is not set. Defaulting to 'ignored'
2024-04-24T12:35:25,251  INFO [main] metastore.ObjectStore: RawStore: org.apache.hadoop.hive.metastore.ObjectStore@61554b6b, with PersistenceManager: org.datanucleus.api.jdo.JDOPersistenceManager@761f234c will be shutdown
2024-04-24T12:35:25,252  INFO [main] metastore.ObjectStore: RawStore: org.apache.hadoop.hive.metastore.ObjectStore@61554b6b, with PersistenceManager: org.datanucleus.api.jdo.JDOPersistenceManager@250a946 created in the thread with id: 1
2024-04-24T12:35:25,256  INFO [main] metastore.HMSHandler: HMS server filtering is disabled by configuration
2024-04-24T12:35:25,257  INFO [main] metastore.RetryingMetaStoreClient: RetryingMetaStoreClient proxy=class org.apache.hadoop.hive.ql.metadata.SessionHiveMetaStoreClient ugi=alex (auth:SIMPLE) retries=1 delay=1 lifetime=0
2024-04-24T12:35:25,257  INFO [main] HiveMetaStore.audit: ugi=alex	ip=unknown-ip-addr	cmd=create_database: Database(name:testing, description:null, locationUri:raw:/home/alex/Repositories/hive/streaming/target/tmp/junit6098227790917992842/testing.db, parameters:null, ownerName:alex, ownerType:USER, catalogName:hive, managedLocationUri:pfile:/home/alex/Repositories/hive/streaming/target/warehouse/testing.db, type:NATIVE)	
2024-04-24T12:35:25,271 ERROR [main] metastore.RetryingHMSHandler: MetaException(message:Unable to create database managed directory pfile:/home/alex/Repositories/hive/streaming/target/warehouse/testing.db, failed to create database testing)
	at org.apache.hadoop.hive.metastore.HMSHandler.create_database_core(HMSHandler.java:1366)
	at org.apache.hadoop.hive.metastore.HMSHandler.create_database(HMSHandler.java:1486)
	at sun.reflect.NativeMethodAccessorImpl.invoke0(Native Method)
	at sun.reflect.NativeMethodAccessorImpl.invoke(NativeMethodAccessorImpl.java:62)
	at sun.reflect.DelegatingMethodAccessorImpl.invoke(DelegatingMethodAccessorImpl.java:43)
	at java.lang.reflect.Method.invoke(Method.java:498)
	at org.apache.hadoop.hive.metastore.RetryingHMSHandler.invokeInternal(RetryingHMSHandler.java:147)
	at org.apache.hadoop.hive.metastore.RetryingHMSHandler.invoke(RetryingHMSHandler.java:108)
	at com.sun.proxy.$Proxy38.create_database(Unknown Source)
	at org.apache.hadoop.hive.metastore.HiveMetaStoreClient.createDatabase(HiveMetaStoreClient.java:1151)
	at sun.reflect.NativeMethodAccessorImpl.invoke0(Native Method)
	at sun.reflect.NativeMethodAccessorImpl.invoke(NativeMethodAccessorImpl.java:62)
	at sun.reflect.DelegatingMethodAccessorImpl.invoke(DelegatingMethodAccessorImpl.java:43)
	at java.lang.reflect.Method.invoke(Method.java:498)
	at org.apache.hadoop.hive.metastore.RetryingMetaStoreClient.invoke(RetryingMetaStoreClient.java:218)
	at com.sun.proxy.$Proxy47.createDatabase(Unknown Source)
	at org.apache.hadoop.hive.ql.metadata.Hive.createDatabase(Hive.java:605)
	at org.apache.hadoop.hive.ql.ddl.database.create.CreateDatabaseOperation.execute(CreateDatabaseOperation.java:68)
	at org.apache.hadoop.hive.ql.ddl.DDLTask.execute(DDLTask.java:84)
	at org.apache.hadoop.hive.ql.exec.Task.executeTask(Task.java:212)
	at org.apache.hadoop.hive.ql.exec.TaskRunner.runSequential(TaskRunner.java:105)
	at org.apache.hadoop.hive.ql.Executor.launchTask(Executor.java:361)
	at org.apache.hadoop.hive.ql.Executor.launchTasks(Executor.java:334)
	at org.apache.hadoop.hive.ql.Executor.runTasks(Executor.java:245)
	at org.apache.hadoop.hive.ql.Executor.execute(Executor.java:108)
	at org.apache.hadoop.hive.ql.Driver.execute(Driver.java:348)
	at org.apache.hadoop.hive.ql.Driver.runInternal(Driver.java:204)
	at org.apache.hadoop.hive.ql.Driver.run(Driver.java:153)
	at org.apache.hadoop.hive.ql.Driver.run(Driver.java:148)
	at org.apache.hadoop.hive.ql.reexec.ReExecDriver.run(ReExecDriver.java:164)
	at org.apache.hadoop.hive.ql.reexec.ReExecDriver.run(ReExecDriver.java:230)
	at org.apache.hive.streaming.TestStreamingDynamicPartitioning.runDDL(TestStreamingDynamicPartitioning.java:829)
	at org.apache.hive.streaming.TestStreamingDynamicPartitioning.createDbAndTable(TestStreamingDynamicPartitioning.java:875)
	at org.apache.hive.streaming.TestStreamingDynamicPartitioning.setup(TestStreamingDynamicPartitioning.java:155)
	at sun.reflect.NativeMethodAccessorImpl.invoke0(Native Method)
	at sun.reflect.NativeMethodAccessorImpl.invoke(NativeMethodAccessorImpl.java:62)
	at sun.reflect.DelegatingMethodAccessorImpl.invoke(DelegatingMethodAccessorImpl.java:43)
	at java.lang.reflect.Method.invoke(Method.java:498)
	at org.junit.runners.model.FrameworkMethod$1.runReflectiveCall(FrameworkMethod.java:59)
	at org.junit.internal.runners.model.ReflectiveCallable.run(ReflectiveCallable.java:12)
	at org.junit.runners.model.FrameworkMethod.invokeExplosively(FrameworkMethod.java:56)
	at org.junit.internal.runners.statements.RunBefores.invokeMethod(RunBefores.java:33)
	at org.junit.internal.runners.statements.RunBefores.evaluate(RunBefores.java:24)
	at org.junit.internal.runners.statements.RunAfters.evaluate(RunAfters.java:27)
	at org.junit.rules.ExternalResource$1.evaluate(ExternalResource.java:54)
	at org.junit.runners.ParentRunner$3.evaluate(ParentRunner.java:306)
	at org.junit.runners.BlockJUnit4ClassRunner$1.evaluate(BlockJUnit4ClassRunner.java:100)
	at org.junit.runners.ParentRunner.runLeaf(ParentRunner.java:366)
	at org.junit.runners.BlockJUnit4ClassRunner.runChild(BlockJUnit4ClassRunner.java:103)
	at org.junit.runners.BlockJUnit4ClassRunner.runChild(BlockJUnit4ClassRunner.java:63)
	at org.junit.runners.ParentRunner$4.run(ParentRunner.java:331)
	at org.junit.runners.ParentRunner$1.schedule(ParentRunner.java:79)
	at org.junit.runners.ParentRunner.runChildren(ParentRunner.java:329)
	at org.junit.runners.ParentRunner.access$100(ParentRunner.java:66)
	at org.junit.runners.ParentRunner$2.evaluate(ParentRunner.java:293)
	at org.junit.runners.ParentRunner$3.evaluate(ParentRunner.java:306)
	at org.junit.runners.ParentRunner.run(ParentRunner.java:413)
	at org.junit.runner.JUnitCore.run(JUnitCore.java:137)
	at org.junit.runner.JUnitCore.run(JUnitCore.java:115)
	at org.junit.vintage.engine.execution.RunnerExecutor.execute(RunnerExecutor.java:43)
	at java.util.stream.ForEachOps$ForEachOp$OfRef.accept(ForEachOps.java:183)
	at java.util.stream.ReferencePipeline$3$1.accept(ReferencePipeline.java:193)
	at java.util.Iterator.forEachRemaining(Iterator.java:116)
	at java.util.Spliterators$IteratorSpliterator.forEachRemaining(Spliterators.java:1801)
	at java.util.stream.AbstractPipeline.copyInto(AbstractPipeline.java:482)
	at java.util.stream.AbstractPipeline.wrapAndCopyInto(AbstractPipeline.java:472)
	at java.util.stream.ForEachOps$ForEachOp.evaluateSequential(ForEachOps.java:150)
	at java.util.stream.ForEachOps$ForEachOp$OfRef.evaluateSequential(ForEachOps.java:173)
	at java.util.stream.AbstractPipeline.evaluate(AbstractPipeline.java:234)
	at java.util.stream.ReferencePipeline.forEach(ReferencePipeline.java:485)
	at org.junit.vintage.engine.VintageTestEngine.executeAllChildren(VintageTestEngine.java:82)
	at org.junit.vintage.engine.VintageTestEngine.execute(VintageTestEngine.java:73)
	at org.junit.platform.launcher.core.DefaultLauncher.execute(DefaultLauncher.java:248)
	at org.junit.platform.launcher.core.DefaultLauncher.lambda$execute$5(DefaultLauncher.java:211)
	at org.junit.platform.launcher.core.DefaultLauncher.withInterceptedStreams(DefaultLauncher.java:226)
	at org.junit.platform.launcher.core.DefaultLauncher.execute(DefaultLauncher.java:199)
	at org.junit.platform.launcher.core.DefaultLauncher.execute(DefaultLauncher.java:132)
	at org.apache.maven.surefire.junitplatform.JUnitPlatformProvider.invokeAllTests(JUnitPlatformProvider.java:154)
	at org.apache.maven.surefire.junitplatform.JUnitPlatformProvider.invoke(JUnitPlatformProvider.java:123)
	at org.apache.maven.surefire.booter.ForkedBooter.runSuitesInProcess(ForkedBooter.java:377)
	at org.apache.maven.surefire.booter.ForkedBooter.execute(ForkedBooter.java:138)
	at org.apache.maven.surefire.booter.ForkedBooter.run(ForkedBooter.java:465)
	at org.apache.maven.surefire.booter.ForkedBooter.main(ForkedBooter.java:451)

2024-04-24T12:35:25,286 ERROR [main] exec.Task: Failed
org.apache.hadoop.hive.ql.metadata.HiveException: MetaException(message:Unable to create database managed directory pfile:/home/alex/Repositories/hive/streaming/target/warehouse/testing.db, failed to create database testing)
	at org.apache.hadoop.hive.ql.metadata.Hive.createDatabase(Hive.java:611) ~[classes/:?]
	at org.apache.hadoop.hive.ql.ddl.database.create.CreateDatabaseOperation.execute(CreateDatabaseOperation.java:68) ~[classes/:?]
	at org.apache.hadoop.hive.ql.ddl.DDLTask.execute(DDLTask.java:84) ~[classes/:?]
	at org.apache.hadoop.hive.ql.exec.Task.executeTask(Task.java:212) ~[classes/:?]
	at org.apache.hadoop.hive.ql.exec.TaskRunner.runSequential(TaskRunner.java:105) ~[classes/:?]
	at org.apache.hadoop.hive.ql.Executor.launchTask(Executor.java:361) ~[classes/:?]
	at org.apache.hadoop.hive.ql.Executor.launchTasks(Executor.java:334) ~[classes/:?]
	at org.apache.hadoop.hive.ql.Executor.runTasks(Executor.java:245) ~[classes/:?]
	at org.apache.hadoop.hive.ql.Executor.execute(Executor.java:108) ~[classes/:?]
	at org.apache.hadoop.hive.ql.Driver.execute(Driver.java:348) ~[classes/:?]
	at org.apache.hadoop.hive.ql.Driver.runInternal(Driver.java:204) ~[classes/:?]
	at org.apache.hadoop.hive.ql.Driver.run(Driver.java:153) ~[classes/:?]
	at org.apache.hadoop.hive.ql.Driver.run(Driver.java:148) ~[classes/:?]
	at org.apache.hadoop.hive.ql.reexec.ReExecDriver.run(ReExecDriver.java:164) ~[classes/:?]
	at org.apache.hadoop.hive.ql.reexec.ReExecDriver.run(ReExecDriver.java:230) ~[classes/:?]
	at org.apache.hive.streaming.TestStreamingDynamicPartitioning.runDDL(TestStreamingDynamicPartitioning.java:829) ~[test-classes/:?]
	at org.apache.hive.streaming.TestStreamingDynamicPartitioning.createDbAndTable(TestStreamingDynamicPartitioning.java:875) ~[test-classes/:?]
	at org.apache.hive.streaming.TestStreamingDynamicPartitioning.setup(TestStreamingDynamicPartitioning.java:155) ~[test-classes/:?]
	at sun.reflect.NativeMethodAccessorImpl.invoke0(Native Method) ~[?:1.8.0_402]
	at sun.reflect.NativeMethodAccessorImpl.invoke(NativeMethodAccessorImpl.java:62) ~[?:1.8.0_402]
	at sun.reflect.DelegatingMethodAccessorImpl.invoke(DelegatingMethodAccessorImpl.java:43) ~[?:1.8.0_402]
	at java.lang.reflect.Method.invoke(Method.java:498) ~[?:1.8.0_402]
	at org.junit.runners.model.FrameworkMethod$1.runReflectiveCall(FrameworkMethod.java:59) ~[junit-4.13.jar:4.13]
	at org.junit.internal.runners.model.ReflectiveCallable.run(ReflectiveCallable.java:12) ~[junit-4.13.jar:4.13]
	at org.junit.runners.model.FrameworkMethod.invokeExplosively(FrameworkMethod.java:56) ~[junit-4.13.jar:4.13]
	at org.junit.internal.runners.statements.RunBefores.invokeMethod(RunBefores.java:33) ~[junit-4.13.jar:4.13]
	at org.junit.internal.runners.statements.RunBefores.evaluate(RunBefores.java:24) ~[junit-4.13.jar:4.13]
	at org.junit.internal.runners.statements.RunAfters.evaluate(RunAfters.java:27) ~[junit-4.13.jar:4.13]
	at org.junit.rules.ExternalResource$1.evaluate(ExternalResource.java:54) ~[junit-4.13.jar:4.13]
	at org.junit.runners.ParentRunner$3.evaluate(ParentRunner.java:306) ~[junit-4.13.jar:4.13]
	at org.junit.runners.BlockJUnit4ClassRunner$1.evaluate(BlockJUnit4ClassRunner.java:100) ~[junit-4.13.jar:4.13]
	at org.junit.runners.ParentRunner.runLeaf(ParentRunner.java:366) ~[junit-4.13.jar:4.13]
	at org.junit.runners.BlockJUnit4ClassRunner.runChild(BlockJUnit4ClassRunner.java:103) ~[junit-4.13.jar:4.13]
	at org.junit.runners.BlockJUnit4ClassRunner.runChild(BlockJUnit4ClassRunner.java:63) ~[junit-4.13.jar:4.13]
	at org.junit.runners.ParentRunner$4.run(ParentRunner.java:331) ~[junit-4.13.jar:4.13]
	at org.junit.runners.ParentRunner$1.schedule(ParentRunner.java:79) ~[junit-4.13.jar:4.13]
	at org.junit.runners.ParentRunner.runChildren(ParentRunner.java:329) ~[junit-4.13.jar:4.13]
	at org.junit.runners.ParentRunner.access$100(ParentRunner.java:66) ~[junit-4.13.jar:4.13]
	at org.junit.runners.ParentRunner$2.evaluate(ParentRunner.java:293) ~[junit-4.13.jar:4.13]
	at org.junit.runners.ParentRunner$3.evaluate(ParentRunner.java:306) ~[junit-4.13.jar:4.13]
	at org.junit.runners.ParentRunner.run(ParentRunner.java:413) ~[junit-4.13.jar:4.13]
	at org.junit.runner.JUnitCore.run(JUnitCore.java:137) ~[junit-4.13.jar:4.13]
	at org.junit.runner.JUnitCore.run(JUnitCore.java:115) ~[junit-4.13.jar:4.13]
	at org.junit.vintage.engine.execution.RunnerExecutor.execute(RunnerExecutor.java:43) ~[junit-vintage-engine-5.6.2.jar:5.6.2]
	at java.util.stream.ForEachOps$ForEachOp$OfRef.accept(ForEachOps.java:183) ~[?:1.8.0_402]
	at java.util.stream.ReferencePipeline$3$1.accept(ReferencePipeline.java:193) ~[?:1.8.0_402]
	at java.util.Iterator.forEachRemaining(Iterator.java:116) ~[?:1.8.0_402]
	at java.util.Spliterators$IteratorSpliterator.forEachRemaining(Spliterators.java:1801) ~[?:1.8.0_402]
	at java.util.stream.AbstractPipeline.copyInto(AbstractPipeline.java:482) ~[?:1.8.0_402]
	at java.util.stream.AbstractPipeline.wrapAndCopyInto(AbstractPipeline.java:472) ~[?:1.8.0_402]
	at java.util.stream.ForEachOps$ForEachOp.evaluateSequential(ForEachOps.java:150) ~[?:1.8.0_402]
	at java.util.stream.ForEachOps$ForEachOp$OfRef.evaluateSequential(ForEachOps.java:173) ~[?:1.8.0_402]
	at java.util.stream.AbstractPipeline.evaluate(AbstractPipeline.java:234) ~[?:1.8.0_402]
	at java.util.stream.ReferencePipeline.forEach(ReferencePipeline.java:485) ~[?:1.8.0_402]
	at org.junit.vintage.engine.VintageTestEngine.executeAllChildren(VintageTestEngine.java:82) ~[junit-vintage-engine-5.6.2.jar:5.6.2]
	at org.junit.vintage.engine.VintageTestEngine.execute(VintageTestEngine.java:73) ~[junit-vintage-engine-5.6.2.jar:5.6.2]
	at org.junit.platform.launcher.core.DefaultLauncher.execute(DefaultLauncher.java:248) ~[junit-platform-launcher-1.6.2.jar:1.6.2]
	at org.junit.platform.launcher.core.DefaultLauncher.lambda$execute$5(DefaultLauncher.java:211) ~[junit-platform-launcher-1.6.2.jar:1.6.2]
	at org.junit.platform.launcher.core.DefaultLauncher.withInterceptedStreams(DefaultLauncher.java:226) [junit-platform-launcher-1.6.2.jar:1.6.2]
	at org.junit.platform.launcher.core.DefaultLauncher.execute(DefaultLauncher.java:199) [junit-platform-launcher-1.6.2.jar:1.6.2]
	at org.junit.platform.launcher.core.DefaultLauncher.execute(DefaultLauncher.java:132) [junit-platform-launcher-1.6.2.jar:1.6.2]
	at org.apache.maven.surefire.junitplatform.JUnitPlatformProvider.invokeAllTests(JUnitPlatformProvider.java:154) [surefire-junit-platform-3.0.0-M4.jar:3.0.0-M4]
	at org.apache.maven.surefire.junitplatform.JUnitPlatformProvider.invoke(JUnitPlatformProvider.java:123) [surefire-junit-platform-3.0.0-M4.jar:3.0.0-M4]
	at org.apache.maven.surefire.booter.ForkedBooter.runSuitesInProcess(ForkedBooter.java:377) [surefire-booter-3.0.0-M4.jar:3.0.0-M4]
	at org.apache.maven.surefire.booter.ForkedBooter.execute(ForkedBooter.java:138) [surefire-booter-3.0.0-M4.jar:3.0.0-M4]
	at org.apache.maven.surefire.booter.ForkedBooter.run(ForkedBooter.java:465) [surefire-booter-3.0.0-M4.jar:3.0.0-M4]
	at org.apache.maven.surefire.booter.ForkedBooter.main(ForkedBooter.java:451) [surefire-booter-3.0.0-M4.jar:3.0.0-M4]
Caused by: org.apache.hadoop.hive.metastore.api.MetaException: Unable to create database managed directory pfile:/home/alex/Repositories/hive/streaming/target/warehouse/testing.db, failed to create database testing
	at org.apache.hadoop.hive.metastore.HMSHandler.create_database_core(HMSHandler.java:1366) ~[classes/:?]
	at org.apache.hadoop.hive.metastore.HMSHandler.create_database(HMSHandler.java:1486) ~[classes/:?]
	at sun.reflect.NativeMethodAccessorImpl.invoke0(Native Method) ~[?:1.8.0_402]
	at sun.reflect.NativeMethodAccessorImpl.invoke(NativeMethodAccessorImpl.java:62) ~[?:1.8.0_402]
	at sun.reflect.DelegatingMethodAccessorImpl.invoke(DelegatingMethodAccessorImpl.java:43) ~[?:1.8.0_402]
	at java.lang.reflect.Method.invoke(Method.java:498) ~[?:1.8.0_402]
	at org.apache.hadoop.hive.metastore.RetryingHMSHandler.invokeInternal(RetryingHMSHandler.java:147) ~[classes/:?]
	at org.apache.hadoop.hive.metastore.RetryingHMSHandler.invoke(RetryingHMSHandler.java:108) ~[classes/:?]
	at com.sun.proxy.$Proxy38.create_database(Unknown Source) ~[?:?]
	at org.apache.hadoop.hive.metastore.HiveMetaStoreClient.createDatabase(HiveMetaStoreClient.java:1151) ~[classes/:?]
	at sun.reflect.NativeMethodAccessorImpl.invoke0(Native Method) ~[?:1.8.0_402]
	at sun.reflect.NativeMethodAccessorImpl.invoke(NativeMethodAccessorImpl.java:62) ~[?:1.8.0_402]
	at sun.reflect.DelegatingMethodAccessorImpl.invoke(DelegatingMethodAccessorImpl.java:43) ~[?:1.8.0_402]
	at java.lang.reflect.Method.invoke(Method.java:498) ~[?:1.8.0_402]
	at org.apache.hadoop.hive.metastore.RetryingMetaStoreClient.invoke(RetryingMetaStoreClient.java:218) ~[classes/:?]
	at com.sun.proxy.$Proxy47.createDatabase(Unknown Source) ~[?:?]
	at org.apache.hadoop.hive.ql.metadata.Hive.createDatabase(Hive.java:605) ~[classes/:?]
	... 66 more
2024-04-24T12:35:25,288 ERROR [main] exec.Task: DDLTask failed, DDL Operation: class org.apache.hadoop.hive.ql.ddl.database.create.CreateDatabaseOperation
org.apache.hadoop.hive.ql.metadata.HiveException: MetaException(message:Unable to create database managed directory pfile:/home/alex/Repositories/hive/streaming/target/warehouse/testing.db, failed to create database testing)
	at org.apache.hadoop.hive.ql.metadata.Hive.createDatabase(Hive.java:611) ~[classes/:?]
	at org.apache.hadoop.hive.ql.ddl.database.create.CreateDatabaseOperation.execute(CreateDatabaseOperation.java:68) ~[classes/:?]
	at org.apache.hadoop.hive.ql.ddl.DDLTask.execute(DDLTask.java:84) ~[classes/:?]
	at org.apache.hadoop.hive.ql.exec.Task.executeTask(Task.java:212) ~[classes/:?]
	at org.apache.hadoop.hive.ql.exec.TaskRunner.runSequential(TaskRunner.java:105) ~[classes/:?]
	at org.apache.hadoop.hive.ql.Executor.launchTask(Executor.java:361) ~[classes/:?]
	at org.apache.hadoop.hive.ql.Executor.launchTasks(Executor.java:334) ~[classes/:?]
	at org.apache.hadoop.hive.ql.Executor.runTasks(Executor.java:245) ~[classes/:?]
	at org.apache.hadoop.hive.ql.Executor.execute(Executor.java:108) ~[classes/:?]
	at org.apache.hadoop.hive.ql.Driver.execute(Driver.java:348) ~[classes/:?]
	at org.apache.hadoop.hive.ql.Driver.runInternal(Driver.java:204) ~[classes/:?]
	at org.apache.hadoop.hive.ql.Driver.run(Driver.java:153) ~[classes/:?]
	at org.apache.hadoop.hive.ql.Driver.run(Driver.java:148) ~[classes/:?]
	at org.apache.hadoop.hive.ql.reexec.ReExecDriver.run(ReExecDriver.java:164) ~[classes/:?]
	at org.apache.hadoop.hive.ql.reexec.ReExecDriver.run(ReExecDriver.java:230) ~[classes/:?]
	at org.apache.hive.streaming.TestStreamingDynamicPartitioning.runDDL(TestStreamingDynamicPartitioning.java:829) ~[test-classes/:?]
	at org.apache.hive.streaming.TestStreamingDynamicPartitioning.createDbAndTable(TestStreamingDynamicPartitioning.java:875) ~[test-classes/:?]
	at org.apache.hive.streaming.TestStreamingDynamicPartitioning.setup(TestStreamingDynamicPartitioning.java:155) ~[test-classes/:?]
	at sun.reflect.NativeMethodAccessorImpl.invoke0(Native Method) ~[?:1.8.0_402]
	at sun.reflect.NativeMethodAccessorImpl.invoke(NativeMethodAccessorImpl.java:62) ~[?:1.8.0_402]
	at sun.reflect.DelegatingMethodAccessorImpl.invoke(DelegatingMethodAccessorImpl.java:43) ~[?:1.8.0_402]
	at java.lang.reflect.Method.invoke(Method.java:498) ~[?:1.8.0_402]
	at org.junit.runners.model.FrameworkMethod$1.runReflectiveCall(FrameworkMethod.java:59) ~[junit-4.13.jar:4.13]
	at org.junit.internal.runners.model.ReflectiveCallable.run(ReflectiveCallable.java:12) ~[junit-4.13.jar:4.13]
	at org.junit.runners.model.FrameworkMethod.invokeExplosively(FrameworkMethod.java:56) ~[junit-4.13.jar:4.13]
	at org.junit.internal.runners.statements.RunBefores.invokeMethod(RunBefores.java:33) ~[junit-4.13.jar:4.13]
	at org.junit.internal.runners.statements.RunBefores.evaluate(RunBefores.java:24) ~[junit-4.13.jar:4.13]
	at org.junit.internal.runners.statements.RunAfters.evaluate(RunAfters.java:27) ~[junit-4.13.jar:4.13]
	at org.junit.rules.ExternalResource$1.evaluate(ExternalResource.java:54) ~[junit-4.13.jar:4.13]
	at org.junit.runners.ParentRunner$3.evaluate(ParentRunner.java:306) ~[junit-4.13.jar:4.13]
	at org.junit.runners.BlockJUnit4ClassRunner$1.evaluate(BlockJUnit4ClassRunner.java:100) ~[junit-4.13.jar:4.13]
	at org.junit.runners.ParentRunner.runLeaf(ParentRunner.java:366) ~[junit-4.13.jar:4.13]
	at org.junit.runners.BlockJUnit4ClassRunner.runChild(BlockJUnit4ClassRunner.java:103) ~[junit-4.13.jar:4.13]
	at org.junit.runners.BlockJUnit4ClassRunner.runChild(BlockJUnit4ClassRunner.java:63) ~[junit-4.13.jar:4.13]
	at org.junit.runners.ParentRunner$4.run(ParentRunner.java:331) ~[junit-4.13.jar:4.13]
	at org.junit.runners.ParentRunner$1.schedule(ParentRunner.java:79) ~[junit-4.13.jar:4.13]
	at org.junit.runners.ParentRunner.runChildren(ParentRunner.java:329) ~[junit-4.13.jar:4.13]
	at org.junit.runners.ParentRunner.access$100(ParentRunner.java:66) ~[junit-4.13.jar:4.13]
	at org.junit.runners.ParentRunner$2.evaluate(ParentRunner.java:293) ~[junit-4.13.jar:4.13]
	at org.junit.runners.ParentRunner$3.evaluate(ParentRunner.java:306) ~[junit-4.13.jar:4.13]
	at org.junit.runners.ParentRunner.run(ParentRunner.java:413) ~[junit-4.13.jar:4.13]
	at org.junit.runner.JUnitCore.run(JUnitCore.java:137) ~[junit-4.13.jar:4.13]
	at org.junit.runner.JUnitCore.run(JUnitCore.java:115) ~[junit-4.13.jar:4.13]
	at org.junit.vintage.engine.execution.RunnerExecutor.execute(RunnerExecutor.java:43) ~[junit-vintage-engine-5.6.2.jar:5.6.2]
	at java.util.stream.ForEachOps$ForEachOp$OfRef.accept(ForEachOps.java:183) ~[?:1.8.0_402]
	at java.util.stream.ReferencePipeline$3$1.accept(ReferencePipeline.java:193) ~[?:1.8.0_402]
	at java.util.Iterator.forEachRemaining(Iterator.java:116) ~[?:1.8.0_402]
	at java.util.Spliterators$IteratorSpliterator.forEachRemaining(Spliterators.java:1801) ~[?:1.8.0_402]
	at java.util.stream.AbstractPipeline.copyInto(AbstractPipeline.java:482) ~[?:1.8.0_402]
	at java.util.stream.AbstractPipeline.wrapAndCopyInto(AbstractPipeline.java:472) ~[?:1.8.0_402]
	at java.util.stream.ForEachOps$ForEachOp.evaluateSequential(ForEachOps.java:150) ~[?:1.8.0_402]
	at java.util.stream.ForEachOps$ForEachOp$OfRef.evaluateSequential(ForEachOps.java:173) ~[?:1.8.0_402]
	at java.util.stream.AbstractPipeline.evaluate(AbstractPipeline.java:234) ~[?:1.8.0_402]
	at java.util.stream.ReferencePipeline.forEach(ReferencePipeline.java:485) ~[?:1.8.0_402]
	at org.junit.vintage.engine.VintageTestEngine.executeAllChildren(VintageTestEngine.java:82) ~[junit-vintage-engine-5.6.2.jar:5.6.2]
	at org.junit.vintage.engine.VintageTestEngine.execute(VintageTestEngine.java:73) ~[junit-vintage-engine-5.6.2.jar:5.6.2]
	at org.junit.platform.launcher.core.DefaultLauncher.execute(DefaultLauncher.java:248) ~[junit-platform-launcher-1.6.2.jar:1.6.2]
	at org.junit.platform.launcher.core.DefaultLauncher.lambda$execute$5(DefaultLauncher.java:211) ~[junit-platform-launcher-1.6.2.jar:1.6.2]
	at org.junit.platform.launcher.core.DefaultLauncher.withInterceptedStreams(DefaultLauncher.java:226) [junit-platform-launcher-1.6.2.jar:1.6.2]
	at org.junit.platform.launcher.core.DefaultLauncher.execute(DefaultLauncher.java:199) [junit-platform-launcher-1.6.2.jar:1.6.2]
	at org.junit.platform.launcher.core.DefaultLauncher.execute(DefaultLauncher.java:132) [junit-platform-launcher-1.6.2.jar:1.6.2]
	at org.apache.maven.surefire.junitplatform.JUnitPlatformProvider.invokeAllTests(JUnitPlatformProvider.java:154) [surefire-junit-platform-3.0.0-M4.jar:3.0.0-M4]
	at org.apache.maven.surefire.junitplatform.JUnitPlatformProvider.invoke(JUnitPlatformProvider.java:123) [surefire-junit-platform-3.0.0-M4.jar:3.0.0-M4]
	at org.apache.maven.surefire.booter.ForkedBooter.runSuitesInProcess(ForkedBooter.java:377) [surefire-booter-3.0.0-M4.jar:3.0.0-M4]
	at org.apache.maven.surefire.booter.ForkedBooter.execute(ForkedBooter.java:138) [surefire-booter-3.0.0-M4.jar:3.0.0-M4]
	at org.apache.maven.surefire.booter.ForkedBooter.run(ForkedBooter.java:465) [surefire-booter-3.0.0-M4.jar:3.0.0-M4]
	at org.apache.maven.surefire.booter.ForkedBooter.main(ForkedBooter.java:451) [surefire-booter-3.0.0-M4.jar:3.0.0-M4]
Caused by: org.apache.hadoop.hive.metastore.api.MetaException: Unable to create database managed directory pfile:/home/alex/Repositories/hive/streaming/target/warehouse/testing.db, failed to create database testing
	at org.apache.hadoop.hive.metastore.HMSHandler.create_database_core(HMSHandler.java:1366) ~[classes/:?]
	at org.apache.hadoop.hive.metastore.HMSHandler.create_database(HMSHandler.java:1486) ~[classes/:?]
	at sun.reflect.NativeMethodAccessorImpl.invoke0(Native Method) ~[?:1.8.0_402]
	at sun.reflect.NativeMethodAccessorImpl.invoke(NativeMethodAccessorImpl.java:62) ~[?:1.8.0_402]
	at sun.reflect.DelegatingMethodAccessorImpl.invoke(DelegatingMethodAccessorImpl.java:43) ~[?:1.8.0_402]
	at java.lang.reflect.Method.invoke(Method.java:498) ~[?:1.8.0_402]
	at org.apache.hadoop.hive.metastore.RetryingHMSHandler.invokeInternal(RetryingHMSHandler.java:147) ~[classes/:?]
	at org.apache.hadoop.hive.metastore.RetryingHMSHandler.invoke(RetryingHMSHandler.java:108) ~[classes/:?]
	at com.sun.proxy.$Proxy38.create_database(Unknown Source) ~[?:?]
	at org.apache.hadoop.hive.metastore.HiveMetaStoreClient.createDatabase(HiveMetaStoreClient.java:1151) ~[classes/:?]
	at sun.reflect.NativeMethodAccessorImpl.invoke0(Native Method) ~[?:1.8.0_402]
	at sun.reflect.NativeMethodAccessorImpl.invoke(NativeMethodAccessorImpl.java:62) ~[?:1.8.0_402]
	at sun.reflect.DelegatingMethodAccessorImpl.invoke(DelegatingMethodAccessorImpl.java:43) ~[?:1.8.0_402]
	at java.lang.reflect.Method.invoke(Method.java:498) ~[?:1.8.0_402]
	at org.apache.hadoop.hive.metastore.RetryingMetaStoreClient.invoke(RetryingMetaStoreClient.java:218) ~[classes/:?]
	at com.sun.proxy.$Proxy47.createDatabase(Unknown Source) ~[?:?]
	at org.apache.hadoop.hive.ql.metadata.Hive.createDatabase(Hive.java:605) ~[classes/:?]
	... 66 more
2024-04-24T12:35:25,292  INFO [main] reexec.ReOptimizePlugin: ReOptimization: retryPossible: false
2024-04-24T12:35:25,292  INFO [main] reexec.ReExecuteLostAMQueryPlugin: Got exception message: MetaException(message:Unable to create database managed directory pfile:/home/alex/Repositories/hive/streaming/target/warehouse/testing.db, failed to create database testing) retryPossible: false
2024-04-24T12:35:25,292  INFO [main] reexec.ReExecutionDagSubmitPlugin: Got exception message: MetaException(message:Unable to create database managed directory pfile:/home/alex/Repositories/hive/streaming/target/warehouse/testing.db, failed to create database testing) retryPossible: false
FAILED: Execution Error, return code 40000 from org.apache.hadoop.hive.ql.ddl.DDLTask. MetaException(message:Unable to create database managed directory pfile:/home/alex/Repositories/hive/streaming/target/warehouse/testing.db, failed to create database testing)
2024-04-24T12:35:25,293 ERROR [main] ql.Driver: FAILED: Execution Error, return code 40000 from org.apache.hadoop.hive.ql.ddl.DDLTask. MetaException(message:Unable to create database managed directory pfile:/home/alex/Repositories/hive/streaming/target/warehouse/testing.db, failed to create database testing)
2024-04-24T12:35:25,293  INFO [main] metadata.Hive: Dumping metastore api call timing information for : execution phase
2024-04-24T12:35:25,293  INFO [main] metadata.Hive: Total time spent in each metastore function (ms): {}
2024-04-24T12:35:25,294  INFO [main] ql.Driver: Completed executing command(queryId=alex_20240424123523_d9e299c9-962f-4c32-8ea0-dd2e3417fab8); Time taken: 0.09 seconds
2024-04-24T12:35:25,295  INFO [main] lockmgr.DbTxnManager: Stopped heartbeat for query: alex_20240424123523_d9e299c9-962f-4c32-8ea0-dd2e3417fab8
2024-04-24T12:35:25,295  INFO [main] metastore.HiveMetaStoreClient: Mestastore configuration metastore.filter.hook changed from org.apache.hadoop.hive.ql.security.authorization.plugin.AuthorizationMetaStoreFilterHook to org.apache.hadoop.hive.metastore.DefaultMetaStoreFilterHookImpl
2024-04-24T12:35:25,296  INFO [main] HiveMetaStore.audit: ugi=alex	ip=unknown-ip-addr	cmd=Cleaning up thread local RawStore...	
2024-04-24T12:35:25,296  INFO [main] metastore.ObjectStore: RawStore: org.apache.hadoop.hive.metastore.ObjectStore@61554b6b, with PersistenceManager: org.datanucleus.api.jdo.JDOPersistenceManager@250a946 will be shutdown
2024-04-24T12:35:25,296  INFO [main] HiveMetaStore.audit: ugi=alex	ip=unknown-ip-addr	cmd=Done cleaning up thread local RawStore	
2024-04-24T12:35:25,296  INFO [main] metastore.HiveMetaStoreClient: Closed a connection to metastore, current connections: -2
2024-04-24T12:35:25,298  INFO [main] metastore.HiveMetaStoreClient: HMS client filtering is enabled.
2024-04-24T12:35:25,300  INFO [main] metastore.HMSHandler: 0: Opening raw store with implementation class:org.apache.hadoop.hive.metastore.ObjectStore
2024-04-24T12:35:25,300  INFO [main] metastore.PersistenceManagerProvider: Configuration datanucleus.autoStartMechanismMode is not set. Defaulting to 'ignored'
2024-04-24T12:35:25,301  INFO [main] metastore.ObjectStore: RawStore: org.apache.hadoop.hive.metastore.ObjectStore@10166230, with PersistenceManager: null will be shutdown
2024-04-24T12:35:25,302  INFO [main] metastore.ObjectStore: RawStore: org.apache.hadoop.hive.metastore.ObjectStore@10166230, with PersistenceManager: org.datanucleus.api.jdo.JDOPersistenceManager@7221539 created in the thread with id: 1
2024-04-24T12:35:25,305  INFO [main] metastore.HMSHandler: Created RawStore: org.apache.hadoop.hive.metastore.ObjectStore@10166230 from thread id: 1
2024-04-24T12:35:25,305  INFO [main] metastore.HMSHandler: HMS server filtering is disabled by configuration
2024-04-24T12:35:25,305  INFO [main] metastore.RetryingMetaStoreClient: RetryingMetaStoreClient proxy=class org.apache.hadoop.hive.ql.metadata.SessionHiveMetaStoreClient ugi=alex (auth:SIMPLE) retries=1 delay=1 lifetime=0
2024-04-24T12:35:25,314  INFO [main] txn.TxnHandler: Removed transactions: ([1]) from MIN_HISTORY_LEVEL
2024-04-24T12:35:25,330 ERROR [main] streaming.TestStreamingDynamicPartitioning: Statement: create database IF NOT EXISTS testing location 'raw:///home/alex/Repositories/hive/streaming/target/tmp/junit6098227790917992842/testing.db' failed: (responseCode = 40000, errorMessage = FAILED: Execution Error, return code 40000 from org.apache.hadoop.hive.ql.ddl.DDLTask. MetaException(message:Unable to create database managed directory pfile:/home/alex/Repositories/hive/streaming/target/warehouse/testing.db, failed to create database testing), hiveErrorCode = 40000, SQLState = 08S01, exception = MetaException(message:Unable to create database managed directory pfile:/home/alex/Repositories/hive/streaming/target/warehouse/testing.db, failed to create database testing))
2024-04-24T12:35:25,331  INFO [main] ql.Driver: Compiling command(queryId=alex_20240424123523_d9e299c9-962f-4c32-8ea0-dd2e3417fab8): use testing
2024-04-24T12:35:25,332  INFO [main] HiveMetaStore.audit: ugi=alex	ip=unknown-ip-addr	cmd=get_database: testing	
FAILED: SemanticException [Error 10072]: Database does not exist: testing
2024-04-24T12:35:25,334 ERROR [main] ql.Driver: FAILED: SemanticException [Error 10072]: Database does not exist: testing
org.apache.hadoop.hive.ql.parse.SemanticException: Database does not exist: testing
	at org.apache.hadoop.hive.ql.parse.BaseSemanticAnalyzer.getDatabase(BaseSemanticAnalyzer.java:1812)
	at org.apache.hadoop.hive.ql.ddl.database.use.SwitchDatabaseAnalyzer.analyzeInternal(SwitchDatabaseAnalyzer.java:45)
	at org.apache.hadoop.hive.ql.parse.BaseSemanticAnalyzer.analyze(BaseSemanticAnalyzer.java:317)
	at org.apache.hadoop.hive.ql.Compiler.analyze(Compiler.java:223)
	at org.apache.hadoop.hive.ql.Compiler.compile(Compiler.java:105)
	at org.apache.hadoop.hive.ql.Driver.compile(Driver.java:500)
	at org.apache.hadoop.hive.ql.Driver.compileInternal(Driver.java:453)
	at org.apache.hadoop.hive.ql.Driver.compileAndRespond(Driver.java:417)
	at org.apache.hadoop.hive.ql.Driver.compileAndRespond(Driver.java:411)
	at org.apache.hadoop.hive.ql.reexec.ReExecDriver.compileAndRespond(ReExecDriver.java:125)
	at org.apache.hadoop.hive.ql.reexec.ReExecDriver.run(ReExecDriver.java:229)
	at org.apache.hive.streaming.TestStreamingDynamicPartitioning.runDDL(TestStreamingDynamicPartitioning.java:829)
	at org.apache.hive.streaming.TestStreamingDynamicPartitioning.createDbAndTable(TestStreamingDynamicPartitioning.java:876)
	at org.apache.hive.streaming.TestStreamingDynamicPartitioning.setup(TestStreamingDynamicPartitioning.java:155)
	at sun.reflect.NativeMethodAccessorImpl.invoke0(Native Method)
	at sun.reflect.NativeMethodAccessorImpl.invoke(NativeMethodAccessorImpl.java:62)
	at sun.reflect.DelegatingMethodAccessorImpl.invoke(DelegatingMethodAccessorImpl.java:43)
	at java.lang.reflect.Method.invoke(Method.java:498)
	at org.junit.runners.model.FrameworkMethod$1.runReflectiveCall(FrameworkMethod.java:59)
	at org.junit.internal.runners.model.ReflectiveCallable.run(ReflectiveCallable.java:12)
	at org.junit.runners.model.FrameworkMethod.invokeExplosively(FrameworkMethod.java:56)
	at org.junit.internal.runners.statements.RunBefores.invokeMethod(RunBefores.java:33)
	at org.junit.internal.runners.statements.RunBefores.evaluate(RunBefores.java:24)
	at org.junit.internal.runners.statements.RunAfters.evaluate(RunAfters.java:27)
	at org.junit.rules.ExternalResource$1.evaluate(ExternalResource.java:54)
	at org.junit.runners.ParentRunner$3.evaluate(ParentRunner.java:306)
	at org.junit.runners.BlockJUnit4ClassRunner$1.evaluate(BlockJUnit4ClassRunner.java:100)
	at org.junit.runners.ParentRunner.runLeaf(ParentRunner.java:366)
	at org.junit.runners.BlockJUnit4ClassRunner.runChild(BlockJUnit4ClassRunner.java:103)
	at org.junit.runners.BlockJUnit4ClassRunner.runChild(BlockJUnit4ClassRunner.java:63)
	at org.junit.runners.ParentRunner$4.run(ParentRunner.java:331)
	at org.junit.runners.ParentRunner$1.schedule(ParentRunner.java:79)
	at org.junit.runners.ParentRunner.runChildren(ParentRunner.java:329)
	at org.junit.runners.ParentRunner.access$100(ParentRunner.java:66)
	at org.junit.runners.ParentRunner$2.evaluate(ParentRunner.java:293)
	at org.junit.runners.ParentRunner$3.evaluate(ParentRunner.java:306)
	at org.junit.runners.ParentRunner.run(ParentRunner.java:413)
	at org.junit.runner.JUnitCore.run(JUnitCore.java:137)
	at org.junit.runner.JUnitCore.run(JUnitCore.java:115)
	at org.junit.vintage.engine.execution.RunnerExecutor.execute(RunnerExecutor.java:43)
	at java.util.stream.ForEachOps$ForEachOp$OfRef.accept(ForEachOps.java:183)
	at java.util.stream.ReferencePipeline$3$1.accept(ReferencePipeline.java:193)
	at java.util.Iterator.forEachRemaining(Iterator.java:116)
	at java.util.Spliterators$IteratorSpliterator.forEachRemaining(Spliterators.java:1801)
	at java.util.stream.AbstractPipeline.copyInto(AbstractPipeline.java:482)
	at java.util.stream.AbstractPipeline.wrapAndCopyInto(AbstractPipeline.java:472)
	at java.util.stream.ForEachOps$ForEachOp.evaluateSequential(ForEachOps.java:150)
	at java.util.stream.ForEachOps$ForEachOp$OfRef.evaluateSequential(ForEachOps.java:173)
	at java.util.stream.AbstractPipeline.evaluate(AbstractPipeline.java:234)
	at java.util.stream.ReferencePipeline.forEach(ReferencePipeline.java:485)
	at org.junit.vintage.engine.VintageTestEngine.executeAllChildren(VintageTestEngine.java:82)
	at org.junit.vintage.engine.VintageTestEngine.execute(VintageTestEngine.java:73)
	at org.junit.platform.launcher.core.DefaultLauncher.execute(DefaultLauncher.java:248)
	at org.junit.platform.launcher.core.DefaultLauncher.lambda$execute$5(DefaultLauncher.java:211)
	at org.junit.platform.launcher.core.DefaultLauncher.withInterceptedStreams(DefaultLauncher.java:226)
	at org.junit.platform.launcher.core.DefaultLauncher.execute(DefaultLauncher.java:199)
	at org.junit.platform.launcher.core.DefaultLauncher.execute(DefaultLauncher.java:132)
	at org.apache.maven.surefire.junitplatform.JUnitPlatformProvider.invokeAllTests(JUnitPlatformProvider.java:154)
	at org.apache.maven.surefire.junitplatform.JUnitPlatformProvider.invoke(JUnitPlatformProvider.java:123)
	at org.apache.maven.surefire.booter.ForkedBooter.runSuitesInProcess(ForkedBooter.java:377)
	at org.apache.maven.surefire.booter.ForkedBooter.execute(ForkedBooter.java:138)
	at org.apache.maven.surefire.booter.ForkedBooter.run(ForkedBooter.java:465)
	at org.apache.maven.surefire.booter.ForkedBooter.main(ForkedBooter.java:451)

2024-04-24T12:35:25,334  INFO [main] metadata.Hive: Dumping metastore api call timing information for : compilation phase
2024-04-24T12:35:25,334  INFO [main] metadata.Hive: Total time spent in each metastore function (ms): {rollbackTxn_(long)=24, isCompatibleWith_(Configuration)=1, flushCache_()=0}
2024-04-24T12:35:25,334  INFO [main] ql.Driver: Completed compiling command(queryId=alex_20240424123523_d9e299c9-962f-4c32-8ea0-dd2e3417fab8); Time taken: 0.003 seconds
2024-04-24T12:35:25,335  INFO [main] lockmgr.DbLockManager: releaseLocks: []
2024-04-24T12:35:25,335 ERROR [main] streaming.TestStreamingDynamicPartitioning: Statement: use testing failed: (responseCode = 10072, errorMessage = FAILED: SemanticException [Error 10072]: Database does not exist: testing, hiveErrorCode = 40000, SQLState = 42000, exception = Database does not exist: testing)
2024-04-24T12:35:25,335  INFO [main] ql.Driver: Compiling command(queryId=alex_20240424123523_d9e299c9-962f-4c32-8ea0-dd2e3417fab8): create table alerts ( id int,msg string ) partitioned by (Continent string,Country string ) clustered by ( id ) into 1 buckets  stored as orc  location 'raw:///home/alex/Repositories/hive/streaming/target/tmp/junit6098227790917992842/testing.db/alerts' TBLPROPERTIES ('transactional'='true') 
2024-04-24T12:35:25,402  INFO [main] txn.TxnHandler: Added entries to MIN_HISTORY_LEVEL for current txns: ([2]) with min_open_txn: 1
2024-04-24T12:35:25,402  INFO [main] lockmgr.DbTxnManager: Opened txnid:2
2024-04-24T12:35:25,403  INFO [main] parse.CalcitePlanner: Starting caching scope for: alex_20240424123523_d9e299c9-962f-4c32-8ea0-dd2e3417fab8
2024-04-24T12:35:25,406  INFO [main] parse.CalcitePlanner: Starting Semantic Analysis
2024-04-24T12:35:25,428  INFO [main] parse.CalcitePlanner: Creating table default.alerts position=13
2024-04-24T12:35:25,446  INFO [main] HiveMetaStore.audit: ugi=alex	ip=unknown-ip-addr	cmd=get_database: default	
2024-04-24T12:35:25,462  INFO [main] parse.CalcitePlanner: Ending caching scope for: alex_20240424123523_d9e299c9-962f-4c32-8ea0-dd2e3417fab8
2024-04-24T12:35:25,462  INFO [main] ql.Driver: Semantic Analysis Completed (retrial = false)
2024-04-24T12:35:25,462  INFO [main] ql.Driver: Created Hive schema: Schema(fieldSchemas:null, properties:null)
2024-04-24T12:35:25,462  INFO [main] metadata.Hive: Dumping metastore api call timing information for : compilation phase
2024-04-24T12:35:25,462  INFO [main] metadata.Hive: Total time spent in each metastore function (ms): {getDatabase_(String)=9, getValidTxns_(long)=1, isCompatibleWith_(Configuration)=1, getValidWriteIds_(List, String)=14, flushCache_()=0, openTxn_(String, TxnType)=3}
2024-04-24T12:35:25,463  INFO [main] ql.Driver: Completed compiling command(queryId=alex_20240424123523_d9e299c9-962f-4c32-8ea0-dd2e3417fab8); Time taken: 0.127 seconds
2024-04-24T12:35:25,463  INFO [main] reexec.ReExecDriver: Execution #1 of query
2024-04-24T12:35:25,463  INFO [main] lockmgr.DbTxnManager: Setting lock request transaction to txnid:2 for queryId=alex_20240424123523_d9e299c9-962f-4c32-8ea0-dd2e3417fab8
2024-04-24T12:35:25,464  INFO [main] lockmgr.DbLockManager: Requesting lock for queryId=alex_20240424123523_d9e299c9-962f-4c32-8ea0-dd2e3417fab8
2024-04-24T12:35:25,517  INFO [main] lockmgr.DbLockManager: Response to queryId=alex_20240424123523_d9e299c9-962f-4c32-8ea0-dd2e3417fab8 LockResponse(lockid:1, state:ACQUIRED)
2024-04-24T12:35:25,517  INFO [main] ql.Driver: Operation CREATETABLE obtained 1 locks
2024-04-24T12:35:25,520  INFO [main] ql.Driver: Executing command(queryId=alex_20240424123523_d9e299c9-962f-4c32-8ea0-dd2e3417fab8): create table alerts ( id int,msg string ) partitioned by (Continent string,Country string ) clustered by ( id ) into 1 buckets  stored as orc  location 'raw:///home/alex/Repositories/hive/streaming/target/tmp/junit6098227790917992842/testing.db/alerts' TBLPROPERTIES ('transactional'='true') 
PREHOOK: query: create table alerts ( id int,msg string ) partitioned by (Continent string,Country string ) clustered by ( id ) into 1 buckets  stored as orc  location 'raw:///home/alex/Repositories/hive/streaming/target/tmp/junit6098227790917992842/testing.db/alerts' TBLPROPERTIES ('transactional'='true')
2024-04-24T12:35:25,520  INFO [main] SessionState: PREHOOK: query: create table alerts ( id int,msg string ) partitioned by (Continent string,Country string ) clustered by ( id ) into 1 buckets  stored as orc  location 'raw:///home/alex/Repositories/hive/streaming/target/tmp/junit6098227790917992842/testing.db/alerts' TBLPROPERTIES ('transactional'='true')
PREHOOK: type: CREATETABLE
2024-04-24T12:35:25,520  INFO [main] SessionState: PREHOOK: type: CREATETABLE
PREHOOK: Input: raw:/home/alex/Repositories/hive/streaming/target/tmp/junit6098227790917992842/testing.db/alerts
2024-04-24T12:35:25,520  INFO [main] SessionState: PREHOOK: Input: raw:/home/alex/Repositories/hive/streaming/target/tmp/junit6098227790917992842/testing.db/alerts
PREHOOK: Output: database:default
2024-04-24T12:35:25,520  INFO [main] SessionState: PREHOOK: Output: database:default
PREHOOK: Output: default@alerts
2024-04-24T12:35:25,520  INFO [main] SessionState: PREHOOK: Output: default@alerts
2024-04-24T12:35:25,521  INFO [main] ql.Driver: Starting task [Stage-0:DDL] in serial mode
2024-04-24T12:35:25,538  INFO [main] HiveMetaStore.audit: ugi=alex	ip=unknown-ip-addr	cmd=create_table_req: Table(tableName:alerts, dbName:default, owner:alex, createTime:1713987325, lastAccessTime:0, retention:0, sd:StorageDescriptor(cols:[FieldSchema(name:id, type:int, comment:null), FieldSchema(name:msg, type:string, comment:null)], location:raw:/home/alex/Repositories/hive/streaming/target/tmp/junit6098227790917992842/testing.db/alerts, inputFormat:org.apache.hadoop.hive.ql.io.orc.OrcInputFormat, outputFormat:org.apache.hadoop.hive.ql.io.orc.OrcOutputFormat, compressed:false, numBuckets:1, serdeInfo:SerDeInfo(name:null, serializationLib:org.apache.hadoop.hive.ql.io.orc.OrcSerde, parameters:{serialization.format=1}), bucketCols:[id], sortCols:[], parameters:{}, skewedInfo:SkewedInfo(skewedColNames:[], skewedColValues:[], skewedColValueLocationMaps:{}), storedAsSubDirectories:false), partitionKeys:[FieldSchema(name:Continent, type:string, comment:null), FieldSchema(name:Country, type:string, comment:null)], parameters:{bucketing_version=2, transactional=true}, viewOriginalText:null, viewExpandedText:null, tableType:MANAGED_TABLE, privileges:PrincipalPrivilegeSet(userPrivileges:{alex=[PrivilegeGrantInfo(privilege:INSERT, createTime:-1, grantor:alex, grantorType:USER, grantOption:true), PrivilegeGrantInfo(privilege:SELECT, createTime:-1, grantor:alex, grantorType:USER, grantOption:true), PrivilegeGrantInfo(privilege:UPDATE, createTime:-1, grantor:alex, grantorType:USER, grantOption:true), PrivilegeGrantInfo(privilege:DELETE, createTime:-1, grantor:alex, grantorType:USER, grantOption:true)]}, groupPrivileges:null, rolePrivileges:null), temporary:false, catName:hive, ownerType:USER, writeId:0)	
2024-04-24T12:35:25,552  WARN [main] metastore.HMSHandler: Location: raw:/home/alex/Repositories/hive/streaming/target/tmp/junit6098227790917992842/testing.db/alerts specified for non-external table:alerts
2024-04-24T12:35:25,556  INFO [main] utils.FileUtils: Creating directory if it doesn't exist: raw:/home/alex/Repositories/hive/streaming/target/tmp/junit6098227790917992842/testing.db/alerts
POSTHOOK: query: create table alerts ( id int,msg string ) partitioned by (Continent string,Country string ) clustered by ( id ) into 1 buckets  stored as orc  location 'raw:///home/alex/Repositories/hive/streaming/target/tmp/junit6098227790917992842/testing.db/alerts' TBLPROPERTIES ('transactional'='true')
2024-04-24T12:35:25,664  INFO [main] SessionState: POSTHOOK: query: create table alerts ( id int,msg string ) partitioned by (Continent string,Country string ) clustered by ( id ) into 1 buckets  stored as orc  location 'raw:///home/alex/Repositories/hive/streaming/target/tmp/junit6098227790917992842/testing.db/alerts' TBLPROPERTIES ('transactional'='true')
POSTHOOK: type: CREATETABLE
2024-04-24T12:35:25,664  INFO [main] SessionState: POSTHOOK: type: CREATETABLE
POSTHOOK: Input: raw:/home/alex/Repositories/hive/streaming/target/tmp/junit6098227790917992842/testing.db/alerts
2024-04-24T12:35:25,664  INFO [main] SessionState: POSTHOOK: Input: raw:/home/alex/Repositories/hive/streaming/target/tmp/junit6098227790917992842/testing.db/alerts
POSTHOOK: Output: database:default
2024-04-24T12:35:25,664  INFO [main] SessionState: POSTHOOK: Output: database:default
POSTHOOK: Output: default@alerts
2024-04-24T12:35:25,664  INFO [main] SessionState: POSTHOOK: Output: default@alerts
2024-04-24T12:35:25,665  INFO [main] metadata.Hive: Dumping metastore api call timing information for : execution phase
2024-04-24T12:35:25,665  INFO [main] metadata.Hive: Total time spent in each metastore function (ms): {createTable_(Table)=126, isCompatibleWith_(Configuration)=0}
2024-04-24T12:35:25,666  INFO [main] ql.Driver: Completed executing command(queryId=alex_20240424123523_d9e299c9-962f-4c32-8ea0-dd2e3417fab8); Time taken: 0.145 seconds
2024-04-24T12:35:25,666  INFO [main] lockmgr.DbTxnManager: Stopped heartbeat for query: alex_20240424123523_d9e299c9-962f-4c32-8ea0-dd2e3417fab8
2024-04-24T12:35:25,675  INFO [main] txn.TxnHandler: Expected to move at least one record from txn_components to completed_txn_components when committing txn! txnid:2
2024-04-24T12:35:25,686  INFO [main] txn.TxnHandler: Removed transactions: ([2]) from MIN_HISTORY_LEVEL
2024-04-24T12:35:25,689  WARN [main] txn.CompactionTxnHandler: No compaction queue record found for Compaction type transaction commit. txnId:2
2024-04-24T12:35:25,690  INFO [main] HiveMetaStore.audit: ugi=alex	ip=unknown-ip-addr	cmd=get_table_names_by_filter: db = @hive#testing2, filter = 	
2024-04-24T12:35:25,692  INFO [main] HiveMetaStore.audit: ugi=alex	ip=unknown-ip-addr	cmd=get_database: testing2	
2024-04-24T12:35:25,694  INFO [main] ql.Driver: Compiling command(queryId=alex_20240424123523_d9e299c9-962f-4c32-8ea0-dd2e3417fab8): create database IF NOT EXISTS testing5 location 'raw:///home/alex/Repositories/hive/streaming/target/tmp/junit4512381863206806170/testing5.db'
2024-04-24T12:35:25,700  INFO [main] txn.TxnHandler: Added entries to MIN_HISTORY_LEVEL for current txns: ([3]) with min_open_txn: 1
2024-04-24T12:35:25,701  INFO [main] lockmgr.DbTxnManager: Opened txnid:3
2024-04-24T12:35:25,702  INFO [main] ql.Driver: Semantic Analysis Completed (retrial = false)
2024-04-24T12:35:25,702  INFO [main] ql.Driver: Created Hive schema: Schema(fieldSchemas:null, properties:null)
2024-04-24T12:35:25,702  INFO [main] metadata.Hive: Dumping metastore api call timing information for : compilation phase
2024-04-24T12:35:25,702  INFO [main] metadata.Hive: Total time spent in each metastore function (ms): {flushCache_()=0, commitTxn_(CommitTxnRequest)=23, getValidTxns_(long)=1, isCompatibleWith_(Configuration)=1, openTxn_(String, TxnType)=4}
2024-04-24T12:35:25,703  INFO [main] ql.Driver: Completed compiling command(queryId=alex_20240424123523_d9e299c9-962f-4c32-8ea0-dd2e3417fab8); Time taken: 0.008 seconds
2024-04-24T12:35:25,703  INFO [main] reexec.ReExecDriver: Execution #1 of query
2024-04-24T12:35:25,703  INFO [main] lockmgr.DbTxnManager: Setting lock request transaction to txnid:3 for queryId=alex_20240424123523_d9e299c9-962f-4c32-8ea0-dd2e3417fab8
2024-04-24T12:35:25,703  INFO [main] ql.Driver: Operation CREATEDATABASE obtained 0 locks
2024-04-24T12:35:25,703  INFO [main] ql.Driver: Executing command(queryId=alex_20240424123523_d9e299c9-962f-4c32-8ea0-dd2e3417fab8): create database IF NOT EXISTS testing5 location 'raw:///home/alex/Repositories/hive/streaming/target/tmp/junit4512381863206806170/testing5.db'
PREHOOK: query: create database IF NOT EXISTS testing5 location 'raw:///home/alex/Repositories/hive/streaming/target/tmp/junit4512381863206806170/testing5.db'
2024-04-24T12:35:25,703  INFO [main] SessionState: PREHOOK: query: create database IF NOT EXISTS testing5 location 'raw:///home/alex/Repositories/hive/streaming/target/tmp/junit4512381863206806170/testing5.db'
PREHOOK: type: CREATEDATABASE
2024-04-24T12:35:25,703  INFO [main] SessionState: PREHOOK: type: CREATEDATABASE
PREHOOK: Output: database:testing5
2024-04-24T12:35:25,703  INFO [main] SessionState: PREHOOK: Output: database:testing5
PREHOOK: Output: raw:/home/alex/Repositories/hive/streaming/target/tmp/junit4512381863206806170/testing5.db
2024-04-24T12:35:25,703  INFO [main] SessionState: PREHOOK: Output: raw:/home/alex/Repositories/hive/streaming/target/tmp/junit4512381863206806170/testing5.db
2024-04-24T12:35:25,704  INFO [main] ql.Driver: Starting task [Stage-0:DDL] in serial mode
2024-04-24T12:35:25,704  INFO [main] HiveMetaStore.audit: ugi=alex	ip=unknown-ip-addr	cmd=create_database: Database(name:testing5, description:null, locationUri:raw:/home/alex/Repositories/hive/streaming/target/tmp/junit4512381863206806170/testing5.db, parameters:null, ownerName:alex, ownerType:USER, catalogName:hive, managedLocationUri:pfile:/home/alex/Repositories/hive/streaming/target/warehouse/testing5.db, type:NATIVE)	
2024-04-24T12:35:25,712 ERROR [main] metastore.RetryingHMSHandler: MetaException(message:Unable to create database managed directory pfile:/home/alex/Repositories/hive/streaming/target/warehouse/testing5.db, failed to create database testing5)
	at org.apache.hadoop.hive.metastore.HMSHandler.create_database_core(HMSHandler.java:1366)
	at org.apache.hadoop.hive.metastore.HMSHandler.create_database(HMSHandler.java:1486)
	at sun.reflect.NativeMethodAccessorImpl.invoke0(Native Method)
	at sun.reflect.NativeMethodAccessorImpl.invoke(NativeMethodAccessorImpl.java:62)
	at sun.reflect.DelegatingMethodAccessorImpl.invoke(DelegatingMethodAccessorImpl.java:43)
	at java.lang.reflect.Method.invoke(Method.java:498)
	at org.apache.hadoop.hive.metastore.RetryingHMSHandler.invokeInternal(RetryingHMSHandler.java:147)
	at org.apache.hadoop.hive.metastore.RetryingHMSHandler.invoke(RetryingHMSHandler.java:108)
	at com.sun.proxy.$Proxy38.create_database(Unknown Source)
	at org.apache.hadoop.hive.metastore.HiveMetaStoreClient.createDatabase(HiveMetaStoreClient.java:1151)
	at sun.reflect.NativeMethodAccessorImpl.invoke0(Native Method)
	at sun.reflect.NativeMethodAccessorImpl.invoke(NativeMethodAccessorImpl.java:62)
	at sun.reflect.DelegatingMethodAccessorImpl.invoke(DelegatingMethodAccessorImpl.java:43)
	at java.lang.reflect.Method.invoke(Method.java:498)
	at org.apache.hadoop.hive.metastore.RetryingMetaStoreClient.invoke(RetryingMetaStoreClient.java:218)
	at com.sun.proxy.$Proxy47.createDatabase(Unknown Source)
	at org.apache.hadoop.hive.ql.metadata.Hive.createDatabase(Hive.java:605)
	at org.apache.hadoop.hive.ql.ddl.database.create.CreateDatabaseOperation.execute(CreateDatabaseOperation.java:68)
	at org.apache.hadoop.hive.ql.ddl.DDLTask.execute(DDLTask.java:84)
	at org.apache.hadoop.hive.ql.exec.Task.executeTask(Task.java:212)
	at org.apache.hadoop.hive.ql.exec.TaskRunner.runSequential(TaskRunner.java:105)
	at org.apache.hadoop.hive.ql.Executor.launchTask(Executor.java:361)
	at org.apache.hadoop.hive.ql.Executor.launchTasks(Executor.java:334)
	at org.apache.hadoop.hive.ql.Executor.runTasks(Executor.java:245)
	at org.apache.hadoop.hive.ql.Executor.execute(Executor.java:108)
	at org.apache.hadoop.hive.ql.Driver.execute(Driver.java:348)
	at org.apache.hadoop.hive.ql.Driver.runInternal(Driver.java:204)
	at org.apache.hadoop.hive.ql.Driver.run(Driver.java:153)
	at org.apache.hadoop.hive.ql.Driver.run(Driver.java:148)
	at org.apache.hadoop.hive.ql.reexec.ReExecDriver.run(ReExecDriver.java:164)
	at org.apache.hadoop.hive.ql.reexec.ReExecDriver.run(ReExecDriver.java:230)
	at org.apache.hive.streaming.TestStreamingDynamicPartitioning.runDDL(TestStreamingDynamicPartitioning.java:829)
	at org.apache.hive.streaming.TestStreamingDynamicPartitioning.createStoreSales(TestStreamingDynamicPartitioning.java:177)
	at org.apache.hive.streaming.TestStreamingDynamicPartitioning.setup(TestStreamingDynamicPartitioning.java:160)
	at sun.reflect.NativeMethodAccessorImpl.invoke0(Native Method)
	at sun.reflect.NativeMethodAccessorImpl.invoke(NativeMethodAccessorImpl.java:62)
	at sun.reflect.DelegatingMethodAccessorImpl.invoke(DelegatingMethodAccessorImpl.java:43)
	at java.lang.reflect.Method.invoke(Method.java:498)
	at org.junit.runners.model.FrameworkMethod$1.runReflectiveCall(FrameworkMethod.java:59)
	at org.junit.internal.runners.model.ReflectiveCallable.run(ReflectiveCallable.java:12)
	at org.junit.runners.model.FrameworkMethod.invokeExplosively(FrameworkMethod.java:56)
	at org.junit.internal.runners.statements.RunBefores.invokeMethod(RunBefores.java:33)
	at org.junit.internal.runners.statements.RunBefores.evaluate(RunBefores.java:24)
	at org.junit.internal.runners.statements.RunAfters.evaluate(RunAfters.java:27)
	at org.junit.rules.ExternalResource$1.evaluate(ExternalResource.java:54)
	at org.junit.runners.ParentRunner$3.evaluate(ParentRunner.java:306)
	at org.junit.runners.BlockJUnit4ClassRunner$1.evaluate(BlockJUnit4ClassRunner.java:100)
	at org.junit.runners.ParentRunner.runLeaf(ParentRunner.java:366)
	at org.junit.runners.BlockJUnit4ClassRunner.runChild(BlockJUnit4ClassRunner.java:103)
	at org.junit.runners.BlockJUnit4ClassRunner.runChild(BlockJUnit4ClassRunner.java:63)
	at org.junit.runners.ParentRunner$4.run(ParentRunner.java:331)
	at org.junit.runners.ParentRunner$1.schedule(ParentRunner.java:79)
	at org.junit.runners.ParentRunner.runChildren(ParentRunner.java:329)
	at org.junit.runners.ParentRunner.access$100(ParentRunner.java:66)
	at org.junit.runners.ParentRunner$2.evaluate(ParentRunner.java:293)
	at org.junit.runners.ParentRunner$3.evaluate(ParentRunner.java:306)
	at org.junit.runners.ParentRunner.run(ParentRunner.java:413)
	at org.junit.runner.JUnitCore.run(JUnitCore.java:137)
	at org.junit.runner.JUnitCore.run(JUnitCore.java:115)
	at org.junit.vintage.engine.execution.RunnerExecutor.execute(RunnerExecutor.java:43)
	at java.util.stream.ForEachOps$ForEachOp$OfRef.accept(ForEachOps.java:183)
	at java.util.stream.ReferencePipeline$3$1.accept(ReferencePipeline.java:193)
	at java.util.Iterator.forEachRemaining(Iterator.java:116)
	at java.util.Spliterators$IteratorSpliterator.forEachRemaining(Spliterators.java:1801)
	at java.util.stream.AbstractPipeline.copyInto(AbstractPipeline.java:482)
	at java.util.stream.AbstractPipeline.wrapAndCopyInto(AbstractPipeline.java:472)
	at java.util.stream.ForEachOps$ForEachOp.evaluateSequential(ForEachOps.java:150)
	at java.util.stream.ForEachOps$ForEachOp$OfRef.evaluateSequential(ForEachOps.java:173)
	at java.util.stream.AbstractPipeline.evaluate(AbstractPipeline.java:234)
	at java.util.stream.ReferencePipeline.forEach(ReferencePipeline.java:485)
	at org.junit.vintage.engine.VintageTestEngine.executeAllChildren(VintageTestEngine.java:82)
	at org.junit.vintage.engine.VintageTestEngine.execute(VintageTestEngine.java:73)
	at org.junit.platform.launcher.core.DefaultLauncher.execute(DefaultLauncher.java:248)
	at org.junit.platform.launcher.core.DefaultLauncher.lambda$execute$5(DefaultLauncher.java:211)
	at org.junit.platform.launcher.core.DefaultLauncher.withInterceptedStreams(DefaultLauncher.java:226)
	at org.junit.platform.launcher.core.DefaultLauncher.execute(DefaultLauncher.java:199)
	at org.junit.platform.launcher.core.DefaultLauncher.execute(DefaultLauncher.java:132)
	at org.apache.maven.surefire.junitplatform.JUnitPlatformProvider.invokeAllTests(JUnitPlatformProvider.java:154)
	at org.apache.maven.surefire.junitplatform.JUnitPlatformProvider.invoke(JUnitPlatformProvider.java:123)
	at org.apache.maven.surefire.booter.ForkedBooter.runSuitesInProcess(ForkedBooter.java:377)
	at org.apache.maven.surefire.booter.ForkedBooter.execute(ForkedBooter.java:138)
	at org.apache.maven.surefire.booter.ForkedBooter.run(ForkedBooter.java:465)
	at org.apache.maven.surefire.booter.ForkedBooter.main(ForkedBooter.java:451)

2024-04-24T12:35:25,713 ERROR [main] exec.Task: Failed
org.apache.hadoop.hive.ql.metadata.HiveException: MetaException(message:Unable to create database managed directory pfile:/home/alex/Repositories/hive/streaming/target/warehouse/testing5.db, failed to create database testing5)
	at org.apache.hadoop.hive.ql.metadata.Hive.createDatabase(Hive.java:611) ~[classes/:?]
	at org.apache.hadoop.hive.ql.ddl.database.create.CreateDatabaseOperation.execute(CreateDatabaseOperation.java:68) ~[classes/:?]
	at org.apache.hadoop.hive.ql.ddl.DDLTask.execute(DDLTask.java:84) ~[classes/:?]
	at org.apache.hadoop.hive.ql.exec.Task.executeTask(Task.java:212) ~[classes/:?]
	at org.apache.hadoop.hive.ql.exec.TaskRunner.runSequential(TaskRunner.java:105) ~[classes/:?]
	at org.apache.hadoop.hive.ql.Executor.launchTask(Executor.java:361) ~[classes/:?]
	at org.apache.hadoop.hive.ql.Executor.launchTasks(Executor.java:334) ~[classes/:?]
	at org.apache.hadoop.hive.ql.Executor.runTasks(Executor.java:245) ~[classes/:?]
	at org.apache.hadoop.hive.ql.Executor.execute(Executor.java:108) ~[classes/:?]
	at org.apache.hadoop.hive.ql.Driver.execute(Driver.java:348) ~[classes/:?]
	at org.apache.hadoop.hive.ql.Driver.runInternal(Driver.java:204) ~[classes/:?]
	at org.apache.hadoop.hive.ql.Driver.run(Driver.java:153) ~[classes/:?]
	at org.apache.hadoop.hive.ql.Driver.run(Driver.java:148) ~[classes/:?]
	at org.apache.hadoop.hive.ql.reexec.ReExecDriver.run(ReExecDriver.java:164) ~[classes/:?]
	at org.apache.hadoop.hive.ql.reexec.ReExecDriver.run(ReExecDriver.java:230) ~[classes/:?]
	at org.apache.hive.streaming.TestStreamingDynamicPartitioning.runDDL(TestStreamingDynamicPartitioning.java:829) ~[test-classes/:?]
	at org.apache.hive.streaming.TestStreamingDynamicPartitioning.createStoreSales(TestStreamingDynamicPartitioning.java:177) ~[test-classes/:?]
	at org.apache.hive.streaming.TestStreamingDynamicPartitioning.setup(TestStreamingDynamicPartitioning.java:160) ~[test-classes/:?]
	at sun.reflect.NativeMethodAccessorImpl.invoke0(Native Method) ~[?:1.8.0_402]
	at sun.reflect.NativeMethodAccessorImpl.invoke(NativeMethodAccessorImpl.java:62) ~[?:1.8.0_402]
	at sun.reflect.DelegatingMethodAccessorImpl.invoke(DelegatingMethodAccessorImpl.java:43) ~[?:1.8.0_402]
	at java.lang.reflect.Method.invoke(Method.java:498) ~[?:1.8.0_402]
	at org.junit.runners.model.FrameworkMethod$1.runReflectiveCall(FrameworkMethod.java:59) ~[junit-4.13.jar:4.13]
	at org.junit.internal.runners.model.ReflectiveCallable.run(ReflectiveCallable.java:12) ~[junit-4.13.jar:4.13]
	at org.junit.runners.model.FrameworkMethod.invokeExplosively(FrameworkMethod.java:56) ~[junit-4.13.jar:4.13]
	at org.junit.internal.runners.statements.RunBefores.invokeMethod(RunBefores.java:33) ~[junit-4.13.jar:4.13]
	at org.junit.internal.runners.statements.RunBefores.evaluate(RunBefores.java:24) ~[junit-4.13.jar:4.13]
	at org.junit.internal.runners.statements.RunAfters.evaluate(RunAfters.java:27) ~[junit-4.13.jar:4.13]
	at org.junit.rules.ExternalResource$1.evaluate(ExternalResource.java:54) ~[junit-4.13.jar:4.13]
	at org.junit.runners.ParentRunner$3.evaluate(ParentRunner.java:306) ~[junit-4.13.jar:4.13]
	at org.junit.runners.BlockJUnit4ClassRunner$1.evaluate(BlockJUnit4ClassRunner.java:100) ~[junit-4.13.jar:4.13]
	at org.junit.runners.ParentRunner.runLeaf(ParentRunner.java:366) ~[junit-4.13.jar:4.13]
	at org.junit.runners.BlockJUnit4ClassRunner.runChild(BlockJUnit4ClassRunner.java:103) ~[junit-4.13.jar:4.13]
	at org.junit.runners.BlockJUnit4ClassRunner.runChild(BlockJUnit4ClassRunner.java:63) ~[junit-4.13.jar:4.13]
	at org.junit.runners.ParentRunner$4.run(ParentRunner.java:331) ~[junit-4.13.jar:4.13]
	at org.junit.runners.ParentRunner$1.schedule(ParentRunner.java:79) ~[junit-4.13.jar:4.13]
	at org.junit.runners.ParentRunner.runChildren(ParentRunner.java:329) ~[junit-4.13.jar:4.13]
	at org.junit.runners.ParentRunner.access$100(ParentRunner.java:66) ~[junit-4.13.jar:4.13]
	at org.junit.runners.ParentRunner$2.evaluate(ParentRunner.java:293) ~[junit-4.13.jar:4.13]
	at org.junit.runners.ParentRunner$3.evaluate(ParentRunner.java:306) ~[junit-4.13.jar:4.13]
	at org.junit.runners.ParentRunner.run(ParentRunner.java:413) ~[junit-4.13.jar:4.13]
	at org.junit.runner.JUnitCore.run(JUnitCore.java:137) ~[junit-4.13.jar:4.13]
	at org.junit.runner.JUnitCore.run(JUnitCore.java:115) ~[junit-4.13.jar:4.13]
	at org.junit.vintage.engine.execution.RunnerExecutor.execute(RunnerExecutor.java:43) ~[junit-vintage-engine-5.6.2.jar:5.6.2]
	at java.util.stream.ForEachOps$ForEachOp$OfRef.accept(ForEachOps.java:183) ~[?:1.8.0_402]
	at java.util.stream.ReferencePipeline$3$1.accept(ReferencePipeline.java:193) ~[?:1.8.0_402]
	at java.util.Iterator.forEachRemaining(Iterator.java:116) ~[?:1.8.0_402]
	at java.util.Spliterators$IteratorSpliterator.forEachRemaining(Spliterators.java:1801) ~[?:1.8.0_402]
	at java.util.stream.AbstractPipeline.copyInto(AbstractPipeline.java:482) ~[?:1.8.0_402]
	at java.util.stream.AbstractPipeline.wrapAndCopyInto(AbstractPipeline.java:472) ~[?:1.8.0_402]
	at java.util.stream.ForEachOps$ForEachOp.evaluateSequential(ForEachOps.java:150) ~[?:1.8.0_402]
	at java.util.stream.ForEachOps$ForEachOp$OfRef.evaluateSequential(ForEachOps.java:173) ~[?:1.8.0_402]
	at java.util.stream.AbstractPipeline.evaluate(AbstractPipeline.java:234) ~[?:1.8.0_402]
	at java.util.stream.ReferencePipeline.forEach(ReferencePipeline.java:485) ~[?:1.8.0_402]
	at org.junit.vintage.engine.VintageTestEngine.executeAllChildren(VintageTestEngine.java:82) ~[junit-vintage-engine-5.6.2.jar:5.6.2]
	at org.junit.vintage.engine.VintageTestEngine.execute(VintageTestEngine.java:73) ~[junit-vintage-engine-5.6.2.jar:5.6.2]
	at org.junit.platform.launcher.core.DefaultLauncher.execute(DefaultLauncher.java:248) ~[junit-platform-launcher-1.6.2.jar:1.6.2]
	at org.junit.platform.launcher.core.DefaultLauncher.lambda$execute$5(DefaultLauncher.java:211) ~[junit-platform-launcher-1.6.2.jar:1.6.2]
	at org.junit.platform.launcher.core.DefaultLauncher.withInterceptedStreams(DefaultLauncher.java:226) [junit-platform-launcher-1.6.2.jar:1.6.2]
	at org.junit.platform.launcher.core.DefaultLauncher.execute(DefaultLauncher.java:199) [junit-platform-launcher-1.6.2.jar:1.6.2]
	at org.junit.platform.launcher.core.DefaultLauncher.execute(DefaultLauncher.java:132) [junit-platform-launcher-1.6.2.jar:1.6.2]
	at org.apache.maven.surefire.junitplatform.JUnitPlatformProvider.invokeAllTests(JUnitPlatformProvider.java:154) [surefire-junit-platform-3.0.0-M4.jar:3.0.0-M4]
	at org.apache.maven.surefire.junitplatform.JUnitPlatformProvider.invoke(JUnitPlatformProvider.java:123) [surefire-junit-platform-3.0.0-M4.jar:3.0.0-M4]
	at org.apache.maven.surefire.booter.ForkedBooter.runSuitesInProcess(ForkedBooter.java:377) [surefire-booter-3.0.0-M4.jar:3.0.0-M4]
	at org.apache.maven.surefire.booter.ForkedBooter.execute(ForkedBooter.java:138) [surefire-booter-3.0.0-M4.jar:3.0.0-M4]
	at org.apache.maven.surefire.booter.ForkedBooter.run(ForkedBooter.java:465) [surefire-booter-3.0.0-M4.jar:3.0.0-M4]
	at org.apache.maven.surefire.booter.ForkedBooter.main(ForkedBooter.java:451) [surefire-booter-3.0.0-M4.jar:3.0.0-M4]
Caused by: org.apache.hadoop.hive.metastore.api.MetaException: Unable to create database managed directory pfile:/home/alex/Repositories/hive/streaming/target/warehouse/testing5.db, failed to create database testing5
	at org.apache.hadoop.hive.metastore.HMSHandler.create_database_core(HMSHandler.java:1366) ~[classes/:?]
	at org.apache.hadoop.hive.metastore.HMSHandler.create_database(HMSHandler.java:1486) ~[classes/:?]
	at sun.reflect.NativeMethodAccessorImpl.invoke0(Native Method) ~[?:1.8.0_402]
	at sun.reflect.NativeMethodAccessorImpl.invoke(NativeMethodAccessorImpl.java:62) ~[?:1.8.0_402]
	at sun.reflect.DelegatingMethodAccessorImpl.invoke(DelegatingMethodAccessorImpl.java:43) ~[?:1.8.0_402]
	at java.lang.reflect.Method.invoke(Method.java:498) ~[?:1.8.0_402]
	at org.apache.hadoop.hive.metastore.RetryingHMSHandler.invokeInternal(RetryingHMSHandler.java:147) ~[classes/:?]
	at org.apache.hadoop.hive.metastore.RetryingHMSHandler.invoke(RetryingHMSHandler.java:108) ~[classes/:?]
	at com.sun.proxy.$Proxy38.create_database(Unknown Source) ~[?:?]
	at org.apache.hadoop.hive.metastore.HiveMetaStoreClient.createDatabase(HiveMetaStoreClient.java:1151) ~[classes/:?]
	at sun.reflect.NativeMethodAccessorImpl.invoke0(Native Method) ~[?:1.8.0_402]
	at sun.reflect.NativeMethodAccessorImpl.invoke(NativeMethodAccessorImpl.java:62) ~[?:1.8.0_402]
	at sun.reflect.DelegatingMethodAccessorImpl.invoke(DelegatingMethodAccessorImpl.java:43) ~[?:1.8.0_402]
	at java.lang.reflect.Method.invoke(Method.java:498) ~[?:1.8.0_402]
	at org.apache.hadoop.hive.metastore.RetryingMetaStoreClient.invoke(RetryingMetaStoreClient.java:218) ~[classes/:?]
	at com.sun.proxy.$Proxy47.createDatabase(Unknown Source) ~[?:?]
	at org.apache.hadoop.hive.ql.metadata.Hive.createDatabase(Hive.java:605) ~[classes/:?]
	... 66 more
2024-04-24T12:35:25,714 ERROR [main] exec.Task: DDLTask failed, DDL Operation: class org.apache.hadoop.hive.ql.ddl.database.create.CreateDatabaseOperation
org.apache.hadoop.hive.ql.metadata.HiveException: MetaException(message:Unable to create database managed directory pfile:/home/alex/Repositories/hive/streaming/target/warehouse/testing5.db, failed to create database testing5)
	at org.apache.hadoop.hive.ql.metadata.Hive.createDatabase(Hive.java:611) ~[classes/:?]
	at org.apache.hadoop.hive.ql.ddl.database.create.CreateDatabaseOperation.execute(CreateDatabaseOperation.java:68) ~[classes/:?]
	at org.apache.hadoop.hive.ql.ddl.DDLTask.execute(DDLTask.java:84) ~[classes/:?]
	at org.apache.hadoop.hive.ql.exec.Task.executeTask(Task.java:212) ~[classes/:?]
	at org.apache.hadoop.hive.ql.exec.TaskRunner.runSequential(TaskRunner.java:105) ~[classes/:?]
	at org.apache.hadoop.hive.ql.Executor.launchTask(Executor.java:361) ~[classes/:?]
	at org.apache.hadoop.hive.ql.Executor.launchTasks(Executor.java:334) ~[classes/:?]
	at org.apache.hadoop.hive.ql.Executor.runTasks(Executor.java:245) ~[classes/:?]
	at org.apache.hadoop.hive.ql.Executor.execute(Executor.java:108) ~[classes/:?]
	at org.apache.hadoop.hive.ql.Driver.execute(Driver.java:348) ~[classes/:?]
	at org.apache.hadoop.hive.ql.Driver.runInternal(Driver.java:204) ~[classes/:?]
	at org.apache.hadoop.hive.ql.Driver.run(Driver.java:153) ~[classes/:?]
	at org.apache.hadoop.hive.ql.Driver.run(Driver.java:148) ~[classes/:?]
	at org.apache.hadoop.hive.ql.reexec.ReExecDriver.run(ReExecDriver.java:164) ~[classes/:?]
	at org.apache.hadoop.hive.ql.reexec.ReExecDriver.run(ReExecDriver.java:230) ~[classes/:?]
	at org.apache.hive.streaming.TestStreamingDynamicPartitioning.runDDL(TestStreamingDynamicPartitioning.java:829) ~[test-classes/:?]
	at org.apache.hive.streaming.TestStreamingDynamicPartitioning.createStoreSales(TestStreamingDynamicPartitioning.java:177) ~[test-classes/:?]
	at org.apache.hive.streaming.TestStreamingDynamicPartitioning.setup(TestStreamingDynamicPartitioning.java:160) ~[test-classes/:?]
	at sun.reflect.NativeMethodAccessorImpl.invoke0(Native Method) ~[?:1.8.0_402]
	at sun.reflect.NativeMethodAccessorImpl.invoke(NativeMethodAccessorImpl.java:62) ~[?:1.8.0_402]
	at sun.reflect.DelegatingMethodAccessorImpl.invoke(DelegatingMethodAccessorImpl.java:43) ~[?:1.8.0_402]
	at java.lang.reflect.Method.invoke(Method.java:498) ~[?:1.8.0_402]
	at org.junit.runners.model.FrameworkMethod$1.runReflectiveCall(FrameworkMethod.java:59) ~[junit-4.13.jar:4.13]
	at org.junit.internal.runners.model.ReflectiveCallable.run(ReflectiveCallable.java:12) ~[junit-4.13.jar:4.13]
	at org.junit.runners.model.FrameworkMethod.invokeExplosively(FrameworkMethod.java:56) ~[junit-4.13.jar:4.13]
	at org.junit.internal.runners.statements.RunBefores.invokeMethod(RunBefores.java:33) ~[junit-4.13.jar:4.13]
	at org.junit.internal.runners.statements.RunBefores.evaluate(RunBefores.java:24) ~[junit-4.13.jar:4.13]
	at org.junit.internal.runners.statements.RunAfters.evaluate(RunAfters.java:27) ~[junit-4.13.jar:4.13]
	at org.junit.rules.ExternalResource$1.evaluate(ExternalResource.java:54) ~[junit-4.13.jar:4.13]
	at org.junit.runners.ParentRunner$3.evaluate(ParentRunner.java:306) ~[junit-4.13.jar:4.13]
	at org.junit.runners.BlockJUnit4ClassRunner$1.evaluate(BlockJUnit4ClassRunner.java:100) ~[junit-4.13.jar:4.13]
	at org.junit.runners.ParentRunner.runLeaf(ParentRunner.java:366) ~[junit-4.13.jar:4.13]
	at org.junit.runners.BlockJUnit4ClassRunner.runChild(BlockJUnit4ClassRunner.java:103) ~[junit-4.13.jar:4.13]
	at org.junit.runners.BlockJUnit4ClassRunner.runChild(BlockJUnit4ClassRunner.java:63) ~[junit-4.13.jar:4.13]
	at org.junit.runners.ParentRunner$4.run(ParentRunner.java:331) ~[junit-4.13.jar:4.13]
	at org.junit.runners.ParentRunner$1.schedule(ParentRunner.java:79) ~[junit-4.13.jar:4.13]
	at org.junit.runners.ParentRunner.runChildren(ParentRunner.java:329) ~[junit-4.13.jar:4.13]
	at org.junit.runners.ParentRunner.access$100(ParentRunner.java:66) ~[junit-4.13.jar:4.13]
	at org.junit.runners.ParentRunner$2.evaluate(ParentRunner.java:293) ~[junit-4.13.jar:4.13]
	at org.junit.runners.ParentRunner$3.evaluate(ParentRunner.java:306) ~[junit-4.13.jar:4.13]
	at org.junit.runners.ParentRunner.run(ParentRunner.java:413) ~[junit-4.13.jar:4.13]
	at org.junit.runner.JUnitCore.run(JUnitCore.java:137) ~[junit-4.13.jar:4.13]
	at org.junit.runner.JUnitCore.run(JUnitCore.java:115) ~[junit-4.13.jar:4.13]
	at org.junit.vintage.engine.execution.RunnerExecutor.execute(RunnerExecutor.java:43) ~[junit-vintage-engine-5.6.2.jar:5.6.2]
	at java.util.stream.ForEachOps$ForEachOp$OfRef.accept(ForEachOps.java:183) ~[?:1.8.0_402]
	at java.util.stream.ReferencePipeline$3$1.accept(ReferencePipeline.java:193) ~[?:1.8.0_402]
	at java.util.Iterator.forEachRemaining(Iterator.java:116) ~[?:1.8.0_402]
	at java.util.Spliterators$IteratorSpliterator.forEachRemaining(Spliterators.java:1801) ~[?:1.8.0_402]
	at java.util.stream.AbstractPipeline.copyInto(AbstractPipeline.java:482) ~[?:1.8.0_402]
	at java.util.stream.AbstractPipeline.wrapAndCopyInto(AbstractPipeline.java:472) ~[?:1.8.0_402]
	at java.util.stream.ForEachOps$ForEachOp.evaluateSequential(ForEachOps.java:150) ~[?:1.8.0_402]
	at java.util.stream.ForEachOps$ForEachOp$OfRef.evaluateSequential(ForEachOps.java:173) ~[?:1.8.0_402]
	at java.util.stream.AbstractPipeline.evaluate(AbstractPipeline.java:234) ~[?:1.8.0_402]
	at java.util.stream.ReferencePipeline.forEach(ReferencePipeline.java:485) ~[?:1.8.0_402]
	at org.junit.vintage.engine.VintageTestEngine.executeAllChildren(VintageTestEngine.java:82) ~[junit-vintage-engine-5.6.2.jar:5.6.2]
	at org.junit.vintage.engine.VintageTestEngine.execute(VintageTestEngine.java:73) ~[junit-vintage-engine-5.6.2.jar:5.6.2]
	at org.junit.platform.launcher.core.DefaultLauncher.execute(DefaultLauncher.java:248) ~[junit-platform-launcher-1.6.2.jar:1.6.2]
	at org.junit.platform.launcher.core.DefaultLauncher.lambda$execute$5(DefaultLauncher.java:211) ~[junit-platform-launcher-1.6.2.jar:1.6.2]
	at org.junit.platform.launcher.core.DefaultLauncher.withInterceptedStreams(DefaultLauncher.java:226) [junit-platform-launcher-1.6.2.jar:1.6.2]
	at org.junit.platform.launcher.core.DefaultLauncher.execute(DefaultLauncher.java:199) [junit-platform-launcher-1.6.2.jar:1.6.2]
	at org.junit.platform.launcher.core.DefaultLauncher.execute(DefaultLauncher.java:132) [junit-platform-launcher-1.6.2.jar:1.6.2]
	at org.apache.maven.surefire.junitplatform.JUnitPlatformProvider.invokeAllTests(JUnitPlatformProvider.java:154) [surefire-junit-platform-3.0.0-M4.jar:3.0.0-M4]
	at org.apache.maven.surefire.junitplatform.JUnitPlatformProvider.invoke(JUnitPlatformProvider.java:123) [surefire-junit-platform-3.0.0-M4.jar:3.0.0-M4]
	at org.apache.maven.surefire.booter.ForkedBooter.runSuitesInProcess(ForkedBooter.java:377) [surefire-booter-3.0.0-M4.jar:3.0.0-M4]
	at org.apache.maven.surefire.booter.ForkedBooter.execute(ForkedBooter.java:138) [surefire-booter-3.0.0-M4.jar:3.0.0-M4]
	at org.apache.maven.surefire.booter.ForkedBooter.run(ForkedBooter.java:465) [surefire-booter-3.0.0-M4.jar:3.0.0-M4]
	at org.apache.maven.surefire.booter.ForkedBooter.main(ForkedBooter.java:451) [surefire-booter-3.0.0-M4.jar:3.0.0-M4]
Caused by: org.apache.hadoop.hive.metastore.api.MetaException: Unable to create database managed directory pfile:/home/alex/Repositories/hive/streaming/target/warehouse/testing5.db, failed to create database testing5
	at org.apache.hadoop.hive.metastore.HMSHandler.create_database_core(HMSHandler.java:1366) ~[classes/:?]
	at org.apache.hadoop.hive.metastore.HMSHandler.create_database(HMSHandler.java:1486) ~[classes/:?]
	at sun.reflect.NativeMethodAccessorImpl.invoke0(Native Method) ~[?:1.8.0_402]
	at sun.reflect.NativeMethodAccessorImpl.invoke(NativeMethodAccessorImpl.java:62) ~[?:1.8.0_402]
	at sun.reflect.DelegatingMethodAccessorImpl.invoke(DelegatingMethodAccessorImpl.java:43) ~[?:1.8.0_402]
	at java.lang.reflect.Method.invoke(Method.java:498) ~[?:1.8.0_402]
	at org.apache.hadoop.hive.metastore.RetryingHMSHandler.invokeInternal(RetryingHMSHandler.java:147) ~[classes/:?]
	at org.apache.hadoop.hive.metastore.RetryingHMSHandler.invoke(RetryingHMSHandler.java:108) ~[classes/:?]
	at com.sun.proxy.$Proxy38.create_database(Unknown Source) ~[?:?]
	at org.apache.hadoop.hive.metastore.HiveMetaStoreClient.createDatabase(HiveMetaStoreClient.java:1151) ~[classes/:?]
	at sun.reflect.NativeMethodAccessorImpl.invoke0(Native Method) ~[?:1.8.0_402]
	at sun.reflect.NativeMethodAccessorImpl.invoke(NativeMethodAccessorImpl.java:62) ~[?:1.8.0_402]
	at sun.reflect.DelegatingMethodAccessorImpl.invoke(DelegatingMethodAccessorImpl.java:43) ~[?:1.8.0_402]
	at java.lang.reflect.Method.invoke(Method.java:498) ~[?:1.8.0_402]
	at org.apache.hadoop.hive.metastore.RetryingMetaStoreClient.invoke(RetryingMetaStoreClient.java:218) ~[classes/:?]
	at com.sun.proxy.$Proxy47.createDatabase(Unknown Source) ~[?:?]
	at org.apache.hadoop.hive.ql.metadata.Hive.createDatabase(Hive.java:605) ~[classes/:?]
	... 66 more
2024-04-24T12:35:25,715  INFO [main] reexec.ReOptimizePlugin: ReOptimization: retryPossible: false
2024-04-24T12:35:25,715  INFO [main] reexec.ReExecuteLostAMQueryPlugin: Got exception message: MetaException(message:Unable to create database managed directory pfile:/home/alex/Repositories/hive/streaming/target/warehouse/testing5.db, failed to create database testing5) retryPossible: false
2024-04-24T12:35:25,715  INFO [main] reexec.ReExecutionDagSubmitPlugin: Got exception message: MetaException(message:Unable to create database managed directory pfile:/home/alex/Repositories/hive/streaming/target/warehouse/testing5.db, failed to create database testing5) retryPossible: false
FAILED: Execution Error, return code 40000 from org.apache.hadoop.hive.ql.ddl.DDLTask. MetaException(message:Unable to create database managed directory pfile:/home/alex/Repositories/hive/streaming/target/warehouse/testing5.db, failed to create database testing5)
2024-04-24T12:35:25,715 ERROR [main] ql.Driver: FAILED: Execution Error, return code 40000 from org.apache.hadoop.hive.ql.ddl.DDLTask. MetaException(message:Unable to create database managed directory pfile:/home/alex/Repositories/hive/streaming/target/warehouse/testing5.db, failed to create database testing5)
2024-04-24T12:35:25,716  INFO [main] metadata.Hive: Dumping metastore api call timing information for : execution phase
2024-04-24T12:35:25,716  INFO [main] metadata.Hive: Total time spent in each metastore function (ms): {isCompatibleWith_(Configuration)=0}
2024-04-24T12:35:25,716  INFO [main] ql.Driver: Completed executing command(queryId=alex_20240424123523_d9e299c9-962f-4c32-8ea0-dd2e3417fab8); Time taken: 0.012 seconds
2024-04-24T12:35:25,716  INFO [main] lockmgr.DbTxnManager: Stopped heartbeat for query: alex_20240424123523_d9e299c9-962f-4c32-8ea0-dd2e3417fab8
2024-04-24T12:35:25,723  INFO [main] txn.TxnHandler: Removed transactions: ([3]) from MIN_HISTORY_LEVEL
2024-04-24T12:35:25,735 ERROR [main] streaming.TestStreamingDynamicPartitioning: Statement: create database IF NOT EXISTS testing5 location 'raw:///home/alex/Repositories/hive/streaming/target/tmp/junit4512381863206806170/testing5.db' failed: (responseCode = 40000, errorMessage = FAILED: Execution Error, return code 40000 from org.apache.hadoop.hive.ql.ddl.DDLTask. MetaException(message:Unable to create database managed directory pfile:/home/alex/Repositories/hive/streaming/target/warehouse/testing5.db, failed to create database testing5), hiveErrorCode = 40000, SQLState = 08S01, exception = MetaException(message:Unable to create database managed directory pfile:/home/alex/Repositories/hive/streaming/target/warehouse/testing5.db, failed to create database testing5))
2024-04-24T12:35:25,735  INFO [main] HiveMetaStore.audit: ugi=alex	ip=unknown-ip-addr	cmd=Cleaning up thread local RawStore...	
2024-04-24T12:35:25,736  INFO [main] metastore.ObjectStore: RawStore: org.apache.hadoop.hive.metastore.ObjectStore@10166230, with PersistenceManager: org.datanucleus.api.jdo.JDOPersistenceManager@7221539 will be shutdown
2024-04-24T12:35:25,736  INFO [main] HiveMetaStore.audit: ugi=alex	ip=unknown-ip-addr	cmd=Done cleaning up thread local RawStore	
2024-04-24T12:35:25,736  INFO [main] metastore.HiveMetaStoreClient: Closed a connection to metastore, current connections: -3
]]></system-err>
  </testcase>
  <testcase name="testDPTwoLevelNonStringPartitionColumns" classname="org.apache.hive.streaming.TestStreamingDynamicPartitioning" time="0.356">
    <failure type="java.lang.AssertionError"><![CDATA[java.lang.AssertionError
	at org.junit.Assert.fail(Assert.java:87)
	at org.junit.Assert.assertTrue(Assert.java:42)
	at org.junit.Assert.assertTrue(Assert.java:53)
	at org.apache.hive.streaming.TestStreamingDynamicPartitioning.createStoreSales(TestStreamingDynamicPartitioning.java:178)
	at org.apache.hive.streaming.TestStreamingDynamicPartitioning.setup(TestStreamingDynamicPartitioning.java:160)
	at sun.reflect.NativeMethodAccessorImpl.invoke0(Native Method)
	at sun.reflect.NativeMethodAccessorImpl.invoke(NativeMethodAccessorImpl.java:62)
	at sun.reflect.DelegatingMethodAccessorImpl.invoke(DelegatingMethodAccessorImpl.java:43)
	at java.lang.reflect.Method.invoke(Method.java:498)
	at org.junit.runners.model.FrameworkMethod$1.runReflectiveCall(FrameworkMethod.java:59)
	at org.junit.internal.runners.model.ReflectiveCallable.run(ReflectiveCallable.java:12)
	at org.junit.runners.model.FrameworkMethod.invokeExplosively(FrameworkMethod.java:56)
	at org.junit.internal.runners.statements.RunBefores.invokeMethod(RunBefores.java:33)
	at org.junit.internal.runners.statements.RunBefores.evaluate(RunBefores.java:24)
	at org.junit.internal.runners.statements.RunAfters.evaluate(RunAfters.java:27)
	at org.junit.rules.ExternalResource$1.evaluate(ExternalResource.java:54)
	at org.junit.runners.ParentRunner$3.evaluate(ParentRunner.java:306)
	at org.junit.runners.BlockJUnit4ClassRunner$1.evaluate(BlockJUnit4ClassRunner.java:100)
	at org.junit.runners.ParentRunner.runLeaf(ParentRunner.java:366)
	at org.junit.runners.BlockJUnit4ClassRunner.runChild(BlockJUnit4ClassRunner.java:103)
	at org.junit.runners.BlockJUnit4ClassRunner.runChild(BlockJUnit4ClassRunner.java:63)
	at org.junit.runners.ParentRunner$4.run(ParentRunner.java:331)
	at org.junit.runners.ParentRunner$1.schedule(ParentRunner.java:79)
	at org.junit.runners.ParentRunner.runChildren(ParentRunner.java:329)
	at org.junit.runners.ParentRunner.access$100(ParentRunner.java:66)
	at org.junit.runners.ParentRunner$2.evaluate(ParentRunner.java:293)
	at org.junit.runners.ParentRunner$3.evaluate(ParentRunner.java:306)
	at org.junit.runners.ParentRunner.run(ParentRunner.java:413)
	at org.junit.runner.JUnitCore.run(JUnitCore.java:137)
	at org.junit.runner.JUnitCore.run(JUnitCore.java:115)
	at org.junit.vintage.engine.execution.RunnerExecutor.execute(RunnerExecutor.java:43)
	at java.util.stream.ForEachOps$ForEachOp$OfRef.accept(ForEachOps.java:183)
	at java.util.stream.ReferencePipeline$3$1.accept(ReferencePipeline.java:193)
	at java.util.Iterator.forEachRemaining(Iterator.java:116)
	at java.util.Spliterators$IteratorSpliterator.forEachRemaining(Spliterators.java:1801)
	at java.util.stream.AbstractPipeline.copyInto(AbstractPipeline.java:482)
	at java.util.stream.AbstractPipeline.wrapAndCopyInto(AbstractPipeline.java:472)
	at java.util.stream.ForEachOps$ForEachOp.evaluateSequential(ForEachOps.java:150)
	at java.util.stream.ForEachOps$ForEachOp$OfRef.evaluateSequential(ForEachOps.java:173)
	at java.util.stream.AbstractPipeline.evaluate(AbstractPipeline.java:234)
	at java.util.stream.ReferencePipeline.forEach(ReferencePipeline.java:485)
	at org.junit.vintage.engine.VintageTestEngine.executeAllChildren(VintageTestEngine.java:82)
	at org.junit.vintage.engine.VintageTestEngine.execute(VintageTestEngine.java:73)
	at org.junit.platform.launcher.core.DefaultLauncher.execute(DefaultLauncher.java:248)
	at org.junit.platform.launcher.core.DefaultLauncher.lambda$execute$5(DefaultLauncher.java:211)
	at org.junit.platform.launcher.core.DefaultLauncher.withInterceptedStreams(DefaultLauncher.java:226)
	at org.junit.platform.launcher.core.DefaultLauncher.execute(DefaultLauncher.java:199)
	at org.junit.platform.launcher.core.DefaultLauncher.execute(DefaultLauncher.java:132)
	at org.apache.maven.surefire.junitplatform.JUnitPlatformProvider.invokeAllTests(JUnitPlatformProvider.java:154)
	at org.apache.maven.surefire.junitplatform.JUnitPlatformProvider.invoke(JUnitPlatformProvider.java:123)
	at org.apache.maven.surefire.booter.ForkedBooter.runSuitesInProcess(ForkedBooter.java:377)
	at org.apache.maven.surefire.booter.ForkedBooter.execute(ForkedBooter.java:138)
	at org.apache.maven.surefire.booter.ForkedBooter.run(ForkedBooter.java:465)
	at org.apache.maven.surefire.booter.ForkedBooter.main(ForkedBooter.java:451)
]]></failure>
    <system-out><![CDATA[create database IF NOT EXISTS testing location 'raw:///home/alex/Repositories/hive/streaming/target/tmp/junit673294892343003047/testing.db'
use testing
create table alerts ( id int,msg string ) partitioned by (Continent string,Country string ) clustered by ( id ) into 1 buckets  stored as orc  location 'raw:///home/alex/Repositories/hive/streaming/target/tmp/junit673294892343003047/testing.db/alerts' TBLPROPERTIES ('transactional'='true') 
create database IF NOT EXISTS testing5 location 'raw:///home/alex/Repositories/hive/streaming/target/tmp/junit7283529837204671020/testing5.db'
]]></system-out>
    <system-err><![CDATA[2024-04-24T12:35:25,791  WARN [main] conf.HiveConf: HiveConf of name hive.llap.io.cache.orc.alloc.max does not exist
2024-04-24T12:35:25,792  WARN [main] conf.HiveConf: HiveConf of name hive.llap.io.cache.orc.size does not exist
2024-04-24T12:35:25,792  WARN [main] conf.HiveConf: HiveConf of name hive.llap.io.cache.orc.arena.size does not exist
2024-04-24T12:35:25,792  WARN [main] conf.HiveConf: HiveConf of name hive.dummyparam.test.server.specific.config.hivesite does not exist
2024-04-24T12:35:25,792  WARN [main] conf.HiveConf: HiveConf of name hive.llap.io.cache.orc.alloc.min does not exist
2024-04-24T12:35:25,792  WARN [main] conf.HiveConf: HiveConf of name hive.metastore.client.cache.recordStats does not exist
2024-04-24T12:35:25,792  WARN [main] conf.HiveConf: HiveConf of name hive.dummyparam.test.server.specific.config.override does not exist
2024-04-24T12:35:25,792  WARN [main] conf.HiveConf: HiveConf of name hive.dummyparam.test.server.specific.config.metastoresite does not exist
2024-04-24T12:35:25,792  WARN [main] conf.HiveConf: HiveConf of name hive.metastore.client.cache.maxSize does not exist
2024-04-24T12:35:25,792  WARN [main] conf.HiveConf: HiveConf of name hive.stats.key.prefix.reserve.length does not exist
2024-04-24T12:35:25,792  WARN [main] conf.HiveConf: HiveConf of name hive.metastore.metadb.dir does not exist
2024-04-24T12:35:25,793  INFO [main] utils.TestTxnDbUtil: Cleaning transactional tables
2024-04-24T12:35:25,834  INFO [main] utils.TestTxnDbUtil: Creating transactional tables
2024-04-24T12:35:25,839  INFO [main] metastore.HiveMetaStoreClient: HMS client filtering is enabled.
2024-04-24T12:35:25,841  INFO [main] metastore.HMSHandler: 0: Opening raw store with implementation class:org.apache.hadoop.hive.metastore.ObjectStore
2024-04-24T12:35:25,841  INFO [main] metastore.PersistenceManagerProvider: Configuration datanucleus.autoStartMechanismMode is not set. Defaulting to 'ignored'
2024-04-24T12:35:25,842  INFO [main] metastore.ObjectStore: RawStore: org.apache.hadoop.hive.metastore.ObjectStore@6d2db15b, with PersistenceManager: null will be shutdown
2024-04-24T12:35:25,842  INFO [main] metastore.ObjectStore: RawStore: org.apache.hadoop.hive.metastore.ObjectStore@6d2db15b, with PersistenceManager: org.datanucleus.api.jdo.JDOPersistenceManager@749ad37c created in the thread with id: 1
2024-04-24T12:35:25,882  INFO [main] metastore.HMSHandler: Created RawStore: org.apache.hadoop.hive.metastore.ObjectStore@6d2db15b from thread id: 1
2024-04-24T12:35:25,882  INFO [main] metastore.HMSHandler: HMS server filtering is disabled by configuration
Hive Session ID = 26bd6306-4560-4e8d-ae56-541543406a64
2024-04-24T12:35:25,883  INFO [main] SessionState: Hive Session ID = 26bd6306-4560-4e8d-ae56-541543406a64
ivysettings.xml file not found in HIVE_HOME or HIVE_CONF_DIR,/home/alex/Repositories/hive/conf/ivysettings.xml will be used
2024-04-24T12:35:25,883  INFO [main] DependencyResolver: ivysettings.xml file not found in HIVE_HOME or HIVE_CONF_DIR,/home/alex/Repositories/hive/conf/ivysettings.xml will be used
2024-04-24T12:35:25,891  INFO [main] session.SessionState: Created HDFS directory: /home/alex/Repositories/hive/streaming/target/tmp/scratchdir/alex/26bd6306-4560-4e8d-ae56-541543406a64
2024-04-24T12:35:25,895  INFO [main] session.SessionState: Created local directory: /home/alex/Repositories/hive/streaming/target/tmp/localscratchdir/26bd6306-4560-4e8d-ae56-541543406a64
2024-04-24T12:35:25,898  INFO [main] session.SessionState: Created HDFS directory: /home/alex/Repositories/hive/streaming/target/tmp/scratchdir/alex/26bd6306-4560-4e8d-ae56-541543406a64/_tmp_space.db
2024-04-24T12:35:25,902  INFO [main] HiveMetaStore.audit: ugi=alex	ip=unknown-ip-addr	cmd=get_table_names_by_filter: db = @hive#testing, filter = 	
2024-04-24T12:35:25,906  INFO [main] HiveMetaStore.audit: ugi=alex	ip=unknown-ip-addr	cmd=get_database: testing	
2024-04-24T12:35:25,908  INFO [main] ql.Driver: Compiling command(queryId=alex_20240424123525_5a79972b-deae-4c93-8550-7986eb32c29f): create database IF NOT EXISTS testing location 'raw:///home/alex/Repositories/hive/streaming/target/tmp/junit673294892343003047/testing.db'
2024-04-24T12:35:25,923  INFO [main] txn.TxnHandler: Added entries to MIN_HISTORY_LEVEL for current txns: ([1]) with min_open_txn: 1
2024-04-24T12:35:25,923  INFO [main] lockmgr.DbTxnManager: Opened txnid:1
2024-04-24T12:35:25,928  INFO [main] ql.Driver: Semantic Analysis Completed (retrial = false)
2024-04-24T12:35:25,928  INFO [main] ql.Driver: Created Hive schema: Schema(fieldSchemas:null, properties:null)
2024-04-24T12:35:25,929  INFO [main] metadata.Hive: Dumping metastore api call timing information for : compilation phase
2024-04-24T12:35:25,929  INFO [main] metadata.Hive: Total time spent in each metastore function (ms): {isCompatibleWith_(Configuration)=0, openTxn_(String, TxnType)=14, getValidTxns_(long)=4, flushCache_()=0, rollbackTxn_(long)=19}
2024-04-24T12:35:25,929  INFO [main] ql.Driver: Completed compiling command(queryId=alex_20240424123525_5a79972b-deae-4c93-8550-7986eb32c29f); Time taken: 0.021 seconds
2024-04-24T12:35:25,929  INFO [main] reexec.ReExecDriver: Execution #1 of query
2024-04-24T12:35:25,930  INFO [main] lockmgr.DbTxnManager: Setting lock request transaction to txnid:1 for queryId=alex_20240424123525_5a79972b-deae-4c93-8550-7986eb32c29f
2024-04-24T12:35:25,930  INFO [main] ql.Driver: Operation CREATEDATABASE obtained 0 locks
2024-04-24T12:35:25,930  INFO [main] ql.Driver: Executing command(queryId=alex_20240424123525_5a79972b-deae-4c93-8550-7986eb32c29f): create database IF NOT EXISTS testing location 'raw:///home/alex/Repositories/hive/streaming/target/tmp/junit673294892343003047/testing.db'
PREHOOK: query: create database IF NOT EXISTS testing location 'raw:///home/alex/Repositories/hive/streaming/target/tmp/junit673294892343003047/testing.db'
2024-04-24T12:35:25,930  INFO [main] SessionState: PREHOOK: query: create database IF NOT EXISTS testing location 'raw:///home/alex/Repositories/hive/streaming/target/tmp/junit673294892343003047/testing.db'
PREHOOK: type: CREATEDATABASE
2024-04-24T12:35:25,930  INFO [main] SessionState: PREHOOK: type: CREATEDATABASE
PREHOOK: Output: database:testing
2024-04-24T12:35:25,930  INFO [main] SessionState: PREHOOK: Output: database:testing
PREHOOK: Output: raw:/home/alex/Repositories/hive/streaming/target/tmp/junit673294892343003047/testing.db
2024-04-24T12:35:25,930  INFO [main] SessionState: PREHOOK: Output: raw:/home/alex/Repositories/hive/streaming/target/tmp/junit673294892343003047/testing.db
2024-04-24T12:35:25,931  INFO [main] ql.Driver: Starting task [Stage-0:DDL] in serial mode
2024-04-24T12:35:25,931  INFO [main] sqlstd.SQLStdHiveAccessController: Created SQLStdHiveAccessController for session context : HiveAuthzSessionContext [sessionString=26bd6306-4560-4e8d-ae56-541543406a64, clientType=HIVECLI]
2024-04-24T12:35:25,932  INFO [main] metastore.HiveMetaStoreClient: Mestastore configuration metastore.filter.hook changed from org.apache.hadoop.hive.metastore.DefaultMetaStoreFilterHookImpl to org.apache.hadoop.hive.ql.security.authorization.plugin.AuthorizationMetaStoreFilterHook
2024-04-24T12:35:25,932  INFO [main] HiveMetaStore.audit: ugi=alex	ip=unknown-ip-addr	cmd=Cleaning up thread local RawStore...	
2024-04-24T12:35:25,932  INFO [main] metastore.ObjectStore: RawStore: org.apache.hadoop.hive.metastore.ObjectStore@6d2db15b, with PersistenceManager: org.datanucleus.api.jdo.JDOPersistenceManager@749ad37c will be shutdown
2024-04-24T12:35:25,932  INFO [main] HiveMetaStore.audit: ugi=alex	ip=unknown-ip-addr	cmd=Done cleaning up thread local RawStore	
2024-04-24T12:35:25,932  INFO [main] metastore.HiveMetaStoreClient: Closed a connection to metastore, current connections: -4
2024-04-24T12:35:25,934  INFO [main] metastore.HiveMetaStoreClient: HMS client filtering is enabled.
2024-04-24T12:35:25,936  INFO [main] metastore.HMSHandler: 0: Opening raw store with implementation class:org.apache.hadoop.hive.metastore.ObjectStore
2024-04-24T12:35:25,936  INFO [main] metastore.PersistenceManagerProvider: Configuration datanucleus.autoStartMechanismMode is not set. Defaulting to 'ignored'
2024-04-24T12:35:25,937  INFO [main] metastore.ObjectStore: RawStore: org.apache.hadoop.hive.metastore.ObjectStore@47e60b71, with PersistenceManager: null will be shutdown
2024-04-24T12:35:25,938  INFO [main] metastore.ObjectStore: RawStore: org.apache.hadoop.hive.metastore.ObjectStore@47e60b71, with PersistenceManager: org.datanucleus.api.jdo.JDOPersistenceManager@795faad created in the thread with id: 1
2024-04-24T12:35:25,942  INFO [main] metastore.HMSHandler: Created RawStore: org.apache.hadoop.hive.metastore.ObjectStore@47e60b71 from thread id: 1
2024-04-24T12:35:25,942  INFO [main] metastore.HMSHandler: HMS server filtering is disabled by configuration
2024-04-24T12:35:25,943  INFO [main] metastore.RetryingMetaStoreClient: RetryingMetaStoreClient proxy=class org.apache.hadoop.hive.ql.metadata.SessionHiveMetaStoreClient ugi=alex (auth:SIMPLE) retries=1 delay=1 lifetime=0
2024-04-24T12:35:25,945  INFO [main] metastore.HiveMetaStoreClient: HMS client filtering is enabled.
2024-04-24T12:35:25,945  INFO [main] metastore.PersistenceManagerProvider: Configuration datanucleus.autoStartMechanismMode is not set. Defaulting to 'ignored'
2024-04-24T12:35:25,946  INFO [main] metastore.ObjectStore: RawStore: org.apache.hadoop.hive.metastore.ObjectStore@47e60b71, with PersistenceManager: org.datanucleus.api.jdo.JDOPersistenceManager@795faad will be shutdown
2024-04-24T12:35:25,946  INFO [main] metastore.ObjectStore: RawStore: org.apache.hadoop.hive.metastore.ObjectStore@47e60b71, with PersistenceManager: org.datanucleus.api.jdo.JDOPersistenceManager@638d2ce3 created in the thread with id: 1
2024-04-24T12:35:25,950  INFO [main] metastore.HMSHandler: HMS server filtering is disabled by configuration
2024-04-24T12:35:25,951  INFO [main] metastore.RetryingMetaStoreClient: RetryingMetaStoreClient proxy=class org.apache.hadoop.hive.ql.metadata.SessionHiveMetaStoreClient ugi=alex (auth:SIMPLE) retries=1 delay=1 lifetime=0
2024-04-24T12:35:25,951  INFO [main] HiveMetaStore.audit: ugi=alex	ip=unknown-ip-addr	cmd=create_database: Database(name:testing, description:null, locationUri:raw:/home/alex/Repositories/hive/streaming/target/tmp/junit673294892343003047/testing.db, parameters:null, ownerName:alex, ownerType:USER, catalogName:hive, managedLocationUri:pfile:/home/alex/Repositories/hive/streaming/target/warehouse/testing.db, type:NATIVE)	
2024-04-24T12:35:25,959 ERROR [main] metastore.RetryingHMSHandler: MetaException(message:Unable to create database managed directory pfile:/home/alex/Repositories/hive/streaming/target/warehouse/testing.db, failed to create database testing)
	at org.apache.hadoop.hive.metastore.HMSHandler.create_database_core(HMSHandler.java:1366)
	at org.apache.hadoop.hive.metastore.HMSHandler.create_database(HMSHandler.java:1486)
	at sun.reflect.NativeMethodAccessorImpl.invoke0(Native Method)
	at sun.reflect.NativeMethodAccessorImpl.invoke(NativeMethodAccessorImpl.java:62)
	at sun.reflect.DelegatingMethodAccessorImpl.invoke(DelegatingMethodAccessorImpl.java:43)
	at java.lang.reflect.Method.invoke(Method.java:498)
	at org.apache.hadoop.hive.metastore.RetryingHMSHandler.invokeInternal(RetryingHMSHandler.java:147)
	at org.apache.hadoop.hive.metastore.RetryingHMSHandler.invoke(RetryingHMSHandler.java:108)
	at com.sun.proxy.$Proxy38.create_database(Unknown Source)
	at org.apache.hadoop.hive.metastore.HiveMetaStoreClient.createDatabase(HiveMetaStoreClient.java:1151)
	at sun.reflect.NativeMethodAccessorImpl.invoke0(Native Method)
	at sun.reflect.NativeMethodAccessorImpl.invoke(NativeMethodAccessorImpl.java:62)
	at sun.reflect.DelegatingMethodAccessorImpl.invoke(DelegatingMethodAccessorImpl.java:43)
	at java.lang.reflect.Method.invoke(Method.java:498)
	at org.apache.hadoop.hive.metastore.RetryingMetaStoreClient.invoke(RetryingMetaStoreClient.java:218)
	at com.sun.proxy.$Proxy47.createDatabase(Unknown Source)
	at org.apache.hadoop.hive.ql.metadata.Hive.createDatabase(Hive.java:605)
	at org.apache.hadoop.hive.ql.ddl.database.create.CreateDatabaseOperation.execute(CreateDatabaseOperation.java:68)
	at org.apache.hadoop.hive.ql.ddl.DDLTask.execute(DDLTask.java:84)
	at org.apache.hadoop.hive.ql.exec.Task.executeTask(Task.java:212)
	at org.apache.hadoop.hive.ql.exec.TaskRunner.runSequential(TaskRunner.java:105)
	at org.apache.hadoop.hive.ql.Executor.launchTask(Executor.java:361)
	at org.apache.hadoop.hive.ql.Executor.launchTasks(Executor.java:334)
	at org.apache.hadoop.hive.ql.Executor.runTasks(Executor.java:245)
	at org.apache.hadoop.hive.ql.Executor.execute(Executor.java:108)
	at org.apache.hadoop.hive.ql.Driver.execute(Driver.java:348)
	at org.apache.hadoop.hive.ql.Driver.runInternal(Driver.java:204)
	at org.apache.hadoop.hive.ql.Driver.run(Driver.java:153)
	at org.apache.hadoop.hive.ql.Driver.run(Driver.java:148)
	at org.apache.hadoop.hive.ql.reexec.ReExecDriver.run(ReExecDriver.java:164)
	at org.apache.hadoop.hive.ql.reexec.ReExecDriver.run(ReExecDriver.java:230)
	at org.apache.hive.streaming.TestStreamingDynamicPartitioning.runDDL(TestStreamingDynamicPartitioning.java:829)
	at org.apache.hive.streaming.TestStreamingDynamicPartitioning.createDbAndTable(TestStreamingDynamicPartitioning.java:875)
	at org.apache.hive.streaming.TestStreamingDynamicPartitioning.setup(TestStreamingDynamicPartitioning.java:155)
	at sun.reflect.NativeMethodAccessorImpl.invoke0(Native Method)
	at sun.reflect.NativeMethodAccessorImpl.invoke(NativeMethodAccessorImpl.java:62)
	at sun.reflect.DelegatingMethodAccessorImpl.invoke(DelegatingMethodAccessorImpl.java:43)
	at java.lang.reflect.Method.invoke(Method.java:498)
	at org.junit.runners.model.FrameworkMethod$1.runReflectiveCall(FrameworkMethod.java:59)
	at org.junit.internal.runners.model.ReflectiveCallable.run(ReflectiveCallable.java:12)
	at org.junit.runners.model.FrameworkMethod.invokeExplosively(FrameworkMethod.java:56)
	at org.junit.internal.runners.statements.RunBefores.invokeMethod(RunBefores.java:33)
	at org.junit.internal.runners.statements.RunBefores.evaluate(RunBefores.java:24)
	at org.junit.internal.runners.statements.RunAfters.evaluate(RunAfters.java:27)
	at org.junit.rules.ExternalResource$1.evaluate(ExternalResource.java:54)
	at org.junit.runners.ParentRunner$3.evaluate(ParentRunner.java:306)
	at org.junit.runners.BlockJUnit4ClassRunner$1.evaluate(BlockJUnit4ClassRunner.java:100)
	at org.junit.runners.ParentRunner.runLeaf(ParentRunner.java:366)
	at org.junit.runners.BlockJUnit4ClassRunner.runChild(BlockJUnit4ClassRunner.java:103)
	at org.junit.runners.BlockJUnit4ClassRunner.runChild(BlockJUnit4ClassRunner.java:63)
	at org.junit.runners.ParentRunner$4.run(ParentRunner.java:331)
	at org.junit.runners.ParentRunner$1.schedule(ParentRunner.java:79)
	at org.junit.runners.ParentRunner.runChildren(ParentRunner.java:329)
	at org.junit.runners.ParentRunner.access$100(ParentRunner.java:66)
	at org.junit.runners.ParentRunner$2.evaluate(ParentRunner.java:293)
	at org.junit.runners.ParentRunner$3.evaluate(ParentRunner.java:306)
	at org.junit.runners.ParentRunner.run(ParentRunner.java:413)
	at org.junit.runner.JUnitCore.run(JUnitCore.java:137)
	at org.junit.runner.JUnitCore.run(JUnitCore.java:115)
	at org.junit.vintage.engine.execution.RunnerExecutor.execute(RunnerExecutor.java:43)
	at java.util.stream.ForEachOps$ForEachOp$OfRef.accept(ForEachOps.java:183)
	at java.util.stream.ReferencePipeline$3$1.accept(ReferencePipeline.java:193)
	at java.util.Iterator.forEachRemaining(Iterator.java:116)
	at java.util.Spliterators$IteratorSpliterator.forEachRemaining(Spliterators.java:1801)
	at java.util.stream.AbstractPipeline.copyInto(AbstractPipeline.java:482)
	at java.util.stream.AbstractPipeline.wrapAndCopyInto(AbstractPipeline.java:472)
	at java.util.stream.ForEachOps$ForEachOp.evaluateSequential(ForEachOps.java:150)
	at java.util.stream.ForEachOps$ForEachOp$OfRef.evaluateSequential(ForEachOps.java:173)
	at java.util.stream.AbstractPipeline.evaluate(AbstractPipeline.java:234)
	at java.util.stream.ReferencePipeline.forEach(ReferencePipeline.java:485)
	at org.junit.vintage.engine.VintageTestEngine.executeAllChildren(VintageTestEngine.java:82)
	at org.junit.vintage.engine.VintageTestEngine.execute(VintageTestEngine.java:73)
	at org.junit.platform.launcher.core.DefaultLauncher.execute(DefaultLauncher.java:248)
	at org.junit.platform.launcher.core.DefaultLauncher.lambda$execute$5(DefaultLauncher.java:211)
	at org.junit.platform.launcher.core.DefaultLauncher.withInterceptedStreams(DefaultLauncher.java:226)
	at org.junit.platform.launcher.core.DefaultLauncher.execute(DefaultLauncher.java:199)
	at org.junit.platform.launcher.core.DefaultLauncher.execute(DefaultLauncher.java:132)
	at org.apache.maven.surefire.junitplatform.JUnitPlatformProvider.invokeAllTests(JUnitPlatformProvider.java:154)
	at org.apache.maven.surefire.junitplatform.JUnitPlatformProvider.invoke(JUnitPlatformProvider.java:123)
	at org.apache.maven.surefire.booter.ForkedBooter.runSuitesInProcess(ForkedBooter.java:377)
	at org.apache.maven.surefire.booter.ForkedBooter.execute(ForkedBooter.java:138)
	at org.apache.maven.surefire.booter.ForkedBooter.run(ForkedBooter.java:465)
	at org.apache.maven.surefire.booter.ForkedBooter.main(ForkedBooter.java:451)

2024-04-24T12:35:25,960 ERROR [main] exec.Task: Failed
org.apache.hadoop.hive.ql.metadata.HiveException: MetaException(message:Unable to create database managed directory pfile:/home/alex/Repositories/hive/streaming/target/warehouse/testing.db, failed to create database testing)
	at org.apache.hadoop.hive.ql.metadata.Hive.createDatabase(Hive.java:611) ~[classes/:?]
	at org.apache.hadoop.hive.ql.ddl.database.create.CreateDatabaseOperation.execute(CreateDatabaseOperation.java:68) ~[classes/:?]
	at org.apache.hadoop.hive.ql.ddl.DDLTask.execute(DDLTask.java:84) ~[classes/:?]
	at org.apache.hadoop.hive.ql.exec.Task.executeTask(Task.java:212) ~[classes/:?]
	at org.apache.hadoop.hive.ql.exec.TaskRunner.runSequential(TaskRunner.java:105) ~[classes/:?]
	at org.apache.hadoop.hive.ql.Executor.launchTask(Executor.java:361) ~[classes/:?]
	at org.apache.hadoop.hive.ql.Executor.launchTasks(Executor.java:334) ~[classes/:?]
	at org.apache.hadoop.hive.ql.Executor.runTasks(Executor.java:245) ~[classes/:?]
	at org.apache.hadoop.hive.ql.Executor.execute(Executor.java:108) ~[classes/:?]
	at org.apache.hadoop.hive.ql.Driver.execute(Driver.java:348) ~[classes/:?]
	at org.apache.hadoop.hive.ql.Driver.runInternal(Driver.java:204) ~[classes/:?]
	at org.apache.hadoop.hive.ql.Driver.run(Driver.java:153) ~[classes/:?]
	at org.apache.hadoop.hive.ql.Driver.run(Driver.java:148) ~[classes/:?]
	at org.apache.hadoop.hive.ql.reexec.ReExecDriver.run(ReExecDriver.java:164) ~[classes/:?]
	at org.apache.hadoop.hive.ql.reexec.ReExecDriver.run(ReExecDriver.java:230) ~[classes/:?]
	at org.apache.hive.streaming.TestStreamingDynamicPartitioning.runDDL(TestStreamingDynamicPartitioning.java:829) ~[test-classes/:?]
	at org.apache.hive.streaming.TestStreamingDynamicPartitioning.createDbAndTable(TestStreamingDynamicPartitioning.java:875) ~[test-classes/:?]
	at org.apache.hive.streaming.TestStreamingDynamicPartitioning.setup(TestStreamingDynamicPartitioning.java:155) ~[test-classes/:?]
	at sun.reflect.NativeMethodAccessorImpl.invoke0(Native Method) ~[?:1.8.0_402]
	at sun.reflect.NativeMethodAccessorImpl.invoke(NativeMethodAccessorImpl.java:62) ~[?:1.8.0_402]
	at sun.reflect.DelegatingMethodAccessorImpl.invoke(DelegatingMethodAccessorImpl.java:43) ~[?:1.8.0_402]
	at java.lang.reflect.Method.invoke(Method.java:498) ~[?:1.8.0_402]
	at org.junit.runners.model.FrameworkMethod$1.runReflectiveCall(FrameworkMethod.java:59) ~[junit-4.13.jar:4.13]
	at org.junit.internal.runners.model.ReflectiveCallable.run(ReflectiveCallable.java:12) ~[junit-4.13.jar:4.13]
	at org.junit.runners.model.FrameworkMethod.invokeExplosively(FrameworkMethod.java:56) ~[junit-4.13.jar:4.13]
	at org.junit.internal.runners.statements.RunBefores.invokeMethod(RunBefores.java:33) ~[junit-4.13.jar:4.13]
	at org.junit.internal.runners.statements.RunBefores.evaluate(RunBefores.java:24) ~[junit-4.13.jar:4.13]
	at org.junit.internal.runners.statements.RunAfters.evaluate(RunAfters.java:27) ~[junit-4.13.jar:4.13]
	at org.junit.rules.ExternalResource$1.evaluate(ExternalResource.java:54) ~[junit-4.13.jar:4.13]
	at org.junit.runners.ParentRunner$3.evaluate(ParentRunner.java:306) ~[junit-4.13.jar:4.13]
	at org.junit.runners.BlockJUnit4ClassRunner$1.evaluate(BlockJUnit4ClassRunner.java:100) ~[junit-4.13.jar:4.13]
	at org.junit.runners.ParentRunner.runLeaf(ParentRunner.java:366) ~[junit-4.13.jar:4.13]
	at org.junit.runners.BlockJUnit4ClassRunner.runChild(BlockJUnit4ClassRunner.java:103) ~[junit-4.13.jar:4.13]
	at org.junit.runners.BlockJUnit4ClassRunner.runChild(BlockJUnit4ClassRunner.java:63) ~[junit-4.13.jar:4.13]
	at org.junit.runners.ParentRunner$4.run(ParentRunner.java:331) ~[junit-4.13.jar:4.13]
	at org.junit.runners.ParentRunner$1.schedule(ParentRunner.java:79) ~[junit-4.13.jar:4.13]
	at org.junit.runners.ParentRunner.runChildren(ParentRunner.java:329) ~[junit-4.13.jar:4.13]
	at org.junit.runners.ParentRunner.access$100(ParentRunner.java:66) ~[junit-4.13.jar:4.13]
	at org.junit.runners.ParentRunner$2.evaluate(ParentRunner.java:293) ~[junit-4.13.jar:4.13]
	at org.junit.runners.ParentRunner$3.evaluate(ParentRunner.java:306) ~[junit-4.13.jar:4.13]
	at org.junit.runners.ParentRunner.run(ParentRunner.java:413) ~[junit-4.13.jar:4.13]
	at org.junit.runner.JUnitCore.run(JUnitCore.java:137) ~[junit-4.13.jar:4.13]
	at org.junit.runner.JUnitCore.run(JUnitCore.java:115) ~[junit-4.13.jar:4.13]
	at org.junit.vintage.engine.execution.RunnerExecutor.execute(RunnerExecutor.java:43) ~[junit-vintage-engine-5.6.2.jar:5.6.2]
	at java.util.stream.ForEachOps$ForEachOp$OfRef.accept(ForEachOps.java:183) ~[?:1.8.0_402]
	at java.util.stream.ReferencePipeline$3$1.accept(ReferencePipeline.java:193) ~[?:1.8.0_402]
	at java.util.Iterator.forEachRemaining(Iterator.java:116) ~[?:1.8.0_402]
	at java.util.Spliterators$IteratorSpliterator.forEachRemaining(Spliterators.java:1801) ~[?:1.8.0_402]
	at java.util.stream.AbstractPipeline.copyInto(AbstractPipeline.java:482) ~[?:1.8.0_402]
	at java.util.stream.AbstractPipeline.wrapAndCopyInto(AbstractPipeline.java:472) ~[?:1.8.0_402]
	at java.util.stream.ForEachOps$ForEachOp.evaluateSequential(ForEachOps.java:150) ~[?:1.8.0_402]
	at java.util.stream.ForEachOps$ForEachOp$OfRef.evaluateSequential(ForEachOps.java:173) ~[?:1.8.0_402]
	at java.util.stream.AbstractPipeline.evaluate(AbstractPipeline.java:234) ~[?:1.8.0_402]
	at java.util.stream.ReferencePipeline.forEach(ReferencePipeline.java:485) ~[?:1.8.0_402]
	at org.junit.vintage.engine.VintageTestEngine.executeAllChildren(VintageTestEngine.java:82) ~[junit-vintage-engine-5.6.2.jar:5.6.2]
	at org.junit.vintage.engine.VintageTestEngine.execute(VintageTestEngine.java:73) ~[junit-vintage-engine-5.6.2.jar:5.6.2]
	at org.junit.platform.launcher.core.DefaultLauncher.execute(DefaultLauncher.java:248) ~[junit-platform-launcher-1.6.2.jar:1.6.2]
	at org.junit.platform.launcher.core.DefaultLauncher.lambda$execute$5(DefaultLauncher.java:211) ~[junit-platform-launcher-1.6.2.jar:1.6.2]
	at org.junit.platform.launcher.core.DefaultLauncher.withInterceptedStreams(DefaultLauncher.java:226) [junit-platform-launcher-1.6.2.jar:1.6.2]
	at org.junit.platform.launcher.core.DefaultLauncher.execute(DefaultLauncher.java:199) [junit-platform-launcher-1.6.2.jar:1.6.2]
	at org.junit.platform.launcher.core.DefaultLauncher.execute(DefaultLauncher.java:132) [junit-platform-launcher-1.6.2.jar:1.6.2]
	at org.apache.maven.surefire.junitplatform.JUnitPlatformProvider.invokeAllTests(JUnitPlatformProvider.java:154) [surefire-junit-platform-3.0.0-M4.jar:3.0.0-M4]
	at org.apache.maven.surefire.junitplatform.JUnitPlatformProvider.invoke(JUnitPlatformProvider.java:123) [surefire-junit-platform-3.0.0-M4.jar:3.0.0-M4]
	at org.apache.maven.surefire.booter.ForkedBooter.runSuitesInProcess(ForkedBooter.java:377) [surefire-booter-3.0.0-M4.jar:3.0.0-M4]
	at org.apache.maven.surefire.booter.ForkedBooter.execute(ForkedBooter.java:138) [surefire-booter-3.0.0-M4.jar:3.0.0-M4]
	at org.apache.maven.surefire.booter.ForkedBooter.run(ForkedBooter.java:465) [surefire-booter-3.0.0-M4.jar:3.0.0-M4]
	at org.apache.maven.surefire.booter.ForkedBooter.main(ForkedBooter.java:451) [surefire-booter-3.0.0-M4.jar:3.0.0-M4]
Caused by: org.apache.hadoop.hive.metastore.api.MetaException: Unable to create database managed directory pfile:/home/alex/Repositories/hive/streaming/target/warehouse/testing.db, failed to create database testing
	at org.apache.hadoop.hive.metastore.HMSHandler.create_database_core(HMSHandler.java:1366) ~[classes/:?]
	at org.apache.hadoop.hive.metastore.HMSHandler.create_database(HMSHandler.java:1486) ~[classes/:?]
	at sun.reflect.NativeMethodAccessorImpl.invoke0(Native Method) ~[?:1.8.0_402]
	at sun.reflect.NativeMethodAccessorImpl.invoke(NativeMethodAccessorImpl.java:62) ~[?:1.8.0_402]
	at sun.reflect.DelegatingMethodAccessorImpl.invoke(DelegatingMethodAccessorImpl.java:43) ~[?:1.8.0_402]
	at java.lang.reflect.Method.invoke(Method.java:498) ~[?:1.8.0_402]
	at org.apache.hadoop.hive.metastore.RetryingHMSHandler.invokeInternal(RetryingHMSHandler.java:147) ~[classes/:?]
	at org.apache.hadoop.hive.metastore.RetryingHMSHandler.invoke(RetryingHMSHandler.java:108) ~[classes/:?]
	at com.sun.proxy.$Proxy38.create_database(Unknown Source) ~[?:?]
	at org.apache.hadoop.hive.metastore.HiveMetaStoreClient.createDatabase(HiveMetaStoreClient.java:1151) ~[classes/:?]
	at sun.reflect.NativeMethodAccessorImpl.invoke0(Native Method) ~[?:1.8.0_402]
	at sun.reflect.NativeMethodAccessorImpl.invoke(NativeMethodAccessorImpl.java:62) ~[?:1.8.0_402]
	at sun.reflect.DelegatingMethodAccessorImpl.invoke(DelegatingMethodAccessorImpl.java:43) ~[?:1.8.0_402]
	at java.lang.reflect.Method.invoke(Method.java:498) ~[?:1.8.0_402]
	at org.apache.hadoop.hive.metastore.RetryingMetaStoreClient.invoke(RetryingMetaStoreClient.java:218) ~[classes/:?]
	at com.sun.proxy.$Proxy47.createDatabase(Unknown Source) ~[?:?]
	at org.apache.hadoop.hive.ql.metadata.Hive.createDatabase(Hive.java:605) ~[classes/:?]
	... 66 more
2024-04-24T12:35:25,961 ERROR [main] exec.Task: DDLTask failed, DDL Operation: class org.apache.hadoop.hive.ql.ddl.database.create.CreateDatabaseOperation
org.apache.hadoop.hive.ql.metadata.HiveException: MetaException(message:Unable to create database managed directory pfile:/home/alex/Repositories/hive/streaming/target/warehouse/testing.db, failed to create database testing)
	at org.apache.hadoop.hive.ql.metadata.Hive.createDatabase(Hive.java:611) ~[classes/:?]
	at org.apache.hadoop.hive.ql.ddl.database.create.CreateDatabaseOperation.execute(CreateDatabaseOperation.java:68) ~[classes/:?]
	at org.apache.hadoop.hive.ql.ddl.DDLTask.execute(DDLTask.java:84) ~[classes/:?]
	at org.apache.hadoop.hive.ql.exec.Task.executeTask(Task.java:212) ~[classes/:?]
	at org.apache.hadoop.hive.ql.exec.TaskRunner.runSequential(TaskRunner.java:105) ~[classes/:?]
	at org.apache.hadoop.hive.ql.Executor.launchTask(Executor.java:361) ~[classes/:?]
	at org.apache.hadoop.hive.ql.Executor.launchTasks(Executor.java:334) ~[classes/:?]
	at org.apache.hadoop.hive.ql.Executor.runTasks(Executor.java:245) ~[classes/:?]
	at org.apache.hadoop.hive.ql.Executor.execute(Executor.java:108) ~[classes/:?]
	at org.apache.hadoop.hive.ql.Driver.execute(Driver.java:348) ~[classes/:?]
	at org.apache.hadoop.hive.ql.Driver.runInternal(Driver.java:204) ~[classes/:?]
	at org.apache.hadoop.hive.ql.Driver.run(Driver.java:153) ~[classes/:?]
	at org.apache.hadoop.hive.ql.Driver.run(Driver.java:148) ~[classes/:?]
	at org.apache.hadoop.hive.ql.reexec.ReExecDriver.run(ReExecDriver.java:164) ~[classes/:?]
	at org.apache.hadoop.hive.ql.reexec.ReExecDriver.run(ReExecDriver.java:230) ~[classes/:?]
	at org.apache.hive.streaming.TestStreamingDynamicPartitioning.runDDL(TestStreamingDynamicPartitioning.java:829) ~[test-classes/:?]
	at org.apache.hive.streaming.TestStreamingDynamicPartitioning.createDbAndTable(TestStreamingDynamicPartitioning.java:875) ~[test-classes/:?]
	at org.apache.hive.streaming.TestStreamingDynamicPartitioning.setup(TestStreamingDynamicPartitioning.java:155) ~[test-classes/:?]
	at sun.reflect.NativeMethodAccessorImpl.invoke0(Native Method) ~[?:1.8.0_402]
	at sun.reflect.NativeMethodAccessorImpl.invoke(NativeMethodAccessorImpl.java:62) ~[?:1.8.0_402]
	at sun.reflect.DelegatingMethodAccessorImpl.invoke(DelegatingMethodAccessorImpl.java:43) ~[?:1.8.0_402]
	at java.lang.reflect.Method.invoke(Method.java:498) ~[?:1.8.0_402]
	at org.junit.runners.model.FrameworkMethod$1.runReflectiveCall(FrameworkMethod.java:59) ~[junit-4.13.jar:4.13]
	at org.junit.internal.runners.model.ReflectiveCallable.run(ReflectiveCallable.java:12) ~[junit-4.13.jar:4.13]
	at org.junit.runners.model.FrameworkMethod.invokeExplosively(FrameworkMethod.java:56) ~[junit-4.13.jar:4.13]
	at org.junit.internal.runners.statements.RunBefores.invokeMethod(RunBefores.java:33) ~[junit-4.13.jar:4.13]
	at org.junit.internal.runners.statements.RunBefores.evaluate(RunBefores.java:24) ~[junit-4.13.jar:4.13]
	at org.junit.internal.runners.statements.RunAfters.evaluate(RunAfters.java:27) ~[junit-4.13.jar:4.13]
	at org.junit.rules.ExternalResource$1.evaluate(ExternalResource.java:54) ~[junit-4.13.jar:4.13]
	at org.junit.runners.ParentRunner$3.evaluate(ParentRunner.java:306) ~[junit-4.13.jar:4.13]
	at org.junit.runners.BlockJUnit4ClassRunner$1.evaluate(BlockJUnit4ClassRunner.java:100) ~[junit-4.13.jar:4.13]
	at org.junit.runners.ParentRunner.runLeaf(ParentRunner.java:366) ~[junit-4.13.jar:4.13]
	at org.junit.runners.BlockJUnit4ClassRunner.runChild(BlockJUnit4ClassRunner.java:103) ~[junit-4.13.jar:4.13]
	at org.junit.runners.BlockJUnit4ClassRunner.runChild(BlockJUnit4ClassRunner.java:63) ~[junit-4.13.jar:4.13]
	at org.junit.runners.ParentRunner$4.run(ParentRunner.java:331) ~[junit-4.13.jar:4.13]
	at org.junit.runners.ParentRunner$1.schedule(ParentRunner.java:79) ~[junit-4.13.jar:4.13]
	at org.junit.runners.ParentRunner.runChildren(ParentRunner.java:329) ~[junit-4.13.jar:4.13]
	at org.junit.runners.ParentRunner.access$100(ParentRunner.java:66) ~[junit-4.13.jar:4.13]
	at org.junit.runners.ParentRunner$2.evaluate(ParentRunner.java:293) ~[junit-4.13.jar:4.13]
	at org.junit.runners.ParentRunner$3.evaluate(ParentRunner.java:306) ~[junit-4.13.jar:4.13]
	at org.junit.runners.ParentRunner.run(ParentRunner.java:413) ~[junit-4.13.jar:4.13]
	at org.junit.runner.JUnitCore.run(JUnitCore.java:137) ~[junit-4.13.jar:4.13]
	at org.junit.runner.JUnitCore.run(JUnitCore.java:115) ~[junit-4.13.jar:4.13]
	at org.junit.vintage.engine.execution.RunnerExecutor.execute(RunnerExecutor.java:43) ~[junit-vintage-engine-5.6.2.jar:5.6.2]
	at java.util.stream.ForEachOps$ForEachOp$OfRef.accept(ForEachOps.java:183) ~[?:1.8.0_402]
	at java.util.stream.ReferencePipeline$3$1.accept(ReferencePipeline.java:193) ~[?:1.8.0_402]
	at java.util.Iterator.forEachRemaining(Iterator.java:116) ~[?:1.8.0_402]
	at java.util.Spliterators$IteratorSpliterator.forEachRemaining(Spliterators.java:1801) ~[?:1.8.0_402]
	at java.util.stream.AbstractPipeline.copyInto(AbstractPipeline.java:482) ~[?:1.8.0_402]
	at java.util.stream.AbstractPipeline.wrapAndCopyInto(AbstractPipeline.java:472) ~[?:1.8.0_402]
	at java.util.stream.ForEachOps$ForEachOp.evaluateSequential(ForEachOps.java:150) ~[?:1.8.0_402]
	at java.util.stream.ForEachOps$ForEachOp$OfRef.evaluateSequential(ForEachOps.java:173) ~[?:1.8.0_402]
	at java.util.stream.AbstractPipeline.evaluate(AbstractPipeline.java:234) ~[?:1.8.0_402]
	at java.util.stream.ReferencePipeline.forEach(ReferencePipeline.java:485) ~[?:1.8.0_402]
	at org.junit.vintage.engine.VintageTestEngine.executeAllChildren(VintageTestEngine.java:82) ~[junit-vintage-engine-5.6.2.jar:5.6.2]
	at org.junit.vintage.engine.VintageTestEngine.execute(VintageTestEngine.java:73) ~[junit-vintage-engine-5.6.2.jar:5.6.2]
	at org.junit.platform.launcher.core.DefaultLauncher.execute(DefaultLauncher.java:248) ~[junit-platform-launcher-1.6.2.jar:1.6.2]
	at org.junit.platform.launcher.core.DefaultLauncher.lambda$execute$5(DefaultLauncher.java:211) ~[junit-platform-launcher-1.6.2.jar:1.6.2]
	at org.junit.platform.launcher.core.DefaultLauncher.withInterceptedStreams(DefaultLauncher.java:226) [junit-platform-launcher-1.6.2.jar:1.6.2]
	at org.junit.platform.launcher.core.DefaultLauncher.execute(DefaultLauncher.java:199) [junit-platform-launcher-1.6.2.jar:1.6.2]
	at org.junit.platform.launcher.core.DefaultLauncher.execute(DefaultLauncher.java:132) [junit-platform-launcher-1.6.2.jar:1.6.2]
	at org.apache.maven.surefire.junitplatform.JUnitPlatformProvider.invokeAllTests(JUnitPlatformProvider.java:154) [surefire-junit-platform-3.0.0-M4.jar:3.0.0-M4]
	at org.apache.maven.surefire.junitplatform.JUnitPlatformProvider.invoke(JUnitPlatformProvider.java:123) [surefire-junit-platform-3.0.0-M4.jar:3.0.0-M4]
	at org.apache.maven.surefire.booter.ForkedBooter.runSuitesInProcess(ForkedBooter.java:377) [surefire-booter-3.0.0-M4.jar:3.0.0-M4]
	at org.apache.maven.surefire.booter.ForkedBooter.execute(ForkedBooter.java:138) [surefire-booter-3.0.0-M4.jar:3.0.0-M4]
	at org.apache.maven.surefire.booter.ForkedBooter.run(ForkedBooter.java:465) [surefire-booter-3.0.0-M4.jar:3.0.0-M4]
	at org.apache.maven.surefire.booter.ForkedBooter.main(ForkedBooter.java:451) [surefire-booter-3.0.0-M4.jar:3.0.0-M4]
Caused by: org.apache.hadoop.hive.metastore.api.MetaException: Unable to create database managed directory pfile:/home/alex/Repositories/hive/streaming/target/warehouse/testing.db, failed to create database testing
	at org.apache.hadoop.hive.metastore.HMSHandler.create_database_core(HMSHandler.java:1366) ~[classes/:?]
	at org.apache.hadoop.hive.metastore.HMSHandler.create_database(HMSHandler.java:1486) ~[classes/:?]
	at sun.reflect.NativeMethodAccessorImpl.invoke0(Native Method) ~[?:1.8.0_402]
	at sun.reflect.NativeMethodAccessorImpl.invoke(NativeMethodAccessorImpl.java:62) ~[?:1.8.0_402]
	at sun.reflect.DelegatingMethodAccessorImpl.invoke(DelegatingMethodAccessorImpl.java:43) ~[?:1.8.0_402]
	at java.lang.reflect.Method.invoke(Method.java:498) ~[?:1.8.0_402]
	at org.apache.hadoop.hive.metastore.RetryingHMSHandler.invokeInternal(RetryingHMSHandler.java:147) ~[classes/:?]
	at org.apache.hadoop.hive.metastore.RetryingHMSHandler.invoke(RetryingHMSHandler.java:108) ~[classes/:?]
	at com.sun.proxy.$Proxy38.create_database(Unknown Source) ~[?:?]
	at org.apache.hadoop.hive.metastore.HiveMetaStoreClient.createDatabase(HiveMetaStoreClient.java:1151) ~[classes/:?]
	at sun.reflect.NativeMethodAccessorImpl.invoke0(Native Method) ~[?:1.8.0_402]
	at sun.reflect.NativeMethodAccessorImpl.invoke(NativeMethodAccessorImpl.java:62) ~[?:1.8.0_402]
	at sun.reflect.DelegatingMethodAccessorImpl.invoke(DelegatingMethodAccessorImpl.java:43) ~[?:1.8.0_402]
	at java.lang.reflect.Method.invoke(Method.java:498) ~[?:1.8.0_402]
	at org.apache.hadoop.hive.metastore.RetryingMetaStoreClient.invoke(RetryingMetaStoreClient.java:218) ~[classes/:?]
	at com.sun.proxy.$Proxy47.createDatabase(Unknown Source) ~[?:?]
	at org.apache.hadoop.hive.ql.metadata.Hive.createDatabase(Hive.java:605) ~[classes/:?]
	... 66 more
2024-04-24T12:35:25,962  INFO [main] reexec.ReOptimizePlugin: ReOptimization: retryPossible: false
2024-04-24T12:35:25,963  INFO [main] reexec.ReExecuteLostAMQueryPlugin: Got exception message: MetaException(message:Unable to create database managed directory pfile:/home/alex/Repositories/hive/streaming/target/warehouse/testing.db, failed to create database testing) retryPossible: false
2024-04-24T12:35:25,963  INFO [main] reexec.ReExecutionDagSubmitPlugin: Got exception message: MetaException(message:Unable to create database managed directory pfile:/home/alex/Repositories/hive/streaming/target/warehouse/testing.db, failed to create database testing) retryPossible: false
FAILED: Execution Error, return code 40000 from org.apache.hadoop.hive.ql.ddl.DDLTask. MetaException(message:Unable to create database managed directory pfile:/home/alex/Repositories/hive/streaming/target/warehouse/testing.db, failed to create database testing)
2024-04-24T12:35:25,963 ERROR [main] ql.Driver: FAILED: Execution Error, return code 40000 from org.apache.hadoop.hive.ql.ddl.DDLTask. MetaException(message:Unable to create database managed directory pfile:/home/alex/Repositories/hive/streaming/target/warehouse/testing.db, failed to create database testing)
2024-04-24T12:35:25,963  INFO [main] metadata.Hive: Dumping metastore api call timing information for : execution phase
2024-04-24T12:35:25,963  INFO [main] metadata.Hive: Total time spent in each metastore function (ms): {}
2024-04-24T12:35:25,963  INFO [main] ql.Driver: Completed executing command(queryId=alex_20240424123525_5a79972b-deae-4c93-8550-7986eb32c29f); Time taken: 0.033 seconds
2024-04-24T12:35:25,963  INFO [main] lockmgr.DbTxnManager: Stopped heartbeat for query: alex_20240424123525_5a79972b-deae-4c93-8550-7986eb32c29f
2024-04-24T12:35:25,963  INFO [main] metastore.HiveMetaStoreClient: Mestastore configuration metastore.filter.hook changed from org.apache.hadoop.hive.ql.security.authorization.plugin.AuthorizationMetaStoreFilterHook to org.apache.hadoop.hive.metastore.DefaultMetaStoreFilterHookImpl
2024-04-24T12:35:25,964  INFO [main] HiveMetaStore.audit: ugi=alex	ip=unknown-ip-addr	cmd=Cleaning up thread local RawStore...	
2024-04-24T12:35:25,964  INFO [main] metastore.ObjectStore: RawStore: org.apache.hadoop.hive.metastore.ObjectStore@47e60b71, with PersistenceManager: org.datanucleus.api.jdo.JDOPersistenceManager@638d2ce3 will be shutdown
2024-04-24T12:35:25,964  INFO [main] HiveMetaStore.audit: ugi=alex	ip=unknown-ip-addr	cmd=Done cleaning up thread local RawStore	
2024-04-24T12:35:25,964  INFO [main] metastore.HiveMetaStoreClient: Closed a connection to metastore, current connections: -5
2024-04-24T12:35:25,966  INFO [main] metastore.HiveMetaStoreClient: HMS client filtering is enabled.
2024-04-24T12:35:25,968  INFO [main] metastore.HMSHandler: 0: Opening raw store with implementation class:org.apache.hadoop.hive.metastore.ObjectStore
2024-04-24T12:35:25,968  INFO [main] metastore.PersistenceManagerProvider: Configuration datanucleus.autoStartMechanismMode is not set. Defaulting to 'ignored'
2024-04-24T12:35:25,969  INFO [main] metastore.ObjectStore: RawStore: org.apache.hadoop.hive.metastore.ObjectStore@3359c3f6, with PersistenceManager: null will be shutdown
2024-04-24T12:35:25,969  INFO [main] metastore.ObjectStore: RawStore: org.apache.hadoop.hive.metastore.ObjectStore@3359c3f6, with PersistenceManager: org.datanucleus.api.jdo.JDOPersistenceManager@3d3b272a created in the thread with id: 1
2024-04-24T12:35:25,973  INFO [main] metastore.HMSHandler: Created RawStore: org.apache.hadoop.hive.metastore.ObjectStore@3359c3f6 from thread id: 1
2024-04-24T12:35:25,973  INFO [main] metastore.HMSHandler: HMS server filtering is disabled by configuration
2024-04-24T12:35:25,973  INFO [main] metastore.RetryingMetaStoreClient: RetryingMetaStoreClient proxy=class org.apache.hadoop.hive.ql.metadata.SessionHiveMetaStoreClient ugi=alex (auth:SIMPLE) retries=1 delay=1 lifetime=0
2024-04-24T12:35:25,978  INFO [main] txn.TxnHandler: Removed transactions: ([1]) from MIN_HISTORY_LEVEL
2024-04-24T12:35:25,986 ERROR [main] streaming.TestStreamingDynamicPartitioning: Statement: create database IF NOT EXISTS testing location 'raw:///home/alex/Repositories/hive/streaming/target/tmp/junit673294892343003047/testing.db' failed: (responseCode = 40000, errorMessage = FAILED: Execution Error, return code 40000 from org.apache.hadoop.hive.ql.ddl.DDLTask. MetaException(message:Unable to create database managed directory pfile:/home/alex/Repositories/hive/streaming/target/warehouse/testing.db, failed to create database testing), hiveErrorCode = 40000, SQLState = 08S01, exception = MetaException(message:Unable to create database managed directory pfile:/home/alex/Repositories/hive/streaming/target/warehouse/testing.db, failed to create database testing))
2024-04-24T12:35:25,986  INFO [main] ql.Driver: Compiling command(queryId=alex_20240424123525_5a79972b-deae-4c93-8550-7986eb32c29f): use testing
2024-04-24T12:35:25,987  INFO [main] HiveMetaStore.audit: ugi=alex	ip=unknown-ip-addr	cmd=get_database: testing	
FAILED: SemanticException [Error 10072]: Database does not exist: testing
2024-04-24T12:35:25,989 ERROR [main] ql.Driver: FAILED: SemanticException [Error 10072]: Database does not exist: testing
org.apache.hadoop.hive.ql.parse.SemanticException: Database does not exist: testing
	at org.apache.hadoop.hive.ql.parse.BaseSemanticAnalyzer.getDatabase(BaseSemanticAnalyzer.java:1812)
	at org.apache.hadoop.hive.ql.ddl.database.use.SwitchDatabaseAnalyzer.analyzeInternal(SwitchDatabaseAnalyzer.java:45)
	at org.apache.hadoop.hive.ql.parse.BaseSemanticAnalyzer.analyze(BaseSemanticAnalyzer.java:317)
	at org.apache.hadoop.hive.ql.Compiler.analyze(Compiler.java:223)
	at org.apache.hadoop.hive.ql.Compiler.compile(Compiler.java:105)
	at org.apache.hadoop.hive.ql.Driver.compile(Driver.java:500)
	at org.apache.hadoop.hive.ql.Driver.compileInternal(Driver.java:453)
	at org.apache.hadoop.hive.ql.Driver.compileAndRespond(Driver.java:417)
	at org.apache.hadoop.hive.ql.Driver.compileAndRespond(Driver.java:411)
	at org.apache.hadoop.hive.ql.reexec.ReExecDriver.compileAndRespond(ReExecDriver.java:125)
	at org.apache.hadoop.hive.ql.reexec.ReExecDriver.run(ReExecDriver.java:229)
	at org.apache.hive.streaming.TestStreamingDynamicPartitioning.runDDL(TestStreamingDynamicPartitioning.java:829)
	at org.apache.hive.streaming.TestStreamingDynamicPartitioning.createDbAndTable(TestStreamingDynamicPartitioning.java:876)
	at org.apache.hive.streaming.TestStreamingDynamicPartitioning.setup(TestStreamingDynamicPartitioning.java:155)
	at sun.reflect.NativeMethodAccessorImpl.invoke0(Native Method)
	at sun.reflect.NativeMethodAccessorImpl.invoke(NativeMethodAccessorImpl.java:62)
	at sun.reflect.DelegatingMethodAccessorImpl.invoke(DelegatingMethodAccessorImpl.java:43)
	at java.lang.reflect.Method.invoke(Method.java:498)
	at org.junit.runners.model.FrameworkMethod$1.runReflectiveCall(FrameworkMethod.java:59)
	at org.junit.internal.runners.model.ReflectiveCallable.run(ReflectiveCallable.java:12)
	at org.junit.runners.model.FrameworkMethod.invokeExplosively(FrameworkMethod.java:56)
	at org.junit.internal.runners.statements.RunBefores.invokeMethod(RunBefores.java:33)
	at org.junit.internal.runners.statements.RunBefores.evaluate(RunBefores.java:24)
	at org.junit.internal.runners.statements.RunAfters.evaluate(RunAfters.java:27)
	at org.junit.rules.ExternalResource$1.evaluate(ExternalResource.java:54)
	at org.junit.runners.ParentRunner$3.evaluate(ParentRunner.java:306)
	at org.junit.runners.BlockJUnit4ClassRunner$1.evaluate(BlockJUnit4ClassRunner.java:100)
	at org.junit.runners.ParentRunner.runLeaf(ParentRunner.java:366)
	at org.junit.runners.BlockJUnit4ClassRunner.runChild(BlockJUnit4ClassRunner.java:103)
	at org.junit.runners.BlockJUnit4ClassRunner.runChild(BlockJUnit4ClassRunner.java:63)
	at org.junit.runners.ParentRunner$4.run(ParentRunner.java:331)
	at org.junit.runners.ParentRunner$1.schedule(ParentRunner.java:79)
	at org.junit.runners.ParentRunner.runChildren(ParentRunner.java:329)
	at org.junit.runners.ParentRunner.access$100(ParentRunner.java:66)
	at org.junit.runners.ParentRunner$2.evaluate(ParentRunner.java:293)
	at org.junit.runners.ParentRunner$3.evaluate(ParentRunner.java:306)
	at org.junit.runners.ParentRunner.run(ParentRunner.java:413)
	at org.junit.runner.JUnitCore.run(JUnitCore.java:137)
	at org.junit.runner.JUnitCore.run(JUnitCore.java:115)
	at org.junit.vintage.engine.execution.RunnerExecutor.execute(RunnerExecutor.java:43)
	at java.util.stream.ForEachOps$ForEachOp$OfRef.accept(ForEachOps.java:183)
	at java.util.stream.ReferencePipeline$3$1.accept(ReferencePipeline.java:193)
	at java.util.Iterator.forEachRemaining(Iterator.java:116)
	at java.util.Spliterators$IteratorSpliterator.forEachRemaining(Spliterators.java:1801)
	at java.util.stream.AbstractPipeline.copyInto(AbstractPipeline.java:482)
	at java.util.stream.AbstractPipeline.wrapAndCopyInto(AbstractPipeline.java:472)
	at java.util.stream.ForEachOps$ForEachOp.evaluateSequential(ForEachOps.java:150)
	at java.util.stream.ForEachOps$ForEachOp$OfRef.evaluateSequential(ForEachOps.java:173)
	at java.util.stream.AbstractPipeline.evaluate(AbstractPipeline.java:234)
	at java.util.stream.ReferencePipeline.forEach(ReferencePipeline.java:485)
	at org.junit.vintage.engine.VintageTestEngine.executeAllChildren(VintageTestEngine.java:82)
	at org.junit.vintage.engine.VintageTestEngine.execute(VintageTestEngine.java:73)
	at org.junit.platform.launcher.core.DefaultLauncher.execute(DefaultLauncher.java:248)
	at org.junit.platform.launcher.core.DefaultLauncher.lambda$execute$5(DefaultLauncher.java:211)
	at org.junit.platform.launcher.core.DefaultLauncher.withInterceptedStreams(DefaultLauncher.java:226)
	at org.junit.platform.launcher.core.DefaultLauncher.execute(DefaultLauncher.java:199)
	at org.junit.platform.launcher.core.DefaultLauncher.execute(DefaultLauncher.java:132)
	at org.apache.maven.surefire.junitplatform.JUnitPlatformProvider.invokeAllTests(JUnitPlatformProvider.java:154)
	at org.apache.maven.surefire.junitplatform.JUnitPlatformProvider.invoke(JUnitPlatformProvider.java:123)
	at org.apache.maven.surefire.booter.ForkedBooter.runSuitesInProcess(ForkedBooter.java:377)
	at org.apache.maven.surefire.booter.ForkedBooter.execute(ForkedBooter.java:138)
	at org.apache.maven.surefire.booter.ForkedBooter.run(ForkedBooter.java:465)
	at org.apache.maven.surefire.booter.ForkedBooter.main(ForkedBooter.java:451)

2024-04-24T12:35:25,989  INFO [main] metadata.Hive: Dumping metastore api call timing information for : compilation phase
2024-04-24T12:35:25,989  INFO [main] metadata.Hive: Total time spent in each metastore function (ms): {isCompatibleWith_(Configuration)=0, flushCache_()=0, rollbackTxn_(long)=13}
2024-04-24T12:35:25,989  INFO [main] ql.Driver: Completed compiling command(queryId=alex_20240424123525_5a79972b-deae-4c93-8550-7986eb32c29f); Time taken: 0.003 seconds
2024-04-24T12:35:25,989  INFO [main] lockmgr.DbLockManager: releaseLocks: []
2024-04-24T12:35:25,989 ERROR [main] streaming.TestStreamingDynamicPartitioning: Statement: use testing failed: (responseCode = 10072, errorMessage = FAILED: SemanticException [Error 10072]: Database does not exist: testing, hiveErrorCode = 40000, SQLState = 42000, exception = Database does not exist: testing)
2024-04-24T12:35:25,990  INFO [main] ql.Driver: Compiling command(queryId=alex_20240424123525_5a79972b-deae-4c93-8550-7986eb32c29f): create table alerts ( id int,msg string ) partitioned by (Continent string,Country string ) clustered by ( id ) into 1 buckets  stored as orc  location 'raw:///home/alex/Repositories/hive/streaming/target/tmp/junit673294892343003047/testing.db/alerts' TBLPROPERTIES ('transactional'='true') 
2024-04-24T12:35:25,993  INFO [main] txn.TxnHandler: Added entries to MIN_HISTORY_LEVEL for current txns: ([2]) with min_open_txn: 1
2024-04-24T12:35:25,993  INFO [main] lockmgr.DbTxnManager: Opened txnid:2
2024-04-24T12:35:25,995  INFO [main] parse.CalcitePlanner: Starting caching scope for: alex_20240424123525_5a79972b-deae-4c93-8550-7986eb32c29f
2024-04-24T12:35:25,995  INFO [main] parse.CalcitePlanner: Starting Semantic Analysis
2024-04-24T12:35:25,996  INFO [main] parse.CalcitePlanner: Creating table default.alerts position=13
2024-04-24T12:35:25,996  INFO [main] HiveMetaStore.audit: ugi=alex	ip=unknown-ip-addr	cmd=get_database: default	
2024-04-24T12:35:25,998  INFO [main] parse.CalcitePlanner: Ending caching scope for: alex_20240424123525_5a79972b-deae-4c93-8550-7986eb32c29f
2024-04-24T12:35:25,998  INFO [main] ql.Driver: Semantic Analysis Completed (retrial = false)
2024-04-24T12:35:25,998  INFO [main] ql.Driver: Created Hive schema: Schema(fieldSchemas:null, properties:null)
2024-04-24T12:35:25,998  INFO [main] metadata.Hive: Dumping metastore api call timing information for : compilation phase
2024-04-24T12:35:25,999  INFO [main] metadata.Hive: Total time spent in each metastore function (ms): {getValidWriteIds_(List, String)=1, openTxn_(String, TxnType)=2, flushCache_()=0, getDatabase_(String)=2, getValidTxns_(long)=0, isCompatibleWith_(Configuration)=0}
2024-04-24T12:35:25,999  INFO [main] ql.Driver: Completed compiling command(queryId=alex_20240424123525_5a79972b-deae-4c93-8550-7986eb32c29f); Time taken: 0.008 seconds
2024-04-24T12:35:25,999  INFO [main] reexec.ReExecDriver: Execution #1 of query
2024-04-24T12:35:25,999  INFO [main] lockmgr.DbTxnManager: Setting lock request transaction to txnid:2 for queryId=alex_20240424123525_5a79972b-deae-4c93-8550-7986eb32c29f
2024-04-24T12:35:25,999  INFO [main] lockmgr.DbLockManager: Requesting lock for queryId=alex_20240424123525_5a79972b-deae-4c93-8550-7986eb32c29f
2024-04-24T12:35:26,009  INFO [main] lockmgr.DbLockManager: Response to queryId=alex_20240424123525_5a79972b-deae-4c93-8550-7986eb32c29f LockResponse(lockid:1, state:ACQUIRED)
2024-04-24T12:35:26,009  INFO [main] ql.Driver: Operation CREATETABLE obtained 1 locks
2024-04-24T12:35:26,010  INFO [main] ql.Driver: Executing command(queryId=alex_20240424123525_5a79972b-deae-4c93-8550-7986eb32c29f): create table alerts ( id int,msg string ) partitioned by (Continent string,Country string ) clustered by ( id ) into 1 buckets  stored as orc  location 'raw:///home/alex/Repositories/hive/streaming/target/tmp/junit673294892343003047/testing.db/alerts' TBLPROPERTIES ('transactional'='true') 
PREHOOK: query: create table alerts ( id int,msg string ) partitioned by (Continent string,Country string ) clustered by ( id ) into 1 buckets  stored as orc  location 'raw:///home/alex/Repositories/hive/streaming/target/tmp/junit673294892343003047/testing.db/alerts' TBLPROPERTIES ('transactional'='true')
2024-04-24T12:35:26,010  INFO [main] SessionState: PREHOOK: query: create table alerts ( id int,msg string ) partitioned by (Continent string,Country string ) clustered by ( id ) into 1 buckets  stored as orc  location 'raw:///home/alex/Repositories/hive/streaming/target/tmp/junit673294892343003047/testing.db/alerts' TBLPROPERTIES ('transactional'='true')
PREHOOK: type: CREATETABLE
2024-04-24T12:35:26,010  INFO [main] SessionState: PREHOOK: type: CREATETABLE
PREHOOK: Input: raw:/home/alex/Repositories/hive/streaming/target/tmp/junit673294892343003047/testing.db/alerts
2024-04-24T12:35:26,010  INFO [main] SessionState: PREHOOK: Input: raw:/home/alex/Repositories/hive/streaming/target/tmp/junit673294892343003047/testing.db/alerts
PREHOOK: Output: database:default
2024-04-24T12:35:26,011  INFO [main] SessionState: PREHOOK: Output: database:default
PREHOOK: Output: default@alerts
2024-04-24T12:35:26,011  INFO [main] SessionState: PREHOOK: Output: default@alerts
2024-04-24T12:35:26,011  INFO [main] ql.Driver: Starting task [Stage-0:DDL] in serial mode
2024-04-24T12:35:26,013  INFO [main] HiveMetaStore.audit: ugi=alex	ip=unknown-ip-addr	cmd=create_table_req: Table(tableName:alerts, dbName:default, owner:alex, createTime:1713987326, lastAccessTime:0, retention:0, sd:StorageDescriptor(cols:[FieldSchema(name:id, type:int, comment:null), FieldSchema(name:msg, type:string, comment:null)], location:raw:/home/alex/Repositories/hive/streaming/target/tmp/junit673294892343003047/testing.db/alerts, inputFormat:org.apache.hadoop.hive.ql.io.orc.OrcInputFormat, outputFormat:org.apache.hadoop.hive.ql.io.orc.OrcOutputFormat, compressed:false, numBuckets:1, serdeInfo:SerDeInfo(name:null, serializationLib:org.apache.hadoop.hive.ql.io.orc.OrcSerde, parameters:{serialization.format=1}), bucketCols:[id], sortCols:[], parameters:{}, skewedInfo:SkewedInfo(skewedColNames:[], skewedColValues:[], skewedColValueLocationMaps:{}), storedAsSubDirectories:false), partitionKeys:[FieldSchema(name:Continent, type:string, comment:null), FieldSchema(name:Country, type:string, comment:null)], parameters:{bucketing_version=2, transactional=true}, viewOriginalText:null, viewExpandedText:null, tableType:MANAGED_TABLE, privileges:PrincipalPrivilegeSet(userPrivileges:{alex=[PrivilegeGrantInfo(privilege:INSERT, createTime:-1, grantor:alex, grantorType:USER, grantOption:true), PrivilegeGrantInfo(privilege:SELECT, createTime:-1, grantor:alex, grantorType:USER, grantOption:true), PrivilegeGrantInfo(privilege:UPDATE, createTime:-1, grantor:alex, grantorType:USER, grantOption:true), PrivilegeGrantInfo(privilege:DELETE, createTime:-1, grantor:alex, grantorType:USER, grantOption:true)]}, groupPrivileges:null, rolePrivileges:null), temporary:false, catName:hive, ownerType:USER, writeId:0)	
2024-04-24T12:35:26,058  WARN [main] metastore.HMSHandler: create_table_req got 
org.apache.hadoop.hive.metastore.api.AlreadyExistsException: Table hive.default.alerts already exists
	at org.apache.hadoop.hive.metastore.HMSHandler.create_table_core(HMSHandler.java:2339) ~[classes/:?]
	at org.apache.hadoop.hive.metastore.HMSHandler.create_table_req(HMSHandler.java:2598) ~[classes/:?]
	at sun.reflect.NativeMethodAccessorImpl.invoke0(Native Method) ~[?:1.8.0_402]
	at sun.reflect.NativeMethodAccessorImpl.invoke(NativeMethodAccessorImpl.java:62) ~[?:1.8.0_402]
	at sun.reflect.DelegatingMethodAccessorImpl.invoke(DelegatingMethodAccessorImpl.java:43) ~[?:1.8.0_402]
	at java.lang.reflect.Method.invoke(Method.java:498) ~[?:1.8.0_402]
	at org.apache.hadoop.hive.metastore.RetryingHMSHandler.invokeInternal(RetryingHMSHandler.java:147) ~[classes/:?]
	at org.apache.hadoop.hive.metastore.RetryingHMSHandler.invoke(RetryingHMSHandler.java:108) ~[classes/:?]
	at com.sun.proxy.$Proxy38.create_table_req(Unknown Source) ~[?:?]
	at org.apache.hadoop.hive.metastore.HiveMetaStoreClient.create_table_with_environment_context(HiveMetaStoreClient.java:4408) ~[classes/:?]
	at org.apache.hadoop.hive.ql.metadata.SessionHiveMetaStoreClient.create_table_with_environment_context(SessionHiveMetaStoreClient.java:182) ~[classes/:?]
	at org.apache.hadoop.hive.metastore.HiveMetaStoreClient.createTable(HiveMetaStoreClient.java:1260) ~[classes/:?]
	at org.apache.hadoop.hive.metastore.HiveMetaStoreClient.createTable(HiveMetaStoreClient.java:1245) ~[classes/:?]
	at sun.reflect.NativeMethodAccessorImpl.invoke0(Native Method) ~[?:1.8.0_402]
	at sun.reflect.NativeMethodAccessorImpl.invoke(NativeMethodAccessorImpl.java:62) ~[?:1.8.0_402]
	at sun.reflect.DelegatingMethodAccessorImpl.invoke(DelegatingMethodAccessorImpl.java:43) ~[?:1.8.0_402]
	at java.lang.reflect.Method.invoke(Method.java:498) ~[?:1.8.0_402]
	at org.apache.hadoop.hive.metastore.RetryingMetaStoreClient.invoke(RetryingMetaStoreClient.java:218) ~[classes/:?]
	at com.sun.proxy.$Proxy47.createTable(Unknown Source) ~[?:?]
	at org.apache.hadoop.hive.ql.metadata.Hive.createTable(Hive.java:1290) ~[classes/:?]
	at org.apache.hadoop.hive.ql.metadata.Hive.createTable(Hive.java:1306) ~[classes/:?]
	at org.apache.hadoop.hive.ql.ddl.table.create.CreateTableOperation.createTableNonReplaceMode(CreateTableOperation.java:140) ~[classes/:?]
	at org.apache.hadoop.hive.ql.ddl.table.create.CreateTableOperation.execute(CreateTableOperation.java:98) ~[classes/:?]
	at org.apache.hadoop.hive.ql.ddl.DDLTask.execute(DDLTask.java:84) ~[classes/:?]
	at org.apache.hadoop.hive.ql.exec.Task.executeTask(Task.java:212) ~[classes/:?]
	at org.apache.hadoop.hive.ql.exec.TaskRunner.runSequential(TaskRunner.java:105) ~[classes/:?]
	at org.apache.hadoop.hive.ql.Executor.launchTask(Executor.java:361) ~[classes/:?]
	at org.apache.hadoop.hive.ql.Executor.launchTasks(Executor.java:334) ~[classes/:?]
	at org.apache.hadoop.hive.ql.Executor.runTasks(Executor.java:245) ~[classes/:?]
	at org.apache.hadoop.hive.ql.Executor.execute(Executor.java:108) ~[classes/:?]
	at org.apache.hadoop.hive.ql.Driver.execute(Driver.java:348) ~[classes/:?]
	at org.apache.hadoop.hive.ql.Driver.runInternal(Driver.java:204) ~[classes/:?]
	at org.apache.hadoop.hive.ql.Driver.run(Driver.java:153) ~[classes/:?]
	at org.apache.hadoop.hive.ql.Driver.run(Driver.java:148) ~[classes/:?]
	at org.apache.hadoop.hive.ql.reexec.ReExecDriver.run(ReExecDriver.java:164) ~[classes/:?]
	at org.apache.hadoop.hive.ql.reexec.ReExecDriver.run(ReExecDriver.java:230) ~[classes/:?]
	at org.apache.hive.streaming.TestStreamingDynamicPartitioning.runDDL(TestStreamingDynamicPartitioning.java:829) ~[test-classes/:?]
	at org.apache.hive.streaming.TestStreamingDynamicPartitioning.createDbAndTable(TestStreamingDynamicPartitioning.java:885) ~[test-classes/:?]
	at org.apache.hive.streaming.TestStreamingDynamicPartitioning.setup(TestStreamingDynamicPartitioning.java:155) ~[test-classes/:?]
	at sun.reflect.NativeMethodAccessorImpl.invoke0(Native Method) ~[?:1.8.0_402]
	at sun.reflect.NativeMethodAccessorImpl.invoke(NativeMethodAccessorImpl.java:62) ~[?:1.8.0_402]
	at sun.reflect.DelegatingMethodAccessorImpl.invoke(DelegatingMethodAccessorImpl.java:43) ~[?:1.8.0_402]
	at java.lang.reflect.Method.invoke(Method.java:498) ~[?:1.8.0_402]
	at org.junit.runners.model.FrameworkMethod$1.runReflectiveCall(FrameworkMethod.java:59) ~[junit-4.13.jar:4.13]
	at org.junit.internal.runners.model.ReflectiveCallable.run(ReflectiveCallable.java:12) ~[junit-4.13.jar:4.13]
	at org.junit.runners.model.FrameworkMethod.invokeExplosively(FrameworkMethod.java:56) ~[junit-4.13.jar:4.13]
	at org.junit.internal.runners.statements.RunBefores.invokeMethod(RunBefores.java:33) ~[junit-4.13.jar:4.13]
	at org.junit.internal.runners.statements.RunBefores.evaluate(RunBefores.java:24) ~[junit-4.13.jar:4.13]
	at org.junit.internal.runners.statements.RunAfters.evaluate(RunAfters.java:27) ~[junit-4.13.jar:4.13]
	at org.junit.rules.ExternalResource$1.evaluate(ExternalResource.java:54) ~[junit-4.13.jar:4.13]
	at org.junit.runners.ParentRunner$3.evaluate(ParentRunner.java:306) ~[junit-4.13.jar:4.13]
	at org.junit.runners.BlockJUnit4ClassRunner$1.evaluate(BlockJUnit4ClassRunner.java:100) ~[junit-4.13.jar:4.13]
	at org.junit.runners.ParentRunner.runLeaf(ParentRunner.java:366) ~[junit-4.13.jar:4.13]
	at org.junit.runners.BlockJUnit4ClassRunner.runChild(BlockJUnit4ClassRunner.java:103) ~[junit-4.13.jar:4.13]
	at org.junit.runners.BlockJUnit4ClassRunner.runChild(BlockJUnit4ClassRunner.java:63) ~[junit-4.13.jar:4.13]
	at org.junit.runners.ParentRunner$4.run(ParentRunner.java:331) ~[junit-4.13.jar:4.13]
	at org.junit.runners.ParentRunner$1.schedule(ParentRunner.java:79) ~[junit-4.13.jar:4.13]
	at org.junit.runners.ParentRunner.runChildren(ParentRunner.java:329) ~[junit-4.13.jar:4.13]
	at org.junit.runners.ParentRunner.access$100(ParentRunner.java:66) ~[junit-4.13.jar:4.13]
	at org.junit.runners.ParentRunner$2.evaluate(ParentRunner.java:293) ~[junit-4.13.jar:4.13]
	at org.junit.runners.ParentRunner$3.evaluate(ParentRunner.java:306) ~[junit-4.13.jar:4.13]
	at org.junit.runners.ParentRunner.run(ParentRunner.java:413) ~[junit-4.13.jar:4.13]
	at org.junit.runner.JUnitCore.run(JUnitCore.java:137) ~[junit-4.13.jar:4.13]
	at org.junit.runner.JUnitCore.run(JUnitCore.java:115) ~[junit-4.13.jar:4.13]
	at org.junit.vintage.engine.execution.RunnerExecutor.execute(RunnerExecutor.java:43) ~[junit-vintage-engine-5.6.2.jar:5.6.2]
	at java.util.stream.ForEachOps$ForEachOp$OfRef.accept(ForEachOps.java:183) ~[?:1.8.0_402]
	at java.util.stream.ReferencePipeline$3$1.accept(ReferencePipeline.java:193) ~[?:1.8.0_402]
	at java.util.Iterator.forEachRemaining(Iterator.java:116) ~[?:1.8.0_402]
	at java.util.Spliterators$IteratorSpliterator.forEachRemaining(Spliterators.java:1801) ~[?:1.8.0_402]
	at java.util.stream.AbstractPipeline.copyInto(AbstractPipeline.java:482) ~[?:1.8.0_402]
	at java.util.stream.AbstractPipeline.wrapAndCopyInto(AbstractPipeline.java:472) ~[?:1.8.0_402]
	at java.util.stream.ForEachOps$ForEachOp.evaluateSequential(ForEachOps.java:150) ~[?:1.8.0_402]
	at java.util.stream.ForEachOps$ForEachOp$OfRef.evaluateSequential(ForEachOps.java:173) ~[?:1.8.0_402]
	at java.util.stream.AbstractPipeline.evaluate(AbstractPipeline.java:234) ~[?:1.8.0_402]
	at java.util.stream.ReferencePipeline.forEach(ReferencePipeline.java:485) ~[?:1.8.0_402]
	at org.junit.vintage.engine.VintageTestEngine.executeAllChildren(VintageTestEngine.java:82) ~[junit-vintage-engine-5.6.2.jar:5.6.2]
	at org.junit.vintage.engine.VintageTestEngine.execute(VintageTestEngine.java:73) ~[junit-vintage-engine-5.6.2.jar:5.6.2]
	at org.junit.platform.launcher.core.DefaultLauncher.execute(DefaultLauncher.java:248) ~[junit-platform-launcher-1.6.2.jar:1.6.2]
	at org.junit.platform.launcher.core.DefaultLauncher.lambda$execute$5(DefaultLauncher.java:211) ~[junit-platform-launcher-1.6.2.jar:1.6.2]
	at org.junit.platform.launcher.core.DefaultLauncher.withInterceptedStreams(DefaultLauncher.java:226) [junit-platform-launcher-1.6.2.jar:1.6.2]
	at org.junit.platform.launcher.core.DefaultLauncher.execute(DefaultLauncher.java:199) [junit-platform-launcher-1.6.2.jar:1.6.2]
	at org.junit.platform.launcher.core.DefaultLauncher.execute(DefaultLauncher.java:132) [junit-platform-launcher-1.6.2.jar:1.6.2]
	at org.apache.maven.surefire.junitplatform.JUnitPlatformProvider.invokeAllTests(JUnitPlatformProvider.java:154) [surefire-junit-platform-3.0.0-M4.jar:3.0.0-M4]
	at org.apache.maven.surefire.junitplatform.JUnitPlatformProvider.invoke(JUnitPlatformProvider.java:123) [surefire-junit-platform-3.0.0-M4.jar:3.0.0-M4]
	at org.apache.maven.surefire.booter.ForkedBooter.runSuitesInProcess(ForkedBooter.java:377) [surefire-booter-3.0.0-M4.jar:3.0.0-M4]
	at org.apache.maven.surefire.booter.ForkedBooter.execute(ForkedBooter.java:138) [surefire-booter-3.0.0-M4.jar:3.0.0-M4]
	at org.apache.maven.surefire.booter.ForkedBooter.run(ForkedBooter.java:465) [surefire-booter-3.0.0-M4.jar:3.0.0-M4]
	at org.apache.maven.surefire.booter.ForkedBooter.main(ForkedBooter.java:451) [surefire-booter-3.0.0-M4.jar:3.0.0-M4]
2024-04-24T12:35:26,059 ERROR [main] metastore.RetryingHMSHandler: AlreadyExistsException(message:Table hive.default.alerts already exists)
	at org.apache.hadoop.hive.metastore.HMSHandler.create_table_core(HMSHandler.java:2339)
	at org.apache.hadoop.hive.metastore.HMSHandler.create_table_req(HMSHandler.java:2598)
	at sun.reflect.NativeMethodAccessorImpl.invoke0(Native Method)
	at sun.reflect.NativeMethodAccessorImpl.invoke(NativeMethodAccessorImpl.java:62)
	at sun.reflect.DelegatingMethodAccessorImpl.invoke(DelegatingMethodAccessorImpl.java:43)
	at java.lang.reflect.Method.invoke(Method.java:498)
	at org.apache.hadoop.hive.metastore.RetryingHMSHandler.invokeInternal(RetryingHMSHandler.java:147)
	at org.apache.hadoop.hive.metastore.RetryingHMSHandler.invoke(RetryingHMSHandler.java:108)
	at com.sun.proxy.$Proxy38.create_table_req(Unknown Source)
	at org.apache.hadoop.hive.metastore.HiveMetaStoreClient.create_table_with_environment_context(HiveMetaStoreClient.java:4408)
	at org.apache.hadoop.hive.ql.metadata.SessionHiveMetaStoreClient.create_table_with_environment_context(SessionHiveMetaStoreClient.java:182)
	at org.apache.hadoop.hive.metastore.HiveMetaStoreClient.createTable(HiveMetaStoreClient.java:1260)
	at org.apache.hadoop.hive.metastore.HiveMetaStoreClient.createTable(HiveMetaStoreClient.java:1245)
	at sun.reflect.NativeMethodAccessorImpl.invoke0(Native Method)
	at sun.reflect.NativeMethodAccessorImpl.invoke(NativeMethodAccessorImpl.java:62)
	at sun.reflect.DelegatingMethodAccessorImpl.invoke(DelegatingMethodAccessorImpl.java:43)
	at java.lang.reflect.Method.invoke(Method.java:498)
	at org.apache.hadoop.hive.metastore.RetryingMetaStoreClient.invoke(RetryingMetaStoreClient.java:218)
	at com.sun.proxy.$Proxy47.createTable(Unknown Source)
	at org.apache.hadoop.hive.ql.metadata.Hive.createTable(Hive.java:1290)
	at org.apache.hadoop.hive.ql.metadata.Hive.createTable(Hive.java:1306)
	at org.apache.hadoop.hive.ql.ddl.table.create.CreateTableOperation.createTableNonReplaceMode(CreateTableOperation.java:140)
	at org.apache.hadoop.hive.ql.ddl.table.create.CreateTableOperation.execute(CreateTableOperation.java:98)
	at org.apache.hadoop.hive.ql.ddl.DDLTask.execute(DDLTask.java:84)
	at org.apache.hadoop.hive.ql.exec.Task.executeTask(Task.java:212)
	at org.apache.hadoop.hive.ql.exec.TaskRunner.runSequential(TaskRunner.java:105)
	at org.apache.hadoop.hive.ql.Executor.launchTask(Executor.java:361)
	at org.apache.hadoop.hive.ql.Executor.launchTasks(Executor.java:334)
	at org.apache.hadoop.hive.ql.Executor.runTasks(Executor.java:245)
	at org.apache.hadoop.hive.ql.Executor.execute(Executor.java:108)
	at org.apache.hadoop.hive.ql.Driver.execute(Driver.java:348)
	at org.apache.hadoop.hive.ql.Driver.runInternal(Driver.java:204)
	at org.apache.hadoop.hive.ql.Driver.run(Driver.java:153)
	at org.apache.hadoop.hive.ql.Driver.run(Driver.java:148)
	at org.apache.hadoop.hive.ql.reexec.ReExecDriver.run(ReExecDriver.java:164)
	at org.apache.hadoop.hive.ql.reexec.ReExecDriver.run(ReExecDriver.java:230)
	at org.apache.hive.streaming.TestStreamingDynamicPartitioning.runDDL(TestStreamingDynamicPartitioning.java:829)
	at org.apache.hive.streaming.TestStreamingDynamicPartitioning.createDbAndTable(TestStreamingDynamicPartitioning.java:885)
	at org.apache.hive.streaming.TestStreamingDynamicPartitioning.setup(TestStreamingDynamicPartitioning.java:155)
	at sun.reflect.NativeMethodAccessorImpl.invoke0(Native Method)
	at sun.reflect.NativeMethodAccessorImpl.invoke(NativeMethodAccessorImpl.java:62)
	at sun.reflect.DelegatingMethodAccessorImpl.invoke(DelegatingMethodAccessorImpl.java:43)
	at java.lang.reflect.Method.invoke(Method.java:498)
	at org.junit.runners.model.FrameworkMethod$1.runReflectiveCall(FrameworkMethod.java:59)
	at org.junit.internal.runners.model.ReflectiveCallable.run(ReflectiveCallable.java:12)
	at org.junit.runners.model.FrameworkMethod.invokeExplosively(FrameworkMethod.java:56)
	at org.junit.internal.runners.statements.RunBefores.invokeMethod(RunBefores.java:33)
	at org.junit.internal.runners.statements.RunBefores.evaluate(RunBefores.java:24)
	at org.junit.internal.runners.statements.RunAfters.evaluate(RunAfters.java:27)
	at org.junit.rules.ExternalResource$1.evaluate(ExternalResource.java:54)
	at org.junit.runners.ParentRunner$3.evaluate(ParentRunner.java:306)
	at org.junit.runners.BlockJUnit4ClassRunner$1.evaluate(BlockJUnit4ClassRunner.java:100)
	at org.junit.runners.ParentRunner.runLeaf(ParentRunner.java:366)
	at org.junit.runners.BlockJUnit4ClassRunner.runChild(BlockJUnit4ClassRunner.java:103)
	at org.junit.runners.BlockJUnit4ClassRunner.runChild(BlockJUnit4ClassRunner.java:63)
	at org.junit.runners.ParentRunner$4.run(ParentRunner.java:331)
	at org.junit.runners.ParentRunner$1.schedule(ParentRunner.java:79)
	at org.junit.runners.ParentRunner.runChildren(ParentRunner.java:329)
	at org.junit.runners.ParentRunner.access$100(ParentRunner.java:66)
	at org.junit.runners.ParentRunner$2.evaluate(ParentRunner.java:293)
	at org.junit.runners.ParentRunner$3.evaluate(ParentRunner.java:306)
	at org.junit.runners.ParentRunner.run(ParentRunner.java:413)
	at org.junit.runner.JUnitCore.run(JUnitCore.java:137)
	at org.junit.runner.JUnitCore.run(JUnitCore.java:115)
	at org.junit.vintage.engine.execution.RunnerExecutor.execute(RunnerExecutor.java:43)
	at java.util.stream.ForEachOps$ForEachOp$OfRef.accept(ForEachOps.java:183)
	at java.util.stream.ReferencePipeline$3$1.accept(ReferencePipeline.java:193)
	at java.util.Iterator.forEachRemaining(Iterator.java:116)
	at java.util.Spliterators$IteratorSpliterator.forEachRemaining(Spliterators.java:1801)
	at java.util.stream.AbstractPipeline.copyInto(AbstractPipeline.java:482)
	at java.util.stream.AbstractPipeline.wrapAndCopyInto(AbstractPipeline.java:472)
	at java.util.stream.ForEachOps$ForEachOp.evaluateSequential(ForEachOps.java:150)
	at java.util.stream.ForEachOps$ForEachOp$OfRef.evaluateSequential(ForEachOps.java:173)
	at java.util.stream.AbstractPipeline.evaluate(AbstractPipeline.java:234)
	at java.util.stream.ReferencePipeline.forEach(ReferencePipeline.java:485)
	at org.junit.vintage.engine.VintageTestEngine.executeAllChildren(VintageTestEngine.java:82)
	at org.junit.vintage.engine.VintageTestEngine.execute(VintageTestEngine.java:73)
	at org.junit.platform.launcher.core.DefaultLauncher.execute(DefaultLauncher.java:248)
	at org.junit.platform.launcher.core.DefaultLauncher.lambda$execute$5(DefaultLauncher.java:211)
	at org.junit.platform.launcher.core.DefaultLauncher.withInterceptedStreams(DefaultLauncher.java:226)
	at org.junit.platform.launcher.core.DefaultLauncher.execute(DefaultLauncher.java:199)
	at org.junit.platform.launcher.core.DefaultLauncher.execute(DefaultLauncher.java:132)
	at org.apache.maven.surefire.junitplatform.JUnitPlatformProvider.invokeAllTests(JUnitPlatformProvider.java:154)
	at org.apache.maven.surefire.junitplatform.JUnitPlatformProvider.invoke(JUnitPlatformProvider.java:123)
	at org.apache.maven.surefire.booter.ForkedBooter.runSuitesInProcess(ForkedBooter.java:377)
	at org.apache.maven.surefire.booter.ForkedBooter.execute(ForkedBooter.java:138)
	at org.apache.maven.surefire.booter.ForkedBooter.run(ForkedBooter.java:465)
	at org.apache.maven.surefire.booter.ForkedBooter.main(ForkedBooter.java:451)

2024-04-24T12:35:26,059 ERROR [main] exec.Task: Failed
org.apache.hadoop.hive.ql.metadata.HiveException: AlreadyExistsException(message:Table hive.default.alerts already exists)
	at org.apache.hadoop.hive.ql.metadata.Hive.createTable(Hive.java:1298) ~[classes/:?]
	at org.apache.hadoop.hive.ql.metadata.Hive.createTable(Hive.java:1306) ~[classes/:?]
	at org.apache.hadoop.hive.ql.ddl.table.create.CreateTableOperation.createTableNonReplaceMode(CreateTableOperation.java:140) ~[classes/:?]
	at org.apache.hadoop.hive.ql.ddl.table.create.CreateTableOperation.execute(CreateTableOperation.java:98) ~[classes/:?]
	at org.apache.hadoop.hive.ql.ddl.DDLTask.execute(DDLTask.java:84) ~[classes/:?]
	at org.apache.hadoop.hive.ql.exec.Task.executeTask(Task.java:212) ~[classes/:?]
	at org.apache.hadoop.hive.ql.exec.TaskRunner.runSequential(TaskRunner.java:105) ~[classes/:?]
	at org.apache.hadoop.hive.ql.Executor.launchTask(Executor.java:361) ~[classes/:?]
	at org.apache.hadoop.hive.ql.Executor.launchTasks(Executor.java:334) ~[classes/:?]
	at org.apache.hadoop.hive.ql.Executor.runTasks(Executor.java:245) ~[classes/:?]
	at org.apache.hadoop.hive.ql.Executor.execute(Executor.java:108) ~[classes/:?]
	at org.apache.hadoop.hive.ql.Driver.execute(Driver.java:348) ~[classes/:?]
	at org.apache.hadoop.hive.ql.Driver.runInternal(Driver.java:204) ~[classes/:?]
	at org.apache.hadoop.hive.ql.Driver.run(Driver.java:153) ~[classes/:?]
	at org.apache.hadoop.hive.ql.Driver.run(Driver.java:148) ~[classes/:?]
	at org.apache.hadoop.hive.ql.reexec.ReExecDriver.run(ReExecDriver.java:164) ~[classes/:?]
	at org.apache.hadoop.hive.ql.reexec.ReExecDriver.run(ReExecDriver.java:230) ~[classes/:?]
	at org.apache.hive.streaming.TestStreamingDynamicPartitioning.runDDL(TestStreamingDynamicPartitioning.java:829) ~[test-classes/:?]
	at org.apache.hive.streaming.TestStreamingDynamicPartitioning.createDbAndTable(TestStreamingDynamicPartitioning.java:885) ~[test-classes/:?]
	at org.apache.hive.streaming.TestStreamingDynamicPartitioning.setup(TestStreamingDynamicPartitioning.java:155) ~[test-classes/:?]
	at sun.reflect.NativeMethodAccessorImpl.invoke0(Native Method) ~[?:1.8.0_402]
	at sun.reflect.NativeMethodAccessorImpl.invoke(NativeMethodAccessorImpl.java:62) ~[?:1.8.0_402]
	at sun.reflect.DelegatingMethodAccessorImpl.invoke(DelegatingMethodAccessorImpl.java:43) ~[?:1.8.0_402]
	at java.lang.reflect.Method.invoke(Method.java:498) ~[?:1.8.0_402]
	at org.junit.runners.model.FrameworkMethod$1.runReflectiveCall(FrameworkMethod.java:59) ~[junit-4.13.jar:4.13]
	at org.junit.internal.runners.model.ReflectiveCallable.run(ReflectiveCallable.java:12) ~[junit-4.13.jar:4.13]
	at org.junit.runners.model.FrameworkMethod.invokeExplosively(FrameworkMethod.java:56) ~[junit-4.13.jar:4.13]
	at org.junit.internal.runners.statements.RunBefores.invokeMethod(RunBefores.java:33) ~[junit-4.13.jar:4.13]
	at org.junit.internal.runners.statements.RunBefores.evaluate(RunBefores.java:24) ~[junit-4.13.jar:4.13]
	at org.junit.internal.runners.statements.RunAfters.evaluate(RunAfters.java:27) ~[junit-4.13.jar:4.13]
	at org.junit.rules.ExternalResource$1.evaluate(ExternalResource.java:54) ~[junit-4.13.jar:4.13]
	at org.junit.runners.ParentRunner$3.evaluate(ParentRunner.java:306) ~[junit-4.13.jar:4.13]
	at org.junit.runners.BlockJUnit4ClassRunner$1.evaluate(BlockJUnit4ClassRunner.java:100) ~[junit-4.13.jar:4.13]
	at org.junit.runners.ParentRunner.runLeaf(ParentRunner.java:366) ~[junit-4.13.jar:4.13]
	at org.junit.runners.BlockJUnit4ClassRunner.runChild(BlockJUnit4ClassRunner.java:103) ~[junit-4.13.jar:4.13]
	at org.junit.runners.BlockJUnit4ClassRunner.runChild(BlockJUnit4ClassRunner.java:63) ~[junit-4.13.jar:4.13]
	at org.junit.runners.ParentRunner$4.run(ParentRunner.java:331) ~[junit-4.13.jar:4.13]
	at org.junit.runners.ParentRunner$1.schedule(ParentRunner.java:79) ~[junit-4.13.jar:4.13]
	at org.junit.runners.ParentRunner.runChildren(ParentRunner.java:329) ~[junit-4.13.jar:4.13]
	at org.junit.runners.ParentRunner.access$100(ParentRunner.java:66) ~[junit-4.13.jar:4.13]
	at org.junit.runners.ParentRunner$2.evaluate(ParentRunner.java:293) ~[junit-4.13.jar:4.13]
	at org.junit.runners.ParentRunner$3.evaluate(ParentRunner.java:306) ~[junit-4.13.jar:4.13]
	at org.junit.runners.ParentRunner.run(ParentRunner.java:413) ~[junit-4.13.jar:4.13]
	at org.junit.runner.JUnitCore.run(JUnitCore.java:137) ~[junit-4.13.jar:4.13]
	at org.junit.runner.JUnitCore.run(JUnitCore.java:115) ~[junit-4.13.jar:4.13]
	at org.junit.vintage.engine.execution.RunnerExecutor.execute(RunnerExecutor.java:43) ~[junit-vintage-engine-5.6.2.jar:5.6.2]
	at java.util.stream.ForEachOps$ForEachOp$OfRef.accept(ForEachOps.java:183) ~[?:1.8.0_402]
	at java.util.stream.ReferencePipeline$3$1.accept(ReferencePipeline.java:193) ~[?:1.8.0_402]
	at java.util.Iterator.forEachRemaining(Iterator.java:116) ~[?:1.8.0_402]
	at java.util.Spliterators$IteratorSpliterator.forEachRemaining(Spliterators.java:1801) ~[?:1.8.0_402]
	at java.util.stream.AbstractPipeline.copyInto(AbstractPipeline.java:482) ~[?:1.8.0_402]
	at java.util.stream.AbstractPipeline.wrapAndCopyInto(AbstractPipeline.java:472) ~[?:1.8.0_402]
	at java.util.stream.ForEachOps$ForEachOp.evaluateSequential(ForEachOps.java:150) ~[?:1.8.0_402]
	at java.util.stream.ForEachOps$ForEachOp$OfRef.evaluateSequential(ForEachOps.java:173) ~[?:1.8.0_402]
	at java.util.stream.AbstractPipeline.evaluate(AbstractPipeline.java:234) ~[?:1.8.0_402]
	at java.util.stream.ReferencePipeline.forEach(ReferencePipeline.java:485) ~[?:1.8.0_402]
	at org.junit.vintage.engine.VintageTestEngine.executeAllChildren(VintageTestEngine.java:82) ~[junit-vintage-engine-5.6.2.jar:5.6.2]
	at org.junit.vintage.engine.VintageTestEngine.execute(VintageTestEngine.java:73) ~[junit-vintage-engine-5.6.2.jar:5.6.2]
	at org.junit.platform.launcher.core.DefaultLauncher.execute(DefaultLauncher.java:248) ~[junit-platform-launcher-1.6.2.jar:1.6.2]
	at org.junit.platform.launcher.core.DefaultLauncher.lambda$execute$5(DefaultLauncher.java:211) ~[junit-platform-launcher-1.6.2.jar:1.6.2]
	at org.junit.platform.launcher.core.DefaultLauncher.withInterceptedStreams(DefaultLauncher.java:226) [junit-platform-launcher-1.6.2.jar:1.6.2]
	at org.junit.platform.launcher.core.DefaultLauncher.execute(DefaultLauncher.java:199) [junit-platform-launcher-1.6.2.jar:1.6.2]
	at org.junit.platform.launcher.core.DefaultLauncher.execute(DefaultLauncher.java:132) [junit-platform-launcher-1.6.2.jar:1.6.2]
	at org.apache.maven.surefire.junitplatform.JUnitPlatformProvider.invokeAllTests(JUnitPlatformProvider.java:154) [surefire-junit-platform-3.0.0-M4.jar:3.0.0-M4]
	at org.apache.maven.surefire.junitplatform.JUnitPlatformProvider.invoke(JUnitPlatformProvider.java:123) [surefire-junit-platform-3.0.0-M4.jar:3.0.0-M4]
	at org.apache.maven.surefire.booter.ForkedBooter.runSuitesInProcess(ForkedBooter.java:377) [surefire-booter-3.0.0-M4.jar:3.0.0-M4]
	at org.apache.maven.surefire.booter.ForkedBooter.execute(ForkedBooter.java:138) [surefire-booter-3.0.0-M4.jar:3.0.0-M4]
	at org.apache.maven.surefire.booter.ForkedBooter.run(ForkedBooter.java:465) [surefire-booter-3.0.0-M4.jar:3.0.0-M4]
	at org.apache.maven.surefire.booter.ForkedBooter.main(ForkedBooter.java:451) [surefire-booter-3.0.0-M4.jar:3.0.0-M4]
Caused by: org.apache.hadoop.hive.metastore.api.AlreadyExistsException: Table hive.default.alerts already exists
	at org.apache.hadoop.hive.metastore.HMSHandler.create_table_core(HMSHandler.java:2339) ~[classes/:?]
	at org.apache.hadoop.hive.metastore.HMSHandler.create_table_req(HMSHandler.java:2598) ~[classes/:?]
	at sun.reflect.NativeMethodAccessorImpl.invoke0(Native Method) ~[?:1.8.0_402]
	at sun.reflect.NativeMethodAccessorImpl.invoke(NativeMethodAccessorImpl.java:62) ~[?:1.8.0_402]
	at sun.reflect.DelegatingMethodAccessorImpl.invoke(DelegatingMethodAccessorImpl.java:43) ~[?:1.8.0_402]
	at java.lang.reflect.Method.invoke(Method.java:498) ~[?:1.8.0_402]
	at org.apache.hadoop.hive.metastore.RetryingHMSHandler.invokeInternal(RetryingHMSHandler.java:147) ~[classes/:?]
	at org.apache.hadoop.hive.metastore.RetryingHMSHandler.invoke(RetryingHMSHandler.java:108) ~[classes/:?]
	at com.sun.proxy.$Proxy38.create_table_req(Unknown Source) ~[?:?]
	at org.apache.hadoop.hive.metastore.HiveMetaStoreClient.create_table_with_environment_context(HiveMetaStoreClient.java:4408) ~[classes/:?]
	at org.apache.hadoop.hive.ql.metadata.SessionHiveMetaStoreClient.create_table_with_environment_context(SessionHiveMetaStoreClient.java:182) ~[classes/:?]
	at org.apache.hadoop.hive.metastore.HiveMetaStoreClient.createTable(HiveMetaStoreClient.java:1260) ~[classes/:?]
	at org.apache.hadoop.hive.metastore.HiveMetaStoreClient.createTable(HiveMetaStoreClient.java:1245) ~[classes/:?]
	at sun.reflect.NativeMethodAccessorImpl.invoke0(Native Method) ~[?:1.8.0_402]
	at sun.reflect.NativeMethodAccessorImpl.invoke(NativeMethodAccessorImpl.java:62) ~[?:1.8.0_402]
	at sun.reflect.DelegatingMethodAccessorImpl.invoke(DelegatingMethodAccessorImpl.java:43) ~[?:1.8.0_402]
	at java.lang.reflect.Method.invoke(Method.java:498) ~[?:1.8.0_402]
	at org.apache.hadoop.hive.metastore.RetryingMetaStoreClient.invoke(RetryingMetaStoreClient.java:218) ~[classes/:?]
	at com.sun.proxy.$Proxy47.createTable(Unknown Source) ~[?:?]
	at org.apache.hadoop.hive.ql.metadata.Hive.createTable(Hive.java:1290) ~[classes/:?]
	... 68 more
2024-04-24T12:35:26,060 ERROR [main] exec.Task: DDLTask failed, DDL Operation: class org.apache.hadoop.hive.ql.ddl.table.create.CreateTableOperation
org.apache.hadoop.hive.ql.metadata.HiveException: AlreadyExistsException(message:Table hive.default.alerts already exists)
	at org.apache.hadoop.hive.ql.metadata.Hive.createTable(Hive.java:1298) ~[classes/:?]
	at org.apache.hadoop.hive.ql.metadata.Hive.createTable(Hive.java:1306) ~[classes/:?]
	at org.apache.hadoop.hive.ql.ddl.table.create.CreateTableOperation.createTableNonReplaceMode(CreateTableOperation.java:140) ~[classes/:?]
	at org.apache.hadoop.hive.ql.ddl.table.create.CreateTableOperation.execute(CreateTableOperation.java:98) ~[classes/:?]
	at org.apache.hadoop.hive.ql.ddl.DDLTask.execute(DDLTask.java:84) ~[classes/:?]
	at org.apache.hadoop.hive.ql.exec.Task.executeTask(Task.java:212) ~[classes/:?]
	at org.apache.hadoop.hive.ql.exec.TaskRunner.runSequential(TaskRunner.java:105) ~[classes/:?]
	at org.apache.hadoop.hive.ql.Executor.launchTask(Executor.java:361) ~[classes/:?]
	at org.apache.hadoop.hive.ql.Executor.launchTasks(Executor.java:334) ~[classes/:?]
	at org.apache.hadoop.hive.ql.Executor.runTasks(Executor.java:245) ~[classes/:?]
	at org.apache.hadoop.hive.ql.Executor.execute(Executor.java:108) ~[classes/:?]
	at org.apache.hadoop.hive.ql.Driver.execute(Driver.java:348) ~[classes/:?]
	at org.apache.hadoop.hive.ql.Driver.runInternal(Driver.java:204) ~[classes/:?]
	at org.apache.hadoop.hive.ql.Driver.run(Driver.java:153) ~[classes/:?]
	at org.apache.hadoop.hive.ql.Driver.run(Driver.java:148) ~[classes/:?]
	at org.apache.hadoop.hive.ql.reexec.ReExecDriver.run(ReExecDriver.java:164) ~[classes/:?]
	at org.apache.hadoop.hive.ql.reexec.ReExecDriver.run(ReExecDriver.java:230) ~[classes/:?]
	at org.apache.hive.streaming.TestStreamingDynamicPartitioning.runDDL(TestStreamingDynamicPartitioning.java:829) ~[test-classes/:?]
	at org.apache.hive.streaming.TestStreamingDynamicPartitioning.createDbAndTable(TestStreamingDynamicPartitioning.java:885) ~[test-classes/:?]
	at org.apache.hive.streaming.TestStreamingDynamicPartitioning.setup(TestStreamingDynamicPartitioning.java:155) ~[test-classes/:?]
	at sun.reflect.NativeMethodAccessorImpl.invoke0(Native Method) ~[?:1.8.0_402]
	at sun.reflect.NativeMethodAccessorImpl.invoke(NativeMethodAccessorImpl.java:62) ~[?:1.8.0_402]
	at sun.reflect.DelegatingMethodAccessorImpl.invoke(DelegatingMethodAccessorImpl.java:43) ~[?:1.8.0_402]
	at java.lang.reflect.Method.invoke(Method.java:498) ~[?:1.8.0_402]
	at org.junit.runners.model.FrameworkMethod$1.runReflectiveCall(FrameworkMethod.java:59) ~[junit-4.13.jar:4.13]
	at org.junit.internal.runners.model.ReflectiveCallable.run(ReflectiveCallable.java:12) ~[junit-4.13.jar:4.13]
	at org.junit.runners.model.FrameworkMethod.invokeExplosively(FrameworkMethod.java:56) ~[junit-4.13.jar:4.13]
	at org.junit.internal.runners.statements.RunBefores.invokeMethod(RunBefores.java:33) ~[junit-4.13.jar:4.13]
	at org.junit.internal.runners.statements.RunBefores.evaluate(RunBefores.java:24) ~[junit-4.13.jar:4.13]
	at org.junit.internal.runners.statements.RunAfters.evaluate(RunAfters.java:27) ~[junit-4.13.jar:4.13]
	at org.junit.rules.ExternalResource$1.evaluate(ExternalResource.java:54) ~[junit-4.13.jar:4.13]
	at org.junit.runners.ParentRunner$3.evaluate(ParentRunner.java:306) ~[junit-4.13.jar:4.13]
	at org.junit.runners.BlockJUnit4ClassRunner$1.evaluate(BlockJUnit4ClassRunner.java:100) ~[junit-4.13.jar:4.13]
	at org.junit.runners.ParentRunner.runLeaf(ParentRunner.java:366) ~[junit-4.13.jar:4.13]
	at org.junit.runners.BlockJUnit4ClassRunner.runChild(BlockJUnit4ClassRunner.java:103) ~[junit-4.13.jar:4.13]
	at org.junit.runners.BlockJUnit4ClassRunner.runChild(BlockJUnit4ClassRunner.java:63) ~[junit-4.13.jar:4.13]
	at org.junit.runners.ParentRunner$4.run(ParentRunner.java:331) ~[junit-4.13.jar:4.13]
	at org.junit.runners.ParentRunner$1.schedule(ParentRunner.java:79) ~[junit-4.13.jar:4.13]
	at org.junit.runners.ParentRunner.runChildren(ParentRunner.java:329) ~[junit-4.13.jar:4.13]
	at org.junit.runners.ParentRunner.access$100(ParentRunner.java:66) ~[junit-4.13.jar:4.13]
	at org.junit.runners.ParentRunner$2.evaluate(ParentRunner.java:293) ~[junit-4.13.jar:4.13]
	at org.junit.runners.ParentRunner$3.evaluate(ParentRunner.java:306) ~[junit-4.13.jar:4.13]
	at org.junit.runners.ParentRunner.run(ParentRunner.java:413) ~[junit-4.13.jar:4.13]
	at org.junit.runner.JUnitCore.run(JUnitCore.java:137) ~[junit-4.13.jar:4.13]
	at org.junit.runner.JUnitCore.run(JUnitCore.java:115) ~[junit-4.13.jar:4.13]
	at org.junit.vintage.engine.execution.RunnerExecutor.execute(RunnerExecutor.java:43) ~[junit-vintage-engine-5.6.2.jar:5.6.2]
	at java.util.stream.ForEachOps$ForEachOp$OfRef.accept(ForEachOps.java:183) ~[?:1.8.0_402]
	at java.util.stream.ReferencePipeline$3$1.accept(ReferencePipeline.java:193) ~[?:1.8.0_402]
	at java.util.Iterator.forEachRemaining(Iterator.java:116) ~[?:1.8.0_402]
	at java.util.Spliterators$IteratorSpliterator.forEachRemaining(Spliterators.java:1801) ~[?:1.8.0_402]
	at java.util.stream.AbstractPipeline.copyInto(AbstractPipeline.java:482) ~[?:1.8.0_402]
	at java.util.stream.AbstractPipeline.wrapAndCopyInto(AbstractPipeline.java:472) ~[?:1.8.0_402]
	at java.util.stream.ForEachOps$ForEachOp.evaluateSequential(ForEachOps.java:150) ~[?:1.8.0_402]
	at java.util.stream.ForEachOps$ForEachOp$OfRef.evaluateSequential(ForEachOps.java:173) ~[?:1.8.0_402]
	at java.util.stream.AbstractPipeline.evaluate(AbstractPipeline.java:234) ~[?:1.8.0_402]
	at java.util.stream.ReferencePipeline.forEach(ReferencePipeline.java:485) ~[?:1.8.0_402]
	at org.junit.vintage.engine.VintageTestEngine.executeAllChildren(VintageTestEngine.java:82) ~[junit-vintage-engine-5.6.2.jar:5.6.2]
	at org.junit.vintage.engine.VintageTestEngine.execute(VintageTestEngine.java:73) ~[junit-vintage-engine-5.6.2.jar:5.6.2]
	at org.junit.platform.launcher.core.DefaultLauncher.execute(DefaultLauncher.java:248) ~[junit-platform-launcher-1.6.2.jar:1.6.2]
	at org.junit.platform.launcher.core.DefaultLauncher.lambda$execute$5(DefaultLauncher.java:211) ~[junit-platform-launcher-1.6.2.jar:1.6.2]
	at org.junit.platform.launcher.core.DefaultLauncher.withInterceptedStreams(DefaultLauncher.java:226) [junit-platform-launcher-1.6.2.jar:1.6.2]
	at org.junit.platform.launcher.core.DefaultLauncher.execute(DefaultLauncher.java:199) [junit-platform-launcher-1.6.2.jar:1.6.2]
	at org.junit.platform.launcher.core.DefaultLauncher.execute(DefaultLauncher.java:132) [junit-platform-launcher-1.6.2.jar:1.6.2]
	at org.apache.maven.surefire.junitplatform.JUnitPlatformProvider.invokeAllTests(JUnitPlatformProvider.java:154) [surefire-junit-platform-3.0.0-M4.jar:3.0.0-M4]
	at org.apache.maven.surefire.junitplatform.JUnitPlatformProvider.invoke(JUnitPlatformProvider.java:123) [surefire-junit-platform-3.0.0-M4.jar:3.0.0-M4]
	at org.apache.maven.surefire.booter.ForkedBooter.runSuitesInProcess(ForkedBooter.java:377) [surefire-booter-3.0.0-M4.jar:3.0.0-M4]
	at org.apache.maven.surefire.booter.ForkedBooter.execute(ForkedBooter.java:138) [surefire-booter-3.0.0-M4.jar:3.0.0-M4]
	at org.apache.maven.surefire.booter.ForkedBooter.run(ForkedBooter.java:465) [surefire-booter-3.0.0-M4.jar:3.0.0-M4]
	at org.apache.maven.surefire.booter.ForkedBooter.main(ForkedBooter.java:451) [surefire-booter-3.0.0-M4.jar:3.0.0-M4]
Caused by: org.apache.hadoop.hive.metastore.api.AlreadyExistsException: Table hive.default.alerts already exists
	at org.apache.hadoop.hive.metastore.HMSHandler.create_table_core(HMSHandler.java:2339) ~[classes/:?]
	at org.apache.hadoop.hive.metastore.HMSHandler.create_table_req(HMSHandler.java:2598) ~[classes/:?]
	at sun.reflect.NativeMethodAccessorImpl.invoke0(Native Method) ~[?:1.8.0_402]
	at sun.reflect.NativeMethodAccessorImpl.invoke(NativeMethodAccessorImpl.java:62) ~[?:1.8.0_402]
	at sun.reflect.DelegatingMethodAccessorImpl.invoke(DelegatingMethodAccessorImpl.java:43) ~[?:1.8.0_402]
	at java.lang.reflect.Method.invoke(Method.java:498) ~[?:1.8.0_402]
	at org.apache.hadoop.hive.metastore.RetryingHMSHandler.invokeInternal(RetryingHMSHandler.java:147) ~[classes/:?]
	at org.apache.hadoop.hive.metastore.RetryingHMSHandler.invoke(RetryingHMSHandler.java:108) ~[classes/:?]
	at com.sun.proxy.$Proxy38.create_table_req(Unknown Source) ~[?:?]
	at org.apache.hadoop.hive.metastore.HiveMetaStoreClient.create_table_with_environment_context(HiveMetaStoreClient.java:4408) ~[classes/:?]
	at org.apache.hadoop.hive.ql.metadata.SessionHiveMetaStoreClient.create_table_with_environment_context(SessionHiveMetaStoreClient.java:182) ~[classes/:?]
	at org.apache.hadoop.hive.metastore.HiveMetaStoreClient.createTable(HiveMetaStoreClient.java:1260) ~[classes/:?]
	at org.apache.hadoop.hive.metastore.HiveMetaStoreClient.createTable(HiveMetaStoreClient.java:1245) ~[classes/:?]
	at sun.reflect.NativeMethodAccessorImpl.invoke0(Native Method) ~[?:1.8.0_402]
	at sun.reflect.NativeMethodAccessorImpl.invoke(NativeMethodAccessorImpl.java:62) ~[?:1.8.0_402]
	at sun.reflect.DelegatingMethodAccessorImpl.invoke(DelegatingMethodAccessorImpl.java:43) ~[?:1.8.0_402]
	at java.lang.reflect.Method.invoke(Method.java:498) ~[?:1.8.0_402]
	at org.apache.hadoop.hive.metastore.RetryingMetaStoreClient.invoke(RetryingMetaStoreClient.java:218) ~[classes/:?]
	at com.sun.proxy.$Proxy47.createTable(Unknown Source) ~[?:?]
	at org.apache.hadoop.hive.ql.metadata.Hive.createTable(Hive.java:1290) ~[classes/:?]
	... 68 more
2024-04-24T12:35:26,061  INFO [main] reexec.ReOptimizePlugin: ReOptimization: retryPossible: false
2024-04-24T12:35:26,061  INFO [main] reexec.ReExecuteLostAMQueryPlugin: Got exception message: AlreadyExistsException(message:Table hive.default.alerts already exists) retryPossible: false
2024-04-24T12:35:26,061  INFO [main] reexec.ReExecutionDagSubmitPlugin: Got exception message: AlreadyExistsException(message:Table hive.default.alerts already exists) retryPossible: false
FAILED: Execution Error, return code 40000 from org.apache.hadoop.hive.ql.ddl.DDLTask. AlreadyExistsException(message:Table hive.default.alerts already exists)
2024-04-24T12:35:26,062 ERROR [main] ql.Driver: FAILED: Execution Error, return code 40000 from org.apache.hadoop.hive.ql.ddl.DDLTask. AlreadyExistsException(message:Table hive.default.alerts already exists)
2024-04-24T12:35:26,062  INFO [main] metadata.Hive: Dumping metastore api call timing information for : execution phase
2024-04-24T12:35:26,062  INFO [main] metadata.Hive: Total time spent in each metastore function (ms): {isCompatibleWith_(Configuration)=0}
2024-04-24T12:35:26,062  INFO [main] ql.Driver: Completed executing command(queryId=alex_20240424123525_5a79972b-deae-4c93-8550-7986eb32c29f); Time taken: 0.052 seconds
2024-04-24T12:35:26,062  INFO [main] lockmgr.DbTxnManager: Stopped heartbeat for query: alex_20240424123525_5a79972b-deae-4c93-8550-7986eb32c29f
2024-04-24T12:35:26,063  INFO [main] txn.TxnHandler: Removed transactions: ([2]) from MIN_HISTORY_LEVEL
2024-04-24T12:35:26,073 ERROR [main] streaming.TestStreamingDynamicPartitioning: Statement: create table alerts ( id int,msg string ) partitioned by (Continent string,Country string ) clustered by ( id ) into 1 buckets  stored as orc  location 'raw:///home/alex/Repositories/hive/streaming/target/tmp/junit673294892343003047/testing.db/alerts' TBLPROPERTIES ('transactional'='true')  failed: (responseCode = 40000, errorMessage = FAILED: Execution Error, return code 40000 from org.apache.hadoop.hive.ql.ddl.DDLTask. AlreadyExistsException(message:Table hive.default.alerts already exists), hiveErrorCode = 40000, SQLState = 08S01, exception = AlreadyExistsException(message:Table hive.default.alerts already exists))
2024-04-24T12:35:26,073  INFO [main] HiveMetaStore.audit: ugi=alex	ip=unknown-ip-addr	cmd=get_table_names_by_filter: db = @hive#testing2, filter = 	
2024-04-24T12:35:26,075  INFO [main] HiveMetaStore.audit: ugi=alex	ip=unknown-ip-addr	cmd=get_database: testing2	
2024-04-24T12:35:26,076  INFO [main] ql.Driver: Compiling command(queryId=alex_20240424123525_5a79972b-deae-4c93-8550-7986eb32c29f): create database IF NOT EXISTS testing5 location 'raw:///home/alex/Repositories/hive/streaming/target/tmp/junit7283529837204671020/testing5.db'
2024-04-24T12:35:26,079  INFO [main] txn.TxnHandler: Added entries to MIN_HISTORY_LEVEL for current txns: ([3]) with min_open_txn: 1
2024-04-24T12:35:26,080  INFO [main] lockmgr.DbTxnManager: Opened txnid:3
2024-04-24T12:35:26,081  INFO [main] ql.Driver: Semantic Analysis Completed (retrial = false)
2024-04-24T12:35:26,081  INFO [main] ql.Driver: Created Hive schema: Schema(fieldSchemas:null, properties:null)
2024-04-24T12:35:26,081  INFO [main] metadata.Hive: Dumping metastore api call timing information for : compilation phase
2024-04-24T12:35:26,081  INFO [main] metadata.Hive: Total time spent in each metastore function (ms): {rollbackTxn_(long)=10, openTxn_(String, TxnType)=2, getValidTxns_(long)=1, isCompatibleWith_(Configuration)=2, flushCache_()=0}
2024-04-24T12:35:26,081  INFO [main] ql.Driver: Completed compiling command(queryId=alex_20240424123525_5a79972b-deae-4c93-8550-7986eb32c29f); Time taken: 0.005 seconds
2024-04-24T12:35:26,082  INFO [main] reexec.ReExecDriver: Execution #1 of query
2024-04-24T12:35:26,082  INFO [main] lockmgr.DbTxnManager: Setting lock request transaction to txnid:3 for queryId=alex_20240424123525_5a79972b-deae-4c93-8550-7986eb32c29f
2024-04-24T12:35:26,082  INFO [main] ql.Driver: Operation CREATEDATABASE obtained 0 locks
2024-04-24T12:35:26,082  INFO [main] ql.Driver: Executing command(queryId=alex_20240424123525_5a79972b-deae-4c93-8550-7986eb32c29f): create database IF NOT EXISTS testing5 location 'raw:///home/alex/Repositories/hive/streaming/target/tmp/junit7283529837204671020/testing5.db'
PREHOOK: query: create database IF NOT EXISTS testing5 location 'raw:///home/alex/Repositories/hive/streaming/target/tmp/junit7283529837204671020/testing5.db'
2024-04-24T12:35:26,082  INFO [main] SessionState: PREHOOK: query: create database IF NOT EXISTS testing5 location 'raw:///home/alex/Repositories/hive/streaming/target/tmp/junit7283529837204671020/testing5.db'
PREHOOK: type: CREATEDATABASE
2024-04-24T12:35:26,082  INFO [main] SessionState: PREHOOK: type: CREATEDATABASE
PREHOOK: Output: database:testing5
2024-04-24T12:35:26,082  INFO [main] SessionState: PREHOOK: Output: database:testing5
PREHOOK: Output: raw:/home/alex/Repositories/hive/streaming/target/tmp/junit7283529837204671020/testing5.db
2024-04-24T12:35:26,082  INFO [main] SessionState: PREHOOK: Output: raw:/home/alex/Repositories/hive/streaming/target/tmp/junit7283529837204671020/testing5.db
2024-04-24T12:35:26,083  INFO [main] ql.Driver: Starting task [Stage-0:DDL] in serial mode
2024-04-24T12:35:26,083  INFO [main] HiveMetaStore.audit: ugi=alex	ip=unknown-ip-addr	cmd=create_database: Database(name:testing5, description:null, locationUri:raw:/home/alex/Repositories/hive/streaming/target/tmp/junit7283529837204671020/testing5.db, parameters:null, ownerName:alex, ownerType:USER, catalogName:hive, managedLocationUri:pfile:/home/alex/Repositories/hive/streaming/target/warehouse/testing5.db, type:NATIVE)	
2024-04-24T12:35:26,091 ERROR [main] metastore.RetryingHMSHandler: MetaException(message:Unable to create database managed directory pfile:/home/alex/Repositories/hive/streaming/target/warehouse/testing5.db, failed to create database testing5)
	at org.apache.hadoop.hive.metastore.HMSHandler.create_database_core(HMSHandler.java:1366)
	at org.apache.hadoop.hive.metastore.HMSHandler.create_database(HMSHandler.java:1486)
	at sun.reflect.NativeMethodAccessorImpl.invoke0(Native Method)
	at sun.reflect.NativeMethodAccessorImpl.invoke(NativeMethodAccessorImpl.java:62)
	at sun.reflect.DelegatingMethodAccessorImpl.invoke(DelegatingMethodAccessorImpl.java:43)
	at java.lang.reflect.Method.invoke(Method.java:498)
	at org.apache.hadoop.hive.metastore.RetryingHMSHandler.invokeInternal(RetryingHMSHandler.java:147)
	at org.apache.hadoop.hive.metastore.RetryingHMSHandler.invoke(RetryingHMSHandler.java:108)
	at com.sun.proxy.$Proxy38.create_database(Unknown Source)
	at org.apache.hadoop.hive.metastore.HiveMetaStoreClient.createDatabase(HiveMetaStoreClient.java:1151)
	at sun.reflect.NativeMethodAccessorImpl.invoke0(Native Method)
	at sun.reflect.NativeMethodAccessorImpl.invoke(NativeMethodAccessorImpl.java:62)
	at sun.reflect.DelegatingMethodAccessorImpl.invoke(DelegatingMethodAccessorImpl.java:43)
	at java.lang.reflect.Method.invoke(Method.java:498)
	at org.apache.hadoop.hive.metastore.RetryingMetaStoreClient.invoke(RetryingMetaStoreClient.java:218)
	at com.sun.proxy.$Proxy47.createDatabase(Unknown Source)
	at org.apache.hadoop.hive.ql.metadata.Hive.createDatabase(Hive.java:605)
	at org.apache.hadoop.hive.ql.ddl.database.create.CreateDatabaseOperation.execute(CreateDatabaseOperation.java:68)
	at org.apache.hadoop.hive.ql.ddl.DDLTask.execute(DDLTask.java:84)
	at org.apache.hadoop.hive.ql.exec.Task.executeTask(Task.java:212)
	at org.apache.hadoop.hive.ql.exec.TaskRunner.runSequential(TaskRunner.java:105)
	at org.apache.hadoop.hive.ql.Executor.launchTask(Executor.java:361)
	at org.apache.hadoop.hive.ql.Executor.launchTasks(Executor.java:334)
	at org.apache.hadoop.hive.ql.Executor.runTasks(Executor.java:245)
	at org.apache.hadoop.hive.ql.Executor.execute(Executor.java:108)
	at org.apache.hadoop.hive.ql.Driver.execute(Driver.java:348)
	at org.apache.hadoop.hive.ql.Driver.runInternal(Driver.java:204)
	at org.apache.hadoop.hive.ql.Driver.run(Driver.java:153)
	at org.apache.hadoop.hive.ql.Driver.run(Driver.java:148)
	at org.apache.hadoop.hive.ql.reexec.ReExecDriver.run(ReExecDriver.java:164)
	at org.apache.hadoop.hive.ql.reexec.ReExecDriver.run(ReExecDriver.java:230)
	at org.apache.hive.streaming.TestStreamingDynamicPartitioning.runDDL(TestStreamingDynamicPartitioning.java:829)
	at org.apache.hive.streaming.TestStreamingDynamicPartitioning.createStoreSales(TestStreamingDynamicPartitioning.java:177)
	at org.apache.hive.streaming.TestStreamingDynamicPartitioning.setup(TestStreamingDynamicPartitioning.java:160)
	at sun.reflect.NativeMethodAccessorImpl.invoke0(Native Method)
	at sun.reflect.NativeMethodAccessorImpl.invoke(NativeMethodAccessorImpl.java:62)
	at sun.reflect.DelegatingMethodAccessorImpl.invoke(DelegatingMethodAccessorImpl.java:43)
	at java.lang.reflect.Method.invoke(Method.java:498)
	at org.junit.runners.model.FrameworkMethod$1.runReflectiveCall(FrameworkMethod.java:59)
	at org.junit.internal.runners.model.ReflectiveCallable.run(ReflectiveCallable.java:12)
	at org.junit.runners.model.FrameworkMethod.invokeExplosively(FrameworkMethod.java:56)
	at org.junit.internal.runners.statements.RunBefores.invokeMethod(RunBefores.java:33)
	at org.junit.internal.runners.statements.RunBefores.evaluate(RunBefores.java:24)
	at org.junit.internal.runners.statements.RunAfters.evaluate(RunAfters.java:27)
	at org.junit.rules.ExternalResource$1.evaluate(ExternalResource.java:54)
	at org.junit.runners.ParentRunner$3.evaluate(ParentRunner.java:306)
	at org.junit.runners.BlockJUnit4ClassRunner$1.evaluate(BlockJUnit4ClassRunner.java:100)
	at org.junit.runners.ParentRunner.runLeaf(ParentRunner.java:366)
	at org.junit.runners.BlockJUnit4ClassRunner.runChild(BlockJUnit4ClassRunner.java:103)
	at org.junit.runners.BlockJUnit4ClassRunner.runChild(BlockJUnit4ClassRunner.java:63)
	at org.junit.runners.ParentRunner$4.run(ParentRunner.java:331)
	at org.junit.runners.ParentRunner$1.schedule(ParentRunner.java:79)
	at org.junit.runners.ParentRunner.runChildren(ParentRunner.java:329)
	at org.junit.runners.ParentRunner.access$100(ParentRunner.java:66)
	at org.junit.runners.ParentRunner$2.evaluate(ParentRunner.java:293)
	at org.junit.runners.ParentRunner$3.evaluate(ParentRunner.java:306)
	at org.junit.runners.ParentRunner.run(ParentRunner.java:413)
	at org.junit.runner.JUnitCore.run(JUnitCore.java:137)
	at org.junit.runner.JUnitCore.run(JUnitCore.java:115)
	at org.junit.vintage.engine.execution.RunnerExecutor.execute(RunnerExecutor.java:43)
	at java.util.stream.ForEachOps$ForEachOp$OfRef.accept(ForEachOps.java:183)
	at java.util.stream.ReferencePipeline$3$1.accept(ReferencePipeline.java:193)
	at java.util.Iterator.forEachRemaining(Iterator.java:116)
	at java.util.Spliterators$IteratorSpliterator.forEachRemaining(Spliterators.java:1801)
	at java.util.stream.AbstractPipeline.copyInto(AbstractPipeline.java:482)
	at java.util.stream.AbstractPipeline.wrapAndCopyInto(AbstractPipeline.java:472)
	at java.util.stream.ForEachOps$ForEachOp.evaluateSequential(ForEachOps.java:150)
	at java.util.stream.ForEachOps$ForEachOp$OfRef.evaluateSequential(ForEachOps.java:173)
	at java.util.stream.AbstractPipeline.evaluate(AbstractPipeline.java:234)
	at java.util.stream.ReferencePipeline.forEach(ReferencePipeline.java:485)
	at org.junit.vintage.engine.VintageTestEngine.executeAllChildren(VintageTestEngine.java:82)
	at org.junit.vintage.engine.VintageTestEngine.execute(VintageTestEngine.java:73)
	at org.junit.platform.launcher.core.DefaultLauncher.execute(DefaultLauncher.java:248)
	at org.junit.platform.launcher.core.DefaultLauncher.lambda$execute$5(DefaultLauncher.java:211)
	at org.junit.platform.launcher.core.DefaultLauncher.withInterceptedStreams(DefaultLauncher.java:226)
	at org.junit.platform.launcher.core.DefaultLauncher.execute(DefaultLauncher.java:199)
	at org.junit.platform.launcher.core.DefaultLauncher.execute(DefaultLauncher.java:132)
	at org.apache.maven.surefire.junitplatform.JUnitPlatformProvider.invokeAllTests(JUnitPlatformProvider.java:154)
	at org.apache.maven.surefire.junitplatform.JUnitPlatformProvider.invoke(JUnitPlatformProvider.java:123)
	at org.apache.maven.surefire.booter.ForkedBooter.runSuitesInProcess(ForkedBooter.java:377)
	at org.apache.maven.surefire.booter.ForkedBooter.execute(ForkedBooter.java:138)
	at org.apache.maven.surefire.booter.ForkedBooter.run(ForkedBooter.java:465)
	at org.apache.maven.surefire.booter.ForkedBooter.main(ForkedBooter.java:451)

2024-04-24T12:35:26,092 ERROR [main] exec.Task: Failed
org.apache.hadoop.hive.ql.metadata.HiveException: MetaException(message:Unable to create database managed directory pfile:/home/alex/Repositories/hive/streaming/target/warehouse/testing5.db, failed to create database testing5)
	at org.apache.hadoop.hive.ql.metadata.Hive.createDatabase(Hive.java:611) ~[classes/:?]
	at org.apache.hadoop.hive.ql.ddl.database.create.CreateDatabaseOperation.execute(CreateDatabaseOperation.java:68) ~[classes/:?]
	at org.apache.hadoop.hive.ql.ddl.DDLTask.execute(DDLTask.java:84) ~[classes/:?]
	at org.apache.hadoop.hive.ql.exec.Task.executeTask(Task.java:212) ~[classes/:?]
	at org.apache.hadoop.hive.ql.exec.TaskRunner.runSequential(TaskRunner.java:105) ~[classes/:?]
	at org.apache.hadoop.hive.ql.Executor.launchTask(Executor.java:361) ~[classes/:?]
	at org.apache.hadoop.hive.ql.Executor.launchTasks(Executor.java:334) ~[classes/:?]
	at org.apache.hadoop.hive.ql.Executor.runTasks(Executor.java:245) ~[classes/:?]
	at org.apache.hadoop.hive.ql.Executor.execute(Executor.java:108) ~[classes/:?]
	at org.apache.hadoop.hive.ql.Driver.execute(Driver.java:348) ~[classes/:?]
	at org.apache.hadoop.hive.ql.Driver.runInternal(Driver.java:204) ~[classes/:?]
	at org.apache.hadoop.hive.ql.Driver.run(Driver.java:153) ~[classes/:?]
	at org.apache.hadoop.hive.ql.Driver.run(Driver.java:148) ~[classes/:?]
	at org.apache.hadoop.hive.ql.reexec.ReExecDriver.run(ReExecDriver.java:164) ~[classes/:?]
	at org.apache.hadoop.hive.ql.reexec.ReExecDriver.run(ReExecDriver.java:230) ~[classes/:?]
	at org.apache.hive.streaming.TestStreamingDynamicPartitioning.runDDL(TestStreamingDynamicPartitioning.java:829) ~[test-classes/:?]
	at org.apache.hive.streaming.TestStreamingDynamicPartitioning.createStoreSales(TestStreamingDynamicPartitioning.java:177) ~[test-classes/:?]
	at org.apache.hive.streaming.TestStreamingDynamicPartitioning.setup(TestStreamingDynamicPartitioning.java:160) ~[test-classes/:?]
	at sun.reflect.NativeMethodAccessorImpl.invoke0(Native Method) ~[?:1.8.0_402]
	at sun.reflect.NativeMethodAccessorImpl.invoke(NativeMethodAccessorImpl.java:62) ~[?:1.8.0_402]
	at sun.reflect.DelegatingMethodAccessorImpl.invoke(DelegatingMethodAccessorImpl.java:43) ~[?:1.8.0_402]
	at java.lang.reflect.Method.invoke(Method.java:498) ~[?:1.8.0_402]
	at org.junit.runners.model.FrameworkMethod$1.runReflectiveCall(FrameworkMethod.java:59) ~[junit-4.13.jar:4.13]
	at org.junit.internal.runners.model.ReflectiveCallable.run(ReflectiveCallable.java:12) ~[junit-4.13.jar:4.13]
	at org.junit.runners.model.FrameworkMethod.invokeExplosively(FrameworkMethod.java:56) ~[junit-4.13.jar:4.13]
	at org.junit.internal.runners.statements.RunBefores.invokeMethod(RunBefores.java:33) ~[junit-4.13.jar:4.13]
	at org.junit.internal.runners.statements.RunBefores.evaluate(RunBefores.java:24) ~[junit-4.13.jar:4.13]
	at org.junit.internal.runners.statements.RunAfters.evaluate(RunAfters.java:27) ~[junit-4.13.jar:4.13]
	at org.junit.rules.ExternalResource$1.evaluate(ExternalResource.java:54) ~[junit-4.13.jar:4.13]
	at org.junit.runners.ParentRunner$3.evaluate(ParentRunner.java:306) ~[junit-4.13.jar:4.13]
	at org.junit.runners.BlockJUnit4ClassRunner$1.evaluate(BlockJUnit4ClassRunner.java:100) ~[junit-4.13.jar:4.13]
	at org.junit.runners.ParentRunner.runLeaf(ParentRunner.java:366) ~[junit-4.13.jar:4.13]
	at org.junit.runners.BlockJUnit4ClassRunner.runChild(BlockJUnit4ClassRunner.java:103) ~[junit-4.13.jar:4.13]
	at org.junit.runners.BlockJUnit4ClassRunner.runChild(BlockJUnit4ClassRunner.java:63) ~[junit-4.13.jar:4.13]
	at org.junit.runners.ParentRunner$4.run(ParentRunner.java:331) ~[junit-4.13.jar:4.13]
	at org.junit.runners.ParentRunner$1.schedule(ParentRunner.java:79) ~[junit-4.13.jar:4.13]
	at org.junit.runners.ParentRunner.runChildren(ParentRunner.java:329) ~[junit-4.13.jar:4.13]
	at org.junit.runners.ParentRunner.access$100(ParentRunner.java:66) ~[junit-4.13.jar:4.13]
	at org.junit.runners.ParentRunner$2.evaluate(ParentRunner.java:293) ~[junit-4.13.jar:4.13]
	at org.junit.runners.ParentRunner$3.evaluate(ParentRunner.java:306) ~[junit-4.13.jar:4.13]
	at org.junit.runners.ParentRunner.run(ParentRunner.java:413) ~[junit-4.13.jar:4.13]
	at org.junit.runner.JUnitCore.run(JUnitCore.java:137) ~[junit-4.13.jar:4.13]
	at org.junit.runner.JUnitCore.run(JUnitCore.java:115) ~[junit-4.13.jar:4.13]
	at org.junit.vintage.engine.execution.RunnerExecutor.execute(RunnerExecutor.java:43) ~[junit-vintage-engine-5.6.2.jar:5.6.2]
	at java.util.stream.ForEachOps$ForEachOp$OfRef.accept(ForEachOps.java:183) ~[?:1.8.0_402]
	at java.util.stream.ReferencePipeline$3$1.accept(ReferencePipeline.java:193) ~[?:1.8.0_402]
	at java.util.Iterator.forEachRemaining(Iterator.java:116) ~[?:1.8.0_402]
	at java.util.Spliterators$IteratorSpliterator.forEachRemaining(Spliterators.java:1801) ~[?:1.8.0_402]
	at java.util.stream.AbstractPipeline.copyInto(AbstractPipeline.java:482) ~[?:1.8.0_402]
	at java.util.stream.AbstractPipeline.wrapAndCopyInto(AbstractPipeline.java:472) ~[?:1.8.0_402]
	at java.util.stream.ForEachOps$ForEachOp.evaluateSequential(ForEachOps.java:150) ~[?:1.8.0_402]
	at java.util.stream.ForEachOps$ForEachOp$OfRef.evaluateSequential(ForEachOps.java:173) ~[?:1.8.0_402]
	at java.util.stream.AbstractPipeline.evaluate(AbstractPipeline.java:234) ~[?:1.8.0_402]
	at java.util.stream.ReferencePipeline.forEach(ReferencePipeline.java:485) ~[?:1.8.0_402]
	at org.junit.vintage.engine.VintageTestEngine.executeAllChildren(VintageTestEngine.java:82) ~[junit-vintage-engine-5.6.2.jar:5.6.2]
	at org.junit.vintage.engine.VintageTestEngine.execute(VintageTestEngine.java:73) ~[junit-vintage-engine-5.6.2.jar:5.6.2]
	at org.junit.platform.launcher.core.DefaultLauncher.execute(DefaultLauncher.java:248) ~[junit-platform-launcher-1.6.2.jar:1.6.2]
	at org.junit.platform.launcher.core.DefaultLauncher.lambda$execute$5(DefaultLauncher.java:211) ~[junit-platform-launcher-1.6.2.jar:1.6.2]
	at org.junit.platform.launcher.core.DefaultLauncher.withInterceptedStreams(DefaultLauncher.java:226) [junit-platform-launcher-1.6.2.jar:1.6.2]
	at org.junit.platform.launcher.core.DefaultLauncher.execute(DefaultLauncher.java:199) [junit-platform-launcher-1.6.2.jar:1.6.2]
	at org.junit.platform.launcher.core.DefaultLauncher.execute(DefaultLauncher.java:132) [junit-platform-launcher-1.6.2.jar:1.6.2]
	at org.apache.maven.surefire.junitplatform.JUnitPlatformProvider.invokeAllTests(JUnitPlatformProvider.java:154) [surefire-junit-platform-3.0.0-M4.jar:3.0.0-M4]
	at org.apache.maven.surefire.junitplatform.JUnitPlatformProvider.invoke(JUnitPlatformProvider.java:123) [surefire-junit-platform-3.0.0-M4.jar:3.0.0-M4]
	at org.apache.maven.surefire.booter.ForkedBooter.runSuitesInProcess(ForkedBooter.java:377) [surefire-booter-3.0.0-M4.jar:3.0.0-M4]
	at org.apache.maven.surefire.booter.ForkedBooter.execute(ForkedBooter.java:138) [surefire-booter-3.0.0-M4.jar:3.0.0-M4]
	at org.apache.maven.surefire.booter.ForkedBooter.run(ForkedBooter.java:465) [surefire-booter-3.0.0-M4.jar:3.0.0-M4]
	at org.apache.maven.surefire.booter.ForkedBooter.main(ForkedBooter.java:451) [surefire-booter-3.0.0-M4.jar:3.0.0-M4]
Caused by: org.apache.hadoop.hive.metastore.api.MetaException: Unable to create database managed directory pfile:/home/alex/Repositories/hive/streaming/target/warehouse/testing5.db, failed to create database testing5
	at org.apache.hadoop.hive.metastore.HMSHandler.create_database_core(HMSHandler.java:1366) ~[classes/:?]
	at org.apache.hadoop.hive.metastore.HMSHandler.create_database(HMSHandler.java:1486) ~[classes/:?]
	at sun.reflect.NativeMethodAccessorImpl.invoke0(Native Method) ~[?:1.8.0_402]
	at sun.reflect.NativeMethodAccessorImpl.invoke(NativeMethodAccessorImpl.java:62) ~[?:1.8.0_402]
	at sun.reflect.DelegatingMethodAccessorImpl.invoke(DelegatingMethodAccessorImpl.java:43) ~[?:1.8.0_402]
	at java.lang.reflect.Method.invoke(Method.java:498) ~[?:1.8.0_402]
	at org.apache.hadoop.hive.metastore.RetryingHMSHandler.invokeInternal(RetryingHMSHandler.java:147) ~[classes/:?]
	at org.apache.hadoop.hive.metastore.RetryingHMSHandler.invoke(RetryingHMSHandler.java:108) ~[classes/:?]
	at com.sun.proxy.$Proxy38.create_database(Unknown Source) ~[?:?]
	at org.apache.hadoop.hive.metastore.HiveMetaStoreClient.createDatabase(HiveMetaStoreClient.java:1151) ~[classes/:?]
	at sun.reflect.NativeMethodAccessorImpl.invoke0(Native Method) ~[?:1.8.0_402]
	at sun.reflect.NativeMethodAccessorImpl.invoke(NativeMethodAccessorImpl.java:62) ~[?:1.8.0_402]
	at sun.reflect.DelegatingMethodAccessorImpl.invoke(DelegatingMethodAccessorImpl.java:43) ~[?:1.8.0_402]
	at java.lang.reflect.Method.invoke(Method.java:498) ~[?:1.8.0_402]
	at org.apache.hadoop.hive.metastore.RetryingMetaStoreClient.invoke(RetryingMetaStoreClient.java:218) ~[classes/:?]
	at com.sun.proxy.$Proxy47.createDatabase(Unknown Source) ~[?:?]
	at org.apache.hadoop.hive.ql.metadata.Hive.createDatabase(Hive.java:605) ~[classes/:?]
	... 66 more
2024-04-24T12:35:26,093 ERROR [main] exec.Task: DDLTask failed, DDL Operation: class org.apache.hadoop.hive.ql.ddl.database.create.CreateDatabaseOperation
org.apache.hadoop.hive.ql.metadata.HiveException: MetaException(message:Unable to create database managed directory pfile:/home/alex/Repositories/hive/streaming/target/warehouse/testing5.db, failed to create database testing5)
	at org.apache.hadoop.hive.ql.metadata.Hive.createDatabase(Hive.java:611) ~[classes/:?]
	at org.apache.hadoop.hive.ql.ddl.database.create.CreateDatabaseOperation.execute(CreateDatabaseOperation.java:68) ~[classes/:?]
	at org.apache.hadoop.hive.ql.ddl.DDLTask.execute(DDLTask.java:84) ~[classes/:?]
	at org.apache.hadoop.hive.ql.exec.Task.executeTask(Task.java:212) ~[classes/:?]
	at org.apache.hadoop.hive.ql.exec.TaskRunner.runSequential(TaskRunner.java:105) ~[classes/:?]
	at org.apache.hadoop.hive.ql.Executor.launchTask(Executor.java:361) ~[classes/:?]
	at org.apache.hadoop.hive.ql.Executor.launchTasks(Executor.java:334) ~[classes/:?]
	at org.apache.hadoop.hive.ql.Executor.runTasks(Executor.java:245) ~[classes/:?]
	at org.apache.hadoop.hive.ql.Executor.execute(Executor.java:108) ~[classes/:?]
	at org.apache.hadoop.hive.ql.Driver.execute(Driver.java:348) ~[classes/:?]
	at org.apache.hadoop.hive.ql.Driver.runInternal(Driver.java:204) ~[classes/:?]
	at org.apache.hadoop.hive.ql.Driver.run(Driver.java:153) ~[classes/:?]
	at org.apache.hadoop.hive.ql.Driver.run(Driver.java:148) ~[classes/:?]
	at org.apache.hadoop.hive.ql.reexec.ReExecDriver.run(ReExecDriver.java:164) ~[classes/:?]
	at org.apache.hadoop.hive.ql.reexec.ReExecDriver.run(ReExecDriver.java:230) ~[classes/:?]
	at org.apache.hive.streaming.TestStreamingDynamicPartitioning.runDDL(TestStreamingDynamicPartitioning.java:829) ~[test-classes/:?]
	at org.apache.hive.streaming.TestStreamingDynamicPartitioning.createStoreSales(TestStreamingDynamicPartitioning.java:177) ~[test-classes/:?]
	at org.apache.hive.streaming.TestStreamingDynamicPartitioning.setup(TestStreamingDynamicPartitioning.java:160) ~[test-classes/:?]
	at sun.reflect.NativeMethodAccessorImpl.invoke0(Native Method) ~[?:1.8.0_402]
	at sun.reflect.NativeMethodAccessorImpl.invoke(NativeMethodAccessorImpl.java:62) ~[?:1.8.0_402]
	at sun.reflect.DelegatingMethodAccessorImpl.invoke(DelegatingMethodAccessorImpl.java:43) ~[?:1.8.0_402]
	at java.lang.reflect.Method.invoke(Method.java:498) ~[?:1.8.0_402]
	at org.junit.runners.model.FrameworkMethod$1.runReflectiveCall(FrameworkMethod.java:59) ~[junit-4.13.jar:4.13]
	at org.junit.internal.runners.model.ReflectiveCallable.run(ReflectiveCallable.java:12) ~[junit-4.13.jar:4.13]
	at org.junit.runners.model.FrameworkMethod.invokeExplosively(FrameworkMethod.java:56) ~[junit-4.13.jar:4.13]
	at org.junit.internal.runners.statements.RunBefores.invokeMethod(RunBefores.java:33) ~[junit-4.13.jar:4.13]
	at org.junit.internal.runners.statements.RunBefores.evaluate(RunBefores.java:24) ~[junit-4.13.jar:4.13]
	at org.junit.internal.runners.statements.RunAfters.evaluate(RunAfters.java:27) ~[junit-4.13.jar:4.13]
	at org.junit.rules.ExternalResource$1.evaluate(ExternalResource.java:54) ~[junit-4.13.jar:4.13]
	at org.junit.runners.ParentRunner$3.evaluate(ParentRunner.java:306) ~[junit-4.13.jar:4.13]
	at org.junit.runners.BlockJUnit4ClassRunner$1.evaluate(BlockJUnit4ClassRunner.java:100) ~[junit-4.13.jar:4.13]
	at org.junit.runners.ParentRunner.runLeaf(ParentRunner.java:366) ~[junit-4.13.jar:4.13]
	at org.junit.runners.BlockJUnit4ClassRunner.runChild(BlockJUnit4ClassRunner.java:103) ~[junit-4.13.jar:4.13]
	at org.junit.runners.BlockJUnit4ClassRunner.runChild(BlockJUnit4ClassRunner.java:63) ~[junit-4.13.jar:4.13]
	at org.junit.runners.ParentRunner$4.run(ParentRunner.java:331) ~[junit-4.13.jar:4.13]
	at org.junit.runners.ParentRunner$1.schedule(ParentRunner.java:79) ~[junit-4.13.jar:4.13]
	at org.junit.runners.ParentRunner.runChildren(ParentRunner.java:329) ~[junit-4.13.jar:4.13]
	at org.junit.runners.ParentRunner.access$100(ParentRunner.java:66) ~[junit-4.13.jar:4.13]
	at org.junit.runners.ParentRunner$2.evaluate(ParentRunner.java:293) ~[junit-4.13.jar:4.13]
	at org.junit.runners.ParentRunner$3.evaluate(ParentRunner.java:306) ~[junit-4.13.jar:4.13]
	at org.junit.runners.ParentRunner.run(ParentRunner.java:413) ~[junit-4.13.jar:4.13]
	at org.junit.runner.JUnitCore.run(JUnitCore.java:137) ~[junit-4.13.jar:4.13]
	at org.junit.runner.JUnitCore.run(JUnitCore.java:115) ~[junit-4.13.jar:4.13]
	at org.junit.vintage.engine.execution.RunnerExecutor.execute(RunnerExecutor.java:43) ~[junit-vintage-engine-5.6.2.jar:5.6.2]
	at java.util.stream.ForEachOps$ForEachOp$OfRef.accept(ForEachOps.java:183) ~[?:1.8.0_402]
	at java.util.stream.ReferencePipeline$3$1.accept(ReferencePipeline.java:193) ~[?:1.8.0_402]
	at java.util.Iterator.forEachRemaining(Iterator.java:116) ~[?:1.8.0_402]
	at java.util.Spliterators$IteratorSpliterator.forEachRemaining(Spliterators.java:1801) ~[?:1.8.0_402]
	at java.util.stream.AbstractPipeline.copyInto(AbstractPipeline.java:482) ~[?:1.8.0_402]
	at java.util.stream.AbstractPipeline.wrapAndCopyInto(AbstractPipeline.java:472) ~[?:1.8.0_402]
	at java.util.stream.ForEachOps$ForEachOp.evaluateSequential(ForEachOps.java:150) ~[?:1.8.0_402]
	at java.util.stream.ForEachOps$ForEachOp$OfRef.evaluateSequential(ForEachOps.java:173) ~[?:1.8.0_402]
	at java.util.stream.AbstractPipeline.evaluate(AbstractPipeline.java:234) ~[?:1.8.0_402]
	at java.util.stream.ReferencePipeline.forEach(ReferencePipeline.java:485) ~[?:1.8.0_402]
	at org.junit.vintage.engine.VintageTestEngine.executeAllChildren(VintageTestEngine.java:82) ~[junit-vintage-engine-5.6.2.jar:5.6.2]
	at org.junit.vintage.engine.VintageTestEngine.execute(VintageTestEngine.java:73) ~[junit-vintage-engine-5.6.2.jar:5.6.2]
	at org.junit.platform.launcher.core.DefaultLauncher.execute(DefaultLauncher.java:248) ~[junit-platform-launcher-1.6.2.jar:1.6.2]
	at org.junit.platform.launcher.core.DefaultLauncher.lambda$execute$5(DefaultLauncher.java:211) ~[junit-platform-launcher-1.6.2.jar:1.6.2]
	at org.junit.platform.launcher.core.DefaultLauncher.withInterceptedStreams(DefaultLauncher.java:226) [junit-platform-launcher-1.6.2.jar:1.6.2]
	at org.junit.platform.launcher.core.DefaultLauncher.execute(DefaultLauncher.java:199) [junit-platform-launcher-1.6.2.jar:1.6.2]
	at org.junit.platform.launcher.core.DefaultLauncher.execute(DefaultLauncher.java:132) [junit-platform-launcher-1.6.2.jar:1.6.2]
	at org.apache.maven.surefire.junitplatform.JUnitPlatformProvider.invokeAllTests(JUnitPlatformProvider.java:154) [surefire-junit-platform-3.0.0-M4.jar:3.0.0-M4]
	at org.apache.maven.surefire.junitplatform.JUnitPlatformProvider.invoke(JUnitPlatformProvider.java:123) [surefire-junit-platform-3.0.0-M4.jar:3.0.0-M4]
	at org.apache.maven.surefire.booter.ForkedBooter.runSuitesInProcess(ForkedBooter.java:377) [surefire-booter-3.0.0-M4.jar:3.0.0-M4]
	at org.apache.maven.surefire.booter.ForkedBooter.execute(ForkedBooter.java:138) [surefire-booter-3.0.0-M4.jar:3.0.0-M4]
	at org.apache.maven.surefire.booter.ForkedBooter.run(ForkedBooter.java:465) [surefire-booter-3.0.0-M4.jar:3.0.0-M4]
	at org.apache.maven.surefire.booter.ForkedBooter.main(ForkedBooter.java:451) [surefire-booter-3.0.0-M4.jar:3.0.0-M4]
Caused by: org.apache.hadoop.hive.metastore.api.MetaException: Unable to create database managed directory pfile:/home/alex/Repositories/hive/streaming/target/warehouse/testing5.db, failed to create database testing5
	at org.apache.hadoop.hive.metastore.HMSHandler.create_database_core(HMSHandler.java:1366) ~[classes/:?]
	at org.apache.hadoop.hive.metastore.HMSHandler.create_database(HMSHandler.java:1486) ~[classes/:?]
	at sun.reflect.NativeMethodAccessorImpl.invoke0(Native Method) ~[?:1.8.0_402]
	at sun.reflect.NativeMethodAccessorImpl.invoke(NativeMethodAccessorImpl.java:62) ~[?:1.8.0_402]
	at sun.reflect.DelegatingMethodAccessorImpl.invoke(DelegatingMethodAccessorImpl.java:43) ~[?:1.8.0_402]
	at java.lang.reflect.Method.invoke(Method.java:498) ~[?:1.8.0_402]
	at org.apache.hadoop.hive.metastore.RetryingHMSHandler.invokeInternal(RetryingHMSHandler.java:147) ~[classes/:?]
	at org.apache.hadoop.hive.metastore.RetryingHMSHandler.invoke(RetryingHMSHandler.java:108) ~[classes/:?]
	at com.sun.proxy.$Proxy38.create_database(Unknown Source) ~[?:?]
	at org.apache.hadoop.hive.metastore.HiveMetaStoreClient.createDatabase(HiveMetaStoreClient.java:1151) ~[classes/:?]
	at sun.reflect.NativeMethodAccessorImpl.invoke0(Native Method) ~[?:1.8.0_402]
	at sun.reflect.NativeMethodAccessorImpl.invoke(NativeMethodAccessorImpl.java:62) ~[?:1.8.0_402]
	at sun.reflect.DelegatingMethodAccessorImpl.invoke(DelegatingMethodAccessorImpl.java:43) ~[?:1.8.0_402]
	at java.lang.reflect.Method.invoke(Method.java:498) ~[?:1.8.0_402]
	at org.apache.hadoop.hive.metastore.RetryingMetaStoreClient.invoke(RetryingMetaStoreClient.java:218) ~[classes/:?]
	at com.sun.proxy.$Proxy47.createDatabase(Unknown Source) ~[?:?]
	at org.apache.hadoop.hive.ql.metadata.Hive.createDatabase(Hive.java:605) ~[classes/:?]
	... 66 more
2024-04-24T12:35:26,094  INFO [main] reexec.ReOptimizePlugin: ReOptimization: retryPossible: false
2024-04-24T12:35:26,094  INFO [main] reexec.ReExecuteLostAMQueryPlugin: Got exception message: MetaException(message:Unable to create database managed directory pfile:/home/alex/Repositories/hive/streaming/target/warehouse/testing5.db, failed to create database testing5) retryPossible: false
2024-04-24T12:35:26,094  INFO [main] reexec.ReExecutionDagSubmitPlugin: Got exception message: MetaException(message:Unable to create database managed directory pfile:/home/alex/Repositories/hive/streaming/target/warehouse/testing5.db, failed to create database testing5) retryPossible: false
FAILED: Execution Error, return code 40000 from org.apache.hadoop.hive.ql.ddl.DDLTask. MetaException(message:Unable to create database managed directory pfile:/home/alex/Repositories/hive/streaming/target/warehouse/testing5.db, failed to create database testing5)
2024-04-24T12:35:26,094 ERROR [main] ql.Driver: FAILED: Execution Error, return code 40000 from org.apache.hadoop.hive.ql.ddl.DDLTask. MetaException(message:Unable to create database managed directory pfile:/home/alex/Repositories/hive/streaming/target/warehouse/testing5.db, failed to create database testing5)
2024-04-24T12:35:26,094  INFO [main] metadata.Hive: Dumping metastore api call timing information for : execution phase
2024-04-24T12:35:26,094  INFO [main] metadata.Hive: Total time spent in each metastore function (ms): {isCompatibleWith_(Configuration)=0}
2024-04-24T12:35:26,094  INFO [main] ql.Driver: Completed executing command(queryId=alex_20240424123525_5a79972b-deae-4c93-8550-7986eb32c29f); Time taken: 0.012 seconds
2024-04-24T12:35:26,095  INFO [main] lockmgr.DbTxnManager: Stopped heartbeat for query: alex_20240424123525_5a79972b-deae-4c93-8550-7986eb32c29f
2024-04-24T12:35:26,098  INFO [main] txn.TxnHandler: Removed transactions: ([3]) from MIN_HISTORY_LEVEL
2024-04-24T12:35:26,102 ERROR [main] streaming.TestStreamingDynamicPartitioning: Statement: create database IF NOT EXISTS testing5 location 'raw:///home/alex/Repositories/hive/streaming/target/tmp/junit7283529837204671020/testing5.db' failed: (responseCode = 40000, errorMessage = FAILED: Execution Error, return code 40000 from org.apache.hadoop.hive.ql.ddl.DDLTask. MetaException(message:Unable to create database managed directory pfile:/home/alex/Repositories/hive/streaming/target/warehouse/testing5.db, failed to create database testing5), hiveErrorCode = 40000, SQLState = 08S01, exception = MetaException(message:Unable to create database managed directory pfile:/home/alex/Repositories/hive/streaming/target/warehouse/testing5.db, failed to create database testing5))
2024-04-24T12:35:26,103  INFO [main] HiveMetaStore.audit: ugi=alex	ip=unknown-ip-addr	cmd=Cleaning up thread local RawStore...	
2024-04-24T12:35:26,103  INFO [main] metastore.ObjectStore: RawStore: org.apache.hadoop.hive.metastore.ObjectStore@3359c3f6, with PersistenceManager: org.datanucleus.api.jdo.JDOPersistenceManager@3d3b272a will be shutdown
2024-04-24T12:35:26,103  INFO [main] HiveMetaStore.audit: ugi=alex	ip=unknown-ip-addr	cmd=Done cleaning up thread local RawStore	
2024-04-24T12:35:26,103  INFO [main] metastore.HiveMetaStoreClient: Closed a connection to metastore, current connections: -6
]]></system-err>
  </testcase>
  <testcase name="testRegexInputStreamDP" classname="org.apache.hive.streaming.TestStreamingDynamicPartitioning" time="0.224">
    <failure type="java.lang.AssertionError"><![CDATA[java.lang.AssertionError
	at org.junit.Assert.fail(Assert.java:87)
	at org.junit.Assert.assertTrue(Assert.java:42)
	at org.junit.Assert.assertTrue(Assert.java:53)
	at org.apache.hive.streaming.TestStreamingDynamicPartitioning.createStoreSales(TestStreamingDynamicPartitioning.java:178)
	at org.apache.hive.streaming.TestStreamingDynamicPartitioning.setup(TestStreamingDynamicPartitioning.java:160)
	at sun.reflect.NativeMethodAccessorImpl.invoke0(Native Method)
	at sun.reflect.NativeMethodAccessorImpl.invoke(NativeMethodAccessorImpl.java:62)
	at sun.reflect.DelegatingMethodAccessorImpl.invoke(DelegatingMethodAccessorImpl.java:43)
	at java.lang.reflect.Method.invoke(Method.java:498)
	at org.junit.runners.model.FrameworkMethod$1.runReflectiveCall(FrameworkMethod.java:59)
	at org.junit.internal.runners.model.ReflectiveCallable.run(ReflectiveCallable.java:12)
	at org.junit.runners.model.FrameworkMethod.invokeExplosively(FrameworkMethod.java:56)
	at org.junit.internal.runners.statements.RunBefores.invokeMethod(RunBefores.java:33)
	at org.junit.internal.runners.statements.RunBefores.evaluate(RunBefores.java:24)
	at org.junit.internal.runners.statements.RunAfters.evaluate(RunAfters.java:27)
	at org.junit.rules.ExternalResource$1.evaluate(ExternalResource.java:54)
	at org.junit.runners.ParentRunner$3.evaluate(ParentRunner.java:306)
	at org.junit.runners.BlockJUnit4ClassRunner$1.evaluate(BlockJUnit4ClassRunner.java:100)
	at org.junit.runners.ParentRunner.runLeaf(ParentRunner.java:366)
	at org.junit.runners.BlockJUnit4ClassRunner.runChild(BlockJUnit4ClassRunner.java:103)
	at org.junit.runners.BlockJUnit4ClassRunner.runChild(BlockJUnit4ClassRunner.java:63)
	at org.junit.runners.ParentRunner$4.run(ParentRunner.java:331)
	at org.junit.runners.ParentRunner$1.schedule(ParentRunner.java:79)
	at org.junit.runners.ParentRunner.runChildren(ParentRunner.java:329)
	at org.junit.runners.ParentRunner.access$100(ParentRunner.java:66)
	at org.junit.runners.ParentRunner$2.evaluate(ParentRunner.java:293)
	at org.junit.runners.ParentRunner$3.evaluate(ParentRunner.java:306)
	at org.junit.runners.ParentRunner.run(ParentRunner.java:413)
	at org.junit.runner.JUnitCore.run(JUnitCore.java:137)
	at org.junit.runner.JUnitCore.run(JUnitCore.java:115)
	at org.junit.vintage.engine.execution.RunnerExecutor.execute(RunnerExecutor.java:43)
	at java.util.stream.ForEachOps$ForEachOp$OfRef.accept(ForEachOps.java:183)
	at java.util.stream.ReferencePipeline$3$1.accept(ReferencePipeline.java:193)
	at java.util.Iterator.forEachRemaining(Iterator.java:116)
	at java.util.Spliterators$IteratorSpliterator.forEachRemaining(Spliterators.java:1801)
	at java.util.stream.AbstractPipeline.copyInto(AbstractPipeline.java:482)
	at java.util.stream.AbstractPipeline.wrapAndCopyInto(AbstractPipeline.java:472)
	at java.util.stream.ForEachOps$ForEachOp.evaluateSequential(ForEachOps.java:150)
	at java.util.stream.ForEachOps$ForEachOp$OfRef.evaluateSequential(ForEachOps.java:173)
	at java.util.stream.AbstractPipeline.evaluate(AbstractPipeline.java:234)
	at java.util.stream.ReferencePipeline.forEach(ReferencePipeline.java:485)
	at org.junit.vintage.engine.VintageTestEngine.executeAllChildren(VintageTestEngine.java:82)
	at org.junit.vintage.engine.VintageTestEngine.execute(VintageTestEngine.java:73)
	at org.junit.platform.launcher.core.DefaultLauncher.execute(DefaultLauncher.java:248)
	at org.junit.platform.launcher.core.DefaultLauncher.lambda$execute$5(DefaultLauncher.java:211)
	at org.junit.platform.launcher.core.DefaultLauncher.withInterceptedStreams(DefaultLauncher.java:226)
	at org.junit.platform.launcher.core.DefaultLauncher.execute(DefaultLauncher.java:199)
	at org.junit.platform.launcher.core.DefaultLauncher.execute(DefaultLauncher.java:132)
	at org.apache.maven.surefire.junitplatform.JUnitPlatformProvider.invokeAllTests(JUnitPlatformProvider.java:154)
	at org.apache.maven.surefire.junitplatform.JUnitPlatformProvider.invoke(JUnitPlatformProvider.java:123)
	at org.apache.maven.surefire.booter.ForkedBooter.runSuitesInProcess(ForkedBooter.java:377)
	at org.apache.maven.surefire.booter.ForkedBooter.execute(ForkedBooter.java:138)
	at org.apache.maven.surefire.booter.ForkedBooter.run(ForkedBooter.java:465)
	at org.apache.maven.surefire.booter.ForkedBooter.main(ForkedBooter.java:451)
]]></failure>
    <system-out><![CDATA[create database IF NOT EXISTS testing location 'raw:///home/alex/Repositories/hive/streaming/target/tmp/junit3445523375433877295/testing.db'
use testing
create table alerts ( id int,msg string ) partitioned by (Continent string,Country string ) clustered by ( id ) into 1 buckets  stored as orc  location 'raw:///home/alex/Repositories/hive/streaming/target/tmp/junit3445523375433877295/testing.db/alerts' TBLPROPERTIES ('transactional'='true') 
create database IF NOT EXISTS testing5 location 'raw:///home/alex/Repositories/hive/streaming/target/tmp/junit2097318496593036112/testing5.db'
]]></system-out>
    <system-err><![CDATA[2024-04-24T12:35:26,150  WARN [main] conf.HiveConf: HiveConf of name hive.llap.io.cache.orc.size does not exist
2024-04-24T12:35:26,150  WARN [main] conf.HiveConf: HiveConf of name hive.dummyparam.test.server.specific.config.metastoresite does not exist
2024-04-24T12:35:26,150  WARN [main] conf.HiveConf: HiveConf of name hive.llap.io.cache.orc.arena.size does not exist
2024-04-24T12:35:26,150  WARN [main] conf.HiveConf: HiveConf of name hive.metastore.metadb.dir does not exist
2024-04-24T12:35:26,150  WARN [main] conf.HiveConf: HiveConf of name hive.stats.key.prefix.reserve.length does not exist
2024-04-24T12:35:26,150  WARN [main] conf.HiveConf: HiveConf of name hive.llap.io.cache.orc.alloc.min does not exist
2024-04-24T12:35:26,150  WARN [main] conf.HiveConf: HiveConf of name hive.metastore.client.cache.maxSize does not exist
2024-04-24T12:35:26,150  WARN [main] conf.HiveConf: HiveConf of name hive.dummyparam.test.server.specific.config.hivesite does not exist
2024-04-24T12:35:26,150  WARN [main] conf.HiveConf: HiveConf of name hive.dummyparam.test.server.specific.config.override does not exist
2024-04-24T12:35:26,151  WARN [main] conf.HiveConf: HiveConf of name hive.metastore.client.cache.recordStats does not exist
2024-04-24T12:35:26,151  WARN [main] conf.HiveConf: HiveConf of name hive.llap.io.cache.orc.alloc.max does not exist
2024-04-24T12:35:26,151  INFO [main] utils.TestTxnDbUtil: Cleaning transactional tables
2024-04-24T12:35:26,165  INFO [main] utils.TestTxnDbUtil: Creating transactional tables
2024-04-24T12:35:26,169  INFO [main] metastore.HiveMetaStoreClient: HMS client filtering is enabled.
2024-04-24T12:35:26,171  INFO [main] metastore.HMSHandler: 0: Opening raw store with implementation class:org.apache.hadoop.hive.metastore.ObjectStore
2024-04-24T12:35:26,171  INFO [main] metastore.PersistenceManagerProvider: Configuration datanucleus.autoStartMechanismMode is not set. Defaulting to 'ignored'
2024-04-24T12:35:26,172  INFO [main] metastore.ObjectStore: RawStore: org.apache.hadoop.hive.metastore.ObjectStore@492fa72a, with PersistenceManager: null will be shutdown
2024-04-24T12:35:26,172  INFO [main] metastore.ObjectStore: RawStore: org.apache.hadoop.hive.metastore.ObjectStore@492fa72a, with PersistenceManager: org.datanucleus.api.jdo.JDOPersistenceManager@513fab1e created in the thread with id: 1
2024-04-24T12:35:26,177  INFO [main] metastore.HMSHandler: Created RawStore: org.apache.hadoop.hive.metastore.ObjectStore@492fa72a from thread id: 1
2024-04-24T12:35:26,177  INFO [main] metastore.HMSHandler: HMS server filtering is disabled by configuration
Hive Session ID = bf4a4c18-6454-428b-a701-2ca18b842e65
2024-04-24T12:35:26,177  INFO [main] SessionState: Hive Session ID = bf4a4c18-6454-428b-a701-2ca18b842e65
ivysettings.xml file not found in HIVE_HOME or HIVE_CONF_DIR,/home/alex/Repositories/hive/conf/ivysettings.xml will be used
2024-04-24T12:35:26,178  INFO [main] DependencyResolver: ivysettings.xml file not found in HIVE_HOME or HIVE_CONF_DIR,/home/alex/Repositories/hive/conf/ivysettings.xml will be used
2024-04-24T12:35:26,186  INFO [main] session.SessionState: Created HDFS directory: /home/alex/Repositories/hive/streaming/target/tmp/scratchdir/alex/bf4a4c18-6454-428b-a701-2ca18b842e65
2024-04-24T12:35:26,190  INFO [main] session.SessionState: Created local directory: /home/alex/Repositories/hive/streaming/target/tmp/localscratchdir/bf4a4c18-6454-428b-a701-2ca18b842e65
2024-04-24T12:35:26,193  INFO [main] session.SessionState: Created HDFS directory: /home/alex/Repositories/hive/streaming/target/tmp/scratchdir/alex/bf4a4c18-6454-428b-a701-2ca18b842e65/_tmp_space.db
2024-04-24T12:35:26,196  INFO [main] HiveMetaStore.audit: ugi=alex	ip=unknown-ip-addr	cmd=get_table_names_by_filter: db = @hive#testing, filter = 	
2024-04-24T12:35:26,198  INFO [main] HiveMetaStore.audit: ugi=alex	ip=unknown-ip-addr	cmd=get_database: testing	
2024-04-24T12:35:26,200  INFO [main] ql.Driver: Compiling command(queryId=alex_20240424123526_736d878a-9e42-4cd9-b3dd-ece6b4ddaa63): create database IF NOT EXISTS testing location 'raw:///home/alex/Repositories/hive/streaming/target/tmp/junit3445523375433877295/testing.db'
2024-04-24T12:35:26,209  INFO [main] txn.TxnHandler: Added entries to MIN_HISTORY_LEVEL for current txns: ([1]) with min_open_txn: 1
2024-04-24T12:35:26,209  INFO [main] lockmgr.DbTxnManager: Opened txnid:1
2024-04-24T12:35:26,213  INFO [main] ql.Driver: Semantic Analysis Completed (retrial = false)
2024-04-24T12:35:26,213  INFO [main] ql.Driver: Created Hive schema: Schema(fieldSchemas:null, properties:null)
2024-04-24T12:35:26,213  INFO [main] metadata.Hive: Dumping metastore api call timing information for : compilation phase
2024-04-24T12:35:26,213  INFO [main] metadata.Hive: Total time spent in each metastore function (ms): {rollbackTxn_(long)=7, flushCache_()=1, getValidTxns_(long)=2, openTxn_(String, TxnType)=8, isCompatibleWith_(Configuration)=0}
2024-04-24T12:35:26,213  INFO [main] ql.Driver: Completed compiling command(queryId=alex_20240424123526_736d878a-9e42-4cd9-b3dd-ece6b4ddaa63); Time taken: 0.013 seconds
2024-04-24T12:35:26,213  INFO [main] reexec.ReExecDriver: Execution #1 of query
2024-04-24T12:35:26,214  INFO [main] lockmgr.DbTxnManager: Setting lock request transaction to txnid:1 for queryId=alex_20240424123526_736d878a-9e42-4cd9-b3dd-ece6b4ddaa63
2024-04-24T12:35:26,214  INFO [main] ql.Driver: Operation CREATEDATABASE obtained 0 locks
2024-04-24T12:35:26,214  INFO [main] ql.Driver: Executing command(queryId=alex_20240424123526_736d878a-9e42-4cd9-b3dd-ece6b4ddaa63): create database IF NOT EXISTS testing location 'raw:///home/alex/Repositories/hive/streaming/target/tmp/junit3445523375433877295/testing.db'
PREHOOK: query: create database IF NOT EXISTS testing location 'raw:///home/alex/Repositories/hive/streaming/target/tmp/junit3445523375433877295/testing.db'
2024-04-24T12:35:26,214  INFO [main] SessionState: PREHOOK: query: create database IF NOT EXISTS testing location 'raw:///home/alex/Repositories/hive/streaming/target/tmp/junit3445523375433877295/testing.db'
PREHOOK: type: CREATEDATABASE
2024-04-24T12:35:26,214  INFO [main] SessionState: PREHOOK: type: CREATEDATABASE
PREHOOK: Output: database:testing
2024-04-24T12:35:26,214  INFO [main] SessionState: PREHOOK: Output: database:testing
PREHOOK: Output: raw:/home/alex/Repositories/hive/streaming/target/tmp/junit3445523375433877295/testing.db
2024-04-24T12:35:26,214  INFO [main] SessionState: PREHOOK: Output: raw:/home/alex/Repositories/hive/streaming/target/tmp/junit3445523375433877295/testing.db
2024-04-24T12:35:26,215  INFO [main] ql.Driver: Starting task [Stage-0:DDL] in serial mode
2024-04-24T12:35:26,215  INFO [main] sqlstd.SQLStdHiveAccessController: Created SQLStdHiveAccessController for session context : HiveAuthzSessionContext [sessionString=bf4a4c18-6454-428b-a701-2ca18b842e65, clientType=HIVECLI]
2024-04-24T12:35:26,215  INFO [main] metastore.HiveMetaStoreClient: Mestastore configuration metastore.filter.hook changed from org.apache.hadoop.hive.metastore.DefaultMetaStoreFilterHookImpl to org.apache.hadoop.hive.ql.security.authorization.plugin.AuthorizationMetaStoreFilterHook
2024-04-24T12:35:26,215  INFO [main] HiveMetaStore.audit: ugi=alex	ip=unknown-ip-addr	cmd=Cleaning up thread local RawStore...	
2024-04-24T12:35:26,215  INFO [main] metastore.ObjectStore: RawStore: org.apache.hadoop.hive.metastore.ObjectStore@492fa72a, with PersistenceManager: org.datanucleus.api.jdo.JDOPersistenceManager@513fab1e will be shutdown
2024-04-24T12:35:26,216  INFO [main] HiveMetaStore.audit: ugi=alex	ip=unknown-ip-addr	cmd=Done cleaning up thread local RawStore	
2024-04-24T12:35:26,216  INFO [main] metastore.HiveMetaStoreClient: Closed a connection to metastore, current connections: -7
2024-04-24T12:35:26,217  INFO [main] metastore.HiveMetaStoreClient: HMS client filtering is enabled.
2024-04-24T12:35:26,217  INFO [main] metastore.HMSHandler: 0: Opening raw store with implementation class:org.apache.hadoop.hive.metastore.ObjectStore
2024-04-24T12:35:26,218  INFO [main] metastore.PersistenceManagerProvider: Configuration datanucleus.autoStartMechanismMode is not set. Defaulting to 'ignored'
2024-04-24T12:35:26,218  INFO [main] metastore.ObjectStore: RawStore: org.apache.hadoop.hive.metastore.ObjectStore@27a0e6ce, with PersistenceManager: null will be shutdown
2024-04-24T12:35:26,218  INFO [main] metastore.ObjectStore: RawStore: org.apache.hadoop.hive.metastore.ObjectStore@27a0e6ce, with PersistenceManager: org.datanucleus.api.jdo.JDOPersistenceManager@2b80497f created in the thread with id: 1
2024-04-24T12:35:26,222  INFO [main] metastore.HMSHandler: Created RawStore: org.apache.hadoop.hive.metastore.ObjectStore@27a0e6ce from thread id: 1
2024-04-24T12:35:26,222  INFO [main] metastore.HMSHandler: HMS server filtering is disabled by configuration
2024-04-24T12:35:26,222  INFO [main] metastore.RetryingMetaStoreClient: RetryingMetaStoreClient proxy=class org.apache.hadoop.hive.ql.metadata.SessionHiveMetaStoreClient ugi=alex (auth:SIMPLE) retries=1 delay=1 lifetime=0
2024-04-24T12:35:26,223  INFO [main] metastore.HiveMetaStoreClient: HMS client filtering is enabled.
2024-04-24T12:35:26,223  INFO [main] metastore.PersistenceManagerProvider: Configuration datanucleus.autoStartMechanismMode is not set. Defaulting to 'ignored'
2024-04-24T12:35:26,224  INFO [main] metastore.ObjectStore: RawStore: org.apache.hadoop.hive.metastore.ObjectStore@27a0e6ce, with PersistenceManager: org.datanucleus.api.jdo.JDOPersistenceManager@2b80497f will be shutdown
2024-04-24T12:35:26,224  INFO [main] metastore.ObjectStore: RawStore: org.apache.hadoop.hive.metastore.ObjectStore@27a0e6ce, with PersistenceManager: org.datanucleus.api.jdo.JDOPersistenceManager@11170228 created in the thread with id: 1
2024-04-24T12:35:26,227  INFO [main] metastore.HMSHandler: HMS server filtering is disabled by configuration
2024-04-24T12:35:26,227  INFO [main] metastore.RetryingMetaStoreClient: RetryingMetaStoreClient proxy=class org.apache.hadoop.hive.ql.metadata.SessionHiveMetaStoreClient ugi=alex (auth:SIMPLE) retries=1 delay=1 lifetime=0
2024-04-24T12:35:26,227  INFO [main] HiveMetaStore.audit: ugi=alex	ip=unknown-ip-addr	cmd=create_database: Database(name:testing, description:null, locationUri:raw:/home/alex/Repositories/hive/streaming/target/tmp/junit3445523375433877295/testing.db, parameters:null, ownerName:alex, ownerType:USER, catalogName:hive, managedLocationUri:pfile:/home/alex/Repositories/hive/streaming/target/warehouse/testing.db, type:NATIVE)	
2024-04-24T12:35:26,234 ERROR [main] metastore.RetryingHMSHandler: MetaException(message:Unable to create database managed directory pfile:/home/alex/Repositories/hive/streaming/target/warehouse/testing.db, failed to create database testing)
	at org.apache.hadoop.hive.metastore.HMSHandler.create_database_core(HMSHandler.java:1366)
	at org.apache.hadoop.hive.metastore.HMSHandler.create_database(HMSHandler.java:1486)
	at sun.reflect.NativeMethodAccessorImpl.invoke0(Native Method)
	at sun.reflect.NativeMethodAccessorImpl.invoke(NativeMethodAccessorImpl.java:62)
	at sun.reflect.DelegatingMethodAccessorImpl.invoke(DelegatingMethodAccessorImpl.java:43)
	at java.lang.reflect.Method.invoke(Method.java:498)
	at org.apache.hadoop.hive.metastore.RetryingHMSHandler.invokeInternal(RetryingHMSHandler.java:147)
	at org.apache.hadoop.hive.metastore.RetryingHMSHandler.invoke(RetryingHMSHandler.java:108)
	at com.sun.proxy.$Proxy38.create_database(Unknown Source)
	at org.apache.hadoop.hive.metastore.HiveMetaStoreClient.createDatabase(HiveMetaStoreClient.java:1151)
	at sun.reflect.NativeMethodAccessorImpl.invoke0(Native Method)
	at sun.reflect.NativeMethodAccessorImpl.invoke(NativeMethodAccessorImpl.java:62)
	at sun.reflect.DelegatingMethodAccessorImpl.invoke(DelegatingMethodAccessorImpl.java:43)
	at java.lang.reflect.Method.invoke(Method.java:498)
	at org.apache.hadoop.hive.metastore.RetryingMetaStoreClient.invoke(RetryingMetaStoreClient.java:218)
	at com.sun.proxy.$Proxy47.createDatabase(Unknown Source)
	at org.apache.hadoop.hive.ql.metadata.Hive.createDatabase(Hive.java:605)
	at org.apache.hadoop.hive.ql.ddl.database.create.CreateDatabaseOperation.execute(CreateDatabaseOperation.java:68)
	at org.apache.hadoop.hive.ql.ddl.DDLTask.execute(DDLTask.java:84)
	at org.apache.hadoop.hive.ql.exec.Task.executeTask(Task.java:212)
	at org.apache.hadoop.hive.ql.exec.TaskRunner.runSequential(TaskRunner.java:105)
	at org.apache.hadoop.hive.ql.Executor.launchTask(Executor.java:361)
	at org.apache.hadoop.hive.ql.Executor.launchTasks(Executor.java:334)
	at org.apache.hadoop.hive.ql.Executor.runTasks(Executor.java:245)
	at org.apache.hadoop.hive.ql.Executor.execute(Executor.java:108)
	at org.apache.hadoop.hive.ql.Driver.execute(Driver.java:348)
	at org.apache.hadoop.hive.ql.Driver.runInternal(Driver.java:204)
	at org.apache.hadoop.hive.ql.Driver.run(Driver.java:153)
	at org.apache.hadoop.hive.ql.Driver.run(Driver.java:148)
	at org.apache.hadoop.hive.ql.reexec.ReExecDriver.run(ReExecDriver.java:164)
	at org.apache.hadoop.hive.ql.reexec.ReExecDriver.run(ReExecDriver.java:230)
	at org.apache.hive.streaming.TestStreamingDynamicPartitioning.runDDL(TestStreamingDynamicPartitioning.java:829)
	at org.apache.hive.streaming.TestStreamingDynamicPartitioning.createDbAndTable(TestStreamingDynamicPartitioning.java:875)
	at org.apache.hive.streaming.TestStreamingDynamicPartitioning.setup(TestStreamingDynamicPartitioning.java:155)
	at sun.reflect.NativeMethodAccessorImpl.invoke0(Native Method)
	at sun.reflect.NativeMethodAccessorImpl.invoke(NativeMethodAccessorImpl.java:62)
	at sun.reflect.DelegatingMethodAccessorImpl.invoke(DelegatingMethodAccessorImpl.java:43)
	at java.lang.reflect.Method.invoke(Method.java:498)
	at org.junit.runners.model.FrameworkMethod$1.runReflectiveCall(FrameworkMethod.java:59)
	at org.junit.internal.runners.model.ReflectiveCallable.run(ReflectiveCallable.java:12)
	at org.junit.runners.model.FrameworkMethod.invokeExplosively(FrameworkMethod.java:56)
	at org.junit.internal.runners.statements.RunBefores.invokeMethod(RunBefores.java:33)
	at org.junit.internal.runners.statements.RunBefores.evaluate(RunBefores.java:24)
	at org.junit.internal.runners.statements.RunAfters.evaluate(RunAfters.java:27)
	at org.junit.rules.ExternalResource$1.evaluate(ExternalResource.java:54)
	at org.junit.runners.ParentRunner$3.evaluate(ParentRunner.java:306)
	at org.junit.runners.BlockJUnit4ClassRunner$1.evaluate(BlockJUnit4ClassRunner.java:100)
	at org.junit.runners.ParentRunner.runLeaf(ParentRunner.java:366)
	at org.junit.runners.BlockJUnit4ClassRunner.runChild(BlockJUnit4ClassRunner.java:103)
	at org.junit.runners.BlockJUnit4ClassRunner.runChild(BlockJUnit4ClassRunner.java:63)
	at org.junit.runners.ParentRunner$4.run(ParentRunner.java:331)
	at org.junit.runners.ParentRunner$1.schedule(ParentRunner.java:79)
	at org.junit.runners.ParentRunner.runChildren(ParentRunner.java:329)
	at org.junit.runners.ParentRunner.access$100(ParentRunner.java:66)
	at org.junit.runners.ParentRunner$2.evaluate(ParentRunner.java:293)
	at org.junit.runners.ParentRunner$3.evaluate(ParentRunner.java:306)
	at org.junit.runners.ParentRunner.run(ParentRunner.java:413)
	at org.junit.runner.JUnitCore.run(JUnitCore.java:137)
	at org.junit.runner.JUnitCore.run(JUnitCore.java:115)
	at org.junit.vintage.engine.execution.RunnerExecutor.execute(RunnerExecutor.java:43)
	at java.util.stream.ForEachOps$ForEachOp$OfRef.accept(ForEachOps.java:183)
	at java.util.stream.ReferencePipeline$3$1.accept(ReferencePipeline.java:193)
	at java.util.Iterator.forEachRemaining(Iterator.java:116)
	at java.util.Spliterators$IteratorSpliterator.forEachRemaining(Spliterators.java:1801)
	at java.util.stream.AbstractPipeline.copyInto(AbstractPipeline.java:482)
	at java.util.stream.AbstractPipeline.wrapAndCopyInto(AbstractPipeline.java:472)
	at java.util.stream.ForEachOps$ForEachOp.evaluateSequential(ForEachOps.java:150)
	at java.util.stream.ForEachOps$ForEachOp$OfRef.evaluateSequential(ForEachOps.java:173)
	at java.util.stream.AbstractPipeline.evaluate(AbstractPipeline.java:234)
	at java.util.stream.ReferencePipeline.forEach(ReferencePipeline.java:485)
	at org.junit.vintage.engine.VintageTestEngine.executeAllChildren(VintageTestEngine.java:82)
	at org.junit.vintage.engine.VintageTestEngine.execute(VintageTestEngine.java:73)
	at org.junit.platform.launcher.core.DefaultLauncher.execute(DefaultLauncher.java:248)
	at org.junit.platform.launcher.core.DefaultLauncher.lambda$execute$5(DefaultLauncher.java:211)
	at org.junit.platform.launcher.core.DefaultLauncher.withInterceptedStreams(DefaultLauncher.java:226)
	at org.junit.platform.launcher.core.DefaultLauncher.execute(DefaultLauncher.java:199)
	at org.junit.platform.launcher.core.DefaultLauncher.execute(DefaultLauncher.java:132)
	at org.apache.maven.surefire.junitplatform.JUnitPlatformProvider.invokeAllTests(JUnitPlatformProvider.java:154)
	at org.apache.maven.surefire.junitplatform.JUnitPlatformProvider.invoke(JUnitPlatformProvider.java:123)
	at org.apache.maven.surefire.booter.ForkedBooter.runSuitesInProcess(ForkedBooter.java:377)
	at org.apache.maven.surefire.booter.ForkedBooter.execute(ForkedBooter.java:138)
	at org.apache.maven.surefire.booter.ForkedBooter.run(ForkedBooter.java:465)
	at org.apache.maven.surefire.booter.ForkedBooter.main(ForkedBooter.java:451)

2024-04-24T12:35:26,234 ERROR [main] exec.Task: Failed
org.apache.hadoop.hive.ql.metadata.HiveException: MetaException(message:Unable to create database managed directory pfile:/home/alex/Repositories/hive/streaming/target/warehouse/testing.db, failed to create database testing)
	at org.apache.hadoop.hive.ql.metadata.Hive.createDatabase(Hive.java:611) ~[classes/:?]
	at org.apache.hadoop.hive.ql.ddl.database.create.CreateDatabaseOperation.execute(CreateDatabaseOperation.java:68) ~[classes/:?]
	at org.apache.hadoop.hive.ql.ddl.DDLTask.execute(DDLTask.java:84) ~[classes/:?]
	at org.apache.hadoop.hive.ql.exec.Task.executeTask(Task.java:212) ~[classes/:?]
	at org.apache.hadoop.hive.ql.exec.TaskRunner.runSequential(TaskRunner.java:105) ~[classes/:?]
	at org.apache.hadoop.hive.ql.Executor.launchTask(Executor.java:361) ~[classes/:?]
	at org.apache.hadoop.hive.ql.Executor.launchTasks(Executor.java:334) ~[classes/:?]
	at org.apache.hadoop.hive.ql.Executor.runTasks(Executor.java:245) ~[classes/:?]
	at org.apache.hadoop.hive.ql.Executor.execute(Executor.java:108) ~[classes/:?]
	at org.apache.hadoop.hive.ql.Driver.execute(Driver.java:348) ~[classes/:?]
	at org.apache.hadoop.hive.ql.Driver.runInternal(Driver.java:204) ~[classes/:?]
	at org.apache.hadoop.hive.ql.Driver.run(Driver.java:153) ~[classes/:?]
	at org.apache.hadoop.hive.ql.Driver.run(Driver.java:148) ~[classes/:?]
	at org.apache.hadoop.hive.ql.reexec.ReExecDriver.run(ReExecDriver.java:164) ~[classes/:?]
	at org.apache.hadoop.hive.ql.reexec.ReExecDriver.run(ReExecDriver.java:230) ~[classes/:?]
	at org.apache.hive.streaming.TestStreamingDynamicPartitioning.runDDL(TestStreamingDynamicPartitioning.java:829) ~[test-classes/:?]
	at org.apache.hive.streaming.TestStreamingDynamicPartitioning.createDbAndTable(TestStreamingDynamicPartitioning.java:875) ~[test-classes/:?]
	at org.apache.hive.streaming.TestStreamingDynamicPartitioning.setup(TestStreamingDynamicPartitioning.java:155) ~[test-classes/:?]
	at sun.reflect.NativeMethodAccessorImpl.invoke0(Native Method) ~[?:1.8.0_402]
	at sun.reflect.NativeMethodAccessorImpl.invoke(NativeMethodAccessorImpl.java:62) ~[?:1.8.0_402]
	at sun.reflect.DelegatingMethodAccessorImpl.invoke(DelegatingMethodAccessorImpl.java:43) ~[?:1.8.0_402]
	at java.lang.reflect.Method.invoke(Method.java:498) ~[?:1.8.0_402]
	at org.junit.runners.model.FrameworkMethod$1.runReflectiveCall(FrameworkMethod.java:59) ~[junit-4.13.jar:4.13]
	at org.junit.internal.runners.model.ReflectiveCallable.run(ReflectiveCallable.java:12) ~[junit-4.13.jar:4.13]
	at org.junit.runners.model.FrameworkMethod.invokeExplosively(FrameworkMethod.java:56) ~[junit-4.13.jar:4.13]
	at org.junit.internal.runners.statements.RunBefores.invokeMethod(RunBefores.java:33) ~[junit-4.13.jar:4.13]
	at org.junit.internal.runners.statements.RunBefores.evaluate(RunBefores.java:24) ~[junit-4.13.jar:4.13]
	at org.junit.internal.runners.statements.RunAfters.evaluate(RunAfters.java:27) ~[junit-4.13.jar:4.13]
	at org.junit.rules.ExternalResource$1.evaluate(ExternalResource.java:54) ~[junit-4.13.jar:4.13]
	at org.junit.runners.ParentRunner$3.evaluate(ParentRunner.java:306) ~[junit-4.13.jar:4.13]
	at org.junit.runners.BlockJUnit4ClassRunner$1.evaluate(BlockJUnit4ClassRunner.java:100) ~[junit-4.13.jar:4.13]
	at org.junit.runners.ParentRunner.runLeaf(ParentRunner.java:366) ~[junit-4.13.jar:4.13]
	at org.junit.runners.BlockJUnit4ClassRunner.runChild(BlockJUnit4ClassRunner.java:103) ~[junit-4.13.jar:4.13]
	at org.junit.runners.BlockJUnit4ClassRunner.runChild(BlockJUnit4ClassRunner.java:63) ~[junit-4.13.jar:4.13]
	at org.junit.runners.ParentRunner$4.run(ParentRunner.java:331) ~[junit-4.13.jar:4.13]
	at org.junit.runners.ParentRunner$1.schedule(ParentRunner.java:79) ~[junit-4.13.jar:4.13]
	at org.junit.runners.ParentRunner.runChildren(ParentRunner.java:329) ~[junit-4.13.jar:4.13]
	at org.junit.runners.ParentRunner.access$100(ParentRunner.java:66) ~[junit-4.13.jar:4.13]
	at org.junit.runners.ParentRunner$2.evaluate(ParentRunner.java:293) ~[junit-4.13.jar:4.13]
	at org.junit.runners.ParentRunner$3.evaluate(ParentRunner.java:306) ~[junit-4.13.jar:4.13]
	at org.junit.runners.ParentRunner.run(ParentRunner.java:413) ~[junit-4.13.jar:4.13]
	at org.junit.runner.JUnitCore.run(JUnitCore.java:137) ~[junit-4.13.jar:4.13]
	at org.junit.runner.JUnitCore.run(JUnitCore.java:115) ~[junit-4.13.jar:4.13]
	at org.junit.vintage.engine.execution.RunnerExecutor.execute(RunnerExecutor.java:43) ~[junit-vintage-engine-5.6.2.jar:5.6.2]
	at java.util.stream.ForEachOps$ForEachOp$OfRef.accept(ForEachOps.java:183) ~[?:1.8.0_402]
	at java.util.stream.ReferencePipeline$3$1.accept(ReferencePipeline.java:193) ~[?:1.8.0_402]
	at java.util.Iterator.forEachRemaining(Iterator.java:116) ~[?:1.8.0_402]
	at java.util.Spliterators$IteratorSpliterator.forEachRemaining(Spliterators.java:1801) ~[?:1.8.0_402]
	at java.util.stream.AbstractPipeline.copyInto(AbstractPipeline.java:482) ~[?:1.8.0_402]
	at java.util.stream.AbstractPipeline.wrapAndCopyInto(AbstractPipeline.java:472) ~[?:1.8.0_402]
	at java.util.stream.ForEachOps$ForEachOp.evaluateSequential(ForEachOps.java:150) ~[?:1.8.0_402]
	at java.util.stream.ForEachOps$ForEachOp$OfRef.evaluateSequential(ForEachOps.java:173) ~[?:1.8.0_402]
	at java.util.stream.AbstractPipeline.evaluate(AbstractPipeline.java:234) ~[?:1.8.0_402]
	at java.util.stream.ReferencePipeline.forEach(ReferencePipeline.java:485) ~[?:1.8.0_402]
	at org.junit.vintage.engine.VintageTestEngine.executeAllChildren(VintageTestEngine.java:82) ~[junit-vintage-engine-5.6.2.jar:5.6.2]
	at org.junit.vintage.engine.VintageTestEngine.execute(VintageTestEngine.java:73) ~[junit-vintage-engine-5.6.2.jar:5.6.2]
	at org.junit.platform.launcher.core.DefaultLauncher.execute(DefaultLauncher.java:248) ~[junit-platform-launcher-1.6.2.jar:1.6.2]
	at org.junit.platform.launcher.core.DefaultLauncher.lambda$execute$5(DefaultLauncher.java:211) ~[junit-platform-launcher-1.6.2.jar:1.6.2]
	at org.junit.platform.launcher.core.DefaultLauncher.withInterceptedStreams(DefaultLauncher.java:226) [junit-platform-launcher-1.6.2.jar:1.6.2]
	at org.junit.platform.launcher.core.DefaultLauncher.execute(DefaultLauncher.java:199) [junit-platform-launcher-1.6.2.jar:1.6.2]
	at org.junit.platform.launcher.core.DefaultLauncher.execute(DefaultLauncher.java:132) [junit-platform-launcher-1.6.2.jar:1.6.2]
	at org.apache.maven.surefire.junitplatform.JUnitPlatformProvider.invokeAllTests(JUnitPlatformProvider.java:154) [surefire-junit-platform-3.0.0-M4.jar:3.0.0-M4]
	at org.apache.maven.surefire.junitplatform.JUnitPlatformProvider.invoke(JUnitPlatformProvider.java:123) [surefire-junit-platform-3.0.0-M4.jar:3.0.0-M4]
	at org.apache.maven.surefire.booter.ForkedBooter.runSuitesInProcess(ForkedBooter.java:377) [surefire-booter-3.0.0-M4.jar:3.0.0-M4]
	at org.apache.maven.surefire.booter.ForkedBooter.execute(ForkedBooter.java:138) [surefire-booter-3.0.0-M4.jar:3.0.0-M4]
	at org.apache.maven.surefire.booter.ForkedBooter.run(ForkedBooter.java:465) [surefire-booter-3.0.0-M4.jar:3.0.0-M4]
	at org.apache.maven.surefire.booter.ForkedBooter.main(ForkedBooter.java:451) [surefire-booter-3.0.0-M4.jar:3.0.0-M4]
Caused by: org.apache.hadoop.hive.metastore.api.MetaException: Unable to create database managed directory pfile:/home/alex/Repositories/hive/streaming/target/warehouse/testing.db, failed to create database testing
	at org.apache.hadoop.hive.metastore.HMSHandler.create_database_core(HMSHandler.java:1366) ~[classes/:?]
	at org.apache.hadoop.hive.metastore.HMSHandler.create_database(HMSHandler.java:1486) ~[classes/:?]
	at sun.reflect.NativeMethodAccessorImpl.invoke0(Native Method) ~[?:1.8.0_402]
	at sun.reflect.NativeMethodAccessorImpl.invoke(NativeMethodAccessorImpl.java:62) ~[?:1.8.0_402]
	at sun.reflect.DelegatingMethodAccessorImpl.invoke(DelegatingMethodAccessorImpl.java:43) ~[?:1.8.0_402]
	at java.lang.reflect.Method.invoke(Method.java:498) ~[?:1.8.0_402]
	at org.apache.hadoop.hive.metastore.RetryingHMSHandler.invokeInternal(RetryingHMSHandler.java:147) ~[classes/:?]
	at org.apache.hadoop.hive.metastore.RetryingHMSHandler.invoke(RetryingHMSHandler.java:108) ~[classes/:?]
	at com.sun.proxy.$Proxy38.create_database(Unknown Source) ~[?:?]
	at org.apache.hadoop.hive.metastore.HiveMetaStoreClient.createDatabase(HiveMetaStoreClient.java:1151) ~[classes/:?]
	at sun.reflect.NativeMethodAccessorImpl.invoke0(Native Method) ~[?:1.8.0_402]
	at sun.reflect.NativeMethodAccessorImpl.invoke(NativeMethodAccessorImpl.java:62) ~[?:1.8.0_402]
	at sun.reflect.DelegatingMethodAccessorImpl.invoke(DelegatingMethodAccessorImpl.java:43) ~[?:1.8.0_402]
	at java.lang.reflect.Method.invoke(Method.java:498) ~[?:1.8.0_402]
	at org.apache.hadoop.hive.metastore.RetryingMetaStoreClient.invoke(RetryingMetaStoreClient.java:218) ~[classes/:?]
	at com.sun.proxy.$Proxy47.createDatabase(Unknown Source) ~[?:?]
	at org.apache.hadoop.hive.ql.metadata.Hive.createDatabase(Hive.java:605) ~[classes/:?]
	... 66 more
2024-04-24T12:35:26,235 ERROR [main] exec.Task: DDLTask failed, DDL Operation: class org.apache.hadoop.hive.ql.ddl.database.create.CreateDatabaseOperation
org.apache.hadoop.hive.ql.metadata.HiveException: MetaException(message:Unable to create database managed directory pfile:/home/alex/Repositories/hive/streaming/target/warehouse/testing.db, failed to create database testing)
	at org.apache.hadoop.hive.ql.metadata.Hive.createDatabase(Hive.java:611) ~[classes/:?]
	at org.apache.hadoop.hive.ql.ddl.database.create.CreateDatabaseOperation.execute(CreateDatabaseOperation.java:68) ~[classes/:?]
	at org.apache.hadoop.hive.ql.ddl.DDLTask.execute(DDLTask.java:84) ~[classes/:?]
	at org.apache.hadoop.hive.ql.exec.Task.executeTask(Task.java:212) ~[classes/:?]
	at org.apache.hadoop.hive.ql.exec.TaskRunner.runSequential(TaskRunner.java:105) ~[classes/:?]
	at org.apache.hadoop.hive.ql.Executor.launchTask(Executor.java:361) ~[classes/:?]
	at org.apache.hadoop.hive.ql.Executor.launchTasks(Executor.java:334) ~[classes/:?]
	at org.apache.hadoop.hive.ql.Executor.runTasks(Executor.java:245) ~[classes/:?]
	at org.apache.hadoop.hive.ql.Executor.execute(Executor.java:108) ~[classes/:?]
	at org.apache.hadoop.hive.ql.Driver.execute(Driver.java:348) ~[classes/:?]
	at org.apache.hadoop.hive.ql.Driver.runInternal(Driver.java:204) ~[classes/:?]
	at org.apache.hadoop.hive.ql.Driver.run(Driver.java:153) ~[classes/:?]
	at org.apache.hadoop.hive.ql.Driver.run(Driver.java:148) ~[classes/:?]
	at org.apache.hadoop.hive.ql.reexec.ReExecDriver.run(ReExecDriver.java:164) ~[classes/:?]
	at org.apache.hadoop.hive.ql.reexec.ReExecDriver.run(ReExecDriver.java:230) ~[classes/:?]
	at org.apache.hive.streaming.TestStreamingDynamicPartitioning.runDDL(TestStreamingDynamicPartitioning.java:829) ~[test-classes/:?]
	at org.apache.hive.streaming.TestStreamingDynamicPartitioning.createDbAndTable(TestStreamingDynamicPartitioning.java:875) ~[test-classes/:?]
	at org.apache.hive.streaming.TestStreamingDynamicPartitioning.setup(TestStreamingDynamicPartitioning.java:155) ~[test-classes/:?]
	at sun.reflect.NativeMethodAccessorImpl.invoke0(Native Method) ~[?:1.8.0_402]
	at sun.reflect.NativeMethodAccessorImpl.invoke(NativeMethodAccessorImpl.java:62) ~[?:1.8.0_402]
	at sun.reflect.DelegatingMethodAccessorImpl.invoke(DelegatingMethodAccessorImpl.java:43) ~[?:1.8.0_402]
	at java.lang.reflect.Method.invoke(Method.java:498) ~[?:1.8.0_402]
	at org.junit.runners.model.FrameworkMethod$1.runReflectiveCall(FrameworkMethod.java:59) ~[junit-4.13.jar:4.13]
	at org.junit.internal.runners.model.ReflectiveCallable.run(ReflectiveCallable.java:12) ~[junit-4.13.jar:4.13]
	at org.junit.runners.model.FrameworkMethod.invokeExplosively(FrameworkMethod.java:56) ~[junit-4.13.jar:4.13]
	at org.junit.internal.runners.statements.RunBefores.invokeMethod(RunBefores.java:33) ~[junit-4.13.jar:4.13]
	at org.junit.internal.runners.statements.RunBefores.evaluate(RunBefores.java:24) ~[junit-4.13.jar:4.13]
	at org.junit.internal.runners.statements.RunAfters.evaluate(RunAfters.java:27) ~[junit-4.13.jar:4.13]
	at org.junit.rules.ExternalResource$1.evaluate(ExternalResource.java:54) ~[junit-4.13.jar:4.13]
	at org.junit.runners.ParentRunner$3.evaluate(ParentRunner.java:306) ~[junit-4.13.jar:4.13]
	at org.junit.runners.BlockJUnit4ClassRunner$1.evaluate(BlockJUnit4ClassRunner.java:100) ~[junit-4.13.jar:4.13]
	at org.junit.runners.ParentRunner.runLeaf(ParentRunner.java:366) ~[junit-4.13.jar:4.13]
	at org.junit.runners.BlockJUnit4ClassRunner.runChild(BlockJUnit4ClassRunner.java:103) ~[junit-4.13.jar:4.13]
	at org.junit.runners.BlockJUnit4ClassRunner.runChild(BlockJUnit4ClassRunner.java:63) ~[junit-4.13.jar:4.13]
	at org.junit.runners.ParentRunner$4.run(ParentRunner.java:331) ~[junit-4.13.jar:4.13]
	at org.junit.runners.ParentRunner$1.schedule(ParentRunner.java:79) ~[junit-4.13.jar:4.13]
	at org.junit.runners.ParentRunner.runChildren(ParentRunner.java:329) ~[junit-4.13.jar:4.13]
	at org.junit.runners.ParentRunner.access$100(ParentRunner.java:66) ~[junit-4.13.jar:4.13]
	at org.junit.runners.ParentRunner$2.evaluate(ParentRunner.java:293) ~[junit-4.13.jar:4.13]
	at org.junit.runners.ParentRunner$3.evaluate(ParentRunner.java:306) ~[junit-4.13.jar:4.13]
	at org.junit.runners.ParentRunner.run(ParentRunner.java:413) ~[junit-4.13.jar:4.13]
	at org.junit.runner.JUnitCore.run(JUnitCore.java:137) ~[junit-4.13.jar:4.13]
	at org.junit.runner.JUnitCore.run(JUnitCore.java:115) ~[junit-4.13.jar:4.13]
	at org.junit.vintage.engine.execution.RunnerExecutor.execute(RunnerExecutor.java:43) ~[junit-vintage-engine-5.6.2.jar:5.6.2]
	at java.util.stream.ForEachOps$ForEachOp$OfRef.accept(ForEachOps.java:183) ~[?:1.8.0_402]
	at java.util.stream.ReferencePipeline$3$1.accept(ReferencePipeline.java:193) ~[?:1.8.0_402]
	at java.util.Iterator.forEachRemaining(Iterator.java:116) ~[?:1.8.0_402]
	at java.util.Spliterators$IteratorSpliterator.forEachRemaining(Spliterators.java:1801) ~[?:1.8.0_402]
	at java.util.stream.AbstractPipeline.copyInto(AbstractPipeline.java:482) ~[?:1.8.0_402]
	at java.util.stream.AbstractPipeline.wrapAndCopyInto(AbstractPipeline.java:472) ~[?:1.8.0_402]
	at java.util.stream.ForEachOps$ForEachOp.evaluateSequential(ForEachOps.java:150) ~[?:1.8.0_402]
	at java.util.stream.ForEachOps$ForEachOp$OfRef.evaluateSequential(ForEachOps.java:173) ~[?:1.8.0_402]
	at java.util.stream.AbstractPipeline.evaluate(AbstractPipeline.java:234) ~[?:1.8.0_402]
	at java.util.stream.ReferencePipeline.forEach(ReferencePipeline.java:485) ~[?:1.8.0_402]
	at org.junit.vintage.engine.VintageTestEngine.executeAllChildren(VintageTestEngine.java:82) ~[junit-vintage-engine-5.6.2.jar:5.6.2]
	at org.junit.vintage.engine.VintageTestEngine.execute(VintageTestEngine.java:73) ~[junit-vintage-engine-5.6.2.jar:5.6.2]
	at org.junit.platform.launcher.core.DefaultLauncher.execute(DefaultLauncher.java:248) ~[junit-platform-launcher-1.6.2.jar:1.6.2]
	at org.junit.platform.launcher.core.DefaultLauncher.lambda$execute$5(DefaultLauncher.java:211) ~[junit-platform-launcher-1.6.2.jar:1.6.2]
	at org.junit.platform.launcher.core.DefaultLauncher.withInterceptedStreams(DefaultLauncher.java:226) [junit-platform-launcher-1.6.2.jar:1.6.2]
	at org.junit.platform.launcher.core.DefaultLauncher.execute(DefaultLauncher.java:199) [junit-platform-launcher-1.6.2.jar:1.6.2]
	at org.junit.platform.launcher.core.DefaultLauncher.execute(DefaultLauncher.java:132) [junit-platform-launcher-1.6.2.jar:1.6.2]
	at org.apache.maven.surefire.junitplatform.JUnitPlatformProvider.invokeAllTests(JUnitPlatformProvider.java:154) [surefire-junit-platform-3.0.0-M4.jar:3.0.0-M4]
	at org.apache.maven.surefire.junitplatform.JUnitPlatformProvider.invoke(JUnitPlatformProvider.java:123) [surefire-junit-platform-3.0.0-M4.jar:3.0.0-M4]
	at org.apache.maven.surefire.booter.ForkedBooter.runSuitesInProcess(ForkedBooter.java:377) [surefire-booter-3.0.0-M4.jar:3.0.0-M4]
	at org.apache.maven.surefire.booter.ForkedBooter.execute(ForkedBooter.java:138) [surefire-booter-3.0.0-M4.jar:3.0.0-M4]
	at org.apache.maven.surefire.booter.ForkedBooter.run(ForkedBooter.java:465) [surefire-booter-3.0.0-M4.jar:3.0.0-M4]
	at org.apache.maven.surefire.booter.ForkedBooter.main(ForkedBooter.java:451) [surefire-booter-3.0.0-M4.jar:3.0.0-M4]
Caused by: org.apache.hadoop.hive.metastore.api.MetaException: Unable to create database managed directory pfile:/home/alex/Repositories/hive/streaming/target/warehouse/testing.db, failed to create database testing
	at org.apache.hadoop.hive.metastore.HMSHandler.create_database_core(HMSHandler.java:1366) ~[classes/:?]
	at org.apache.hadoop.hive.metastore.HMSHandler.create_database(HMSHandler.java:1486) ~[classes/:?]
	at sun.reflect.NativeMethodAccessorImpl.invoke0(Native Method) ~[?:1.8.0_402]
	at sun.reflect.NativeMethodAccessorImpl.invoke(NativeMethodAccessorImpl.java:62) ~[?:1.8.0_402]
	at sun.reflect.DelegatingMethodAccessorImpl.invoke(DelegatingMethodAccessorImpl.java:43) ~[?:1.8.0_402]
	at java.lang.reflect.Method.invoke(Method.java:498) ~[?:1.8.0_402]
	at org.apache.hadoop.hive.metastore.RetryingHMSHandler.invokeInternal(RetryingHMSHandler.java:147) ~[classes/:?]
	at org.apache.hadoop.hive.metastore.RetryingHMSHandler.invoke(RetryingHMSHandler.java:108) ~[classes/:?]
	at com.sun.proxy.$Proxy38.create_database(Unknown Source) ~[?:?]
	at org.apache.hadoop.hive.metastore.HiveMetaStoreClient.createDatabase(HiveMetaStoreClient.java:1151) ~[classes/:?]
	at sun.reflect.NativeMethodAccessorImpl.invoke0(Native Method) ~[?:1.8.0_402]
	at sun.reflect.NativeMethodAccessorImpl.invoke(NativeMethodAccessorImpl.java:62) ~[?:1.8.0_402]
	at sun.reflect.DelegatingMethodAccessorImpl.invoke(DelegatingMethodAccessorImpl.java:43) ~[?:1.8.0_402]
	at java.lang.reflect.Method.invoke(Method.java:498) ~[?:1.8.0_402]
	at org.apache.hadoop.hive.metastore.RetryingMetaStoreClient.invoke(RetryingMetaStoreClient.java:218) ~[classes/:?]
	at com.sun.proxy.$Proxy47.createDatabase(Unknown Source) ~[?:?]
	at org.apache.hadoop.hive.ql.metadata.Hive.createDatabase(Hive.java:605) ~[classes/:?]
	... 66 more
2024-04-24T12:35:26,235  INFO [main] reexec.ReOptimizePlugin: ReOptimization: retryPossible: false
2024-04-24T12:35:26,235  INFO [main] reexec.ReExecuteLostAMQueryPlugin: Got exception message: MetaException(message:Unable to create database managed directory pfile:/home/alex/Repositories/hive/streaming/target/warehouse/testing.db, failed to create database testing) retryPossible: false
2024-04-24T12:35:26,236  INFO [main] reexec.ReExecutionDagSubmitPlugin: Got exception message: MetaException(message:Unable to create database managed directory pfile:/home/alex/Repositories/hive/streaming/target/warehouse/testing.db, failed to create database testing) retryPossible: false
FAILED: Execution Error, return code 40000 from org.apache.hadoop.hive.ql.ddl.DDLTask. MetaException(message:Unable to create database managed directory pfile:/home/alex/Repositories/hive/streaming/target/warehouse/testing.db, failed to create database testing)
2024-04-24T12:35:26,236 ERROR [main] ql.Driver: FAILED: Execution Error, return code 40000 from org.apache.hadoop.hive.ql.ddl.DDLTask. MetaException(message:Unable to create database managed directory pfile:/home/alex/Repositories/hive/streaming/target/warehouse/testing.db, failed to create database testing)
2024-04-24T12:35:26,236  INFO [main] metadata.Hive: Dumping metastore api call timing information for : execution phase
2024-04-24T12:35:26,236  INFO [main] metadata.Hive: Total time spent in each metastore function (ms): {}
2024-04-24T12:35:26,236  INFO [main] ql.Driver: Completed executing command(queryId=alex_20240424123526_736d878a-9e42-4cd9-b3dd-ece6b4ddaa63); Time taken: 0.022 seconds
2024-04-24T12:35:26,236  INFO [main] lockmgr.DbTxnManager: Stopped heartbeat for query: alex_20240424123526_736d878a-9e42-4cd9-b3dd-ece6b4ddaa63
2024-04-24T12:35:26,236  INFO [main] metastore.HiveMetaStoreClient: Mestastore configuration metastore.filter.hook changed from org.apache.hadoop.hive.ql.security.authorization.plugin.AuthorizationMetaStoreFilterHook to org.apache.hadoop.hive.metastore.DefaultMetaStoreFilterHookImpl
2024-04-24T12:35:26,236  INFO [main] HiveMetaStore.audit: ugi=alex	ip=unknown-ip-addr	cmd=Cleaning up thread local RawStore...	
2024-04-24T12:35:26,236  INFO [main] metastore.ObjectStore: RawStore: org.apache.hadoop.hive.metastore.ObjectStore@27a0e6ce, with PersistenceManager: org.datanucleus.api.jdo.JDOPersistenceManager@11170228 will be shutdown
2024-04-24T12:35:26,236  INFO [main] HiveMetaStore.audit: ugi=alex	ip=unknown-ip-addr	cmd=Done cleaning up thread local RawStore	
2024-04-24T12:35:26,236  INFO [main] metastore.HiveMetaStoreClient: Closed a connection to metastore, current connections: -8
2024-04-24T12:35:26,237  INFO [main] metastore.HiveMetaStoreClient: HMS client filtering is enabled.
2024-04-24T12:35:26,238  INFO [main] metastore.HMSHandler: 0: Opening raw store with implementation class:org.apache.hadoop.hive.metastore.ObjectStore
2024-04-24T12:35:26,238  INFO [main] metastore.PersistenceManagerProvider: Configuration datanucleus.autoStartMechanismMode is not set. Defaulting to 'ignored'
2024-04-24T12:35:26,238  INFO [main] metastore.ObjectStore: RawStore: org.apache.hadoop.hive.metastore.ObjectStore@85cd413, with PersistenceManager: null will be shutdown
2024-04-24T12:35:26,238  INFO [main] metastore.ObjectStore: RawStore: org.apache.hadoop.hive.metastore.ObjectStore@85cd413, with PersistenceManager: org.datanucleus.api.jdo.JDOPersistenceManager@688d2a5d created in the thread with id: 1
2024-04-24T12:35:26,241  INFO [main] metastore.HMSHandler: Created RawStore: org.apache.hadoop.hive.metastore.ObjectStore@85cd413 from thread id: 1
2024-04-24T12:35:26,241  INFO [main] metastore.HMSHandler: HMS server filtering is disabled by configuration
2024-04-24T12:35:26,241  INFO [main] metastore.RetryingMetaStoreClient: RetryingMetaStoreClient proxy=class org.apache.hadoop.hive.ql.metadata.SessionHiveMetaStoreClient ugi=alex (auth:SIMPLE) retries=1 delay=1 lifetime=0
2024-04-24T12:35:26,244  INFO [main] txn.TxnHandler: Removed transactions: ([1]) from MIN_HISTORY_LEVEL
2024-04-24T12:35:26,247 ERROR [main] streaming.TestStreamingDynamicPartitioning: Statement: create database IF NOT EXISTS testing location 'raw:///home/alex/Repositories/hive/streaming/target/tmp/junit3445523375433877295/testing.db' failed: (responseCode = 40000, errorMessage = FAILED: Execution Error, return code 40000 from org.apache.hadoop.hive.ql.ddl.DDLTask. MetaException(message:Unable to create database managed directory pfile:/home/alex/Repositories/hive/streaming/target/warehouse/testing.db, failed to create database testing), hiveErrorCode = 40000, SQLState = 08S01, exception = MetaException(message:Unable to create database managed directory pfile:/home/alex/Repositories/hive/streaming/target/warehouse/testing.db, failed to create database testing))
2024-04-24T12:35:26,247  INFO [main] ql.Driver: Compiling command(queryId=alex_20240424123526_736d878a-9e42-4cd9-b3dd-ece6b4ddaa63): use testing
2024-04-24T12:35:26,248  INFO [main] HiveMetaStore.audit: ugi=alex	ip=unknown-ip-addr	cmd=get_database: testing	
FAILED: SemanticException [Error 10072]: Database does not exist: testing
2024-04-24T12:35:26,249 ERROR [main] ql.Driver: FAILED: SemanticException [Error 10072]: Database does not exist: testing
org.apache.hadoop.hive.ql.parse.SemanticException: Database does not exist: testing
	at org.apache.hadoop.hive.ql.parse.BaseSemanticAnalyzer.getDatabase(BaseSemanticAnalyzer.java:1812)
	at org.apache.hadoop.hive.ql.ddl.database.use.SwitchDatabaseAnalyzer.analyzeInternal(SwitchDatabaseAnalyzer.java:45)
	at org.apache.hadoop.hive.ql.parse.BaseSemanticAnalyzer.analyze(BaseSemanticAnalyzer.java:317)
	at org.apache.hadoop.hive.ql.Compiler.analyze(Compiler.java:223)
	at org.apache.hadoop.hive.ql.Compiler.compile(Compiler.java:105)
	at org.apache.hadoop.hive.ql.Driver.compile(Driver.java:500)
	at org.apache.hadoop.hive.ql.Driver.compileInternal(Driver.java:453)
	at org.apache.hadoop.hive.ql.Driver.compileAndRespond(Driver.java:417)
	at org.apache.hadoop.hive.ql.Driver.compileAndRespond(Driver.java:411)
	at org.apache.hadoop.hive.ql.reexec.ReExecDriver.compileAndRespond(ReExecDriver.java:125)
	at org.apache.hadoop.hive.ql.reexec.ReExecDriver.run(ReExecDriver.java:229)
	at org.apache.hive.streaming.TestStreamingDynamicPartitioning.runDDL(TestStreamingDynamicPartitioning.java:829)
	at org.apache.hive.streaming.TestStreamingDynamicPartitioning.createDbAndTable(TestStreamingDynamicPartitioning.java:876)
	at org.apache.hive.streaming.TestStreamingDynamicPartitioning.setup(TestStreamingDynamicPartitioning.java:155)
	at sun.reflect.NativeMethodAccessorImpl.invoke0(Native Method)
	at sun.reflect.NativeMethodAccessorImpl.invoke(NativeMethodAccessorImpl.java:62)
	at sun.reflect.DelegatingMethodAccessorImpl.invoke(DelegatingMethodAccessorImpl.java:43)
	at java.lang.reflect.Method.invoke(Method.java:498)
	at org.junit.runners.model.FrameworkMethod$1.runReflectiveCall(FrameworkMethod.java:59)
	at org.junit.internal.runners.model.ReflectiveCallable.run(ReflectiveCallable.java:12)
	at org.junit.runners.model.FrameworkMethod.invokeExplosively(FrameworkMethod.java:56)
	at org.junit.internal.runners.statements.RunBefores.invokeMethod(RunBefores.java:33)
	at org.junit.internal.runners.statements.RunBefores.evaluate(RunBefores.java:24)
	at org.junit.internal.runners.statements.RunAfters.evaluate(RunAfters.java:27)
	at org.junit.rules.ExternalResource$1.evaluate(ExternalResource.java:54)
	at org.junit.runners.ParentRunner$3.evaluate(ParentRunner.java:306)
	at org.junit.runners.BlockJUnit4ClassRunner$1.evaluate(BlockJUnit4ClassRunner.java:100)
	at org.junit.runners.ParentRunner.runLeaf(ParentRunner.java:366)
	at org.junit.runners.BlockJUnit4ClassRunner.runChild(BlockJUnit4ClassRunner.java:103)
	at org.junit.runners.BlockJUnit4ClassRunner.runChild(BlockJUnit4ClassRunner.java:63)
	at org.junit.runners.ParentRunner$4.run(ParentRunner.java:331)
	at org.junit.runners.ParentRunner$1.schedule(ParentRunner.java:79)
	at org.junit.runners.ParentRunner.runChildren(ParentRunner.java:329)
	at org.junit.runners.ParentRunner.access$100(ParentRunner.java:66)
	at org.junit.runners.ParentRunner$2.evaluate(ParentRunner.java:293)
	at org.junit.runners.ParentRunner$3.evaluate(ParentRunner.java:306)
	at org.junit.runners.ParentRunner.run(ParentRunner.java:413)
	at org.junit.runner.JUnitCore.run(JUnitCore.java:137)
	at org.junit.runner.JUnitCore.run(JUnitCore.java:115)
	at org.junit.vintage.engine.execution.RunnerExecutor.execute(RunnerExecutor.java:43)
	at java.util.stream.ForEachOps$ForEachOp$OfRef.accept(ForEachOps.java:183)
	at java.util.stream.ReferencePipeline$3$1.accept(ReferencePipeline.java:193)
	at java.util.Iterator.forEachRemaining(Iterator.java:116)
	at java.util.Spliterators$IteratorSpliterator.forEachRemaining(Spliterators.java:1801)
	at java.util.stream.AbstractPipeline.copyInto(AbstractPipeline.java:482)
	at java.util.stream.AbstractPipeline.wrapAndCopyInto(AbstractPipeline.java:472)
	at java.util.stream.ForEachOps$ForEachOp.evaluateSequential(ForEachOps.java:150)
	at java.util.stream.ForEachOps$ForEachOp$OfRef.evaluateSequential(ForEachOps.java:173)
	at java.util.stream.AbstractPipeline.evaluate(AbstractPipeline.java:234)
	at java.util.stream.ReferencePipeline.forEach(ReferencePipeline.java:485)
	at org.junit.vintage.engine.VintageTestEngine.executeAllChildren(VintageTestEngine.java:82)
	at org.junit.vintage.engine.VintageTestEngine.execute(VintageTestEngine.java:73)
	at org.junit.platform.launcher.core.DefaultLauncher.execute(DefaultLauncher.java:248)
	at org.junit.platform.launcher.core.DefaultLauncher.lambda$execute$5(DefaultLauncher.java:211)
	at org.junit.platform.launcher.core.DefaultLauncher.withInterceptedStreams(DefaultLauncher.java:226)
	at org.junit.platform.launcher.core.DefaultLauncher.execute(DefaultLauncher.java:199)
	at org.junit.platform.launcher.core.DefaultLauncher.execute(DefaultLauncher.java:132)
	at org.apache.maven.surefire.junitplatform.JUnitPlatformProvider.invokeAllTests(JUnitPlatformProvider.java:154)
	at org.apache.maven.surefire.junitplatform.JUnitPlatformProvider.invoke(JUnitPlatformProvider.java:123)
	at org.apache.maven.surefire.booter.ForkedBooter.runSuitesInProcess(ForkedBooter.java:377)
	at org.apache.maven.surefire.booter.ForkedBooter.execute(ForkedBooter.java:138)
	at org.apache.maven.surefire.booter.ForkedBooter.run(ForkedBooter.java:465)
	at org.apache.maven.surefire.booter.ForkedBooter.main(ForkedBooter.java:451)

2024-04-24T12:35:26,250  INFO [main] metadata.Hive: Dumping metastore api call timing information for : compilation phase
2024-04-24T12:35:26,250  INFO [main] metadata.Hive: Total time spent in each metastore function (ms): {isCompatibleWith_(Configuration)=0, flushCache_()=0, rollbackTxn_(long)=6}
2024-04-24T12:35:26,250  INFO [main] ql.Driver: Completed compiling command(queryId=alex_20240424123526_736d878a-9e42-4cd9-b3dd-ece6b4ddaa63); Time taken: 0.003 seconds
2024-04-24T12:35:26,250  INFO [main] lockmgr.DbLockManager: releaseLocks: []
2024-04-24T12:35:26,250 ERROR [main] streaming.TestStreamingDynamicPartitioning: Statement: use testing failed: (responseCode = 10072, errorMessage = FAILED: SemanticException [Error 10072]: Database does not exist: testing, hiveErrorCode = 40000, SQLState = 42000, exception = Database does not exist: testing)
2024-04-24T12:35:26,250  INFO [main] ql.Driver: Compiling command(queryId=alex_20240424123526_736d878a-9e42-4cd9-b3dd-ece6b4ddaa63): create table alerts ( id int,msg string ) partitioned by (Continent string,Country string ) clustered by ( id ) into 1 buckets  stored as orc  location 'raw:///home/alex/Repositories/hive/streaming/target/tmp/junit3445523375433877295/testing.db/alerts' TBLPROPERTIES ('transactional'='true') 
2024-04-24T12:35:26,253  INFO [main] txn.TxnHandler: Added entries to MIN_HISTORY_LEVEL for current txns: ([2]) with min_open_txn: 1
2024-04-24T12:35:26,254  INFO [main] lockmgr.DbTxnManager: Opened txnid:2
2024-04-24T12:35:26,255  INFO [main] parse.CalcitePlanner: Starting caching scope for: alex_20240424123526_736d878a-9e42-4cd9-b3dd-ece6b4ddaa63
2024-04-24T12:35:26,255  INFO [main] parse.CalcitePlanner: Starting Semantic Analysis
2024-04-24T12:35:26,256  INFO [main] parse.CalcitePlanner: Creating table default.alerts position=13
2024-04-24T12:35:26,256  INFO [main] HiveMetaStore.audit: ugi=alex	ip=unknown-ip-addr	cmd=get_database: default	
2024-04-24T12:35:26,258  INFO [main] parse.CalcitePlanner: Ending caching scope for: alex_20240424123526_736d878a-9e42-4cd9-b3dd-ece6b4ddaa63
2024-04-24T12:35:26,258  INFO [main] ql.Driver: Semantic Analysis Completed (retrial = false)
2024-04-24T12:35:26,258  INFO [main] ql.Driver: Created Hive schema: Schema(fieldSchemas:null, properties:null)
2024-04-24T12:35:26,258  INFO [main] metadata.Hive: Dumping metastore api call timing information for : compilation phase
2024-04-24T12:35:26,258  INFO [main] metadata.Hive: Total time spent in each metastore function (ms): {getValidWriteIds_(List, String)=0, getDatabase_(String)=2, isCompatibleWith_(Configuration)=0, getValidTxns_(long)=1, flushCache_()=0, openTxn_(String, TxnType)=2}
2024-04-24T12:35:26,258  INFO [main] ql.Driver: Completed compiling command(queryId=alex_20240424123526_736d878a-9e42-4cd9-b3dd-ece6b4ddaa63); Time taken: 0.008 seconds
2024-04-24T12:35:26,258  INFO [main] reexec.ReExecDriver: Execution #1 of query
2024-04-24T12:35:26,258  INFO [main] lockmgr.DbTxnManager: Setting lock request transaction to txnid:2 for queryId=alex_20240424123526_736d878a-9e42-4cd9-b3dd-ece6b4ddaa63
2024-04-24T12:35:26,259  INFO [main] lockmgr.DbLockManager: Requesting lock for queryId=alex_20240424123526_736d878a-9e42-4cd9-b3dd-ece6b4ddaa63
2024-04-24T12:35:26,268  INFO [main] lockmgr.DbLockManager: Response to queryId=alex_20240424123526_736d878a-9e42-4cd9-b3dd-ece6b4ddaa63 LockResponse(lockid:1, state:ACQUIRED)
2024-04-24T12:35:26,268  INFO [main] ql.Driver: Operation CREATETABLE obtained 1 locks
2024-04-24T12:35:26,269  INFO [main] ql.Driver: Executing command(queryId=alex_20240424123526_736d878a-9e42-4cd9-b3dd-ece6b4ddaa63): create table alerts ( id int,msg string ) partitioned by (Continent string,Country string ) clustered by ( id ) into 1 buckets  stored as orc  location 'raw:///home/alex/Repositories/hive/streaming/target/tmp/junit3445523375433877295/testing.db/alerts' TBLPROPERTIES ('transactional'='true') 
PREHOOK: query: create table alerts ( id int,msg string ) partitioned by (Continent string,Country string ) clustered by ( id ) into 1 buckets  stored as orc  location 'raw:///home/alex/Repositories/hive/streaming/target/tmp/junit3445523375433877295/testing.db/alerts' TBLPROPERTIES ('transactional'='true')
2024-04-24T12:35:26,269  INFO [main] SessionState: PREHOOK: query: create table alerts ( id int,msg string ) partitioned by (Continent string,Country string ) clustered by ( id ) into 1 buckets  stored as orc  location 'raw:///home/alex/Repositories/hive/streaming/target/tmp/junit3445523375433877295/testing.db/alerts' TBLPROPERTIES ('transactional'='true')
PREHOOK: type: CREATETABLE
2024-04-24T12:35:26,269  INFO [main] SessionState: PREHOOK: type: CREATETABLE
PREHOOK: Input: raw:/home/alex/Repositories/hive/streaming/target/tmp/junit3445523375433877295/testing.db/alerts
2024-04-24T12:35:26,269  INFO [main] SessionState: PREHOOK: Input: raw:/home/alex/Repositories/hive/streaming/target/tmp/junit3445523375433877295/testing.db/alerts
PREHOOK: Output: database:default
2024-04-24T12:35:26,270  INFO [main] SessionState: PREHOOK: Output: database:default
PREHOOK: Output: default@alerts
2024-04-24T12:35:26,270  INFO [main] SessionState: PREHOOK: Output: default@alerts
2024-04-24T12:35:26,270  INFO [main] ql.Driver: Starting task [Stage-0:DDL] in serial mode
2024-04-24T12:35:26,272  INFO [main] HiveMetaStore.audit: ugi=alex	ip=unknown-ip-addr	cmd=create_table_req: Table(tableName:alerts, dbName:default, owner:alex, createTime:1713987326, lastAccessTime:0, retention:0, sd:StorageDescriptor(cols:[FieldSchema(name:id, type:int, comment:null), FieldSchema(name:msg, type:string, comment:null)], location:raw:/home/alex/Repositories/hive/streaming/target/tmp/junit3445523375433877295/testing.db/alerts, inputFormat:org.apache.hadoop.hive.ql.io.orc.OrcInputFormat, outputFormat:org.apache.hadoop.hive.ql.io.orc.OrcOutputFormat, compressed:false, numBuckets:1, serdeInfo:SerDeInfo(name:null, serializationLib:org.apache.hadoop.hive.ql.io.orc.OrcSerde, parameters:{serialization.format=1}), bucketCols:[id], sortCols:[], parameters:{}, skewedInfo:SkewedInfo(skewedColNames:[], skewedColValues:[], skewedColValueLocationMaps:{}), storedAsSubDirectories:false), partitionKeys:[FieldSchema(name:Continent, type:string, comment:null), FieldSchema(name:Country, type:string, comment:null)], parameters:{transactional=true, bucketing_version=2}, viewOriginalText:null, viewExpandedText:null, tableType:MANAGED_TABLE, privileges:PrincipalPrivilegeSet(userPrivileges:{alex=[PrivilegeGrantInfo(privilege:INSERT, createTime:-1, grantor:alex, grantorType:USER, grantOption:true), PrivilegeGrantInfo(privilege:SELECT, createTime:-1, grantor:alex, grantorType:USER, grantOption:true), PrivilegeGrantInfo(privilege:UPDATE, createTime:-1, grantor:alex, grantorType:USER, grantOption:true), PrivilegeGrantInfo(privilege:DELETE, createTime:-1, grantor:alex, grantorType:USER, grantOption:true)]}, groupPrivileges:null, rolePrivileges:null), temporary:false, catName:hive, ownerType:USER, writeId:0)	
2024-04-24T12:35:26,287  WARN [main] metastore.HMSHandler: create_table_req got 
org.apache.hadoop.hive.metastore.api.AlreadyExistsException: Table hive.default.alerts already exists
	at org.apache.hadoop.hive.metastore.HMSHandler.create_table_core(HMSHandler.java:2339) ~[classes/:?]
	at org.apache.hadoop.hive.metastore.HMSHandler.create_table_req(HMSHandler.java:2598) ~[classes/:?]
	at sun.reflect.NativeMethodAccessorImpl.invoke0(Native Method) ~[?:1.8.0_402]
	at sun.reflect.NativeMethodAccessorImpl.invoke(NativeMethodAccessorImpl.java:62) ~[?:1.8.0_402]
	at sun.reflect.DelegatingMethodAccessorImpl.invoke(DelegatingMethodAccessorImpl.java:43) ~[?:1.8.0_402]
	at java.lang.reflect.Method.invoke(Method.java:498) ~[?:1.8.0_402]
	at org.apache.hadoop.hive.metastore.RetryingHMSHandler.invokeInternal(RetryingHMSHandler.java:147) ~[classes/:?]
	at org.apache.hadoop.hive.metastore.RetryingHMSHandler.invoke(RetryingHMSHandler.java:108) ~[classes/:?]
	at com.sun.proxy.$Proxy38.create_table_req(Unknown Source) ~[?:?]
	at org.apache.hadoop.hive.metastore.HiveMetaStoreClient.create_table_with_environment_context(HiveMetaStoreClient.java:4408) ~[classes/:?]
	at org.apache.hadoop.hive.ql.metadata.SessionHiveMetaStoreClient.create_table_with_environment_context(SessionHiveMetaStoreClient.java:182) ~[classes/:?]
	at org.apache.hadoop.hive.metastore.HiveMetaStoreClient.createTable(HiveMetaStoreClient.java:1260) ~[classes/:?]
	at org.apache.hadoop.hive.metastore.HiveMetaStoreClient.createTable(HiveMetaStoreClient.java:1245) ~[classes/:?]
	at sun.reflect.NativeMethodAccessorImpl.invoke0(Native Method) ~[?:1.8.0_402]
	at sun.reflect.NativeMethodAccessorImpl.invoke(NativeMethodAccessorImpl.java:62) ~[?:1.8.0_402]
	at sun.reflect.DelegatingMethodAccessorImpl.invoke(DelegatingMethodAccessorImpl.java:43) ~[?:1.8.0_402]
	at java.lang.reflect.Method.invoke(Method.java:498) ~[?:1.8.0_402]
	at org.apache.hadoop.hive.metastore.RetryingMetaStoreClient.invoke(RetryingMetaStoreClient.java:218) ~[classes/:?]
	at com.sun.proxy.$Proxy47.createTable(Unknown Source) ~[?:?]
	at org.apache.hadoop.hive.ql.metadata.Hive.createTable(Hive.java:1290) ~[classes/:?]
	at org.apache.hadoop.hive.ql.metadata.Hive.createTable(Hive.java:1306) ~[classes/:?]
	at org.apache.hadoop.hive.ql.ddl.table.create.CreateTableOperation.createTableNonReplaceMode(CreateTableOperation.java:140) ~[classes/:?]
	at org.apache.hadoop.hive.ql.ddl.table.create.CreateTableOperation.execute(CreateTableOperation.java:98) ~[classes/:?]
	at org.apache.hadoop.hive.ql.ddl.DDLTask.execute(DDLTask.java:84) ~[classes/:?]
	at org.apache.hadoop.hive.ql.exec.Task.executeTask(Task.java:212) ~[classes/:?]
	at org.apache.hadoop.hive.ql.exec.TaskRunner.runSequential(TaskRunner.java:105) ~[classes/:?]
	at org.apache.hadoop.hive.ql.Executor.launchTask(Executor.java:361) ~[classes/:?]
	at org.apache.hadoop.hive.ql.Executor.launchTasks(Executor.java:334) ~[classes/:?]
	at org.apache.hadoop.hive.ql.Executor.runTasks(Executor.java:245) ~[classes/:?]
	at org.apache.hadoop.hive.ql.Executor.execute(Executor.java:108) ~[classes/:?]
	at org.apache.hadoop.hive.ql.Driver.execute(Driver.java:348) ~[classes/:?]
	at org.apache.hadoop.hive.ql.Driver.runInternal(Driver.java:204) ~[classes/:?]
	at org.apache.hadoop.hive.ql.Driver.run(Driver.java:153) ~[classes/:?]
	at org.apache.hadoop.hive.ql.Driver.run(Driver.java:148) ~[classes/:?]
	at org.apache.hadoop.hive.ql.reexec.ReExecDriver.run(ReExecDriver.java:164) ~[classes/:?]
	at org.apache.hadoop.hive.ql.reexec.ReExecDriver.run(ReExecDriver.java:230) ~[classes/:?]
	at org.apache.hive.streaming.TestStreamingDynamicPartitioning.runDDL(TestStreamingDynamicPartitioning.java:829) ~[test-classes/:?]
	at org.apache.hive.streaming.TestStreamingDynamicPartitioning.createDbAndTable(TestStreamingDynamicPartitioning.java:885) ~[test-classes/:?]
	at org.apache.hive.streaming.TestStreamingDynamicPartitioning.setup(TestStreamingDynamicPartitioning.java:155) ~[test-classes/:?]
	at sun.reflect.NativeMethodAccessorImpl.invoke0(Native Method) ~[?:1.8.0_402]
	at sun.reflect.NativeMethodAccessorImpl.invoke(NativeMethodAccessorImpl.java:62) ~[?:1.8.0_402]
	at sun.reflect.DelegatingMethodAccessorImpl.invoke(DelegatingMethodAccessorImpl.java:43) ~[?:1.8.0_402]
	at java.lang.reflect.Method.invoke(Method.java:498) ~[?:1.8.0_402]
	at org.junit.runners.model.FrameworkMethod$1.runReflectiveCall(FrameworkMethod.java:59) ~[junit-4.13.jar:4.13]
	at org.junit.internal.runners.model.ReflectiveCallable.run(ReflectiveCallable.java:12) ~[junit-4.13.jar:4.13]
	at org.junit.runners.model.FrameworkMethod.invokeExplosively(FrameworkMethod.java:56) ~[junit-4.13.jar:4.13]
	at org.junit.internal.runners.statements.RunBefores.invokeMethod(RunBefores.java:33) ~[junit-4.13.jar:4.13]
	at org.junit.internal.runners.statements.RunBefores.evaluate(RunBefores.java:24) ~[junit-4.13.jar:4.13]
	at org.junit.internal.runners.statements.RunAfters.evaluate(RunAfters.java:27) ~[junit-4.13.jar:4.13]
	at org.junit.rules.ExternalResource$1.evaluate(ExternalResource.java:54) ~[junit-4.13.jar:4.13]
	at org.junit.runners.ParentRunner$3.evaluate(ParentRunner.java:306) ~[junit-4.13.jar:4.13]
	at org.junit.runners.BlockJUnit4ClassRunner$1.evaluate(BlockJUnit4ClassRunner.java:100) ~[junit-4.13.jar:4.13]
	at org.junit.runners.ParentRunner.runLeaf(ParentRunner.java:366) ~[junit-4.13.jar:4.13]
	at org.junit.runners.BlockJUnit4ClassRunner.runChild(BlockJUnit4ClassRunner.java:103) ~[junit-4.13.jar:4.13]
	at org.junit.runners.BlockJUnit4ClassRunner.runChild(BlockJUnit4ClassRunner.java:63) ~[junit-4.13.jar:4.13]
	at org.junit.runners.ParentRunner$4.run(ParentRunner.java:331) ~[junit-4.13.jar:4.13]
	at org.junit.runners.ParentRunner$1.schedule(ParentRunner.java:79) ~[junit-4.13.jar:4.13]
	at org.junit.runners.ParentRunner.runChildren(ParentRunner.java:329) ~[junit-4.13.jar:4.13]
	at org.junit.runners.ParentRunner.access$100(ParentRunner.java:66) ~[junit-4.13.jar:4.13]
	at org.junit.runners.ParentRunner$2.evaluate(ParentRunner.java:293) ~[junit-4.13.jar:4.13]
	at org.junit.runners.ParentRunner$3.evaluate(ParentRunner.java:306) ~[junit-4.13.jar:4.13]
	at org.junit.runners.ParentRunner.run(ParentRunner.java:413) ~[junit-4.13.jar:4.13]
	at org.junit.runner.JUnitCore.run(JUnitCore.java:137) ~[junit-4.13.jar:4.13]
	at org.junit.runner.JUnitCore.run(JUnitCore.java:115) ~[junit-4.13.jar:4.13]
	at org.junit.vintage.engine.execution.RunnerExecutor.execute(RunnerExecutor.java:43) ~[junit-vintage-engine-5.6.2.jar:5.6.2]
	at java.util.stream.ForEachOps$ForEachOp$OfRef.accept(ForEachOps.java:183) ~[?:1.8.0_402]
	at java.util.stream.ReferencePipeline$3$1.accept(ReferencePipeline.java:193) ~[?:1.8.0_402]
	at java.util.Iterator.forEachRemaining(Iterator.java:116) ~[?:1.8.0_402]
	at java.util.Spliterators$IteratorSpliterator.forEachRemaining(Spliterators.java:1801) ~[?:1.8.0_402]
	at java.util.stream.AbstractPipeline.copyInto(AbstractPipeline.java:482) ~[?:1.8.0_402]
	at java.util.stream.AbstractPipeline.wrapAndCopyInto(AbstractPipeline.java:472) ~[?:1.8.0_402]
	at java.util.stream.ForEachOps$ForEachOp.evaluateSequential(ForEachOps.java:150) ~[?:1.8.0_402]
	at java.util.stream.ForEachOps$ForEachOp$OfRef.evaluateSequential(ForEachOps.java:173) ~[?:1.8.0_402]
	at java.util.stream.AbstractPipeline.evaluate(AbstractPipeline.java:234) ~[?:1.8.0_402]
	at java.util.stream.ReferencePipeline.forEach(ReferencePipeline.java:485) ~[?:1.8.0_402]
	at org.junit.vintage.engine.VintageTestEngine.executeAllChildren(VintageTestEngine.java:82) ~[junit-vintage-engine-5.6.2.jar:5.6.2]
	at org.junit.vintage.engine.VintageTestEngine.execute(VintageTestEngine.java:73) ~[junit-vintage-engine-5.6.2.jar:5.6.2]
	at org.junit.platform.launcher.core.DefaultLauncher.execute(DefaultLauncher.java:248) ~[junit-platform-launcher-1.6.2.jar:1.6.2]
	at org.junit.platform.launcher.core.DefaultLauncher.lambda$execute$5(DefaultLauncher.java:211) ~[junit-platform-launcher-1.6.2.jar:1.6.2]
	at org.junit.platform.launcher.core.DefaultLauncher.withInterceptedStreams(DefaultLauncher.java:226) [junit-platform-launcher-1.6.2.jar:1.6.2]
	at org.junit.platform.launcher.core.DefaultLauncher.execute(DefaultLauncher.java:199) [junit-platform-launcher-1.6.2.jar:1.6.2]
	at org.junit.platform.launcher.core.DefaultLauncher.execute(DefaultLauncher.java:132) [junit-platform-launcher-1.6.2.jar:1.6.2]
	at org.apache.maven.surefire.junitplatform.JUnitPlatformProvider.invokeAllTests(JUnitPlatformProvider.java:154) [surefire-junit-platform-3.0.0-M4.jar:3.0.0-M4]
	at org.apache.maven.surefire.junitplatform.JUnitPlatformProvider.invoke(JUnitPlatformProvider.java:123) [surefire-junit-platform-3.0.0-M4.jar:3.0.0-M4]
	at org.apache.maven.surefire.booter.ForkedBooter.runSuitesInProcess(ForkedBooter.java:377) [surefire-booter-3.0.0-M4.jar:3.0.0-M4]
	at org.apache.maven.surefire.booter.ForkedBooter.execute(ForkedBooter.java:138) [surefire-booter-3.0.0-M4.jar:3.0.0-M4]
	at org.apache.maven.surefire.booter.ForkedBooter.run(ForkedBooter.java:465) [surefire-booter-3.0.0-M4.jar:3.0.0-M4]
	at org.apache.maven.surefire.booter.ForkedBooter.main(ForkedBooter.java:451) [surefire-booter-3.0.0-M4.jar:3.0.0-M4]
2024-04-24T12:35:26,288 ERROR [main] metastore.RetryingHMSHandler: AlreadyExistsException(message:Table hive.default.alerts already exists)
	at org.apache.hadoop.hive.metastore.HMSHandler.create_table_core(HMSHandler.java:2339)
	at org.apache.hadoop.hive.metastore.HMSHandler.create_table_req(HMSHandler.java:2598)
	at sun.reflect.NativeMethodAccessorImpl.invoke0(Native Method)
	at sun.reflect.NativeMethodAccessorImpl.invoke(NativeMethodAccessorImpl.java:62)
	at sun.reflect.DelegatingMethodAccessorImpl.invoke(DelegatingMethodAccessorImpl.java:43)
	at java.lang.reflect.Method.invoke(Method.java:498)
	at org.apache.hadoop.hive.metastore.RetryingHMSHandler.invokeInternal(RetryingHMSHandler.java:147)
	at org.apache.hadoop.hive.metastore.RetryingHMSHandler.invoke(RetryingHMSHandler.java:108)
	at com.sun.proxy.$Proxy38.create_table_req(Unknown Source)
	at org.apache.hadoop.hive.metastore.HiveMetaStoreClient.create_table_with_environment_context(HiveMetaStoreClient.java:4408)
	at org.apache.hadoop.hive.ql.metadata.SessionHiveMetaStoreClient.create_table_with_environment_context(SessionHiveMetaStoreClient.java:182)
	at org.apache.hadoop.hive.metastore.HiveMetaStoreClient.createTable(HiveMetaStoreClient.java:1260)
	at org.apache.hadoop.hive.metastore.HiveMetaStoreClient.createTable(HiveMetaStoreClient.java:1245)
	at sun.reflect.NativeMethodAccessorImpl.invoke0(Native Method)
	at sun.reflect.NativeMethodAccessorImpl.invoke(NativeMethodAccessorImpl.java:62)
	at sun.reflect.DelegatingMethodAccessorImpl.invoke(DelegatingMethodAccessorImpl.java:43)
	at java.lang.reflect.Method.invoke(Method.java:498)
	at org.apache.hadoop.hive.metastore.RetryingMetaStoreClient.invoke(RetryingMetaStoreClient.java:218)
	at com.sun.proxy.$Proxy47.createTable(Unknown Source)
	at org.apache.hadoop.hive.ql.metadata.Hive.createTable(Hive.java:1290)
	at org.apache.hadoop.hive.ql.metadata.Hive.createTable(Hive.java:1306)
	at org.apache.hadoop.hive.ql.ddl.table.create.CreateTableOperation.createTableNonReplaceMode(CreateTableOperation.java:140)
	at org.apache.hadoop.hive.ql.ddl.table.create.CreateTableOperation.execute(CreateTableOperation.java:98)
	at org.apache.hadoop.hive.ql.ddl.DDLTask.execute(DDLTask.java:84)
	at org.apache.hadoop.hive.ql.exec.Task.executeTask(Task.java:212)
	at org.apache.hadoop.hive.ql.exec.TaskRunner.runSequential(TaskRunner.java:105)
	at org.apache.hadoop.hive.ql.Executor.launchTask(Executor.java:361)
	at org.apache.hadoop.hive.ql.Executor.launchTasks(Executor.java:334)
	at org.apache.hadoop.hive.ql.Executor.runTasks(Executor.java:245)
	at org.apache.hadoop.hive.ql.Executor.execute(Executor.java:108)
	at org.apache.hadoop.hive.ql.Driver.execute(Driver.java:348)
	at org.apache.hadoop.hive.ql.Driver.runInternal(Driver.java:204)
	at org.apache.hadoop.hive.ql.Driver.run(Driver.java:153)
	at org.apache.hadoop.hive.ql.Driver.run(Driver.java:148)
	at org.apache.hadoop.hive.ql.reexec.ReExecDriver.run(ReExecDriver.java:164)
	at org.apache.hadoop.hive.ql.reexec.ReExecDriver.run(ReExecDriver.java:230)
	at org.apache.hive.streaming.TestStreamingDynamicPartitioning.runDDL(TestStreamingDynamicPartitioning.java:829)
	at org.apache.hive.streaming.TestStreamingDynamicPartitioning.createDbAndTable(TestStreamingDynamicPartitioning.java:885)
	at org.apache.hive.streaming.TestStreamingDynamicPartitioning.setup(TestStreamingDynamicPartitioning.java:155)
	at sun.reflect.NativeMethodAccessorImpl.invoke0(Native Method)
	at sun.reflect.NativeMethodAccessorImpl.invoke(NativeMethodAccessorImpl.java:62)
	at sun.reflect.DelegatingMethodAccessorImpl.invoke(DelegatingMethodAccessorImpl.java:43)
	at java.lang.reflect.Method.invoke(Method.java:498)
	at org.junit.runners.model.FrameworkMethod$1.runReflectiveCall(FrameworkMethod.java:59)
	at org.junit.internal.runners.model.ReflectiveCallable.run(ReflectiveCallable.java:12)
	at org.junit.runners.model.FrameworkMethod.invokeExplosively(FrameworkMethod.java:56)
	at org.junit.internal.runners.statements.RunBefores.invokeMethod(RunBefores.java:33)
	at org.junit.internal.runners.statements.RunBefores.evaluate(RunBefores.java:24)
	at org.junit.internal.runners.statements.RunAfters.evaluate(RunAfters.java:27)
	at org.junit.rules.ExternalResource$1.evaluate(ExternalResource.java:54)
	at org.junit.runners.ParentRunner$3.evaluate(ParentRunner.java:306)
	at org.junit.runners.BlockJUnit4ClassRunner$1.evaluate(BlockJUnit4ClassRunner.java:100)
	at org.junit.runners.ParentRunner.runLeaf(ParentRunner.java:366)
	at org.junit.runners.BlockJUnit4ClassRunner.runChild(BlockJUnit4ClassRunner.java:103)
	at org.junit.runners.BlockJUnit4ClassRunner.runChild(BlockJUnit4ClassRunner.java:63)
	at org.junit.runners.ParentRunner$4.run(ParentRunner.java:331)
	at org.junit.runners.ParentRunner$1.schedule(ParentRunner.java:79)
	at org.junit.runners.ParentRunner.runChildren(ParentRunner.java:329)
	at org.junit.runners.ParentRunner.access$100(ParentRunner.java:66)
	at org.junit.runners.ParentRunner$2.evaluate(ParentRunner.java:293)
	at org.junit.runners.ParentRunner$3.evaluate(ParentRunner.java:306)
	at org.junit.runners.ParentRunner.run(ParentRunner.java:413)
	at org.junit.runner.JUnitCore.run(JUnitCore.java:137)
	at org.junit.runner.JUnitCore.run(JUnitCore.java:115)
	at org.junit.vintage.engine.execution.RunnerExecutor.execute(RunnerExecutor.java:43)
	at java.util.stream.ForEachOps$ForEachOp$OfRef.accept(ForEachOps.java:183)
	at java.util.stream.ReferencePipeline$3$1.accept(ReferencePipeline.java:193)
	at java.util.Iterator.forEachRemaining(Iterator.java:116)
	at java.util.Spliterators$IteratorSpliterator.forEachRemaining(Spliterators.java:1801)
	at java.util.stream.AbstractPipeline.copyInto(AbstractPipeline.java:482)
	at java.util.stream.AbstractPipeline.wrapAndCopyInto(AbstractPipeline.java:472)
	at java.util.stream.ForEachOps$ForEachOp.evaluateSequential(ForEachOps.java:150)
	at java.util.stream.ForEachOps$ForEachOp$OfRef.evaluateSequential(ForEachOps.java:173)
	at java.util.stream.AbstractPipeline.evaluate(AbstractPipeline.java:234)
	at java.util.stream.ReferencePipeline.forEach(ReferencePipeline.java:485)
	at org.junit.vintage.engine.VintageTestEngine.executeAllChildren(VintageTestEngine.java:82)
	at org.junit.vintage.engine.VintageTestEngine.execute(VintageTestEngine.java:73)
	at org.junit.platform.launcher.core.DefaultLauncher.execute(DefaultLauncher.java:248)
	at org.junit.platform.launcher.core.DefaultLauncher.lambda$execute$5(DefaultLauncher.java:211)
	at org.junit.platform.launcher.core.DefaultLauncher.withInterceptedStreams(DefaultLauncher.java:226)
	at org.junit.platform.launcher.core.DefaultLauncher.execute(DefaultLauncher.java:199)
	at org.junit.platform.launcher.core.DefaultLauncher.execute(DefaultLauncher.java:132)
	at org.apache.maven.surefire.junitplatform.JUnitPlatformProvider.invokeAllTests(JUnitPlatformProvider.java:154)
	at org.apache.maven.surefire.junitplatform.JUnitPlatformProvider.invoke(JUnitPlatformProvider.java:123)
	at org.apache.maven.surefire.booter.ForkedBooter.runSuitesInProcess(ForkedBooter.java:377)
	at org.apache.maven.surefire.booter.ForkedBooter.execute(ForkedBooter.java:138)
	at org.apache.maven.surefire.booter.ForkedBooter.run(ForkedBooter.java:465)
	at org.apache.maven.surefire.booter.ForkedBooter.main(ForkedBooter.java:451)

2024-04-24T12:35:26,288 ERROR [main] exec.Task: Failed
org.apache.hadoop.hive.ql.metadata.HiveException: AlreadyExistsException(message:Table hive.default.alerts already exists)
	at org.apache.hadoop.hive.ql.metadata.Hive.createTable(Hive.java:1298) ~[classes/:?]
	at org.apache.hadoop.hive.ql.metadata.Hive.createTable(Hive.java:1306) ~[classes/:?]
	at org.apache.hadoop.hive.ql.ddl.table.create.CreateTableOperation.createTableNonReplaceMode(CreateTableOperation.java:140) ~[classes/:?]
	at org.apache.hadoop.hive.ql.ddl.table.create.CreateTableOperation.execute(CreateTableOperation.java:98) ~[classes/:?]
	at org.apache.hadoop.hive.ql.ddl.DDLTask.execute(DDLTask.java:84) ~[classes/:?]
	at org.apache.hadoop.hive.ql.exec.Task.executeTask(Task.java:212) ~[classes/:?]
	at org.apache.hadoop.hive.ql.exec.TaskRunner.runSequential(TaskRunner.java:105) ~[classes/:?]
	at org.apache.hadoop.hive.ql.Executor.launchTask(Executor.java:361) ~[classes/:?]
	at org.apache.hadoop.hive.ql.Executor.launchTasks(Executor.java:334) ~[classes/:?]
	at org.apache.hadoop.hive.ql.Executor.runTasks(Executor.java:245) ~[classes/:?]
	at org.apache.hadoop.hive.ql.Executor.execute(Executor.java:108) ~[classes/:?]
	at org.apache.hadoop.hive.ql.Driver.execute(Driver.java:348) ~[classes/:?]
	at org.apache.hadoop.hive.ql.Driver.runInternal(Driver.java:204) ~[classes/:?]
	at org.apache.hadoop.hive.ql.Driver.run(Driver.java:153) ~[classes/:?]
	at org.apache.hadoop.hive.ql.Driver.run(Driver.java:148) ~[classes/:?]
	at org.apache.hadoop.hive.ql.reexec.ReExecDriver.run(ReExecDriver.java:164) ~[classes/:?]
	at org.apache.hadoop.hive.ql.reexec.ReExecDriver.run(ReExecDriver.java:230) ~[classes/:?]
	at org.apache.hive.streaming.TestStreamingDynamicPartitioning.runDDL(TestStreamingDynamicPartitioning.java:829) ~[test-classes/:?]
	at org.apache.hive.streaming.TestStreamingDynamicPartitioning.createDbAndTable(TestStreamingDynamicPartitioning.java:885) ~[test-classes/:?]
	at org.apache.hive.streaming.TestStreamingDynamicPartitioning.setup(TestStreamingDynamicPartitioning.java:155) ~[test-classes/:?]
	at sun.reflect.NativeMethodAccessorImpl.invoke0(Native Method) ~[?:1.8.0_402]
	at sun.reflect.NativeMethodAccessorImpl.invoke(NativeMethodAccessorImpl.java:62) ~[?:1.8.0_402]
	at sun.reflect.DelegatingMethodAccessorImpl.invoke(DelegatingMethodAccessorImpl.java:43) ~[?:1.8.0_402]
	at java.lang.reflect.Method.invoke(Method.java:498) ~[?:1.8.0_402]
	at org.junit.runners.model.FrameworkMethod$1.runReflectiveCall(FrameworkMethod.java:59) ~[junit-4.13.jar:4.13]
	at org.junit.internal.runners.model.ReflectiveCallable.run(ReflectiveCallable.java:12) ~[junit-4.13.jar:4.13]
	at org.junit.runners.model.FrameworkMethod.invokeExplosively(FrameworkMethod.java:56) ~[junit-4.13.jar:4.13]
	at org.junit.internal.runners.statements.RunBefores.invokeMethod(RunBefores.java:33) ~[junit-4.13.jar:4.13]
	at org.junit.internal.runners.statements.RunBefores.evaluate(RunBefores.java:24) ~[junit-4.13.jar:4.13]
	at org.junit.internal.runners.statements.RunAfters.evaluate(RunAfters.java:27) ~[junit-4.13.jar:4.13]
	at org.junit.rules.ExternalResource$1.evaluate(ExternalResource.java:54) ~[junit-4.13.jar:4.13]
	at org.junit.runners.ParentRunner$3.evaluate(ParentRunner.java:306) ~[junit-4.13.jar:4.13]
	at org.junit.runners.BlockJUnit4ClassRunner$1.evaluate(BlockJUnit4ClassRunner.java:100) ~[junit-4.13.jar:4.13]
	at org.junit.runners.ParentRunner.runLeaf(ParentRunner.java:366) ~[junit-4.13.jar:4.13]
	at org.junit.runners.BlockJUnit4ClassRunner.runChild(BlockJUnit4ClassRunner.java:103) ~[junit-4.13.jar:4.13]
	at org.junit.runners.BlockJUnit4ClassRunner.runChild(BlockJUnit4ClassRunner.java:63) ~[junit-4.13.jar:4.13]
	at org.junit.runners.ParentRunner$4.run(ParentRunner.java:331) ~[junit-4.13.jar:4.13]
	at org.junit.runners.ParentRunner$1.schedule(ParentRunner.java:79) ~[junit-4.13.jar:4.13]
	at org.junit.runners.ParentRunner.runChildren(ParentRunner.java:329) ~[junit-4.13.jar:4.13]
	at org.junit.runners.ParentRunner.access$100(ParentRunner.java:66) ~[junit-4.13.jar:4.13]
	at org.junit.runners.ParentRunner$2.evaluate(ParentRunner.java:293) ~[junit-4.13.jar:4.13]
	at org.junit.runners.ParentRunner$3.evaluate(ParentRunner.java:306) ~[junit-4.13.jar:4.13]
	at org.junit.runners.ParentRunner.run(ParentRunner.java:413) ~[junit-4.13.jar:4.13]
	at org.junit.runner.JUnitCore.run(JUnitCore.java:137) ~[junit-4.13.jar:4.13]
	at org.junit.runner.JUnitCore.run(JUnitCore.java:115) ~[junit-4.13.jar:4.13]
	at org.junit.vintage.engine.execution.RunnerExecutor.execute(RunnerExecutor.java:43) ~[junit-vintage-engine-5.6.2.jar:5.6.2]
	at java.util.stream.ForEachOps$ForEachOp$OfRef.accept(ForEachOps.java:183) ~[?:1.8.0_402]
	at java.util.stream.ReferencePipeline$3$1.accept(ReferencePipeline.java:193) ~[?:1.8.0_402]
	at java.util.Iterator.forEachRemaining(Iterator.java:116) ~[?:1.8.0_402]
	at java.util.Spliterators$IteratorSpliterator.forEachRemaining(Spliterators.java:1801) ~[?:1.8.0_402]
	at java.util.stream.AbstractPipeline.copyInto(AbstractPipeline.java:482) ~[?:1.8.0_402]
	at java.util.stream.AbstractPipeline.wrapAndCopyInto(AbstractPipeline.java:472) ~[?:1.8.0_402]
	at java.util.stream.ForEachOps$ForEachOp.evaluateSequential(ForEachOps.java:150) ~[?:1.8.0_402]
	at java.util.stream.ForEachOps$ForEachOp$OfRef.evaluateSequential(ForEachOps.java:173) ~[?:1.8.0_402]
	at java.util.stream.AbstractPipeline.evaluate(AbstractPipeline.java:234) ~[?:1.8.0_402]
	at java.util.stream.ReferencePipeline.forEach(ReferencePipeline.java:485) ~[?:1.8.0_402]
	at org.junit.vintage.engine.VintageTestEngine.executeAllChildren(VintageTestEngine.java:82) ~[junit-vintage-engine-5.6.2.jar:5.6.2]
	at org.junit.vintage.engine.VintageTestEngine.execute(VintageTestEngine.java:73) ~[junit-vintage-engine-5.6.2.jar:5.6.2]
	at org.junit.platform.launcher.core.DefaultLauncher.execute(DefaultLauncher.java:248) ~[junit-platform-launcher-1.6.2.jar:1.6.2]
	at org.junit.platform.launcher.core.DefaultLauncher.lambda$execute$5(DefaultLauncher.java:211) ~[junit-platform-launcher-1.6.2.jar:1.6.2]
	at org.junit.platform.launcher.core.DefaultLauncher.withInterceptedStreams(DefaultLauncher.java:226) [junit-platform-launcher-1.6.2.jar:1.6.2]
	at org.junit.platform.launcher.core.DefaultLauncher.execute(DefaultLauncher.java:199) [junit-platform-launcher-1.6.2.jar:1.6.2]
	at org.junit.platform.launcher.core.DefaultLauncher.execute(DefaultLauncher.java:132) [junit-platform-launcher-1.6.2.jar:1.6.2]
	at org.apache.maven.surefire.junitplatform.JUnitPlatformProvider.invokeAllTests(JUnitPlatformProvider.java:154) [surefire-junit-platform-3.0.0-M4.jar:3.0.0-M4]
	at org.apache.maven.surefire.junitplatform.JUnitPlatformProvider.invoke(JUnitPlatformProvider.java:123) [surefire-junit-platform-3.0.0-M4.jar:3.0.0-M4]
	at org.apache.maven.surefire.booter.ForkedBooter.runSuitesInProcess(ForkedBooter.java:377) [surefire-booter-3.0.0-M4.jar:3.0.0-M4]
	at org.apache.maven.surefire.booter.ForkedBooter.execute(ForkedBooter.java:138) [surefire-booter-3.0.0-M4.jar:3.0.0-M4]
	at org.apache.maven.surefire.booter.ForkedBooter.run(ForkedBooter.java:465) [surefire-booter-3.0.0-M4.jar:3.0.0-M4]
	at org.apache.maven.surefire.booter.ForkedBooter.main(ForkedBooter.java:451) [surefire-booter-3.0.0-M4.jar:3.0.0-M4]
Caused by: org.apache.hadoop.hive.metastore.api.AlreadyExistsException: Table hive.default.alerts already exists
	at org.apache.hadoop.hive.metastore.HMSHandler.create_table_core(HMSHandler.java:2339) ~[classes/:?]
	at org.apache.hadoop.hive.metastore.HMSHandler.create_table_req(HMSHandler.java:2598) ~[classes/:?]
	at sun.reflect.NativeMethodAccessorImpl.invoke0(Native Method) ~[?:1.8.0_402]
	at sun.reflect.NativeMethodAccessorImpl.invoke(NativeMethodAccessorImpl.java:62) ~[?:1.8.0_402]
	at sun.reflect.DelegatingMethodAccessorImpl.invoke(DelegatingMethodAccessorImpl.java:43) ~[?:1.8.0_402]
	at java.lang.reflect.Method.invoke(Method.java:498) ~[?:1.8.0_402]
	at org.apache.hadoop.hive.metastore.RetryingHMSHandler.invokeInternal(RetryingHMSHandler.java:147) ~[classes/:?]
	at org.apache.hadoop.hive.metastore.RetryingHMSHandler.invoke(RetryingHMSHandler.java:108) ~[classes/:?]
	at com.sun.proxy.$Proxy38.create_table_req(Unknown Source) ~[?:?]
	at org.apache.hadoop.hive.metastore.HiveMetaStoreClient.create_table_with_environment_context(HiveMetaStoreClient.java:4408) ~[classes/:?]
	at org.apache.hadoop.hive.ql.metadata.SessionHiveMetaStoreClient.create_table_with_environment_context(SessionHiveMetaStoreClient.java:182) ~[classes/:?]
	at org.apache.hadoop.hive.metastore.HiveMetaStoreClient.createTable(HiveMetaStoreClient.java:1260) ~[classes/:?]
	at org.apache.hadoop.hive.metastore.HiveMetaStoreClient.createTable(HiveMetaStoreClient.java:1245) ~[classes/:?]
	at sun.reflect.NativeMethodAccessorImpl.invoke0(Native Method) ~[?:1.8.0_402]
	at sun.reflect.NativeMethodAccessorImpl.invoke(NativeMethodAccessorImpl.java:62) ~[?:1.8.0_402]
	at sun.reflect.DelegatingMethodAccessorImpl.invoke(DelegatingMethodAccessorImpl.java:43) ~[?:1.8.0_402]
	at java.lang.reflect.Method.invoke(Method.java:498) ~[?:1.8.0_402]
	at org.apache.hadoop.hive.metastore.RetryingMetaStoreClient.invoke(RetryingMetaStoreClient.java:218) ~[classes/:?]
	at com.sun.proxy.$Proxy47.createTable(Unknown Source) ~[?:?]
	at org.apache.hadoop.hive.ql.metadata.Hive.createTable(Hive.java:1290) ~[classes/:?]
	... 68 more
2024-04-24T12:35:26,289 ERROR [main] exec.Task: DDLTask failed, DDL Operation: class org.apache.hadoop.hive.ql.ddl.table.create.CreateTableOperation
org.apache.hadoop.hive.ql.metadata.HiveException: AlreadyExistsException(message:Table hive.default.alerts already exists)
	at org.apache.hadoop.hive.ql.metadata.Hive.createTable(Hive.java:1298) ~[classes/:?]
	at org.apache.hadoop.hive.ql.metadata.Hive.createTable(Hive.java:1306) ~[classes/:?]
	at org.apache.hadoop.hive.ql.ddl.table.create.CreateTableOperation.createTableNonReplaceMode(CreateTableOperation.java:140) ~[classes/:?]
	at org.apache.hadoop.hive.ql.ddl.table.create.CreateTableOperation.execute(CreateTableOperation.java:98) ~[classes/:?]
	at org.apache.hadoop.hive.ql.ddl.DDLTask.execute(DDLTask.java:84) ~[classes/:?]
	at org.apache.hadoop.hive.ql.exec.Task.executeTask(Task.java:212) ~[classes/:?]
	at org.apache.hadoop.hive.ql.exec.TaskRunner.runSequential(TaskRunner.java:105) ~[classes/:?]
	at org.apache.hadoop.hive.ql.Executor.launchTask(Executor.java:361) ~[classes/:?]
	at org.apache.hadoop.hive.ql.Executor.launchTasks(Executor.java:334) ~[classes/:?]
	at org.apache.hadoop.hive.ql.Executor.runTasks(Executor.java:245) ~[classes/:?]
	at org.apache.hadoop.hive.ql.Executor.execute(Executor.java:108) ~[classes/:?]
	at org.apache.hadoop.hive.ql.Driver.execute(Driver.java:348) ~[classes/:?]
	at org.apache.hadoop.hive.ql.Driver.runInternal(Driver.java:204) ~[classes/:?]
	at org.apache.hadoop.hive.ql.Driver.run(Driver.java:153) ~[classes/:?]
	at org.apache.hadoop.hive.ql.Driver.run(Driver.java:148) ~[classes/:?]
	at org.apache.hadoop.hive.ql.reexec.ReExecDriver.run(ReExecDriver.java:164) ~[classes/:?]
	at org.apache.hadoop.hive.ql.reexec.ReExecDriver.run(ReExecDriver.java:230) ~[classes/:?]
	at org.apache.hive.streaming.TestStreamingDynamicPartitioning.runDDL(TestStreamingDynamicPartitioning.java:829) ~[test-classes/:?]
	at org.apache.hive.streaming.TestStreamingDynamicPartitioning.createDbAndTable(TestStreamingDynamicPartitioning.java:885) ~[test-classes/:?]
	at org.apache.hive.streaming.TestStreamingDynamicPartitioning.setup(TestStreamingDynamicPartitioning.java:155) ~[test-classes/:?]
	at sun.reflect.NativeMethodAccessorImpl.invoke0(Native Method) ~[?:1.8.0_402]
	at sun.reflect.NativeMethodAccessorImpl.invoke(NativeMethodAccessorImpl.java:62) ~[?:1.8.0_402]
	at sun.reflect.DelegatingMethodAccessorImpl.invoke(DelegatingMethodAccessorImpl.java:43) ~[?:1.8.0_402]
	at java.lang.reflect.Method.invoke(Method.java:498) ~[?:1.8.0_402]
	at org.junit.runners.model.FrameworkMethod$1.runReflectiveCall(FrameworkMethod.java:59) ~[junit-4.13.jar:4.13]
	at org.junit.internal.runners.model.ReflectiveCallable.run(ReflectiveCallable.java:12) ~[junit-4.13.jar:4.13]
	at org.junit.runners.model.FrameworkMethod.invokeExplosively(FrameworkMethod.java:56) ~[junit-4.13.jar:4.13]
	at org.junit.internal.runners.statements.RunBefores.invokeMethod(RunBefores.java:33) ~[junit-4.13.jar:4.13]
	at org.junit.internal.runners.statements.RunBefores.evaluate(RunBefores.java:24) ~[junit-4.13.jar:4.13]
	at org.junit.internal.runners.statements.RunAfters.evaluate(RunAfters.java:27) ~[junit-4.13.jar:4.13]
	at org.junit.rules.ExternalResource$1.evaluate(ExternalResource.java:54) ~[junit-4.13.jar:4.13]
	at org.junit.runners.ParentRunner$3.evaluate(ParentRunner.java:306) ~[junit-4.13.jar:4.13]
	at org.junit.runners.BlockJUnit4ClassRunner$1.evaluate(BlockJUnit4ClassRunner.java:100) ~[junit-4.13.jar:4.13]
	at org.junit.runners.ParentRunner.runLeaf(ParentRunner.java:366) ~[junit-4.13.jar:4.13]
	at org.junit.runners.BlockJUnit4ClassRunner.runChild(BlockJUnit4ClassRunner.java:103) ~[junit-4.13.jar:4.13]
	at org.junit.runners.BlockJUnit4ClassRunner.runChild(BlockJUnit4ClassRunner.java:63) ~[junit-4.13.jar:4.13]
	at org.junit.runners.ParentRunner$4.run(ParentRunner.java:331) ~[junit-4.13.jar:4.13]
	at org.junit.runners.ParentRunner$1.schedule(ParentRunner.java:79) ~[junit-4.13.jar:4.13]
	at org.junit.runners.ParentRunner.runChildren(ParentRunner.java:329) ~[junit-4.13.jar:4.13]
	at org.junit.runners.ParentRunner.access$100(ParentRunner.java:66) ~[junit-4.13.jar:4.13]
	at org.junit.runners.ParentRunner$2.evaluate(ParentRunner.java:293) ~[junit-4.13.jar:4.13]
	at org.junit.runners.ParentRunner$3.evaluate(ParentRunner.java:306) ~[junit-4.13.jar:4.13]
	at org.junit.runners.ParentRunner.run(ParentRunner.java:413) ~[junit-4.13.jar:4.13]
	at org.junit.runner.JUnitCore.run(JUnitCore.java:137) ~[junit-4.13.jar:4.13]
	at org.junit.runner.JUnitCore.run(JUnitCore.java:115) ~[junit-4.13.jar:4.13]
	at org.junit.vintage.engine.execution.RunnerExecutor.execute(RunnerExecutor.java:43) ~[junit-vintage-engine-5.6.2.jar:5.6.2]
	at java.util.stream.ForEachOps$ForEachOp$OfRef.accept(ForEachOps.java:183) ~[?:1.8.0_402]
	at java.util.stream.ReferencePipeline$3$1.accept(ReferencePipeline.java:193) ~[?:1.8.0_402]
	at java.util.Iterator.forEachRemaining(Iterator.java:116) ~[?:1.8.0_402]
	at java.util.Spliterators$IteratorSpliterator.forEachRemaining(Spliterators.java:1801) ~[?:1.8.0_402]
	at java.util.stream.AbstractPipeline.copyInto(AbstractPipeline.java:482) ~[?:1.8.0_402]
	at java.util.stream.AbstractPipeline.wrapAndCopyInto(AbstractPipeline.java:472) ~[?:1.8.0_402]
	at java.util.stream.ForEachOps$ForEachOp.evaluateSequential(ForEachOps.java:150) ~[?:1.8.0_402]
	at java.util.stream.ForEachOps$ForEachOp$OfRef.evaluateSequential(ForEachOps.java:173) ~[?:1.8.0_402]
	at java.util.stream.AbstractPipeline.evaluate(AbstractPipeline.java:234) ~[?:1.8.0_402]
	at java.util.stream.ReferencePipeline.forEach(ReferencePipeline.java:485) ~[?:1.8.0_402]
	at org.junit.vintage.engine.VintageTestEngine.executeAllChildren(VintageTestEngine.java:82) ~[junit-vintage-engine-5.6.2.jar:5.6.2]
	at org.junit.vintage.engine.VintageTestEngine.execute(VintageTestEngine.java:73) ~[junit-vintage-engine-5.6.2.jar:5.6.2]
	at org.junit.platform.launcher.core.DefaultLauncher.execute(DefaultLauncher.java:248) ~[junit-platform-launcher-1.6.2.jar:1.6.2]
	at org.junit.platform.launcher.core.DefaultLauncher.lambda$execute$5(DefaultLauncher.java:211) ~[junit-platform-launcher-1.6.2.jar:1.6.2]
	at org.junit.platform.launcher.core.DefaultLauncher.withInterceptedStreams(DefaultLauncher.java:226) [junit-platform-launcher-1.6.2.jar:1.6.2]
	at org.junit.platform.launcher.core.DefaultLauncher.execute(DefaultLauncher.java:199) [junit-platform-launcher-1.6.2.jar:1.6.2]
	at org.junit.platform.launcher.core.DefaultLauncher.execute(DefaultLauncher.java:132) [junit-platform-launcher-1.6.2.jar:1.6.2]
	at org.apache.maven.surefire.junitplatform.JUnitPlatformProvider.invokeAllTests(JUnitPlatformProvider.java:154) [surefire-junit-platform-3.0.0-M4.jar:3.0.0-M4]
	at org.apache.maven.surefire.junitplatform.JUnitPlatformProvider.invoke(JUnitPlatformProvider.java:123) [surefire-junit-platform-3.0.0-M4.jar:3.0.0-M4]
	at org.apache.maven.surefire.booter.ForkedBooter.runSuitesInProcess(ForkedBooter.java:377) [surefire-booter-3.0.0-M4.jar:3.0.0-M4]
	at org.apache.maven.surefire.booter.ForkedBooter.execute(ForkedBooter.java:138) [surefire-booter-3.0.0-M4.jar:3.0.0-M4]
	at org.apache.maven.surefire.booter.ForkedBooter.run(ForkedBooter.java:465) [surefire-booter-3.0.0-M4.jar:3.0.0-M4]
	at org.apache.maven.surefire.booter.ForkedBooter.main(ForkedBooter.java:451) [surefire-booter-3.0.0-M4.jar:3.0.0-M4]
Caused by: org.apache.hadoop.hive.metastore.api.AlreadyExistsException: Table hive.default.alerts already exists
	at org.apache.hadoop.hive.metastore.HMSHandler.create_table_core(HMSHandler.java:2339) ~[classes/:?]
	at org.apache.hadoop.hive.metastore.HMSHandler.create_table_req(HMSHandler.java:2598) ~[classes/:?]
	at sun.reflect.NativeMethodAccessorImpl.invoke0(Native Method) ~[?:1.8.0_402]
	at sun.reflect.NativeMethodAccessorImpl.invoke(NativeMethodAccessorImpl.java:62) ~[?:1.8.0_402]
	at sun.reflect.DelegatingMethodAccessorImpl.invoke(DelegatingMethodAccessorImpl.java:43) ~[?:1.8.0_402]
	at java.lang.reflect.Method.invoke(Method.java:498) ~[?:1.8.0_402]
	at org.apache.hadoop.hive.metastore.RetryingHMSHandler.invokeInternal(RetryingHMSHandler.java:147) ~[classes/:?]
	at org.apache.hadoop.hive.metastore.RetryingHMSHandler.invoke(RetryingHMSHandler.java:108) ~[classes/:?]
	at com.sun.proxy.$Proxy38.create_table_req(Unknown Source) ~[?:?]
	at org.apache.hadoop.hive.metastore.HiveMetaStoreClient.create_table_with_environment_context(HiveMetaStoreClient.java:4408) ~[classes/:?]
	at org.apache.hadoop.hive.ql.metadata.SessionHiveMetaStoreClient.create_table_with_environment_context(SessionHiveMetaStoreClient.java:182) ~[classes/:?]
	at org.apache.hadoop.hive.metastore.HiveMetaStoreClient.createTable(HiveMetaStoreClient.java:1260) ~[classes/:?]
	at org.apache.hadoop.hive.metastore.HiveMetaStoreClient.createTable(HiveMetaStoreClient.java:1245) ~[classes/:?]
	at sun.reflect.NativeMethodAccessorImpl.invoke0(Native Method) ~[?:1.8.0_402]
	at sun.reflect.NativeMethodAccessorImpl.invoke(NativeMethodAccessorImpl.java:62) ~[?:1.8.0_402]
	at sun.reflect.DelegatingMethodAccessorImpl.invoke(DelegatingMethodAccessorImpl.java:43) ~[?:1.8.0_402]
	at java.lang.reflect.Method.invoke(Method.java:498) ~[?:1.8.0_402]
	at org.apache.hadoop.hive.metastore.RetryingMetaStoreClient.invoke(RetryingMetaStoreClient.java:218) ~[classes/:?]
	at com.sun.proxy.$Proxy47.createTable(Unknown Source) ~[?:?]
	at org.apache.hadoop.hive.ql.metadata.Hive.createTable(Hive.java:1290) ~[classes/:?]
	... 68 more
2024-04-24T12:35:26,290  INFO [main] reexec.ReOptimizePlugin: ReOptimization: retryPossible: false
2024-04-24T12:35:26,290  INFO [main] reexec.ReExecuteLostAMQueryPlugin: Got exception message: AlreadyExistsException(message:Table hive.default.alerts already exists) retryPossible: false
2024-04-24T12:35:26,290  INFO [main] reexec.ReExecutionDagSubmitPlugin: Got exception message: AlreadyExistsException(message:Table hive.default.alerts already exists) retryPossible: false
FAILED: Execution Error, return code 40000 from org.apache.hadoop.hive.ql.ddl.DDLTask. AlreadyExistsException(message:Table hive.default.alerts already exists)
2024-04-24T12:35:26,291 ERROR [main] ql.Driver: FAILED: Execution Error, return code 40000 from org.apache.hadoop.hive.ql.ddl.DDLTask. AlreadyExistsException(message:Table hive.default.alerts already exists)
2024-04-24T12:35:26,291  INFO [main] metadata.Hive: Dumping metastore api call timing information for : execution phase
2024-04-24T12:35:26,291  INFO [main] metadata.Hive: Total time spent in each metastore function (ms): {isCompatibleWith_(Configuration)=0}
2024-04-24T12:35:26,291  INFO [main] ql.Driver: Completed executing command(queryId=alex_20240424123526_736d878a-9e42-4cd9-b3dd-ece6b4ddaa63); Time taken: 0.022 seconds
2024-04-24T12:35:26,291  INFO [main] lockmgr.DbTxnManager: Stopped heartbeat for query: alex_20240424123526_736d878a-9e42-4cd9-b3dd-ece6b4ddaa63
2024-04-24T12:35:26,292  INFO [main] txn.TxnHandler: Removed transactions: ([2]) from MIN_HISTORY_LEVEL
2024-04-24T12:35:26,297 ERROR [main] streaming.TestStreamingDynamicPartitioning: Statement: create table alerts ( id int,msg string ) partitioned by (Continent string,Country string ) clustered by ( id ) into 1 buckets  stored as orc  location 'raw:///home/alex/Repositories/hive/streaming/target/tmp/junit3445523375433877295/testing.db/alerts' TBLPROPERTIES ('transactional'='true')  failed: (responseCode = 40000, errorMessage = FAILED: Execution Error, return code 40000 from org.apache.hadoop.hive.ql.ddl.DDLTask. AlreadyExistsException(message:Table hive.default.alerts already exists), hiveErrorCode = 40000, SQLState = 08S01, exception = AlreadyExistsException(message:Table hive.default.alerts already exists))
2024-04-24T12:35:26,298  INFO [main] HiveMetaStore.audit: ugi=alex	ip=unknown-ip-addr	cmd=get_table_names_by_filter: db = @hive#testing2, filter = 	
2024-04-24T12:35:26,300  INFO [main] HiveMetaStore.audit: ugi=alex	ip=unknown-ip-addr	cmd=get_database: testing2	
2024-04-24T12:35:26,302  INFO [main] ql.Driver: Compiling command(queryId=alex_20240424123526_736d878a-9e42-4cd9-b3dd-ece6b4ddaa63): create database IF NOT EXISTS testing5 location 'raw:///home/alex/Repositories/hive/streaming/target/tmp/junit2097318496593036112/testing5.db'
2024-04-24T12:35:26,305  INFO [main] txn.TxnHandler: Added entries to MIN_HISTORY_LEVEL for current txns: ([3]) with min_open_txn: 1
2024-04-24T12:35:26,305  INFO [main] lockmgr.DbTxnManager: Opened txnid:3
2024-04-24T12:35:26,307  INFO [main] ql.Driver: Semantic Analysis Completed (retrial = false)
2024-04-24T12:35:26,307  INFO [main] ql.Driver: Created Hive schema: Schema(fieldSchemas:null, properties:null)
2024-04-24T12:35:26,307  INFO [main] metadata.Hive: Dumping metastore api call timing information for : compilation phase
2024-04-24T12:35:26,307  INFO [main] metadata.Hive: Total time spent in each metastore function (ms): {openTxn_(String, TxnType)=2, flushCache_()=0, getValidTxns_(long)=0, isCompatibleWith_(Configuration)=2, rollbackTxn_(long)=5}
2024-04-24T12:35:26,307  INFO [main] ql.Driver: Completed compiling command(queryId=alex_20240424123526_736d878a-9e42-4cd9-b3dd-ece6b4ddaa63); Time taken: 0.005 seconds
2024-04-24T12:35:26,308  INFO [main] reexec.ReExecDriver: Execution #1 of query
2024-04-24T12:35:26,308  INFO [main] lockmgr.DbTxnManager: Setting lock request transaction to txnid:3 for queryId=alex_20240424123526_736d878a-9e42-4cd9-b3dd-ece6b4ddaa63
2024-04-24T12:35:26,308  INFO [main] ql.Driver: Operation CREATEDATABASE obtained 0 locks
2024-04-24T12:35:26,308  INFO [main] ql.Driver: Executing command(queryId=alex_20240424123526_736d878a-9e42-4cd9-b3dd-ece6b4ddaa63): create database IF NOT EXISTS testing5 location 'raw:///home/alex/Repositories/hive/streaming/target/tmp/junit2097318496593036112/testing5.db'
PREHOOK: query: create database IF NOT EXISTS testing5 location 'raw:///home/alex/Repositories/hive/streaming/target/tmp/junit2097318496593036112/testing5.db'
2024-04-24T12:35:26,308  INFO [main] SessionState: PREHOOK: query: create database IF NOT EXISTS testing5 location 'raw:///home/alex/Repositories/hive/streaming/target/tmp/junit2097318496593036112/testing5.db'
PREHOOK: type: CREATEDATABASE
2024-04-24T12:35:26,308  INFO [main] SessionState: PREHOOK: type: CREATEDATABASE
PREHOOK: Output: database:testing5
2024-04-24T12:35:26,308  INFO [main] SessionState: PREHOOK: Output: database:testing5
PREHOOK: Output: raw:/home/alex/Repositories/hive/streaming/target/tmp/junit2097318496593036112/testing5.db
2024-04-24T12:35:26,308  INFO [main] SessionState: PREHOOK: Output: raw:/home/alex/Repositories/hive/streaming/target/tmp/junit2097318496593036112/testing5.db
2024-04-24T12:35:26,309  INFO [main] ql.Driver: Starting task [Stage-0:DDL] in serial mode
2024-04-24T12:35:26,309  INFO [main] HiveMetaStore.audit: ugi=alex	ip=unknown-ip-addr	cmd=create_database: Database(name:testing5, description:null, locationUri:raw:/home/alex/Repositories/hive/streaming/target/tmp/junit2097318496593036112/testing5.db, parameters:null, ownerName:alex, ownerType:USER, catalogName:hive, managedLocationUri:pfile:/home/alex/Repositories/hive/streaming/target/warehouse/testing5.db, type:NATIVE)	
2024-04-24T12:35:26,318 ERROR [main] metastore.RetryingHMSHandler: MetaException(message:Unable to create database managed directory pfile:/home/alex/Repositories/hive/streaming/target/warehouse/testing5.db, failed to create database testing5)
	at org.apache.hadoop.hive.metastore.HMSHandler.create_database_core(HMSHandler.java:1366)
	at org.apache.hadoop.hive.metastore.HMSHandler.create_database(HMSHandler.java:1486)
	at sun.reflect.NativeMethodAccessorImpl.invoke0(Native Method)
	at sun.reflect.NativeMethodAccessorImpl.invoke(NativeMethodAccessorImpl.java:62)
	at sun.reflect.DelegatingMethodAccessorImpl.invoke(DelegatingMethodAccessorImpl.java:43)
	at java.lang.reflect.Method.invoke(Method.java:498)
	at org.apache.hadoop.hive.metastore.RetryingHMSHandler.invokeInternal(RetryingHMSHandler.java:147)
	at org.apache.hadoop.hive.metastore.RetryingHMSHandler.invoke(RetryingHMSHandler.java:108)
	at com.sun.proxy.$Proxy38.create_database(Unknown Source)
	at org.apache.hadoop.hive.metastore.HiveMetaStoreClient.createDatabase(HiveMetaStoreClient.java:1151)
	at sun.reflect.NativeMethodAccessorImpl.invoke0(Native Method)
	at sun.reflect.NativeMethodAccessorImpl.invoke(NativeMethodAccessorImpl.java:62)
	at sun.reflect.DelegatingMethodAccessorImpl.invoke(DelegatingMethodAccessorImpl.java:43)
	at java.lang.reflect.Method.invoke(Method.java:498)
	at org.apache.hadoop.hive.metastore.RetryingMetaStoreClient.invoke(RetryingMetaStoreClient.java:218)
	at com.sun.proxy.$Proxy47.createDatabase(Unknown Source)
	at org.apache.hadoop.hive.ql.metadata.Hive.createDatabase(Hive.java:605)
	at org.apache.hadoop.hive.ql.ddl.database.create.CreateDatabaseOperation.execute(CreateDatabaseOperation.java:68)
	at org.apache.hadoop.hive.ql.ddl.DDLTask.execute(DDLTask.java:84)
	at org.apache.hadoop.hive.ql.exec.Task.executeTask(Task.java:212)
	at org.apache.hadoop.hive.ql.exec.TaskRunner.runSequential(TaskRunner.java:105)
	at org.apache.hadoop.hive.ql.Executor.launchTask(Executor.java:361)
	at org.apache.hadoop.hive.ql.Executor.launchTasks(Executor.java:334)
	at org.apache.hadoop.hive.ql.Executor.runTasks(Executor.java:245)
	at org.apache.hadoop.hive.ql.Executor.execute(Executor.java:108)
	at org.apache.hadoop.hive.ql.Driver.execute(Driver.java:348)
	at org.apache.hadoop.hive.ql.Driver.runInternal(Driver.java:204)
	at org.apache.hadoop.hive.ql.Driver.run(Driver.java:153)
	at org.apache.hadoop.hive.ql.Driver.run(Driver.java:148)
	at org.apache.hadoop.hive.ql.reexec.ReExecDriver.run(ReExecDriver.java:164)
	at org.apache.hadoop.hive.ql.reexec.ReExecDriver.run(ReExecDriver.java:230)
	at org.apache.hive.streaming.TestStreamingDynamicPartitioning.runDDL(TestStreamingDynamicPartitioning.java:829)
	at org.apache.hive.streaming.TestStreamingDynamicPartitioning.createStoreSales(TestStreamingDynamicPartitioning.java:177)
	at org.apache.hive.streaming.TestStreamingDynamicPartitioning.setup(TestStreamingDynamicPartitioning.java:160)
	at sun.reflect.NativeMethodAccessorImpl.invoke0(Native Method)
	at sun.reflect.NativeMethodAccessorImpl.invoke(NativeMethodAccessorImpl.java:62)
	at sun.reflect.DelegatingMethodAccessorImpl.invoke(DelegatingMethodAccessorImpl.java:43)
	at java.lang.reflect.Method.invoke(Method.java:498)
	at org.junit.runners.model.FrameworkMethod$1.runReflectiveCall(FrameworkMethod.java:59)
	at org.junit.internal.runners.model.ReflectiveCallable.run(ReflectiveCallable.java:12)
	at org.junit.runners.model.FrameworkMethod.invokeExplosively(FrameworkMethod.java:56)
	at org.junit.internal.runners.statements.RunBefores.invokeMethod(RunBefores.java:33)
	at org.junit.internal.runners.statements.RunBefores.evaluate(RunBefores.java:24)
	at org.junit.internal.runners.statements.RunAfters.evaluate(RunAfters.java:27)
	at org.junit.rules.ExternalResource$1.evaluate(ExternalResource.java:54)
	at org.junit.runners.ParentRunner$3.evaluate(ParentRunner.java:306)
	at org.junit.runners.BlockJUnit4ClassRunner$1.evaluate(BlockJUnit4ClassRunner.java:100)
	at org.junit.runners.ParentRunner.runLeaf(ParentRunner.java:366)
	at org.junit.runners.BlockJUnit4ClassRunner.runChild(BlockJUnit4ClassRunner.java:103)
	at org.junit.runners.BlockJUnit4ClassRunner.runChild(BlockJUnit4ClassRunner.java:63)
	at org.junit.runners.ParentRunner$4.run(ParentRunner.java:331)
	at org.junit.runners.ParentRunner$1.schedule(ParentRunner.java:79)
	at org.junit.runners.ParentRunner.runChildren(ParentRunner.java:329)
	at org.junit.runners.ParentRunner.access$100(ParentRunner.java:66)
	at org.junit.runners.ParentRunner$2.evaluate(ParentRunner.java:293)
	at org.junit.runners.ParentRunner$3.evaluate(ParentRunner.java:306)
	at org.junit.runners.ParentRunner.run(ParentRunner.java:413)
	at org.junit.runner.JUnitCore.run(JUnitCore.java:137)
	at org.junit.runner.JUnitCore.run(JUnitCore.java:115)
	at org.junit.vintage.engine.execution.RunnerExecutor.execute(RunnerExecutor.java:43)
	at java.util.stream.ForEachOps$ForEachOp$OfRef.accept(ForEachOps.java:183)
	at java.util.stream.ReferencePipeline$3$1.accept(ReferencePipeline.java:193)
	at java.util.Iterator.forEachRemaining(Iterator.java:116)
	at java.util.Spliterators$IteratorSpliterator.forEachRemaining(Spliterators.java:1801)
	at java.util.stream.AbstractPipeline.copyInto(AbstractPipeline.java:482)
	at java.util.stream.AbstractPipeline.wrapAndCopyInto(AbstractPipeline.java:472)
	at java.util.stream.ForEachOps$ForEachOp.evaluateSequential(ForEachOps.java:150)
	at java.util.stream.ForEachOps$ForEachOp$OfRef.evaluateSequential(ForEachOps.java:173)
	at java.util.stream.AbstractPipeline.evaluate(AbstractPipeline.java:234)
	at java.util.stream.ReferencePipeline.forEach(ReferencePipeline.java:485)
	at org.junit.vintage.engine.VintageTestEngine.executeAllChildren(VintageTestEngine.java:82)
	at org.junit.vintage.engine.VintageTestEngine.execute(VintageTestEngine.java:73)
	at org.junit.platform.launcher.core.DefaultLauncher.execute(DefaultLauncher.java:248)
	at org.junit.platform.launcher.core.DefaultLauncher.lambda$execute$5(DefaultLauncher.java:211)
	at org.junit.platform.launcher.core.DefaultLauncher.withInterceptedStreams(DefaultLauncher.java:226)
	at org.junit.platform.launcher.core.DefaultLauncher.execute(DefaultLauncher.java:199)
	at org.junit.platform.launcher.core.DefaultLauncher.execute(DefaultLauncher.java:132)
	at org.apache.maven.surefire.junitplatform.JUnitPlatformProvider.invokeAllTests(JUnitPlatformProvider.java:154)
	at org.apache.maven.surefire.junitplatform.JUnitPlatformProvider.invoke(JUnitPlatformProvider.java:123)
	at org.apache.maven.surefire.booter.ForkedBooter.runSuitesInProcess(ForkedBooter.java:377)
	at org.apache.maven.surefire.booter.ForkedBooter.execute(ForkedBooter.java:138)
	at org.apache.maven.surefire.booter.ForkedBooter.run(ForkedBooter.java:465)
	at org.apache.maven.surefire.booter.ForkedBooter.main(ForkedBooter.java:451)

2024-04-24T12:35:26,318 ERROR [main] exec.Task: Failed
org.apache.hadoop.hive.ql.metadata.HiveException: MetaException(message:Unable to create database managed directory pfile:/home/alex/Repositories/hive/streaming/target/warehouse/testing5.db, failed to create database testing5)
	at org.apache.hadoop.hive.ql.metadata.Hive.createDatabase(Hive.java:611) ~[classes/:?]
	at org.apache.hadoop.hive.ql.ddl.database.create.CreateDatabaseOperation.execute(CreateDatabaseOperation.java:68) ~[classes/:?]
	at org.apache.hadoop.hive.ql.ddl.DDLTask.execute(DDLTask.java:84) ~[classes/:?]
	at org.apache.hadoop.hive.ql.exec.Task.executeTask(Task.java:212) ~[classes/:?]
	at org.apache.hadoop.hive.ql.exec.TaskRunner.runSequential(TaskRunner.java:105) ~[classes/:?]
	at org.apache.hadoop.hive.ql.Executor.launchTask(Executor.java:361) ~[classes/:?]
	at org.apache.hadoop.hive.ql.Executor.launchTasks(Executor.java:334) ~[classes/:?]
	at org.apache.hadoop.hive.ql.Executor.runTasks(Executor.java:245) ~[classes/:?]
	at org.apache.hadoop.hive.ql.Executor.execute(Executor.java:108) ~[classes/:?]
	at org.apache.hadoop.hive.ql.Driver.execute(Driver.java:348) ~[classes/:?]
	at org.apache.hadoop.hive.ql.Driver.runInternal(Driver.java:204) ~[classes/:?]
	at org.apache.hadoop.hive.ql.Driver.run(Driver.java:153) ~[classes/:?]
	at org.apache.hadoop.hive.ql.Driver.run(Driver.java:148) ~[classes/:?]
	at org.apache.hadoop.hive.ql.reexec.ReExecDriver.run(ReExecDriver.java:164) ~[classes/:?]
	at org.apache.hadoop.hive.ql.reexec.ReExecDriver.run(ReExecDriver.java:230) ~[classes/:?]
	at org.apache.hive.streaming.TestStreamingDynamicPartitioning.runDDL(TestStreamingDynamicPartitioning.java:829) ~[test-classes/:?]
	at org.apache.hive.streaming.TestStreamingDynamicPartitioning.createStoreSales(TestStreamingDynamicPartitioning.java:177) ~[test-classes/:?]
	at org.apache.hive.streaming.TestStreamingDynamicPartitioning.setup(TestStreamingDynamicPartitioning.java:160) ~[test-classes/:?]
	at sun.reflect.NativeMethodAccessorImpl.invoke0(Native Method) ~[?:1.8.0_402]
	at sun.reflect.NativeMethodAccessorImpl.invoke(NativeMethodAccessorImpl.java:62) ~[?:1.8.0_402]
	at sun.reflect.DelegatingMethodAccessorImpl.invoke(DelegatingMethodAccessorImpl.java:43) ~[?:1.8.0_402]
	at java.lang.reflect.Method.invoke(Method.java:498) ~[?:1.8.0_402]
	at org.junit.runners.model.FrameworkMethod$1.runReflectiveCall(FrameworkMethod.java:59) ~[junit-4.13.jar:4.13]
	at org.junit.internal.runners.model.ReflectiveCallable.run(ReflectiveCallable.java:12) ~[junit-4.13.jar:4.13]
	at org.junit.runners.model.FrameworkMethod.invokeExplosively(FrameworkMethod.java:56) ~[junit-4.13.jar:4.13]
	at org.junit.internal.runners.statements.RunBefores.invokeMethod(RunBefores.java:33) ~[junit-4.13.jar:4.13]
	at org.junit.internal.runners.statements.RunBefores.evaluate(RunBefores.java:24) ~[junit-4.13.jar:4.13]
	at org.junit.internal.runners.statements.RunAfters.evaluate(RunAfters.java:27) ~[junit-4.13.jar:4.13]
	at org.junit.rules.ExternalResource$1.evaluate(ExternalResource.java:54) ~[junit-4.13.jar:4.13]
	at org.junit.runners.ParentRunner$3.evaluate(ParentRunner.java:306) ~[junit-4.13.jar:4.13]
	at org.junit.runners.BlockJUnit4ClassRunner$1.evaluate(BlockJUnit4ClassRunner.java:100) ~[junit-4.13.jar:4.13]
	at org.junit.runners.ParentRunner.runLeaf(ParentRunner.java:366) ~[junit-4.13.jar:4.13]
	at org.junit.runners.BlockJUnit4ClassRunner.runChild(BlockJUnit4ClassRunner.java:103) ~[junit-4.13.jar:4.13]
	at org.junit.runners.BlockJUnit4ClassRunner.runChild(BlockJUnit4ClassRunner.java:63) ~[junit-4.13.jar:4.13]
	at org.junit.runners.ParentRunner$4.run(ParentRunner.java:331) ~[junit-4.13.jar:4.13]
	at org.junit.runners.ParentRunner$1.schedule(ParentRunner.java:79) ~[junit-4.13.jar:4.13]
	at org.junit.runners.ParentRunner.runChildren(ParentRunner.java:329) ~[junit-4.13.jar:4.13]
	at org.junit.runners.ParentRunner.access$100(ParentRunner.java:66) ~[junit-4.13.jar:4.13]
	at org.junit.runners.ParentRunner$2.evaluate(ParentRunner.java:293) ~[junit-4.13.jar:4.13]
	at org.junit.runners.ParentRunner$3.evaluate(ParentRunner.java:306) ~[junit-4.13.jar:4.13]
	at org.junit.runners.ParentRunner.run(ParentRunner.java:413) ~[junit-4.13.jar:4.13]
	at org.junit.runner.JUnitCore.run(JUnitCore.java:137) ~[junit-4.13.jar:4.13]
	at org.junit.runner.JUnitCore.run(JUnitCore.java:115) ~[junit-4.13.jar:4.13]
	at org.junit.vintage.engine.execution.RunnerExecutor.execute(RunnerExecutor.java:43) ~[junit-vintage-engine-5.6.2.jar:5.6.2]
	at java.util.stream.ForEachOps$ForEachOp$OfRef.accept(ForEachOps.java:183) ~[?:1.8.0_402]
	at java.util.stream.ReferencePipeline$3$1.accept(ReferencePipeline.java:193) ~[?:1.8.0_402]
	at java.util.Iterator.forEachRemaining(Iterator.java:116) ~[?:1.8.0_402]
	at java.util.Spliterators$IteratorSpliterator.forEachRemaining(Spliterators.java:1801) ~[?:1.8.0_402]
	at java.util.stream.AbstractPipeline.copyInto(AbstractPipeline.java:482) ~[?:1.8.0_402]
	at java.util.stream.AbstractPipeline.wrapAndCopyInto(AbstractPipeline.java:472) ~[?:1.8.0_402]
	at java.util.stream.ForEachOps$ForEachOp.evaluateSequential(ForEachOps.java:150) ~[?:1.8.0_402]
	at java.util.stream.ForEachOps$ForEachOp$OfRef.evaluateSequential(ForEachOps.java:173) ~[?:1.8.0_402]
	at java.util.stream.AbstractPipeline.evaluate(AbstractPipeline.java:234) ~[?:1.8.0_402]
	at java.util.stream.ReferencePipeline.forEach(ReferencePipeline.java:485) ~[?:1.8.0_402]
	at org.junit.vintage.engine.VintageTestEngine.executeAllChildren(VintageTestEngine.java:82) ~[junit-vintage-engine-5.6.2.jar:5.6.2]
	at org.junit.vintage.engine.VintageTestEngine.execute(VintageTestEngine.java:73) ~[junit-vintage-engine-5.6.2.jar:5.6.2]
	at org.junit.platform.launcher.core.DefaultLauncher.execute(DefaultLauncher.java:248) ~[junit-platform-launcher-1.6.2.jar:1.6.2]
	at org.junit.platform.launcher.core.DefaultLauncher.lambda$execute$5(DefaultLauncher.java:211) ~[junit-platform-launcher-1.6.2.jar:1.6.2]
	at org.junit.platform.launcher.core.DefaultLauncher.withInterceptedStreams(DefaultLauncher.java:226) [junit-platform-launcher-1.6.2.jar:1.6.2]
	at org.junit.platform.launcher.core.DefaultLauncher.execute(DefaultLauncher.java:199) [junit-platform-launcher-1.6.2.jar:1.6.2]
	at org.junit.platform.launcher.core.DefaultLauncher.execute(DefaultLauncher.java:132) [junit-platform-launcher-1.6.2.jar:1.6.2]
	at org.apache.maven.surefire.junitplatform.JUnitPlatformProvider.invokeAllTests(JUnitPlatformProvider.java:154) [surefire-junit-platform-3.0.0-M4.jar:3.0.0-M4]
	at org.apache.maven.surefire.junitplatform.JUnitPlatformProvider.invoke(JUnitPlatformProvider.java:123) [surefire-junit-platform-3.0.0-M4.jar:3.0.0-M4]
	at org.apache.maven.surefire.booter.ForkedBooter.runSuitesInProcess(ForkedBooter.java:377) [surefire-booter-3.0.0-M4.jar:3.0.0-M4]
	at org.apache.maven.surefire.booter.ForkedBooter.execute(ForkedBooter.java:138) [surefire-booter-3.0.0-M4.jar:3.0.0-M4]
	at org.apache.maven.surefire.booter.ForkedBooter.run(ForkedBooter.java:465) [surefire-booter-3.0.0-M4.jar:3.0.0-M4]
	at org.apache.maven.surefire.booter.ForkedBooter.main(ForkedBooter.java:451) [surefire-booter-3.0.0-M4.jar:3.0.0-M4]
Caused by: org.apache.hadoop.hive.metastore.api.MetaException: Unable to create database managed directory pfile:/home/alex/Repositories/hive/streaming/target/warehouse/testing5.db, failed to create database testing5
	at org.apache.hadoop.hive.metastore.HMSHandler.create_database_core(HMSHandler.java:1366) ~[classes/:?]
	at org.apache.hadoop.hive.metastore.HMSHandler.create_database(HMSHandler.java:1486) ~[classes/:?]
	at sun.reflect.NativeMethodAccessorImpl.invoke0(Native Method) ~[?:1.8.0_402]
	at sun.reflect.NativeMethodAccessorImpl.invoke(NativeMethodAccessorImpl.java:62) ~[?:1.8.0_402]
	at sun.reflect.DelegatingMethodAccessorImpl.invoke(DelegatingMethodAccessorImpl.java:43) ~[?:1.8.0_402]
	at java.lang.reflect.Method.invoke(Method.java:498) ~[?:1.8.0_402]
	at org.apache.hadoop.hive.metastore.RetryingHMSHandler.invokeInternal(RetryingHMSHandler.java:147) ~[classes/:?]
	at org.apache.hadoop.hive.metastore.RetryingHMSHandler.invoke(RetryingHMSHandler.java:108) ~[classes/:?]
	at com.sun.proxy.$Proxy38.create_database(Unknown Source) ~[?:?]
	at org.apache.hadoop.hive.metastore.HiveMetaStoreClient.createDatabase(HiveMetaStoreClient.java:1151) ~[classes/:?]
	at sun.reflect.NativeMethodAccessorImpl.invoke0(Native Method) ~[?:1.8.0_402]
	at sun.reflect.NativeMethodAccessorImpl.invoke(NativeMethodAccessorImpl.java:62) ~[?:1.8.0_402]
	at sun.reflect.DelegatingMethodAccessorImpl.invoke(DelegatingMethodAccessorImpl.java:43) ~[?:1.8.0_402]
	at java.lang.reflect.Method.invoke(Method.java:498) ~[?:1.8.0_402]
	at org.apache.hadoop.hive.metastore.RetryingMetaStoreClient.invoke(RetryingMetaStoreClient.java:218) ~[classes/:?]
	at com.sun.proxy.$Proxy47.createDatabase(Unknown Source) ~[?:?]
	at org.apache.hadoop.hive.ql.metadata.Hive.createDatabase(Hive.java:605) ~[classes/:?]
	... 66 more
2024-04-24T12:35:26,319 ERROR [main] exec.Task: DDLTask failed, DDL Operation: class org.apache.hadoop.hive.ql.ddl.database.create.CreateDatabaseOperation
org.apache.hadoop.hive.ql.metadata.HiveException: MetaException(message:Unable to create database managed directory pfile:/home/alex/Repositories/hive/streaming/target/warehouse/testing5.db, failed to create database testing5)
	at org.apache.hadoop.hive.ql.metadata.Hive.createDatabase(Hive.java:611) ~[classes/:?]
	at org.apache.hadoop.hive.ql.ddl.database.create.CreateDatabaseOperation.execute(CreateDatabaseOperation.java:68) ~[classes/:?]
	at org.apache.hadoop.hive.ql.ddl.DDLTask.execute(DDLTask.java:84) ~[classes/:?]
	at org.apache.hadoop.hive.ql.exec.Task.executeTask(Task.java:212) ~[classes/:?]
	at org.apache.hadoop.hive.ql.exec.TaskRunner.runSequential(TaskRunner.java:105) ~[classes/:?]
	at org.apache.hadoop.hive.ql.Executor.launchTask(Executor.java:361) ~[classes/:?]
	at org.apache.hadoop.hive.ql.Executor.launchTasks(Executor.java:334) ~[classes/:?]
	at org.apache.hadoop.hive.ql.Executor.runTasks(Executor.java:245) ~[classes/:?]
	at org.apache.hadoop.hive.ql.Executor.execute(Executor.java:108) ~[classes/:?]
	at org.apache.hadoop.hive.ql.Driver.execute(Driver.java:348) ~[classes/:?]
	at org.apache.hadoop.hive.ql.Driver.runInternal(Driver.java:204) ~[classes/:?]
	at org.apache.hadoop.hive.ql.Driver.run(Driver.java:153) ~[classes/:?]
	at org.apache.hadoop.hive.ql.Driver.run(Driver.java:148) ~[classes/:?]
	at org.apache.hadoop.hive.ql.reexec.ReExecDriver.run(ReExecDriver.java:164) ~[classes/:?]
	at org.apache.hadoop.hive.ql.reexec.ReExecDriver.run(ReExecDriver.java:230) ~[classes/:?]
	at org.apache.hive.streaming.TestStreamingDynamicPartitioning.runDDL(TestStreamingDynamicPartitioning.java:829) ~[test-classes/:?]
	at org.apache.hive.streaming.TestStreamingDynamicPartitioning.createStoreSales(TestStreamingDynamicPartitioning.java:177) ~[test-classes/:?]
	at org.apache.hive.streaming.TestStreamingDynamicPartitioning.setup(TestStreamingDynamicPartitioning.java:160) ~[test-classes/:?]
	at sun.reflect.NativeMethodAccessorImpl.invoke0(Native Method) ~[?:1.8.0_402]
	at sun.reflect.NativeMethodAccessorImpl.invoke(NativeMethodAccessorImpl.java:62) ~[?:1.8.0_402]
	at sun.reflect.DelegatingMethodAccessorImpl.invoke(DelegatingMethodAccessorImpl.java:43) ~[?:1.8.0_402]
	at java.lang.reflect.Method.invoke(Method.java:498) ~[?:1.8.0_402]
	at org.junit.runners.model.FrameworkMethod$1.runReflectiveCall(FrameworkMethod.java:59) ~[junit-4.13.jar:4.13]
	at org.junit.internal.runners.model.ReflectiveCallable.run(ReflectiveCallable.java:12) ~[junit-4.13.jar:4.13]
	at org.junit.runners.model.FrameworkMethod.invokeExplosively(FrameworkMethod.java:56) ~[junit-4.13.jar:4.13]
	at org.junit.internal.runners.statements.RunBefores.invokeMethod(RunBefores.java:33) ~[junit-4.13.jar:4.13]
	at org.junit.internal.runners.statements.RunBefores.evaluate(RunBefores.java:24) ~[junit-4.13.jar:4.13]
	at org.junit.internal.runners.statements.RunAfters.evaluate(RunAfters.java:27) ~[junit-4.13.jar:4.13]
	at org.junit.rules.ExternalResource$1.evaluate(ExternalResource.java:54) ~[junit-4.13.jar:4.13]
	at org.junit.runners.ParentRunner$3.evaluate(ParentRunner.java:306) ~[junit-4.13.jar:4.13]
	at org.junit.runners.BlockJUnit4ClassRunner$1.evaluate(BlockJUnit4ClassRunner.java:100) ~[junit-4.13.jar:4.13]
	at org.junit.runners.ParentRunner.runLeaf(ParentRunner.java:366) ~[junit-4.13.jar:4.13]
	at org.junit.runners.BlockJUnit4ClassRunner.runChild(BlockJUnit4ClassRunner.java:103) ~[junit-4.13.jar:4.13]
	at org.junit.runners.BlockJUnit4ClassRunner.runChild(BlockJUnit4ClassRunner.java:63) ~[junit-4.13.jar:4.13]
	at org.junit.runners.ParentRunner$4.run(ParentRunner.java:331) ~[junit-4.13.jar:4.13]
	at org.junit.runners.ParentRunner$1.schedule(ParentRunner.java:79) ~[junit-4.13.jar:4.13]
	at org.junit.runners.ParentRunner.runChildren(ParentRunner.java:329) ~[junit-4.13.jar:4.13]
	at org.junit.runners.ParentRunner.access$100(ParentRunner.java:66) ~[junit-4.13.jar:4.13]
	at org.junit.runners.ParentRunner$2.evaluate(ParentRunner.java:293) ~[junit-4.13.jar:4.13]
	at org.junit.runners.ParentRunner$3.evaluate(ParentRunner.java:306) ~[junit-4.13.jar:4.13]
	at org.junit.runners.ParentRunner.run(ParentRunner.java:413) ~[junit-4.13.jar:4.13]
	at org.junit.runner.JUnitCore.run(JUnitCore.java:137) ~[junit-4.13.jar:4.13]
	at org.junit.runner.JUnitCore.run(JUnitCore.java:115) ~[junit-4.13.jar:4.13]
	at org.junit.vintage.engine.execution.RunnerExecutor.execute(RunnerExecutor.java:43) ~[junit-vintage-engine-5.6.2.jar:5.6.2]
	at java.util.stream.ForEachOps$ForEachOp$OfRef.accept(ForEachOps.java:183) ~[?:1.8.0_402]
	at java.util.stream.ReferencePipeline$3$1.accept(ReferencePipeline.java:193) ~[?:1.8.0_402]
	at java.util.Iterator.forEachRemaining(Iterator.java:116) ~[?:1.8.0_402]
	at java.util.Spliterators$IteratorSpliterator.forEachRemaining(Spliterators.java:1801) ~[?:1.8.0_402]
	at java.util.stream.AbstractPipeline.copyInto(AbstractPipeline.java:482) ~[?:1.8.0_402]
	at java.util.stream.AbstractPipeline.wrapAndCopyInto(AbstractPipeline.java:472) ~[?:1.8.0_402]
	at java.util.stream.ForEachOps$ForEachOp.evaluateSequential(ForEachOps.java:150) ~[?:1.8.0_402]
	at java.util.stream.ForEachOps$ForEachOp$OfRef.evaluateSequential(ForEachOps.java:173) ~[?:1.8.0_402]
	at java.util.stream.AbstractPipeline.evaluate(AbstractPipeline.java:234) ~[?:1.8.0_402]
	at java.util.stream.ReferencePipeline.forEach(ReferencePipeline.java:485) ~[?:1.8.0_402]
	at org.junit.vintage.engine.VintageTestEngine.executeAllChildren(VintageTestEngine.java:82) ~[junit-vintage-engine-5.6.2.jar:5.6.2]
	at org.junit.vintage.engine.VintageTestEngine.execute(VintageTestEngine.java:73) ~[junit-vintage-engine-5.6.2.jar:5.6.2]
	at org.junit.platform.launcher.core.DefaultLauncher.execute(DefaultLauncher.java:248) ~[junit-platform-launcher-1.6.2.jar:1.6.2]
	at org.junit.platform.launcher.core.DefaultLauncher.lambda$execute$5(DefaultLauncher.java:211) ~[junit-platform-launcher-1.6.2.jar:1.6.2]
	at org.junit.platform.launcher.core.DefaultLauncher.withInterceptedStreams(DefaultLauncher.java:226) [junit-platform-launcher-1.6.2.jar:1.6.2]
	at org.junit.platform.launcher.core.DefaultLauncher.execute(DefaultLauncher.java:199) [junit-platform-launcher-1.6.2.jar:1.6.2]
	at org.junit.platform.launcher.core.DefaultLauncher.execute(DefaultLauncher.java:132) [junit-platform-launcher-1.6.2.jar:1.6.2]
	at org.apache.maven.surefire.junitplatform.JUnitPlatformProvider.invokeAllTests(JUnitPlatformProvider.java:154) [surefire-junit-platform-3.0.0-M4.jar:3.0.0-M4]
	at org.apache.maven.surefire.junitplatform.JUnitPlatformProvider.invoke(JUnitPlatformProvider.java:123) [surefire-junit-platform-3.0.0-M4.jar:3.0.0-M4]
	at org.apache.maven.surefire.booter.ForkedBooter.runSuitesInProcess(ForkedBooter.java:377) [surefire-booter-3.0.0-M4.jar:3.0.0-M4]
	at org.apache.maven.surefire.booter.ForkedBooter.execute(ForkedBooter.java:138) [surefire-booter-3.0.0-M4.jar:3.0.0-M4]
	at org.apache.maven.surefire.booter.ForkedBooter.run(ForkedBooter.java:465) [surefire-booter-3.0.0-M4.jar:3.0.0-M4]
	at org.apache.maven.surefire.booter.ForkedBooter.main(ForkedBooter.java:451) [surefire-booter-3.0.0-M4.jar:3.0.0-M4]
Caused by: org.apache.hadoop.hive.metastore.api.MetaException: Unable to create database managed directory pfile:/home/alex/Repositories/hive/streaming/target/warehouse/testing5.db, failed to create database testing5
	at org.apache.hadoop.hive.metastore.HMSHandler.create_database_core(HMSHandler.java:1366) ~[classes/:?]
	at org.apache.hadoop.hive.metastore.HMSHandler.create_database(HMSHandler.java:1486) ~[classes/:?]
	at sun.reflect.NativeMethodAccessorImpl.invoke0(Native Method) ~[?:1.8.0_402]
	at sun.reflect.NativeMethodAccessorImpl.invoke(NativeMethodAccessorImpl.java:62) ~[?:1.8.0_402]
	at sun.reflect.DelegatingMethodAccessorImpl.invoke(DelegatingMethodAccessorImpl.java:43) ~[?:1.8.0_402]
	at java.lang.reflect.Method.invoke(Method.java:498) ~[?:1.8.0_402]
	at org.apache.hadoop.hive.metastore.RetryingHMSHandler.invokeInternal(RetryingHMSHandler.java:147) ~[classes/:?]
	at org.apache.hadoop.hive.metastore.RetryingHMSHandler.invoke(RetryingHMSHandler.java:108) ~[classes/:?]
	at com.sun.proxy.$Proxy38.create_database(Unknown Source) ~[?:?]
	at org.apache.hadoop.hive.metastore.HiveMetaStoreClient.createDatabase(HiveMetaStoreClient.java:1151) ~[classes/:?]
	at sun.reflect.NativeMethodAccessorImpl.invoke0(Native Method) ~[?:1.8.0_402]
	at sun.reflect.NativeMethodAccessorImpl.invoke(NativeMethodAccessorImpl.java:62) ~[?:1.8.0_402]
	at sun.reflect.DelegatingMethodAccessorImpl.invoke(DelegatingMethodAccessorImpl.java:43) ~[?:1.8.0_402]
	at java.lang.reflect.Method.invoke(Method.java:498) ~[?:1.8.0_402]
	at org.apache.hadoop.hive.metastore.RetryingMetaStoreClient.invoke(RetryingMetaStoreClient.java:218) ~[classes/:?]
	at com.sun.proxy.$Proxy47.createDatabase(Unknown Source) ~[?:?]
	at org.apache.hadoop.hive.ql.metadata.Hive.createDatabase(Hive.java:605) ~[classes/:?]
	... 66 more
2024-04-24T12:35:26,320  INFO [main] reexec.ReOptimizePlugin: ReOptimization: retryPossible: false
2024-04-24T12:35:26,320  INFO [main] reexec.ReExecuteLostAMQueryPlugin: Got exception message: MetaException(message:Unable to create database managed directory pfile:/home/alex/Repositories/hive/streaming/target/warehouse/testing5.db, failed to create database testing5) retryPossible: false
2024-04-24T12:35:26,320  INFO [main] reexec.ReExecutionDagSubmitPlugin: Got exception message: MetaException(message:Unable to create database managed directory pfile:/home/alex/Repositories/hive/streaming/target/warehouse/testing5.db, failed to create database testing5) retryPossible: false
FAILED: Execution Error, return code 40000 from org.apache.hadoop.hive.ql.ddl.DDLTask. MetaException(message:Unable to create database managed directory pfile:/home/alex/Repositories/hive/streaming/target/warehouse/testing5.db, failed to create database testing5)
2024-04-24T12:35:26,320 ERROR [main] ql.Driver: FAILED: Execution Error, return code 40000 from org.apache.hadoop.hive.ql.ddl.DDLTask. MetaException(message:Unable to create database managed directory pfile:/home/alex/Repositories/hive/streaming/target/warehouse/testing5.db, failed to create database testing5)
2024-04-24T12:35:26,320  INFO [main] metadata.Hive: Dumping metastore api call timing information for : execution phase
2024-04-24T12:35:26,320  INFO [main] metadata.Hive: Total time spent in each metastore function (ms): {isCompatibleWith_(Configuration)=0}
2024-04-24T12:35:26,320  INFO [main] ql.Driver: Completed executing command(queryId=alex_20240424123526_736d878a-9e42-4cd9-b3dd-ece6b4ddaa63); Time taken: 0.012 seconds
2024-04-24T12:35:26,320  INFO [main] lockmgr.DbTxnManager: Stopped heartbeat for query: alex_20240424123526_736d878a-9e42-4cd9-b3dd-ece6b4ddaa63
2024-04-24T12:35:26,323  INFO [main] txn.TxnHandler: Removed transactions: ([3]) from MIN_HISTORY_LEVEL
2024-04-24T12:35:26,327 ERROR [main] streaming.TestStreamingDynamicPartitioning: Statement: create database IF NOT EXISTS testing5 location 'raw:///home/alex/Repositories/hive/streaming/target/tmp/junit2097318496593036112/testing5.db' failed: (responseCode = 40000, errorMessage = FAILED: Execution Error, return code 40000 from org.apache.hadoop.hive.ql.ddl.DDLTask. MetaException(message:Unable to create database managed directory pfile:/home/alex/Repositories/hive/streaming/target/warehouse/testing5.db, failed to create database testing5), hiveErrorCode = 40000, SQLState = 08S01, exception = MetaException(message:Unable to create database managed directory pfile:/home/alex/Repositories/hive/streaming/target/warehouse/testing5.db, failed to create database testing5))
2024-04-24T12:35:26,327  INFO [main] HiveMetaStore.audit: ugi=alex	ip=unknown-ip-addr	cmd=Cleaning up thread local RawStore...	
2024-04-24T12:35:26,327  INFO [main] metastore.ObjectStore: RawStore: org.apache.hadoop.hive.metastore.ObjectStore@85cd413, with PersistenceManager: org.datanucleus.api.jdo.JDOPersistenceManager@688d2a5d will be shutdown
2024-04-24T12:35:26,328  INFO [main] HiveMetaStore.audit: ugi=alex	ip=unknown-ip-addr	cmd=Done cleaning up thread local RawStore	
2024-04-24T12:35:26,328  INFO [main] metastore.HiveMetaStoreClient: Closed a connection to metastore, current connections: -9
]]></system-err>
  </testcase>
  <testcase name="testJsonInputStreamDP" classname="org.apache.hive.streaming.TestStreamingDynamicPartitioning" time="0.192">
    <failure type="java.lang.AssertionError"><![CDATA[java.lang.AssertionError
	at org.junit.Assert.fail(Assert.java:87)
	at org.junit.Assert.assertTrue(Assert.java:42)
	at org.junit.Assert.assertTrue(Assert.java:53)
	at org.apache.hive.streaming.TestStreamingDynamicPartitioning.createStoreSales(TestStreamingDynamicPartitioning.java:178)
	at org.apache.hive.streaming.TestStreamingDynamicPartitioning.setup(TestStreamingDynamicPartitioning.java:160)
	at sun.reflect.NativeMethodAccessorImpl.invoke0(Native Method)
	at sun.reflect.NativeMethodAccessorImpl.invoke(NativeMethodAccessorImpl.java:62)
	at sun.reflect.DelegatingMethodAccessorImpl.invoke(DelegatingMethodAccessorImpl.java:43)
	at java.lang.reflect.Method.invoke(Method.java:498)
	at org.junit.runners.model.FrameworkMethod$1.runReflectiveCall(FrameworkMethod.java:59)
	at org.junit.internal.runners.model.ReflectiveCallable.run(ReflectiveCallable.java:12)
	at org.junit.runners.model.FrameworkMethod.invokeExplosively(FrameworkMethod.java:56)
	at org.junit.internal.runners.statements.RunBefores.invokeMethod(RunBefores.java:33)
	at org.junit.internal.runners.statements.RunBefores.evaluate(RunBefores.java:24)
	at org.junit.internal.runners.statements.RunAfters.evaluate(RunAfters.java:27)
	at org.junit.rules.ExternalResource$1.evaluate(ExternalResource.java:54)
	at org.junit.runners.ParentRunner$3.evaluate(ParentRunner.java:306)
	at org.junit.runners.BlockJUnit4ClassRunner$1.evaluate(BlockJUnit4ClassRunner.java:100)
	at org.junit.runners.ParentRunner.runLeaf(ParentRunner.java:366)
	at org.junit.runners.BlockJUnit4ClassRunner.runChild(BlockJUnit4ClassRunner.java:103)
	at org.junit.runners.BlockJUnit4ClassRunner.runChild(BlockJUnit4ClassRunner.java:63)
	at org.junit.runners.ParentRunner$4.run(ParentRunner.java:331)
	at org.junit.runners.ParentRunner$1.schedule(ParentRunner.java:79)
	at org.junit.runners.ParentRunner.runChildren(ParentRunner.java:329)
	at org.junit.runners.ParentRunner.access$100(ParentRunner.java:66)
	at org.junit.runners.ParentRunner$2.evaluate(ParentRunner.java:293)
	at org.junit.runners.ParentRunner$3.evaluate(ParentRunner.java:306)
	at org.junit.runners.ParentRunner.run(ParentRunner.java:413)
	at org.junit.runner.JUnitCore.run(JUnitCore.java:137)
	at org.junit.runner.JUnitCore.run(JUnitCore.java:115)
	at org.junit.vintage.engine.execution.RunnerExecutor.execute(RunnerExecutor.java:43)
	at java.util.stream.ForEachOps$ForEachOp$OfRef.accept(ForEachOps.java:183)
	at java.util.stream.ReferencePipeline$3$1.accept(ReferencePipeline.java:193)
	at java.util.Iterator.forEachRemaining(Iterator.java:116)
	at java.util.Spliterators$IteratorSpliterator.forEachRemaining(Spliterators.java:1801)
	at java.util.stream.AbstractPipeline.copyInto(AbstractPipeline.java:482)
	at java.util.stream.AbstractPipeline.wrapAndCopyInto(AbstractPipeline.java:472)
	at java.util.stream.ForEachOps$ForEachOp.evaluateSequential(ForEachOps.java:150)
	at java.util.stream.ForEachOps$ForEachOp$OfRef.evaluateSequential(ForEachOps.java:173)
	at java.util.stream.AbstractPipeline.evaluate(AbstractPipeline.java:234)
	at java.util.stream.ReferencePipeline.forEach(ReferencePipeline.java:485)
	at org.junit.vintage.engine.VintageTestEngine.executeAllChildren(VintageTestEngine.java:82)
	at org.junit.vintage.engine.VintageTestEngine.execute(VintageTestEngine.java:73)
	at org.junit.platform.launcher.core.DefaultLauncher.execute(DefaultLauncher.java:248)
	at org.junit.platform.launcher.core.DefaultLauncher.lambda$execute$5(DefaultLauncher.java:211)
	at org.junit.platform.launcher.core.DefaultLauncher.withInterceptedStreams(DefaultLauncher.java:226)
	at org.junit.platform.launcher.core.DefaultLauncher.execute(DefaultLauncher.java:199)
	at org.junit.platform.launcher.core.DefaultLauncher.execute(DefaultLauncher.java:132)
	at org.apache.maven.surefire.junitplatform.JUnitPlatformProvider.invokeAllTests(JUnitPlatformProvider.java:154)
	at org.apache.maven.surefire.junitplatform.JUnitPlatformProvider.invoke(JUnitPlatformProvider.java:123)
	at org.apache.maven.surefire.booter.ForkedBooter.runSuitesInProcess(ForkedBooter.java:377)
	at org.apache.maven.surefire.booter.ForkedBooter.execute(ForkedBooter.java:138)
	at org.apache.maven.surefire.booter.ForkedBooter.run(ForkedBooter.java:465)
	at org.apache.maven.surefire.booter.ForkedBooter.main(ForkedBooter.java:451)
]]></failure>
    <system-out><![CDATA[create database IF NOT EXISTS testing location 'raw:///home/alex/Repositories/hive/streaming/target/tmp/junit9019760562827636875/testing.db'
use testing
create table alerts ( id int,msg string ) partitioned by (Continent string,Country string ) clustered by ( id ) into 1 buckets  stored as orc  location 'raw:///home/alex/Repositories/hive/streaming/target/tmp/junit9019760562827636875/testing.db/alerts' TBLPROPERTIES ('transactional'='true') 
create database IF NOT EXISTS testing5 location 'raw:///home/alex/Repositories/hive/streaming/target/tmp/junit559208149134235549/testing5.db'
]]></system-out>
    <system-err><![CDATA[2024-04-24T12:35:26,367  WARN [main] conf.HiveConf: HiveConf of name hive.metastore.client.cache.maxSize does not exist
2024-04-24T12:35:26,367  WARN [main] conf.HiveConf: HiveConf of name hive.llap.io.cache.orc.alloc.min does not exist
2024-04-24T12:35:26,367  WARN [main] conf.HiveConf: HiveConf of name hive.metastore.metadb.dir does not exist
2024-04-24T12:35:26,367  WARN [main] conf.HiveConf: HiveConf of name hive.dummyparam.test.server.specific.config.hivesite does not exist
2024-04-24T12:35:26,368  WARN [main] conf.HiveConf: HiveConf of name hive.dummyparam.test.server.specific.config.override does not exist
2024-04-24T12:35:26,368  WARN [main] conf.HiveConf: HiveConf of name hive.stats.key.prefix.reserve.length does not exist
2024-04-24T12:35:26,368  WARN [main] conf.HiveConf: HiveConf of name hive.llap.io.cache.orc.arena.size does not exist
2024-04-24T12:35:26,368  WARN [main] conf.HiveConf: HiveConf of name hive.llap.io.cache.orc.alloc.max does not exist
2024-04-24T12:35:26,368  WARN [main] conf.HiveConf: HiveConf of name hive.llap.io.cache.orc.size does not exist
2024-04-24T12:35:26,368  WARN [main] conf.HiveConf: HiveConf of name hive.dummyparam.test.server.specific.config.metastoresite does not exist
2024-04-24T12:35:26,368  WARN [main] conf.HiveConf: HiveConf of name hive.metastore.client.cache.recordStats does not exist
2024-04-24T12:35:26,369  INFO [main] utils.TestTxnDbUtil: Cleaning transactional tables
2024-04-24T12:35:26,379  INFO [main] utils.TestTxnDbUtil: Creating transactional tables
2024-04-24T12:35:26,382  INFO [main] metastore.HiveMetaStoreClient: HMS client filtering is enabled.
2024-04-24T12:35:26,383  INFO [main] metastore.HMSHandler: 0: Opening raw store with implementation class:org.apache.hadoop.hive.metastore.ObjectStore
2024-04-24T12:35:26,383  INFO [main] metastore.PersistenceManagerProvider: Configuration datanucleus.autoStartMechanismMode is not set. Defaulting to 'ignored'
2024-04-24T12:35:26,384  INFO [main] metastore.ObjectStore: RawStore: org.apache.hadoop.hive.metastore.ObjectStore@55397d15, with PersistenceManager: null will be shutdown
2024-04-24T12:35:26,384  INFO [main] metastore.ObjectStore: RawStore: org.apache.hadoop.hive.metastore.ObjectStore@55397d15, with PersistenceManager: org.datanucleus.api.jdo.JDOPersistenceManager@5e360c3b created in the thread with id: 1
2024-04-24T12:35:26,388  INFO [main] metastore.HMSHandler: Created RawStore: org.apache.hadoop.hive.metastore.ObjectStore@55397d15 from thread id: 1
2024-04-24T12:35:26,388  INFO [main] metastore.HMSHandler: HMS server filtering is disabled by configuration
Hive Session ID = bc5ea1ce-cb03-45d6-87f5-2ec45b27e1fc
2024-04-24T12:35:26,389  INFO [main] SessionState: Hive Session ID = bc5ea1ce-cb03-45d6-87f5-2ec45b27e1fc
ivysettings.xml file not found in HIVE_HOME or HIVE_CONF_DIR,/home/alex/Repositories/hive/conf/ivysettings.xml will be used
2024-04-24T12:35:26,389  INFO [main] DependencyResolver: ivysettings.xml file not found in HIVE_HOME or HIVE_CONF_DIR,/home/alex/Repositories/hive/conf/ivysettings.xml will be used
2024-04-24T12:35:26,396  INFO [main] session.SessionState: Created HDFS directory: /home/alex/Repositories/hive/streaming/target/tmp/scratchdir/alex/bc5ea1ce-cb03-45d6-87f5-2ec45b27e1fc
2024-04-24T12:35:26,399  INFO [main] session.SessionState: Created local directory: /home/alex/Repositories/hive/streaming/target/tmp/localscratchdir/bc5ea1ce-cb03-45d6-87f5-2ec45b27e1fc
2024-04-24T12:35:26,401  INFO [main] session.SessionState: Created HDFS directory: /home/alex/Repositories/hive/streaming/target/tmp/scratchdir/alex/bc5ea1ce-cb03-45d6-87f5-2ec45b27e1fc/_tmp_space.db
2024-04-24T12:35:26,403  INFO [main] HiveMetaStore.audit: ugi=alex	ip=unknown-ip-addr	cmd=get_table_names_by_filter: db = @hive#testing, filter = 	
2024-04-24T12:35:26,405  INFO [main] HiveMetaStore.audit: ugi=alex	ip=unknown-ip-addr	cmd=get_database: testing	
2024-04-24T12:35:26,406  INFO [main] ql.Driver: Compiling command(queryId=alex_20240424123526_802b0969-6737-45bc-9f46-82e56f5f3058): create database IF NOT EXISTS testing location 'raw:///home/alex/Repositories/hive/streaming/target/tmp/junit9019760562827636875/testing.db'
2024-04-24T12:35:26,415  INFO [main] txn.TxnHandler: Added entries to MIN_HISTORY_LEVEL for current txns: ([1]) with min_open_txn: 1
2024-04-24T12:35:26,415  INFO [main] lockmgr.DbTxnManager: Opened txnid:1
2024-04-24T12:35:26,418  INFO [main] ql.Driver: Semantic Analysis Completed (retrial = false)
2024-04-24T12:35:26,418  INFO [main] ql.Driver: Created Hive schema: Schema(fieldSchemas:null, properties:null)
2024-04-24T12:35:26,418  INFO [main] metadata.Hive: Dumping metastore api call timing information for : compilation phase
2024-04-24T12:35:26,418  INFO [main] metadata.Hive: Total time spent in each metastore function (ms): {rollbackTxn_(long)=6, isCompatibleWith_(Configuration)=1, getValidTxns_(long)=3, openTxn_(String, TxnType)=8, flushCache_()=0}
2024-04-24T12:35:26,418  INFO [main] ql.Driver: Completed compiling command(queryId=alex_20240424123526_802b0969-6737-45bc-9f46-82e56f5f3058); Time taken: 0.012 seconds
2024-04-24T12:35:26,419  INFO [main] reexec.ReExecDriver: Execution #1 of query
2024-04-24T12:35:26,419  INFO [main] lockmgr.DbTxnManager: Setting lock request transaction to txnid:1 for queryId=alex_20240424123526_802b0969-6737-45bc-9f46-82e56f5f3058
2024-04-24T12:35:26,419  INFO [main] ql.Driver: Operation CREATEDATABASE obtained 0 locks
2024-04-24T12:35:26,419  INFO [main] ql.Driver: Executing command(queryId=alex_20240424123526_802b0969-6737-45bc-9f46-82e56f5f3058): create database IF NOT EXISTS testing location 'raw:///home/alex/Repositories/hive/streaming/target/tmp/junit9019760562827636875/testing.db'
PREHOOK: query: create database IF NOT EXISTS testing location 'raw:///home/alex/Repositories/hive/streaming/target/tmp/junit9019760562827636875/testing.db'
2024-04-24T12:35:26,419  INFO [main] SessionState: PREHOOK: query: create database IF NOT EXISTS testing location 'raw:///home/alex/Repositories/hive/streaming/target/tmp/junit9019760562827636875/testing.db'
PREHOOK: type: CREATEDATABASE
2024-04-24T12:35:26,419  INFO [main] SessionState: PREHOOK: type: CREATEDATABASE
PREHOOK: Output: database:testing
2024-04-24T12:35:26,419  INFO [main] SessionState: PREHOOK: Output: database:testing
PREHOOK: Output: raw:/home/alex/Repositories/hive/streaming/target/tmp/junit9019760562827636875/testing.db
2024-04-24T12:35:26,419  INFO [main] SessionState: PREHOOK: Output: raw:/home/alex/Repositories/hive/streaming/target/tmp/junit9019760562827636875/testing.db
2024-04-24T12:35:26,419  INFO [main] ql.Driver: Starting task [Stage-0:DDL] in serial mode
2024-04-24T12:35:26,420  INFO [main] sqlstd.SQLStdHiveAccessController: Created SQLStdHiveAccessController for session context : HiveAuthzSessionContext [sessionString=bc5ea1ce-cb03-45d6-87f5-2ec45b27e1fc, clientType=HIVECLI]
2024-04-24T12:35:26,420  INFO [main] metastore.HiveMetaStoreClient: Mestastore configuration metastore.filter.hook changed from org.apache.hadoop.hive.metastore.DefaultMetaStoreFilterHookImpl to org.apache.hadoop.hive.ql.security.authorization.plugin.AuthorizationMetaStoreFilterHook
2024-04-24T12:35:26,420  INFO [main] HiveMetaStore.audit: ugi=alex	ip=unknown-ip-addr	cmd=Cleaning up thread local RawStore...	
2024-04-24T12:35:26,420  INFO [main] metastore.ObjectStore: RawStore: org.apache.hadoop.hive.metastore.ObjectStore@55397d15, with PersistenceManager: org.datanucleus.api.jdo.JDOPersistenceManager@5e360c3b will be shutdown
2024-04-24T12:35:26,420  INFO [main] HiveMetaStore.audit: ugi=alex	ip=unknown-ip-addr	cmd=Done cleaning up thread local RawStore	
2024-04-24T12:35:26,420  INFO [main] metastore.HiveMetaStoreClient: Closed a connection to metastore, current connections: -10
2024-04-24T12:35:26,421  INFO [main] metastore.HiveMetaStoreClient: HMS client filtering is enabled.
2024-04-24T12:35:26,422  INFO [main] metastore.HMSHandler: 0: Opening raw store with implementation class:org.apache.hadoop.hive.metastore.ObjectStore
2024-04-24T12:35:26,422  INFO [main] metastore.PersistenceManagerProvider: Configuration datanucleus.autoStartMechanismMode is not set. Defaulting to 'ignored'
2024-04-24T12:35:26,423  INFO [main] metastore.ObjectStore: RawStore: org.apache.hadoop.hive.metastore.ObjectStore@6c6919ff, with PersistenceManager: null will be shutdown
2024-04-24T12:35:26,423  INFO [main] metastore.ObjectStore: RawStore: org.apache.hadoop.hive.metastore.ObjectStore@6c6919ff, with PersistenceManager: org.datanucleus.api.jdo.JDOPersistenceManager@5de335cf created in the thread with id: 1
2024-04-24T12:35:26,426  INFO [main] metastore.HMSHandler: Created RawStore: org.apache.hadoop.hive.metastore.ObjectStore@6c6919ff from thread id: 1
2024-04-24T12:35:26,426  INFO [main] metastore.HMSHandler: HMS server filtering is disabled by configuration
2024-04-24T12:35:26,426  INFO [main] metastore.RetryingMetaStoreClient: RetryingMetaStoreClient proxy=class org.apache.hadoop.hive.ql.metadata.SessionHiveMetaStoreClient ugi=alex (auth:SIMPLE) retries=1 delay=1 lifetime=0
2024-04-24T12:35:26,428  INFO [main] metastore.HiveMetaStoreClient: HMS client filtering is enabled.
2024-04-24T12:35:26,428  INFO [main] metastore.PersistenceManagerProvider: Configuration datanucleus.autoStartMechanismMode is not set. Defaulting to 'ignored'
2024-04-24T12:35:26,429  INFO [main] metastore.ObjectStore: RawStore: org.apache.hadoop.hive.metastore.ObjectStore@6c6919ff, with PersistenceManager: org.datanucleus.api.jdo.JDOPersistenceManager@5de335cf will be shutdown
2024-04-24T12:35:26,429  INFO [main] metastore.ObjectStore: RawStore: org.apache.hadoop.hive.metastore.ObjectStore@6c6919ff, with PersistenceManager: org.datanucleus.api.jdo.JDOPersistenceManager@5ae87de0 created in the thread with id: 1
2024-04-24T12:35:26,432  INFO [main] metastore.HMSHandler: HMS server filtering is disabled by configuration
2024-04-24T12:35:26,433  INFO [main] metastore.RetryingMetaStoreClient: RetryingMetaStoreClient proxy=class org.apache.hadoop.hive.ql.metadata.SessionHiveMetaStoreClient ugi=alex (auth:SIMPLE) retries=1 delay=1 lifetime=0
2024-04-24T12:35:26,433  INFO [main] HiveMetaStore.audit: ugi=alex	ip=unknown-ip-addr	cmd=create_database: Database(name:testing, description:null, locationUri:raw:/home/alex/Repositories/hive/streaming/target/tmp/junit9019760562827636875/testing.db, parameters:null, ownerName:alex, ownerType:USER, catalogName:hive, managedLocationUri:pfile:/home/alex/Repositories/hive/streaming/target/warehouse/testing.db, type:NATIVE)	
2024-04-24T12:35:26,439 ERROR [main] metastore.RetryingHMSHandler: MetaException(message:Unable to create database managed directory pfile:/home/alex/Repositories/hive/streaming/target/warehouse/testing.db, failed to create database testing)
	at org.apache.hadoop.hive.metastore.HMSHandler.create_database_core(HMSHandler.java:1366)
	at org.apache.hadoop.hive.metastore.HMSHandler.create_database(HMSHandler.java:1486)
	at sun.reflect.NativeMethodAccessorImpl.invoke0(Native Method)
	at sun.reflect.NativeMethodAccessorImpl.invoke(NativeMethodAccessorImpl.java:62)
	at sun.reflect.DelegatingMethodAccessorImpl.invoke(DelegatingMethodAccessorImpl.java:43)
	at java.lang.reflect.Method.invoke(Method.java:498)
	at org.apache.hadoop.hive.metastore.RetryingHMSHandler.invokeInternal(RetryingHMSHandler.java:147)
	at org.apache.hadoop.hive.metastore.RetryingHMSHandler.invoke(RetryingHMSHandler.java:108)
	at com.sun.proxy.$Proxy38.create_database(Unknown Source)
	at org.apache.hadoop.hive.metastore.HiveMetaStoreClient.createDatabase(HiveMetaStoreClient.java:1151)
	at sun.reflect.NativeMethodAccessorImpl.invoke0(Native Method)
	at sun.reflect.NativeMethodAccessorImpl.invoke(NativeMethodAccessorImpl.java:62)
	at sun.reflect.DelegatingMethodAccessorImpl.invoke(DelegatingMethodAccessorImpl.java:43)
	at java.lang.reflect.Method.invoke(Method.java:498)
	at org.apache.hadoop.hive.metastore.RetryingMetaStoreClient.invoke(RetryingMetaStoreClient.java:218)
	at com.sun.proxy.$Proxy47.createDatabase(Unknown Source)
	at org.apache.hadoop.hive.ql.metadata.Hive.createDatabase(Hive.java:605)
	at org.apache.hadoop.hive.ql.ddl.database.create.CreateDatabaseOperation.execute(CreateDatabaseOperation.java:68)
	at org.apache.hadoop.hive.ql.ddl.DDLTask.execute(DDLTask.java:84)
	at org.apache.hadoop.hive.ql.exec.Task.executeTask(Task.java:212)
	at org.apache.hadoop.hive.ql.exec.TaskRunner.runSequential(TaskRunner.java:105)
	at org.apache.hadoop.hive.ql.Executor.launchTask(Executor.java:361)
	at org.apache.hadoop.hive.ql.Executor.launchTasks(Executor.java:334)
	at org.apache.hadoop.hive.ql.Executor.runTasks(Executor.java:245)
	at org.apache.hadoop.hive.ql.Executor.execute(Executor.java:108)
	at org.apache.hadoop.hive.ql.Driver.execute(Driver.java:348)
	at org.apache.hadoop.hive.ql.Driver.runInternal(Driver.java:204)
	at org.apache.hadoop.hive.ql.Driver.run(Driver.java:153)
	at org.apache.hadoop.hive.ql.Driver.run(Driver.java:148)
	at org.apache.hadoop.hive.ql.reexec.ReExecDriver.run(ReExecDriver.java:164)
	at org.apache.hadoop.hive.ql.reexec.ReExecDriver.run(ReExecDriver.java:230)
	at org.apache.hive.streaming.TestStreamingDynamicPartitioning.runDDL(TestStreamingDynamicPartitioning.java:829)
	at org.apache.hive.streaming.TestStreamingDynamicPartitioning.createDbAndTable(TestStreamingDynamicPartitioning.java:875)
	at org.apache.hive.streaming.TestStreamingDynamicPartitioning.setup(TestStreamingDynamicPartitioning.java:155)
	at sun.reflect.NativeMethodAccessorImpl.invoke0(Native Method)
	at sun.reflect.NativeMethodAccessorImpl.invoke(NativeMethodAccessorImpl.java:62)
	at sun.reflect.DelegatingMethodAccessorImpl.invoke(DelegatingMethodAccessorImpl.java:43)
	at java.lang.reflect.Method.invoke(Method.java:498)
	at org.junit.runners.model.FrameworkMethod$1.runReflectiveCall(FrameworkMethod.java:59)
	at org.junit.internal.runners.model.ReflectiveCallable.run(ReflectiveCallable.java:12)
	at org.junit.runners.model.FrameworkMethod.invokeExplosively(FrameworkMethod.java:56)
	at org.junit.internal.runners.statements.RunBefores.invokeMethod(RunBefores.java:33)
	at org.junit.internal.runners.statements.RunBefores.evaluate(RunBefores.java:24)
	at org.junit.internal.runners.statements.RunAfters.evaluate(RunAfters.java:27)
	at org.junit.rules.ExternalResource$1.evaluate(ExternalResource.java:54)
	at org.junit.runners.ParentRunner$3.evaluate(ParentRunner.java:306)
	at org.junit.runners.BlockJUnit4ClassRunner$1.evaluate(BlockJUnit4ClassRunner.java:100)
	at org.junit.runners.ParentRunner.runLeaf(ParentRunner.java:366)
	at org.junit.runners.BlockJUnit4ClassRunner.runChild(BlockJUnit4ClassRunner.java:103)
	at org.junit.runners.BlockJUnit4ClassRunner.runChild(BlockJUnit4ClassRunner.java:63)
	at org.junit.runners.ParentRunner$4.run(ParentRunner.java:331)
	at org.junit.runners.ParentRunner$1.schedule(ParentRunner.java:79)
	at org.junit.runners.ParentRunner.runChildren(ParentRunner.java:329)
	at org.junit.runners.ParentRunner.access$100(ParentRunner.java:66)
	at org.junit.runners.ParentRunner$2.evaluate(ParentRunner.java:293)
	at org.junit.runners.ParentRunner$3.evaluate(ParentRunner.java:306)
	at org.junit.runners.ParentRunner.run(ParentRunner.java:413)
	at org.junit.runner.JUnitCore.run(JUnitCore.java:137)
	at org.junit.runner.JUnitCore.run(JUnitCore.java:115)
	at org.junit.vintage.engine.execution.RunnerExecutor.execute(RunnerExecutor.java:43)
	at java.util.stream.ForEachOps$ForEachOp$OfRef.accept(ForEachOps.java:183)
	at java.util.stream.ReferencePipeline$3$1.accept(ReferencePipeline.java:193)
	at java.util.Iterator.forEachRemaining(Iterator.java:116)
	at java.util.Spliterators$IteratorSpliterator.forEachRemaining(Spliterators.java:1801)
	at java.util.stream.AbstractPipeline.copyInto(AbstractPipeline.java:482)
	at java.util.stream.AbstractPipeline.wrapAndCopyInto(AbstractPipeline.java:472)
	at java.util.stream.ForEachOps$ForEachOp.evaluateSequential(ForEachOps.java:150)
	at java.util.stream.ForEachOps$ForEachOp$OfRef.evaluateSequential(ForEachOps.java:173)
	at java.util.stream.AbstractPipeline.evaluate(AbstractPipeline.java:234)
	at java.util.stream.ReferencePipeline.forEach(ReferencePipeline.java:485)
	at org.junit.vintage.engine.VintageTestEngine.executeAllChildren(VintageTestEngine.java:82)
	at org.junit.vintage.engine.VintageTestEngine.execute(VintageTestEngine.java:73)
	at org.junit.platform.launcher.core.DefaultLauncher.execute(DefaultLauncher.java:248)
	at org.junit.platform.launcher.core.DefaultLauncher.lambda$execute$5(DefaultLauncher.java:211)
	at org.junit.platform.launcher.core.DefaultLauncher.withInterceptedStreams(DefaultLauncher.java:226)
	at org.junit.platform.launcher.core.DefaultLauncher.execute(DefaultLauncher.java:199)
	at org.junit.platform.launcher.core.DefaultLauncher.execute(DefaultLauncher.java:132)
	at org.apache.maven.surefire.junitplatform.JUnitPlatformProvider.invokeAllTests(JUnitPlatformProvider.java:154)
	at org.apache.maven.surefire.junitplatform.JUnitPlatformProvider.invoke(JUnitPlatformProvider.java:123)
	at org.apache.maven.surefire.booter.ForkedBooter.runSuitesInProcess(ForkedBooter.java:377)
	at org.apache.maven.surefire.booter.ForkedBooter.execute(ForkedBooter.java:138)
	at org.apache.maven.surefire.booter.ForkedBooter.run(ForkedBooter.java:465)
	at org.apache.maven.surefire.booter.ForkedBooter.main(ForkedBooter.java:451)

2024-04-24T12:35:26,439 ERROR [main] exec.Task: Failed
org.apache.hadoop.hive.ql.metadata.HiveException: MetaException(message:Unable to create database managed directory pfile:/home/alex/Repositories/hive/streaming/target/warehouse/testing.db, failed to create database testing)
	at org.apache.hadoop.hive.ql.metadata.Hive.createDatabase(Hive.java:611) ~[classes/:?]
	at org.apache.hadoop.hive.ql.ddl.database.create.CreateDatabaseOperation.execute(CreateDatabaseOperation.java:68) ~[classes/:?]
	at org.apache.hadoop.hive.ql.ddl.DDLTask.execute(DDLTask.java:84) ~[classes/:?]
	at org.apache.hadoop.hive.ql.exec.Task.executeTask(Task.java:212) ~[classes/:?]
	at org.apache.hadoop.hive.ql.exec.TaskRunner.runSequential(TaskRunner.java:105) ~[classes/:?]
	at org.apache.hadoop.hive.ql.Executor.launchTask(Executor.java:361) ~[classes/:?]
	at org.apache.hadoop.hive.ql.Executor.launchTasks(Executor.java:334) ~[classes/:?]
	at org.apache.hadoop.hive.ql.Executor.runTasks(Executor.java:245) ~[classes/:?]
	at org.apache.hadoop.hive.ql.Executor.execute(Executor.java:108) ~[classes/:?]
	at org.apache.hadoop.hive.ql.Driver.execute(Driver.java:348) ~[classes/:?]
	at org.apache.hadoop.hive.ql.Driver.runInternal(Driver.java:204) ~[classes/:?]
	at org.apache.hadoop.hive.ql.Driver.run(Driver.java:153) ~[classes/:?]
	at org.apache.hadoop.hive.ql.Driver.run(Driver.java:148) ~[classes/:?]
	at org.apache.hadoop.hive.ql.reexec.ReExecDriver.run(ReExecDriver.java:164) ~[classes/:?]
	at org.apache.hadoop.hive.ql.reexec.ReExecDriver.run(ReExecDriver.java:230) ~[classes/:?]
	at org.apache.hive.streaming.TestStreamingDynamicPartitioning.runDDL(TestStreamingDynamicPartitioning.java:829) ~[test-classes/:?]
	at org.apache.hive.streaming.TestStreamingDynamicPartitioning.createDbAndTable(TestStreamingDynamicPartitioning.java:875) ~[test-classes/:?]
	at org.apache.hive.streaming.TestStreamingDynamicPartitioning.setup(TestStreamingDynamicPartitioning.java:155) ~[test-classes/:?]
	at sun.reflect.NativeMethodAccessorImpl.invoke0(Native Method) ~[?:1.8.0_402]
	at sun.reflect.NativeMethodAccessorImpl.invoke(NativeMethodAccessorImpl.java:62) ~[?:1.8.0_402]
	at sun.reflect.DelegatingMethodAccessorImpl.invoke(DelegatingMethodAccessorImpl.java:43) ~[?:1.8.0_402]
	at java.lang.reflect.Method.invoke(Method.java:498) ~[?:1.8.0_402]
	at org.junit.runners.model.FrameworkMethod$1.runReflectiveCall(FrameworkMethod.java:59) ~[junit-4.13.jar:4.13]
	at org.junit.internal.runners.model.ReflectiveCallable.run(ReflectiveCallable.java:12) ~[junit-4.13.jar:4.13]
	at org.junit.runners.model.FrameworkMethod.invokeExplosively(FrameworkMethod.java:56) ~[junit-4.13.jar:4.13]
	at org.junit.internal.runners.statements.RunBefores.invokeMethod(RunBefores.java:33) ~[junit-4.13.jar:4.13]
	at org.junit.internal.runners.statements.RunBefores.evaluate(RunBefores.java:24) ~[junit-4.13.jar:4.13]
	at org.junit.internal.runners.statements.RunAfters.evaluate(RunAfters.java:27) ~[junit-4.13.jar:4.13]
	at org.junit.rules.ExternalResource$1.evaluate(ExternalResource.java:54) ~[junit-4.13.jar:4.13]
	at org.junit.runners.ParentRunner$3.evaluate(ParentRunner.java:306) ~[junit-4.13.jar:4.13]
	at org.junit.runners.BlockJUnit4ClassRunner$1.evaluate(BlockJUnit4ClassRunner.java:100) ~[junit-4.13.jar:4.13]
	at org.junit.runners.ParentRunner.runLeaf(ParentRunner.java:366) ~[junit-4.13.jar:4.13]
	at org.junit.runners.BlockJUnit4ClassRunner.runChild(BlockJUnit4ClassRunner.java:103) ~[junit-4.13.jar:4.13]
	at org.junit.runners.BlockJUnit4ClassRunner.runChild(BlockJUnit4ClassRunner.java:63) ~[junit-4.13.jar:4.13]
	at org.junit.runners.ParentRunner$4.run(ParentRunner.java:331) ~[junit-4.13.jar:4.13]
	at org.junit.runners.ParentRunner$1.schedule(ParentRunner.java:79) ~[junit-4.13.jar:4.13]
	at org.junit.runners.ParentRunner.runChildren(ParentRunner.java:329) ~[junit-4.13.jar:4.13]
	at org.junit.runners.ParentRunner.access$100(ParentRunner.java:66) ~[junit-4.13.jar:4.13]
	at org.junit.runners.ParentRunner$2.evaluate(ParentRunner.java:293) ~[junit-4.13.jar:4.13]
	at org.junit.runners.ParentRunner$3.evaluate(ParentRunner.java:306) ~[junit-4.13.jar:4.13]
	at org.junit.runners.ParentRunner.run(ParentRunner.java:413) ~[junit-4.13.jar:4.13]
	at org.junit.runner.JUnitCore.run(JUnitCore.java:137) ~[junit-4.13.jar:4.13]
	at org.junit.runner.JUnitCore.run(JUnitCore.java:115) ~[junit-4.13.jar:4.13]
	at org.junit.vintage.engine.execution.RunnerExecutor.execute(RunnerExecutor.java:43) ~[junit-vintage-engine-5.6.2.jar:5.6.2]
	at java.util.stream.ForEachOps$ForEachOp$OfRef.accept(ForEachOps.java:183) ~[?:1.8.0_402]
	at java.util.stream.ReferencePipeline$3$1.accept(ReferencePipeline.java:193) ~[?:1.8.0_402]
	at java.util.Iterator.forEachRemaining(Iterator.java:116) ~[?:1.8.0_402]
	at java.util.Spliterators$IteratorSpliterator.forEachRemaining(Spliterators.java:1801) ~[?:1.8.0_402]
	at java.util.stream.AbstractPipeline.copyInto(AbstractPipeline.java:482) ~[?:1.8.0_402]
	at java.util.stream.AbstractPipeline.wrapAndCopyInto(AbstractPipeline.java:472) ~[?:1.8.0_402]
	at java.util.stream.ForEachOps$ForEachOp.evaluateSequential(ForEachOps.java:150) ~[?:1.8.0_402]
	at java.util.stream.ForEachOps$ForEachOp$OfRef.evaluateSequential(ForEachOps.java:173) ~[?:1.8.0_402]
	at java.util.stream.AbstractPipeline.evaluate(AbstractPipeline.java:234) ~[?:1.8.0_402]
	at java.util.stream.ReferencePipeline.forEach(ReferencePipeline.java:485) ~[?:1.8.0_402]
	at org.junit.vintage.engine.VintageTestEngine.executeAllChildren(VintageTestEngine.java:82) ~[junit-vintage-engine-5.6.2.jar:5.6.2]
	at org.junit.vintage.engine.VintageTestEngine.execute(VintageTestEngine.java:73) ~[junit-vintage-engine-5.6.2.jar:5.6.2]
	at org.junit.platform.launcher.core.DefaultLauncher.execute(DefaultLauncher.java:248) ~[junit-platform-launcher-1.6.2.jar:1.6.2]
	at org.junit.platform.launcher.core.DefaultLauncher.lambda$execute$5(DefaultLauncher.java:211) ~[junit-platform-launcher-1.6.2.jar:1.6.2]
	at org.junit.platform.launcher.core.DefaultLauncher.withInterceptedStreams(DefaultLauncher.java:226) [junit-platform-launcher-1.6.2.jar:1.6.2]
	at org.junit.platform.launcher.core.DefaultLauncher.execute(DefaultLauncher.java:199) [junit-platform-launcher-1.6.2.jar:1.6.2]
	at org.junit.platform.launcher.core.DefaultLauncher.execute(DefaultLauncher.java:132) [junit-platform-launcher-1.6.2.jar:1.6.2]
	at org.apache.maven.surefire.junitplatform.JUnitPlatformProvider.invokeAllTests(JUnitPlatformProvider.java:154) [surefire-junit-platform-3.0.0-M4.jar:3.0.0-M4]
	at org.apache.maven.surefire.junitplatform.JUnitPlatformProvider.invoke(JUnitPlatformProvider.java:123) [surefire-junit-platform-3.0.0-M4.jar:3.0.0-M4]
	at org.apache.maven.surefire.booter.ForkedBooter.runSuitesInProcess(ForkedBooter.java:377) [surefire-booter-3.0.0-M4.jar:3.0.0-M4]
	at org.apache.maven.surefire.booter.ForkedBooter.execute(ForkedBooter.java:138) [surefire-booter-3.0.0-M4.jar:3.0.0-M4]
	at org.apache.maven.surefire.booter.ForkedBooter.run(ForkedBooter.java:465) [surefire-booter-3.0.0-M4.jar:3.0.0-M4]
	at org.apache.maven.surefire.booter.ForkedBooter.main(ForkedBooter.java:451) [surefire-booter-3.0.0-M4.jar:3.0.0-M4]
Caused by: org.apache.hadoop.hive.metastore.api.MetaException: Unable to create database managed directory pfile:/home/alex/Repositories/hive/streaming/target/warehouse/testing.db, failed to create database testing
	at org.apache.hadoop.hive.metastore.HMSHandler.create_database_core(HMSHandler.java:1366) ~[classes/:?]
	at org.apache.hadoop.hive.metastore.HMSHandler.create_database(HMSHandler.java:1486) ~[classes/:?]
	at sun.reflect.NativeMethodAccessorImpl.invoke0(Native Method) ~[?:1.8.0_402]
	at sun.reflect.NativeMethodAccessorImpl.invoke(NativeMethodAccessorImpl.java:62) ~[?:1.8.0_402]
	at sun.reflect.DelegatingMethodAccessorImpl.invoke(DelegatingMethodAccessorImpl.java:43) ~[?:1.8.0_402]
	at java.lang.reflect.Method.invoke(Method.java:498) ~[?:1.8.0_402]
	at org.apache.hadoop.hive.metastore.RetryingHMSHandler.invokeInternal(RetryingHMSHandler.java:147) ~[classes/:?]
	at org.apache.hadoop.hive.metastore.RetryingHMSHandler.invoke(RetryingHMSHandler.java:108) ~[classes/:?]
	at com.sun.proxy.$Proxy38.create_database(Unknown Source) ~[?:?]
	at org.apache.hadoop.hive.metastore.HiveMetaStoreClient.createDatabase(HiveMetaStoreClient.java:1151) ~[classes/:?]
	at sun.reflect.NativeMethodAccessorImpl.invoke0(Native Method) ~[?:1.8.0_402]
	at sun.reflect.NativeMethodAccessorImpl.invoke(NativeMethodAccessorImpl.java:62) ~[?:1.8.0_402]
	at sun.reflect.DelegatingMethodAccessorImpl.invoke(DelegatingMethodAccessorImpl.java:43) ~[?:1.8.0_402]
	at java.lang.reflect.Method.invoke(Method.java:498) ~[?:1.8.0_402]
	at org.apache.hadoop.hive.metastore.RetryingMetaStoreClient.invoke(RetryingMetaStoreClient.java:218) ~[classes/:?]
	at com.sun.proxy.$Proxy47.createDatabase(Unknown Source) ~[?:?]
	at org.apache.hadoop.hive.ql.metadata.Hive.createDatabase(Hive.java:605) ~[classes/:?]
	... 66 more
2024-04-24T12:35:26,440 ERROR [main] exec.Task: DDLTask failed, DDL Operation: class org.apache.hadoop.hive.ql.ddl.database.create.CreateDatabaseOperation
org.apache.hadoop.hive.ql.metadata.HiveException: MetaException(message:Unable to create database managed directory pfile:/home/alex/Repositories/hive/streaming/target/warehouse/testing.db, failed to create database testing)
	at org.apache.hadoop.hive.ql.metadata.Hive.createDatabase(Hive.java:611) ~[classes/:?]
	at org.apache.hadoop.hive.ql.ddl.database.create.CreateDatabaseOperation.execute(CreateDatabaseOperation.java:68) ~[classes/:?]
	at org.apache.hadoop.hive.ql.ddl.DDLTask.execute(DDLTask.java:84) ~[classes/:?]
	at org.apache.hadoop.hive.ql.exec.Task.executeTask(Task.java:212) ~[classes/:?]
	at org.apache.hadoop.hive.ql.exec.TaskRunner.runSequential(TaskRunner.java:105) ~[classes/:?]
	at org.apache.hadoop.hive.ql.Executor.launchTask(Executor.java:361) ~[classes/:?]
	at org.apache.hadoop.hive.ql.Executor.launchTasks(Executor.java:334) ~[classes/:?]
	at org.apache.hadoop.hive.ql.Executor.runTasks(Executor.java:245) ~[classes/:?]
	at org.apache.hadoop.hive.ql.Executor.execute(Executor.java:108) ~[classes/:?]
	at org.apache.hadoop.hive.ql.Driver.execute(Driver.java:348) ~[classes/:?]
	at org.apache.hadoop.hive.ql.Driver.runInternal(Driver.java:204) ~[classes/:?]
	at org.apache.hadoop.hive.ql.Driver.run(Driver.java:153) ~[classes/:?]
	at org.apache.hadoop.hive.ql.Driver.run(Driver.java:148) ~[classes/:?]
	at org.apache.hadoop.hive.ql.reexec.ReExecDriver.run(ReExecDriver.java:164) ~[classes/:?]
	at org.apache.hadoop.hive.ql.reexec.ReExecDriver.run(ReExecDriver.java:230) ~[classes/:?]
	at org.apache.hive.streaming.TestStreamingDynamicPartitioning.runDDL(TestStreamingDynamicPartitioning.java:829) ~[test-classes/:?]
	at org.apache.hive.streaming.TestStreamingDynamicPartitioning.createDbAndTable(TestStreamingDynamicPartitioning.java:875) ~[test-classes/:?]
	at org.apache.hive.streaming.TestStreamingDynamicPartitioning.setup(TestStreamingDynamicPartitioning.java:155) ~[test-classes/:?]
	at sun.reflect.NativeMethodAccessorImpl.invoke0(Native Method) ~[?:1.8.0_402]
	at sun.reflect.NativeMethodAccessorImpl.invoke(NativeMethodAccessorImpl.java:62) ~[?:1.8.0_402]
	at sun.reflect.DelegatingMethodAccessorImpl.invoke(DelegatingMethodAccessorImpl.java:43) ~[?:1.8.0_402]
	at java.lang.reflect.Method.invoke(Method.java:498) ~[?:1.8.0_402]
	at org.junit.runners.model.FrameworkMethod$1.runReflectiveCall(FrameworkMethod.java:59) ~[junit-4.13.jar:4.13]
	at org.junit.internal.runners.model.ReflectiveCallable.run(ReflectiveCallable.java:12) ~[junit-4.13.jar:4.13]
	at org.junit.runners.model.FrameworkMethod.invokeExplosively(FrameworkMethod.java:56) ~[junit-4.13.jar:4.13]
	at org.junit.internal.runners.statements.RunBefores.invokeMethod(RunBefores.java:33) ~[junit-4.13.jar:4.13]
	at org.junit.internal.runners.statements.RunBefores.evaluate(RunBefores.java:24) ~[junit-4.13.jar:4.13]
	at org.junit.internal.runners.statements.RunAfters.evaluate(RunAfters.java:27) ~[junit-4.13.jar:4.13]
	at org.junit.rules.ExternalResource$1.evaluate(ExternalResource.java:54) ~[junit-4.13.jar:4.13]
	at org.junit.runners.ParentRunner$3.evaluate(ParentRunner.java:306) ~[junit-4.13.jar:4.13]
	at org.junit.runners.BlockJUnit4ClassRunner$1.evaluate(BlockJUnit4ClassRunner.java:100) ~[junit-4.13.jar:4.13]
	at org.junit.runners.ParentRunner.runLeaf(ParentRunner.java:366) ~[junit-4.13.jar:4.13]
	at org.junit.runners.BlockJUnit4ClassRunner.runChild(BlockJUnit4ClassRunner.java:103) ~[junit-4.13.jar:4.13]
	at org.junit.runners.BlockJUnit4ClassRunner.runChild(BlockJUnit4ClassRunner.java:63) ~[junit-4.13.jar:4.13]
	at org.junit.runners.ParentRunner$4.run(ParentRunner.java:331) ~[junit-4.13.jar:4.13]
	at org.junit.runners.ParentRunner$1.schedule(ParentRunner.java:79) ~[junit-4.13.jar:4.13]
	at org.junit.runners.ParentRunner.runChildren(ParentRunner.java:329) ~[junit-4.13.jar:4.13]
	at org.junit.runners.ParentRunner.access$100(ParentRunner.java:66) ~[junit-4.13.jar:4.13]
	at org.junit.runners.ParentRunner$2.evaluate(ParentRunner.java:293) ~[junit-4.13.jar:4.13]
	at org.junit.runners.ParentRunner$3.evaluate(ParentRunner.java:306) ~[junit-4.13.jar:4.13]
	at org.junit.runners.ParentRunner.run(ParentRunner.java:413) ~[junit-4.13.jar:4.13]
	at org.junit.runner.JUnitCore.run(JUnitCore.java:137) ~[junit-4.13.jar:4.13]
	at org.junit.runner.JUnitCore.run(JUnitCore.java:115) ~[junit-4.13.jar:4.13]
	at org.junit.vintage.engine.execution.RunnerExecutor.execute(RunnerExecutor.java:43) ~[junit-vintage-engine-5.6.2.jar:5.6.2]
	at java.util.stream.ForEachOps$ForEachOp$OfRef.accept(ForEachOps.java:183) ~[?:1.8.0_402]
	at java.util.stream.ReferencePipeline$3$1.accept(ReferencePipeline.java:193) ~[?:1.8.0_402]
	at java.util.Iterator.forEachRemaining(Iterator.java:116) ~[?:1.8.0_402]
	at java.util.Spliterators$IteratorSpliterator.forEachRemaining(Spliterators.java:1801) ~[?:1.8.0_402]
	at java.util.stream.AbstractPipeline.copyInto(AbstractPipeline.java:482) ~[?:1.8.0_402]
	at java.util.stream.AbstractPipeline.wrapAndCopyInto(AbstractPipeline.java:472) ~[?:1.8.0_402]
	at java.util.stream.ForEachOps$ForEachOp.evaluateSequential(ForEachOps.java:150) ~[?:1.8.0_402]
	at java.util.stream.ForEachOps$ForEachOp$OfRef.evaluateSequential(ForEachOps.java:173) ~[?:1.8.0_402]
	at java.util.stream.AbstractPipeline.evaluate(AbstractPipeline.java:234) ~[?:1.8.0_402]
	at java.util.stream.ReferencePipeline.forEach(ReferencePipeline.java:485) ~[?:1.8.0_402]
	at org.junit.vintage.engine.VintageTestEngine.executeAllChildren(VintageTestEngine.java:82) ~[junit-vintage-engine-5.6.2.jar:5.6.2]
	at org.junit.vintage.engine.VintageTestEngine.execute(VintageTestEngine.java:73) ~[junit-vintage-engine-5.6.2.jar:5.6.2]
	at org.junit.platform.launcher.core.DefaultLauncher.execute(DefaultLauncher.java:248) ~[junit-platform-launcher-1.6.2.jar:1.6.2]
	at org.junit.platform.launcher.core.DefaultLauncher.lambda$execute$5(DefaultLauncher.java:211) ~[junit-platform-launcher-1.6.2.jar:1.6.2]
	at org.junit.platform.launcher.core.DefaultLauncher.withInterceptedStreams(DefaultLauncher.java:226) [junit-platform-launcher-1.6.2.jar:1.6.2]
	at org.junit.platform.launcher.core.DefaultLauncher.execute(DefaultLauncher.java:199) [junit-platform-launcher-1.6.2.jar:1.6.2]
	at org.junit.platform.launcher.core.DefaultLauncher.execute(DefaultLauncher.java:132) [junit-platform-launcher-1.6.2.jar:1.6.2]
	at org.apache.maven.surefire.junitplatform.JUnitPlatformProvider.invokeAllTests(JUnitPlatformProvider.java:154) [surefire-junit-platform-3.0.0-M4.jar:3.0.0-M4]
	at org.apache.maven.surefire.junitplatform.JUnitPlatformProvider.invoke(JUnitPlatformProvider.java:123) [surefire-junit-platform-3.0.0-M4.jar:3.0.0-M4]
	at org.apache.maven.surefire.booter.ForkedBooter.runSuitesInProcess(ForkedBooter.java:377) [surefire-booter-3.0.0-M4.jar:3.0.0-M4]
	at org.apache.maven.surefire.booter.ForkedBooter.execute(ForkedBooter.java:138) [surefire-booter-3.0.0-M4.jar:3.0.0-M4]
	at org.apache.maven.surefire.booter.ForkedBooter.run(ForkedBooter.java:465) [surefire-booter-3.0.0-M4.jar:3.0.0-M4]
	at org.apache.maven.surefire.booter.ForkedBooter.main(ForkedBooter.java:451) [surefire-booter-3.0.0-M4.jar:3.0.0-M4]
Caused by: org.apache.hadoop.hive.metastore.api.MetaException: Unable to create database managed directory pfile:/home/alex/Repositories/hive/streaming/target/warehouse/testing.db, failed to create database testing
	at org.apache.hadoop.hive.metastore.HMSHandler.create_database_core(HMSHandler.java:1366) ~[classes/:?]
	at org.apache.hadoop.hive.metastore.HMSHandler.create_database(HMSHandler.java:1486) ~[classes/:?]
	at sun.reflect.NativeMethodAccessorImpl.invoke0(Native Method) ~[?:1.8.0_402]
	at sun.reflect.NativeMethodAccessorImpl.invoke(NativeMethodAccessorImpl.java:62) ~[?:1.8.0_402]
	at sun.reflect.DelegatingMethodAccessorImpl.invoke(DelegatingMethodAccessorImpl.java:43) ~[?:1.8.0_402]
	at java.lang.reflect.Method.invoke(Method.java:498) ~[?:1.8.0_402]
	at org.apache.hadoop.hive.metastore.RetryingHMSHandler.invokeInternal(RetryingHMSHandler.java:147) ~[classes/:?]
	at org.apache.hadoop.hive.metastore.RetryingHMSHandler.invoke(RetryingHMSHandler.java:108) ~[classes/:?]
	at com.sun.proxy.$Proxy38.create_database(Unknown Source) ~[?:?]
	at org.apache.hadoop.hive.metastore.HiveMetaStoreClient.createDatabase(HiveMetaStoreClient.java:1151) ~[classes/:?]
	at sun.reflect.NativeMethodAccessorImpl.invoke0(Native Method) ~[?:1.8.0_402]
	at sun.reflect.NativeMethodAccessorImpl.invoke(NativeMethodAccessorImpl.java:62) ~[?:1.8.0_402]
	at sun.reflect.DelegatingMethodAccessorImpl.invoke(DelegatingMethodAccessorImpl.java:43) ~[?:1.8.0_402]
	at java.lang.reflect.Method.invoke(Method.java:498) ~[?:1.8.0_402]
	at org.apache.hadoop.hive.metastore.RetryingMetaStoreClient.invoke(RetryingMetaStoreClient.java:218) ~[classes/:?]
	at com.sun.proxy.$Proxy47.createDatabase(Unknown Source) ~[?:?]
	at org.apache.hadoop.hive.ql.metadata.Hive.createDatabase(Hive.java:605) ~[classes/:?]
	... 66 more
2024-04-24T12:35:26,440  INFO [main] reexec.ReOptimizePlugin: ReOptimization: retryPossible: false
2024-04-24T12:35:26,440  INFO [main] reexec.ReExecuteLostAMQueryPlugin: Got exception message: MetaException(message:Unable to create database managed directory pfile:/home/alex/Repositories/hive/streaming/target/warehouse/testing.db, failed to create database testing) retryPossible: false
2024-04-24T12:35:26,440  INFO [main] reexec.ReExecutionDagSubmitPlugin: Got exception message: MetaException(message:Unable to create database managed directory pfile:/home/alex/Repositories/hive/streaming/target/warehouse/testing.db, failed to create database testing) retryPossible: false
FAILED: Execution Error, return code 40000 from org.apache.hadoop.hive.ql.ddl.DDLTask. MetaException(message:Unable to create database managed directory pfile:/home/alex/Repositories/hive/streaming/target/warehouse/testing.db, failed to create database testing)
2024-04-24T12:35:26,440 ERROR [main] ql.Driver: FAILED: Execution Error, return code 40000 from org.apache.hadoop.hive.ql.ddl.DDLTask. MetaException(message:Unable to create database managed directory pfile:/home/alex/Repositories/hive/streaming/target/warehouse/testing.db, failed to create database testing)
2024-04-24T12:35:26,440  INFO [main] metadata.Hive: Dumping metastore api call timing information for : execution phase
2024-04-24T12:35:26,440  INFO [main] metadata.Hive: Total time spent in each metastore function (ms): {}
2024-04-24T12:35:26,440  INFO [main] ql.Driver: Completed executing command(queryId=alex_20240424123526_802b0969-6737-45bc-9f46-82e56f5f3058); Time taken: 0.021 seconds
2024-04-24T12:35:26,441  INFO [main] lockmgr.DbTxnManager: Stopped heartbeat for query: alex_20240424123526_802b0969-6737-45bc-9f46-82e56f5f3058
2024-04-24T12:35:26,441  INFO [main] metastore.HiveMetaStoreClient: Mestastore configuration metastore.filter.hook changed from org.apache.hadoop.hive.ql.security.authorization.plugin.AuthorizationMetaStoreFilterHook to org.apache.hadoop.hive.metastore.DefaultMetaStoreFilterHookImpl
2024-04-24T12:35:26,441  INFO [main] HiveMetaStore.audit: ugi=alex	ip=unknown-ip-addr	cmd=Cleaning up thread local RawStore...	
2024-04-24T12:35:26,441  INFO [main] metastore.ObjectStore: RawStore: org.apache.hadoop.hive.metastore.ObjectStore@6c6919ff, with PersistenceManager: org.datanucleus.api.jdo.JDOPersistenceManager@5ae87de0 will be shutdown
2024-04-24T12:35:26,441  INFO [main] HiveMetaStore.audit: ugi=alex	ip=unknown-ip-addr	cmd=Done cleaning up thread local RawStore	
2024-04-24T12:35:26,441  INFO [main] metastore.HiveMetaStoreClient: Closed a connection to metastore, current connections: -11
2024-04-24T12:35:26,442  INFO [main] metastore.HiveMetaStoreClient: HMS client filtering is enabled.
2024-04-24T12:35:26,443  INFO [main] metastore.HMSHandler: 0: Opening raw store with implementation class:org.apache.hadoop.hive.metastore.ObjectStore
2024-04-24T12:35:26,443  INFO [main] metastore.PersistenceManagerProvider: Configuration datanucleus.autoStartMechanismMode is not set. Defaulting to 'ignored'
2024-04-24T12:35:26,443  INFO [main] metastore.ObjectStore: RawStore: org.apache.hadoop.hive.metastore.ObjectStore@67ecf7ed, with PersistenceManager: null will be shutdown
2024-04-24T12:35:26,443  INFO [main] metastore.ObjectStore: RawStore: org.apache.hadoop.hive.metastore.ObjectStore@67ecf7ed, with PersistenceManager: org.datanucleus.api.jdo.JDOPersistenceManager@69d021c1 created in the thread with id: 1
2024-04-24T12:35:26,446  INFO [main] metastore.HMSHandler: Created RawStore: org.apache.hadoop.hive.metastore.ObjectStore@67ecf7ed from thread id: 1
2024-04-24T12:35:26,446  INFO [main] metastore.HMSHandler: HMS server filtering is disabled by configuration
2024-04-24T12:35:26,446  INFO [main] metastore.RetryingMetaStoreClient: RetryingMetaStoreClient proxy=class org.apache.hadoop.hive.ql.metadata.SessionHiveMetaStoreClient ugi=alex (auth:SIMPLE) retries=1 delay=1 lifetime=0
2024-04-24T12:35:26,449  INFO [main] txn.TxnHandler: Removed transactions: ([1]) from MIN_HISTORY_LEVEL
2024-04-24T12:35:26,452 ERROR [main] streaming.TestStreamingDynamicPartitioning: Statement: create database IF NOT EXISTS testing location 'raw:///home/alex/Repositories/hive/streaming/target/tmp/junit9019760562827636875/testing.db' failed: (responseCode = 40000, errorMessage = FAILED: Execution Error, return code 40000 from org.apache.hadoop.hive.ql.ddl.DDLTask. MetaException(message:Unable to create database managed directory pfile:/home/alex/Repositories/hive/streaming/target/warehouse/testing.db, failed to create database testing), hiveErrorCode = 40000, SQLState = 08S01, exception = MetaException(message:Unable to create database managed directory pfile:/home/alex/Repositories/hive/streaming/target/warehouse/testing.db, failed to create database testing))
2024-04-24T12:35:26,452  INFO [main] ql.Driver: Compiling command(queryId=alex_20240424123526_802b0969-6737-45bc-9f46-82e56f5f3058): use testing
2024-04-24T12:35:26,453  INFO [main] HiveMetaStore.audit: ugi=alex	ip=unknown-ip-addr	cmd=get_database: testing	
FAILED: SemanticException [Error 10072]: Database does not exist: testing
2024-04-24T12:35:26,454 ERROR [main] ql.Driver: FAILED: SemanticException [Error 10072]: Database does not exist: testing
org.apache.hadoop.hive.ql.parse.SemanticException: Database does not exist: testing
	at org.apache.hadoop.hive.ql.parse.BaseSemanticAnalyzer.getDatabase(BaseSemanticAnalyzer.java:1812)
	at org.apache.hadoop.hive.ql.ddl.database.use.SwitchDatabaseAnalyzer.analyzeInternal(SwitchDatabaseAnalyzer.java:45)
	at org.apache.hadoop.hive.ql.parse.BaseSemanticAnalyzer.analyze(BaseSemanticAnalyzer.java:317)
	at org.apache.hadoop.hive.ql.Compiler.analyze(Compiler.java:223)
	at org.apache.hadoop.hive.ql.Compiler.compile(Compiler.java:105)
	at org.apache.hadoop.hive.ql.Driver.compile(Driver.java:500)
	at org.apache.hadoop.hive.ql.Driver.compileInternal(Driver.java:453)
	at org.apache.hadoop.hive.ql.Driver.compileAndRespond(Driver.java:417)
	at org.apache.hadoop.hive.ql.Driver.compileAndRespond(Driver.java:411)
	at org.apache.hadoop.hive.ql.reexec.ReExecDriver.compileAndRespond(ReExecDriver.java:125)
	at org.apache.hadoop.hive.ql.reexec.ReExecDriver.run(ReExecDriver.java:229)
	at org.apache.hive.streaming.TestStreamingDynamicPartitioning.runDDL(TestStreamingDynamicPartitioning.java:829)
	at org.apache.hive.streaming.TestStreamingDynamicPartitioning.createDbAndTable(TestStreamingDynamicPartitioning.java:876)
	at org.apache.hive.streaming.TestStreamingDynamicPartitioning.setup(TestStreamingDynamicPartitioning.java:155)
	at sun.reflect.NativeMethodAccessorImpl.invoke0(Native Method)
	at sun.reflect.NativeMethodAccessorImpl.invoke(NativeMethodAccessorImpl.java:62)
	at sun.reflect.DelegatingMethodAccessorImpl.invoke(DelegatingMethodAccessorImpl.java:43)
	at java.lang.reflect.Method.invoke(Method.java:498)
	at org.junit.runners.model.FrameworkMethod$1.runReflectiveCall(FrameworkMethod.java:59)
	at org.junit.internal.runners.model.ReflectiveCallable.run(ReflectiveCallable.java:12)
	at org.junit.runners.model.FrameworkMethod.invokeExplosively(FrameworkMethod.java:56)
	at org.junit.internal.runners.statements.RunBefores.invokeMethod(RunBefores.java:33)
	at org.junit.internal.runners.statements.RunBefores.evaluate(RunBefores.java:24)
	at org.junit.internal.runners.statements.RunAfters.evaluate(RunAfters.java:27)
	at org.junit.rules.ExternalResource$1.evaluate(ExternalResource.java:54)
	at org.junit.runners.ParentRunner$3.evaluate(ParentRunner.java:306)
	at org.junit.runners.BlockJUnit4ClassRunner$1.evaluate(BlockJUnit4ClassRunner.java:100)
	at org.junit.runners.ParentRunner.runLeaf(ParentRunner.java:366)
	at org.junit.runners.BlockJUnit4ClassRunner.runChild(BlockJUnit4ClassRunner.java:103)
	at org.junit.runners.BlockJUnit4ClassRunner.runChild(BlockJUnit4ClassRunner.java:63)
	at org.junit.runners.ParentRunner$4.run(ParentRunner.java:331)
	at org.junit.runners.ParentRunner$1.schedule(ParentRunner.java:79)
	at org.junit.runners.ParentRunner.runChildren(ParentRunner.java:329)
	at org.junit.runners.ParentRunner.access$100(ParentRunner.java:66)
	at org.junit.runners.ParentRunner$2.evaluate(ParentRunner.java:293)
	at org.junit.runners.ParentRunner$3.evaluate(ParentRunner.java:306)
	at org.junit.runners.ParentRunner.run(ParentRunner.java:413)
	at org.junit.runner.JUnitCore.run(JUnitCore.java:137)
	at org.junit.runner.JUnitCore.run(JUnitCore.java:115)
	at org.junit.vintage.engine.execution.RunnerExecutor.execute(RunnerExecutor.java:43)
	at java.util.stream.ForEachOps$ForEachOp$OfRef.accept(ForEachOps.java:183)
	at java.util.stream.ReferencePipeline$3$1.accept(ReferencePipeline.java:193)
	at java.util.Iterator.forEachRemaining(Iterator.java:116)
	at java.util.Spliterators$IteratorSpliterator.forEachRemaining(Spliterators.java:1801)
	at java.util.stream.AbstractPipeline.copyInto(AbstractPipeline.java:482)
	at java.util.stream.AbstractPipeline.wrapAndCopyInto(AbstractPipeline.java:472)
	at java.util.stream.ForEachOps$ForEachOp.evaluateSequential(ForEachOps.java:150)
	at java.util.stream.ForEachOps$ForEachOp$OfRef.evaluateSequential(ForEachOps.java:173)
	at java.util.stream.AbstractPipeline.evaluate(AbstractPipeline.java:234)
	at java.util.stream.ReferencePipeline.forEach(ReferencePipeline.java:485)
	at org.junit.vintage.engine.VintageTestEngine.executeAllChildren(VintageTestEngine.java:82)
	at org.junit.vintage.engine.VintageTestEngine.execute(VintageTestEngine.java:73)
	at org.junit.platform.launcher.core.DefaultLauncher.execute(DefaultLauncher.java:248)
	at org.junit.platform.launcher.core.DefaultLauncher.lambda$execute$5(DefaultLauncher.java:211)
	at org.junit.platform.launcher.core.DefaultLauncher.withInterceptedStreams(DefaultLauncher.java:226)
	at org.junit.platform.launcher.core.DefaultLauncher.execute(DefaultLauncher.java:199)
	at org.junit.platform.launcher.core.DefaultLauncher.execute(DefaultLauncher.java:132)
	at org.apache.maven.surefire.junitplatform.JUnitPlatformProvider.invokeAllTests(JUnitPlatformProvider.java:154)
	at org.apache.maven.surefire.junitplatform.JUnitPlatformProvider.invoke(JUnitPlatformProvider.java:123)
	at org.apache.maven.surefire.booter.ForkedBooter.runSuitesInProcess(ForkedBooter.java:377)
	at org.apache.maven.surefire.booter.ForkedBooter.execute(ForkedBooter.java:138)
	at org.apache.maven.surefire.booter.ForkedBooter.run(ForkedBooter.java:465)
	at org.apache.maven.surefire.booter.ForkedBooter.main(ForkedBooter.java:451)

2024-04-24T12:35:26,455  INFO [main] metadata.Hive: Dumping metastore api call timing information for : compilation phase
2024-04-24T12:35:26,455  INFO [main] metadata.Hive: Total time spent in each metastore function (ms): {flushCache_()=1, isCompatibleWith_(Configuration)=0, rollbackTxn_(long)=6}
2024-04-24T12:35:26,455  INFO [main] ql.Driver: Completed compiling command(queryId=alex_20240424123526_802b0969-6737-45bc-9f46-82e56f5f3058); Time taken: 0.002 seconds
2024-04-24T12:35:26,455  INFO [main] lockmgr.DbLockManager: releaseLocks: []
2024-04-24T12:35:26,455 ERROR [main] streaming.TestStreamingDynamicPartitioning: Statement: use testing failed: (responseCode = 10072, errorMessage = FAILED: SemanticException [Error 10072]: Database does not exist: testing, hiveErrorCode = 40000, SQLState = 42000, exception = Database does not exist: testing)
2024-04-24T12:35:26,455  INFO [main] ql.Driver: Compiling command(queryId=alex_20240424123526_802b0969-6737-45bc-9f46-82e56f5f3058): create table alerts ( id int,msg string ) partitioned by (Continent string,Country string ) clustered by ( id ) into 1 buckets  stored as orc  location 'raw:///home/alex/Repositories/hive/streaming/target/tmp/junit9019760562827636875/testing.db/alerts' TBLPROPERTIES ('transactional'='true') 
2024-04-24T12:35:26,458  INFO [main] txn.TxnHandler: Added entries to MIN_HISTORY_LEVEL for current txns: ([2]) with min_open_txn: 1
2024-04-24T12:35:26,458  INFO [main] lockmgr.DbTxnManager: Opened txnid:2
2024-04-24T12:35:26,459  INFO [main] parse.CalcitePlanner: Starting caching scope for: alex_20240424123526_802b0969-6737-45bc-9f46-82e56f5f3058
2024-04-24T12:35:26,459  INFO [main] parse.CalcitePlanner: Starting Semantic Analysis
2024-04-24T12:35:26,460  INFO [main] parse.CalcitePlanner: Creating table default.alerts position=13
2024-04-24T12:35:26,460  INFO [main] HiveMetaStore.audit: ugi=alex	ip=unknown-ip-addr	cmd=get_database: default	
2024-04-24T12:35:26,462  INFO [main] parse.CalcitePlanner: Ending caching scope for: alex_20240424123526_802b0969-6737-45bc-9f46-82e56f5f3058
2024-04-24T12:35:26,462  INFO [main] ql.Driver: Semantic Analysis Completed (retrial = false)
2024-04-24T12:35:26,462  INFO [main] ql.Driver: Created Hive schema: Schema(fieldSchemas:null, properties:null)
2024-04-24T12:35:26,462  INFO [main] metadata.Hive: Dumping metastore api call timing information for : compilation phase
2024-04-24T12:35:26,462  INFO [main] metadata.Hive: Total time spent in each metastore function (ms): {getValidTxns_(long)=1, getValidWriteIds_(List, String)=1, openTxn_(String, TxnType)=1, getDatabase_(String)=2, flushCache_()=0, isCompatibleWith_(Configuration)=0}
2024-04-24T12:35:26,462  INFO [main] ql.Driver: Completed compiling command(queryId=alex_20240424123526_802b0969-6737-45bc-9f46-82e56f5f3058); Time taken: 0.007 seconds
2024-04-24T12:35:26,462  INFO [main] reexec.ReExecDriver: Execution #1 of query
2024-04-24T12:35:26,462  INFO [main] lockmgr.DbTxnManager: Setting lock request transaction to txnid:2 for queryId=alex_20240424123526_802b0969-6737-45bc-9f46-82e56f5f3058
2024-04-24T12:35:26,463  INFO [main] lockmgr.DbLockManager: Requesting lock for queryId=alex_20240424123526_802b0969-6737-45bc-9f46-82e56f5f3058
2024-04-24T12:35:26,471  INFO [main] lockmgr.DbLockManager: Response to queryId=alex_20240424123526_802b0969-6737-45bc-9f46-82e56f5f3058 LockResponse(lockid:1, state:ACQUIRED)
2024-04-24T12:35:26,471  INFO [main] ql.Driver: Operation CREATETABLE obtained 1 locks
2024-04-24T12:35:26,472  INFO [main] ql.Driver: Executing command(queryId=alex_20240424123526_802b0969-6737-45bc-9f46-82e56f5f3058): create table alerts ( id int,msg string ) partitioned by (Continent string,Country string ) clustered by ( id ) into 1 buckets  stored as orc  location 'raw:///home/alex/Repositories/hive/streaming/target/tmp/junit9019760562827636875/testing.db/alerts' TBLPROPERTIES ('transactional'='true') 
PREHOOK: query: create table alerts ( id int,msg string ) partitioned by (Continent string,Country string ) clustered by ( id ) into 1 buckets  stored as orc  location 'raw:///home/alex/Repositories/hive/streaming/target/tmp/junit9019760562827636875/testing.db/alerts' TBLPROPERTIES ('transactional'='true')
2024-04-24T12:35:26,472  INFO [main] SessionState: PREHOOK: query: create table alerts ( id int,msg string ) partitioned by (Continent string,Country string ) clustered by ( id ) into 1 buckets  stored as orc  location 'raw:///home/alex/Repositories/hive/streaming/target/tmp/junit9019760562827636875/testing.db/alerts' TBLPROPERTIES ('transactional'='true')
PREHOOK: type: CREATETABLE
2024-04-24T12:35:26,472  INFO [main] SessionState: PREHOOK: type: CREATETABLE
PREHOOK: Input: raw:/home/alex/Repositories/hive/streaming/target/tmp/junit9019760562827636875/testing.db/alerts
2024-04-24T12:35:26,472  INFO [main] SessionState: PREHOOK: Input: raw:/home/alex/Repositories/hive/streaming/target/tmp/junit9019760562827636875/testing.db/alerts
PREHOOK: Output: database:default
2024-04-24T12:35:26,472  INFO [main] SessionState: PREHOOK: Output: database:default
PREHOOK: Output: default@alerts
2024-04-24T12:35:26,472  INFO [main] SessionState: PREHOOK: Output: default@alerts
2024-04-24T12:35:26,472  INFO [main] ql.Driver: Starting task [Stage-0:DDL] in serial mode
2024-04-24T12:35:26,474  INFO [main] HiveMetaStore.audit: ugi=alex	ip=unknown-ip-addr	cmd=create_table_req: Table(tableName:alerts, dbName:default, owner:alex, createTime:1713987326, lastAccessTime:0, retention:0, sd:StorageDescriptor(cols:[FieldSchema(name:id, type:int, comment:null), FieldSchema(name:msg, type:string, comment:null)], location:raw:/home/alex/Repositories/hive/streaming/target/tmp/junit9019760562827636875/testing.db/alerts, inputFormat:org.apache.hadoop.hive.ql.io.orc.OrcInputFormat, outputFormat:org.apache.hadoop.hive.ql.io.orc.OrcOutputFormat, compressed:false, numBuckets:1, serdeInfo:SerDeInfo(name:null, serializationLib:org.apache.hadoop.hive.ql.io.orc.OrcSerde, parameters:{serialization.format=1}), bucketCols:[id], sortCols:[], parameters:{}, skewedInfo:SkewedInfo(skewedColNames:[], skewedColValues:[], skewedColValueLocationMaps:{}), storedAsSubDirectories:false), partitionKeys:[FieldSchema(name:Continent, type:string, comment:null), FieldSchema(name:Country, type:string, comment:null)], parameters:{bucketing_version=2, transactional=true}, viewOriginalText:null, viewExpandedText:null, tableType:MANAGED_TABLE, privileges:PrincipalPrivilegeSet(userPrivileges:{alex=[PrivilegeGrantInfo(privilege:INSERT, createTime:-1, grantor:alex, grantorType:USER, grantOption:true), PrivilegeGrantInfo(privilege:SELECT, createTime:-1, grantor:alex, grantorType:USER, grantOption:true), PrivilegeGrantInfo(privilege:UPDATE, createTime:-1, grantor:alex, grantorType:USER, grantOption:true), PrivilegeGrantInfo(privilege:DELETE, createTime:-1, grantor:alex, grantorType:USER, grantOption:true)]}, groupPrivileges:null, rolePrivileges:null), temporary:false, catName:hive, ownerType:USER, writeId:0)	
2024-04-24T12:35:26,487  WARN [main] metastore.HMSHandler: create_table_req got 
org.apache.hadoop.hive.metastore.api.AlreadyExistsException: Table hive.default.alerts already exists
	at org.apache.hadoop.hive.metastore.HMSHandler.create_table_core(HMSHandler.java:2339) ~[classes/:?]
	at org.apache.hadoop.hive.metastore.HMSHandler.create_table_req(HMSHandler.java:2598) ~[classes/:?]
	at sun.reflect.NativeMethodAccessorImpl.invoke0(Native Method) ~[?:1.8.0_402]
	at sun.reflect.NativeMethodAccessorImpl.invoke(NativeMethodAccessorImpl.java:62) ~[?:1.8.0_402]
	at sun.reflect.DelegatingMethodAccessorImpl.invoke(DelegatingMethodAccessorImpl.java:43) ~[?:1.8.0_402]
	at java.lang.reflect.Method.invoke(Method.java:498) ~[?:1.8.0_402]
	at org.apache.hadoop.hive.metastore.RetryingHMSHandler.invokeInternal(RetryingHMSHandler.java:147) ~[classes/:?]
	at org.apache.hadoop.hive.metastore.RetryingHMSHandler.invoke(RetryingHMSHandler.java:108) ~[classes/:?]
	at com.sun.proxy.$Proxy38.create_table_req(Unknown Source) ~[?:?]
	at org.apache.hadoop.hive.metastore.HiveMetaStoreClient.create_table_with_environment_context(HiveMetaStoreClient.java:4408) ~[classes/:?]
	at org.apache.hadoop.hive.ql.metadata.SessionHiveMetaStoreClient.create_table_with_environment_context(SessionHiveMetaStoreClient.java:182) ~[classes/:?]
	at org.apache.hadoop.hive.metastore.HiveMetaStoreClient.createTable(HiveMetaStoreClient.java:1260) ~[classes/:?]
	at org.apache.hadoop.hive.metastore.HiveMetaStoreClient.createTable(HiveMetaStoreClient.java:1245) ~[classes/:?]
	at sun.reflect.NativeMethodAccessorImpl.invoke0(Native Method) ~[?:1.8.0_402]
	at sun.reflect.NativeMethodAccessorImpl.invoke(NativeMethodAccessorImpl.java:62) ~[?:1.8.0_402]
	at sun.reflect.DelegatingMethodAccessorImpl.invoke(DelegatingMethodAccessorImpl.java:43) ~[?:1.8.0_402]
	at java.lang.reflect.Method.invoke(Method.java:498) ~[?:1.8.0_402]
	at org.apache.hadoop.hive.metastore.RetryingMetaStoreClient.invoke(RetryingMetaStoreClient.java:218) ~[classes/:?]
	at com.sun.proxy.$Proxy47.createTable(Unknown Source) ~[?:?]
	at org.apache.hadoop.hive.ql.metadata.Hive.createTable(Hive.java:1290) ~[classes/:?]
	at org.apache.hadoop.hive.ql.metadata.Hive.createTable(Hive.java:1306) ~[classes/:?]
	at org.apache.hadoop.hive.ql.ddl.table.create.CreateTableOperation.createTableNonReplaceMode(CreateTableOperation.java:140) ~[classes/:?]
	at org.apache.hadoop.hive.ql.ddl.table.create.CreateTableOperation.execute(CreateTableOperation.java:98) ~[classes/:?]
	at org.apache.hadoop.hive.ql.ddl.DDLTask.execute(DDLTask.java:84) ~[classes/:?]
	at org.apache.hadoop.hive.ql.exec.Task.executeTask(Task.java:212) ~[classes/:?]
	at org.apache.hadoop.hive.ql.exec.TaskRunner.runSequential(TaskRunner.java:105) ~[classes/:?]
	at org.apache.hadoop.hive.ql.Executor.launchTask(Executor.java:361) ~[classes/:?]
	at org.apache.hadoop.hive.ql.Executor.launchTasks(Executor.java:334) ~[classes/:?]
	at org.apache.hadoop.hive.ql.Executor.runTasks(Executor.java:245) ~[classes/:?]
	at org.apache.hadoop.hive.ql.Executor.execute(Executor.java:108) ~[classes/:?]
	at org.apache.hadoop.hive.ql.Driver.execute(Driver.java:348) ~[classes/:?]
	at org.apache.hadoop.hive.ql.Driver.runInternal(Driver.java:204) ~[classes/:?]
	at org.apache.hadoop.hive.ql.Driver.run(Driver.java:153) ~[classes/:?]
	at org.apache.hadoop.hive.ql.Driver.run(Driver.java:148) ~[classes/:?]
	at org.apache.hadoop.hive.ql.reexec.ReExecDriver.run(ReExecDriver.java:164) ~[classes/:?]
	at org.apache.hadoop.hive.ql.reexec.ReExecDriver.run(ReExecDriver.java:230) ~[classes/:?]
	at org.apache.hive.streaming.TestStreamingDynamicPartitioning.runDDL(TestStreamingDynamicPartitioning.java:829) ~[test-classes/:?]
	at org.apache.hive.streaming.TestStreamingDynamicPartitioning.createDbAndTable(TestStreamingDynamicPartitioning.java:885) ~[test-classes/:?]
	at org.apache.hive.streaming.TestStreamingDynamicPartitioning.setup(TestStreamingDynamicPartitioning.java:155) ~[test-classes/:?]
	at sun.reflect.NativeMethodAccessorImpl.invoke0(Native Method) ~[?:1.8.0_402]
	at sun.reflect.NativeMethodAccessorImpl.invoke(NativeMethodAccessorImpl.java:62) ~[?:1.8.0_402]
	at sun.reflect.DelegatingMethodAccessorImpl.invoke(DelegatingMethodAccessorImpl.java:43) ~[?:1.8.0_402]
	at java.lang.reflect.Method.invoke(Method.java:498) ~[?:1.8.0_402]
	at org.junit.runners.model.FrameworkMethod$1.runReflectiveCall(FrameworkMethod.java:59) ~[junit-4.13.jar:4.13]
	at org.junit.internal.runners.model.ReflectiveCallable.run(ReflectiveCallable.java:12) ~[junit-4.13.jar:4.13]
	at org.junit.runners.model.FrameworkMethod.invokeExplosively(FrameworkMethod.java:56) ~[junit-4.13.jar:4.13]
	at org.junit.internal.runners.statements.RunBefores.invokeMethod(RunBefores.java:33) ~[junit-4.13.jar:4.13]
	at org.junit.internal.runners.statements.RunBefores.evaluate(RunBefores.java:24) ~[junit-4.13.jar:4.13]
	at org.junit.internal.runners.statements.RunAfters.evaluate(RunAfters.java:27) ~[junit-4.13.jar:4.13]
	at org.junit.rules.ExternalResource$1.evaluate(ExternalResource.java:54) ~[junit-4.13.jar:4.13]
	at org.junit.runners.ParentRunner$3.evaluate(ParentRunner.java:306) ~[junit-4.13.jar:4.13]
	at org.junit.runners.BlockJUnit4ClassRunner$1.evaluate(BlockJUnit4ClassRunner.java:100) ~[junit-4.13.jar:4.13]
	at org.junit.runners.ParentRunner.runLeaf(ParentRunner.java:366) ~[junit-4.13.jar:4.13]
	at org.junit.runners.BlockJUnit4ClassRunner.runChild(BlockJUnit4ClassRunner.java:103) ~[junit-4.13.jar:4.13]
	at org.junit.runners.BlockJUnit4ClassRunner.runChild(BlockJUnit4ClassRunner.java:63) ~[junit-4.13.jar:4.13]
	at org.junit.runners.ParentRunner$4.run(ParentRunner.java:331) ~[junit-4.13.jar:4.13]
	at org.junit.runners.ParentRunner$1.schedule(ParentRunner.java:79) ~[junit-4.13.jar:4.13]
	at org.junit.runners.ParentRunner.runChildren(ParentRunner.java:329) ~[junit-4.13.jar:4.13]
	at org.junit.runners.ParentRunner.access$100(ParentRunner.java:66) ~[junit-4.13.jar:4.13]
	at org.junit.runners.ParentRunner$2.evaluate(ParentRunner.java:293) ~[junit-4.13.jar:4.13]
	at org.junit.runners.ParentRunner$3.evaluate(ParentRunner.java:306) ~[junit-4.13.jar:4.13]
	at org.junit.runners.ParentRunner.run(ParentRunner.java:413) ~[junit-4.13.jar:4.13]
	at org.junit.runner.JUnitCore.run(JUnitCore.java:137) ~[junit-4.13.jar:4.13]
	at org.junit.runner.JUnitCore.run(JUnitCore.java:115) ~[junit-4.13.jar:4.13]
	at org.junit.vintage.engine.execution.RunnerExecutor.execute(RunnerExecutor.java:43) ~[junit-vintage-engine-5.6.2.jar:5.6.2]
	at java.util.stream.ForEachOps$ForEachOp$OfRef.accept(ForEachOps.java:183) ~[?:1.8.0_402]
	at java.util.stream.ReferencePipeline$3$1.accept(ReferencePipeline.java:193) ~[?:1.8.0_402]
	at java.util.Iterator.forEachRemaining(Iterator.java:116) ~[?:1.8.0_402]
	at java.util.Spliterators$IteratorSpliterator.forEachRemaining(Spliterators.java:1801) ~[?:1.8.0_402]
	at java.util.stream.AbstractPipeline.copyInto(AbstractPipeline.java:482) ~[?:1.8.0_402]
	at java.util.stream.AbstractPipeline.wrapAndCopyInto(AbstractPipeline.java:472) ~[?:1.8.0_402]
	at java.util.stream.ForEachOps$ForEachOp.evaluateSequential(ForEachOps.java:150) ~[?:1.8.0_402]
	at java.util.stream.ForEachOps$ForEachOp$OfRef.evaluateSequential(ForEachOps.java:173) ~[?:1.8.0_402]
	at java.util.stream.AbstractPipeline.evaluate(AbstractPipeline.java:234) ~[?:1.8.0_402]
	at java.util.stream.ReferencePipeline.forEach(ReferencePipeline.java:485) ~[?:1.8.0_402]
	at org.junit.vintage.engine.VintageTestEngine.executeAllChildren(VintageTestEngine.java:82) ~[junit-vintage-engine-5.6.2.jar:5.6.2]
	at org.junit.vintage.engine.VintageTestEngine.execute(VintageTestEngine.java:73) ~[junit-vintage-engine-5.6.2.jar:5.6.2]
	at org.junit.platform.launcher.core.DefaultLauncher.execute(DefaultLauncher.java:248) ~[junit-platform-launcher-1.6.2.jar:1.6.2]
	at org.junit.platform.launcher.core.DefaultLauncher.lambda$execute$5(DefaultLauncher.java:211) ~[junit-platform-launcher-1.6.2.jar:1.6.2]
	at org.junit.platform.launcher.core.DefaultLauncher.withInterceptedStreams(DefaultLauncher.java:226) [junit-platform-launcher-1.6.2.jar:1.6.2]
	at org.junit.platform.launcher.core.DefaultLauncher.execute(DefaultLauncher.java:199) [junit-platform-launcher-1.6.2.jar:1.6.2]
	at org.junit.platform.launcher.core.DefaultLauncher.execute(DefaultLauncher.java:132) [junit-platform-launcher-1.6.2.jar:1.6.2]
	at org.apache.maven.surefire.junitplatform.JUnitPlatformProvider.invokeAllTests(JUnitPlatformProvider.java:154) [surefire-junit-platform-3.0.0-M4.jar:3.0.0-M4]
	at org.apache.maven.surefire.junitplatform.JUnitPlatformProvider.invoke(JUnitPlatformProvider.java:123) [surefire-junit-platform-3.0.0-M4.jar:3.0.0-M4]
	at org.apache.maven.surefire.booter.ForkedBooter.runSuitesInProcess(ForkedBooter.java:377) [surefire-booter-3.0.0-M4.jar:3.0.0-M4]
	at org.apache.maven.surefire.booter.ForkedBooter.execute(ForkedBooter.java:138) [surefire-booter-3.0.0-M4.jar:3.0.0-M4]
	at org.apache.maven.surefire.booter.ForkedBooter.run(ForkedBooter.java:465) [surefire-booter-3.0.0-M4.jar:3.0.0-M4]
	at org.apache.maven.surefire.booter.ForkedBooter.main(ForkedBooter.java:451) [surefire-booter-3.0.0-M4.jar:3.0.0-M4]
2024-04-24T12:35:26,488 ERROR [main] metastore.RetryingHMSHandler: AlreadyExistsException(message:Table hive.default.alerts already exists)
	at org.apache.hadoop.hive.metastore.HMSHandler.create_table_core(HMSHandler.java:2339)
	at org.apache.hadoop.hive.metastore.HMSHandler.create_table_req(HMSHandler.java:2598)
	at sun.reflect.NativeMethodAccessorImpl.invoke0(Native Method)
	at sun.reflect.NativeMethodAccessorImpl.invoke(NativeMethodAccessorImpl.java:62)
	at sun.reflect.DelegatingMethodAccessorImpl.invoke(DelegatingMethodAccessorImpl.java:43)
	at java.lang.reflect.Method.invoke(Method.java:498)
	at org.apache.hadoop.hive.metastore.RetryingHMSHandler.invokeInternal(RetryingHMSHandler.java:147)
	at org.apache.hadoop.hive.metastore.RetryingHMSHandler.invoke(RetryingHMSHandler.java:108)
	at com.sun.proxy.$Proxy38.create_table_req(Unknown Source)
	at org.apache.hadoop.hive.metastore.HiveMetaStoreClient.create_table_with_environment_context(HiveMetaStoreClient.java:4408)
	at org.apache.hadoop.hive.ql.metadata.SessionHiveMetaStoreClient.create_table_with_environment_context(SessionHiveMetaStoreClient.java:182)
	at org.apache.hadoop.hive.metastore.HiveMetaStoreClient.createTable(HiveMetaStoreClient.java:1260)
	at org.apache.hadoop.hive.metastore.HiveMetaStoreClient.createTable(HiveMetaStoreClient.java:1245)
	at sun.reflect.NativeMethodAccessorImpl.invoke0(Native Method)
	at sun.reflect.NativeMethodAccessorImpl.invoke(NativeMethodAccessorImpl.java:62)
	at sun.reflect.DelegatingMethodAccessorImpl.invoke(DelegatingMethodAccessorImpl.java:43)
	at java.lang.reflect.Method.invoke(Method.java:498)
	at org.apache.hadoop.hive.metastore.RetryingMetaStoreClient.invoke(RetryingMetaStoreClient.java:218)
	at com.sun.proxy.$Proxy47.createTable(Unknown Source)
	at org.apache.hadoop.hive.ql.metadata.Hive.createTable(Hive.java:1290)
	at org.apache.hadoop.hive.ql.metadata.Hive.createTable(Hive.java:1306)
	at org.apache.hadoop.hive.ql.ddl.table.create.CreateTableOperation.createTableNonReplaceMode(CreateTableOperation.java:140)
	at org.apache.hadoop.hive.ql.ddl.table.create.CreateTableOperation.execute(CreateTableOperation.java:98)
	at org.apache.hadoop.hive.ql.ddl.DDLTask.execute(DDLTask.java:84)
	at org.apache.hadoop.hive.ql.exec.Task.executeTask(Task.java:212)
	at org.apache.hadoop.hive.ql.exec.TaskRunner.runSequential(TaskRunner.java:105)
	at org.apache.hadoop.hive.ql.Executor.launchTask(Executor.java:361)
	at org.apache.hadoop.hive.ql.Executor.launchTasks(Executor.java:334)
	at org.apache.hadoop.hive.ql.Executor.runTasks(Executor.java:245)
	at org.apache.hadoop.hive.ql.Executor.execute(Executor.java:108)
	at org.apache.hadoop.hive.ql.Driver.execute(Driver.java:348)
	at org.apache.hadoop.hive.ql.Driver.runInternal(Driver.java:204)
	at org.apache.hadoop.hive.ql.Driver.run(Driver.java:153)
	at org.apache.hadoop.hive.ql.Driver.run(Driver.java:148)
	at org.apache.hadoop.hive.ql.reexec.ReExecDriver.run(ReExecDriver.java:164)
	at org.apache.hadoop.hive.ql.reexec.ReExecDriver.run(ReExecDriver.java:230)
	at org.apache.hive.streaming.TestStreamingDynamicPartitioning.runDDL(TestStreamingDynamicPartitioning.java:829)
	at org.apache.hive.streaming.TestStreamingDynamicPartitioning.createDbAndTable(TestStreamingDynamicPartitioning.java:885)
	at org.apache.hive.streaming.TestStreamingDynamicPartitioning.setup(TestStreamingDynamicPartitioning.java:155)
	at sun.reflect.NativeMethodAccessorImpl.invoke0(Native Method)
	at sun.reflect.NativeMethodAccessorImpl.invoke(NativeMethodAccessorImpl.java:62)
	at sun.reflect.DelegatingMethodAccessorImpl.invoke(DelegatingMethodAccessorImpl.java:43)
	at java.lang.reflect.Method.invoke(Method.java:498)
	at org.junit.runners.model.FrameworkMethod$1.runReflectiveCall(FrameworkMethod.java:59)
	at org.junit.internal.runners.model.ReflectiveCallable.run(ReflectiveCallable.java:12)
	at org.junit.runners.model.FrameworkMethod.invokeExplosively(FrameworkMethod.java:56)
	at org.junit.internal.runners.statements.RunBefores.invokeMethod(RunBefores.java:33)
	at org.junit.internal.runners.statements.RunBefores.evaluate(RunBefores.java:24)
	at org.junit.internal.runners.statements.RunAfters.evaluate(RunAfters.java:27)
	at org.junit.rules.ExternalResource$1.evaluate(ExternalResource.java:54)
	at org.junit.runners.ParentRunner$3.evaluate(ParentRunner.java:306)
	at org.junit.runners.BlockJUnit4ClassRunner$1.evaluate(BlockJUnit4ClassRunner.java:100)
	at org.junit.runners.ParentRunner.runLeaf(ParentRunner.java:366)
	at org.junit.runners.BlockJUnit4ClassRunner.runChild(BlockJUnit4ClassRunner.java:103)
	at org.junit.runners.BlockJUnit4ClassRunner.runChild(BlockJUnit4ClassRunner.java:63)
	at org.junit.runners.ParentRunner$4.run(ParentRunner.java:331)
	at org.junit.runners.ParentRunner$1.schedule(ParentRunner.java:79)
	at org.junit.runners.ParentRunner.runChildren(ParentRunner.java:329)
	at org.junit.runners.ParentRunner.access$100(ParentRunner.java:66)
	at org.junit.runners.ParentRunner$2.evaluate(ParentRunner.java:293)
	at org.junit.runners.ParentRunner$3.evaluate(ParentRunner.java:306)
	at org.junit.runners.ParentRunner.run(ParentRunner.java:413)
	at org.junit.runner.JUnitCore.run(JUnitCore.java:137)
	at org.junit.runner.JUnitCore.run(JUnitCore.java:115)
	at org.junit.vintage.engine.execution.RunnerExecutor.execute(RunnerExecutor.java:43)
	at java.util.stream.ForEachOps$ForEachOp$OfRef.accept(ForEachOps.java:183)
	at java.util.stream.ReferencePipeline$3$1.accept(ReferencePipeline.java:193)
	at java.util.Iterator.forEachRemaining(Iterator.java:116)
	at java.util.Spliterators$IteratorSpliterator.forEachRemaining(Spliterators.java:1801)
	at java.util.stream.AbstractPipeline.copyInto(AbstractPipeline.java:482)
	at java.util.stream.AbstractPipeline.wrapAndCopyInto(AbstractPipeline.java:472)
	at java.util.stream.ForEachOps$ForEachOp.evaluateSequential(ForEachOps.java:150)
	at java.util.stream.ForEachOps$ForEachOp$OfRef.evaluateSequential(ForEachOps.java:173)
	at java.util.stream.AbstractPipeline.evaluate(AbstractPipeline.java:234)
	at java.util.stream.ReferencePipeline.forEach(ReferencePipeline.java:485)
	at org.junit.vintage.engine.VintageTestEngine.executeAllChildren(VintageTestEngine.java:82)
	at org.junit.vintage.engine.VintageTestEngine.execute(VintageTestEngine.java:73)
	at org.junit.platform.launcher.core.DefaultLauncher.execute(DefaultLauncher.java:248)
	at org.junit.platform.launcher.core.DefaultLauncher.lambda$execute$5(DefaultLauncher.java:211)
	at org.junit.platform.launcher.core.DefaultLauncher.withInterceptedStreams(DefaultLauncher.java:226)
	at org.junit.platform.launcher.core.DefaultLauncher.execute(DefaultLauncher.java:199)
	at org.junit.platform.launcher.core.DefaultLauncher.execute(DefaultLauncher.java:132)
	at org.apache.maven.surefire.junitplatform.JUnitPlatformProvider.invokeAllTests(JUnitPlatformProvider.java:154)
	at org.apache.maven.surefire.junitplatform.JUnitPlatformProvider.invoke(JUnitPlatformProvider.java:123)
	at org.apache.maven.surefire.booter.ForkedBooter.runSuitesInProcess(ForkedBooter.java:377)
	at org.apache.maven.surefire.booter.ForkedBooter.execute(ForkedBooter.java:138)
	at org.apache.maven.surefire.booter.ForkedBooter.run(ForkedBooter.java:465)
	at org.apache.maven.surefire.booter.ForkedBooter.main(ForkedBooter.java:451)

2024-04-24T12:35:26,488 ERROR [main] exec.Task: Failed
org.apache.hadoop.hive.ql.metadata.HiveException: AlreadyExistsException(message:Table hive.default.alerts already exists)
	at org.apache.hadoop.hive.ql.metadata.Hive.createTable(Hive.java:1298) ~[classes/:?]
	at org.apache.hadoop.hive.ql.metadata.Hive.createTable(Hive.java:1306) ~[classes/:?]
	at org.apache.hadoop.hive.ql.ddl.table.create.CreateTableOperation.createTableNonReplaceMode(CreateTableOperation.java:140) ~[classes/:?]
	at org.apache.hadoop.hive.ql.ddl.table.create.CreateTableOperation.execute(CreateTableOperation.java:98) ~[classes/:?]
	at org.apache.hadoop.hive.ql.ddl.DDLTask.execute(DDLTask.java:84) ~[classes/:?]
	at org.apache.hadoop.hive.ql.exec.Task.executeTask(Task.java:212) ~[classes/:?]
	at org.apache.hadoop.hive.ql.exec.TaskRunner.runSequential(TaskRunner.java:105) ~[classes/:?]
	at org.apache.hadoop.hive.ql.Executor.launchTask(Executor.java:361) ~[classes/:?]
	at org.apache.hadoop.hive.ql.Executor.launchTasks(Executor.java:334) ~[classes/:?]
	at org.apache.hadoop.hive.ql.Executor.runTasks(Executor.java:245) ~[classes/:?]
	at org.apache.hadoop.hive.ql.Executor.execute(Executor.java:108) ~[classes/:?]
	at org.apache.hadoop.hive.ql.Driver.execute(Driver.java:348) ~[classes/:?]
	at org.apache.hadoop.hive.ql.Driver.runInternal(Driver.java:204) ~[classes/:?]
	at org.apache.hadoop.hive.ql.Driver.run(Driver.java:153) ~[classes/:?]
	at org.apache.hadoop.hive.ql.Driver.run(Driver.java:148) ~[classes/:?]
	at org.apache.hadoop.hive.ql.reexec.ReExecDriver.run(ReExecDriver.java:164) ~[classes/:?]
	at org.apache.hadoop.hive.ql.reexec.ReExecDriver.run(ReExecDriver.java:230) ~[classes/:?]
	at org.apache.hive.streaming.TestStreamingDynamicPartitioning.runDDL(TestStreamingDynamicPartitioning.java:829) ~[test-classes/:?]
	at org.apache.hive.streaming.TestStreamingDynamicPartitioning.createDbAndTable(TestStreamingDynamicPartitioning.java:885) ~[test-classes/:?]
	at org.apache.hive.streaming.TestStreamingDynamicPartitioning.setup(TestStreamingDynamicPartitioning.java:155) ~[test-classes/:?]
	at sun.reflect.NativeMethodAccessorImpl.invoke0(Native Method) ~[?:1.8.0_402]
	at sun.reflect.NativeMethodAccessorImpl.invoke(NativeMethodAccessorImpl.java:62) ~[?:1.8.0_402]
	at sun.reflect.DelegatingMethodAccessorImpl.invoke(DelegatingMethodAccessorImpl.java:43) ~[?:1.8.0_402]
	at java.lang.reflect.Method.invoke(Method.java:498) ~[?:1.8.0_402]
	at org.junit.runners.model.FrameworkMethod$1.runReflectiveCall(FrameworkMethod.java:59) ~[junit-4.13.jar:4.13]
	at org.junit.internal.runners.model.ReflectiveCallable.run(ReflectiveCallable.java:12) ~[junit-4.13.jar:4.13]
	at org.junit.runners.model.FrameworkMethod.invokeExplosively(FrameworkMethod.java:56) ~[junit-4.13.jar:4.13]
	at org.junit.internal.runners.statements.RunBefores.invokeMethod(RunBefores.java:33) ~[junit-4.13.jar:4.13]
	at org.junit.internal.runners.statements.RunBefores.evaluate(RunBefores.java:24) ~[junit-4.13.jar:4.13]
	at org.junit.internal.runners.statements.RunAfters.evaluate(RunAfters.java:27) ~[junit-4.13.jar:4.13]
	at org.junit.rules.ExternalResource$1.evaluate(ExternalResource.java:54) ~[junit-4.13.jar:4.13]
	at org.junit.runners.ParentRunner$3.evaluate(ParentRunner.java:306) ~[junit-4.13.jar:4.13]
	at org.junit.runners.BlockJUnit4ClassRunner$1.evaluate(BlockJUnit4ClassRunner.java:100) ~[junit-4.13.jar:4.13]
	at org.junit.runners.ParentRunner.runLeaf(ParentRunner.java:366) ~[junit-4.13.jar:4.13]
	at org.junit.runners.BlockJUnit4ClassRunner.runChild(BlockJUnit4ClassRunner.java:103) ~[junit-4.13.jar:4.13]
	at org.junit.runners.BlockJUnit4ClassRunner.runChild(BlockJUnit4ClassRunner.java:63) ~[junit-4.13.jar:4.13]
	at org.junit.runners.ParentRunner$4.run(ParentRunner.java:331) ~[junit-4.13.jar:4.13]
	at org.junit.runners.ParentRunner$1.schedule(ParentRunner.java:79) ~[junit-4.13.jar:4.13]
	at org.junit.runners.ParentRunner.runChildren(ParentRunner.java:329) ~[junit-4.13.jar:4.13]
	at org.junit.runners.ParentRunner.access$100(ParentRunner.java:66) ~[junit-4.13.jar:4.13]
	at org.junit.runners.ParentRunner$2.evaluate(ParentRunner.java:293) ~[junit-4.13.jar:4.13]
	at org.junit.runners.ParentRunner$3.evaluate(ParentRunner.java:306) ~[junit-4.13.jar:4.13]
	at org.junit.runners.ParentRunner.run(ParentRunner.java:413) ~[junit-4.13.jar:4.13]
	at org.junit.runner.JUnitCore.run(JUnitCore.java:137) ~[junit-4.13.jar:4.13]
	at org.junit.runner.JUnitCore.run(JUnitCore.java:115) ~[junit-4.13.jar:4.13]
	at org.junit.vintage.engine.execution.RunnerExecutor.execute(RunnerExecutor.java:43) ~[junit-vintage-engine-5.6.2.jar:5.6.2]
	at java.util.stream.ForEachOps$ForEachOp$OfRef.accept(ForEachOps.java:183) ~[?:1.8.0_402]
	at java.util.stream.ReferencePipeline$3$1.accept(ReferencePipeline.java:193) ~[?:1.8.0_402]
	at java.util.Iterator.forEachRemaining(Iterator.java:116) ~[?:1.8.0_402]
	at java.util.Spliterators$IteratorSpliterator.forEachRemaining(Spliterators.java:1801) ~[?:1.8.0_402]
	at java.util.stream.AbstractPipeline.copyInto(AbstractPipeline.java:482) ~[?:1.8.0_402]
	at java.util.stream.AbstractPipeline.wrapAndCopyInto(AbstractPipeline.java:472) ~[?:1.8.0_402]
	at java.util.stream.ForEachOps$ForEachOp.evaluateSequential(ForEachOps.java:150) ~[?:1.8.0_402]
	at java.util.stream.ForEachOps$ForEachOp$OfRef.evaluateSequential(ForEachOps.java:173) ~[?:1.8.0_402]
	at java.util.stream.AbstractPipeline.evaluate(AbstractPipeline.java:234) ~[?:1.8.0_402]
	at java.util.stream.ReferencePipeline.forEach(ReferencePipeline.java:485) ~[?:1.8.0_402]
	at org.junit.vintage.engine.VintageTestEngine.executeAllChildren(VintageTestEngine.java:82) ~[junit-vintage-engine-5.6.2.jar:5.6.2]
	at org.junit.vintage.engine.VintageTestEngine.execute(VintageTestEngine.java:73) ~[junit-vintage-engine-5.6.2.jar:5.6.2]
	at org.junit.platform.launcher.core.DefaultLauncher.execute(DefaultLauncher.java:248) ~[junit-platform-launcher-1.6.2.jar:1.6.2]
	at org.junit.platform.launcher.core.DefaultLauncher.lambda$execute$5(DefaultLauncher.java:211) ~[junit-platform-launcher-1.6.2.jar:1.6.2]
	at org.junit.platform.launcher.core.DefaultLauncher.withInterceptedStreams(DefaultLauncher.java:226) [junit-platform-launcher-1.6.2.jar:1.6.2]
	at org.junit.platform.launcher.core.DefaultLauncher.execute(DefaultLauncher.java:199) [junit-platform-launcher-1.6.2.jar:1.6.2]
	at org.junit.platform.launcher.core.DefaultLauncher.execute(DefaultLauncher.java:132) [junit-platform-launcher-1.6.2.jar:1.6.2]
	at org.apache.maven.surefire.junitplatform.JUnitPlatformProvider.invokeAllTests(JUnitPlatformProvider.java:154) [surefire-junit-platform-3.0.0-M4.jar:3.0.0-M4]
	at org.apache.maven.surefire.junitplatform.JUnitPlatformProvider.invoke(JUnitPlatformProvider.java:123) [surefire-junit-platform-3.0.0-M4.jar:3.0.0-M4]
	at org.apache.maven.surefire.booter.ForkedBooter.runSuitesInProcess(ForkedBooter.java:377) [surefire-booter-3.0.0-M4.jar:3.0.0-M4]
	at org.apache.maven.surefire.booter.ForkedBooter.execute(ForkedBooter.java:138) [surefire-booter-3.0.0-M4.jar:3.0.0-M4]
	at org.apache.maven.surefire.booter.ForkedBooter.run(ForkedBooter.java:465) [surefire-booter-3.0.0-M4.jar:3.0.0-M4]
	at org.apache.maven.surefire.booter.ForkedBooter.main(ForkedBooter.java:451) [surefire-booter-3.0.0-M4.jar:3.0.0-M4]
Caused by: org.apache.hadoop.hive.metastore.api.AlreadyExistsException: Table hive.default.alerts already exists
	at org.apache.hadoop.hive.metastore.HMSHandler.create_table_core(HMSHandler.java:2339) ~[classes/:?]
	at org.apache.hadoop.hive.metastore.HMSHandler.create_table_req(HMSHandler.java:2598) ~[classes/:?]
	at sun.reflect.NativeMethodAccessorImpl.invoke0(Native Method) ~[?:1.8.0_402]
	at sun.reflect.NativeMethodAccessorImpl.invoke(NativeMethodAccessorImpl.java:62) ~[?:1.8.0_402]
	at sun.reflect.DelegatingMethodAccessorImpl.invoke(DelegatingMethodAccessorImpl.java:43) ~[?:1.8.0_402]
	at java.lang.reflect.Method.invoke(Method.java:498) ~[?:1.8.0_402]
	at org.apache.hadoop.hive.metastore.RetryingHMSHandler.invokeInternal(RetryingHMSHandler.java:147) ~[classes/:?]
	at org.apache.hadoop.hive.metastore.RetryingHMSHandler.invoke(RetryingHMSHandler.java:108) ~[classes/:?]
	at com.sun.proxy.$Proxy38.create_table_req(Unknown Source) ~[?:?]
	at org.apache.hadoop.hive.metastore.HiveMetaStoreClient.create_table_with_environment_context(HiveMetaStoreClient.java:4408) ~[classes/:?]
	at org.apache.hadoop.hive.ql.metadata.SessionHiveMetaStoreClient.create_table_with_environment_context(SessionHiveMetaStoreClient.java:182) ~[classes/:?]
	at org.apache.hadoop.hive.metastore.HiveMetaStoreClient.createTable(HiveMetaStoreClient.java:1260) ~[classes/:?]
	at org.apache.hadoop.hive.metastore.HiveMetaStoreClient.createTable(HiveMetaStoreClient.java:1245) ~[classes/:?]
	at sun.reflect.NativeMethodAccessorImpl.invoke0(Native Method) ~[?:1.8.0_402]
	at sun.reflect.NativeMethodAccessorImpl.invoke(NativeMethodAccessorImpl.java:62) ~[?:1.8.0_402]
	at sun.reflect.DelegatingMethodAccessorImpl.invoke(DelegatingMethodAccessorImpl.java:43) ~[?:1.8.0_402]
	at java.lang.reflect.Method.invoke(Method.java:498) ~[?:1.8.0_402]
	at org.apache.hadoop.hive.metastore.RetryingMetaStoreClient.invoke(RetryingMetaStoreClient.java:218) ~[classes/:?]
	at com.sun.proxy.$Proxy47.createTable(Unknown Source) ~[?:?]
	at org.apache.hadoop.hive.ql.metadata.Hive.createTable(Hive.java:1290) ~[classes/:?]
	... 68 more
2024-04-24T12:35:26,489 ERROR [main] exec.Task: DDLTask failed, DDL Operation: class org.apache.hadoop.hive.ql.ddl.table.create.CreateTableOperation
org.apache.hadoop.hive.ql.metadata.HiveException: AlreadyExistsException(message:Table hive.default.alerts already exists)
	at org.apache.hadoop.hive.ql.metadata.Hive.createTable(Hive.java:1298) ~[classes/:?]
	at org.apache.hadoop.hive.ql.metadata.Hive.createTable(Hive.java:1306) ~[classes/:?]
	at org.apache.hadoop.hive.ql.ddl.table.create.CreateTableOperation.createTableNonReplaceMode(CreateTableOperation.java:140) ~[classes/:?]
	at org.apache.hadoop.hive.ql.ddl.table.create.CreateTableOperation.execute(CreateTableOperation.java:98) ~[classes/:?]
	at org.apache.hadoop.hive.ql.ddl.DDLTask.execute(DDLTask.java:84) ~[classes/:?]
	at org.apache.hadoop.hive.ql.exec.Task.executeTask(Task.java:212) ~[classes/:?]
	at org.apache.hadoop.hive.ql.exec.TaskRunner.runSequential(TaskRunner.java:105) ~[classes/:?]
	at org.apache.hadoop.hive.ql.Executor.launchTask(Executor.java:361) ~[classes/:?]
	at org.apache.hadoop.hive.ql.Executor.launchTasks(Executor.java:334) ~[classes/:?]
	at org.apache.hadoop.hive.ql.Executor.runTasks(Executor.java:245) ~[classes/:?]
	at org.apache.hadoop.hive.ql.Executor.execute(Executor.java:108) ~[classes/:?]
	at org.apache.hadoop.hive.ql.Driver.execute(Driver.java:348) ~[classes/:?]
	at org.apache.hadoop.hive.ql.Driver.runInternal(Driver.java:204) ~[classes/:?]
	at org.apache.hadoop.hive.ql.Driver.run(Driver.java:153) ~[classes/:?]
	at org.apache.hadoop.hive.ql.Driver.run(Driver.java:148) ~[classes/:?]
	at org.apache.hadoop.hive.ql.reexec.ReExecDriver.run(ReExecDriver.java:164) ~[classes/:?]
	at org.apache.hadoop.hive.ql.reexec.ReExecDriver.run(ReExecDriver.java:230) ~[classes/:?]
	at org.apache.hive.streaming.TestStreamingDynamicPartitioning.runDDL(TestStreamingDynamicPartitioning.java:829) ~[test-classes/:?]
	at org.apache.hive.streaming.TestStreamingDynamicPartitioning.createDbAndTable(TestStreamingDynamicPartitioning.java:885) ~[test-classes/:?]
	at org.apache.hive.streaming.TestStreamingDynamicPartitioning.setup(TestStreamingDynamicPartitioning.java:155) ~[test-classes/:?]
	at sun.reflect.NativeMethodAccessorImpl.invoke0(Native Method) ~[?:1.8.0_402]
	at sun.reflect.NativeMethodAccessorImpl.invoke(NativeMethodAccessorImpl.java:62) ~[?:1.8.0_402]
	at sun.reflect.DelegatingMethodAccessorImpl.invoke(DelegatingMethodAccessorImpl.java:43) ~[?:1.8.0_402]
	at java.lang.reflect.Method.invoke(Method.java:498) ~[?:1.8.0_402]
	at org.junit.runners.model.FrameworkMethod$1.runReflectiveCall(FrameworkMethod.java:59) ~[junit-4.13.jar:4.13]
	at org.junit.internal.runners.model.ReflectiveCallable.run(ReflectiveCallable.java:12) ~[junit-4.13.jar:4.13]
	at org.junit.runners.model.FrameworkMethod.invokeExplosively(FrameworkMethod.java:56) ~[junit-4.13.jar:4.13]
	at org.junit.internal.runners.statements.RunBefores.invokeMethod(RunBefores.java:33) ~[junit-4.13.jar:4.13]
	at org.junit.internal.runners.statements.RunBefores.evaluate(RunBefores.java:24) ~[junit-4.13.jar:4.13]
	at org.junit.internal.runners.statements.RunAfters.evaluate(RunAfters.java:27) ~[junit-4.13.jar:4.13]
	at org.junit.rules.ExternalResource$1.evaluate(ExternalResource.java:54) ~[junit-4.13.jar:4.13]
	at org.junit.runners.ParentRunner$3.evaluate(ParentRunner.java:306) ~[junit-4.13.jar:4.13]
	at org.junit.runners.BlockJUnit4ClassRunner$1.evaluate(BlockJUnit4ClassRunner.java:100) ~[junit-4.13.jar:4.13]
	at org.junit.runners.ParentRunner.runLeaf(ParentRunner.java:366) ~[junit-4.13.jar:4.13]
	at org.junit.runners.BlockJUnit4ClassRunner.runChild(BlockJUnit4ClassRunner.java:103) ~[junit-4.13.jar:4.13]
	at org.junit.runners.BlockJUnit4ClassRunner.runChild(BlockJUnit4ClassRunner.java:63) ~[junit-4.13.jar:4.13]
	at org.junit.runners.ParentRunner$4.run(ParentRunner.java:331) ~[junit-4.13.jar:4.13]
	at org.junit.runners.ParentRunner$1.schedule(ParentRunner.java:79) ~[junit-4.13.jar:4.13]
	at org.junit.runners.ParentRunner.runChildren(ParentRunner.java:329) ~[junit-4.13.jar:4.13]
	at org.junit.runners.ParentRunner.access$100(ParentRunner.java:66) ~[junit-4.13.jar:4.13]
	at org.junit.runners.ParentRunner$2.evaluate(ParentRunner.java:293) ~[junit-4.13.jar:4.13]
	at org.junit.runners.ParentRunner$3.evaluate(ParentRunner.java:306) ~[junit-4.13.jar:4.13]
	at org.junit.runners.ParentRunner.run(ParentRunner.java:413) ~[junit-4.13.jar:4.13]
	at org.junit.runner.JUnitCore.run(JUnitCore.java:137) ~[junit-4.13.jar:4.13]
	at org.junit.runner.JUnitCore.run(JUnitCore.java:115) ~[junit-4.13.jar:4.13]
	at org.junit.vintage.engine.execution.RunnerExecutor.execute(RunnerExecutor.java:43) ~[junit-vintage-engine-5.6.2.jar:5.6.2]
	at java.util.stream.ForEachOps$ForEachOp$OfRef.accept(ForEachOps.java:183) ~[?:1.8.0_402]
	at java.util.stream.ReferencePipeline$3$1.accept(ReferencePipeline.java:193) ~[?:1.8.0_402]
	at java.util.Iterator.forEachRemaining(Iterator.java:116) ~[?:1.8.0_402]
	at java.util.Spliterators$IteratorSpliterator.forEachRemaining(Spliterators.java:1801) ~[?:1.8.0_402]
	at java.util.stream.AbstractPipeline.copyInto(AbstractPipeline.java:482) ~[?:1.8.0_402]
	at java.util.stream.AbstractPipeline.wrapAndCopyInto(AbstractPipeline.java:472) ~[?:1.8.0_402]
	at java.util.stream.ForEachOps$ForEachOp.evaluateSequential(ForEachOps.java:150) ~[?:1.8.0_402]
	at java.util.stream.ForEachOps$ForEachOp$OfRef.evaluateSequential(ForEachOps.java:173) ~[?:1.8.0_402]
	at java.util.stream.AbstractPipeline.evaluate(AbstractPipeline.java:234) ~[?:1.8.0_402]
	at java.util.stream.ReferencePipeline.forEach(ReferencePipeline.java:485) ~[?:1.8.0_402]
	at org.junit.vintage.engine.VintageTestEngine.executeAllChildren(VintageTestEngine.java:82) ~[junit-vintage-engine-5.6.2.jar:5.6.2]
	at org.junit.vintage.engine.VintageTestEngine.execute(VintageTestEngine.java:73) ~[junit-vintage-engine-5.6.2.jar:5.6.2]
	at org.junit.platform.launcher.core.DefaultLauncher.execute(DefaultLauncher.java:248) ~[junit-platform-launcher-1.6.2.jar:1.6.2]
	at org.junit.platform.launcher.core.DefaultLauncher.lambda$execute$5(DefaultLauncher.java:211) ~[junit-platform-launcher-1.6.2.jar:1.6.2]
	at org.junit.platform.launcher.core.DefaultLauncher.withInterceptedStreams(DefaultLauncher.java:226) [junit-platform-launcher-1.6.2.jar:1.6.2]
	at org.junit.platform.launcher.core.DefaultLauncher.execute(DefaultLauncher.java:199) [junit-platform-launcher-1.6.2.jar:1.6.2]
	at org.junit.platform.launcher.core.DefaultLauncher.execute(DefaultLauncher.java:132) [junit-platform-launcher-1.6.2.jar:1.6.2]
	at org.apache.maven.surefire.junitplatform.JUnitPlatformProvider.invokeAllTests(JUnitPlatformProvider.java:154) [surefire-junit-platform-3.0.0-M4.jar:3.0.0-M4]
	at org.apache.maven.surefire.junitplatform.JUnitPlatformProvider.invoke(JUnitPlatformProvider.java:123) [surefire-junit-platform-3.0.0-M4.jar:3.0.0-M4]
	at org.apache.maven.surefire.booter.ForkedBooter.runSuitesInProcess(ForkedBooter.java:377) [surefire-booter-3.0.0-M4.jar:3.0.0-M4]
	at org.apache.maven.surefire.booter.ForkedBooter.execute(ForkedBooter.java:138) [surefire-booter-3.0.0-M4.jar:3.0.0-M4]
	at org.apache.maven.surefire.booter.ForkedBooter.run(ForkedBooter.java:465) [surefire-booter-3.0.0-M4.jar:3.0.0-M4]
	at org.apache.maven.surefire.booter.ForkedBooter.main(ForkedBooter.java:451) [surefire-booter-3.0.0-M4.jar:3.0.0-M4]
Caused by: org.apache.hadoop.hive.metastore.api.AlreadyExistsException: Table hive.default.alerts already exists
	at org.apache.hadoop.hive.metastore.HMSHandler.create_table_core(HMSHandler.java:2339) ~[classes/:?]
	at org.apache.hadoop.hive.metastore.HMSHandler.create_table_req(HMSHandler.java:2598) ~[classes/:?]
	at sun.reflect.NativeMethodAccessorImpl.invoke0(Native Method) ~[?:1.8.0_402]
	at sun.reflect.NativeMethodAccessorImpl.invoke(NativeMethodAccessorImpl.java:62) ~[?:1.8.0_402]
	at sun.reflect.DelegatingMethodAccessorImpl.invoke(DelegatingMethodAccessorImpl.java:43) ~[?:1.8.0_402]
	at java.lang.reflect.Method.invoke(Method.java:498) ~[?:1.8.0_402]
	at org.apache.hadoop.hive.metastore.RetryingHMSHandler.invokeInternal(RetryingHMSHandler.java:147) ~[classes/:?]
	at org.apache.hadoop.hive.metastore.RetryingHMSHandler.invoke(RetryingHMSHandler.java:108) ~[classes/:?]
	at com.sun.proxy.$Proxy38.create_table_req(Unknown Source) ~[?:?]
	at org.apache.hadoop.hive.metastore.HiveMetaStoreClient.create_table_with_environment_context(HiveMetaStoreClient.java:4408) ~[classes/:?]
	at org.apache.hadoop.hive.ql.metadata.SessionHiveMetaStoreClient.create_table_with_environment_context(SessionHiveMetaStoreClient.java:182) ~[classes/:?]
	at org.apache.hadoop.hive.metastore.HiveMetaStoreClient.createTable(HiveMetaStoreClient.java:1260) ~[classes/:?]
	at org.apache.hadoop.hive.metastore.HiveMetaStoreClient.createTable(HiveMetaStoreClient.java:1245) ~[classes/:?]
	at sun.reflect.NativeMethodAccessorImpl.invoke0(Native Method) ~[?:1.8.0_402]
	at sun.reflect.NativeMethodAccessorImpl.invoke(NativeMethodAccessorImpl.java:62) ~[?:1.8.0_402]
	at sun.reflect.DelegatingMethodAccessorImpl.invoke(DelegatingMethodAccessorImpl.java:43) ~[?:1.8.0_402]
	at java.lang.reflect.Method.invoke(Method.java:498) ~[?:1.8.0_402]
	at org.apache.hadoop.hive.metastore.RetryingMetaStoreClient.invoke(RetryingMetaStoreClient.java:218) ~[classes/:?]
	at com.sun.proxy.$Proxy47.createTable(Unknown Source) ~[?:?]
	at org.apache.hadoop.hive.ql.metadata.Hive.createTable(Hive.java:1290) ~[classes/:?]
	... 68 more
2024-04-24T12:35:26,489  INFO [main] reexec.ReOptimizePlugin: ReOptimization: retryPossible: false
2024-04-24T12:35:26,489  INFO [main] reexec.ReExecuteLostAMQueryPlugin: Got exception message: AlreadyExistsException(message:Table hive.default.alerts already exists) retryPossible: false
2024-04-24T12:35:26,489  INFO [main] reexec.ReExecutionDagSubmitPlugin: Got exception message: AlreadyExistsException(message:Table hive.default.alerts already exists) retryPossible: false
FAILED: Execution Error, return code 40000 from org.apache.hadoop.hive.ql.ddl.DDLTask. AlreadyExistsException(message:Table hive.default.alerts already exists)
2024-04-24T12:35:26,489 ERROR [main] ql.Driver: FAILED: Execution Error, return code 40000 from org.apache.hadoop.hive.ql.ddl.DDLTask. AlreadyExistsException(message:Table hive.default.alerts already exists)
2024-04-24T12:35:26,490  INFO [main] metadata.Hive: Dumping metastore api call timing information for : execution phase
2024-04-24T12:35:26,490  INFO [main] metadata.Hive: Total time spent in each metastore function (ms): {isCompatibleWith_(Configuration)=1}
2024-04-24T12:35:26,490  INFO [main] ql.Driver: Completed executing command(queryId=alex_20240424123526_802b0969-6737-45bc-9f46-82e56f5f3058); Time taken: 0.018 seconds
2024-04-24T12:35:26,490  INFO [main] lockmgr.DbTxnManager: Stopped heartbeat for query: alex_20240424123526_802b0969-6737-45bc-9f46-82e56f5f3058
2024-04-24T12:35:26,491  INFO [main] txn.TxnHandler: Removed transactions: ([2]) from MIN_HISTORY_LEVEL
2024-04-24T12:35:26,494 ERROR [main] streaming.TestStreamingDynamicPartitioning: Statement: create table alerts ( id int,msg string ) partitioned by (Continent string,Country string ) clustered by ( id ) into 1 buckets  stored as orc  location 'raw:///home/alex/Repositories/hive/streaming/target/tmp/junit9019760562827636875/testing.db/alerts' TBLPROPERTIES ('transactional'='true')  failed: (responseCode = 40000, errorMessage = FAILED: Execution Error, return code 40000 from org.apache.hadoop.hive.ql.ddl.DDLTask. AlreadyExistsException(message:Table hive.default.alerts already exists), hiveErrorCode = 40000, SQLState = 08S01, exception = AlreadyExistsException(message:Table hive.default.alerts already exists))
2024-04-24T12:35:26,494  INFO [main] HiveMetaStore.audit: ugi=alex	ip=unknown-ip-addr	cmd=get_table_names_by_filter: db = @hive#testing2, filter = 	
2024-04-24T12:35:26,497  INFO [main] HiveMetaStore.audit: ugi=alex	ip=unknown-ip-addr	cmd=get_database: testing2	
2024-04-24T12:35:26,499  INFO [main] ql.Driver: Compiling command(queryId=alex_20240424123526_802b0969-6737-45bc-9f46-82e56f5f3058): create database IF NOT EXISTS testing5 location 'raw:///home/alex/Repositories/hive/streaming/target/tmp/junit559208149134235549/testing5.db'
2024-04-24T12:35:26,502  INFO [main] txn.TxnHandler: Added entries to MIN_HISTORY_LEVEL for current txns: ([3]) with min_open_txn: 1
2024-04-24T12:35:26,502  INFO [main] lockmgr.DbTxnManager: Opened txnid:3
2024-04-24T12:35:26,503  INFO [main] ql.Driver: Semantic Analysis Completed (retrial = false)
2024-04-24T12:35:26,503  INFO [main] ql.Driver: Created Hive schema: Schema(fieldSchemas:null, properties:null)
2024-04-24T12:35:26,503  INFO [main] metadata.Hive: Dumping metastore api call timing information for : compilation phase
2024-04-24T12:35:26,503  INFO [main] metadata.Hive: Total time spent in each metastore function (ms): {isCompatibleWith_(Configuration)=0, rollbackTxn_(long)=4, flushCache_()=0, openTxn_(String, TxnType)=2, getValidTxns_(long)=1}
2024-04-24T12:35:26,504  INFO [main] ql.Driver: Completed compiling command(queryId=alex_20240424123526_802b0969-6737-45bc-9f46-82e56f5f3058); Time taken: 0.004 seconds
2024-04-24T12:35:26,504  INFO [main] reexec.ReExecDriver: Execution #1 of query
2024-04-24T12:35:26,504  INFO [main] lockmgr.DbTxnManager: Setting lock request transaction to txnid:3 for queryId=alex_20240424123526_802b0969-6737-45bc-9f46-82e56f5f3058
2024-04-24T12:35:26,504  INFO [main] ql.Driver: Operation CREATEDATABASE obtained 0 locks
2024-04-24T12:35:26,504  INFO [main] ql.Driver: Executing command(queryId=alex_20240424123526_802b0969-6737-45bc-9f46-82e56f5f3058): create database IF NOT EXISTS testing5 location 'raw:///home/alex/Repositories/hive/streaming/target/tmp/junit559208149134235549/testing5.db'
PREHOOK: query: create database IF NOT EXISTS testing5 location 'raw:///home/alex/Repositories/hive/streaming/target/tmp/junit559208149134235549/testing5.db'
2024-04-24T12:35:26,504  INFO [main] SessionState: PREHOOK: query: create database IF NOT EXISTS testing5 location 'raw:///home/alex/Repositories/hive/streaming/target/tmp/junit559208149134235549/testing5.db'
PREHOOK: type: CREATEDATABASE
2024-04-24T12:35:26,504  INFO [main] SessionState: PREHOOK: type: CREATEDATABASE
PREHOOK: Output: database:testing5
2024-04-24T12:35:26,504  INFO [main] SessionState: PREHOOK: Output: database:testing5
PREHOOK: Output: raw:/home/alex/Repositories/hive/streaming/target/tmp/junit559208149134235549/testing5.db
2024-04-24T12:35:26,504  INFO [main] SessionState: PREHOOK: Output: raw:/home/alex/Repositories/hive/streaming/target/tmp/junit559208149134235549/testing5.db
2024-04-24T12:35:26,505  INFO [main] ql.Driver: Starting task [Stage-0:DDL] in serial mode
2024-04-24T12:35:26,505  INFO [main] HiveMetaStore.audit: ugi=alex	ip=unknown-ip-addr	cmd=create_database: Database(name:testing5, description:null, locationUri:raw:/home/alex/Repositories/hive/streaming/target/tmp/junit559208149134235549/testing5.db, parameters:null, ownerName:alex, ownerType:USER, catalogName:hive, managedLocationUri:pfile:/home/alex/Repositories/hive/streaming/target/warehouse/testing5.db, type:NATIVE)	
2024-04-24T12:35:26,512 ERROR [main] metastore.RetryingHMSHandler: MetaException(message:Unable to create database managed directory pfile:/home/alex/Repositories/hive/streaming/target/warehouse/testing5.db, failed to create database testing5)
	at org.apache.hadoop.hive.metastore.HMSHandler.create_database_core(HMSHandler.java:1366)
	at org.apache.hadoop.hive.metastore.HMSHandler.create_database(HMSHandler.java:1486)
	at sun.reflect.NativeMethodAccessorImpl.invoke0(Native Method)
	at sun.reflect.NativeMethodAccessorImpl.invoke(NativeMethodAccessorImpl.java:62)
	at sun.reflect.DelegatingMethodAccessorImpl.invoke(DelegatingMethodAccessorImpl.java:43)
	at java.lang.reflect.Method.invoke(Method.java:498)
	at org.apache.hadoop.hive.metastore.RetryingHMSHandler.invokeInternal(RetryingHMSHandler.java:147)
	at org.apache.hadoop.hive.metastore.RetryingHMSHandler.invoke(RetryingHMSHandler.java:108)
	at com.sun.proxy.$Proxy38.create_database(Unknown Source)
	at org.apache.hadoop.hive.metastore.HiveMetaStoreClient.createDatabase(HiveMetaStoreClient.java:1151)
	at sun.reflect.NativeMethodAccessorImpl.invoke0(Native Method)
	at sun.reflect.NativeMethodAccessorImpl.invoke(NativeMethodAccessorImpl.java:62)
	at sun.reflect.DelegatingMethodAccessorImpl.invoke(DelegatingMethodAccessorImpl.java:43)
	at java.lang.reflect.Method.invoke(Method.java:498)
	at org.apache.hadoop.hive.metastore.RetryingMetaStoreClient.invoke(RetryingMetaStoreClient.java:218)
	at com.sun.proxy.$Proxy47.createDatabase(Unknown Source)
	at org.apache.hadoop.hive.ql.metadata.Hive.createDatabase(Hive.java:605)
	at org.apache.hadoop.hive.ql.ddl.database.create.CreateDatabaseOperation.execute(CreateDatabaseOperation.java:68)
	at org.apache.hadoop.hive.ql.ddl.DDLTask.execute(DDLTask.java:84)
	at org.apache.hadoop.hive.ql.exec.Task.executeTask(Task.java:212)
	at org.apache.hadoop.hive.ql.exec.TaskRunner.runSequential(TaskRunner.java:105)
	at org.apache.hadoop.hive.ql.Executor.launchTask(Executor.java:361)
	at org.apache.hadoop.hive.ql.Executor.launchTasks(Executor.java:334)
	at org.apache.hadoop.hive.ql.Executor.runTasks(Executor.java:245)
	at org.apache.hadoop.hive.ql.Executor.execute(Executor.java:108)
	at org.apache.hadoop.hive.ql.Driver.execute(Driver.java:348)
	at org.apache.hadoop.hive.ql.Driver.runInternal(Driver.java:204)
	at org.apache.hadoop.hive.ql.Driver.run(Driver.java:153)
	at org.apache.hadoop.hive.ql.Driver.run(Driver.java:148)
	at org.apache.hadoop.hive.ql.reexec.ReExecDriver.run(ReExecDriver.java:164)
	at org.apache.hadoop.hive.ql.reexec.ReExecDriver.run(ReExecDriver.java:230)
	at org.apache.hive.streaming.TestStreamingDynamicPartitioning.runDDL(TestStreamingDynamicPartitioning.java:829)
	at org.apache.hive.streaming.TestStreamingDynamicPartitioning.createStoreSales(TestStreamingDynamicPartitioning.java:177)
	at org.apache.hive.streaming.TestStreamingDynamicPartitioning.setup(TestStreamingDynamicPartitioning.java:160)
	at sun.reflect.NativeMethodAccessorImpl.invoke0(Native Method)
	at sun.reflect.NativeMethodAccessorImpl.invoke(NativeMethodAccessorImpl.java:62)
	at sun.reflect.DelegatingMethodAccessorImpl.invoke(DelegatingMethodAccessorImpl.java:43)
	at java.lang.reflect.Method.invoke(Method.java:498)
	at org.junit.runners.model.FrameworkMethod$1.runReflectiveCall(FrameworkMethod.java:59)
	at org.junit.internal.runners.model.ReflectiveCallable.run(ReflectiveCallable.java:12)
	at org.junit.runners.model.FrameworkMethod.invokeExplosively(FrameworkMethod.java:56)
	at org.junit.internal.runners.statements.RunBefores.invokeMethod(RunBefores.java:33)
	at org.junit.internal.runners.statements.RunBefores.evaluate(RunBefores.java:24)
	at org.junit.internal.runners.statements.RunAfters.evaluate(RunAfters.java:27)
	at org.junit.rules.ExternalResource$1.evaluate(ExternalResource.java:54)
	at org.junit.runners.ParentRunner$3.evaluate(ParentRunner.java:306)
	at org.junit.runners.BlockJUnit4ClassRunner$1.evaluate(BlockJUnit4ClassRunner.java:100)
	at org.junit.runners.ParentRunner.runLeaf(ParentRunner.java:366)
	at org.junit.runners.BlockJUnit4ClassRunner.runChild(BlockJUnit4ClassRunner.java:103)
	at org.junit.runners.BlockJUnit4ClassRunner.runChild(BlockJUnit4ClassRunner.java:63)
	at org.junit.runners.ParentRunner$4.run(ParentRunner.java:331)
	at org.junit.runners.ParentRunner$1.schedule(ParentRunner.java:79)
	at org.junit.runners.ParentRunner.runChildren(ParentRunner.java:329)
	at org.junit.runners.ParentRunner.access$100(ParentRunner.java:66)
	at org.junit.runners.ParentRunner$2.evaluate(ParentRunner.java:293)
	at org.junit.runners.ParentRunner$3.evaluate(ParentRunner.java:306)
	at org.junit.runners.ParentRunner.run(ParentRunner.java:413)
	at org.junit.runner.JUnitCore.run(JUnitCore.java:137)
	at org.junit.runner.JUnitCore.run(JUnitCore.java:115)
	at org.junit.vintage.engine.execution.RunnerExecutor.execute(RunnerExecutor.java:43)
	at java.util.stream.ForEachOps$ForEachOp$OfRef.accept(ForEachOps.java:183)
	at java.util.stream.ReferencePipeline$3$1.accept(ReferencePipeline.java:193)
	at java.util.Iterator.forEachRemaining(Iterator.java:116)
	at java.util.Spliterators$IteratorSpliterator.forEachRemaining(Spliterators.java:1801)
	at java.util.stream.AbstractPipeline.copyInto(AbstractPipeline.java:482)
	at java.util.stream.AbstractPipeline.wrapAndCopyInto(AbstractPipeline.java:472)
	at java.util.stream.ForEachOps$ForEachOp.evaluateSequential(ForEachOps.java:150)
	at java.util.stream.ForEachOps$ForEachOp$OfRef.evaluateSequential(ForEachOps.java:173)
	at java.util.stream.AbstractPipeline.evaluate(AbstractPipeline.java:234)
	at java.util.stream.ReferencePipeline.forEach(ReferencePipeline.java:485)
	at org.junit.vintage.engine.VintageTestEngine.executeAllChildren(VintageTestEngine.java:82)
	at org.junit.vintage.engine.VintageTestEngine.execute(VintageTestEngine.java:73)
	at org.junit.platform.launcher.core.DefaultLauncher.execute(DefaultLauncher.java:248)
	at org.junit.platform.launcher.core.DefaultLauncher.lambda$execute$5(DefaultLauncher.java:211)
	at org.junit.platform.launcher.core.DefaultLauncher.withInterceptedStreams(DefaultLauncher.java:226)
	at org.junit.platform.launcher.core.DefaultLauncher.execute(DefaultLauncher.java:199)
	at org.junit.platform.launcher.core.DefaultLauncher.execute(DefaultLauncher.java:132)
	at org.apache.maven.surefire.junitplatform.JUnitPlatformProvider.invokeAllTests(JUnitPlatformProvider.java:154)
	at org.apache.maven.surefire.junitplatform.JUnitPlatformProvider.invoke(JUnitPlatformProvider.java:123)
	at org.apache.maven.surefire.booter.ForkedBooter.runSuitesInProcess(ForkedBooter.java:377)
	at org.apache.maven.surefire.booter.ForkedBooter.execute(ForkedBooter.java:138)
	at org.apache.maven.surefire.booter.ForkedBooter.run(ForkedBooter.java:465)
	at org.apache.maven.surefire.booter.ForkedBooter.main(ForkedBooter.java:451)

2024-04-24T12:35:26,512 ERROR [main] exec.Task: Failed
org.apache.hadoop.hive.ql.metadata.HiveException: MetaException(message:Unable to create database managed directory pfile:/home/alex/Repositories/hive/streaming/target/warehouse/testing5.db, failed to create database testing5)
	at org.apache.hadoop.hive.ql.metadata.Hive.createDatabase(Hive.java:611) ~[classes/:?]
	at org.apache.hadoop.hive.ql.ddl.database.create.CreateDatabaseOperation.execute(CreateDatabaseOperation.java:68) ~[classes/:?]
	at org.apache.hadoop.hive.ql.ddl.DDLTask.execute(DDLTask.java:84) ~[classes/:?]
	at org.apache.hadoop.hive.ql.exec.Task.executeTask(Task.java:212) ~[classes/:?]
	at org.apache.hadoop.hive.ql.exec.TaskRunner.runSequential(TaskRunner.java:105) ~[classes/:?]
	at org.apache.hadoop.hive.ql.Executor.launchTask(Executor.java:361) ~[classes/:?]
	at org.apache.hadoop.hive.ql.Executor.launchTasks(Executor.java:334) ~[classes/:?]
	at org.apache.hadoop.hive.ql.Executor.runTasks(Executor.java:245) ~[classes/:?]
	at org.apache.hadoop.hive.ql.Executor.execute(Executor.java:108) ~[classes/:?]
	at org.apache.hadoop.hive.ql.Driver.execute(Driver.java:348) ~[classes/:?]
	at org.apache.hadoop.hive.ql.Driver.runInternal(Driver.java:204) ~[classes/:?]
	at org.apache.hadoop.hive.ql.Driver.run(Driver.java:153) ~[classes/:?]
	at org.apache.hadoop.hive.ql.Driver.run(Driver.java:148) ~[classes/:?]
	at org.apache.hadoop.hive.ql.reexec.ReExecDriver.run(ReExecDriver.java:164) ~[classes/:?]
	at org.apache.hadoop.hive.ql.reexec.ReExecDriver.run(ReExecDriver.java:230) ~[classes/:?]
	at org.apache.hive.streaming.TestStreamingDynamicPartitioning.runDDL(TestStreamingDynamicPartitioning.java:829) ~[test-classes/:?]
	at org.apache.hive.streaming.TestStreamingDynamicPartitioning.createStoreSales(TestStreamingDynamicPartitioning.java:177) ~[test-classes/:?]
	at org.apache.hive.streaming.TestStreamingDynamicPartitioning.setup(TestStreamingDynamicPartitioning.java:160) ~[test-classes/:?]
	at sun.reflect.NativeMethodAccessorImpl.invoke0(Native Method) ~[?:1.8.0_402]
	at sun.reflect.NativeMethodAccessorImpl.invoke(NativeMethodAccessorImpl.java:62) ~[?:1.8.0_402]
	at sun.reflect.DelegatingMethodAccessorImpl.invoke(DelegatingMethodAccessorImpl.java:43) ~[?:1.8.0_402]
	at java.lang.reflect.Method.invoke(Method.java:498) ~[?:1.8.0_402]
	at org.junit.runners.model.FrameworkMethod$1.runReflectiveCall(FrameworkMethod.java:59) ~[junit-4.13.jar:4.13]
	at org.junit.internal.runners.model.ReflectiveCallable.run(ReflectiveCallable.java:12) ~[junit-4.13.jar:4.13]
	at org.junit.runners.model.FrameworkMethod.invokeExplosively(FrameworkMethod.java:56) ~[junit-4.13.jar:4.13]
	at org.junit.internal.runners.statements.RunBefores.invokeMethod(RunBefores.java:33) ~[junit-4.13.jar:4.13]
	at org.junit.internal.runners.statements.RunBefores.evaluate(RunBefores.java:24) ~[junit-4.13.jar:4.13]
	at org.junit.internal.runners.statements.RunAfters.evaluate(RunAfters.java:27) ~[junit-4.13.jar:4.13]
	at org.junit.rules.ExternalResource$1.evaluate(ExternalResource.java:54) ~[junit-4.13.jar:4.13]
	at org.junit.runners.ParentRunner$3.evaluate(ParentRunner.java:306) ~[junit-4.13.jar:4.13]
	at org.junit.runners.BlockJUnit4ClassRunner$1.evaluate(BlockJUnit4ClassRunner.java:100) ~[junit-4.13.jar:4.13]
	at org.junit.runners.ParentRunner.runLeaf(ParentRunner.java:366) ~[junit-4.13.jar:4.13]
	at org.junit.runners.BlockJUnit4ClassRunner.runChild(BlockJUnit4ClassRunner.java:103) ~[junit-4.13.jar:4.13]
	at org.junit.runners.BlockJUnit4ClassRunner.runChild(BlockJUnit4ClassRunner.java:63) ~[junit-4.13.jar:4.13]
	at org.junit.runners.ParentRunner$4.run(ParentRunner.java:331) ~[junit-4.13.jar:4.13]
	at org.junit.runners.ParentRunner$1.schedule(ParentRunner.java:79) ~[junit-4.13.jar:4.13]
	at org.junit.runners.ParentRunner.runChildren(ParentRunner.java:329) ~[junit-4.13.jar:4.13]
	at org.junit.runners.ParentRunner.access$100(ParentRunner.java:66) ~[junit-4.13.jar:4.13]
	at org.junit.runners.ParentRunner$2.evaluate(ParentRunner.java:293) ~[junit-4.13.jar:4.13]
	at org.junit.runners.ParentRunner$3.evaluate(ParentRunner.java:306) ~[junit-4.13.jar:4.13]
	at org.junit.runners.ParentRunner.run(ParentRunner.java:413) ~[junit-4.13.jar:4.13]
	at org.junit.runner.JUnitCore.run(JUnitCore.java:137) ~[junit-4.13.jar:4.13]
	at org.junit.runner.JUnitCore.run(JUnitCore.java:115) ~[junit-4.13.jar:4.13]
	at org.junit.vintage.engine.execution.RunnerExecutor.execute(RunnerExecutor.java:43) ~[junit-vintage-engine-5.6.2.jar:5.6.2]
	at java.util.stream.ForEachOps$ForEachOp$OfRef.accept(ForEachOps.java:183) ~[?:1.8.0_402]
	at java.util.stream.ReferencePipeline$3$1.accept(ReferencePipeline.java:193) ~[?:1.8.0_402]
	at java.util.Iterator.forEachRemaining(Iterator.java:116) ~[?:1.8.0_402]
	at java.util.Spliterators$IteratorSpliterator.forEachRemaining(Spliterators.java:1801) ~[?:1.8.0_402]
	at java.util.stream.AbstractPipeline.copyInto(AbstractPipeline.java:482) ~[?:1.8.0_402]
	at java.util.stream.AbstractPipeline.wrapAndCopyInto(AbstractPipeline.java:472) ~[?:1.8.0_402]
	at java.util.stream.ForEachOps$ForEachOp.evaluateSequential(ForEachOps.java:150) ~[?:1.8.0_402]
	at java.util.stream.ForEachOps$ForEachOp$OfRef.evaluateSequential(ForEachOps.java:173) ~[?:1.8.0_402]
	at java.util.stream.AbstractPipeline.evaluate(AbstractPipeline.java:234) ~[?:1.8.0_402]
	at java.util.stream.ReferencePipeline.forEach(ReferencePipeline.java:485) ~[?:1.8.0_402]
	at org.junit.vintage.engine.VintageTestEngine.executeAllChildren(VintageTestEngine.java:82) ~[junit-vintage-engine-5.6.2.jar:5.6.2]
	at org.junit.vintage.engine.VintageTestEngine.execute(VintageTestEngine.java:73) ~[junit-vintage-engine-5.6.2.jar:5.6.2]
	at org.junit.platform.launcher.core.DefaultLauncher.execute(DefaultLauncher.java:248) ~[junit-platform-launcher-1.6.2.jar:1.6.2]
	at org.junit.platform.launcher.core.DefaultLauncher.lambda$execute$5(DefaultLauncher.java:211) ~[junit-platform-launcher-1.6.2.jar:1.6.2]
	at org.junit.platform.launcher.core.DefaultLauncher.withInterceptedStreams(DefaultLauncher.java:226) [junit-platform-launcher-1.6.2.jar:1.6.2]
	at org.junit.platform.launcher.core.DefaultLauncher.execute(DefaultLauncher.java:199) [junit-platform-launcher-1.6.2.jar:1.6.2]
	at org.junit.platform.launcher.core.DefaultLauncher.execute(DefaultLauncher.java:132) [junit-platform-launcher-1.6.2.jar:1.6.2]
	at org.apache.maven.surefire.junitplatform.JUnitPlatformProvider.invokeAllTests(JUnitPlatformProvider.java:154) [surefire-junit-platform-3.0.0-M4.jar:3.0.0-M4]
	at org.apache.maven.surefire.junitplatform.JUnitPlatformProvider.invoke(JUnitPlatformProvider.java:123) [surefire-junit-platform-3.0.0-M4.jar:3.0.0-M4]
	at org.apache.maven.surefire.booter.ForkedBooter.runSuitesInProcess(ForkedBooter.java:377) [surefire-booter-3.0.0-M4.jar:3.0.0-M4]
	at org.apache.maven.surefire.booter.ForkedBooter.execute(ForkedBooter.java:138) [surefire-booter-3.0.0-M4.jar:3.0.0-M4]
	at org.apache.maven.surefire.booter.ForkedBooter.run(ForkedBooter.java:465) [surefire-booter-3.0.0-M4.jar:3.0.0-M4]
	at org.apache.maven.surefire.booter.ForkedBooter.main(ForkedBooter.java:451) [surefire-booter-3.0.0-M4.jar:3.0.0-M4]
Caused by: org.apache.hadoop.hive.metastore.api.MetaException: Unable to create database managed directory pfile:/home/alex/Repositories/hive/streaming/target/warehouse/testing5.db, failed to create database testing5
	at org.apache.hadoop.hive.metastore.HMSHandler.create_database_core(HMSHandler.java:1366) ~[classes/:?]
	at org.apache.hadoop.hive.metastore.HMSHandler.create_database(HMSHandler.java:1486) ~[classes/:?]
	at sun.reflect.NativeMethodAccessorImpl.invoke0(Native Method) ~[?:1.8.0_402]
	at sun.reflect.NativeMethodAccessorImpl.invoke(NativeMethodAccessorImpl.java:62) ~[?:1.8.0_402]
	at sun.reflect.DelegatingMethodAccessorImpl.invoke(DelegatingMethodAccessorImpl.java:43) ~[?:1.8.0_402]
	at java.lang.reflect.Method.invoke(Method.java:498) ~[?:1.8.0_402]
	at org.apache.hadoop.hive.metastore.RetryingHMSHandler.invokeInternal(RetryingHMSHandler.java:147) ~[classes/:?]
	at org.apache.hadoop.hive.metastore.RetryingHMSHandler.invoke(RetryingHMSHandler.java:108) ~[classes/:?]
	at com.sun.proxy.$Proxy38.create_database(Unknown Source) ~[?:?]
	at org.apache.hadoop.hive.metastore.HiveMetaStoreClient.createDatabase(HiveMetaStoreClient.java:1151) ~[classes/:?]
	at sun.reflect.NativeMethodAccessorImpl.invoke0(Native Method) ~[?:1.8.0_402]
	at sun.reflect.NativeMethodAccessorImpl.invoke(NativeMethodAccessorImpl.java:62) ~[?:1.8.0_402]
	at sun.reflect.DelegatingMethodAccessorImpl.invoke(DelegatingMethodAccessorImpl.java:43) ~[?:1.8.0_402]
	at java.lang.reflect.Method.invoke(Method.java:498) ~[?:1.8.0_402]
	at org.apache.hadoop.hive.metastore.RetryingMetaStoreClient.invoke(RetryingMetaStoreClient.java:218) ~[classes/:?]
	at com.sun.proxy.$Proxy47.createDatabase(Unknown Source) ~[?:?]
	at org.apache.hadoop.hive.ql.metadata.Hive.createDatabase(Hive.java:605) ~[classes/:?]
	... 66 more
2024-04-24T12:35:26,513 ERROR [main] exec.Task: DDLTask failed, DDL Operation: class org.apache.hadoop.hive.ql.ddl.database.create.CreateDatabaseOperation
org.apache.hadoop.hive.ql.metadata.HiveException: MetaException(message:Unable to create database managed directory pfile:/home/alex/Repositories/hive/streaming/target/warehouse/testing5.db, failed to create database testing5)
	at org.apache.hadoop.hive.ql.metadata.Hive.createDatabase(Hive.java:611) ~[classes/:?]
	at org.apache.hadoop.hive.ql.ddl.database.create.CreateDatabaseOperation.execute(CreateDatabaseOperation.java:68) ~[classes/:?]
	at org.apache.hadoop.hive.ql.ddl.DDLTask.execute(DDLTask.java:84) ~[classes/:?]
	at org.apache.hadoop.hive.ql.exec.Task.executeTask(Task.java:212) ~[classes/:?]
	at org.apache.hadoop.hive.ql.exec.TaskRunner.runSequential(TaskRunner.java:105) ~[classes/:?]
	at org.apache.hadoop.hive.ql.Executor.launchTask(Executor.java:361) ~[classes/:?]
	at org.apache.hadoop.hive.ql.Executor.launchTasks(Executor.java:334) ~[classes/:?]
	at org.apache.hadoop.hive.ql.Executor.runTasks(Executor.java:245) ~[classes/:?]
	at org.apache.hadoop.hive.ql.Executor.execute(Executor.java:108) ~[classes/:?]
	at org.apache.hadoop.hive.ql.Driver.execute(Driver.java:348) ~[classes/:?]
	at org.apache.hadoop.hive.ql.Driver.runInternal(Driver.java:204) ~[classes/:?]
	at org.apache.hadoop.hive.ql.Driver.run(Driver.java:153) ~[classes/:?]
	at org.apache.hadoop.hive.ql.Driver.run(Driver.java:148) ~[classes/:?]
	at org.apache.hadoop.hive.ql.reexec.ReExecDriver.run(ReExecDriver.java:164) ~[classes/:?]
	at org.apache.hadoop.hive.ql.reexec.ReExecDriver.run(ReExecDriver.java:230) ~[classes/:?]
	at org.apache.hive.streaming.TestStreamingDynamicPartitioning.runDDL(TestStreamingDynamicPartitioning.java:829) ~[test-classes/:?]
	at org.apache.hive.streaming.TestStreamingDynamicPartitioning.createStoreSales(TestStreamingDynamicPartitioning.java:177) ~[test-classes/:?]
	at org.apache.hive.streaming.TestStreamingDynamicPartitioning.setup(TestStreamingDynamicPartitioning.java:160) ~[test-classes/:?]
	at sun.reflect.NativeMethodAccessorImpl.invoke0(Native Method) ~[?:1.8.0_402]
	at sun.reflect.NativeMethodAccessorImpl.invoke(NativeMethodAccessorImpl.java:62) ~[?:1.8.0_402]
	at sun.reflect.DelegatingMethodAccessorImpl.invoke(DelegatingMethodAccessorImpl.java:43) ~[?:1.8.0_402]
	at java.lang.reflect.Method.invoke(Method.java:498) ~[?:1.8.0_402]
	at org.junit.runners.model.FrameworkMethod$1.runReflectiveCall(FrameworkMethod.java:59) ~[junit-4.13.jar:4.13]
	at org.junit.internal.runners.model.ReflectiveCallable.run(ReflectiveCallable.java:12) ~[junit-4.13.jar:4.13]
	at org.junit.runners.model.FrameworkMethod.invokeExplosively(FrameworkMethod.java:56) ~[junit-4.13.jar:4.13]
	at org.junit.internal.runners.statements.RunBefores.invokeMethod(RunBefores.java:33) ~[junit-4.13.jar:4.13]
	at org.junit.internal.runners.statements.RunBefores.evaluate(RunBefores.java:24) ~[junit-4.13.jar:4.13]
	at org.junit.internal.runners.statements.RunAfters.evaluate(RunAfters.java:27) ~[junit-4.13.jar:4.13]
	at org.junit.rules.ExternalResource$1.evaluate(ExternalResource.java:54) ~[junit-4.13.jar:4.13]
	at org.junit.runners.ParentRunner$3.evaluate(ParentRunner.java:306) ~[junit-4.13.jar:4.13]
	at org.junit.runners.BlockJUnit4ClassRunner$1.evaluate(BlockJUnit4ClassRunner.java:100) ~[junit-4.13.jar:4.13]
	at org.junit.runners.ParentRunner.runLeaf(ParentRunner.java:366) ~[junit-4.13.jar:4.13]
	at org.junit.runners.BlockJUnit4ClassRunner.runChild(BlockJUnit4ClassRunner.java:103) ~[junit-4.13.jar:4.13]
	at org.junit.runners.BlockJUnit4ClassRunner.runChild(BlockJUnit4ClassRunner.java:63) ~[junit-4.13.jar:4.13]
	at org.junit.runners.ParentRunner$4.run(ParentRunner.java:331) ~[junit-4.13.jar:4.13]
	at org.junit.runners.ParentRunner$1.schedule(ParentRunner.java:79) ~[junit-4.13.jar:4.13]
	at org.junit.runners.ParentRunner.runChildren(ParentRunner.java:329) ~[junit-4.13.jar:4.13]
	at org.junit.runners.ParentRunner.access$100(ParentRunner.java:66) ~[junit-4.13.jar:4.13]
	at org.junit.runners.ParentRunner$2.evaluate(ParentRunner.java:293) ~[junit-4.13.jar:4.13]
	at org.junit.runners.ParentRunner$3.evaluate(ParentRunner.java:306) ~[junit-4.13.jar:4.13]
	at org.junit.runners.ParentRunner.run(ParentRunner.java:413) ~[junit-4.13.jar:4.13]
	at org.junit.runner.JUnitCore.run(JUnitCore.java:137) ~[junit-4.13.jar:4.13]
	at org.junit.runner.JUnitCore.run(JUnitCore.java:115) ~[junit-4.13.jar:4.13]
	at org.junit.vintage.engine.execution.RunnerExecutor.execute(RunnerExecutor.java:43) ~[junit-vintage-engine-5.6.2.jar:5.6.2]
	at java.util.stream.ForEachOps$ForEachOp$OfRef.accept(ForEachOps.java:183) ~[?:1.8.0_402]
	at java.util.stream.ReferencePipeline$3$1.accept(ReferencePipeline.java:193) ~[?:1.8.0_402]
	at java.util.Iterator.forEachRemaining(Iterator.java:116) ~[?:1.8.0_402]
	at java.util.Spliterators$IteratorSpliterator.forEachRemaining(Spliterators.java:1801) ~[?:1.8.0_402]
	at java.util.stream.AbstractPipeline.copyInto(AbstractPipeline.java:482) ~[?:1.8.0_402]
	at java.util.stream.AbstractPipeline.wrapAndCopyInto(AbstractPipeline.java:472) ~[?:1.8.0_402]
	at java.util.stream.ForEachOps$ForEachOp.evaluateSequential(ForEachOps.java:150) ~[?:1.8.0_402]
	at java.util.stream.ForEachOps$ForEachOp$OfRef.evaluateSequential(ForEachOps.java:173) ~[?:1.8.0_402]
	at java.util.stream.AbstractPipeline.evaluate(AbstractPipeline.java:234) ~[?:1.8.0_402]
	at java.util.stream.ReferencePipeline.forEach(ReferencePipeline.java:485) ~[?:1.8.0_402]
	at org.junit.vintage.engine.VintageTestEngine.executeAllChildren(VintageTestEngine.java:82) ~[junit-vintage-engine-5.6.2.jar:5.6.2]
	at org.junit.vintage.engine.VintageTestEngine.execute(VintageTestEngine.java:73) ~[junit-vintage-engine-5.6.2.jar:5.6.2]
	at org.junit.platform.launcher.core.DefaultLauncher.execute(DefaultLauncher.java:248) ~[junit-platform-launcher-1.6.2.jar:1.6.2]
	at org.junit.platform.launcher.core.DefaultLauncher.lambda$execute$5(DefaultLauncher.java:211) ~[junit-platform-launcher-1.6.2.jar:1.6.2]
	at org.junit.platform.launcher.core.DefaultLauncher.withInterceptedStreams(DefaultLauncher.java:226) [junit-platform-launcher-1.6.2.jar:1.6.2]
	at org.junit.platform.launcher.core.DefaultLauncher.execute(DefaultLauncher.java:199) [junit-platform-launcher-1.6.2.jar:1.6.2]
	at org.junit.platform.launcher.core.DefaultLauncher.execute(DefaultLauncher.java:132) [junit-platform-launcher-1.6.2.jar:1.6.2]
	at org.apache.maven.surefire.junitplatform.JUnitPlatformProvider.invokeAllTests(JUnitPlatformProvider.java:154) [surefire-junit-platform-3.0.0-M4.jar:3.0.0-M4]
	at org.apache.maven.surefire.junitplatform.JUnitPlatformProvider.invoke(JUnitPlatformProvider.java:123) [surefire-junit-platform-3.0.0-M4.jar:3.0.0-M4]
	at org.apache.maven.surefire.booter.ForkedBooter.runSuitesInProcess(ForkedBooter.java:377) [surefire-booter-3.0.0-M4.jar:3.0.0-M4]
	at org.apache.maven.surefire.booter.ForkedBooter.execute(ForkedBooter.java:138) [surefire-booter-3.0.0-M4.jar:3.0.0-M4]
	at org.apache.maven.surefire.booter.ForkedBooter.run(ForkedBooter.java:465) [surefire-booter-3.0.0-M4.jar:3.0.0-M4]
	at org.apache.maven.surefire.booter.ForkedBooter.main(ForkedBooter.java:451) [surefire-booter-3.0.0-M4.jar:3.0.0-M4]
Caused by: org.apache.hadoop.hive.metastore.api.MetaException: Unable to create database managed directory pfile:/home/alex/Repositories/hive/streaming/target/warehouse/testing5.db, failed to create database testing5
	at org.apache.hadoop.hive.metastore.HMSHandler.create_database_core(HMSHandler.java:1366) ~[classes/:?]
	at org.apache.hadoop.hive.metastore.HMSHandler.create_database(HMSHandler.java:1486) ~[classes/:?]
	at sun.reflect.NativeMethodAccessorImpl.invoke0(Native Method) ~[?:1.8.0_402]
	at sun.reflect.NativeMethodAccessorImpl.invoke(NativeMethodAccessorImpl.java:62) ~[?:1.8.0_402]
	at sun.reflect.DelegatingMethodAccessorImpl.invoke(DelegatingMethodAccessorImpl.java:43) ~[?:1.8.0_402]
	at java.lang.reflect.Method.invoke(Method.java:498) ~[?:1.8.0_402]
	at org.apache.hadoop.hive.metastore.RetryingHMSHandler.invokeInternal(RetryingHMSHandler.java:147) ~[classes/:?]
	at org.apache.hadoop.hive.metastore.RetryingHMSHandler.invoke(RetryingHMSHandler.java:108) ~[classes/:?]
	at com.sun.proxy.$Proxy38.create_database(Unknown Source) ~[?:?]
	at org.apache.hadoop.hive.metastore.HiveMetaStoreClient.createDatabase(HiveMetaStoreClient.java:1151) ~[classes/:?]
	at sun.reflect.NativeMethodAccessorImpl.invoke0(Native Method) ~[?:1.8.0_402]
	at sun.reflect.NativeMethodAccessorImpl.invoke(NativeMethodAccessorImpl.java:62) ~[?:1.8.0_402]
	at sun.reflect.DelegatingMethodAccessorImpl.invoke(DelegatingMethodAccessorImpl.java:43) ~[?:1.8.0_402]
	at java.lang.reflect.Method.invoke(Method.java:498) ~[?:1.8.0_402]
	at org.apache.hadoop.hive.metastore.RetryingMetaStoreClient.invoke(RetryingMetaStoreClient.java:218) ~[classes/:?]
	at com.sun.proxy.$Proxy47.createDatabase(Unknown Source) ~[?:?]
	at org.apache.hadoop.hive.ql.metadata.Hive.createDatabase(Hive.java:605) ~[classes/:?]
	... 66 more
2024-04-24T12:35:26,513  INFO [main] reexec.ReOptimizePlugin: ReOptimization: retryPossible: false
2024-04-24T12:35:26,513  INFO [main] reexec.ReExecuteLostAMQueryPlugin: Got exception message: MetaException(message:Unable to create database managed directory pfile:/home/alex/Repositories/hive/streaming/target/warehouse/testing5.db, failed to create database testing5) retryPossible: false
2024-04-24T12:35:26,513  INFO [main] reexec.ReExecutionDagSubmitPlugin: Got exception message: MetaException(message:Unable to create database managed directory pfile:/home/alex/Repositories/hive/streaming/target/warehouse/testing5.db, failed to create database testing5) retryPossible: false
FAILED: Execution Error, return code 40000 from org.apache.hadoop.hive.ql.ddl.DDLTask. MetaException(message:Unable to create database managed directory pfile:/home/alex/Repositories/hive/streaming/target/warehouse/testing5.db, failed to create database testing5)
2024-04-24T12:35:26,514 ERROR [main] ql.Driver: FAILED: Execution Error, return code 40000 from org.apache.hadoop.hive.ql.ddl.DDLTask. MetaException(message:Unable to create database managed directory pfile:/home/alex/Repositories/hive/streaming/target/warehouse/testing5.db, failed to create database testing5)
2024-04-24T12:35:26,514  INFO [main] metadata.Hive: Dumping metastore api call timing information for : execution phase
2024-04-24T12:35:26,514  INFO [main] metadata.Hive: Total time spent in each metastore function (ms): {isCompatibleWith_(Configuration)=0}
2024-04-24T12:35:26,514  INFO [main] ql.Driver: Completed executing command(queryId=alex_20240424123526_802b0969-6737-45bc-9f46-82e56f5f3058); Time taken: 0.01 seconds
2024-04-24T12:35:26,514  INFO [main] lockmgr.DbTxnManager: Stopped heartbeat for query: alex_20240424123526_802b0969-6737-45bc-9f46-82e56f5f3058
2024-04-24T12:35:26,517  INFO [main] txn.TxnHandler: Removed transactions: ([3]) from MIN_HISTORY_LEVEL
2024-04-24T12:35:26,520 ERROR [main] streaming.TestStreamingDynamicPartitioning: Statement: create database IF NOT EXISTS testing5 location 'raw:///home/alex/Repositories/hive/streaming/target/tmp/junit559208149134235549/testing5.db' failed: (responseCode = 40000, errorMessage = FAILED: Execution Error, return code 40000 from org.apache.hadoop.hive.ql.ddl.DDLTask. MetaException(message:Unable to create database managed directory pfile:/home/alex/Repositories/hive/streaming/target/warehouse/testing5.db, failed to create database testing5), hiveErrorCode = 40000, SQLState = 08S01, exception = MetaException(message:Unable to create database managed directory pfile:/home/alex/Repositories/hive/streaming/target/warehouse/testing5.db, failed to create database testing5))
2024-04-24T12:35:26,520  INFO [main] HiveMetaStore.audit: ugi=alex	ip=unknown-ip-addr	cmd=Cleaning up thread local RawStore...	
2024-04-24T12:35:26,520  INFO [main] metastore.ObjectStore: RawStore: org.apache.hadoop.hive.metastore.ObjectStore@67ecf7ed, with PersistenceManager: org.datanucleus.api.jdo.JDOPersistenceManager@69d021c1 will be shutdown
2024-04-24T12:35:26,520  INFO [main] HiveMetaStore.audit: ugi=alex	ip=unknown-ip-addr	cmd=Done cleaning up thread local RawStore	
2024-04-24T12:35:26,520  INFO [main] metastore.HiveMetaStoreClient: Closed a connection to metastore, current connections: -12
]]></system-err>
  </testcase>
  <testcase name="testTableValidation" classname="org.apache.hive.streaming.TestStreamingDynamicPartitioning" time="0.341">
    <failure type="java.lang.AssertionError"><![CDATA[java.lang.AssertionError
	at org.junit.Assert.fail(Assert.java:87)
	at org.junit.Assert.assertTrue(Assert.java:42)
	at org.junit.Assert.assertTrue(Assert.java:53)
	at org.apache.hive.streaming.TestStreamingDynamicPartitioning.createStoreSales(TestStreamingDynamicPartitioning.java:178)
	at org.apache.hive.streaming.TestStreamingDynamicPartitioning.setup(TestStreamingDynamicPartitioning.java:160)
	at sun.reflect.NativeMethodAccessorImpl.invoke0(Native Method)
	at sun.reflect.NativeMethodAccessorImpl.invoke(NativeMethodAccessorImpl.java:62)
	at sun.reflect.DelegatingMethodAccessorImpl.invoke(DelegatingMethodAccessorImpl.java:43)
	at java.lang.reflect.Method.invoke(Method.java:498)
	at org.junit.runners.model.FrameworkMethod$1.runReflectiveCall(FrameworkMethod.java:59)
	at org.junit.internal.runners.model.ReflectiveCallable.run(ReflectiveCallable.java:12)
	at org.junit.runners.model.FrameworkMethod.invokeExplosively(FrameworkMethod.java:56)
	at org.junit.internal.runners.statements.RunBefores.invokeMethod(RunBefores.java:33)
	at org.junit.internal.runners.statements.RunBefores.evaluate(RunBefores.java:24)
	at org.junit.internal.runners.statements.RunAfters.evaluate(RunAfters.java:27)
	at org.junit.rules.ExternalResource$1.evaluate(ExternalResource.java:54)
	at org.junit.runners.ParentRunner$3.evaluate(ParentRunner.java:306)
	at org.junit.runners.BlockJUnit4ClassRunner$1.evaluate(BlockJUnit4ClassRunner.java:100)
	at org.junit.runners.ParentRunner.runLeaf(ParentRunner.java:366)
	at org.junit.runners.BlockJUnit4ClassRunner.runChild(BlockJUnit4ClassRunner.java:103)
	at org.junit.runners.BlockJUnit4ClassRunner.runChild(BlockJUnit4ClassRunner.java:63)
	at org.junit.runners.ParentRunner$4.run(ParentRunner.java:331)
	at org.junit.runners.ParentRunner$1.schedule(ParentRunner.java:79)
	at org.junit.runners.ParentRunner.runChildren(ParentRunner.java:329)
	at org.junit.runners.ParentRunner.access$100(ParentRunner.java:66)
	at org.junit.runners.ParentRunner$2.evaluate(ParentRunner.java:293)
	at org.junit.runners.ParentRunner$3.evaluate(ParentRunner.java:306)
	at org.junit.runners.ParentRunner.run(ParentRunner.java:413)
	at org.junit.runner.JUnitCore.run(JUnitCore.java:137)
	at org.junit.runner.JUnitCore.run(JUnitCore.java:115)
	at org.junit.vintage.engine.execution.RunnerExecutor.execute(RunnerExecutor.java:43)
	at java.util.stream.ForEachOps$ForEachOp$OfRef.accept(ForEachOps.java:183)
	at java.util.stream.ReferencePipeline$3$1.accept(ReferencePipeline.java:193)
	at java.util.Iterator.forEachRemaining(Iterator.java:116)
	at java.util.Spliterators$IteratorSpliterator.forEachRemaining(Spliterators.java:1801)
	at java.util.stream.AbstractPipeline.copyInto(AbstractPipeline.java:482)
	at java.util.stream.AbstractPipeline.wrapAndCopyInto(AbstractPipeline.java:472)
	at java.util.stream.ForEachOps$ForEachOp.evaluateSequential(ForEachOps.java:150)
	at java.util.stream.ForEachOps$ForEachOp$OfRef.evaluateSequential(ForEachOps.java:173)
	at java.util.stream.AbstractPipeline.evaluate(AbstractPipeline.java:234)
	at java.util.stream.ReferencePipeline.forEach(ReferencePipeline.java:485)
	at org.junit.vintage.engine.VintageTestEngine.executeAllChildren(VintageTestEngine.java:82)
	at org.junit.vintage.engine.VintageTestEngine.execute(VintageTestEngine.java:73)
	at org.junit.platform.launcher.core.DefaultLauncher.execute(DefaultLauncher.java:248)
	at org.junit.platform.launcher.core.DefaultLauncher.lambda$execute$5(DefaultLauncher.java:211)
	at org.junit.platform.launcher.core.DefaultLauncher.withInterceptedStreams(DefaultLauncher.java:226)
	at org.junit.platform.launcher.core.DefaultLauncher.execute(DefaultLauncher.java:199)
	at org.junit.platform.launcher.core.DefaultLauncher.execute(DefaultLauncher.java:132)
	at org.apache.maven.surefire.junitplatform.JUnitPlatformProvider.invokeAllTests(JUnitPlatformProvider.java:154)
	at org.apache.maven.surefire.junitplatform.JUnitPlatformProvider.invoke(JUnitPlatformProvider.java:123)
	at org.apache.maven.surefire.booter.ForkedBooter.runSuitesInProcess(ForkedBooter.java:377)
	at org.apache.maven.surefire.booter.ForkedBooter.execute(ForkedBooter.java:138)
	at org.apache.maven.surefire.booter.ForkedBooter.run(ForkedBooter.java:465)
	at org.apache.maven.surefire.booter.ForkedBooter.main(ForkedBooter.java:451)
]]></failure>
    <system-out><![CDATA[create database IF NOT EXISTS testing location 'raw:///home/alex/Repositories/hive/streaming/target/tmp/junit2384253054040464296/testing.db'
use testing
create table alerts ( id int,msg string ) partitioned by (Continent string,Country string ) clustered by ( id ) into 1 buckets  stored as orc  location 'raw:///home/alex/Repositories/hive/streaming/target/tmp/junit2384253054040464296/testing.db/alerts' TBLPROPERTIES ('transactional'='true') 
create database IF NOT EXISTS testing5 location 'raw:///home/alex/Repositories/hive/streaming/target/tmp/junit8411722794324812784/testing5.db'
]]></system-out>
    <system-err><![CDATA[2024-04-24T12:35:26,562  WARN [main] conf.HiveConf: HiveConf of name hive.llap.io.cache.orc.arena.size does not exist
2024-04-24T12:35:26,562  WARN [main] conf.HiveConf: HiveConf of name hive.metastore.client.cache.maxSize does not exist
2024-04-24T12:35:26,562  WARN [main] conf.HiveConf: HiveConf of name hive.llap.io.cache.orc.alloc.min does not exist
2024-04-24T12:35:26,562  WARN [main] conf.HiveConf: HiveConf of name hive.llap.io.cache.orc.size does not exist
2024-04-24T12:35:26,562  WARN [main] conf.HiveConf: HiveConf of name hive.dummyparam.test.server.specific.config.hivesite does not exist
2024-04-24T12:35:26,562  WARN [main] conf.HiveConf: HiveConf of name hive.dummyparam.test.server.specific.config.metastoresite does not exist
2024-04-24T12:35:26,563  WARN [main] conf.HiveConf: HiveConf of name hive.llap.io.cache.orc.alloc.max does not exist
2024-04-24T12:35:26,563  WARN [main] conf.HiveConf: HiveConf of name hive.metastore.metadb.dir does not exist
2024-04-24T12:35:26,563  WARN [main] conf.HiveConf: HiveConf of name hive.dummyparam.test.server.specific.config.override does not exist
2024-04-24T12:35:26,563  WARN [main] conf.HiveConf: HiveConf of name hive.stats.key.prefix.reserve.length does not exist
2024-04-24T12:35:26,564  WARN [main] conf.HiveConf: HiveConf of name hive.metastore.client.cache.recordStats does not exist
2024-04-24T12:35:26,564  INFO [main] utils.TestTxnDbUtil: Cleaning transactional tables
2024-04-24T12:35:26,578  INFO [main] utils.TestTxnDbUtil: Creating transactional tables
2024-04-24T12:35:26,582  INFO [main] metastore.HiveMetaStoreClient: HMS client filtering is enabled.
2024-04-24T12:35:26,583  INFO [main] metastore.HMSHandler: 0: Opening raw store with implementation class:org.apache.hadoop.hive.metastore.ObjectStore
2024-04-24T12:35:26,583  INFO [main] metastore.PersistenceManagerProvider: Configuration datanucleus.autoStartMechanismMode is not set. Defaulting to 'ignored'
2024-04-24T12:35:26,584  INFO [main] metastore.ObjectStore: RawStore: org.apache.hadoop.hive.metastore.ObjectStore@6669cba, with PersistenceManager: null will be shutdown
2024-04-24T12:35:26,584  INFO [main] metastore.ObjectStore: RawStore: org.apache.hadoop.hive.metastore.ObjectStore@6669cba, with PersistenceManager: org.datanucleus.api.jdo.JDOPersistenceManager@37c74e4e created in the thread with id: 1
2024-04-24T12:35:26,587  INFO [main] metastore.HMSHandler: Created RawStore: org.apache.hadoop.hive.metastore.ObjectStore@6669cba from thread id: 1
2024-04-24T12:35:26,587  INFO [main] metastore.HMSHandler: HMS server filtering is disabled by configuration
Hive Session ID = 05e03b91-5b7d-48c6-9f92-86b7a7978085
2024-04-24T12:35:26,588  INFO [main] SessionState: Hive Session ID = 05e03b91-5b7d-48c6-9f92-86b7a7978085
ivysettings.xml file not found in HIVE_HOME or HIVE_CONF_DIR,/home/alex/Repositories/hive/conf/ivysettings.xml will be used
2024-04-24T12:35:26,588  INFO [main] DependencyResolver: ivysettings.xml file not found in HIVE_HOME or HIVE_CONF_DIR,/home/alex/Repositories/hive/conf/ivysettings.xml will be used
2024-04-24T12:35:26,595  INFO [main] session.SessionState: Created HDFS directory: /home/alex/Repositories/hive/streaming/target/tmp/scratchdir/alex/05e03b91-5b7d-48c6-9f92-86b7a7978085
2024-04-24T12:35:26,597  INFO [main] session.SessionState: Created local directory: /home/alex/Repositories/hive/streaming/target/tmp/localscratchdir/05e03b91-5b7d-48c6-9f92-86b7a7978085
2024-04-24T12:35:26,600  INFO [main] session.SessionState: Created HDFS directory: /home/alex/Repositories/hive/streaming/target/tmp/scratchdir/alex/05e03b91-5b7d-48c6-9f92-86b7a7978085/_tmp_space.db
2024-04-24T12:35:26,603  INFO [main] HiveMetaStore.audit: ugi=alex	ip=unknown-ip-addr	cmd=get_table_names_by_filter: db = @hive#testing, filter = 	
2024-04-24T12:35:26,604  INFO [main] HiveMetaStore.audit: ugi=alex	ip=unknown-ip-addr	cmd=get_database: testing	
2024-04-24T12:35:26,605  INFO [main] ql.Driver: Compiling command(queryId=alex_20240424123526_51aff6d9-a92e-41e6-a81f-072d6127c419): create database IF NOT EXISTS testing location 'raw:///home/alex/Repositories/hive/streaming/target/tmp/junit2384253054040464296/testing.db'
2024-04-24T12:35:26,615  INFO [main] txn.TxnHandler: Added entries to MIN_HISTORY_LEVEL for current txns: ([1]) with min_open_txn: 1
2024-04-24T12:35:26,616  INFO [main] lockmgr.DbTxnManager: Opened txnid:1
2024-04-24T12:35:26,619  INFO [main] ql.Driver: Semantic Analysis Completed (retrial = false)
2024-04-24T12:35:26,619  INFO [main] ql.Driver: Created Hive schema: Schema(fieldSchemas:null, properties:null)
2024-04-24T12:35:26,619  INFO [main] metadata.Hive: Dumping metastore api call timing information for : compilation phase
2024-04-24T12:35:26,620  INFO [main] metadata.Hive: Total time spent in each metastore function (ms): {getValidTxns_(long)=3, rollbackTxn_(long)=6, isCompatibleWith_(Configuration)=0, flushCache_()=0, openTxn_(String, TxnType)=10}
2024-04-24T12:35:26,620  INFO [main] ql.Driver: Completed compiling command(queryId=alex_20240424123526_51aff6d9-a92e-41e6-a81f-072d6127c419); Time taken: 0.014 seconds
2024-04-24T12:35:26,620  INFO [main] reexec.ReExecDriver: Execution #1 of query
2024-04-24T12:35:26,620  INFO [main] lockmgr.DbTxnManager: Setting lock request transaction to txnid:1 for queryId=alex_20240424123526_51aff6d9-a92e-41e6-a81f-072d6127c419
2024-04-24T12:35:26,620  INFO [main] ql.Driver: Operation CREATEDATABASE obtained 0 locks
2024-04-24T12:35:26,620  INFO [main] ql.Driver: Executing command(queryId=alex_20240424123526_51aff6d9-a92e-41e6-a81f-072d6127c419): create database IF NOT EXISTS testing location 'raw:///home/alex/Repositories/hive/streaming/target/tmp/junit2384253054040464296/testing.db'
PREHOOK: query: create database IF NOT EXISTS testing location 'raw:///home/alex/Repositories/hive/streaming/target/tmp/junit2384253054040464296/testing.db'
2024-04-24T12:35:26,620  INFO [main] SessionState: PREHOOK: query: create database IF NOT EXISTS testing location 'raw:///home/alex/Repositories/hive/streaming/target/tmp/junit2384253054040464296/testing.db'
PREHOOK: type: CREATEDATABASE
2024-04-24T12:35:26,621  INFO [main] SessionState: PREHOOK: type: CREATEDATABASE
PREHOOK: Output: database:testing
2024-04-24T12:35:26,621  INFO [main] SessionState: PREHOOK: Output: database:testing
PREHOOK: Output: raw:/home/alex/Repositories/hive/streaming/target/tmp/junit2384253054040464296/testing.db
2024-04-24T12:35:26,621  INFO [main] SessionState: PREHOOK: Output: raw:/home/alex/Repositories/hive/streaming/target/tmp/junit2384253054040464296/testing.db
2024-04-24T12:35:26,621  INFO [main] ql.Driver: Starting task [Stage-0:DDL] in serial mode
2024-04-24T12:35:26,621  INFO [main] sqlstd.SQLStdHiveAccessController: Created SQLStdHiveAccessController for session context : HiveAuthzSessionContext [sessionString=05e03b91-5b7d-48c6-9f92-86b7a7978085, clientType=HIVECLI]
2024-04-24T12:35:26,621  INFO [main] metastore.HiveMetaStoreClient: Mestastore configuration metastore.filter.hook changed from org.apache.hadoop.hive.metastore.DefaultMetaStoreFilterHookImpl to org.apache.hadoop.hive.ql.security.authorization.plugin.AuthorizationMetaStoreFilterHook
2024-04-24T12:35:26,622  INFO [main] HiveMetaStore.audit: ugi=alex	ip=unknown-ip-addr	cmd=Cleaning up thread local RawStore...	
2024-04-24T12:35:26,622  INFO [main] metastore.ObjectStore: RawStore: org.apache.hadoop.hive.metastore.ObjectStore@6669cba, with PersistenceManager: org.datanucleus.api.jdo.JDOPersistenceManager@37c74e4e will be shutdown
2024-04-24T12:35:26,622  INFO [main] HiveMetaStore.audit: ugi=alex	ip=unknown-ip-addr	cmd=Done cleaning up thread local RawStore	
2024-04-24T12:35:26,622  INFO [main] metastore.HiveMetaStoreClient: Closed a connection to metastore, current connections: -13
2024-04-24T12:35:26,623  INFO [main] metastore.HiveMetaStoreClient: HMS client filtering is enabled.
2024-04-24T12:35:26,624  INFO [main] metastore.HMSHandler: 0: Opening raw store with implementation class:org.apache.hadoop.hive.metastore.ObjectStore
2024-04-24T12:35:26,624  INFO [main] metastore.PersistenceManagerProvider: Configuration datanucleus.autoStartMechanismMode is not set. Defaulting to 'ignored'
2024-04-24T12:35:26,624  INFO [main] metastore.ObjectStore: RawStore: org.apache.hadoop.hive.metastore.ObjectStore@3c62f69a, with PersistenceManager: null will be shutdown
2024-04-24T12:35:26,625  INFO [main] metastore.ObjectStore: RawStore: org.apache.hadoop.hive.metastore.ObjectStore@3c62f69a, with PersistenceManager: org.datanucleus.api.jdo.JDOPersistenceManager@f08f8a9 created in the thread with id: 1
2024-04-24T12:35:26,627  INFO [main] metastore.HMSHandler: Created RawStore: org.apache.hadoop.hive.metastore.ObjectStore@3c62f69a from thread id: 1
2024-04-24T12:35:26,628  INFO [main] metastore.HMSHandler: HMS server filtering is disabled by configuration
2024-04-24T12:35:26,628  INFO [main] metastore.RetryingMetaStoreClient: RetryingMetaStoreClient proxy=class org.apache.hadoop.hive.ql.metadata.SessionHiveMetaStoreClient ugi=alex (auth:SIMPLE) retries=1 delay=1 lifetime=0
2024-04-24T12:35:26,629  INFO [main] metastore.HiveMetaStoreClient: HMS client filtering is enabled.
2024-04-24T12:35:26,629  INFO [main] metastore.PersistenceManagerProvider: Configuration datanucleus.autoStartMechanismMode is not set. Defaulting to 'ignored'
2024-04-24T12:35:26,630  INFO [main] metastore.ObjectStore: RawStore: org.apache.hadoop.hive.metastore.ObjectStore@3c62f69a, with PersistenceManager: org.datanucleus.api.jdo.JDOPersistenceManager@f08f8a9 will be shutdown
2024-04-24T12:35:26,631  INFO [main] metastore.ObjectStore: RawStore: org.apache.hadoop.hive.metastore.ObjectStore@3c62f69a, with PersistenceManager: org.datanucleus.api.jdo.JDOPersistenceManager@254513e8 created in the thread with id: 1
2024-04-24T12:35:26,634  INFO [main] metastore.HMSHandler: HMS server filtering is disabled by configuration
2024-04-24T12:35:26,634  INFO [main] metastore.RetryingMetaStoreClient: RetryingMetaStoreClient proxy=class org.apache.hadoop.hive.ql.metadata.SessionHiveMetaStoreClient ugi=alex (auth:SIMPLE) retries=1 delay=1 lifetime=0
2024-04-24T12:35:26,634  INFO [main] HiveMetaStore.audit: ugi=alex	ip=unknown-ip-addr	cmd=create_database: Database(name:testing, description:null, locationUri:raw:/home/alex/Repositories/hive/streaming/target/tmp/junit2384253054040464296/testing.db, parameters:null, ownerName:alex, ownerType:USER, catalogName:hive, managedLocationUri:pfile:/home/alex/Repositories/hive/streaming/target/warehouse/testing.db, type:NATIVE)	
2024-04-24T12:35:26,640 ERROR [main] metastore.RetryingHMSHandler: MetaException(message:Unable to create database managed directory pfile:/home/alex/Repositories/hive/streaming/target/warehouse/testing.db, failed to create database testing)
	at org.apache.hadoop.hive.metastore.HMSHandler.create_database_core(HMSHandler.java:1366)
	at org.apache.hadoop.hive.metastore.HMSHandler.create_database(HMSHandler.java:1486)
	at sun.reflect.NativeMethodAccessorImpl.invoke0(Native Method)
	at sun.reflect.NativeMethodAccessorImpl.invoke(NativeMethodAccessorImpl.java:62)
	at sun.reflect.DelegatingMethodAccessorImpl.invoke(DelegatingMethodAccessorImpl.java:43)
	at java.lang.reflect.Method.invoke(Method.java:498)
	at org.apache.hadoop.hive.metastore.RetryingHMSHandler.invokeInternal(RetryingHMSHandler.java:147)
	at org.apache.hadoop.hive.metastore.RetryingHMSHandler.invoke(RetryingHMSHandler.java:108)
	at com.sun.proxy.$Proxy38.create_database(Unknown Source)
	at org.apache.hadoop.hive.metastore.HiveMetaStoreClient.createDatabase(HiveMetaStoreClient.java:1151)
	at sun.reflect.NativeMethodAccessorImpl.invoke0(Native Method)
	at sun.reflect.NativeMethodAccessorImpl.invoke(NativeMethodAccessorImpl.java:62)
	at sun.reflect.DelegatingMethodAccessorImpl.invoke(DelegatingMethodAccessorImpl.java:43)
	at java.lang.reflect.Method.invoke(Method.java:498)
	at org.apache.hadoop.hive.metastore.RetryingMetaStoreClient.invoke(RetryingMetaStoreClient.java:218)
	at com.sun.proxy.$Proxy47.createDatabase(Unknown Source)
	at org.apache.hadoop.hive.ql.metadata.Hive.createDatabase(Hive.java:605)
	at org.apache.hadoop.hive.ql.ddl.database.create.CreateDatabaseOperation.execute(CreateDatabaseOperation.java:68)
	at org.apache.hadoop.hive.ql.ddl.DDLTask.execute(DDLTask.java:84)
	at org.apache.hadoop.hive.ql.exec.Task.executeTask(Task.java:212)
	at org.apache.hadoop.hive.ql.exec.TaskRunner.runSequential(TaskRunner.java:105)
	at org.apache.hadoop.hive.ql.Executor.launchTask(Executor.java:361)
	at org.apache.hadoop.hive.ql.Executor.launchTasks(Executor.java:334)
	at org.apache.hadoop.hive.ql.Executor.runTasks(Executor.java:245)
	at org.apache.hadoop.hive.ql.Executor.execute(Executor.java:108)
	at org.apache.hadoop.hive.ql.Driver.execute(Driver.java:348)
	at org.apache.hadoop.hive.ql.Driver.runInternal(Driver.java:204)
	at org.apache.hadoop.hive.ql.Driver.run(Driver.java:153)
	at org.apache.hadoop.hive.ql.Driver.run(Driver.java:148)
	at org.apache.hadoop.hive.ql.reexec.ReExecDriver.run(ReExecDriver.java:164)
	at org.apache.hadoop.hive.ql.reexec.ReExecDriver.run(ReExecDriver.java:230)
	at org.apache.hive.streaming.TestStreamingDynamicPartitioning.runDDL(TestStreamingDynamicPartitioning.java:829)
	at org.apache.hive.streaming.TestStreamingDynamicPartitioning.createDbAndTable(TestStreamingDynamicPartitioning.java:875)
	at org.apache.hive.streaming.TestStreamingDynamicPartitioning.setup(TestStreamingDynamicPartitioning.java:155)
	at sun.reflect.NativeMethodAccessorImpl.invoke0(Native Method)
	at sun.reflect.NativeMethodAccessorImpl.invoke(NativeMethodAccessorImpl.java:62)
	at sun.reflect.DelegatingMethodAccessorImpl.invoke(DelegatingMethodAccessorImpl.java:43)
	at java.lang.reflect.Method.invoke(Method.java:498)
	at org.junit.runners.model.FrameworkMethod$1.runReflectiveCall(FrameworkMethod.java:59)
	at org.junit.internal.runners.model.ReflectiveCallable.run(ReflectiveCallable.java:12)
	at org.junit.runners.model.FrameworkMethod.invokeExplosively(FrameworkMethod.java:56)
	at org.junit.internal.runners.statements.RunBefores.invokeMethod(RunBefores.java:33)
	at org.junit.internal.runners.statements.RunBefores.evaluate(RunBefores.java:24)
	at org.junit.internal.runners.statements.RunAfters.evaluate(RunAfters.java:27)
	at org.junit.rules.ExternalResource$1.evaluate(ExternalResource.java:54)
	at org.junit.runners.ParentRunner$3.evaluate(ParentRunner.java:306)
	at org.junit.runners.BlockJUnit4ClassRunner$1.evaluate(BlockJUnit4ClassRunner.java:100)
	at org.junit.runners.ParentRunner.runLeaf(ParentRunner.java:366)
	at org.junit.runners.BlockJUnit4ClassRunner.runChild(BlockJUnit4ClassRunner.java:103)
	at org.junit.runners.BlockJUnit4ClassRunner.runChild(BlockJUnit4ClassRunner.java:63)
	at org.junit.runners.ParentRunner$4.run(ParentRunner.java:331)
	at org.junit.runners.ParentRunner$1.schedule(ParentRunner.java:79)
	at org.junit.runners.ParentRunner.runChildren(ParentRunner.java:329)
	at org.junit.runners.ParentRunner.access$100(ParentRunner.java:66)
	at org.junit.runners.ParentRunner$2.evaluate(ParentRunner.java:293)
	at org.junit.runners.ParentRunner$3.evaluate(ParentRunner.java:306)
	at org.junit.runners.ParentRunner.run(ParentRunner.java:413)
	at org.junit.runner.JUnitCore.run(JUnitCore.java:137)
	at org.junit.runner.JUnitCore.run(JUnitCore.java:115)
	at org.junit.vintage.engine.execution.RunnerExecutor.execute(RunnerExecutor.java:43)
	at java.util.stream.ForEachOps$ForEachOp$OfRef.accept(ForEachOps.java:183)
	at java.util.stream.ReferencePipeline$3$1.accept(ReferencePipeline.java:193)
	at java.util.Iterator.forEachRemaining(Iterator.java:116)
	at java.util.Spliterators$IteratorSpliterator.forEachRemaining(Spliterators.java:1801)
	at java.util.stream.AbstractPipeline.copyInto(AbstractPipeline.java:482)
	at java.util.stream.AbstractPipeline.wrapAndCopyInto(AbstractPipeline.java:472)
	at java.util.stream.ForEachOps$ForEachOp.evaluateSequential(ForEachOps.java:150)
	at java.util.stream.ForEachOps$ForEachOp$OfRef.evaluateSequential(ForEachOps.java:173)
	at java.util.stream.AbstractPipeline.evaluate(AbstractPipeline.java:234)
	at java.util.stream.ReferencePipeline.forEach(ReferencePipeline.java:485)
	at org.junit.vintage.engine.VintageTestEngine.executeAllChildren(VintageTestEngine.java:82)
	at org.junit.vintage.engine.VintageTestEngine.execute(VintageTestEngine.java:73)
	at org.junit.platform.launcher.core.DefaultLauncher.execute(DefaultLauncher.java:248)
	at org.junit.platform.launcher.core.DefaultLauncher.lambda$execute$5(DefaultLauncher.java:211)
	at org.junit.platform.launcher.core.DefaultLauncher.withInterceptedStreams(DefaultLauncher.java:226)
	at org.junit.platform.launcher.core.DefaultLauncher.execute(DefaultLauncher.java:199)
	at org.junit.platform.launcher.core.DefaultLauncher.execute(DefaultLauncher.java:132)
	at org.apache.maven.surefire.junitplatform.JUnitPlatformProvider.invokeAllTests(JUnitPlatformProvider.java:154)
	at org.apache.maven.surefire.junitplatform.JUnitPlatformProvider.invoke(JUnitPlatformProvider.java:123)
	at org.apache.maven.surefire.booter.ForkedBooter.runSuitesInProcess(ForkedBooter.java:377)
	at org.apache.maven.surefire.booter.ForkedBooter.execute(ForkedBooter.java:138)
	at org.apache.maven.surefire.booter.ForkedBooter.run(ForkedBooter.java:465)
	at org.apache.maven.surefire.booter.ForkedBooter.main(ForkedBooter.java:451)

2024-04-24T12:35:26,641 ERROR [main] exec.Task: Failed
org.apache.hadoop.hive.ql.metadata.HiveException: MetaException(message:Unable to create database managed directory pfile:/home/alex/Repositories/hive/streaming/target/warehouse/testing.db, failed to create database testing)
	at org.apache.hadoop.hive.ql.metadata.Hive.createDatabase(Hive.java:611) ~[classes/:?]
	at org.apache.hadoop.hive.ql.ddl.database.create.CreateDatabaseOperation.execute(CreateDatabaseOperation.java:68) ~[classes/:?]
	at org.apache.hadoop.hive.ql.ddl.DDLTask.execute(DDLTask.java:84) ~[classes/:?]
	at org.apache.hadoop.hive.ql.exec.Task.executeTask(Task.java:212) ~[classes/:?]
	at org.apache.hadoop.hive.ql.exec.TaskRunner.runSequential(TaskRunner.java:105) ~[classes/:?]
	at org.apache.hadoop.hive.ql.Executor.launchTask(Executor.java:361) ~[classes/:?]
	at org.apache.hadoop.hive.ql.Executor.launchTasks(Executor.java:334) ~[classes/:?]
	at org.apache.hadoop.hive.ql.Executor.runTasks(Executor.java:245) ~[classes/:?]
	at org.apache.hadoop.hive.ql.Executor.execute(Executor.java:108) ~[classes/:?]
	at org.apache.hadoop.hive.ql.Driver.execute(Driver.java:348) ~[classes/:?]
	at org.apache.hadoop.hive.ql.Driver.runInternal(Driver.java:204) ~[classes/:?]
	at org.apache.hadoop.hive.ql.Driver.run(Driver.java:153) ~[classes/:?]
	at org.apache.hadoop.hive.ql.Driver.run(Driver.java:148) ~[classes/:?]
	at org.apache.hadoop.hive.ql.reexec.ReExecDriver.run(ReExecDriver.java:164) ~[classes/:?]
	at org.apache.hadoop.hive.ql.reexec.ReExecDriver.run(ReExecDriver.java:230) ~[classes/:?]
	at org.apache.hive.streaming.TestStreamingDynamicPartitioning.runDDL(TestStreamingDynamicPartitioning.java:829) ~[test-classes/:?]
	at org.apache.hive.streaming.TestStreamingDynamicPartitioning.createDbAndTable(TestStreamingDynamicPartitioning.java:875) ~[test-classes/:?]
	at org.apache.hive.streaming.TestStreamingDynamicPartitioning.setup(TestStreamingDynamicPartitioning.java:155) ~[test-classes/:?]
	at sun.reflect.NativeMethodAccessorImpl.invoke0(Native Method) ~[?:1.8.0_402]
	at sun.reflect.NativeMethodAccessorImpl.invoke(NativeMethodAccessorImpl.java:62) ~[?:1.8.0_402]
	at sun.reflect.DelegatingMethodAccessorImpl.invoke(DelegatingMethodAccessorImpl.java:43) ~[?:1.8.0_402]
	at java.lang.reflect.Method.invoke(Method.java:498) ~[?:1.8.0_402]
	at org.junit.runners.model.FrameworkMethod$1.runReflectiveCall(FrameworkMethod.java:59) ~[junit-4.13.jar:4.13]
	at org.junit.internal.runners.model.ReflectiveCallable.run(ReflectiveCallable.java:12) ~[junit-4.13.jar:4.13]
	at org.junit.runners.model.FrameworkMethod.invokeExplosively(FrameworkMethod.java:56) ~[junit-4.13.jar:4.13]
	at org.junit.internal.runners.statements.RunBefores.invokeMethod(RunBefores.java:33) ~[junit-4.13.jar:4.13]
	at org.junit.internal.runners.statements.RunBefores.evaluate(RunBefores.java:24) ~[junit-4.13.jar:4.13]
	at org.junit.internal.runners.statements.RunAfters.evaluate(RunAfters.java:27) ~[junit-4.13.jar:4.13]
	at org.junit.rules.ExternalResource$1.evaluate(ExternalResource.java:54) ~[junit-4.13.jar:4.13]
	at org.junit.runners.ParentRunner$3.evaluate(ParentRunner.java:306) ~[junit-4.13.jar:4.13]
	at org.junit.runners.BlockJUnit4ClassRunner$1.evaluate(BlockJUnit4ClassRunner.java:100) ~[junit-4.13.jar:4.13]
	at org.junit.runners.ParentRunner.runLeaf(ParentRunner.java:366) ~[junit-4.13.jar:4.13]
	at org.junit.runners.BlockJUnit4ClassRunner.runChild(BlockJUnit4ClassRunner.java:103) ~[junit-4.13.jar:4.13]
	at org.junit.runners.BlockJUnit4ClassRunner.runChild(BlockJUnit4ClassRunner.java:63) ~[junit-4.13.jar:4.13]
	at org.junit.runners.ParentRunner$4.run(ParentRunner.java:331) ~[junit-4.13.jar:4.13]
	at org.junit.runners.ParentRunner$1.schedule(ParentRunner.java:79) ~[junit-4.13.jar:4.13]
	at org.junit.runners.ParentRunner.runChildren(ParentRunner.java:329) ~[junit-4.13.jar:4.13]
	at org.junit.runners.ParentRunner.access$100(ParentRunner.java:66) ~[junit-4.13.jar:4.13]
	at org.junit.runners.ParentRunner$2.evaluate(ParentRunner.java:293) ~[junit-4.13.jar:4.13]
	at org.junit.runners.ParentRunner$3.evaluate(ParentRunner.java:306) ~[junit-4.13.jar:4.13]
	at org.junit.runners.ParentRunner.run(ParentRunner.java:413) ~[junit-4.13.jar:4.13]
	at org.junit.runner.JUnitCore.run(JUnitCore.java:137) ~[junit-4.13.jar:4.13]
	at org.junit.runner.JUnitCore.run(JUnitCore.java:115) ~[junit-4.13.jar:4.13]
	at org.junit.vintage.engine.execution.RunnerExecutor.execute(RunnerExecutor.java:43) ~[junit-vintage-engine-5.6.2.jar:5.6.2]
	at java.util.stream.ForEachOps$ForEachOp$OfRef.accept(ForEachOps.java:183) ~[?:1.8.0_402]
	at java.util.stream.ReferencePipeline$3$1.accept(ReferencePipeline.java:193) ~[?:1.8.0_402]
	at java.util.Iterator.forEachRemaining(Iterator.java:116) ~[?:1.8.0_402]
	at java.util.Spliterators$IteratorSpliterator.forEachRemaining(Spliterators.java:1801) ~[?:1.8.0_402]
	at java.util.stream.AbstractPipeline.copyInto(AbstractPipeline.java:482) ~[?:1.8.0_402]
	at java.util.stream.AbstractPipeline.wrapAndCopyInto(AbstractPipeline.java:472) ~[?:1.8.0_402]
	at java.util.stream.ForEachOps$ForEachOp.evaluateSequential(ForEachOps.java:150) ~[?:1.8.0_402]
	at java.util.stream.ForEachOps$ForEachOp$OfRef.evaluateSequential(ForEachOps.java:173) ~[?:1.8.0_402]
	at java.util.stream.AbstractPipeline.evaluate(AbstractPipeline.java:234) ~[?:1.8.0_402]
	at java.util.stream.ReferencePipeline.forEach(ReferencePipeline.java:485) ~[?:1.8.0_402]
	at org.junit.vintage.engine.VintageTestEngine.executeAllChildren(VintageTestEngine.java:82) ~[junit-vintage-engine-5.6.2.jar:5.6.2]
	at org.junit.vintage.engine.VintageTestEngine.execute(VintageTestEngine.java:73) ~[junit-vintage-engine-5.6.2.jar:5.6.2]
	at org.junit.platform.launcher.core.DefaultLauncher.execute(DefaultLauncher.java:248) ~[junit-platform-launcher-1.6.2.jar:1.6.2]
	at org.junit.platform.launcher.core.DefaultLauncher.lambda$execute$5(DefaultLauncher.java:211) ~[junit-platform-launcher-1.6.2.jar:1.6.2]
	at org.junit.platform.launcher.core.DefaultLauncher.withInterceptedStreams(DefaultLauncher.java:226) [junit-platform-launcher-1.6.2.jar:1.6.2]
	at org.junit.platform.launcher.core.DefaultLauncher.execute(DefaultLauncher.java:199) [junit-platform-launcher-1.6.2.jar:1.6.2]
	at org.junit.platform.launcher.core.DefaultLauncher.execute(DefaultLauncher.java:132) [junit-platform-launcher-1.6.2.jar:1.6.2]
	at org.apache.maven.surefire.junitplatform.JUnitPlatformProvider.invokeAllTests(JUnitPlatformProvider.java:154) [surefire-junit-platform-3.0.0-M4.jar:3.0.0-M4]
	at org.apache.maven.surefire.junitplatform.JUnitPlatformProvider.invoke(JUnitPlatformProvider.java:123) [surefire-junit-platform-3.0.0-M4.jar:3.0.0-M4]
	at org.apache.maven.surefire.booter.ForkedBooter.runSuitesInProcess(ForkedBooter.java:377) [surefire-booter-3.0.0-M4.jar:3.0.0-M4]
	at org.apache.maven.surefire.booter.ForkedBooter.execute(ForkedBooter.java:138) [surefire-booter-3.0.0-M4.jar:3.0.0-M4]
	at org.apache.maven.surefire.booter.ForkedBooter.run(ForkedBooter.java:465) [surefire-booter-3.0.0-M4.jar:3.0.0-M4]
	at org.apache.maven.surefire.booter.ForkedBooter.main(ForkedBooter.java:451) [surefire-booter-3.0.0-M4.jar:3.0.0-M4]
Caused by: org.apache.hadoop.hive.metastore.api.MetaException: Unable to create database managed directory pfile:/home/alex/Repositories/hive/streaming/target/warehouse/testing.db, failed to create database testing
	at org.apache.hadoop.hive.metastore.HMSHandler.create_database_core(HMSHandler.java:1366) ~[classes/:?]
	at org.apache.hadoop.hive.metastore.HMSHandler.create_database(HMSHandler.java:1486) ~[classes/:?]
	at sun.reflect.NativeMethodAccessorImpl.invoke0(Native Method) ~[?:1.8.0_402]
	at sun.reflect.NativeMethodAccessorImpl.invoke(NativeMethodAccessorImpl.java:62) ~[?:1.8.0_402]
	at sun.reflect.DelegatingMethodAccessorImpl.invoke(DelegatingMethodAccessorImpl.java:43) ~[?:1.8.0_402]
	at java.lang.reflect.Method.invoke(Method.java:498) ~[?:1.8.0_402]
	at org.apache.hadoop.hive.metastore.RetryingHMSHandler.invokeInternal(RetryingHMSHandler.java:147) ~[classes/:?]
	at org.apache.hadoop.hive.metastore.RetryingHMSHandler.invoke(RetryingHMSHandler.java:108) ~[classes/:?]
	at com.sun.proxy.$Proxy38.create_database(Unknown Source) ~[?:?]
	at org.apache.hadoop.hive.metastore.HiveMetaStoreClient.createDatabase(HiveMetaStoreClient.java:1151) ~[classes/:?]
	at sun.reflect.NativeMethodAccessorImpl.invoke0(Native Method) ~[?:1.8.0_402]
	at sun.reflect.NativeMethodAccessorImpl.invoke(NativeMethodAccessorImpl.java:62) ~[?:1.8.0_402]
	at sun.reflect.DelegatingMethodAccessorImpl.invoke(DelegatingMethodAccessorImpl.java:43) ~[?:1.8.0_402]
	at java.lang.reflect.Method.invoke(Method.java:498) ~[?:1.8.0_402]
	at org.apache.hadoop.hive.metastore.RetryingMetaStoreClient.invoke(RetryingMetaStoreClient.java:218) ~[classes/:?]
	at com.sun.proxy.$Proxy47.createDatabase(Unknown Source) ~[?:?]
	at org.apache.hadoop.hive.ql.metadata.Hive.createDatabase(Hive.java:605) ~[classes/:?]
	... 66 more
2024-04-24T12:35:26,641 ERROR [main] exec.Task: DDLTask failed, DDL Operation: class org.apache.hadoop.hive.ql.ddl.database.create.CreateDatabaseOperation
org.apache.hadoop.hive.ql.metadata.HiveException: MetaException(message:Unable to create database managed directory pfile:/home/alex/Repositories/hive/streaming/target/warehouse/testing.db, failed to create database testing)
	at org.apache.hadoop.hive.ql.metadata.Hive.createDatabase(Hive.java:611) ~[classes/:?]
	at org.apache.hadoop.hive.ql.ddl.database.create.CreateDatabaseOperation.execute(CreateDatabaseOperation.java:68) ~[classes/:?]
	at org.apache.hadoop.hive.ql.ddl.DDLTask.execute(DDLTask.java:84) ~[classes/:?]
	at org.apache.hadoop.hive.ql.exec.Task.executeTask(Task.java:212) ~[classes/:?]
	at org.apache.hadoop.hive.ql.exec.TaskRunner.runSequential(TaskRunner.java:105) ~[classes/:?]
	at org.apache.hadoop.hive.ql.Executor.launchTask(Executor.java:361) ~[classes/:?]
	at org.apache.hadoop.hive.ql.Executor.launchTasks(Executor.java:334) ~[classes/:?]
	at org.apache.hadoop.hive.ql.Executor.runTasks(Executor.java:245) ~[classes/:?]
	at org.apache.hadoop.hive.ql.Executor.execute(Executor.java:108) ~[classes/:?]
	at org.apache.hadoop.hive.ql.Driver.execute(Driver.java:348) ~[classes/:?]
	at org.apache.hadoop.hive.ql.Driver.runInternal(Driver.java:204) ~[classes/:?]
	at org.apache.hadoop.hive.ql.Driver.run(Driver.java:153) ~[classes/:?]
	at org.apache.hadoop.hive.ql.Driver.run(Driver.java:148) ~[classes/:?]
	at org.apache.hadoop.hive.ql.reexec.ReExecDriver.run(ReExecDriver.java:164) ~[classes/:?]
	at org.apache.hadoop.hive.ql.reexec.ReExecDriver.run(ReExecDriver.java:230) ~[classes/:?]
	at org.apache.hive.streaming.TestStreamingDynamicPartitioning.runDDL(TestStreamingDynamicPartitioning.java:829) ~[test-classes/:?]
	at org.apache.hive.streaming.TestStreamingDynamicPartitioning.createDbAndTable(TestStreamingDynamicPartitioning.java:875) ~[test-classes/:?]
	at org.apache.hive.streaming.TestStreamingDynamicPartitioning.setup(TestStreamingDynamicPartitioning.java:155) ~[test-classes/:?]
	at sun.reflect.NativeMethodAccessorImpl.invoke0(Native Method) ~[?:1.8.0_402]
	at sun.reflect.NativeMethodAccessorImpl.invoke(NativeMethodAccessorImpl.java:62) ~[?:1.8.0_402]
	at sun.reflect.DelegatingMethodAccessorImpl.invoke(DelegatingMethodAccessorImpl.java:43) ~[?:1.8.0_402]
	at java.lang.reflect.Method.invoke(Method.java:498) ~[?:1.8.0_402]
	at org.junit.runners.model.FrameworkMethod$1.runReflectiveCall(FrameworkMethod.java:59) ~[junit-4.13.jar:4.13]
	at org.junit.internal.runners.model.ReflectiveCallable.run(ReflectiveCallable.java:12) ~[junit-4.13.jar:4.13]
	at org.junit.runners.model.FrameworkMethod.invokeExplosively(FrameworkMethod.java:56) ~[junit-4.13.jar:4.13]
	at org.junit.internal.runners.statements.RunBefores.invokeMethod(RunBefores.java:33) ~[junit-4.13.jar:4.13]
	at org.junit.internal.runners.statements.RunBefores.evaluate(RunBefores.java:24) ~[junit-4.13.jar:4.13]
	at org.junit.internal.runners.statements.RunAfters.evaluate(RunAfters.java:27) ~[junit-4.13.jar:4.13]
	at org.junit.rules.ExternalResource$1.evaluate(ExternalResource.java:54) ~[junit-4.13.jar:4.13]
	at org.junit.runners.ParentRunner$3.evaluate(ParentRunner.java:306) ~[junit-4.13.jar:4.13]
	at org.junit.runners.BlockJUnit4ClassRunner$1.evaluate(BlockJUnit4ClassRunner.java:100) ~[junit-4.13.jar:4.13]
	at org.junit.runners.ParentRunner.runLeaf(ParentRunner.java:366) ~[junit-4.13.jar:4.13]
	at org.junit.runners.BlockJUnit4ClassRunner.runChild(BlockJUnit4ClassRunner.java:103) ~[junit-4.13.jar:4.13]
	at org.junit.runners.BlockJUnit4ClassRunner.runChild(BlockJUnit4ClassRunner.java:63) ~[junit-4.13.jar:4.13]
	at org.junit.runners.ParentRunner$4.run(ParentRunner.java:331) ~[junit-4.13.jar:4.13]
	at org.junit.runners.ParentRunner$1.schedule(ParentRunner.java:79) ~[junit-4.13.jar:4.13]
	at org.junit.runners.ParentRunner.runChildren(ParentRunner.java:329) ~[junit-4.13.jar:4.13]
	at org.junit.runners.ParentRunner.access$100(ParentRunner.java:66) ~[junit-4.13.jar:4.13]
	at org.junit.runners.ParentRunner$2.evaluate(ParentRunner.java:293) ~[junit-4.13.jar:4.13]
	at org.junit.runners.ParentRunner$3.evaluate(ParentRunner.java:306) ~[junit-4.13.jar:4.13]
	at org.junit.runners.ParentRunner.run(ParentRunner.java:413) ~[junit-4.13.jar:4.13]
	at org.junit.runner.JUnitCore.run(JUnitCore.java:137) ~[junit-4.13.jar:4.13]
	at org.junit.runner.JUnitCore.run(JUnitCore.java:115) ~[junit-4.13.jar:4.13]
	at org.junit.vintage.engine.execution.RunnerExecutor.execute(RunnerExecutor.java:43) ~[junit-vintage-engine-5.6.2.jar:5.6.2]
	at java.util.stream.ForEachOps$ForEachOp$OfRef.accept(ForEachOps.java:183) ~[?:1.8.0_402]
	at java.util.stream.ReferencePipeline$3$1.accept(ReferencePipeline.java:193) ~[?:1.8.0_402]
	at java.util.Iterator.forEachRemaining(Iterator.java:116) ~[?:1.8.0_402]
	at java.util.Spliterators$IteratorSpliterator.forEachRemaining(Spliterators.java:1801) ~[?:1.8.0_402]
	at java.util.stream.AbstractPipeline.copyInto(AbstractPipeline.java:482) ~[?:1.8.0_402]
	at java.util.stream.AbstractPipeline.wrapAndCopyInto(AbstractPipeline.java:472) ~[?:1.8.0_402]
	at java.util.stream.ForEachOps$ForEachOp.evaluateSequential(ForEachOps.java:150) ~[?:1.8.0_402]
	at java.util.stream.ForEachOps$ForEachOp$OfRef.evaluateSequential(ForEachOps.java:173) ~[?:1.8.0_402]
	at java.util.stream.AbstractPipeline.evaluate(AbstractPipeline.java:234) ~[?:1.8.0_402]
	at java.util.stream.ReferencePipeline.forEach(ReferencePipeline.java:485) ~[?:1.8.0_402]
	at org.junit.vintage.engine.VintageTestEngine.executeAllChildren(VintageTestEngine.java:82) ~[junit-vintage-engine-5.6.2.jar:5.6.2]
	at org.junit.vintage.engine.VintageTestEngine.execute(VintageTestEngine.java:73) ~[junit-vintage-engine-5.6.2.jar:5.6.2]
	at org.junit.platform.launcher.core.DefaultLauncher.execute(DefaultLauncher.java:248) ~[junit-platform-launcher-1.6.2.jar:1.6.2]
	at org.junit.platform.launcher.core.DefaultLauncher.lambda$execute$5(DefaultLauncher.java:211) ~[junit-platform-launcher-1.6.2.jar:1.6.2]
	at org.junit.platform.launcher.core.DefaultLauncher.withInterceptedStreams(DefaultLauncher.java:226) [junit-platform-launcher-1.6.2.jar:1.6.2]
	at org.junit.platform.launcher.core.DefaultLauncher.execute(DefaultLauncher.java:199) [junit-platform-launcher-1.6.2.jar:1.6.2]
	at org.junit.platform.launcher.core.DefaultLauncher.execute(DefaultLauncher.java:132) [junit-platform-launcher-1.6.2.jar:1.6.2]
	at org.apache.maven.surefire.junitplatform.JUnitPlatformProvider.invokeAllTests(JUnitPlatformProvider.java:154) [surefire-junit-platform-3.0.0-M4.jar:3.0.0-M4]
	at org.apache.maven.surefire.junitplatform.JUnitPlatformProvider.invoke(JUnitPlatformProvider.java:123) [surefire-junit-platform-3.0.0-M4.jar:3.0.0-M4]
	at org.apache.maven.surefire.booter.ForkedBooter.runSuitesInProcess(ForkedBooter.java:377) [surefire-booter-3.0.0-M4.jar:3.0.0-M4]
	at org.apache.maven.surefire.booter.ForkedBooter.execute(ForkedBooter.java:138) [surefire-booter-3.0.0-M4.jar:3.0.0-M4]
	at org.apache.maven.surefire.booter.ForkedBooter.run(ForkedBooter.java:465) [surefire-booter-3.0.0-M4.jar:3.0.0-M4]
	at org.apache.maven.surefire.booter.ForkedBooter.main(ForkedBooter.java:451) [surefire-booter-3.0.0-M4.jar:3.0.0-M4]
Caused by: org.apache.hadoop.hive.metastore.api.MetaException: Unable to create database managed directory pfile:/home/alex/Repositories/hive/streaming/target/warehouse/testing.db, failed to create database testing
	at org.apache.hadoop.hive.metastore.HMSHandler.create_database_core(HMSHandler.java:1366) ~[classes/:?]
	at org.apache.hadoop.hive.metastore.HMSHandler.create_database(HMSHandler.java:1486) ~[classes/:?]
	at sun.reflect.NativeMethodAccessorImpl.invoke0(Native Method) ~[?:1.8.0_402]
	at sun.reflect.NativeMethodAccessorImpl.invoke(NativeMethodAccessorImpl.java:62) ~[?:1.8.0_402]
	at sun.reflect.DelegatingMethodAccessorImpl.invoke(DelegatingMethodAccessorImpl.java:43) ~[?:1.8.0_402]
	at java.lang.reflect.Method.invoke(Method.java:498) ~[?:1.8.0_402]
	at org.apache.hadoop.hive.metastore.RetryingHMSHandler.invokeInternal(RetryingHMSHandler.java:147) ~[classes/:?]
	at org.apache.hadoop.hive.metastore.RetryingHMSHandler.invoke(RetryingHMSHandler.java:108) ~[classes/:?]
	at com.sun.proxy.$Proxy38.create_database(Unknown Source) ~[?:?]
	at org.apache.hadoop.hive.metastore.HiveMetaStoreClient.createDatabase(HiveMetaStoreClient.java:1151) ~[classes/:?]
	at sun.reflect.NativeMethodAccessorImpl.invoke0(Native Method) ~[?:1.8.0_402]
	at sun.reflect.NativeMethodAccessorImpl.invoke(NativeMethodAccessorImpl.java:62) ~[?:1.8.0_402]
	at sun.reflect.DelegatingMethodAccessorImpl.invoke(DelegatingMethodAccessorImpl.java:43) ~[?:1.8.0_402]
	at java.lang.reflect.Method.invoke(Method.java:498) ~[?:1.8.0_402]
	at org.apache.hadoop.hive.metastore.RetryingMetaStoreClient.invoke(RetryingMetaStoreClient.java:218) ~[classes/:?]
	at com.sun.proxy.$Proxy47.createDatabase(Unknown Source) ~[?:?]
	at org.apache.hadoop.hive.ql.metadata.Hive.createDatabase(Hive.java:605) ~[classes/:?]
	... 66 more
2024-04-24T12:35:26,642  INFO [main] reexec.ReOptimizePlugin: ReOptimization: retryPossible: false
2024-04-24T12:35:26,642  INFO [main] reexec.ReExecuteLostAMQueryPlugin: Got exception message: MetaException(message:Unable to create database managed directory pfile:/home/alex/Repositories/hive/streaming/target/warehouse/testing.db, failed to create database testing) retryPossible: false
2024-04-24T12:35:26,642  INFO [main] reexec.ReExecutionDagSubmitPlugin: Got exception message: MetaException(message:Unable to create database managed directory pfile:/home/alex/Repositories/hive/streaming/target/warehouse/testing.db, failed to create database testing) retryPossible: false
FAILED: Execution Error, return code 40000 from org.apache.hadoop.hive.ql.ddl.DDLTask. MetaException(message:Unable to create database managed directory pfile:/home/alex/Repositories/hive/streaming/target/warehouse/testing.db, failed to create database testing)
2024-04-24T12:35:26,642 ERROR [main] ql.Driver: FAILED: Execution Error, return code 40000 from org.apache.hadoop.hive.ql.ddl.DDLTask. MetaException(message:Unable to create database managed directory pfile:/home/alex/Repositories/hive/streaming/target/warehouse/testing.db, failed to create database testing)
2024-04-24T12:35:26,642  INFO [main] metadata.Hive: Dumping metastore api call timing information for : execution phase
2024-04-24T12:35:26,642  INFO [main] metadata.Hive: Total time spent in each metastore function (ms): {}
2024-04-24T12:35:26,642  INFO [main] ql.Driver: Completed executing command(queryId=alex_20240424123526_51aff6d9-a92e-41e6-a81f-072d6127c419); Time taken: 0.022 seconds
2024-04-24T12:35:26,642  INFO [main] lockmgr.DbTxnManager: Stopped heartbeat for query: alex_20240424123526_51aff6d9-a92e-41e6-a81f-072d6127c419
2024-04-24T12:35:26,642  INFO [main] metastore.HiveMetaStoreClient: Mestastore configuration metastore.filter.hook changed from org.apache.hadoop.hive.ql.security.authorization.plugin.AuthorizationMetaStoreFilterHook to org.apache.hadoop.hive.metastore.DefaultMetaStoreFilterHookImpl
2024-04-24T12:35:26,643  INFO [main] HiveMetaStore.audit: ugi=alex	ip=unknown-ip-addr	cmd=Cleaning up thread local RawStore...	
2024-04-24T12:35:26,643  INFO [main] metastore.ObjectStore: RawStore: org.apache.hadoop.hive.metastore.ObjectStore@3c62f69a, with PersistenceManager: org.datanucleus.api.jdo.JDOPersistenceManager@254513e8 will be shutdown
2024-04-24T12:35:26,643  INFO [main] HiveMetaStore.audit: ugi=alex	ip=unknown-ip-addr	cmd=Done cleaning up thread local RawStore	
2024-04-24T12:35:26,643  INFO [main] metastore.HiveMetaStoreClient: Closed a connection to metastore, current connections: -14
2024-04-24T12:35:26,644  INFO [main] metastore.HiveMetaStoreClient: HMS client filtering is enabled.
2024-04-24T12:35:26,645  INFO [main] metastore.HMSHandler: 0: Opening raw store with implementation class:org.apache.hadoop.hive.metastore.ObjectStore
2024-04-24T12:35:26,645  INFO [main] metastore.PersistenceManagerProvider: Configuration datanucleus.autoStartMechanismMode is not set. Defaulting to 'ignored'
2024-04-24T12:35:26,645  INFO [main] metastore.ObjectStore: RawStore: org.apache.hadoop.hive.metastore.ObjectStore@1fcc3461, with PersistenceManager: null will be shutdown
2024-04-24T12:35:26,645  INFO [main] metastore.ObjectStore: RawStore: org.apache.hadoop.hive.metastore.ObjectStore@1fcc3461, with PersistenceManager: org.datanucleus.api.jdo.JDOPersistenceManager@1987807b created in the thread with id: 1
2024-04-24T12:35:26,650  INFO [main] metastore.HMSHandler: Created RawStore: org.apache.hadoop.hive.metastore.ObjectStore@1fcc3461 from thread id: 1
2024-04-24T12:35:26,650  INFO [main] metastore.HMSHandler: HMS server filtering is disabled by configuration
2024-04-24T12:35:26,650  INFO [main] metastore.RetryingMetaStoreClient: RetryingMetaStoreClient proxy=class org.apache.hadoop.hive.ql.metadata.SessionHiveMetaStoreClient ugi=alex (auth:SIMPLE) retries=1 delay=1 lifetime=0
2024-04-24T12:35:26,653  INFO [main] txn.TxnHandler: Removed transactions: ([1]) from MIN_HISTORY_LEVEL
2024-04-24T12:35:26,656 ERROR [main] streaming.TestStreamingDynamicPartitioning: Statement: create database IF NOT EXISTS testing location 'raw:///home/alex/Repositories/hive/streaming/target/tmp/junit2384253054040464296/testing.db' failed: (responseCode = 40000, errorMessage = FAILED: Execution Error, return code 40000 from org.apache.hadoop.hive.ql.ddl.DDLTask. MetaException(message:Unable to create database managed directory pfile:/home/alex/Repositories/hive/streaming/target/warehouse/testing.db, failed to create database testing), hiveErrorCode = 40000, SQLState = 08S01, exception = MetaException(message:Unable to create database managed directory pfile:/home/alex/Repositories/hive/streaming/target/warehouse/testing.db, failed to create database testing))
2024-04-24T12:35:26,656  INFO [main] ql.Driver: Compiling command(queryId=alex_20240424123526_51aff6d9-a92e-41e6-a81f-072d6127c419): use testing
2024-04-24T12:35:26,657  INFO [main] HiveMetaStore.audit: ugi=alex	ip=unknown-ip-addr	cmd=get_database: testing	
FAILED: SemanticException [Error 10072]: Database does not exist: testing
2024-04-24T12:35:26,658 ERROR [main] ql.Driver: FAILED: SemanticException [Error 10072]: Database does not exist: testing
org.apache.hadoop.hive.ql.parse.SemanticException: Database does not exist: testing
	at org.apache.hadoop.hive.ql.parse.BaseSemanticAnalyzer.getDatabase(BaseSemanticAnalyzer.java:1812)
	at org.apache.hadoop.hive.ql.ddl.database.use.SwitchDatabaseAnalyzer.analyzeInternal(SwitchDatabaseAnalyzer.java:45)
	at org.apache.hadoop.hive.ql.parse.BaseSemanticAnalyzer.analyze(BaseSemanticAnalyzer.java:317)
	at org.apache.hadoop.hive.ql.Compiler.analyze(Compiler.java:223)
	at org.apache.hadoop.hive.ql.Compiler.compile(Compiler.java:105)
	at org.apache.hadoop.hive.ql.Driver.compile(Driver.java:500)
	at org.apache.hadoop.hive.ql.Driver.compileInternal(Driver.java:453)
	at org.apache.hadoop.hive.ql.Driver.compileAndRespond(Driver.java:417)
	at org.apache.hadoop.hive.ql.Driver.compileAndRespond(Driver.java:411)
	at org.apache.hadoop.hive.ql.reexec.ReExecDriver.compileAndRespond(ReExecDriver.java:125)
	at org.apache.hadoop.hive.ql.reexec.ReExecDriver.run(ReExecDriver.java:229)
	at org.apache.hive.streaming.TestStreamingDynamicPartitioning.runDDL(TestStreamingDynamicPartitioning.java:829)
	at org.apache.hive.streaming.TestStreamingDynamicPartitioning.createDbAndTable(TestStreamingDynamicPartitioning.java:876)
	at org.apache.hive.streaming.TestStreamingDynamicPartitioning.setup(TestStreamingDynamicPartitioning.java:155)
	at sun.reflect.NativeMethodAccessorImpl.invoke0(Native Method)
	at sun.reflect.NativeMethodAccessorImpl.invoke(NativeMethodAccessorImpl.java:62)
	at sun.reflect.DelegatingMethodAccessorImpl.invoke(DelegatingMethodAccessorImpl.java:43)
	at java.lang.reflect.Method.invoke(Method.java:498)
	at org.junit.runners.model.FrameworkMethod$1.runReflectiveCall(FrameworkMethod.java:59)
	at org.junit.internal.runners.model.ReflectiveCallable.run(ReflectiveCallable.java:12)
	at org.junit.runners.model.FrameworkMethod.invokeExplosively(FrameworkMethod.java:56)
	at org.junit.internal.runners.statements.RunBefores.invokeMethod(RunBefores.java:33)
	at org.junit.internal.runners.statements.RunBefores.evaluate(RunBefores.java:24)
	at org.junit.internal.runners.statements.RunAfters.evaluate(RunAfters.java:27)
	at org.junit.rules.ExternalResource$1.evaluate(ExternalResource.java:54)
	at org.junit.runners.ParentRunner$3.evaluate(ParentRunner.java:306)
	at org.junit.runners.BlockJUnit4ClassRunner$1.evaluate(BlockJUnit4ClassRunner.java:100)
	at org.junit.runners.ParentRunner.runLeaf(ParentRunner.java:366)
	at org.junit.runners.BlockJUnit4ClassRunner.runChild(BlockJUnit4ClassRunner.java:103)
	at org.junit.runners.BlockJUnit4ClassRunner.runChild(BlockJUnit4ClassRunner.java:63)
	at org.junit.runners.ParentRunner$4.run(ParentRunner.java:331)
	at org.junit.runners.ParentRunner$1.schedule(ParentRunner.java:79)
	at org.junit.runners.ParentRunner.runChildren(ParentRunner.java:329)
	at org.junit.runners.ParentRunner.access$100(ParentRunner.java:66)
	at org.junit.runners.ParentRunner$2.evaluate(ParentRunner.java:293)
	at org.junit.runners.ParentRunner$3.evaluate(ParentRunner.java:306)
	at org.junit.runners.ParentRunner.run(ParentRunner.java:413)
	at org.junit.runner.JUnitCore.run(JUnitCore.java:137)
	at org.junit.runner.JUnitCore.run(JUnitCore.java:115)
	at org.junit.vintage.engine.execution.RunnerExecutor.execute(RunnerExecutor.java:43)
	at java.util.stream.ForEachOps$ForEachOp$OfRef.accept(ForEachOps.java:183)
	at java.util.stream.ReferencePipeline$3$1.accept(ReferencePipeline.java:193)
	at java.util.Iterator.forEachRemaining(Iterator.java:116)
	at java.util.Spliterators$IteratorSpliterator.forEachRemaining(Spliterators.java:1801)
	at java.util.stream.AbstractPipeline.copyInto(AbstractPipeline.java:482)
	at java.util.stream.AbstractPipeline.wrapAndCopyInto(AbstractPipeline.java:472)
	at java.util.stream.ForEachOps$ForEachOp.evaluateSequential(ForEachOps.java:150)
	at java.util.stream.ForEachOps$ForEachOp$OfRef.evaluateSequential(ForEachOps.java:173)
	at java.util.stream.AbstractPipeline.evaluate(AbstractPipeline.java:234)
	at java.util.stream.ReferencePipeline.forEach(ReferencePipeline.java:485)
	at org.junit.vintage.engine.VintageTestEngine.executeAllChildren(VintageTestEngine.java:82)
	at org.junit.vintage.engine.VintageTestEngine.execute(VintageTestEngine.java:73)
	at org.junit.platform.launcher.core.DefaultLauncher.execute(DefaultLauncher.java:248)
	at org.junit.platform.launcher.core.DefaultLauncher.lambda$execute$5(DefaultLauncher.java:211)
	at org.junit.platform.launcher.core.DefaultLauncher.withInterceptedStreams(DefaultLauncher.java:226)
	at org.junit.platform.launcher.core.DefaultLauncher.execute(DefaultLauncher.java:199)
	at org.junit.platform.launcher.core.DefaultLauncher.execute(DefaultLauncher.java:132)
	at org.apache.maven.surefire.junitplatform.JUnitPlatformProvider.invokeAllTests(JUnitPlatformProvider.java:154)
	at org.apache.maven.surefire.junitplatform.JUnitPlatformProvider.invoke(JUnitPlatformProvider.java:123)
	at org.apache.maven.surefire.booter.ForkedBooter.runSuitesInProcess(ForkedBooter.java:377)
	at org.apache.maven.surefire.booter.ForkedBooter.execute(ForkedBooter.java:138)
	at org.apache.maven.surefire.booter.ForkedBooter.run(ForkedBooter.java:465)
	at org.apache.maven.surefire.booter.ForkedBooter.main(ForkedBooter.java:451)

2024-04-24T12:35:26,658  INFO [main] metadata.Hive: Dumping metastore api call timing information for : compilation phase
2024-04-24T12:35:26,658  INFO [main] metadata.Hive: Total time spent in each metastore function (ms): {isCompatibleWith_(Configuration)=0, flushCache_()=0, rollbackTxn_(long)=6}
2024-04-24T12:35:26,659  INFO [main] ql.Driver: Completed compiling command(queryId=alex_20240424123526_51aff6d9-a92e-41e6-a81f-072d6127c419); Time taken: 0.002 seconds
2024-04-24T12:35:26,659  INFO [main] lockmgr.DbLockManager: releaseLocks: []
2024-04-24T12:35:26,659 ERROR [main] streaming.TestStreamingDynamicPartitioning: Statement: use testing failed: (responseCode = 10072, errorMessage = FAILED: SemanticException [Error 10072]: Database does not exist: testing, hiveErrorCode = 40000, SQLState = 42000, exception = Database does not exist: testing)
2024-04-24T12:35:26,659  INFO [main] ql.Driver: Compiling command(queryId=alex_20240424123526_51aff6d9-a92e-41e6-a81f-072d6127c419): create table alerts ( id int,msg string ) partitioned by (Continent string,Country string ) clustered by ( id ) into 1 buckets  stored as orc  location 'raw:///home/alex/Repositories/hive/streaming/target/tmp/junit2384253054040464296/testing.db/alerts' TBLPROPERTIES ('transactional'='true') 
2024-04-24T12:35:26,662  INFO [main] txn.TxnHandler: Added entries to MIN_HISTORY_LEVEL for current txns: ([2]) with min_open_txn: 1
2024-04-24T12:35:26,663  INFO [main] lockmgr.DbTxnManager: Opened txnid:2
2024-04-24T12:35:26,664  INFO [main] parse.CalcitePlanner: Starting caching scope for: alex_20240424123526_51aff6d9-a92e-41e6-a81f-072d6127c419
2024-04-24T12:35:26,664  INFO [main] parse.CalcitePlanner: Starting Semantic Analysis
2024-04-24T12:35:26,790  INFO [Finalizer] HiveMetaStore.audit: ugi=alex	ip=unknown-ip-addr	cmd=Done cleaning up thread local RawStore	
2024-04-24T12:35:26,790  INFO [Finalizer] metastore.HiveMetaStoreClient: Closed a connection to metastore, current connections: -15
2024-04-24T12:35:26,790  INFO [main] parse.CalcitePlanner: Creating table default.alerts position=13
2024-04-24T12:35:26,791  INFO [Finalizer] HiveMetaStore.audit: ugi=alex	ip=unknown-ip-addr	cmd=Done cleaning up thread local RawStore	
2024-04-24T12:35:26,791  INFO [Finalizer] metastore.HiveMetaStoreClient: Closed a connection to metastore, current connections: -16
2024-04-24T12:35:26,793  INFO [main] HiveMetaStore.audit: ugi=alex	ip=unknown-ip-addr	cmd=get_database: default	
2024-04-24T12:35:26,793  INFO [Finalizer] HiveMetaStore.audit: ugi=alex	ip=unknown-ip-addr	cmd=Done cleaning up thread local RawStore	
2024-04-24T12:35:26,793  INFO [Finalizer] metastore.HiveMetaStoreClient: Closed a connection to metastore, current connections: -17
2024-04-24T12:35:26,793  INFO [Finalizer] HiveMetaStore.audit: ugi=alex	ip=unknown-ip-addr	cmd=Done cleaning up thread local RawStore	
2024-04-24T12:35:26,793  INFO [Finalizer] metastore.HiveMetaStoreClient: Closed a connection to metastore, current connections: -18
2024-04-24T12:35:26,793  INFO [Finalizer] HiveMetaStore.audit: ugi=alex	ip=unknown-ip-addr	cmd=Done cleaning up thread local RawStore	
2024-04-24T12:35:26,794  INFO [Finalizer] metastore.HiveMetaStoreClient: Closed a connection to metastore, current connections: -19
2024-04-24T12:35:26,795  INFO [main] parse.CalcitePlanner: Ending caching scope for: alex_20240424123526_51aff6d9-a92e-41e6-a81f-072d6127c419
2024-04-24T12:35:26,795  INFO [main] ql.Driver: Semantic Analysis Completed (retrial = false)
2024-04-24T12:35:26,795  INFO [main] ql.Driver: Created Hive schema: Schema(fieldSchemas:null, properties:null)
2024-04-24T12:35:26,795  INFO [main] metadata.Hive: Dumping metastore api call timing information for : compilation phase
2024-04-24T12:35:26,795  INFO [main] metadata.Hive: Total time spent in each metastore function (ms): {getValidWriteIds_(List, String)=126, openTxn_(String, TxnType)=2, getValidTxns_(long)=0, flushCache_()=0, getDatabase_(String)=4, isCompatibleWith_(Configuration)=0}
2024-04-24T12:35:26,795  INFO [main] ql.Driver: Completed compiling command(queryId=alex_20240424123526_51aff6d9-a92e-41e6-a81f-072d6127c419); Time taken: 0.136 seconds
2024-04-24T12:35:26,795  INFO [main] reexec.ReExecDriver: Execution #1 of query
2024-04-24T12:35:26,796  INFO [main] lockmgr.DbTxnManager: Setting lock request transaction to txnid:2 for queryId=alex_20240424123526_51aff6d9-a92e-41e6-a81f-072d6127c419
2024-04-24T12:35:26,796  INFO [main] lockmgr.DbLockManager: Requesting lock for queryId=alex_20240424123526_51aff6d9-a92e-41e6-a81f-072d6127c419
2024-04-24T12:35:26,806  INFO [main] lockmgr.DbLockManager: Response to queryId=alex_20240424123526_51aff6d9-a92e-41e6-a81f-072d6127c419 LockResponse(lockid:1, state:ACQUIRED)
2024-04-24T12:35:26,807  INFO [main] ql.Driver: Operation CREATETABLE obtained 1 locks
2024-04-24T12:35:26,807  INFO [main] ql.Driver: Executing command(queryId=alex_20240424123526_51aff6d9-a92e-41e6-a81f-072d6127c419): create table alerts ( id int,msg string ) partitioned by (Continent string,Country string ) clustered by ( id ) into 1 buckets  stored as orc  location 'raw:///home/alex/Repositories/hive/streaming/target/tmp/junit2384253054040464296/testing.db/alerts' TBLPROPERTIES ('transactional'='true') 
PREHOOK: query: create table alerts ( id int,msg string ) partitioned by (Continent string,Country string ) clustered by ( id ) into 1 buckets  stored as orc  location 'raw:///home/alex/Repositories/hive/streaming/target/tmp/junit2384253054040464296/testing.db/alerts' TBLPROPERTIES ('transactional'='true')
2024-04-24T12:35:26,808  INFO [main] SessionState: PREHOOK: query: create table alerts ( id int,msg string ) partitioned by (Continent string,Country string ) clustered by ( id ) into 1 buckets  stored as orc  location 'raw:///home/alex/Repositories/hive/streaming/target/tmp/junit2384253054040464296/testing.db/alerts' TBLPROPERTIES ('transactional'='true')
PREHOOK: type: CREATETABLE
2024-04-24T12:35:26,808  INFO [main] SessionState: PREHOOK: type: CREATETABLE
PREHOOK: Input: raw:/home/alex/Repositories/hive/streaming/target/tmp/junit2384253054040464296/testing.db/alerts
2024-04-24T12:35:26,808  INFO [main] SessionState: PREHOOK: Input: raw:/home/alex/Repositories/hive/streaming/target/tmp/junit2384253054040464296/testing.db/alerts
PREHOOK: Output: database:default
2024-04-24T12:35:26,808  INFO [main] SessionState: PREHOOK: Output: database:default
PREHOOK: Output: default@alerts
2024-04-24T12:35:26,808  INFO [main] SessionState: PREHOOK: Output: default@alerts
2024-04-24T12:35:26,808  INFO [main] ql.Driver: Starting task [Stage-0:DDL] in serial mode
2024-04-24T12:35:26,809  INFO [main] HiveMetaStore.audit: ugi=alex	ip=unknown-ip-addr	cmd=create_table_req: Table(tableName:alerts, dbName:default, owner:alex, createTime:1713987326, lastAccessTime:0, retention:0, sd:StorageDescriptor(cols:[FieldSchema(name:id, type:int, comment:null), FieldSchema(name:msg, type:string, comment:null)], location:raw:/home/alex/Repositories/hive/streaming/target/tmp/junit2384253054040464296/testing.db/alerts, inputFormat:org.apache.hadoop.hive.ql.io.orc.OrcInputFormat, outputFormat:org.apache.hadoop.hive.ql.io.orc.OrcOutputFormat, compressed:false, numBuckets:1, serdeInfo:SerDeInfo(name:null, serializationLib:org.apache.hadoop.hive.ql.io.orc.OrcSerde, parameters:{serialization.format=1}), bucketCols:[id], sortCols:[], parameters:{}, skewedInfo:SkewedInfo(skewedColNames:[], skewedColValues:[], skewedColValueLocationMaps:{}), storedAsSubDirectories:false), partitionKeys:[FieldSchema(name:Continent, type:string, comment:null), FieldSchema(name:Country, type:string, comment:null)], parameters:{transactional=true, bucketing_version=2}, viewOriginalText:null, viewExpandedText:null, tableType:MANAGED_TABLE, privileges:PrincipalPrivilegeSet(userPrivileges:{alex=[PrivilegeGrantInfo(privilege:INSERT, createTime:-1, grantor:alex, grantorType:USER, grantOption:true), PrivilegeGrantInfo(privilege:SELECT, createTime:-1, grantor:alex, grantorType:USER, grantOption:true), PrivilegeGrantInfo(privilege:UPDATE, createTime:-1, grantor:alex, grantorType:USER, grantOption:true), PrivilegeGrantInfo(privilege:DELETE, createTime:-1, grantor:alex, grantorType:USER, grantOption:true)]}, groupPrivileges:null, rolePrivileges:null), temporary:false, catName:hive, ownerType:USER, writeId:0)	
2024-04-24T12:35:26,819  WARN [main] metastore.HMSHandler: create_table_req got 
org.apache.hadoop.hive.metastore.api.AlreadyExistsException: Table hive.default.alerts already exists
	at org.apache.hadoop.hive.metastore.HMSHandler.create_table_core(HMSHandler.java:2339) ~[classes/:?]
	at org.apache.hadoop.hive.metastore.HMSHandler.create_table_req(HMSHandler.java:2598) ~[classes/:?]
	at sun.reflect.NativeMethodAccessorImpl.invoke0(Native Method) ~[?:1.8.0_402]
	at sun.reflect.NativeMethodAccessorImpl.invoke(NativeMethodAccessorImpl.java:62) ~[?:1.8.0_402]
	at sun.reflect.DelegatingMethodAccessorImpl.invoke(DelegatingMethodAccessorImpl.java:43) ~[?:1.8.0_402]
	at java.lang.reflect.Method.invoke(Method.java:498) ~[?:1.8.0_402]
	at org.apache.hadoop.hive.metastore.RetryingHMSHandler.invokeInternal(RetryingHMSHandler.java:147) ~[classes/:?]
	at org.apache.hadoop.hive.metastore.RetryingHMSHandler.invoke(RetryingHMSHandler.java:108) ~[classes/:?]
	at com.sun.proxy.$Proxy38.create_table_req(Unknown Source) ~[?:?]
	at org.apache.hadoop.hive.metastore.HiveMetaStoreClient.create_table_with_environment_context(HiveMetaStoreClient.java:4408) ~[classes/:?]
	at org.apache.hadoop.hive.ql.metadata.SessionHiveMetaStoreClient.create_table_with_environment_context(SessionHiveMetaStoreClient.java:182) ~[classes/:?]
	at org.apache.hadoop.hive.metastore.HiveMetaStoreClient.createTable(HiveMetaStoreClient.java:1260) ~[classes/:?]
	at org.apache.hadoop.hive.metastore.HiveMetaStoreClient.createTable(HiveMetaStoreClient.java:1245) ~[classes/:?]
	at sun.reflect.NativeMethodAccessorImpl.invoke0(Native Method) ~[?:1.8.0_402]
	at sun.reflect.NativeMethodAccessorImpl.invoke(NativeMethodAccessorImpl.java:62) ~[?:1.8.0_402]
	at sun.reflect.DelegatingMethodAccessorImpl.invoke(DelegatingMethodAccessorImpl.java:43) ~[?:1.8.0_402]
	at java.lang.reflect.Method.invoke(Method.java:498) ~[?:1.8.0_402]
	at org.apache.hadoop.hive.metastore.RetryingMetaStoreClient.invoke(RetryingMetaStoreClient.java:218) ~[classes/:?]
	at com.sun.proxy.$Proxy47.createTable(Unknown Source) ~[?:?]
	at org.apache.hadoop.hive.ql.metadata.Hive.createTable(Hive.java:1290) ~[classes/:?]
	at org.apache.hadoop.hive.ql.metadata.Hive.createTable(Hive.java:1306) ~[classes/:?]
	at org.apache.hadoop.hive.ql.ddl.table.create.CreateTableOperation.createTableNonReplaceMode(CreateTableOperation.java:140) ~[classes/:?]
	at org.apache.hadoop.hive.ql.ddl.table.create.CreateTableOperation.execute(CreateTableOperation.java:98) ~[classes/:?]
	at org.apache.hadoop.hive.ql.ddl.DDLTask.execute(DDLTask.java:84) ~[classes/:?]
	at org.apache.hadoop.hive.ql.exec.Task.executeTask(Task.java:212) ~[classes/:?]
	at org.apache.hadoop.hive.ql.exec.TaskRunner.runSequential(TaskRunner.java:105) ~[classes/:?]
	at org.apache.hadoop.hive.ql.Executor.launchTask(Executor.java:361) ~[classes/:?]
	at org.apache.hadoop.hive.ql.Executor.launchTasks(Executor.java:334) ~[classes/:?]
	at org.apache.hadoop.hive.ql.Executor.runTasks(Executor.java:245) ~[classes/:?]
	at org.apache.hadoop.hive.ql.Executor.execute(Executor.java:108) ~[classes/:?]
	at org.apache.hadoop.hive.ql.Driver.execute(Driver.java:348) ~[classes/:?]
	at org.apache.hadoop.hive.ql.Driver.runInternal(Driver.java:204) ~[classes/:?]
	at org.apache.hadoop.hive.ql.Driver.run(Driver.java:153) ~[classes/:?]
	at org.apache.hadoop.hive.ql.Driver.run(Driver.java:148) ~[classes/:?]
	at org.apache.hadoop.hive.ql.reexec.ReExecDriver.run(ReExecDriver.java:164) ~[classes/:?]
	at org.apache.hadoop.hive.ql.reexec.ReExecDriver.run(ReExecDriver.java:230) ~[classes/:?]
	at org.apache.hive.streaming.TestStreamingDynamicPartitioning.runDDL(TestStreamingDynamicPartitioning.java:829) ~[test-classes/:?]
	at org.apache.hive.streaming.TestStreamingDynamicPartitioning.createDbAndTable(TestStreamingDynamicPartitioning.java:885) ~[test-classes/:?]
	at org.apache.hive.streaming.TestStreamingDynamicPartitioning.setup(TestStreamingDynamicPartitioning.java:155) ~[test-classes/:?]
	at sun.reflect.NativeMethodAccessorImpl.invoke0(Native Method) ~[?:1.8.0_402]
	at sun.reflect.NativeMethodAccessorImpl.invoke(NativeMethodAccessorImpl.java:62) ~[?:1.8.0_402]
	at sun.reflect.DelegatingMethodAccessorImpl.invoke(DelegatingMethodAccessorImpl.java:43) ~[?:1.8.0_402]
	at java.lang.reflect.Method.invoke(Method.java:498) ~[?:1.8.0_402]
	at org.junit.runners.model.FrameworkMethod$1.runReflectiveCall(FrameworkMethod.java:59) ~[junit-4.13.jar:4.13]
	at org.junit.internal.runners.model.ReflectiveCallable.run(ReflectiveCallable.java:12) ~[junit-4.13.jar:4.13]
	at org.junit.runners.model.FrameworkMethod.invokeExplosively(FrameworkMethod.java:56) ~[junit-4.13.jar:4.13]
	at org.junit.internal.runners.statements.RunBefores.invokeMethod(RunBefores.java:33) ~[junit-4.13.jar:4.13]
	at org.junit.internal.runners.statements.RunBefores.evaluate(RunBefores.java:24) ~[junit-4.13.jar:4.13]
	at org.junit.internal.runners.statements.RunAfters.evaluate(RunAfters.java:27) ~[junit-4.13.jar:4.13]
	at org.junit.rules.ExternalResource$1.evaluate(ExternalResource.java:54) ~[junit-4.13.jar:4.13]
	at org.junit.runners.ParentRunner$3.evaluate(ParentRunner.java:306) ~[junit-4.13.jar:4.13]
	at org.junit.runners.BlockJUnit4ClassRunner$1.evaluate(BlockJUnit4ClassRunner.java:100) ~[junit-4.13.jar:4.13]
	at org.junit.runners.ParentRunner.runLeaf(ParentRunner.java:366) ~[junit-4.13.jar:4.13]
	at org.junit.runners.BlockJUnit4ClassRunner.runChild(BlockJUnit4ClassRunner.java:103) ~[junit-4.13.jar:4.13]
	at org.junit.runners.BlockJUnit4ClassRunner.runChild(BlockJUnit4ClassRunner.java:63) ~[junit-4.13.jar:4.13]
	at org.junit.runners.ParentRunner$4.run(ParentRunner.java:331) ~[junit-4.13.jar:4.13]
	at org.junit.runners.ParentRunner$1.schedule(ParentRunner.java:79) ~[junit-4.13.jar:4.13]
	at org.junit.runners.ParentRunner.runChildren(ParentRunner.java:329) ~[junit-4.13.jar:4.13]
	at org.junit.runners.ParentRunner.access$100(ParentRunner.java:66) ~[junit-4.13.jar:4.13]
	at org.junit.runners.ParentRunner$2.evaluate(ParentRunner.java:293) ~[junit-4.13.jar:4.13]
	at org.junit.runners.ParentRunner$3.evaluate(ParentRunner.java:306) ~[junit-4.13.jar:4.13]
	at org.junit.runners.ParentRunner.run(ParentRunner.java:413) ~[junit-4.13.jar:4.13]
	at org.junit.runner.JUnitCore.run(JUnitCore.java:137) ~[junit-4.13.jar:4.13]
	at org.junit.runner.JUnitCore.run(JUnitCore.java:115) ~[junit-4.13.jar:4.13]
	at org.junit.vintage.engine.execution.RunnerExecutor.execute(RunnerExecutor.java:43) ~[junit-vintage-engine-5.6.2.jar:5.6.2]
	at java.util.stream.ForEachOps$ForEachOp$OfRef.accept(ForEachOps.java:183) ~[?:1.8.0_402]
	at java.util.stream.ReferencePipeline$3$1.accept(ReferencePipeline.java:193) ~[?:1.8.0_402]
	at java.util.Iterator.forEachRemaining(Iterator.java:116) ~[?:1.8.0_402]
	at java.util.Spliterators$IteratorSpliterator.forEachRemaining(Spliterators.java:1801) ~[?:1.8.0_402]
	at java.util.stream.AbstractPipeline.copyInto(AbstractPipeline.java:482) ~[?:1.8.0_402]
	at java.util.stream.AbstractPipeline.wrapAndCopyInto(AbstractPipeline.java:472) ~[?:1.8.0_402]
	at java.util.stream.ForEachOps$ForEachOp.evaluateSequential(ForEachOps.java:150) ~[?:1.8.0_402]
	at java.util.stream.ForEachOps$ForEachOp$OfRef.evaluateSequential(ForEachOps.java:173) ~[?:1.8.0_402]
	at java.util.stream.AbstractPipeline.evaluate(AbstractPipeline.java:234) ~[?:1.8.0_402]
	at java.util.stream.ReferencePipeline.forEach(ReferencePipeline.java:485) ~[?:1.8.0_402]
	at org.junit.vintage.engine.VintageTestEngine.executeAllChildren(VintageTestEngine.java:82) ~[junit-vintage-engine-5.6.2.jar:5.6.2]
	at org.junit.vintage.engine.VintageTestEngine.execute(VintageTestEngine.java:73) ~[junit-vintage-engine-5.6.2.jar:5.6.2]
	at org.junit.platform.launcher.core.DefaultLauncher.execute(DefaultLauncher.java:248) ~[junit-platform-launcher-1.6.2.jar:1.6.2]
	at org.junit.platform.launcher.core.DefaultLauncher.lambda$execute$5(DefaultLauncher.java:211) ~[junit-platform-launcher-1.6.2.jar:1.6.2]
	at org.junit.platform.launcher.core.DefaultLauncher.withInterceptedStreams(DefaultLauncher.java:226) [junit-platform-launcher-1.6.2.jar:1.6.2]
	at org.junit.platform.launcher.core.DefaultLauncher.execute(DefaultLauncher.java:199) [junit-platform-launcher-1.6.2.jar:1.6.2]
	at org.junit.platform.launcher.core.DefaultLauncher.execute(DefaultLauncher.java:132) [junit-platform-launcher-1.6.2.jar:1.6.2]
	at org.apache.maven.surefire.junitplatform.JUnitPlatformProvider.invokeAllTests(JUnitPlatformProvider.java:154) [surefire-junit-platform-3.0.0-M4.jar:3.0.0-M4]
	at org.apache.maven.surefire.junitplatform.JUnitPlatformProvider.invoke(JUnitPlatformProvider.java:123) [surefire-junit-platform-3.0.0-M4.jar:3.0.0-M4]
	at org.apache.maven.surefire.booter.ForkedBooter.runSuitesInProcess(ForkedBooter.java:377) [surefire-booter-3.0.0-M4.jar:3.0.0-M4]
	at org.apache.maven.surefire.booter.ForkedBooter.execute(ForkedBooter.java:138) [surefire-booter-3.0.0-M4.jar:3.0.0-M4]
	at org.apache.maven.surefire.booter.ForkedBooter.run(ForkedBooter.java:465) [surefire-booter-3.0.0-M4.jar:3.0.0-M4]
	at org.apache.maven.surefire.booter.ForkedBooter.main(ForkedBooter.java:451) [surefire-booter-3.0.0-M4.jar:3.0.0-M4]
2024-04-24T12:35:26,820 ERROR [main] metastore.RetryingHMSHandler: AlreadyExistsException(message:Table hive.default.alerts already exists)
	at org.apache.hadoop.hive.metastore.HMSHandler.create_table_core(HMSHandler.java:2339)
	at org.apache.hadoop.hive.metastore.HMSHandler.create_table_req(HMSHandler.java:2598)
	at sun.reflect.NativeMethodAccessorImpl.invoke0(Native Method)
	at sun.reflect.NativeMethodAccessorImpl.invoke(NativeMethodAccessorImpl.java:62)
	at sun.reflect.DelegatingMethodAccessorImpl.invoke(DelegatingMethodAccessorImpl.java:43)
	at java.lang.reflect.Method.invoke(Method.java:498)
	at org.apache.hadoop.hive.metastore.RetryingHMSHandler.invokeInternal(RetryingHMSHandler.java:147)
	at org.apache.hadoop.hive.metastore.RetryingHMSHandler.invoke(RetryingHMSHandler.java:108)
	at com.sun.proxy.$Proxy38.create_table_req(Unknown Source)
	at org.apache.hadoop.hive.metastore.HiveMetaStoreClient.create_table_with_environment_context(HiveMetaStoreClient.java:4408)
	at org.apache.hadoop.hive.ql.metadata.SessionHiveMetaStoreClient.create_table_with_environment_context(SessionHiveMetaStoreClient.java:182)
	at org.apache.hadoop.hive.metastore.HiveMetaStoreClient.createTable(HiveMetaStoreClient.java:1260)
	at org.apache.hadoop.hive.metastore.HiveMetaStoreClient.createTable(HiveMetaStoreClient.java:1245)
	at sun.reflect.NativeMethodAccessorImpl.invoke0(Native Method)
	at sun.reflect.NativeMethodAccessorImpl.invoke(NativeMethodAccessorImpl.java:62)
	at sun.reflect.DelegatingMethodAccessorImpl.invoke(DelegatingMethodAccessorImpl.java:43)
	at java.lang.reflect.Method.invoke(Method.java:498)
	at org.apache.hadoop.hive.metastore.RetryingMetaStoreClient.invoke(RetryingMetaStoreClient.java:218)
	at com.sun.proxy.$Proxy47.createTable(Unknown Source)
	at org.apache.hadoop.hive.ql.metadata.Hive.createTable(Hive.java:1290)
	at org.apache.hadoop.hive.ql.metadata.Hive.createTable(Hive.java:1306)
	at org.apache.hadoop.hive.ql.ddl.table.create.CreateTableOperation.createTableNonReplaceMode(CreateTableOperation.java:140)
	at org.apache.hadoop.hive.ql.ddl.table.create.CreateTableOperation.execute(CreateTableOperation.java:98)
	at org.apache.hadoop.hive.ql.ddl.DDLTask.execute(DDLTask.java:84)
	at org.apache.hadoop.hive.ql.exec.Task.executeTask(Task.java:212)
	at org.apache.hadoop.hive.ql.exec.TaskRunner.runSequential(TaskRunner.java:105)
	at org.apache.hadoop.hive.ql.Executor.launchTask(Executor.java:361)
	at org.apache.hadoop.hive.ql.Executor.launchTasks(Executor.java:334)
	at org.apache.hadoop.hive.ql.Executor.runTasks(Executor.java:245)
	at org.apache.hadoop.hive.ql.Executor.execute(Executor.java:108)
	at org.apache.hadoop.hive.ql.Driver.execute(Driver.java:348)
	at org.apache.hadoop.hive.ql.Driver.runInternal(Driver.java:204)
	at org.apache.hadoop.hive.ql.Driver.run(Driver.java:153)
	at org.apache.hadoop.hive.ql.Driver.run(Driver.java:148)
	at org.apache.hadoop.hive.ql.reexec.ReExecDriver.run(ReExecDriver.java:164)
	at org.apache.hadoop.hive.ql.reexec.ReExecDriver.run(ReExecDriver.java:230)
	at org.apache.hive.streaming.TestStreamingDynamicPartitioning.runDDL(TestStreamingDynamicPartitioning.java:829)
	at org.apache.hive.streaming.TestStreamingDynamicPartitioning.createDbAndTable(TestStreamingDynamicPartitioning.java:885)
	at org.apache.hive.streaming.TestStreamingDynamicPartitioning.setup(TestStreamingDynamicPartitioning.java:155)
	at sun.reflect.NativeMethodAccessorImpl.invoke0(Native Method)
	at sun.reflect.NativeMethodAccessorImpl.invoke(NativeMethodAccessorImpl.java:62)
	at sun.reflect.DelegatingMethodAccessorImpl.invoke(DelegatingMethodAccessorImpl.java:43)
	at java.lang.reflect.Method.invoke(Method.java:498)
	at org.junit.runners.model.FrameworkMethod$1.runReflectiveCall(FrameworkMethod.java:59)
	at org.junit.internal.runners.model.ReflectiveCallable.run(ReflectiveCallable.java:12)
	at org.junit.runners.model.FrameworkMethod.invokeExplosively(FrameworkMethod.java:56)
	at org.junit.internal.runners.statements.RunBefores.invokeMethod(RunBefores.java:33)
	at org.junit.internal.runners.statements.RunBefores.evaluate(RunBefores.java:24)
	at org.junit.internal.runners.statements.RunAfters.evaluate(RunAfters.java:27)
	at org.junit.rules.ExternalResource$1.evaluate(ExternalResource.java:54)
	at org.junit.runners.ParentRunner$3.evaluate(ParentRunner.java:306)
	at org.junit.runners.BlockJUnit4ClassRunner$1.evaluate(BlockJUnit4ClassRunner.java:100)
	at org.junit.runners.ParentRunner.runLeaf(ParentRunner.java:366)
	at org.junit.runners.BlockJUnit4ClassRunner.runChild(BlockJUnit4ClassRunner.java:103)
	at org.junit.runners.BlockJUnit4ClassRunner.runChild(BlockJUnit4ClassRunner.java:63)
	at org.junit.runners.ParentRunner$4.run(ParentRunner.java:331)
	at org.junit.runners.ParentRunner$1.schedule(ParentRunner.java:79)
	at org.junit.runners.ParentRunner.runChildren(ParentRunner.java:329)
	at org.junit.runners.ParentRunner.access$100(ParentRunner.java:66)
	at org.junit.runners.ParentRunner$2.evaluate(ParentRunner.java:293)
	at org.junit.runners.ParentRunner$3.evaluate(ParentRunner.java:306)
	at org.junit.runners.ParentRunner.run(ParentRunner.java:413)
	at org.junit.runner.JUnitCore.run(JUnitCore.java:137)
	at org.junit.runner.JUnitCore.run(JUnitCore.java:115)
	at org.junit.vintage.engine.execution.RunnerExecutor.execute(RunnerExecutor.java:43)
	at java.util.stream.ForEachOps$ForEachOp$OfRef.accept(ForEachOps.java:183)
	at java.util.stream.ReferencePipeline$3$1.accept(ReferencePipeline.java:193)
	at java.util.Iterator.forEachRemaining(Iterator.java:116)
	at java.util.Spliterators$IteratorSpliterator.forEachRemaining(Spliterators.java:1801)
	at java.util.stream.AbstractPipeline.copyInto(AbstractPipeline.java:482)
	at java.util.stream.AbstractPipeline.wrapAndCopyInto(AbstractPipeline.java:472)
	at java.util.stream.ForEachOps$ForEachOp.evaluateSequential(ForEachOps.java:150)
	at java.util.stream.ForEachOps$ForEachOp$OfRef.evaluateSequential(ForEachOps.java:173)
	at java.util.stream.AbstractPipeline.evaluate(AbstractPipeline.java:234)
	at java.util.stream.ReferencePipeline.forEach(ReferencePipeline.java:485)
	at org.junit.vintage.engine.VintageTestEngine.executeAllChildren(VintageTestEngine.java:82)
	at org.junit.vintage.engine.VintageTestEngine.execute(VintageTestEngine.java:73)
	at org.junit.platform.launcher.core.DefaultLauncher.execute(DefaultLauncher.java:248)
	at org.junit.platform.launcher.core.DefaultLauncher.lambda$execute$5(DefaultLauncher.java:211)
	at org.junit.platform.launcher.core.DefaultLauncher.withInterceptedStreams(DefaultLauncher.java:226)
	at org.junit.platform.launcher.core.DefaultLauncher.execute(DefaultLauncher.java:199)
	at org.junit.platform.launcher.core.DefaultLauncher.execute(DefaultLauncher.java:132)
	at org.apache.maven.surefire.junitplatform.JUnitPlatformProvider.invokeAllTests(JUnitPlatformProvider.java:154)
	at org.apache.maven.surefire.junitplatform.JUnitPlatformProvider.invoke(JUnitPlatformProvider.java:123)
	at org.apache.maven.surefire.booter.ForkedBooter.runSuitesInProcess(ForkedBooter.java:377)
	at org.apache.maven.surefire.booter.ForkedBooter.execute(ForkedBooter.java:138)
	at org.apache.maven.surefire.booter.ForkedBooter.run(ForkedBooter.java:465)
	at org.apache.maven.surefire.booter.ForkedBooter.main(ForkedBooter.java:451)

2024-04-24T12:35:26,820 ERROR [main] exec.Task: Failed
org.apache.hadoop.hive.ql.metadata.HiveException: AlreadyExistsException(message:Table hive.default.alerts already exists)
	at org.apache.hadoop.hive.ql.metadata.Hive.createTable(Hive.java:1298) ~[classes/:?]
	at org.apache.hadoop.hive.ql.metadata.Hive.createTable(Hive.java:1306) ~[classes/:?]
	at org.apache.hadoop.hive.ql.ddl.table.create.CreateTableOperation.createTableNonReplaceMode(CreateTableOperation.java:140) ~[classes/:?]
	at org.apache.hadoop.hive.ql.ddl.table.create.CreateTableOperation.execute(CreateTableOperation.java:98) ~[classes/:?]
	at org.apache.hadoop.hive.ql.ddl.DDLTask.execute(DDLTask.java:84) ~[classes/:?]
	at org.apache.hadoop.hive.ql.exec.Task.executeTask(Task.java:212) ~[classes/:?]
	at org.apache.hadoop.hive.ql.exec.TaskRunner.runSequential(TaskRunner.java:105) ~[classes/:?]
	at org.apache.hadoop.hive.ql.Executor.launchTask(Executor.java:361) ~[classes/:?]
	at org.apache.hadoop.hive.ql.Executor.launchTasks(Executor.java:334) ~[classes/:?]
	at org.apache.hadoop.hive.ql.Executor.runTasks(Executor.java:245) ~[classes/:?]
	at org.apache.hadoop.hive.ql.Executor.execute(Executor.java:108) ~[classes/:?]
	at org.apache.hadoop.hive.ql.Driver.execute(Driver.java:348) ~[classes/:?]
	at org.apache.hadoop.hive.ql.Driver.runInternal(Driver.java:204) ~[classes/:?]
	at org.apache.hadoop.hive.ql.Driver.run(Driver.java:153) ~[classes/:?]
	at org.apache.hadoop.hive.ql.Driver.run(Driver.java:148) ~[classes/:?]
	at org.apache.hadoop.hive.ql.reexec.ReExecDriver.run(ReExecDriver.java:164) ~[classes/:?]
	at org.apache.hadoop.hive.ql.reexec.ReExecDriver.run(ReExecDriver.java:230) ~[classes/:?]
	at org.apache.hive.streaming.TestStreamingDynamicPartitioning.runDDL(TestStreamingDynamicPartitioning.java:829) ~[test-classes/:?]
	at org.apache.hive.streaming.TestStreamingDynamicPartitioning.createDbAndTable(TestStreamingDynamicPartitioning.java:885) ~[test-classes/:?]
	at org.apache.hive.streaming.TestStreamingDynamicPartitioning.setup(TestStreamingDynamicPartitioning.java:155) ~[test-classes/:?]
	at sun.reflect.NativeMethodAccessorImpl.invoke0(Native Method) ~[?:1.8.0_402]
	at sun.reflect.NativeMethodAccessorImpl.invoke(NativeMethodAccessorImpl.java:62) ~[?:1.8.0_402]
	at sun.reflect.DelegatingMethodAccessorImpl.invoke(DelegatingMethodAccessorImpl.java:43) ~[?:1.8.0_402]
	at java.lang.reflect.Method.invoke(Method.java:498) ~[?:1.8.0_402]
	at org.junit.runners.model.FrameworkMethod$1.runReflectiveCall(FrameworkMethod.java:59) ~[junit-4.13.jar:4.13]
	at org.junit.internal.runners.model.ReflectiveCallable.run(ReflectiveCallable.java:12) ~[junit-4.13.jar:4.13]
	at org.junit.runners.model.FrameworkMethod.invokeExplosively(FrameworkMethod.java:56) ~[junit-4.13.jar:4.13]
	at org.junit.internal.runners.statements.RunBefores.invokeMethod(RunBefores.java:33) ~[junit-4.13.jar:4.13]
	at org.junit.internal.runners.statements.RunBefores.evaluate(RunBefores.java:24) ~[junit-4.13.jar:4.13]
	at org.junit.internal.runners.statements.RunAfters.evaluate(RunAfters.java:27) ~[junit-4.13.jar:4.13]
	at org.junit.rules.ExternalResource$1.evaluate(ExternalResource.java:54) ~[junit-4.13.jar:4.13]
	at org.junit.runners.ParentRunner$3.evaluate(ParentRunner.java:306) ~[junit-4.13.jar:4.13]
	at org.junit.runners.BlockJUnit4ClassRunner$1.evaluate(BlockJUnit4ClassRunner.java:100) ~[junit-4.13.jar:4.13]
	at org.junit.runners.ParentRunner.runLeaf(ParentRunner.java:366) ~[junit-4.13.jar:4.13]
	at org.junit.runners.BlockJUnit4ClassRunner.runChild(BlockJUnit4ClassRunner.java:103) ~[junit-4.13.jar:4.13]
	at org.junit.runners.BlockJUnit4ClassRunner.runChild(BlockJUnit4ClassRunner.java:63) ~[junit-4.13.jar:4.13]
	at org.junit.runners.ParentRunner$4.run(ParentRunner.java:331) ~[junit-4.13.jar:4.13]
	at org.junit.runners.ParentRunner$1.schedule(ParentRunner.java:79) ~[junit-4.13.jar:4.13]
	at org.junit.runners.ParentRunner.runChildren(ParentRunner.java:329) ~[junit-4.13.jar:4.13]
	at org.junit.runners.ParentRunner.access$100(ParentRunner.java:66) ~[junit-4.13.jar:4.13]
	at org.junit.runners.ParentRunner$2.evaluate(ParentRunner.java:293) ~[junit-4.13.jar:4.13]
	at org.junit.runners.ParentRunner$3.evaluate(ParentRunner.java:306) ~[junit-4.13.jar:4.13]
	at org.junit.runners.ParentRunner.run(ParentRunner.java:413) ~[junit-4.13.jar:4.13]
	at org.junit.runner.JUnitCore.run(JUnitCore.java:137) ~[junit-4.13.jar:4.13]
	at org.junit.runner.JUnitCore.run(JUnitCore.java:115) ~[junit-4.13.jar:4.13]
	at org.junit.vintage.engine.execution.RunnerExecutor.execute(RunnerExecutor.java:43) ~[junit-vintage-engine-5.6.2.jar:5.6.2]
	at java.util.stream.ForEachOps$ForEachOp$OfRef.accept(ForEachOps.java:183) ~[?:1.8.0_402]
	at java.util.stream.ReferencePipeline$3$1.accept(ReferencePipeline.java:193) ~[?:1.8.0_402]
	at java.util.Iterator.forEachRemaining(Iterator.java:116) ~[?:1.8.0_402]
	at java.util.Spliterators$IteratorSpliterator.forEachRemaining(Spliterators.java:1801) ~[?:1.8.0_402]
	at java.util.stream.AbstractPipeline.copyInto(AbstractPipeline.java:482) ~[?:1.8.0_402]
	at java.util.stream.AbstractPipeline.wrapAndCopyInto(AbstractPipeline.java:472) ~[?:1.8.0_402]
	at java.util.stream.ForEachOps$ForEachOp.evaluateSequential(ForEachOps.java:150) ~[?:1.8.0_402]
	at java.util.stream.ForEachOps$ForEachOp$OfRef.evaluateSequential(ForEachOps.java:173) ~[?:1.8.0_402]
	at java.util.stream.AbstractPipeline.evaluate(AbstractPipeline.java:234) ~[?:1.8.0_402]
	at java.util.stream.ReferencePipeline.forEach(ReferencePipeline.java:485) ~[?:1.8.0_402]
	at org.junit.vintage.engine.VintageTestEngine.executeAllChildren(VintageTestEngine.java:82) ~[junit-vintage-engine-5.6.2.jar:5.6.2]
	at org.junit.vintage.engine.VintageTestEngine.execute(VintageTestEngine.java:73) ~[junit-vintage-engine-5.6.2.jar:5.6.2]
	at org.junit.platform.launcher.core.DefaultLauncher.execute(DefaultLauncher.java:248) ~[junit-platform-launcher-1.6.2.jar:1.6.2]
	at org.junit.platform.launcher.core.DefaultLauncher.lambda$execute$5(DefaultLauncher.java:211) ~[junit-platform-launcher-1.6.2.jar:1.6.2]
	at org.junit.platform.launcher.core.DefaultLauncher.withInterceptedStreams(DefaultLauncher.java:226) [junit-platform-launcher-1.6.2.jar:1.6.2]
	at org.junit.platform.launcher.core.DefaultLauncher.execute(DefaultLauncher.java:199) [junit-platform-launcher-1.6.2.jar:1.6.2]
	at org.junit.platform.launcher.core.DefaultLauncher.execute(DefaultLauncher.java:132) [junit-platform-launcher-1.6.2.jar:1.6.2]
	at org.apache.maven.surefire.junitplatform.JUnitPlatformProvider.invokeAllTests(JUnitPlatformProvider.java:154) [surefire-junit-platform-3.0.0-M4.jar:3.0.0-M4]
	at org.apache.maven.surefire.junitplatform.JUnitPlatformProvider.invoke(JUnitPlatformProvider.java:123) [surefire-junit-platform-3.0.0-M4.jar:3.0.0-M4]
	at org.apache.maven.surefire.booter.ForkedBooter.runSuitesInProcess(ForkedBooter.java:377) [surefire-booter-3.0.0-M4.jar:3.0.0-M4]
	at org.apache.maven.surefire.booter.ForkedBooter.execute(ForkedBooter.java:138) [surefire-booter-3.0.0-M4.jar:3.0.0-M4]
	at org.apache.maven.surefire.booter.ForkedBooter.run(ForkedBooter.java:465) [surefire-booter-3.0.0-M4.jar:3.0.0-M4]
	at org.apache.maven.surefire.booter.ForkedBooter.main(ForkedBooter.java:451) [surefire-booter-3.0.0-M4.jar:3.0.0-M4]
Caused by: org.apache.hadoop.hive.metastore.api.AlreadyExistsException: Table hive.default.alerts already exists
	at org.apache.hadoop.hive.metastore.HMSHandler.create_table_core(HMSHandler.java:2339) ~[classes/:?]
	at org.apache.hadoop.hive.metastore.HMSHandler.create_table_req(HMSHandler.java:2598) ~[classes/:?]
	at sun.reflect.NativeMethodAccessorImpl.invoke0(Native Method) ~[?:1.8.0_402]
	at sun.reflect.NativeMethodAccessorImpl.invoke(NativeMethodAccessorImpl.java:62) ~[?:1.8.0_402]
	at sun.reflect.DelegatingMethodAccessorImpl.invoke(DelegatingMethodAccessorImpl.java:43) ~[?:1.8.0_402]
	at java.lang.reflect.Method.invoke(Method.java:498) ~[?:1.8.0_402]
	at org.apache.hadoop.hive.metastore.RetryingHMSHandler.invokeInternal(RetryingHMSHandler.java:147) ~[classes/:?]
	at org.apache.hadoop.hive.metastore.RetryingHMSHandler.invoke(RetryingHMSHandler.java:108) ~[classes/:?]
	at com.sun.proxy.$Proxy38.create_table_req(Unknown Source) ~[?:?]
	at org.apache.hadoop.hive.metastore.HiveMetaStoreClient.create_table_with_environment_context(HiveMetaStoreClient.java:4408) ~[classes/:?]
	at org.apache.hadoop.hive.ql.metadata.SessionHiveMetaStoreClient.create_table_with_environment_context(SessionHiveMetaStoreClient.java:182) ~[classes/:?]
	at org.apache.hadoop.hive.metastore.HiveMetaStoreClient.createTable(HiveMetaStoreClient.java:1260) ~[classes/:?]
	at org.apache.hadoop.hive.metastore.HiveMetaStoreClient.createTable(HiveMetaStoreClient.java:1245) ~[classes/:?]
	at sun.reflect.NativeMethodAccessorImpl.invoke0(Native Method) ~[?:1.8.0_402]
	at sun.reflect.NativeMethodAccessorImpl.invoke(NativeMethodAccessorImpl.java:62) ~[?:1.8.0_402]
	at sun.reflect.DelegatingMethodAccessorImpl.invoke(DelegatingMethodAccessorImpl.java:43) ~[?:1.8.0_402]
	at java.lang.reflect.Method.invoke(Method.java:498) ~[?:1.8.0_402]
	at org.apache.hadoop.hive.metastore.RetryingMetaStoreClient.invoke(RetryingMetaStoreClient.java:218) ~[classes/:?]
	at com.sun.proxy.$Proxy47.createTable(Unknown Source) ~[?:?]
	at org.apache.hadoop.hive.ql.metadata.Hive.createTable(Hive.java:1290) ~[classes/:?]
	... 68 more
2024-04-24T12:35:26,821 ERROR [main] exec.Task: DDLTask failed, DDL Operation: class org.apache.hadoop.hive.ql.ddl.table.create.CreateTableOperation
org.apache.hadoop.hive.ql.metadata.HiveException: AlreadyExistsException(message:Table hive.default.alerts already exists)
	at org.apache.hadoop.hive.ql.metadata.Hive.createTable(Hive.java:1298) ~[classes/:?]
	at org.apache.hadoop.hive.ql.metadata.Hive.createTable(Hive.java:1306) ~[classes/:?]
	at org.apache.hadoop.hive.ql.ddl.table.create.CreateTableOperation.createTableNonReplaceMode(CreateTableOperation.java:140) ~[classes/:?]
	at org.apache.hadoop.hive.ql.ddl.table.create.CreateTableOperation.execute(CreateTableOperation.java:98) ~[classes/:?]
	at org.apache.hadoop.hive.ql.ddl.DDLTask.execute(DDLTask.java:84) ~[classes/:?]
	at org.apache.hadoop.hive.ql.exec.Task.executeTask(Task.java:212) ~[classes/:?]
	at org.apache.hadoop.hive.ql.exec.TaskRunner.runSequential(TaskRunner.java:105) ~[classes/:?]
	at org.apache.hadoop.hive.ql.Executor.launchTask(Executor.java:361) ~[classes/:?]
	at org.apache.hadoop.hive.ql.Executor.launchTasks(Executor.java:334) ~[classes/:?]
	at org.apache.hadoop.hive.ql.Executor.runTasks(Executor.java:245) ~[classes/:?]
	at org.apache.hadoop.hive.ql.Executor.execute(Executor.java:108) ~[classes/:?]
	at org.apache.hadoop.hive.ql.Driver.execute(Driver.java:348) ~[classes/:?]
	at org.apache.hadoop.hive.ql.Driver.runInternal(Driver.java:204) ~[classes/:?]
	at org.apache.hadoop.hive.ql.Driver.run(Driver.java:153) ~[classes/:?]
	at org.apache.hadoop.hive.ql.Driver.run(Driver.java:148) ~[classes/:?]
	at org.apache.hadoop.hive.ql.reexec.ReExecDriver.run(ReExecDriver.java:164) ~[classes/:?]
	at org.apache.hadoop.hive.ql.reexec.ReExecDriver.run(ReExecDriver.java:230) ~[classes/:?]
	at org.apache.hive.streaming.TestStreamingDynamicPartitioning.runDDL(TestStreamingDynamicPartitioning.java:829) ~[test-classes/:?]
	at org.apache.hive.streaming.TestStreamingDynamicPartitioning.createDbAndTable(TestStreamingDynamicPartitioning.java:885) ~[test-classes/:?]
	at org.apache.hive.streaming.TestStreamingDynamicPartitioning.setup(TestStreamingDynamicPartitioning.java:155) ~[test-classes/:?]
	at sun.reflect.NativeMethodAccessorImpl.invoke0(Native Method) ~[?:1.8.0_402]
	at sun.reflect.NativeMethodAccessorImpl.invoke(NativeMethodAccessorImpl.java:62) ~[?:1.8.0_402]
	at sun.reflect.DelegatingMethodAccessorImpl.invoke(DelegatingMethodAccessorImpl.java:43) ~[?:1.8.0_402]
	at java.lang.reflect.Method.invoke(Method.java:498) ~[?:1.8.0_402]
	at org.junit.runners.model.FrameworkMethod$1.runReflectiveCall(FrameworkMethod.java:59) ~[junit-4.13.jar:4.13]
	at org.junit.internal.runners.model.ReflectiveCallable.run(ReflectiveCallable.java:12) ~[junit-4.13.jar:4.13]
	at org.junit.runners.model.FrameworkMethod.invokeExplosively(FrameworkMethod.java:56) ~[junit-4.13.jar:4.13]
	at org.junit.internal.runners.statements.RunBefores.invokeMethod(RunBefores.java:33) ~[junit-4.13.jar:4.13]
	at org.junit.internal.runners.statements.RunBefores.evaluate(RunBefores.java:24) ~[junit-4.13.jar:4.13]
	at org.junit.internal.runners.statements.RunAfters.evaluate(RunAfters.java:27) ~[junit-4.13.jar:4.13]
	at org.junit.rules.ExternalResource$1.evaluate(ExternalResource.java:54) ~[junit-4.13.jar:4.13]
	at org.junit.runners.ParentRunner$3.evaluate(ParentRunner.java:306) ~[junit-4.13.jar:4.13]
	at org.junit.runners.BlockJUnit4ClassRunner$1.evaluate(BlockJUnit4ClassRunner.java:100) ~[junit-4.13.jar:4.13]
	at org.junit.runners.ParentRunner.runLeaf(ParentRunner.java:366) ~[junit-4.13.jar:4.13]
	at org.junit.runners.BlockJUnit4ClassRunner.runChild(BlockJUnit4ClassRunner.java:103) ~[junit-4.13.jar:4.13]
	at org.junit.runners.BlockJUnit4ClassRunner.runChild(BlockJUnit4ClassRunner.java:63) ~[junit-4.13.jar:4.13]
	at org.junit.runners.ParentRunner$4.run(ParentRunner.java:331) ~[junit-4.13.jar:4.13]
	at org.junit.runners.ParentRunner$1.schedule(ParentRunner.java:79) ~[junit-4.13.jar:4.13]
	at org.junit.runners.ParentRunner.runChildren(ParentRunner.java:329) ~[junit-4.13.jar:4.13]
	at org.junit.runners.ParentRunner.access$100(ParentRunner.java:66) ~[junit-4.13.jar:4.13]
	at org.junit.runners.ParentRunner$2.evaluate(ParentRunner.java:293) ~[junit-4.13.jar:4.13]
	at org.junit.runners.ParentRunner$3.evaluate(ParentRunner.java:306) ~[junit-4.13.jar:4.13]
	at org.junit.runners.ParentRunner.run(ParentRunner.java:413) ~[junit-4.13.jar:4.13]
	at org.junit.runner.JUnitCore.run(JUnitCore.java:137) ~[junit-4.13.jar:4.13]
	at org.junit.runner.JUnitCore.run(JUnitCore.java:115) ~[junit-4.13.jar:4.13]
	at org.junit.vintage.engine.execution.RunnerExecutor.execute(RunnerExecutor.java:43) ~[junit-vintage-engine-5.6.2.jar:5.6.2]
	at java.util.stream.ForEachOps$ForEachOp$OfRef.accept(ForEachOps.java:183) ~[?:1.8.0_402]
	at java.util.stream.ReferencePipeline$3$1.accept(ReferencePipeline.java:193) ~[?:1.8.0_402]
	at java.util.Iterator.forEachRemaining(Iterator.java:116) ~[?:1.8.0_402]
	at java.util.Spliterators$IteratorSpliterator.forEachRemaining(Spliterators.java:1801) ~[?:1.8.0_402]
	at java.util.stream.AbstractPipeline.copyInto(AbstractPipeline.java:482) ~[?:1.8.0_402]
	at java.util.stream.AbstractPipeline.wrapAndCopyInto(AbstractPipeline.java:472) ~[?:1.8.0_402]
	at java.util.stream.ForEachOps$ForEachOp.evaluateSequential(ForEachOps.java:150) ~[?:1.8.0_402]
	at java.util.stream.ForEachOps$ForEachOp$OfRef.evaluateSequential(ForEachOps.java:173) ~[?:1.8.0_402]
	at java.util.stream.AbstractPipeline.evaluate(AbstractPipeline.java:234) ~[?:1.8.0_402]
	at java.util.stream.ReferencePipeline.forEach(ReferencePipeline.java:485) ~[?:1.8.0_402]
	at org.junit.vintage.engine.VintageTestEngine.executeAllChildren(VintageTestEngine.java:82) ~[junit-vintage-engine-5.6.2.jar:5.6.2]
	at org.junit.vintage.engine.VintageTestEngine.execute(VintageTestEngine.java:73) ~[junit-vintage-engine-5.6.2.jar:5.6.2]
	at org.junit.platform.launcher.core.DefaultLauncher.execute(DefaultLauncher.java:248) ~[junit-platform-launcher-1.6.2.jar:1.6.2]
	at org.junit.platform.launcher.core.DefaultLauncher.lambda$execute$5(DefaultLauncher.java:211) ~[junit-platform-launcher-1.6.2.jar:1.6.2]
	at org.junit.platform.launcher.core.DefaultLauncher.withInterceptedStreams(DefaultLauncher.java:226) [junit-platform-launcher-1.6.2.jar:1.6.2]
	at org.junit.platform.launcher.core.DefaultLauncher.execute(DefaultLauncher.java:199) [junit-platform-launcher-1.6.2.jar:1.6.2]
	at org.junit.platform.launcher.core.DefaultLauncher.execute(DefaultLauncher.java:132) [junit-platform-launcher-1.6.2.jar:1.6.2]
	at org.apache.maven.surefire.junitplatform.JUnitPlatformProvider.invokeAllTests(JUnitPlatformProvider.java:154) [surefire-junit-platform-3.0.0-M4.jar:3.0.0-M4]
	at org.apache.maven.surefire.junitplatform.JUnitPlatformProvider.invoke(JUnitPlatformProvider.java:123) [surefire-junit-platform-3.0.0-M4.jar:3.0.0-M4]
	at org.apache.maven.surefire.booter.ForkedBooter.runSuitesInProcess(ForkedBooter.java:377) [surefire-booter-3.0.0-M4.jar:3.0.0-M4]
	at org.apache.maven.surefire.booter.ForkedBooter.execute(ForkedBooter.java:138) [surefire-booter-3.0.0-M4.jar:3.0.0-M4]
	at org.apache.maven.surefire.booter.ForkedBooter.run(ForkedBooter.java:465) [surefire-booter-3.0.0-M4.jar:3.0.0-M4]
	at org.apache.maven.surefire.booter.ForkedBooter.main(ForkedBooter.java:451) [surefire-booter-3.0.0-M4.jar:3.0.0-M4]
Caused by: org.apache.hadoop.hive.metastore.api.AlreadyExistsException: Table hive.default.alerts already exists
	at org.apache.hadoop.hive.metastore.HMSHandler.create_table_core(HMSHandler.java:2339) ~[classes/:?]
	at org.apache.hadoop.hive.metastore.HMSHandler.create_table_req(HMSHandler.java:2598) ~[classes/:?]
	at sun.reflect.NativeMethodAccessorImpl.invoke0(Native Method) ~[?:1.8.0_402]
	at sun.reflect.NativeMethodAccessorImpl.invoke(NativeMethodAccessorImpl.java:62) ~[?:1.8.0_402]
	at sun.reflect.DelegatingMethodAccessorImpl.invoke(DelegatingMethodAccessorImpl.java:43) ~[?:1.8.0_402]
	at java.lang.reflect.Method.invoke(Method.java:498) ~[?:1.8.0_402]
	at org.apache.hadoop.hive.metastore.RetryingHMSHandler.invokeInternal(RetryingHMSHandler.java:147) ~[classes/:?]
	at org.apache.hadoop.hive.metastore.RetryingHMSHandler.invoke(RetryingHMSHandler.java:108) ~[classes/:?]
	at com.sun.proxy.$Proxy38.create_table_req(Unknown Source) ~[?:?]
	at org.apache.hadoop.hive.metastore.HiveMetaStoreClient.create_table_with_environment_context(HiveMetaStoreClient.java:4408) ~[classes/:?]
	at org.apache.hadoop.hive.ql.metadata.SessionHiveMetaStoreClient.create_table_with_environment_context(SessionHiveMetaStoreClient.java:182) ~[classes/:?]
	at org.apache.hadoop.hive.metastore.HiveMetaStoreClient.createTable(HiveMetaStoreClient.java:1260) ~[classes/:?]
	at org.apache.hadoop.hive.metastore.HiveMetaStoreClient.createTable(HiveMetaStoreClient.java:1245) ~[classes/:?]
	at sun.reflect.NativeMethodAccessorImpl.invoke0(Native Method) ~[?:1.8.0_402]
	at sun.reflect.NativeMethodAccessorImpl.invoke(NativeMethodAccessorImpl.java:62) ~[?:1.8.0_402]
	at sun.reflect.DelegatingMethodAccessorImpl.invoke(DelegatingMethodAccessorImpl.java:43) ~[?:1.8.0_402]
	at java.lang.reflect.Method.invoke(Method.java:498) ~[?:1.8.0_402]
	at org.apache.hadoop.hive.metastore.RetryingMetaStoreClient.invoke(RetryingMetaStoreClient.java:218) ~[classes/:?]
	at com.sun.proxy.$Proxy47.createTable(Unknown Source) ~[?:?]
	at org.apache.hadoop.hive.ql.metadata.Hive.createTable(Hive.java:1290) ~[classes/:?]
	... 68 more
2024-04-24T12:35:26,822  INFO [main] reexec.ReOptimizePlugin: ReOptimization: retryPossible: false
2024-04-24T12:35:26,822  INFO [main] reexec.ReExecuteLostAMQueryPlugin: Got exception message: AlreadyExistsException(message:Table hive.default.alerts already exists) retryPossible: false
2024-04-24T12:35:26,822  INFO [main] reexec.ReExecutionDagSubmitPlugin: Got exception message: AlreadyExistsException(message:Table hive.default.alerts already exists) retryPossible: false
FAILED: Execution Error, return code 40000 from org.apache.hadoop.hive.ql.ddl.DDLTask. AlreadyExistsException(message:Table hive.default.alerts already exists)
2024-04-24T12:35:26,822 ERROR [main] ql.Driver: FAILED: Execution Error, return code 40000 from org.apache.hadoop.hive.ql.ddl.DDLTask. AlreadyExistsException(message:Table hive.default.alerts already exists)
2024-04-24T12:35:26,823  INFO [main] metadata.Hive: Dumping metastore api call timing information for : execution phase
2024-04-24T12:35:26,823  INFO [main] metadata.Hive: Total time spent in each metastore function (ms): {isCompatibleWith_(Configuration)=0}
2024-04-24T12:35:26,823  INFO [main] ql.Driver: Completed executing command(queryId=alex_20240424123526_51aff6d9-a92e-41e6-a81f-072d6127c419); Time taken: 0.016 seconds
2024-04-24T12:35:26,823  INFO [main] lockmgr.DbTxnManager: Stopped heartbeat for query: alex_20240424123526_51aff6d9-a92e-41e6-a81f-072d6127c419
2024-04-24T12:35:26,824  INFO [main] txn.TxnHandler: Removed transactions: ([2]) from MIN_HISTORY_LEVEL
2024-04-24T12:35:26,829 ERROR [main] streaming.TestStreamingDynamicPartitioning: Statement: create table alerts ( id int,msg string ) partitioned by (Continent string,Country string ) clustered by ( id ) into 1 buckets  stored as orc  location 'raw:///home/alex/Repositories/hive/streaming/target/tmp/junit2384253054040464296/testing.db/alerts' TBLPROPERTIES ('transactional'='true')  failed: (responseCode = 40000, errorMessage = FAILED: Execution Error, return code 40000 from org.apache.hadoop.hive.ql.ddl.DDLTask. AlreadyExistsException(message:Table hive.default.alerts already exists), hiveErrorCode = 40000, SQLState = 08S01, exception = AlreadyExistsException(message:Table hive.default.alerts already exists))
2024-04-24T12:35:26,829  INFO [main] HiveMetaStore.audit: ugi=alex	ip=unknown-ip-addr	cmd=get_table_names_by_filter: db = @hive#testing2, filter = 	
2024-04-24T12:35:26,831  INFO [main] HiveMetaStore.audit: ugi=alex	ip=unknown-ip-addr	cmd=get_database: testing2	
2024-04-24T12:35:26,833  INFO [main] ql.Driver: Compiling command(queryId=alex_20240424123526_51aff6d9-a92e-41e6-a81f-072d6127c419): create database IF NOT EXISTS testing5 location 'raw:///home/alex/Repositories/hive/streaming/target/tmp/junit8411722794324812784/testing5.db'
2024-04-24T12:35:26,838  INFO [main] txn.TxnHandler: Added entries to MIN_HISTORY_LEVEL for current txns: ([3]) with min_open_txn: 1
2024-04-24T12:35:26,839  INFO [main] lockmgr.DbTxnManager: Opened txnid:3
2024-04-24T12:35:26,840  INFO [main] ql.Driver: Semantic Analysis Completed (retrial = false)
2024-04-24T12:35:26,840  INFO [main] ql.Driver: Created Hive schema: Schema(fieldSchemas:null, properties:null)
2024-04-24T12:35:26,840  INFO [main] metadata.Hive: Dumping metastore api call timing information for : compilation phase
2024-04-24T12:35:26,841  INFO [main] metadata.Hive: Total time spent in each metastore function (ms): {openTxn_(String, TxnType)=2, getValidTxns_(long)=1, rollbackTxn_(long)=5, flushCache_()=0, isCompatibleWith_(Configuration)=2}
2024-04-24T12:35:26,841  INFO [main] ql.Driver: Completed compiling command(queryId=alex_20240424123526_51aff6d9-a92e-41e6-a81f-072d6127c419); Time taken: 0.007 seconds
2024-04-24T12:35:26,841  INFO [main] reexec.ReExecDriver: Execution #1 of query
2024-04-24T12:35:26,841  INFO [main] lockmgr.DbTxnManager: Setting lock request transaction to txnid:3 for queryId=alex_20240424123526_51aff6d9-a92e-41e6-a81f-072d6127c419
2024-04-24T12:35:26,842  INFO [main] ql.Driver: Operation CREATEDATABASE obtained 0 locks
2024-04-24T12:35:26,842  INFO [main] ql.Driver: Executing command(queryId=alex_20240424123526_51aff6d9-a92e-41e6-a81f-072d6127c419): create database IF NOT EXISTS testing5 location 'raw:///home/alex/Repositories/hive/streaming/target/tmp/junit8411722794324812784/testing5.db'
PREHOOK: query: create database IF NOT EXISTS testing5 location 'raw:///home/alex/Repositories/hive/streaming/target/tmp/junit8411722794324812784/testing5.db'
2024-04-24T12:35:26,842  INFO [main] SessionState: PREHOOK: query: create database IF NOT EXISTS testing5 location 'raw:///home/alex/Repositories/hive/streaming/target/tmp/junit8411722794324812784/testing5.db'
PREHOOK: type: CREATEDATABASE
2024-04-24T12:35:26,842  INFO [main] SessionState: PREHOOK: type: CREATEDATABASE
PREHOOK: Output: database:testing5
2024-04-24T12:35:26,842  INFO [main] SessionState: PREHOOK: Output: database:testing5
PREHOOK: Output: raw:/home/alex/Repositories/hive/streaming/target/tmp/junit8411722794324812784/testing5.db
2024-04-24T12:35:26,842  INFO [main] SessionState: PREHOOK: Output: raw:/home/alex/Repositories/hive/streaming/target/tmp/junit8411722794324812784/testing5.db
2024-04-24T12:35:26,842  INFO [main] ql.Driver: Starting task [Stage-0:DDL] in serial mode
2024-04-24T12:35:26,843  INFO [main] HiveMetaStore.audit: ugi=alex	ip=unknown-ip-addr	cmd=create_database: Database(name:testing5, description:null, locationUri:raw:/home/alex/Repositories/hive/streaming/target/tmp/junit8411722794324812784/testing5.db, parameters:null, ownerName:alex, ownerType:USER, catalogName:hive, managedLocationUri:pfile:/home/alex/Repositories/hive/streaming/target/warehouse/testing5.db, type:NATIVE)	
2024-04-24T12:35:26,850 ERROR [main] metastore.RetryingHMSHandler: MetaException(message:Unable to create database managed directory pfile:/home/alex/Repositories/hive/streaming/target/warehouse/testing5.db, failed to create database testing5)
	at org.apache.hadoop.hive.metastore.HMSHandler.create_database_core(HMSHandler.java:1366)
	at org.apache.hadoop.hive.metastore.HMSHandler.create_database(HMSHandler.java:1486)
	at sun.reflect.NativeMethodAccessorImpl.invoke0(Native Method)
	at sun.reflect.NativeMethodAccessorImpl.invoke(NativeMethodAccessorImpl.java:62)
	at sun.reflect.DelegatingMethodAccessorImpl.invoke(DelegatingMethodAccessorImpl.java:43)
	at java.lang.reflect.Method.invoke(Method.java:498)
	at org.apache.hadoop.hive.metastore.RetryingHMSHandler.invokeInternal(RetryingHMSHandler.java:147)
	at org.apache.hadoop.hive.metastore.RetryingHMSHandler.invoke(RetryingHMSHandler.java:108)
	at com.sun.proxy.$Proxy38.create_database(Unknown Source)
	at org.apache.hadoop.hive.metastore.HiveMetaStoreClient.createDatabase(HiveMetaStoreClient.java:1151)
	at sun.reflect.NativeMethodAccessorImpl.invoke0(Native Method)
	at sun.reflect.NativeMethodAccessorImpl.invoke(NativeMethodAccessorImpl.java:62)
	at sun.reflect.DelegatingMethodAccessorImpl.invoke(DelegatingMethodAccessorImpl.java:43)
	at java.lang.reflect.Method.invoke(Method.java:498)
	at org.apache.hadoop.hive.metastore.RetryingMetaStoreClient.invoke(RetryingMetaStoreClient.java:218)
	at com.sun.proxy.$Proxy47.createDatabase(Unknown Source)
	at org.apache.hadoop.hive.ql.metadata.Hive.createDatabase(Hive.java:605)
	at org.apache.hadoop.hive.ql.ddl.database.create.CreateDatabaseOperation.execute(CreateDatabaseOperation.java:68)
	at org.apache.hadoop.hive.ql.ddl.DDLTask.execute(DDLTask.java:84)
	at org.apache.hadoop.hive.ql.exec.Task.executeTask(Task.java:212)
	at org.apache.hadoop.hive.ql.exec.TaskRunner.runSequential(TaskRunner.java:105)
	at org.apache.hadoop.hive.ql.Executor.launchTask(Executor.java:361)
	at org.apache.hadoop.hive.ql.Executor.launchTasks(Executor.java:334)
	at org.apache.hadoop.hive.ql.Executor.runTasks(Executor.java:245)
	at org.apache.hadoop.hive.ql.Executor.execute(Executor.java:108)
	at org.apache.hadoop.hive.ql.Driver.execute(Driver.java:348)
	at org.apache.hadoop.hive.ql.Driver.runInternal(Driver.java:204)
	at org.apache.hadoop.hive.ql.Driver.run(Driver.java:153)
	at org.apache.hadoop.hive.ql.Driver.run(Driver.java:148)
	at org.apache.hadoop.hive.ql.reexec.ReExecDriver.run(ReExecDriver.java:164)
	at org.apache.hadoop.hive.ql.reexec.ReExecDriver.run(ReExecDriver.java:230)
	at org.apache.hive.streaming.TestStreamingDynamicPartitioning.runDDL(TestStreamingDynamicPartitioning.java:829)
	at org.apache.hive.streaming.TestStreamingDynamicPartitioning.createStoreSales(TestStreamingDynamicPartitioning.java:177)
	at org.apache.hive.streaming.TestStreamingDynamicPartitioning.setup(TestStreamingDynamicPartitioning.java:160)
	at sun.reflect.NativeMethodAccessorImpl.invoke0(Native Method)
	at sun.reflect.NativeMethodAccessorImpl.invoke(NativeMethodAccessorImpl.java:62)
	at sun.reflect.DelegatingMethodAccessorImpl.invoke(DelegatingMethodAccessorImpl.java:43)
	at java.lang.reflect.Method.invoke(Method.java:498)
	at org.junit.runners.model.FrameworkMethod$1.runReflectiveCall(FrameworkMethod.java:59)
	at org.junit.internal.runners.model.ReflectiveCallable.run(ReflectiveCallable.java:12)
	at org.junit.runners.model.FrameworkMethod.invokeExplosively(FrameworkMethod.java:56)
	at org.junit.internal.runners.statements.RunBefores.invokeMethod(RunBefores.java:33)
	at org.junit.internal.runners.statements.RunBefores.evaluate(RunBefores.java:24)
	at org.junit.internal.runners.statements.RunAfters.evaluate(RunAfters.java:27)
	at org.junit.rules.ExternalResource$1.evaluate(ExternalResource.java:54)
	at org.junit.runners.ParentRunner$3.evaluate(ParentRunner.java:306)
	at org.junit.runners.BlockJUnit4ClassRunner$1.evaluate(BlockJUnit4ClassRunner.java:100)
	at org.junit.runners.ParentRunner.runLeaf(ParentRunner.java:366)
	at org.junit.runners.BlockJUnit4ClassRunner.runChild(BlockJUnit4ClassRunner.java:103)
	at org.junit.runners.BlockJUnit4ClassRunner.runChild(BlockJUnit4ClassRunner.java:63)
	at org.junit.runners.ParentRunner$4.run(ParentRunner.java:331)
	at org.junit.runners.ParentRunner$1.schedule(ParentRunner.java:79)
	at org.junit.runners.ParentRunner.runChildren(ParentRunner.java:329)
	at org.junit.runners.ParentRunner.access$100(ParentRunner.java:66)
	at org.junit.runners.ParentRunner$2.evaluate(ParentRunner.java:293)
	at org.junit.runners.ParentRunner$3.evaluate(ParentRunner.java:306)
	at org.junit.runners.ParentRunner.run(ParentRunner.java:413)
	at org.junit.runner.JUnitCore.run(JUnitCore.java:137)
	at org.junit.runner.JUnitCore.run(JUnitCore.java:115)
	at org.junit.vintage.engine.execution.RunnerExecutor.execute(RunnerExecutor.java:43)
	at java.util.stream.ForEachOps$ForEachOp$OfRef.accept(ForEachOps.java:183)
	at java.util.stream.ReferencePipeline$3$1.accept(ReferencePipeline.java:193)
	at java.util.Iterator.forEachRemaining(Iterator.java:116)
	at java.util.Spliterators$IteratorSpliterator.forEachRemaining(Spliterators.java:1801)
	at java.util.stream.AbstractPipeline.copyInto(AbstractPipeline.java:482)
	at java.util.stream.AbstractPipeline.wrapAndCopyInto(AbstractPipeline.java:472)
	at java.util.stream.ForEachOps$ForEachOp.evaluateSequential(ForEachOps.java:150)
	at java.util.stream.ForEachOps$ForEachOp$OfRef.evaluateSequential(ForEachOps.java:173)
	at java.util.stream.AbstractPipeline.evaluate(AbstractPipeline.java:234)
	at java.util.stream.ReferencePipeline.forEach(ReferencePipeline.java:485)
	at org.junit.vintage.engine.VintageTestEngine.executeAllChildren(VintageTestEngine.java:82)
	at org.junit.vintage.engine.VintageTestEngine.execute(VintageTestEngine.java:73)
	at org.junit.platform.launcher.core.DefaultLauncher.execute(DefaultLauncher.java:248)
	at org.junit.platform.launcher.core.DefaultLauncher.lambda$execute$5(DefaultLauncher.java:211)
	at org.junit.platform.launcher.core.DefaultLauncher.withInterceptedStreams(DefaultLauncher.java:226)
	at org.junit.platform.launcher.core.DefaultLauncher.execute(DefaultLauncher.java:199)
	at org.junit.platform.launcher.core.DefaultLauncher.execute(DefaultLauncher.java:132)
	at org.apache.maven.surefire.junitplatform.JUnitPlatformProvider.invokeAllTests(JUnitPlatformProvider.java:154)
	at org.apache.maven.surefire.junitplatform.JUnitPlatformProvider.invoke(JUnitPlatformProvider.java:123)
	at org.apache.maven.surefire.booter.ForkedBooter.runSuitesInProcess(ForkedBooter.java:377)
	at org.apache.maven.surefire.booter.ForkedBooter.execute(ForkedBooter.java:138)
	at org.apache.maven.surefire.booter.ForkedBooter.run(ForkedBooter.java:465)
	at org.apache.maven.surefire.booter.ForkedBooter.main(ForkedBooter.java:451)

2024-04-24T12:35:26,851 ERROR [main] exec.Task: Failed
org.apache.hadoop.hive.ql.metadata.HiveException: MetaException(message:Unable to create database managed directory pfile:/home/alex/Repositories/hive/streaming/target/warehouse/testing5.db, failed to create database testing5)
	at org.apache.hadoop.hive.ql.metadata.Hive.createDatabase(Hive.java:611) ~[classes/:?]
	at org.apache.hadoop.hive.ql.ddl.database.create.CreateDatabaseOperation.execute(CreateDatabaseOperation.java:68) ~[classes/:?]
	at org.apache.hadoop.hive.ql.ddl.DDLTask.execute(DDLTask.java:84) ~[classes/:?]
	at org.apache.hadoop.hive.ql.exec.Task.executeTask(Task.java:212) ~[classes/:?]
	at org.apache.hadoop.hive.ql.exec.TaskRunner.runSequential(TaskRunner.java:105) ~[classes/:?]
	at org.apache.hadoop.hive.ql.Executor.launchTask(Executor.java:361) ~[classes/:?]
	at org.apache.hadoop.hive.ql.Executor.launchTasks(Executor.java:334) ~[classes/:?]
	at org.apache.hadoop.hive.ql.Executor.runTasks(Executor.java:245) ~[classes/:?]
	at org.apache.hadoop.hive.ql.Executor.execute(Executor.java:108) ~[classes/:?]
	at org.apache.hadoop.hive.ql.Driver.execute(Driver.java:348) ~[classes/:?]
	at org.apache.hadoop.hive.ql.Driver.runInternal(Driver.java:204) ~[classes/:?]
	at org.apache.hadoop.hive.ql.Driver.run(Driver.java:153) ~[classes/:?]
	at org.apache.hadoop.hive.ql.Driver.run(Driver.java:148) ~[classes/:?]
	at org.apache.hadoop.hive.ql.reexec.ReExecDriver.run(ReExecDriver.java:164) ~[classes/:?]
	at org.apache.hadoop.hive.ql.reexec.ReExecDriver.run(ReExecDriver.java:230) ~[classes/:?]
	at org.apache.hive.streaming.TestStreamingDynamicPartitioning.runDDL(TestStreamingDynamicPartitioning.java:829) ~[test-classes/:?]
	at org.apache.hive.streaming.TestStreamingDynamicPartitioning.createStoreSales(TestStreamingDynamicPartitioning.java:177) ~[test-classes/:?]
	at org.apache.hive.streaming.TestStreamingDynamicPartitioning.setup(TestStreamingDynamicPartitioning.java:160) ~[test-classes/:?]
	at sun.reflect.NativeMethodAccessorImpl.invoke0(Native Method) ~[?:1.8.0_402]
	at sun.reflect.NativeMethodAccessorImpl.invoke(NativeMethodAccessorImpl.java:62) ~[?:1.8.0_402]
	at sun.reflect.DelegatingMethodAccessorImpl.invoke(DelegatingMethodAccessorImpl.java:43) ~[?:1.8.0_402]
	at java.lang.reflect.Method.invoke(Method.java:498) ~[?:1.8.0_402]
	at org.junit.runners.model.FrameworkMethod$1.runReflectiveCall(FrameworkMethod.java:59) ~[junit-4.13.jar:4.13]
	at org.junit.internal.runners.model.ReflectiveCallable.run(ReflectiveCallable.java:12) ~[junit-4.13.jar:4.13]
	at org.junit.runners.model.FrameworkMethod.invokeExplosively(FrameworkMethod.java:56) ~[junit-4.13.jar:4.13]
	at org.junit.internal.runners.statements.RunBefores.invokeMethod(RunBefores.java:33) ~[junit-4.13.jar:4.13]
	at org.junit.internal.runners.statements.RunBefores.evaluate(RunBefores.java:24) ~[junit-4.13.jar:4.13]
	at org.junit.internal.runners.statements.RunAfters.evaluate(RunAfters.java:27) ~[junit-4.13.jar:4.13]
	at org.junit.rules.ExternalResource$1.evaluate(ExternalResource.java:54) ~[junit-4.13.jar:4.13]
	at org.junit.runners.ParentRunner$3.evaluate(ParentRunner.java:306) ~[junit-4.13.jar:4.13]
	at org.junit.runners.BlockJUnit4ClassRunner$1.evaluate(BlockJUnit4ClassRunner.java:100) ~[junit-4.13.jar:4.13]
	at org.junit.runners.ParentRunner.runLeaf(ParentRunner.java:366) ~[junit-4.13.jar:4.13]
	at org.junit.runners.BlockJUnit4ClassRunner.runChild(BlockJUnit4ClassRunner.java:103) ~[junit-4.13.jar:4.13]
	at org.junit.runners.BlockJUnit4ClassRunner.runChild(BlockJUnit4ClassRunner.java:63) ~[junit-4.13.jar:4.13]
	at org.junit.runners.ParentRunner$4.run(ParentRunner.java:331) ~[junit-4.13.jar:4.13]
	at org.junit.runners.ParentRunner$1.schedule(ParentRunner.java:79) ~[junit-4.13.jar:4.13]
	at org.junit.runners.ParentRunner.runChildren(ParentRunner.java:329) ~[junit-4.13.jar:4.13]
	at org.junit.runners.ParentRunner.access$100(ParentRunner.java:66) ~[junit-4.13.jar:4.13]
	at org.junit.runners.ParentRunner$2.evaluate(ParentRunner.java:293) ~[junit-4.13.jar:4.13]
	at org.junit.runners.ParentRunner$3.evaluate(ParentRunner.java:306) ~[junit-4.13.jar:4.13]
	at org.junit.runners.ParentRunner.run(ParentRunner.java:413) ~[junit-4.13.jar:4.13]
	at org.junit.runner.JUnitCore.run(JUnitCore.java:137) ~[junit-4.13.jar:4.13]
	at org.junit.runner.JUnitCore.run(JUnitCore.java:115) ~[junit-4.13.jar:4.13]
	at org.junit.vintage.engine.execution.RunnerExecutor.execute(RunnerExecutor.java:43) ~[junit-vintage-engine-5.6.2.jar:5.6.2]
	at java.util.stream.ForEachOps$ForEachOp$OfRef.accept(ForEachOps.java:183) ~[?:1.8.0_402]
	at java.util.stream.ReferencePipeline$3$1.accept(ReferencePipeline.java:193) ~[?:1.8.0_402]
	at java.util.Iterator.forEachRemaining(Iterator.java:116) ~[?:1.8.0_402]
	at java.util.Spliterators$IteratorSpliterator.forEachRemaining(Spliterators.java:1801) ~[?:1.8.0_402]
	at java.util.stream.AbstractPipeline.copyInto(AbstractPipeline.java:482) ~[?:1.8.0_402]
	at java.util.stream.AbstractPipeline.wrapAndCopyInto(AbstractPipeline.java:472) ~[?:1.8.0_402]
	at java.util.stream.ForEachOps$ForEachOp.evaluateSequential(ForEachOps.java:150) ~[?:1.8.0_402]
	at java.util.stream.ForEachOps$ForEachOp$OfRef.evaluateSequential(ForEachOps.java:173) ~[?:1.8.0_402]
	at java.util.stream.AbstractPipeline.evaluate(AbstractPipeline.java:234) ~[?:1.8.0_402]
	at java.util.stream.ReferencePipeline.forEach(ReferencePipeline.java:485) ~[?:1.8.0_402]
	at org.junit.vintage.engine.VintageTestEngine.executeAllChildren(VintageTestEngine.java:82) ~[junit-vintage-engine-5.6.2.jar:5.6.2]
	at org.junit.vintage.engine.VintageTestEngine.execute(VintageTestEngine.java:73) ~[junit-vintage-engine-5.6.2.jar:5.6.2]
	at org.junit.platform.launcher.core.DefaultLauncher.execute(DefaultLauncher.java:248) ~[junit-platform-launcher-1.6.2.jar:1.6.2]
	at org.junit.platform.launcher.core.DefaultLauncher.lambda$execute$5(DefaultLauncher.java:211) ~[junit-platform-launcher-1.6.2.jar:1.6.2]
	at org.junit.platform.launcher.core.DefaultLauncher.withInterceptedStreams(DefaultLauncher.java:226) [junit-platform-launcher-1.6.2.jar:1.6.2]
	at org.junit.platform.launcher.core.DefaultLauncher.execute(DefaultLauncher.java:199) [junit-platform-launcher-1.6.2.jar:1.6.2]
	at org.junit.platform.launcher.core.DefaultLauncher.execute(DefaultLauncher.java:132) [junit-platform-launcher-1.6.2.jar:1.6.2]
	at org.apache.maven.surefire.junitplatform.JUnitPlatformProvider.invokeAllTests(JUnitPlatformProvider.java:154) [surefire-junit-platform-3.0.0-M4.jar:3.0.0-M4]
	at org.apache.maven.surefire.junitplatform.JUnitPlatformProvider.invoke(JUnitPlatformProvider.java:123) [surefire-junit-platform-3.0.0-M4.jar:3.0.0-M4]
	at org.apache.maven.surefire.booter.ForkedBooter.runSuitesInProcess(ForkedBooter.java:377) [surefire-booter-3.0.0-M4.jar:3.0.0-M4]
	at org.apache.maven.surefire.booter.ForkedBooter.execute(ForkedBooter.java:138) [surefire-booter-3.0.0-M4.jar:3.0.0-M4]
	at org.apache.maven.surefire.booter.ForkedBooter.run(ForkedBooter.java:465) [surefire-booter-3.0.0-M4.jar:3.0.0-M4]
	at org.apache.maven.surefire.booter.ForkedBooter.main(ForkedBooter.java:451) [surefire-booter-3.0.0-M4.jar:3.0.0-M4]
Caused by: org.apache.hadoop.hive.metastore.api.MetaException: Unable to create database managed directory pfile:/home/alex/Repositories/hive/streaming/target/warehouse/testing5.db, failed to create database testing5
	at org.apache.hadoop.hive.metastore.HMSHandler.create_database_core(HMSHandler.java:1366) ~[classes/:?]
	at org.apache.hadoop.hive.metastore.HMSHandler.create_database(HMSHandler.java:1486) ~[classes/:?]
	at sun.reflect.NativeMethodAccessorImpl.invoke0(Native Method) ~[?:1.8.0_402]
	at sun.reflect.NativeMethodAccessorImpl.invoke(NativeMethodAccessorImpl.java:62) ~[?:1.8.0_402]
	at sun.reflect.DelegatingMethodAccessorImpl.invoke(DelegatingMethodAccessorImpl.java:43) ~[?:1.8.0_402]
	at java.lang.reflect.Method.invoke(Method.java:498) ~[?:1.8.0_402]
	at org.apache.hadoop.hive.metastore.RetryingHMSHandler.invokeInternal(RetryingHMSHandler.java:147) ~[classes/:?]
	at org.apache.hadoop.hive.metastore.RetryingHMSHandler.invoke(RetryingHMSHandler.java:108) ~[classes/:?]
	at com.sun.proxy.$Proxy38.create_database(Unknown Source) ~[?:?]
	at org.apache.hadoop.hive.metastore.HiveMetaStoreClient.createDatabase(HiveMetaStoreClient.java:1151) ~[classes/:?]
	at sun.reflect.NativeMethodAccessorImpl.invoke0(Native Method) ~[?:1.8.0_402]
	at sun.reflect.NativeMethodAccessorImpl.invoke(NativeMethodAccessorImpl.java:62) ~[?:1.8.0_402]
	at sun.reflect.DelegatingMethodAccessorImpl.invoke(DelegatingMethodAccessorImpl.java:43) ~[?:1.8.0_402]
	at java.lang.reflect.Method.invoke(Method.java:498) ~[?:1.8.0_402]
	at org.apache.hadoop.hive.metastore.RetryingMetaStoreClient.invoke(RetryingMetaStoreClient.java:218) ~[classes/:?]
	at com.sun.proxy.$Proxy47.createDatabase(Unknown Source) ~[?:?]
	at org.apache.hadoop.hive.ql.metadata.Hive.createDatabase(Hive.java:605) ~[classes/:?]
	... 66 more
2024-04-24T12:35:26,852 ERROR [main] exec.Task: DDLTask failed, DDL Operation: class org.apache.hadoop.hive.ql.ddl.database.create.CreateDatabaseOperation
org.apache.hadoop.hive.ql.metadata.HiveException: MetaException(message:Unable to create database managed directory pfile:/home/alex/Repositories/hive/streaming/target/warehouse/testing5.db, failed to create database testing5)
	at org.apache.hadoop.hive.ql.metadata.Hive.createDatabase(Hive.java:611) ~[classes/:?]
	at org.apache.hadoop.hive.ql.ddl.database.create.CreateDatabaseOperation.execute(CreateDatabaseOperation.java:68) ~[classes/:?]
	at org.apache.hadoop.hive.ql.ddl.DDLTask.execute(DDLTask.java:84) ~[classes/:?]
	at org.apache.hadoop.hive.ql.exec.Task.executeTask(Task.java:212) ~[classes/:?]
	at org.apache.hadoop.hive.ql.exec.TaskRunner.runSequential(TaskRunner.java:105) ~[classes/:?]
	at org.apache.hadoop.hive.ql.Executor.launchTask(Executor.java:361) ~[classes/:?]
	at org.apache.hadoop.hive.ql.Executor.launchTasks(Executor.java:334) ~[classes/:?]
	at org.apache.hadoop.hive.ql.Executor.runTasks(Executor.java:245) ~[classes/:?]
	at org.apache.hadoop.hive.ql.Executor.execute(Executor.java:108) ~[classes/:?]
	at org.apache.hadoop.hive.ql.Driver.execute(Driver.java:348) ~[classes/:?]
	at org.apache.hadoop.hive.ql.Driver.runInternal(Driver.java:204) ~[classes/:?]
	at org.apache.hadoop.hive.ql.Driver.run(Driver.java:153) ~[classes/:?]
	at org.apache.hadoop.hive.ql.Driver.run(Driver.java:148) ~[classes/:?]
	at org.apache.hadoop.hive.ql.reexec.ReExecDriver.run(ReExecDriver.java:164) ~[classes/:?]
	at org.apache.hadoop.hive.ql.reexec.ReExecDriver.run(ReExecDriver.java:230) ~[classes/:?]
	at org.apache.hive.streaming.TestStreamingDynamicPartitioning.runDDL(TestStreamingDynamicPartitioning.java:829) ~[test-classes/:?]
	at org.apache.hive.streaming.TestStreamingDynamicPartitioning.createStoreSales(TestStreamingDynamicPartitioning.java:177) ~[test-classes/:?]
	at org.apache.hive.streaming.TestStreamingDynamicPartitioning.setup(TestStreamingDynamicPartitioning.java:160) ~[test-classes/:?]
	at sun.reflect.NativeMethodAccessorImpl.invoke0(Native Method) ~[?:1.8.0_402]
	at sun.reflect.NativeMethodAccessorImpl.invoke(NativeMethodAccessorImpl.java:62) ~[?:1.8.0_402]
	at sun.reflect.DelegatingMethodAccessorImpl.invoke(DelegatingMethodAccessorImpl.java:43) ~[?:1.8.0_402]
	at java.lang.reflect.Method.invoke(Method.java:498) ~[?:1.8.0_402]
	at org.junit.runners.model.FrameworkMethod$1.runReflectiveCall(FrameworkMethod.java:59) ~[junit-4.13.jar:4.13]
	at org.junit.internal.runners.model.ReflectiveCallable.run(ReflectiveCallable.java:12) ~[junit-4.13.jar:4.13]
	at org.junit.runners.model.FrameworkMethod.invokeExplosively(FrameworkMethod.java:56) ~[junit-4.13.jar:4.13]
	at org.junit.internal.runners.statements.RunBefores.invokeMethod(RunBefores.java:33) ~[junit-4.13.jar:4.13]
	at org.junit.internal.runners.statements.RunBefores.evaluate(RunBefores.java:24) ~[junit-4.13.jar:4.13]
	at org.junit.internal.runners.statements.RunAfters.evaluate(RunAfters.java:27) ~[junit-4.13.jar:4.13]
	at org.junit.rules.ExternalResource$1.evaluate(ExternalResource.java:54) ~[junit-4.13.jar:4.13]
	at org.junit.runners.ParentRunner$3.evaluate(ParentRunner.java:306) ~[junit-4.13.jar:4.13]
	at org.junit.runners.BlockJUnit4ClassRunner$1.evaluate(BlockJUnit4ClassRunner.java:100) ~[junit-4.13.jar:4.13]
	at org.junit.runners.ParentRunner.runLeaf(ParentRunner.java:366) ~[junit-4.13.jar:4.13]
	at org.junit.runners.BlockJUnit4ClassRunner.runChild(BlockJUnit4ClassRunner.java:103) ~[junit-4.13.jar:4.13]
	at org.junit.runners.BlockJUnit4ClassRunner.runChild(BlockJUnit4ClassRunner.java:63) ~[junit-4.13.jar:4.13]
	at org.junit.runners.ParentRunner$4.run(ParentRunner.java:331) ~[junit-4.13.jar:4.13]
	at org.junit.runners.ParentRunner$1.schedule(ParentRunner.java:79) ~[junit-4.13.jar:4.13]
	at org.junit.runners.ParentRunner.runChildren(ParentRunner.java:329) ~[junit-4.13.jar:4.13]
	at org.junit.runners.ParentRunner.access$100(ParentRunner.java:66) ~[junit-4.13.jar:4.13]
	at org.junit.runners.ParentRunner$2.evaluate(ParentRunner.java:293) ~[junit-4.13.jar:4.13]
	at org.junit.runners.ParentRunner$3.evaluate(ParentRunner.java:306) ~[junit-4.13.jar:4.13]
	at org.junit.runners.ParentRunner.run(ParentRunner.java:413) ~[junit-4.13.jar:4.13]
	at org.junit.runner.JUnitCore.run(JUnitCore.java:137) ~[junit-4.13.jar:4.13]
	at org.junit.runner.JUnitCore.run(JUnitCore.java:115) ~[junit-4.13.jar:4.13]
	at org.junit.vintage.engine.execution.RunnerExecutor.execute(RunnerExecutor.java:43) ~[junit-vintage-engine-5.6.2.jar:5.6.2]
	at java.util.stream.ForEachOps$ForEachOp$OfRef.accept(ForEachOps.java:183) ~[?:1.8.0_402]
	at java.util.stream.ReferencePipeline$3$1.accept(ReferencePipeline.java:193) ~[?:1.8.0_402]
	at java.util.Iterator.forEachRemaining(Iterator.java:116) ~[?:1.8.0_402]
	at java.util.Spliterators$IteratorSpliterator.forEachRemaining(Spliterators.java:1801) ~[?:1.8.0_402]
	at java.util.stream.AbstractPipeline.copyInto(AbstractPipeline.java:482) ~[?:1.8.0_402]
	at java.util.stream.AbstractPipeline.wrapAndCopyInto(AbstractPipeline.java:472) ~[?:1.8.0_402]
	at java.util.stream.ForEachOps$ForEachOp.evaluateSequential(ForEachOps.java:150) ~[?:1.8.0_402]
	at java.util.stream.ForEachOps$ForEachOp$OfRef.evaluateSequential(ForEachOps.java:173) ~[?:1.8.0_402]
	at java.util.stream.AbstractPipeline.evaluate(AbstractPipeline.java:234) ~[?:1.8.0_402]
	at java.util.stream.ReferencePipeline.forEach(ReferencePipeline.java:485) ~[?:1.8.0_402]
	at org.junit.vintage.engine.VintageTestEngine.executeAllChildren(VintageTestEngine.java:82) ~[junit-vintage-engine-5.6.2.jar:5.6.2]
	at org.junit.vintage.engine.VintageTestEngine.execute(VintageTestEngine.java:73) ~[junit-vintage-engine-5.6.2.jar:5.6.2]
	at org.junit.platform.launcher.core.DefaultLauncher.execute(DefaultLauncher.java:248) ~[junit-platform-launcher-1.6.2.jar:1.6.2]
	at org.junit.platform.launcher.core.DefaultLauncher.lambda$execute$5(DefaultLauncher.java:211) ~[junit-platform-launcher-1.6.2.jar:1.6.2]
	at org.junit.platform.launcher.core.DefaultLauncher.withInterceptedStreams(DefaultLauncher.java:226) [junit-platform-launcher-1.6.2.jar:1.6.2]
	at org.junit.platform.launcher.core.DefaultLauncher.execute(DefaultLauncher.java:199) [junit-platform-launcher-1.6.2.jar:1.6.2]
	at org.junit.platform.launcher.core.DefaultLauncher.execute(DefaultLauncher.java:132) [junit-platform-launcher-1.6.2.jar:1.6.2]
	at org.apache.maven.surefire.junitplatform.JUnitPlatformProvider.invokeAllTests(JUnitPlatformProvider.java:154) [surefire-junit-platform-3.0.0-M4.jar:3.0.0-M4]
	at org.apache.maven.surefire.junitplatform.JUnitPlatformProvider.invoke(JUnitPlatformProvider.java:123) [surefire-junit-platform-3.0.0-M4.jar:3.0.0-M4]
	at org.apache.maven.surefire.booter.ForkedBooter.runSuitesInProcess(ForkedBooter.java:377) [surefire-booter-3.0.0-M4.jar:3.0.0-M4]
	at org.apache.maven.surefire.booter.ForkedBooter.execute(ForkedBooter.java:138) [surefire-booter-3.0.0-M4.jar:3.0.0-M4]
	at org.apache.maven.surefire.booter.ForkedBooter.run(ForkedBooter.java:465) [surefire-booter-3.0.0-M4.jar:3.0.0-M4]
	at org.apache.maven.surefire.booter.ForkedBooter.main(ForkedBooter.java:451) [surefire-booter-3.0.0-M4.jar:3.0.0-M4]
Caused by: org.apache.hadoop.hive.metastore.api.MetaException: Unable to create database managed directory pfile:/home/alex/Repositories/hive/streaming/target/warehouse/testing5.db, failed to create database testing5
	at org.apache.hadoop.hive.metastore.HMSHandler.create_database_core(HMSHandler.java:1366) ~[classes/:?]
	at org.apache.hadoop.hive.metastore.HMSHandler.create_database(HMSHandler.java:1486) ~[classes/:?]
	at sun.reflect.NativeMethodAccessorImpl.invoke0(Native Method) ~[?:1.8.0_402]
	at sun.reflect.NativeMethodAccessorImpl.invoke(NativeMethodAccessorImpl.java:62) ~[?:1.8.0_402]
	at sun.reflect.DelegatingMethodAccessorImpl.invoke(DelegatingMethodAccessorImpl.java:43) ~[?:1.8.0_402]
	at java.lang.reflect.Method.invoke(Method.java:498) ~[?:1.8.0_402]
	at org.apache.hadoop.hive.metastore.RetryingHMSHandler.invokeInternal(RetryingHMSHandler.java:147) ~[classes/:?]
	at org.apache.hadoop.hive.metastore.RetryingHMSHandler.invoke(RetryingHMSHandler.java:108) ~[classes/:?]
	at com.sun.proxy.$Proxy38.create_database(Unknown Source) ~[?:?]
	at org.apache.hadoop.hive.metastore.HiveMetaStoreClient.createDatabase(HiveMetaStoreClient.java:1151) ~[classes/:?]
	at sun.reflect.NativeMethodAccessorImpl.invoke0(Native Method) ~[?:1.8.0_402]
	at sun.reflect.NativeMethodAccessorImpl.invoke(NativeMethodAccessorImpl.java:62) ~[?:1.8.0_402]
	at sun.reflect.DelegatingMethodAccessorImpl.invoke(DelegatingMethodAccessorImpl.java:43) ~[?:1.8.0_402]
	at java.lang.reflect.Method.invoke(Method.java:498) ~[?:1.8.0_402]
	at org.apache.hadoop.hive.metastore.RetryingMetaStoreClient.invoke(RetryingMetaStoreClient.java:218) ~[classes/:?]
	at com.sun.proxy.$Proxy47.createDatabase(Unknown Source) ~[?:?]
	at org.apache.hadoop.hive.ql.metadata.Hive.createDatabase(Hive.java:605) ~[classes/:?]
	... 66 more
2024-04-24T12:35:26,852  INFO [main] reexec.ReOptimizePlugin: ReOptimization: retryPossible: false
2024-04-24T12:35:26,852  INFO [main] reexec.ReExecuteLostAMQueryPlugin: Got exception message: MetaException(message:Unable to create database managed directory pfile:/home/alex/Repositories/hive/streaming/target/warehouse/testing5.db, failed to create database testing5) retryPossible: false
2024-04-24T12:35:26,853  INFO [main] reexec.ReExecutionDagSubmitPlugin: Got exception message: MetaException(message:Unable to create database managed directory pfile:/home/alex/Repositories/hive/streaming/target/warehouse/testing5.db, failed to create database testing5) retryPossible: false
FAILED: Execution Error, return code 40000 from org.apache.hadoop.hive.ql.ddl.DDLTask. MetaException(message:Unable to create database managed directory pfile:/home/alex/Repositories/hive/streaming/target/warehouse/testing5.db, failed to create database testing5)
2024-04-24T12:35:26,853 ERROR [main] ql.Driver: FAILED: Execution Error, return code 40000 from org.apache.hadoop.hive.ql.ddl.DDLTask. MetaException(message:Unable to create database managed directory pfile:/home/alex/Repositories/hive/streaming/target/warehouse/testing5.db, failed to create database testing5)
2024-04-24T12:35:26,853  INFO [main] metadata.Hive: Dumping metastore api call timing information for : execution phase
2024-04-24T12:35:26,853  INFO [main] metadata.Hive: Total time spent in each metastore function (ms): {isCompatibleWith_(Configuration)=0}
2024-04-24T12:35:26,853  INFO [main] ql.Driver: Completed executing command(queryId=alex_20240424123526_51aff6d9-a92e-41e6-a81f-072d6127c419); Time taken: 0.011 seconds
2024-04-24T12:35:26,853  INFO [main] lockmgr.DbTxnManager: Stopped heartbeat for query: alex_20240424123526_51aff6d9-a92e-41e6-a81f-072d6127c419
2024-04-24T12:35:26,856  INFO [main] txn.TxnHandler: Removed transactions: ([3]) from MIN_HISTORY_LEVEL
2024-04-24T12:35:26,861 ERROR [main] streaming.TestStreamingDynamicPartitioning: Statement: create database IF NOT EXISTS testing5 location 'raw:///home/alex/Repositories/hive/streaming/target/tmp/junit8411722794324812784/testing5.db' failed: (responseCode = 40000, errorMessage = FAILED: Execution Error, return code 40000 from org.apache.hadoop.hive.ql.ddl.DDLTask. MetaException(message:Unable to create database managed directory pfile:/home/alex/Repositories/hive/streaming/target/warehouse/testing5.db, failed to create database testing5), hiveErrorCode = 40000, SQLState = 08S01, exception = MetaException(message:Unable to create database managed directory pfile:/home/alex/Repositories/hive/streaming/target/warehouse/testing5.db, failed to create database testing5))
2024-04-24T12:35:26,861  INFO [main] HiveMetaStore.audit: ugi=alex	ip=unknown-ip-addr	cmd=Cleaning up thread local RawStore...	
2024-04-24T12:35:26,861  INFO [main] metastore.ObjectStore: RawStore: org.apache.hadoop.hive.metastore.ObjectStore@1fcc3461, with PersistenceManager: org.datanucleus.api.jdo.JDOPersistenceManager@1987807b will be shutdown
2024-04-24T12:35:26,861  INFO [main] HiveMetaStore.audit: ugi=alex	ip=unknown-ip-addr	cmd=Done cleaning up thread local RawStore	
2024-04-24T12:35:26,861  INFO [main] metastore.HiveMetaStoreClient: Closed a connection to metastore, current connections: -20
]]></system-err>
  </testcase>
  <testcase name="testDPTwoLevel" classname="org.apache.hive.streaming.TestStreamingDynamicPartitioning" time="0.229">
    <failure type="java.lang.AssertionError"><![CDATA[java.lang.AssertionError
	at org.junit.Assert.fail(Assert.java:87)
	at org.junit.Assert.assertTrue(Assert.java:42)
	at org.junit.Assert.assertTrue(Assert.java:53)
	at org.apache.hive.streaming.TestStreamingDynamicPartitioning.createStoreSales(TestStreamingDynamicPartitioning.java:178)
	at org.apache.hive.streaming.TestStreamingDynamicPartitioning.setup(TestStreamingDynamicPartitioning.java:160)
	at sun.reflect.NativeMethodAccessorImpl.invoke0(Native Method)
	at sun.reflect.NativeMethodAccessorImpl.invoke(NativeMethodAccessorImpl.java:62)
	at sun.reflect.DelegatingMethodAccessorImpl.invoke(DelegatingMethodAccessorImpl.java:43)
	at java.lang.reflect.Method.invoke(Method.java:498)
	at org.junit.runners.model.FrameworkMethod$1.runReflectiveCall(FrameworkMethod.java:59)
	at org.junit.internal.runners.model.ReflectiveCallable.run(ReflectiveCallable.java:12)
	at org.junit.runners.model.FrameworkMethod.invokeExplosively(FrameworkMethod.java:56)
	at org.junit.internal.runners.statements.RunBefores.invokeMethod(RunBefores.java:33)
	at org.junit.internal.runners.statements.RunBefores.evaluate(RunBefores.java:24)
	at org.junit.internal.runners.statements.RunAfters.evaluate(RunAfters.java:27)
	at org.junit.rules.ExternalResource$1.evaluate(ExternalResource.java:54)
	at org.junit.runners.ParentRunner$3.evaluate(ParentRunner.java:306)
	at org.junit.runners.BlockJUnit4ClassRunner$1.evaluate(BlockJUnit4ClassRunner.java:100)
	at org.junit.runners.ParentRunner.runLeaf(ParentRunner.java:366)
	at org.junit.runners.BlockJUnit4ClassRunner.runChild(BlockJUnit4ClassRunner.java:103)
	at org.junit.runners.BlockJUnit4ClassRunner.runChild(BlockJUnit4ClassRunner.java:63)
	at org.junit.runners.ParentRunner$4.run(ParentRunner.java:331)
	at org.junit.runners.ParentRunner$1.schedule(ParentRunner.java:79)
	at org.junit.runners.ParentRunner.runChildren(ParentRunner.java:329)
	at org.junit.runners.ParentRunner.access$100(ParentRunner.java:66)
	at org.junit.runners.ParentRunner$2.evaluate(ParentRunner.java:293)
	at org.junit.runners.ParentRunner$3.evaluate(ParentRunner.java:306)
	at org.junit.runners.ParentRunner.run(ParentRunner.java:413)
	at org.junit.runner.JUnitCore.run(JUnitCore.java:137)
	at org.junit.runner.JUnitCore.run(JUnitCore.java:115)
	at org.junit.vintage.engine.execution.RunnerExecutor.execute(RunnerExecutor.java:43)
	at java.util.stream.ForEachOps$ForEachOp$OfRef.accept(ForEachOps.java:183)
	at java.util.stream.ReferencePipeline$3$1.accept(ReferencePipeline.java:193)
	at java.util.Iterator.forEachRemaining(Iterator.java:116)
	at java.util.Spliterators$IteratorSpliterator.forEachRemaining(Spliterators.java:1801)
	at java.util.stream.AbstractPipeline.copyInto(AbstractPipeline.java:482)
	at java.util.stream.AbstractPipeline.wrapAndCopyInto(AbstractPipeline.java:472)
	at java.util.stream.ForEachOps$ForEachOp.evaluateSequential(ForEachOps.java:150)
	at java.util.stream.ForEachOps$ForEachOp$OfRef.evaluateSequential(ForEachOps.java:173)
	at java.util.stream.AbstractPipeline.evaluate(AbstractPipeline.java:234)
	at java.util.stream.ReferencePipeline.forEach(ReferencePipeline.java:485)
	at org.junit.vintage.engine.VintageTestEngine.executeAllChildren(VintageTestEngine.java:82)
	at org.junit.vintage.engine.VintageTestEngine.execute(VintageTestEngine.java:73)
	at org.junit.platform.launcher.core.DefaultLauncher.execute(DefaultLauncher.java:248)
	at org.junit.platform.launcher.core.DefaultLauncher.lambda$execute$5(DefaultLauncher.java:211)
	at org.junit.platform.launcher.core.DefaultLauncher.withInterceptedStreams(DefaultLauncher.java:226)
	at org.junit.platform.launcher.core.DefaultLauncher.execute(DefaultLauncher.java:199)
	at org.junit.platform.launcher.core.DefaultLauncher.execute(DefaultLauncher.java:132)
	at org.apache.maven.surefire.junitplatform.JUnitPlatformProvider.invokeAllTests(JUnitPlatformProvider.java:154)
	at org.apache.maven.surefire.junitplatform.JUnitPlatformProvider.invoke(JUnitPlatformProvider.java:123)
	at org.apache.maven.surefire.booter.ForkedBooter.runSuitesInProcess(ForkedBooter.java:377)
	at org.apache.maven.surefire.booter.ForkedBooter.execute(ForkedBooter.java:138)
	at org.apache.maven.surefire.booter.ForkedBooter.run(ForkedBooter.java:465)
	at org.apache.maven.surefire.booter.ForkedBooter.main(ForkedBooter.java:451)
]]></failure>
    <system-out><![CDATA[create database IF NOT EXISTS testing location 'raw:///home/alex/Repositories/hive/streaming/target/tmp/junit4925842365565336134/testing.db'
use testing
create table alerts ( id int,msg string ) partitioned by (Continent string,Country string ) clustered by ( id ) into 1 buckets  stored as orc  location 'raw:///home/alex/Repositories/hive/streaming/target/tmp/junit4925842365565336134/testing.db/alerts' TBLPROPERTIES ('transactional'='true') 
create database IF NOT EXISTS testing5 location 'raw:///home/alex/Repositories/hive/streaming/target/tmp/junit8040519233487860517/testing5.db'
]]></system-out>
    <system-err><![CDATA[2024-04-24T12:35:26,918  WARN [main] conf.HiveConf: HiveConf of name hive.stats.key.prefix.reserve.length does not exist
2024-04-24T12:35:26,918  WARN [main] conf.HiveConf: HiveConf of name hive.metastore.client.cache.maxSize does not exist
2024-04-24T12:35:26,918  WARN [main] conf.HiveConf: HiveConf of name hive.metastore.metadb.dir does not exist
2024-04-24T12:35:26,918  WARN [main] conf.HiveConf: HiveConf of name hive.llap.io.cache.orc.arena.size does not exist
2024-04-24T12:35:26,918  WARN [main] conf.HiveConf: HiveConf of name hive.llap.io.cache.orc.alloc.max does not exist
2024-04-24T12:35:26,918  WARN [main] conf.HiveConf: HiveConf of name hive.dummyparam.test.server.specific.config.metastoresite does not exist
2024-04-24T12:35:26,918  WARN [main] conf.HiveConf: HiveConf of name hive.dummyparam.test.server.specific.config.override does not exist
2024-04-24T12:35:26,919  WARN [main] conf.HiveConf: HiveConf of name hive.dummyparam.test.server.specific.config.hivesite does not exist
2024-04-24T12:35:26,919  WARN [main] conf.HiveConf: HiveConf of name hive.metastore.client.cache.recordStats does not exist
2024-04-24T12:35:26,919  WARN [main] conf.HiveConf: HiveConf of name hive.llap.io.cache.orc.size does not exist
2024-04-24T12:35:26,919  WARN [main] conf.HiveConf: HiveConf of name hive.llap.io.cache.orc.alloc.min does not exist
2024-04-24T12:35:26,919  INFO [main] utils.TestTxnDbUtil: Cleaning transactional tables
2024-04-24T12:35:26,934  INFO [main] utils.TestTxnDbUtil: Creating transactional tables
2024-04-24T12:35:26,938  INFO [main] metastore.HiveMetaStoreClient: HMS client filtering is enabled.
2024-04-24T12:35:26,939  INFO [main] metastore.HMSHandler: 0: Opening raw store with implementation class:org.apache.hadoop.hive.metastore.ObjectStore
2024-04-24T12:35:26,939  INFO [main] metastore.PersistenceManagerProvider: Configuration datanucleus.autoStartMechanismMode is not set. Defaulting to 'ignored'
2024-04-24T12:35:26,940  INFO [main] metastore.ObjectStore: RawStore: org.apache.hadoop.hive.metastore.ObjectStore@3abadb65, with PersistenceManager: null will be shutdown
2024-04-24T12:35:26,940  INFO [main] metastore.ObjectStore: RawStore: org.apache.hadoop.hive.metastore.ObjectStore@3abadb65, with PersistenceManager: org.datanucleus.api.jdo.JDOPersistenceManager@7131d668 created in the thread with id: 1
2024-04-24T12:35:26,943  INFO [main] metastore.HMSHandler: Created RawStore: org.apache.hadoop.hive.metastore.ObjectStore@3abadb65 from thread id: 1
2024-04-24T12:35:26,943  INFO [main] metastore.HMSHandler: HMS server filtering is disabled by configuration
Hive Session ID = 8c8fb9d5-975e-4c42-9067-1649d0ad2596
2024-04-24T12:35:26,944  INFO [main] SessionState: Hive Session ID = 8c8fb9d5-975e-4c42-9067-1649d0ad2596
ivysettings.xml file not found in HIVE_HOME or HIVE_CONF_DIR,/home/alex/Repositories/hive/conf/ivysettings.xml will be used
2024-04-24T12:35:26,944  INFO [main] DependencyResolver: ivysettings.xml file not found in HIVE_HOME or HIVE_CONF_DIR,/home/alex/Repositories/hive/conf/ivysettings.xml will be used
2024-04-24T12:35:26,951  INFO [main] session.SessionState: Created HDFS directory: /home/alex/Repositories/hive/streaming/target/tmp/scratchdir/alex/8c8fb9d5-975e-4c42-9067-1649d0ad2596
2024-04-24T12:35:26,953  INFO [main] session.SessionState: Created local directory: /home/alex/Repositories/hive/streaming/target/tmp/localscratchdir/8c8fb9d5-975e-4c42-9067-1649d0ad2596
2024-04-24T12:35:26,956  INFO [main] session.SessionState: Created HDFS directory: /home/alex/Repositories/hive/streaming/target/tmp/scratchdir/alex/8c8fb9d5-975e-4c42-9067-1649d0ad2596/_tmp_space.db
2024-04-24T12:35:26,958  INFO [main] HiveMetaStore.audit: ugi=alex	ip=unknown-ip-addr	cmd=get_table_names_by_filter: db = @hive#testing, filter = 	
2024-04-24T12:35:26,960  INFO [main] HiveMetaStore.audit: ugi=alex	ip=unknown-ip-addr	cmd=get_database: testing	
2024-04-24T12:35:26,961  INFO [main] ql.Driver: Compiling command(queryId=alex_20240424123526_6e8bb447-bbff-4c22-bc78-e26ab60a6106): create database IF NOT EXISTS testing location 'raw:///home/alex/Repositories/hive/streaming/target/tmp/junit4925842365565336134/testing.db'
2024-04-24T12:35:26,971  INFO [main] txn.TxnHandler: Added entries to MIN_HISTORY_LEVEL for current txns: ([1]) with min_open_txn: 1
2024-04-24T12:35:26,971  INFO [main] lockmgr.DbTxnManager: Opened txnid:1
2024-04-24T12:35:26,976  INFO [main] ql.Driver: Semantic Analysis Completed (retrial = false)
2024-04-24T12:35:26,976  INFO [main] ql.Driver: Created Hive schema: Schema(fieldSchemas:null, properties:null)
2024-04-24T12:35:26,976  INFO [main] metadata.Hive: Dumping metastore api call timing information for : compilation phase
2024-04-24T12:35:26,976  INFO [main] metadata.Hive: Total time spent in each metastore function (ms): {flushCache_()=0, rollbackTxn_(long)=7, isCompatibleWith_(Configuration)=0, getValidTxns_(long)=4, openTxn_(String, TxnType)=9}
2024-04-24T12:35:26,976  INFO [main] ql.Driver: Completed compiling command(queryId=alex_20240424123526_6e8bb447-bbff-4c22-bc78-e26ab60a6106); Time taken: 0.015 seconds
2024-04-24T12:35:26,977  INFO [main] reexec.ReExecDriver: Execution #1 of query
2024-04-24T12:35:26,977  INFO [main] lockmgr.DbTxnManager: Setting lock request transaction to txnid:1 for queryId=alex_20240424123526_6e8bb447-bbff-4c22-bc78-e26ab60a6106
2024-04-24T12:35:26,977  INFO [main] ql.Driver: Operation CREATEDATABASE obtained 0 locks
2024-04-24T12:35:26,978  INFO [main] ql.Driver: Executing command(queryId=alex_20240424123526_6e8bb447-bbff-4c22-bc78-e26ab60a6106): create database IF NOT EXISTS testing location 'raw:///home/alex/Repositories/hive/streaming/target/tmp/junit4925842365565336134/testing.db'
PREHOOK: query: create database IF NOT EXISTS testing location 'raw:///home/alex/Repositories/hive/streaming/target/tmp/junit4925842365565336134/testing.db'
2024-04-24T12:35:26,978  INFO [main] SessionState: PREHOOK: query: create database IF NOT EXISTS testing location 'raw:///home/alex/Repositories/hive/streaming/target/tmp/junit4925842365565336134/testing.db'
PREHOOK: type: CREATEDATABASE
2024-04-24T12:35:26,978  INFO [main] SessionState: PREHOOK: type: CREATEDATABASE
PREHOOK: Output: database:testing
2024-04-24T12:35:26,978  INFO [main] SessionState: PREHOOK: Output: database:testing
PREHOOK: Output: raw:/home/alex/Repositories/hive/streaming/target/tmp/junit4925842365565336134/testing.db
2024-04-24T12:35:26,978  INFO [main] SessionState: PREHOOK: Output: raw:/home/alex/Repositories/hive/streaming/target/tmp/junit4925842365565336134/testing.db
2024-04-24T12:35:26,978  INFO [main] ql.Driver: Starting task [Stage-0:DDL] in serial mode
2024-04-24T12:35:26,979  INFO [main] sqlstd.SQLStdHiveAccessController: Created SQLStdHiveAccessController for session context : HiveAuthzSessionContext [sessionString=8c8fb9d5-975e-4c42-9067-1649d0ad2596, clientType=HIVECLI]
2024-04-24T12:35:26,979  INFO [main] metastore.HiveMetaStoreClient: Mestastore configuration metastore.filter.hook changed from org.apache.hadoop.hive.metastore.DefaultMetaStoreFilterHookImpl to org.apache.hadoop.hive.ql.security.authorization.plugin.AuthorizationMetaStoreFilterHook
2024-04-24T12:35:26,979  INFO [main] HiveMetaStore.audit: ugi=alex	ip=unknown-ip-addr	cmd=Cleaning up thread local RawStore...	
2024-04-24T12:35:26,980  INFO [main] metastore.ObjectStore: RawStore: org.apache.hadoop.hive.metastore.ObjectStore@3abadb65, with PersistenceManager: org.datanucleus.api.jdo.JDOPersistenceManager@7131d668 will be shutdown
2024-04-24T12:35:26,980  INFO [main] HiveMetaStore.audit: ugi=alex	ip=unknown-ip-addr	cmd=Done cleaning up thread local RawStore	
2024-04-24T12:35:26,980  INFO [main] metastore.HiveMetaStoreClient: Closed a connection to metastore, current connections: -21
2024-04-24T12:35:26,981  INFO [main] metastore.HiveMetaStoreClient: HMS client filtering is enabled.
2024-04-24T12:35:26,982  INFO [main] metastore.HMSHandler: 0: Opening raw store with implementation class:org.apache.hadoop.hive.metastore.ObjectStore
2024-04-24T12:35:26,982  INFO [main] metastore.PersistenceManagerProvider: Configuration datanucleus.autoStartMechanismMode is not set. Defaulting to 'ignored'
2024-04-24T12:35:26,982  INFO [main] metastore.ObjectStore: RawStore: org.apache.hadoop.hive.metastore.ObjectStore@113c4ad6, with PersistenceManager: null will be shutdown
2024-04-24T12:35:26,983  INFO [main] metastore.ObjectStore: RawStore: org.apache.hadoop.hive.metastore.ObjectStore@113c4ad6, with PersistenceManager: org.datanucleus.api.jdo.JDOPersistenceManager@7be859de created in the thread with id: 1
2024-04-24T12:35:26,985  INFO [main] metastore.HMSHandler: Created RawStore: org.apache.hadoop.hive.metastore.ObjectStore@113c4ad6 from thread id: 1
2024-04-24T12:35:26,986  INFO [main] metastore.HMSHandler: HMS server filtering is disabled by configuration
2024-04-24T12:35:26,986  INFO [main] metastore.RetryingMetaStoreClient: RetryingMetaStoreClient proxy=class org.apache.hadoop.hive.ql.metadata.SessionHiveMetaStoreClient ugi=alex (auth:SIMPLE) retries=1 delay=1 lifetime=0
2024-04-24T12:35:26,987  INFO [main] metastore.HiveMetaStoreClient: HMS client filtering is enabled.
2024-04-24T12:35:26,988  INFO [main] metastore.PersistenceManagerProvider: Configuration datanucleus.autoStartMechanismMode is not set. Defaulting to 'ignored'
2024-04-24T12:35:26,988  INFO [main] metastore.ObjectStore: RawStore: org.apache.hadoop.hive.metastore.ObjectStore@113c4ad6, with PersistenceManager: org.datanucleus.api.jdo.JDOPersistenceManager@7be859de will be shutdown
2024-04-24T12:35:26,988  INFO [main] metastore.ObjectStore: RawStore: org.apache.hadoop.hive.metastore.ObjectStore@113c4ad6, with PersistenceManager: org.datanucleus.api.jdo.JDOPersistenceManager@1acc768 created in the thread with id: 1
2024-04-24T12:35:26,991  INFO [main] metastore.HMSHandler: HMS server filtering is disabled by configuration
2024-04-24T12:35:26,991  INFO [main] metastore.RetryingMetaStoreClient: RetryingMetaStoreClient proxy=class org.apache.hadoop.hive.ql.metadata.SessionHiveMetaStoreClient ugi=alex (auth:SIMPLE) retries=1 delay=1 lifetime=0
2024-04-24T12:35:26,992  INFO [main] HiveMetaStore.audit: ugi=alex	ip=unknown-ip-addr	cmd=create_database: Database(name:testing, description:null, locationUri:raw:/home/alex/Repositories/hive/streaming/target/tmp/junit4925842365565336134/testing.db, parameters:null, ownerName:alex, ownerType:USER, catalogName:hive, managedLocationUri:pfile:/home/alex/Repositories/hive/streaming/target/warehouse/testing.db, type:NATIVE)	
2024-04-24T12:35:26,997 ERROR [main] metastore.RetryingHMSHandler: MetaException(message:Unable to create database managed directory pfile:/home/alex/Repositories/hive/streaming/target/warehouse/testing.db, failed to create database testing)
	at org.apache.hadoop.hive.metastore.HMSHandler.create_database_core(HMSHandler.java:1366)
	at org.apache.hadoop.hive.metastore.HMSHandler.create_database(HMSHandler.java:1486)
	at sun.reflect.NativeMethodAccessorImpl.invoke0(Native Method)
	at sun.reflect.NativeMethodAccessorImpl.invoke(NativeMethodAccessorImpl.java:62)
	at sun.reflect.DelegatingMethodAccessorImpl.invoke(DelegatingMethodAccessorImpl.java:43)
	at java.lang.reflect.Method.invoke(Method.java:498)
	at org.apache.hadoop.hive.metastore.RetryingHMSHandler.invokeInternal(RetryingHMSHandler.java:147)
	at org.apache.hadoop.hive.metastore.RetryingHMSHandler.invoke(RetryingHMSHandler.java:108)
	at com.sun.proxy.$Proxy38.create_database(Unknown Source)
	at org.apache.hadoop.hive.metastore.HiveMetaStoreClient.createDatabase(HiveMetaStoreClient.java:1151)
	at sun.reflect.NativeMethodAccessorImpl.invoke0(Native Method)
	at sun.reflect.NativeMethodAccessorImpl.invoke(NativeMethodAccessorImpl.java:62)
	at sun.reflect.DelegatingMethodAccessorImpl.invoke(DelegatingMethodAccessorImpl.java:43)
	at java.lang.reflect.Method.invoke(Method.java:498)
	at org.apache.hadoop.hive.metastore.RetryingMetaStoreClient.invoke(RetryingMetaStoreClient.java:218)
	at com.sun.proxy.$Proxy47.createDatabase(Unknown Source)
	at org.apache.hadoop.hive.ql.metadata.Hive.createDatabase(Hive.java:605)
	at org.apache.hadoop.hive.ql.ddl.database.create.CreateDatabaseOperation.execute(CreateDatabaseOperation.java:68)
	at org.apache.hadoop.hive.ql.ddl.DDLTask.execute(DDLTask.java:84)
	at org.apache.hadoop.hive.ql.exec.Task.executeTask(Task.java:212)
	at org.apache.hadoop.hive.ql.exec.TaskRunner.runSequential(TaskRunner.java:105)
	at org.apache.hadoop.hive.ql.Executor.launchTask(Executor.java:361)
	at org.apache.hadoop.hive.ql.Executor.launchTasks(Executor.java:334)
	at org.apache.hadoop.hive.ql.Executor.runTasks(Executor.java:245)
	at org.apache.hadoop.hive.ql.Executor.execute(Executor.java:108)
	at org.apache.hadoop.hive.ql.Driver.execute(Driver.java:348)
	at org.apache.hadoop.hive.ql.Driver.runInternal(Driver.java:204)
	at org.apache.hadoop.hive.ql.Driver.run(Driver.java:153)
	at org.apache.hadoop.hive.ql.Driver.run(Driver.java:148)
	at org.apache.hadoop.hive.ql.reexec.ReExecDriver.run(ReExecDriver.java:164)
	at org.apache.hadoop.hive.ql.reexec.ReExecDriver.run(ReExecDriver.java:230)
	at org.apache.hive.streaming.TestStreamingDynamicPartitioning.runDDL(TestStreamingDynamicPartitioning.java:829)
	at org.apache.hive.streaming.TestStreamingDynamicPartitioning.createDbAndTable(TestStreamingDynamicPartitioning.java:875)
	at org.apache.hive.streaming.TestStreamingDynamicPartitioning.setup(TestStreamingDynamicPartitioning.java:155)
	at sun.reflect.NativeMethodAccessorImpl.invoke0(Native Method)
	at sun.reflect.NativeMethodAccessorImpl.invoke(NativeMethodAccessorImpl.java:62)
	at sun.reflect.DelegatingMethodAccessorImpl.invoke(DelegatingMethodAccessorImpl.java:43)
	at java.lang.reflect.Method.invoke(Method.java:498)
	at org.junit.runners.model.FrameworkMethod$1.runReflectiveCall(FrameworkMethod.java:59)
	at org.junit.internal.runners.model.ReflectiveCallable.run(ReflectiveCallable.java:12)
	at org.junit.runners.model.FrameworkMethod.invokeExplosively(FrameworkMethod.java:56)
	at org.junit.internal.runners.statements.RunBefores.invokeMethod(RunBefores.java:33)
	at org.junit.internal.runners.statements.RunBefores.evaluate(RunBefores.java:24)
	at org.junit.internal.runners.statements.RunAfters.evaluate(RunAfters.java:27)
	at org.junit.rules.ExternalResource$1.evaluate(ExternalResource.java:54)
	at org.junit.runners.ParentRunner$3.evaluate(ParentRunner.java:306)
	at org.junit.runners.BlockJUnit4ClassRunner$1.evaluate(BlockJUnit4ClassRunner.java:100)
	at org.junit.runners.ParentRunner.runLeaf(ParentRunner.java:366)
	at org.junit.runners.BlockJUnit4ClassRunner.runChild(BlockJUnit4ClassRunner.java:103)
	at org.junit.runners.BlockJUnit4ClassRunner.runChild(BlockJUnit4ClassRunner.java:63)
	at org.junit.runners.ParentRunner$4.run(ParentRunner.java:331)
	at org.junit.runners.ParentRunner$1.schedule(ParentRunner.java:79)
	at org.junit.runners.ParentRunner.runChildren(ParentRunner.java:329)
	at org.junit.runners.ParentRunner.access$100(ParentRunner.java:66)
	at org.junit.runners.ParentRunner$2.evaluate(ParentRunner.java:293)
	at org.junit.runners.ParentRunner$3.evaluate(ParentRunner.java:306)
	at org.junit.runners.ParentRunner.run(ParentRunner.java:413)
	at org.junit.runner.JUnitCore.run(JUnitCore.java:137)
	at org.junit.runner.JUnitCore.run(JUnitCore.java:115)
	at org.junit.vintage.engine.execution.RunnerExecutor.execute(RunnerExecutor.java:43)
	at java.util.stream.ForEachOps$ForEachOp$OfRef.accept(ForEachOps.java:183)
	at java.util.stream.ReferencePipeline$3$1.accept(ReferencePipeline.java:193)
	at java.util.Iterator.forEachRemaining(Iterator.java:116)
	at java.util.Spliterators$IteratorSpliterator.forEachRemaining(Spliterators.java:1801)
	at java.util.stream.AbstractPipeline.copyInto(AbstractPipeline.java:482)
	at java.util.stream.AbstractPipeline.wrapAndCopyInto(AbstractPipeline.java:472)
	at java.util.stream.ForEachOps$ForEachOp.evaluateSequential(ForEachOps.java:150)
	at java.util.stream.ForEachOps$ForEachOp$OfRef.evaluateSequential(ForEachOps.java:173)
	at java.util.stream.AbstractPipeline.evaluate(AbstractPipeline.java:234)
	at java.util.stream.ReferencePipeline.forEach(ReferencePipeline.java:485)
	at org.junit.vintage.engine.VintageTestEngine.executeAllChildren(VintageTestEngine.java:82)
	at org.junit.vintage.engine.VintageTestEngine.execute(VintageTestEngine.java:73)
	at org.junit.platform.launcher.core.DefaultLauncher.execute(DefaultLauncher.java:248)
	at org.junit.platform.launcher.core.DefaultLauncher.lambda$execute$5(DefaultLauncher.java:211)
	at org.junit.platform.launcher.core.DefaultLauncher.withInterceptedStreams(DefaultLauncher.java:226)
	at org.junit.platform.launcher.core.DefaultLauncher.execute(DefaultLauncher.java:199)
	at org.junit.platform.launcher.core.DefaultLauncher.execute(DefaultLauncher.java:132)
	at org.apache.maven.surefire.junitplatform.JUnitPlatformProvider.invokeAllTests(JUnitPlatformProvider.java:154)
	at org.apache.maven.surefire.junitplatform.JUnitPlatformProvider.invoke(JUnitPlatformProvider.java:123)
	at org.apache.maven.surefire.booter.ForkedBooter.runSuitesInProcess(ForkedBooter.java:377)
	at org.apache.maven.surefire.booter.ForkedBooter.execute(ForkedBooter.java:138)
	at org.apache.maven.surefire.booter.ForkedBooter.run(ForkedBooter.java:465)
	at org.apache.maven.surefire.booter.ForkedBooter.main(ForkedBooter.java:451)

2024-04-24T12:35:26,998 ERROR [main] exec.Task: Failed
org.apache.hadoop.hive.ql.metadata.HiveException: MetaException(message:Unable to create database managed directory pfile:/home/alex/Repositories/hive/streaming/target/warehouse/testing.db, failed to create database testing)
	at org.apache.hadoop.hive.ql.metadata.Hive.createDatabase(Hive.java:611) ~[classes/:?]
	at org.apache.hadoop.hive.ql.ddl.database.create.CreateDatabaseOperation.execute(CreateDatabaseOperation.java:68) ~[classes/:?]
	at org.apache.hadoop.hive.ql.ddl.DDLTask.execute(DDLTask.java:84) ~[classes/:?]
	at org.apache.hadoop.hive.ql.exec.Task.executeTask(Task.java:212) ~[classes/:?]
	at org.apache.hadoop.hive.ql.exec.TaskRunner.runSequential(TaskRunner.java:105) ~[classes/:?]
	at org.apache.hadoop.hive.ql.Executor.launchTask(Executor.java:361) ~[classes/:?]
	at org.apache.hadoop.hive.ql.Executor.launchTasks(Executor.java:334) ~[classes/:?]
	at org.apache.hadoop.hive.ql.Executor.runTasks(Executor.java:245) ~[classes/:?]
	at org.apache.hadoop.hive.ql.Executor.execute(Executor.java:108) ~[classes/:?]
	at org.apache.hadoop.hive.ql.Driver.execute(Driver.java:348) ~[classes/:?]
	at org.apache.hadoop.hive.ql.Driver.runInternal(Driver.java:204) ~[classes/:?]
	at org.apache.hadoop.hive.ql.Driver.run(Driver.java:153) ~[classes/:?]
	at org.apache.hadoop.hive.ql.Driver.run(Driver.java:148) ~[classes/:?]
	at org.apache.hadoop.hive.ql.reexec.ReExecDriver.run(ReExecDriver.java:164) ~[classes/:?]
	at org.apache.hadoop.hive.ql.reexec.ReExecDriver.run(ReExecDriver.java:230) ~[classes/:?]
	at org.apache.hive.streaming.TestStreamingDynamicPartitioning.runDDL(TestStreamingDynamicPartitioning.java:829) ~[test-classes/:?]
	at org.apache.hive.streaming.TestStreamingDynamicPartitioning.createDbAndTable(TestStreamingDynamicPartitioning.java:875) ~[test-classes/:?]
	at org.apache.hive.streaming.TestStreamingDynamicPartitioning.setup(TestStreamingDynamicPartitioning.java:155) ~[test-classes/:?]
	at sun.reflect.NativeMethodAccessorImpl.invoke0(Native Method) ~[?:1.8.0_402]
	at sun.reflect.NativeMethodAccessorImpl.invoke(NativeMethodAccessorImpl.java:62) ~[?:1.8.0_402]
	at sun.reflect.DelegatingMethodAccessorImpl.invoke(DelegatingMethodAccessorImpl.java:43) ~[?:1.8.0_402]
	at java.lang.reflect.Method.invoke(Method.java:498) ~[?:1.8.0_402]
	at org.junit.runners.model.FrameworkMethod$1.runReflectiveCall(FrameworkMethod.java:59) ~[junit-4.13.jar:4.13]
	at org.junit.internal.runners.model.ReflectiveCallable.run(ReflectiveCallable.java:12) ~[junit-4.13.jar:4.13]
	at org.junit.runners.model.FrameworkMethod.invokeExplosively(FrameworkMethod.java:56) ~[junit-4.13.jar:4.13]
	at org.junit.internal.runners.statements.RunBefores.invokeMethod(RunBefores.java:33) ~[junit-4.13.jar:4.13]
	at org.junit.internal.runners.statements.RunBefores.evaluate(RunBefores.java:24) ~[junit-4.13.jar:4.13]
	at org.junit.internal.runners.statements.RunAfters.evaluate(RunAfters.java:27) ~[junit-4.13.jar:4.13]
	at org.junit.rules.ExternalResource$1.evaluate(ExternalResource.java:54) ~[junit-4.13.jar:4.13]
	at org.junit.runners.ParentRunner$3.evaluate(ParentRunner.java:306) ~[junit-4.13.jar:4.13]
	at org.junit.runners.BlockJUnit4ClassRunner$1.evaluate(BlockJUnit4ClassRunner.java:100) ~[junit-4.13.jar:4.13]
	at org.junit.runners.ParentRunner.runLeaf(ParentRunner.java:366) ~[junit-4.13.jar:4.13]
	at org.junit.runners.BlockJUnit4ClassRunner.runChild(BlockJUnit4ClassRunner.java:103) ~[junit-4.13.jar:4.13]
	at org.junit.runners.BlockJUnit4ClassRunner.runChild(BlockJUnit4ClassRunner.java:63) ~[junit-4.13.jar:4.13]
	at org.junit.runners.ParentRunner$4.run(ParentRunner.java:331) ~[junit-4.13.jar:4.13]
	at org.junit.runners.ParentRunner$1.schedule(ParentRunner.java:79) ~[junit-4.13.jar:4.13]
	at org.junit.runners.ParentRunner.runChildren(ParentRunner.java:329) ~[junit-4.13.jar:4.13]
	at org.junit.runners.ParentRunner.access$100(ParentRunner.java:66) ~[junit-4.13.jar:4.13]
	at org.junit.runners.ParentRunner$2.evaluate(ParentRunner.java:293) ~[junit-4.13.jar:4.13]
	at org.junit.runners.ParentRunner$3.evaluate(ParentRunner.java:306) ~[junit-4.13.jar:4.13]
	at org.junit.runners.ParentRunner.run(ParentRunner.java:413) ~[junit-4.13.jar:4.13]
	at org.junit.runner.JUnitCore.run(JUnitCore.java:137) ~[junit-4.13.jar:4.13]
	at org.junit.runner.JUnitCore.run(JUnitCore.java:115) ~[junit-4.13.jar:4.13]
	at org.junit.vintage.engine.execution.RunnerExecutor.execute(RunnerExecutor.java:43) ~[junit-vintage-engine-5.6.2.jar:5.6.2]
	at java.util.stream.ForEachOps$ForEachOp$OfRef.accept(ForEachOps.java:183) ~[?:1.8.0_402]
	at java.util.stream.ReferencePipeline$3$1.accept(ReferencePipeline.java:193) ~[?:1.8.0_402]
	at java.util.Iterator.forEachRemaining(Iterator.java:116) ~[?:1.8.0_402]
	at java.util.Spliterators$IteratorSpliterator.forEachRemaining(Spliterators.java:1801) ~[?:1.8.0_402]
	at java.util.stream.AbstractPipeline.copyInto(AbstractPipeline.java:482) ~[?:1.8.0_402]
	at java.util.stream.AbstractPipeline.wrapAndCopyInto(AbstractPipeline.java:472) ~[?:1.8.0_402]
	at java.util.stream.ForEachOps$ForEachOp.evaluateSequential(ForEachOps.java:150) ~[?:1.8.0_402]
	at java.util.stream.ForEachOps$ForEachOp$OfRef.evaluateSequential(ForEachOps.java:173) ~[?:1.8.0_402]
	at java.util.stream.AbstractPipeline.evaluate(AbstractPipeline.java:234) ~[?:1.8.0_402]
	at java.util.stream.ReferencePipeline.forEach(ReferencePipeline.java:485) ~[?:1.8.0_402]
	at org.junit.vintage.engine.VintageTestEngine.executeAllChildren(VintageTestEngine.java:82) ~[junit-vintage-engine-5.6.2.jar:5.6.2]
	at org.junit.vintage.engine.VintageTestEngine.execute(VintageTestEngine.java:73) ~[junit-vintage-engine-5.6.2.jar:5.6.2]
	at org.junit.platform.launcher.core.DefaultLauncher.execute(DefaultLauncher.java:248) ~[junit-platform-launcher-1.6.2.jar:1.6.2]
	at org.junit.platform.launcher.core.DefaultLauncher.lambda$execute$5(DefaultLauncher.java:211) ~[junit-platform-launcher-1.6.2.jar:1.6.2]
	at org.junit.platform.launcher.core.DefaultLauncher.withInterceptedStreams(DefaultLauncher.java:226) [junit-platform-launcher-1.6.2.jar:1.6.2]
	at org.junit.platform.launcher.core.DefaultLauncher.execute(DefaultLauncher.java:199) [junit-platform-launcher-1.6.2.jar:1.6.2]
	at org.junit.platform.launcher.core.DefaultLauncher.execute(DefaultLauncher.java:132) [junit-platform-launcher-1.6.2.jar:1.6.2]
	at org.apache.maven.surefire.junitplatform.JUnitPlatformProvider.invokeAllTests(JUnitPlatformProvider.java:154) [surefire-junit-platform-3.0.0-M4.jar:3.0.0-M4]
	at org.apache.maven.surefire.junitplatform.JUnitPlatformProvider.invoke(JUnitPlatformProvider.java:123) [surefire-junit-platform-3.0.0-M4.jar:3.0.0-M4]
	at org.apache.maven.surefire.booter.ForkedBooter.runSuitesInProcess(ForkedBooter.java:377) [surefire-booter-3.0.0-M4.jar:3.0.0-M4]
	at org.apache.maven.surefire.booter.ForkedBooter.execute(ForkedBooter.java:138) [surefire-booter-3.0.0-M4.jar:3.0.0-M4]
	at org.apache.maven.surefire.booter.ForkedBooter.run(ForkedBooter.java:465) [surefire-booter-3.0.0-M4.jar:3.0.0-M4]
	at org.apache.maven.surefire.booter.ForkedBooter.main(ForkedBooter.java:451) [surefire-booter-3.0.0-M4.jar:3.0.0-M4]
Caused by: org.apache.hadoop.hive.metastore.api.MetaException: Unable to create database managed directory pfile:/home/alex/Repositories/hive/streaming/target/warehouse/testing.db, failed to create database testing
	at org.apache.hadoop.hive.metastore.HMSHandler.create_database_core(HMSHandler.java:1366) ~[classes/:?]
	at org.apache.hadoop.hive.metastore.HMSHandler.create_database(HMSHandler.java:1486) ~[classes/:?]
	at sun.reflect.NativeMethodAccessorImpl.invoke0(Native Method) ~[?:1.8.0_402]
	at sun.reflect.NativeMethodAccessorImpl.invoke(NativeMethodAccessorImpl.java:62) ~[?:1.8.0_402]
	at sun.reflect.DelegatingMethodAccessorImpl.invoke(DelegatingMethodAccessorImpl.java:43) ~[?:1.8.0_402]
	at java.lang.reflect.Method.invoke(Method.java:498) ~[?:1.8.0_402]
	at org.apache.hadoop.hive.metastore.RetryingHMSHandler.invokeInternal(RetryingHMSHandler.java:147) ~[classes/:?]
	at org.apache.hadoop.hive.metastore.RetryingHMSHandler.invoke(RetryingHMSHandler.java:108) ~[classes/:?]
	at com.sun.proxy.$Proxy38.create_database(Unknown Source) ~[?:?]
	at org.apache.hadoop.hive.metastore.HiveMetaStoreClient.createDatabase(HiveMetaStoreClient.java:1151) ~[classes/:?]
	at sun.reflect.NativeMethodAccessorImpl.invoke0(Native Method) ~[?:1.8.0_402]
	at sun.reflect.NativeMethodAccessorImpl.invoke(NativeMethodAccessorImpl.java:62) ~[?:1.8.0_402]
	at sun.reflect.DelegatingMethodAccessorImpl.invoke(DelegatingMethodAccessorImpl.java:43) ~[?:1.8.0_402]
	at java.lang.reflect.Method.invoke(Method.java:498) ~[?:1.8.0_402]
	at org.apache.hadoop.hive.metastore.RetryingMetaStoreClient.invoke(RetryingMetaStoreClient.java:218) ~[classes/:?]
	at com.sun.proxy.$Proxy47.createDatabase(Unknown Source) ~[?:?]
	at org.apache.hadoop.hive.ql.metadata.Hive.createDatabase(Hive.java:605) ~[classes/:?]
	... 66 more
2024-04-24T12:35:26,999 ERROR [main] exec.Task: DDLTask failed, DDL Operation: class org.apache.hadoop.hive.ql.ddl.database.create.CreateDatabaseOperation
org.apache.hadoop.hive.ql.metadata.HiveException: MetaException(message:Unable to create database managed directory pfile:/home/alex/Repositories/hive/streaming/target/warehouse/testing.db, failed to create database testing)
	at org.apache.hadoop.hive.ql.metadata.Hive.createDatabase(Hive.java:611) ~[classes/:?]
	at org.apache.hadoop.hive.ql.ddl.database.create.CreateDatabaseOperation.execute(CreateDatabaseOperation.java:68) ~[classes/:?]
	at org.apache.hadoop.hive.ql.ddl.DDLTask.execute(DDLTask.java:84) ~[classes/:?]
	at org.apache.hadoop.hive.ql.exec.Task.executeTask(Task.java:212) ~[classes/:?]
	at org.apache.hadoop.hive.ql.exec.TaskRunner.runSequential(TaskRunner.java:105) ~[classes/:?]
	at org.apache.hadoop.hive.ql.Executor.launchTask(Executor.java:361) ~[classes/:?]
	at org.apache.hadoop.hive.ql.Executor.launchTasks(Executor.java:334) ~[classes/:?]
	at org.apache.hadoop.hive.ql.Executor.runTasks(Executor.java:245) ~[classes/:?]
	at org.apache.hadoop.hive.ql.Executor.execute(Executor.java:108) ~[classes/:?]
	at org.apache.hadoop.hive.ql.Driver.execute(Driver.java:348) ~[classes/:?]
	at org.apache.hadoop.hive.ql.Driver.runInternal(Driver.java:204) ~[classes/:?]
	at org.apache.hadoop.hive.ql.Driver.run(Driver.java:153) ~[classes/:?]
	at org.apache.hadoop.hive.ql.Driver.run(Driver.java:148) ~[classes/:?]
	at org.apache.hadoop.hive.ql.reexec.ReExecDriver.run(ReExecDriver.java:164) ~[classes/:?]
	at org.apache.hadoop.hive.ql.reexec.ReExecDriver.run(ReExecDriver.java:230) ~[classes/:?]
	at org.apache.hive.streaming.TestStreamingDynamicPartitioning.runDDL(TestStreamingDynamicPartitioning.java:829) ~[test-classes/:?]
	at org.apache.hive.streaming.TestStreamingDynamicPartitioning.createDbAndTable(TestStreamingDynamicPartitioning.java:875) ~[test-classes/:?]
	at org.apache.hive.streaming.TestStreamingDynamicPartitioning.setup(TestStreamingDynamicPartitioning.java:155) ~[test-classes/:?]
	at sun.reflect.NativeMethodAccessorImpl.invoke0(Native Method) ~[?:1.8.0_402]
	at sun.reflect.NativeMethodAccessorImpl.invoke(NativeMethodAccessorImpl.java:62) ~[?:1.8.0_402]
	at sun.reflect.DelegatingMethodAccessorImpl.invoke(DelegatingMethodAccessorImpl.java:43) ~[?:1.8.0_402]
	at java.lang.reflect.Method.invoke(Method.java:498) ~[?:1.8.0_402]
	at org.junit.runners.model.FrameworkMethod$1.runReflectiveCall(FrameworkMethod.java:59) ~[junit-4.13.jar:4.13]
	at org.junit.internal.runners.model.ReflectiveCallable.run(ReflectiveCallable.java:12) ~[junit-4.13.jar:4.13]
	at org.junit.runners.model.FrameworkMethod.invokeExplosively(FrameworkMethod.java:56) ~[junit-4.13.jar:4.13]
	at org.junit.internal.runners.statements.RunBefores.invokeMethod(RunBefores.java:33) ~[junit-4.13.jar:4.13]
	at org.junit.internal.runners.statements.RunBefores.evaluate(RunBefores.java:24) ~[junit-4.13.jar:4.13]
	at org.junit.internal.runners.statements.RunAfters.evaluate(RunAfters.java:27) ~[junit-4.13.jar:4.13]
	at org.junit.rules.ExternalResource$1.evaluate(ExternalResource.java:54) ~[junit-4.13.jar:4.13]
	at org.junit.runners.ParentRunner$3.evaluate(ParentRunner.java:306) ~[junit-4.13.jar:4.13]
	at org.junit.runners.BlockJUnit4ClassRunner$1.evaluate(BlockJUnit4ClassRunner.java:100) ~[junit-4.13.jar:4.13]
	at org.junit.runners.ParentRunner.runLeaf(ParentRunner.java:366) ~[junit-4.13.jar:4.13]
	at org.junit.runners.BlockJUnit4ClassRunner.runChild(BlockJUnit4ClassRunner.java:103) ~[junit-4.13.jar:4.13]
	at org.junit.runners.BlockJUnit4ClassRunner.runChild(BlockJUnit4ClassRunner.java:63) ~[junit-4.13.jar:4.13]
	at org.junit.runners.ParentRunner$4.run(ParentRunner.java:331) ~[junit-4.13.jar:4.13]
	at org.junit.runners.ParentRunner$1.schedule(ParentRunner.java:79) ~[junit-4.13.jar:4.13]
	at org.junit.runners.ParentRunner.runChildren(ParentRunner.java:329) ~[junit-4.13.jar:4.13]
	at org.junit.runners.ParentRunner.access$100(ParentRunner.java:66) ~[junit-4.13.jar:4.13]
	at org.junit.runners.ParentRunner$2.evaluate(ParentRunner.java:293) ~[junit-4.13.jar:4.13]
	at org.junit.runners.ParentRunner$3.evaluate(ParentRunner.java:306) ~[junit-4.13.jar:4.13]
	at org.junit.runners.ParentRunner.run(ParentRunner.java:413) ~[junit-4.13.jar:4.13]
	at org.junit.runner.JUnitCore.run(JUnitCore.java:137) ~[junit-4.13.jar:4.13]
	at org.junit.runner.JUnitCore.run(JUnitCore.java:115) ~[junit-4.13.jar:4.13]
	at org.junit.vintage.engine.execution.RunnerExecutor.execute(RunnerExecutor.java:43) ~[junit-vintage-engine-5.6.2.jar:5.6.2]
	at java.util.stream.ForEachOps$ForEachOp$OfRef.accept(ForEachOps.java:183) ~[?:1.8.0_402]
	at java.util.stream.ReferencePipeline$3$1.accept(ReferencePipeline.java:193) ~[?:1.8.0_402]
	at java.util.Iterator.forEachRemaining(Iterator.java:116) ~[?:1.8.0_402]
	at java.util.Spliterators$IteratorSpliterator.forEachRemaining(Spliterators.java:1801) ~[?:1.8.0_402]
	at java.util.stream.AbstractPipeline.copyInto(AbstractPipeline.java:482) ~[?:1.8.0_402]
	at java.util.stream.AbstractPipeline.wrapAndCopyInto(AbstractPipeline.java:472) ~[?:1.8.0_402]
	at java.util.stream.ForEachOps$ForEachOp.evaluateSequential(ForEachOps.java:150) ~[?:1.8.0_402]
	at java.util.stream.ForEachOps$ForEachOp$OfRef.evaluateSequential(ForEachOps.java:173) ~[?:1.8.0_402]
	at java.util.stream.AbstractPipeline.evaluate(AbstractPipeline.java:234) ~[?:1.8.0_402]
	at java.util.stream.ReferencePipeline.forEach(ReferencePipeline.java:485) ~[?:1.8.0_402]
	at org.junit.vintage.engine.VintageTestEngine.executeAllChildren(VintageTestEngine.java:82) ~[junit-vintage-engine-5.6.2.jar:5.6.2]
	at org.junit.vintage.engine.VintageTestEngine.execute(VintageTestEngine.java:73) ~[junit-vintage-engine-5.6.2.jar:5.6.2]
	at org.junit.platform.launcher.core.DefaultLauncher.execute(DefaultLauncher.java:248) ~[junit-platform-launcher-1.6.2.jar:1.6.2]
	at org.junit.platform.launcher.core.DefaultLauncher.lambda$execute$5(DefaultLauncher.java:211) ~[junit-platform-launcher-1.6.2.jar:1.6.2]
	at org.junit.platform.launcher.core.DefaultLauncher.withInterceptedStreams(DefaultLauncher.java:226) [junit-platform-launcher-1.6.2.jar:1.6.2]
	at org.junit.platform.launcher.core.DefaultLauncher.execute(DefaultLauncher.java:199) [junit-platform-launcher-1.6.2.jar:1.6.2]
	at org.junit.platform.launcher.core.DefaultLauncher.execute(DefaultLauncher.java:132) [junit-platform-launcher-1.6.2.jar:1.6.2]
	at org.apache.maven.surefire.junitplatform.JUnitPlatformProvider.invokeAllTests(JUnitPlatformProvider.java:154) [surefire-junit-platform-3.0.0-M4.jar:3.0.0-M4]
	at org.apache.maven.surefire.junitplatform.JUnitPlatformProvider.invoke(JUnitPlatformProvider.java:123) [surefire-junit-platform-3.0.0-M4.jar:3.0.0-M4]
	at org.apache.maven.surefire.booter.ForkedBooter.runSuitesInProcess(ForkedBooter.java:377) [surefire-booter-3.0.0-M4.jar:3.0.0-M4]
	at org.apache.maven.surefire.booter.ForkedBooter.execute(ForkedBooter.java:138) [surefire-booter-3.0.0-M4.jar:3.0.0-M4]
	at org.apache.maven.surefire.booter.ForkedBooter.run(ForkedBooter.java:465) [surefire-booter-3.0.0-M4.jar:3.0.0-M4]
	at org.apache.maven.surefire.booter.ForkedBooter.main(ForkedBooter.java:451) [surefire-booter-3.0.0-M4.jar:3.0.0-M4]
Caused by: org.apache.hadoop.hive.metastore.api.MetaException: Unable to create database managed directory pfile:/home/alex/Repositories/hive/streaming/target/warehouse/testing.db, failed to create database testing
	at org.apache.hadoop.hive.metastore.HMSHandler.create_database_core(HMSHandler.java:1366) ~[classes/:?]
	at org.apache.hadoop.hive.metastore.HMSHandler.create_database(HMSHandler.java:1486) ~[classes/:?]
	at sun.reflect.NativeMethodAccessorImpl.invoke0(Native Method) ~[?:1.8.0_402]
	at sun.reflect.NativeMethodAccessorImpl.invoke(NativeMethodAccessorImpl.java:62) ~[?:1.8.0_402]
	at sun.reflect.DelegatingMethodAccessorImpl.invoke(DelegatingMethodAccessorImpl.java:43) ~[?:1.8.0_402]
	at java.lang.reflect.Method.invoke(Method.java:498) ~[?:1.8.0_402]
	at org.apache.hadoop.hive.metastore.RetryingHMSHandler.invokeInternal(RetryingHMSHandler.java:147) ~[classes/:?]
	at org.apache.hadoop.hive.metastore.RetryingHMSHandler.invoke(RetryingHMSHandler.java:108) ~[classes/:?]
	at com.sun.proxy.$Proxy38.create_database(Unknown Source) ~[?:?]
	at org.apache.hadoop.hive.metastore.HiveMetaStoreClient.createDatabase(HiveMetaStoreClient.java:1151) ~[classes/:?]
	at sun.reflect.NativeMethodAccessorImpl.invoke0(Native Method) ~[?:1.8.0_402]
	at sun.reflect.NativeMethodAccessorImpl.invoke(NativeMethodAccessorImpl.java:62) ~[?:1.8.0_402]
	at sun.reflect.DelegatingMethodAccessorImpl.invoke(DelegatingMethodAccessorImpl.java:43) ~[?:1.8.0_402]
	at java.lang.reflect.Method.invoke(Method.java:498) ~[?:1.8.0_402]
	at org.apache.hadoop.hive.metastore.RetryingMetaStoreClient.invoke(RetryingMetaStoreClient.java:218) ~[classes/:?]
	at com.sun.proxy.$Proxy47.createDatabase(Unknown Source) ~[?:?]
	at org.apache.hadoop.hive.ql.metadata.Hive.createDatabase(Hive.java:605) ~[classes/:?]
	... 66 more
2024-04-24T12:35:27,000  INFO [main] reexec.ReOptimizePlugin: ReOptimization: retryPossible: false
2024-04-24T12:35:27,000  INFO [main] reexec.ReExecuteLostAMQueryPlugin: Got exception message: MetaException(message:Unable to create database managed directory pfile:/home/alex/Repositories/hive/streaming/target/warehouse/testing.db, failed to create database testing) retryPossible: false
2024-04-24T12:35:27,000  INFO [main] reexec.ReExecutionDagSubmitPlugin: Got exception message: MetaException(message:Unable to create database managed directory pfile:/home/alex/Repositories/hive/streaming/target/warehouse/testing.db, failed to create database testing) retryPossible: false
FAILED: Execution Error, return code 40000 from org.apache.hadoop.hive.ql.ddl.DDLTask. MetaException(message:Unable to create database managed directory pfile:/home/alex/Repositories/hive/streaming/target/warehouse/testing.db, failed to create database testing)
2024-04-24T12:35:27,000 ERROR [main] ql.Driver: FAILED: Execution Error, return code 40000 from org.apache.hadoop.hive.ql.ddl.DDLTask. MetaException(message:Unable to create database managed directory pfile:/home/alex/Repositories/hive/streaming/target/warehouse/testing.db, failed to create database testing)
2024-04-24T12:35:27,000  INFO [main] metadata.Hive: Dumping metastore api call timing information for : execution phase
2024-04-24T12:35:27,000  INFO [main] metadata.Hive: Total time spent in each metastore function (ms): {}
2024-04-24T12:35:27,000  INFO [main] ql.Driver: Completed executing command(queryId=alex_20240424123526_6e8bb447-bbff-4c22-bc78-e26ab60a6106); Time taken: 0.022 seconds
2024-04-24T12:35:27,000  INFO [main] lockmgr.DbTxnManager: Stopped heartbeat for query: alex_20240424123526_6e8bb447-bbff-4c22-bc78-e26ab60a6106
2024-04-24T12:35:27,000  INFO [main] metastore.HiveMetaStoreClient: Mestastore configuration metastore.filter.hook changed from org.apache.hadoop.hive.ql.security.authorization.plugin.AuthorizationMetaStoreFilterHook to org.apache.hadoop.hive.metastore.DefaultMetaStoreFilterHookImpl
2024-04-24T12:35:27,001  INFO [main] HiveMetaStore.audit: ugi=alex	ip=unknown-ip-addr	cmd=Cleaning up thread local RawStore...	
2024-04-24T12:35:27,001  INFO [main] metastore.ObjectStore: RawStore: org.apache.hadoop.hive.metastore.ObjectStore@113c4ad6, with PersistenceManager: org.datanucleus.api.jdo.JDOPersistenceManager@1acc768 will be shutdown
2024-04-24T12:35:27,001  INFO [main] HiveMetaStore.audit: ugi=alex	ip=unknown-ip-addr	cmd=Done cleaning up thread local RawStore	
2024-04-24T12:35:27,001  INFO [main] metastore.HiveMetaStoreClient: Closed a connection to metastore, current connections: -22
2024-04-24T12:35:27,002  INFO [main] metastore.HiveMetaStoreClient: HMS client filtering is enabled.
2024-04-24T12:35:27,003  INFO [main] metastore.HMSHandler: 0: Opening raw store with implementation class:org.apache.hadoop.hive.metastore.ObjectStore
2024-04-24T12:35:27,003  INFO [main] metastore.PersistenceManagerProvider: Configuration datanucleus.autoStartMechanismMode is not set. Defaulting to 'ignored'
2024-04-24T12:35:27,003  INFO [main] metastore.ObjectStore: RawStore: org.apache.hadoop.hive.metastore.ObjectStore@3df6494f, with PersistenceManager: null will be shutdown
2024-04-24T12:35:27,004  INFO [main] metastore.ObjectStore: RawStore: org.apache.hadoop.hive.metastore.ObjectStore@3df6494f, with PersistenceManager: org.datanucleus.api.jdo.JDOPersistenceManager@1b5f960a created in the thread with id: 1
2024-04-24T12:35:27,007  INFO [main] metastore.HMSHandler: Created RawStore: org.apache.hadoop.hive.metastore.ObjectStore@3df6494f from thread id: 1
2024-04-24T12:35:27,007  INFO [main] metastore.HMSHandler: HMS server filtering is disabled by configuration
2024-04-24T12:35:27,007  INFO [main] metastore.RetryingMetaStoreClient: RetryingMetaStoreClient proxy=class org.apache.hadoop.hive.ql.metadata.SessionHiveMetaStoreClient ugi=alex (auth:SIMPLE) retries=1 delay=1 lifetime=0
2024-04-24T12:35:27,010  INFO [main] txn.TxnHandler: Removed transactions: ([1]) from MIN_HISTORY_LEVEL
2024-04-24T12:35:27,015 ERROR [main] streaming.TestStreamingDynamicPartitioning: Statement: create database IF NOT EXISTS testing location 'raw:///home/alex/Repositories/hive/streaming/target/tmp/junit4925842365565336134/testing.db' failed: (responseCode = 40000, errorMessage = FAILED: Execution Error, return code 40000 from org.apache.hadoop.hive.ql.ddl.DDLTask. MetaException(message:Unable to create database managed directory pfile:/home/alex/Repositories/hive/streaming/target/warehouse/testing.db, failed to create database testing), hiveErrorCode = 40000, SQLState = 08S01, exception = MetaException(message:Unable to create database managed directory pfile:/home/alex/Repositories/hive/streaming/target/warehouse/testing.db, failed to create database testing))
2024-04-24T12:35:27,015  INFO [main] ql.Driver: Compiling command(queryId=alex_20240424123526_6e8bb447-bbff-4c22-bc78-e26ab60a6106): use testing
2024-04-24T12:35:27,016  INFO [main] HiveMetaStore.audit: ugi=alex	ip=unknown-ip-addr	cmd=get_database: testing	
FAILED: SemanticException [Error 10072]: Database does not exist: testing
2024-04-24T12:35:27,018 ERROR [main] ql.Driver: FAILED: SemanticException [Error 10072]: Database does not exist: testing
org.apache.hadoop.hive.ql.parse.SemanticException: Database does not exist: testing
	at org.apache.hadoop.hive.ql.parse.BaseSemanticAnalyzer.getDatabase(BaseSemanticAnalyzer.java:1812)
	at org.apache.hadoop.hive.ql.ddl.database.use.SwitchDatabaseAnalyzer.analyzeInternal(SwitchDatabaseAnalyzer.java:45)
	at org.apache.hadoop.hive.ql.parse.BaseSemanticAnalyzer.analyze(BaseSemanticAnalyzer.java:317)
	at org.apache.hadoop.hive.ql.Compiler.analyze(Compiler.java:223)
	at org.apache.hadoop.hive.ql.Compiler.compile(Compiler.java:105)
	at org.apache.hadoop.hive.ql.Driver.compile(Driver.java:500)
	at org.apache.hadoop.hive.ql.Driver.compileInternal(Driver.java:453)
	at org.apache.hadoop.hive.ql.Driver.compileAndRespond(Driver.java:417)
	at org.apache.hadoop.hive.ql.Driver.compileAndRespond(Driver.java:411)
	at org.apache.hadoop.hive.ql.reexec.ReExecDriver.compileAndRespond(ReExecDriver.java:125)
	at org.apache.hadoop.hive.ql.reexec.ReExecDriver.run(ReExecDriver.java:229)
	at org.apache.hive.streaming.TestStreamingDynamicPartitioning.runDDL(TestStreamingDynamicPartitioning.java:829)
	at org.apache.hive.streaming.TestStreamingDynamicPartitioning.createDbAndTable(TestStreamingDynamicPartitioning.java:876)
	at org.apache.hive.streaming.TestStreamingDynamicPartitioning.setup(TestStreamingDynamicPartitioning.java:155)
	at sun.reflect.NativeMethodAccessorImpl.invoke0(Native Method)
	at sun.reflect.NativeMethodAccessorImpl.invoke(NativeMethodAccessorImpl.java:62)
	at sun.reflect.DelegatingMethodAccessorImpl.invoke(DelegatingMethodAccessorImpl.java:43)
	at java.lang.reflect.Method.invoke(Method.java:498)
	at org.junit.runners.model.FrameworkMethod$1.runReflectiveCall(FrameworkMethod.java:59)
	at org.junit.internal.runners.model.ReflectiveCallable.run(ReflectiveCallable.java:12)
	at org.junit.runners.model.FrameworkMethod.invokeExplosively(FrameworkMethod.java:56)
	at org.junit.internal.runners.statements.RunBefores.invokeMethod(RunBefores.java:33)
	at org.junit.internal.runners.statements.RunBefores.evaluate(RunBefores.java:24)
	at org.junit.internal.runners.statements.RunAfters.evaluate(RunAfters.java:27)
	at org.junit.rules.ExternalResource$1.evaluate(ExternalResource.java:54)
	at org.junit.runners.ParentRunner$3.evaluate(ParentRunner.java:306)
	at org.junit.runners.BlockJUnit4ClassRunner$1.evaluate(BlockJUnit4ClassRunner.java:100)
	at org.junit.runners.ParentRunner.runLeaf(ParentRunner.java:366)
	at org.junit.runners.BlockJUnit4ClassRunner.runChild(BlockJUnit4ClassRunner.java:103)
	at org.junit.runners.BlockJUnit4ClassRunner.runChild(BlockJUnit4ClassRunner.java:63)
	at org.junit.runners.ParentRunner$4.run(ParentRunner.java:331)
	at org.junit.runners.ParentRunner$1.schedule(ParentRunner.java:79)
	at org.junit.runners.ParentRunner.runChildren(ParentRunner.java:329)
	at org.junit.runners.ParentRunner.access$100(ParentRunner.java:66)
	at org.junit.runners.ParentRunner$2.evaluate(ParentRunner.java:293)
	at org.junit.runners.ParentRunner$3.evaluate(ParentRunner.java:306)
	at org.junit.runners.ParentRunner.run(ParentRunner.java:413)
	at org.junit.runner.JUnitCore.run(JUnitCore.java:137)
	at org.junit.runner.JUnitCore.run(JUnitCore.java:115)
	at org.junit.vintage.engine.execution.RunnerExecutor.execute(RunnerExecutor.java:43)
	at java.util.stream.ForEachOps$ForEachOp$OfRef.accept(ForEachOps.java:183)
	at java.util.stream.ReferencePipeline$3$1.accept(ReferencePipeline.java:193)
	at java.util.Iterator.forEachRemaining(Iterator.java:116)
	at java.util.Spliterators$IteratorSpliterator.forEachRemaining(Spliterators.java:1801)
	at java.util.stream.AbstractPipeline.copyInto(AbstractPipeline.java:482)
	at java.util.stream.AbstractPipeline.wrapAndCopyInto(AbstractPipeline.java:472)
	at java.util.stream.ForEachOps$ForEachOp.evaluateSequential(ForEachOps.java:150)
	at java.util.stream.ForEachOps$ForEachOp$OfRef.evaluateSequential(ForEachOps.java:173)
	at java.util.stream.AbstractPipeline.evaluate(AbstractPipeline.java:234)
	at java.util.stream.ReferencePipeline.forEach(ReferencePipeline.java:485)
	at org.junit.vintage.engine.VintageTestEngine.executeAllChildren(VintageTestEngine.java:82)
	at org.junit.vintage.engine.VintageTestEngine.execute(VintageTestEngine.java:73)
	at org.junit.platform.launcher.core.DefaultLauncher.execute(DefaultLauncher.java:248)
	at org.junit.platform.launcher.core.DefaultLauncher.lambda$execute$5(DefaultLauncher.java:211)
	at org.junit.platform.launcher.core.DefaultLauncher.withInterceptedStreams(DefaultLauncher.java:226)
	at org.junit.platform.launcher.core.DefaultLauncher.execute(DefaultLauncher.java:199)
	at org.junit.platform.launcher.core.DefaultLauncher.execute(DefaultLauncher.java:132)
	at org.apache.maven.surefire.junitplatform.JUnitPlatformProvider.invokeAllTests(JUnitPlatformProvider.java:154)
	at org.apache.maven.surefire.junitplatform.JUnitPlatformProvider.invoke(JUnitPlatformProvider.java:123)
	at org.apache.maven.surefire.booter.ForkedBooter.runSuitesInProcess(ForkedBooter.java:377)
	at org.apache.maven.surefire.booter.ForkedBooter.execute(ForkedBooter.java:138)
	at org.apache.maven.surefire.booter.ForkedBooter.run(ForkedBooter.java:465)
	at org.apache.maven.surefire.booter.ForkedBooter.main(ForkedBooter.java:451)

2024-04-24T12:35:27,019  INFO [main] metadata.Hive: Dumping metastore api call timing information for : compilation phase
2024-04-24T12:35:27,019  INFO [main] metadata.Hive: Total time spent in each metastore function (ms): {isCompatibleWith_(Configuration)=0, rollbackTxn_(long)=8, flushCache_()=0}
2024-04-24T12:35:27,019  INFO [main] ql.Driver: Completed compiling command(queryId=alex_20240424123526_6e8bb447-bbff-4c22-bc78-e26ab60a6106); Time taken: 0.003 seconds
2024-04-24T12:35:27,019  INFO [main] lockmgr.DbLockManager: releaseLocks: []
2024-04-24T12:35:27,019 ERROR [main] streaming.TestStreamingDynamicPartitioning: Statement: use testing failed: (responseCode = 10072, errorMessage = FAILED: SemanticException [Error 10072]: Database does not exist: testing, hiveErrorCode = 40000, SQLState = 42000, exception = Database does not exist: testing)
2024-04-24T12:35:27,019  INFO [main] ql.Driver: Compiling command(queryId=alex_20240424123526_6e8bb447-bbff-4c22-bc78-e26ab60a6106): create table alerts ( id int,msg string ) partitioned by (Continent string,Country string ) clustered by ( id ) into 1 buckets  stored as orc  location 'raw:///home/alex/Repositories/hive/streaming/target/tmp/junit4925842365565336134/testing.db/alerts' TBLPROPERTIES ('transactional'='true') 
2024-04-24T12:35:27,023  INFO [main] txn.TxnHandler: Added entries to MIN_HISTORY_LEVEL for current txns: ([2]) with min_open_txn: 1
2024-04-24T12:35:27,023  INFO [main] lockmgr.DbTxnManager: Opened txnid:2
2024-04-24T12:35:27,024  INFO [main] parse.CalcitePlanner: Starting caching scope for: alex_20240424123526_6e8bb447-bbff-4c22-bc78-e26ab60a6106
2024-04-24T12:35:27,024  INFO [main] parse.CalcitePlanner: Starting Semantic Analysis
2024-04-24T12:35:27,025  INFO [main] parse.CalcitePlanner: Creating table default.alerts position=13
2024-04-24T12:35:27,025  INFO [main] HiveMetaStore.audit: ugi=alex	ip=unknown-ip-addr	cmd=get_database: default	
2024-04-24T12:35:27,027  INFO [main] parse.CalcitePlanner: Ending caching scope for: alex_20240424123526_6e8bb447-bbff-4c22-bc78-e26ab60a6106
2024-04-24T12:35:27,027  INFO [main] ql.Driver: Semantic Analysis Completed (retrial = false)
2024-04-24T12:35:27,027  INFO [main] ql.Driver: Created Hive schema: Schema(fieldSchemas:null, properties:null)
2024-04-24T12:35:27,027  INFO [main] metadata.Hive: Dumping metastore api call timing information for : compilation phase
2024-04-24T12:35:27,027  INFO [main] metadata.Hive: Total time spent in each metastore function (ms): {getValidTxns_(long)=1, getValidWriteIds_(List, String)=1, openTxn_(String, TxnType)=2, flushCache_()=0, getDatabase_(String)=2, isCompatibleWith_(Configuration)=0}
2024-04-24T12:35:27,027  INFO [main] ql.Driver: Completed compiling command(queryId=alex_20240424123526_6e8bb447-bbff-4c22-bc78-e26ab60a6106); Time taken: 0.008 seconds
2024-04-24T12:35:27,028  INFO [main] reexec.ReExecDriver: Execution #1 of query
2024-04-24T12:35:27,028  INFO [main] lockmgr.DbTxnManager: Setting lock request transaction to txnid:2 for queryId=alex_20240424123526_6e8bb447-bbff-4c22-bc78-e26ab60a6106
2024-04-24T12:35:27,028  INFO [main] lockmgr.DbLockManager: Requesting lock for queryId=alex_20240424123526_6e8bb447-bbff-4c22-bc78-e26ab60a6106
2024-04-24T12:35:27,038  INFO [main] lockmgr.DbLockManager: Response to queryId=alex_20240424123526_6e8bb447-bbff-4c22-bc78-e26ab60a6106 LockResponse(lockid:1, state:ACQUIRED)
2024-04-24T12:35:27,038  INFO [main] ql.Driver: Operation CREATETABLE obtained 1 locks
2024-04-24T12:35:27,039  INFO [main] ql.Driver: Executing command(queryId=alex_20240424123526_6e8bb447-bbff-4c22-bc78-e26ab60a6106): create table alerts ( id int,msg string ) partitioned by (Continent string,Country string ) clustered by ( id ) into 1 buckets  stored as orc  location 'raw:///home/alex/Repositories/hive/streaming/target/tmp/junit4925842365565336134/testing.db/alerts' TBLPROPERTIES ('transactional'='true') 
PREHOOK: query: create table alerts ( id int,msg string ) partitioned by (Continent string,Country string ) clustered by ( id ) into 1 buckets  stored as orc  location 'raw:///home/alex/Repositories/hive/streaming/target/tmp/junit4925842365565336134/testing.db/alerts' TBLPROPERTIES ('transactional'='true')
2024-04-24T12:35:27,040  INFO [main] SessionState: PREHOOK: query: create table alerts ( id int,msg string ) partitioned by (Continent string,Country string ) clustered by ( id ) into 1 buckets  stored as orc  location 'raw:///home/alex/Repositories/hive/streaming/target/tmp/junit4925842365565336134/testing.db/alerts' TBLPROPERTIES ('transactional'='true')
PREHOOK: type: CREATETABLE
2024-04-24T12:35:27,040  INFO [main] SessionState: PREHOOK: type: CREATETABLE
PREHOOK: Input: raw:/home/alex/Repositories/hive/streaming/target/tmp/junit4925842365565336134/testing.db/alerts
2024-04-24T12:35:27,040  INFO [main] SessionState: PREHOOK: Input: raw:/home/alex/Repositories/hive/streaming/target/tmp/junit4925842365565336134/testing.db/alerts
PREHOOK: Output: database:default
2024-04-24T12:35:27,040  INFO [main] SessionState: PREHOOK: Output: database:default
PREHOOK: Output: default@alerts
2024-04-24T12:35:27,040  INFO [main] SessionState: PREHOOK: Output: default@alerts
2024-04-24T12:35:27,040  INFO [main] ql.Driver: Starting task [Stage-0:DDL] in serial mode
2024-04-24T12:35:27,042  INFO [main] HiveMetaStore.audit: ugi=alex	ip=unknown-ip-addr	cmd=create_table_req: Table(tableName:alerts, dbName:default, owner:alex, createTime:1713987327, lastAccessTime:0, retention:0, sd:StorageDescriptor(cols:[FieldSchema(name:id, type:int, comment:null), FieldSchema(name:msg, type:string, comment:null)], location:raw:/home/alex/Repositories/hive/streaming/target/tmp/junit4925842365565336134/testing.db/alerts, inputFormat:org.apache.hadoop.hive.ql.io.orc.OrcInputFormat, outputFormat:org.apache.hadoop.hive.ql.io.orc.OrcOutputFormat, compressed:false, numBuckets:1, serdeInfo:SerDeInfo(name:null, serializationLib:org.apache.hadoop.hive.ql.io.orc.OrcSerde, parameters:{serialization.format=1}), bucketCols:[id], sortCols:[], parameters:{}, skewedInfo:SkewedInfo(skewedColNames:[], skewedColValues:[], skewedColValueLocationMaps:{}), storedAsSubDirectories:false), partitionKeys:[FieldSchema(name:Continent, type:string, comment:null), FieldSchema(name:Country, type:string, comment:null)], parameters:{transactional=true, bucketing_version=2}, viewOriginalText:null, viewExpandedText:null, tableType:MANAGED_TABLE, privileges:PrincipalPrivilegeSet(userPrivileges:{alex=[PrivilegeGrantInfo(privilege:INSERT, createTime:-1, grantor:alex, grantorType:USER, grantOption:true), PrivilegeGrantInfo(privilege:SELECT, createTime:-1, grantor:alex, grantorType:USER, grantOption:true), PrivilegeGrantInfo(privilege:UPDATE, createTime:-1, grantor:alex, grantorType:USER, grantOption:true), PrivilegeGrantInfo(privilege:DELETE, createTime:-1, grantor:alex, grantorType:USER, grantOption:true)]}, groupPrivileges:null, rolePrivileges:null), temporary:false, catName:hive, ownerType:USER, writeId:0)	
2024-04-24T12:35:27,054  WARN [main] metastore.HMSHandler: create_table_req got 
org.apache.hadoop.hive.metastore.api.AlreadyExistsException: Table hive.default.alerts already exists
	at org.apache.hadoop.hive.metastore.HMSHandler.create_table_core(HMSHandler.java:2339) ~[classes/:?]
	at org.apache.hadoop.hive.metastore.HMSHandler.create_table_req(HMSHandler.java:2598) ~[classes/:?]
	at sun.reflect.NativeMethodAccessorImpl.invoke0(Native Method) ~[?:1.8.0_402]
	at sun.reflect.NativeMethodAccessorImpl.invoke(NativeMethodAccessorImpl.java:62) ~[?:1.8.0_402]
	at sun.reflect.DelegatingMethodAccessorImpl.invoke(DelegatingMethodAccessorImpl.java:43) ~[?:1.8.0_402]
	at java.lang.reflect.Method.invoke(Method.java:498) ~[?:1.8.0_402]
	at org.apache.hadoop.hive.metastore.RetryingHMSHandler.invokeInternal(RetryingHMSHandler.java:147) ~[classes/:?]
	at org.apache.hadoop.hive.metastore.RetryingHMSHandler.invoke(RetryingHMSHandler.java:108) ~[classes/:?]
	at com.sun.proxy.$Proxy38.create_table_req(Unknown Source) ~[?:?]
	at org.apache.hadoop.hive.metastore.HiveMetaStoreClient.create_table_with_environment_context(HiveMetaStoreClient.java:4408) ~[classes/:?]
	at org.apache.hadoop.hive.ql.metadata.SessionHiveMetaStoreClient.create_table_with_environment_context(SessionHiveMetaStoreClient.java:182) ~[classes/:?]
	at org.apache.hadoop.hive.metastore.HiveMetaStoreClient.createTable(HiveMetaStoreClient.java:1260) ~[classes/:?]
	at org.apache.hadoop.hive.metastore.HiveMetaStoreClient.createTable(HiveMetaStoreClient.java:1245) ~[classes/:?]
	at sun.reflect.NativeMethodAccessorImpl.invoke0(Native Method) ~[?:1.8.0_402]
	at sun.reflect.NativeMethodAccessorImpl.invoke(NativeMethodAccessorImpl.java:62) ~[?:1.8.0_402]
	at sun.reflect.DelegatingMethodAccessorImpl.invoke(DelegatingMethodAccessorImpl.java:43) ~[?:1.8.0_402]
	at java.lang.reflect.Method.invoke(Method.java:498) ~[?:1.8.0_402]
	at org.apache.hadoop.hive.metastore.RetryingMetaStoreClient.invoke(RetryingMetaStoreClient.java:218) ~[classes/:?]
	at com.sun.proxy.$Proxy47.createTable(Unknown Source) ~[?:?]
	at org.apache.hadoop.hive.ql.metadata.Hive.createTable(Hive.java:1290) ~[classes/:?]
	at org.apache.hadoop.hive.ql.metadata.Hive.createTable(Hive.java:1306) ~[classes/:?]
	at org.apache.hadoop.hive.ql.ddl.table.create.CreateTableOperation.createTableNonReplaceMode(CreateTableOperation.java:140) ~[classes/:?]
	at org.apache.hadoop.hive.ql.ddl.table.create.CreateTableOperation.execute(CreateTableOperation.java:98) ~[classes/:?]
	at org.apache.hadoop.hive.ql.ddl.DDLTask.execute(DDLTask.java:84) ~[classes/:?]
	at org.apache.hadoop.hive.ql.exec.Task.executeTask(Task.java:212) ~[classes/:?]
	at org.apache.hadoop.hive.ql.exec.TaskRunner.runSequential(TaskRunner.java:105) ~[classes/:?]
	at org.apache.hadoop.hive.ql.Executor.launchTask(Executor.java:361) ~[classes/:?]
	at org.apache.hadoop.hive.ql.Executor.launchTasks(Executor.java:334) ~[classes/:?]
	at org.apache.hadoop.hive.ql.Executor.runTasks(Executor.java:245) ~[classes/:?]
	at org.apache.hadoop.hive.ql.Executor.execute(Executor.java:108) ~[classes/:?]
	at org.apache.hadoop.hive.ql.Driver.execute(Driver.java:348) ~[classes/:?]
	at org.apache.hadoop.hive.ql.Driver.runInternal(Driver.java:204) ~[classes/:?]
	at org.apache.hadoop.hive.ql.Driver.run(Driver.java:153) ~[classes/:?]
	at org.apache.hadoop.hive.ql.Driver.run(Driver.java:148) ~[classes/:?]
	at org.apache.hadoop.hive.ql.reexec.ReExecDriver.run(ReExecDriver.java:164) ~[classes/:?]
	at org.apache.hadoop.hive.ql.reexec.ReExecDriver.run(ReExecDriver.java:230) ~[classes/:?]
	at org.apache.hive.streaming.TestStreamingDynamicPartitioning.runDDL(TestStreamingDynamicPartitioning.java:829) ~[test-classes/:?]
	at org.apache.hive.streaming.TestStreamingDynamicPartitioning.createDbAndTable(TestStreamingDynamicPartitioning.java:885) ~[test-classes/:?]
	at org.apache.hive.streaming.TestStreamingDynamicPartitioning.setup(TestStreamingDynamicPartitioning.java:155) ~[test-classes/:?]
	at sun.reflect.NativeMethodAccessorImpl.invoke0(Native Method) ~[?:1.8.0_402]
	at sun.reflect.NativeMethodAccessorImpl.invoke(NativeMethodAccessorImpl.java:62) ~[?:1.8.0_402]
	at sun.reflect.DelegatingMethodAccessorImpl.invoke(DelegatingMethodAccessorImpl.java:43) ~[?:1.8.0_402]
	at java.lang.reflect.Method.invoke(Method.java:498) ~[?:1.8.0_402]
	at org.junit.runners.model.FrameworkMethod$1.runReflectiveCall(FrameworkMethod.java:59) ~[junit-4.13.jar:4.13]
	at org.junit.internal.runners.model.ReflectiveCallable.run(ReflectiveCallable.java:12) ~[junit-4.13.jar:4.13]
	at org.junit.runners.model.FrameworkMethod.invokeExplosively(FrameworkMethod.java:56) ~[junit-4.13.jar:4.13]
	at org.junit.internal.runners.statements.RunBefores.invokeMethod(RunBefores.java:33) ~[junit-4.13.jar:4.13]
	at org.junit.internal.runners.statements.RunBefores.evaluate(RunBefores.java:24) ~[junit-4.13.jar:4.13]
	at org.junit.internal.runners.statements.RunAfters.evaluate(RunAfters.java:27) ~[junit-4.13.jar:4.13]
	at org.junit.rules.ExternalResource$1.evaluate(ExternalResource.java:54) ~[junit-4.13.jar:4.13]
	at org.junit.runners.ParentRunner$3.evaluate(ParentRunner.java:306) ~[junit-4.13.jar:4.13]
	at org.junit.runners.BlockJUnit4ClassRunner$1.evaluate(BlockJUnit4ClassRunner.java:100) ~[junit-4.13.jar:4.13]
	at org.junit.runners.ParentRunner.runLeaf(ParentRunner.java:366) ~[junit-4.13.jar:4.13]
	at org.junit.runners.BlockJUnit4ClassRunner.runChild(BlockJUnit4ClassRunner.java:103) ~[junit-4.13.jar:4.13]
	at org.junit.runners.BlockJUnit4ClassRunner.runChild(BlockJUnit4ClassRunner.java:63) ~[junit-4.13.jar:4.13]
	at org.junit.runners.ParentRunner$4.run(ParentRunner.java:331) ~[junit-4.13.jar:4.13]
	at org.junit.runners.ParentRunner$1.schedule(ParentRunner.java:79) ~[junit-4.13.jar:4.13]
	at org.junit.runners.ParentRunner.runChildren(ParentRunner.java:329) ~[junit-4.13.jar:4.13]
	at org.junit.runners.ParentRunner.access$100(ParentRunner.java:66) ~[junit-4.13.jar:4.13]
	at org.junit.runners.ParentRunner$2.evaluate(ParentRunner.java:293) ~[junit-4.13.jar:4.13]
	at org.junit.runners.ParentRunner$3.evaluate(ParentRunner.java:306) ~[junit-4.13.jar:4.13]
	at org.junit.runners.ParentRunner.run(ParentRunner.java:413) ~[junit-4.13.jar:4.13]
	at org.junit.runner.JUnitCore.run(JUnitCore.java:137) ~[junit-4.13.jar:4.13]
	at org.junit.runner.JUnitCore.run(JUnitCore.java:115) ~[junit-4.13.jar:4.13]
	at org.junit.vintage.engine.execution.RunnerExecutor.execute(RunnerExecutor.java:43) ~[junit-vintage-engine-5.6.2.jar:5.6.2]
	at java.util.stream.ForEachOps$ForEachOp$OfRef.accept(ForEachOps.java:183) ~[?:1.8.0_402]
	at java.util.stream.ReferencePipeline$3$1.accept(ReferencePipeline.java:193) ~[?:1.8.0_402]
	at java.util.Iterator.forEachRemaining(Iterator.java:116) ~[?:1.8.0_402]
	at java.util.Spliterators$IteratorSpliterator.forEachRemaining(Spliterators.java:1801) ~[?:1.8.0_402]
	at java.util.stream.AbstractPipeline.copyInto(AbstractPipeline.java:482) ~[?:1.8.0_402]
	at java.util.stream.AbstractPipeline.wrapAndCopyInto(AbstractPipeline.java:472) ~[?:1.8.0_402]
	at java.util.stream.ForEachOps$ForEachOp.evaluateSequential(ForEachOps.java:150) ~[?:1.8.0_402]
	at java.util.stream.ForEachOps$ForEachOp$OfRef.evaluateSequential(ForEachOps.java:173) ~[?:1.8.0_402]
	at java.util.stream.AbstractPipeline.evaluate(AbstractPipeline.java:234) ~[?:1.8.0_402]
	at java.util.stream.ReferencePipeline.forEach(ReferencePipeline.java:485) ~[?:1.8.0_402]
	at org.junit.vintage.engine.VintageTestEngine.executeAllChildren(VintageTestEngine.java:82) ~[junit-vintage-engine-5.6.2.jar:5.6.2]
	at org.junit.vintage.engine.VintageTestEngine.execute(VintageTestEngine.java:73) ~[junit-vintage-engine-5.6.2.jar:5.6.2]
	at org.junit.platform.launcher.core.DefaultLauncher.execute(DefaultLauncher.java:248) ~[junit-platform-launcher-1.6.2.jar:1.6.2]
	at org.junit.platform.launcher.core.DefaultLauncher.lambda$execute$5(DefaultLauncher.java:211) ~[junit-platform-launcher-1.6.2.jar:1.6.2]
	at org.junit.platform.launcher.core.DefaultLauncher.withInterceptedStreams(DefaultLauncher.java:226) [junit-platform-launcher-1.6.2.jar:1.6.2]
	at org.junit.platform.launcher.core.DefaultLauncher.execute(DefaultLauncher.java:199) [junit-platform-launcher-1.6.2.jar:1.6.2]
	at org.junit.platform.launcher.core.DefaultLauncher.execute(DefaultLauncher.java:132) [junit-platform-launcher-1.6.2.jar:1.6.2]
	at org.apache.maven.surefire.junitplatform.JUnitPlatformProvider.invokeAllTests(JUnitPlatformProvider.java:154) [surefire-junit-platform-3.0.0-M4.jar:3.0.0-M4]
	at org.apache.maven.surefire.junitplatform.JUnitPlatformProvider.invoke(JUnitPlatformProvider.java:123) [surefire-junit-platform-3.0.0-M4.jar:3.0.0-M4]
	at org.apache.maven.surefire.booter.ForkedBooter.runSuitesInProcess(ForkedBooter.java:377) [surefire-booter-3.0.0-M4.jar:3.0.0-M4]
	at org.apache.maven.surefire.booter.ForkedBooter.execute(ForkedBooter.java:138) [surefire-booter-3.0.0-M4.jar:3.0.0-M4]
	at org.apache.maven.surefire.booter.ForkedBooter.run(ForkedBooter.java:465) [surefire-booter-3.0.0-M4.jar:3.0.0-M4]
	at org.apache.maven.surefire.booter.ForkedBooter.main(ForkedBooter.java:451) [surefire-booter-3.0.0-M4.jar:3.0.0-M4]
2024-04-24T12:35:27,055 ERROR [main] metastore.RetryingHMSHandler: AlreadyExistsException(message:Table hive.default.alerts already exists)
	at org.apache.hadoop.hive.metastore.HMSHandler.create_table_core(HMSHandler.java:2339)
	at org.apache.hadoop.hive.metastore.HMSHandler.create_table_req(HMSHandler.java:2598)
	at sun.reflect.NativeMethodAccessorImpl.invoke0(Native Method)
	at sun.reflect.NativeMethodAccessorImpl.invoke(NativeMethodAccessorImpl.java:62)
	at sun.reflect.DelegatingMethodAccessorImpl.invoke(DelegatingMethodAccessorImpl.java:43)
	at java.lang.reflect.Method.invoke(Method.java:498)
	at org.apache.hadoop.hive.metastore.RetryingHMSHandler.invokeInternal(RetryingHMSHandler.java:147)
	at org.apache.hadoop.hive.metastore.RetryingHMSHandler.invoke(RetryingHMSHandler.java:108)
	at com.sun.proxy.$Proxy38.create_table_req(Unknown Source)
	at org.apache.hadoop.hive.metastore.HiveMetaStoreClient.create_table_with_environment_context(HiveMetaStoreClient.java:4408)
	at org.apache.hadoop.hive.ql.metadata.SessionHiveMetaStoreClient.create_table_with_environment_context(SessionHiveMetaStoreClient.java:182)
	at org.apache.hadoop.hive.metastore.HiveMetaStoreClient.createTable(HiveMetaStoreClient.java:1260)
	at org.apache.hadoop.hive.metastore.HiveMetaStoreClient.createTable(HiveMetaStoreClient.java:1245)
	at sun.reflect.NativeMethodAccessorImpl.invoke0(Native Method)
	at sun.reflect.NativeMethodAccessorImpl.invoke(NativeMethodAccessorImpl.java:62)
	at sun.reflect.DelegatingMethodAccessorImpl.invoke(DelegatingMethodAccessorImpl.java:43)
	at java.lang.reflect.Method.invoke(Method.java:498)
	at org.apache.hadoop.hive.metastore.RetryingMetaStoreClient.invoke(RetryingMetaStoreClient.java:218)
	at com.sun.proxy.$Proxy47.createTable(Unknown Source)
	at org.apache.hadoop.hive.ql.metadata.Hive.createTable(Hive.java:1290)
	at org.apache.hadoop.hive.ql.metadata.Hive.createTable(Hive.java:1306)
	at org.apache.hadoop.hive.ql.ddl.table.create.CreateTableOperation.createTableNonReplaceMode(CreateTableOperation.java:140)
	at org.apache.hadoop.hive.ql.ddl.table.create.CreateTableOperation.execute(CreateTableOperation.java:98)
	at org.apache.hadoop.hive.ql.ddl.DDLTask.execute(DDLTask.java:84)
	at org.apache.hadoop.hive.ql.exec.Task.executeTask(Task.java:212)
	at org.apache.hadoop.hive.ql.exec.TaskRunner.runSequential(TaskRunner.java:105)
	at org.apache.hadoop.hive.ql.Executor.launchTask(Executor.java:361)
	at org.apache.hadoop.hive.ql.Executor.launchTasks(Executor.java:334)
	at org.apache.hadoop.hive.ql.Executor.runTasks(Executor.java:245)
	at org.apache.hadoop.hive.ql.Executor.execute(Executor.java:108)
	at org.apache.hadoop.hive.ql.Driver.execute(Driver.java:348)
	at org.apache.hadoop.hive.ql.Driver.runInternal(Driver.java:204)
	at org.apache.hadoop.hive.ql.Driver.run(Driver.java:153)
	at org.apache.hadoop.hive.ql.Driver.run(Driver.java:148)
	at org.apache.hadoop.hive.ql.reexec.ReExecDriver.run(ReExecDriver.java:164)
	at org.apache.hadoop.hive.ql.reexec.ReExecDriver.run(ReExecDriver.java:230)
	at org.apache.hive.streaming.TestStreamingDynamicPartitioning.runDDL(TestStreamingDynamicPartitioning.java:829)
	at org.apache.hive.streaming.TestStreamingDynamicPartitioning.createDbAndTable(TestStreamingDynamicPartitioning.java:885)
	at org.apache.hive.streaming.TestStreamingDynamicPartitioning.setup(TestStreamingDynamicPartitioning.java:155)
	at sun.reflect.NativeMethodAccessorImpl.invoke0(Native Method)
	at sun.reflect.NativeMethodAccessorImpl.invoke(NativeMethodAccessorImpl.java:62)
	at sun.reflect.DelegatingMethodAccessorImpl.invoke(DelegatingMethodAccessorImpl.java:43)
	at java.lang.reflect.Method.invoke(Method.java:498)
	at org.junit.runners.model.FrameworkMethod$1.runReflectiveCall(FrameworkMethod.java:59)
	at org.junit.internal.runners.model.ReflectiveCallable.run(ReflectiveCallable.java:12)
	at org.junit.runners.model.FrameworkMethod.invokeExplosively(FrameworkMethod.java:56)
	at org.junit.internal.runners.statements.RunBefores.invokeMethod(RunBefores.java:33)
	at org.junit.internal.runners.statements.RunBefores.evaluate(RunBefores.java:24)
	at org.junit.internal.runners.statements.RunAfters.evaluate(RunAfters.java:27)
	at org.junit.rules.ExternalResource$1.evaluate(ExternalResource.java:54)
	at org.junit.runners.ParentRunner$3.evaluate(ParentRunner.java:306)
	at org.junit.runners.BlockJUnit4ClassRunner$1.evaluate(BlockJUnit4ClassRunner.java:100)
	at org.junit.runners.ParentRunner.runLeaf(ParentRunner.java:366)
	at org.junit.runners.BlockJUnit4ClassRunner.runChild(BlockJUnit4ClassRunner.java:103)
	at org.junit.runners.BlockJUnit4ClassRunner.runChild(BlockJUnit4ClassRunner.java:63)
	at org.junit.runners.ParentRunner$4.run(ParentRunner.java:331)
	at org.junit.runners.ParentRunner$1.schedule(ParentRunner.java:79)
	at org.junit.runners.ParentRunner.runChildren(ParentRunner.java:329)
	at org.junit.runners.ParentRunner.access$100(ParentRunner.java:66)
	at org.junit.runners.ParentRunner$2.evaluate(ParentRunner.java:293)
	at org.junit.runners.ParentRunner$3.evaluate(ParentRunner.java:306)
	at org.junit.runners.ParentRunner.run(ParentRunner.java:413)
	at org.junit.runner.JUnitCore.run(JUnitCore.java:137)
	at org.junit.runner.JUnitCore.run(JUnitCore.java:115)
	at org.junit.vintage.engine.execution.RunnerExecutor.execute(RunnerExecutor.java:43)
	at java.util.stream.ForEachOps$ForEachOp$OfRef.accept(ForEachOps.java:183)
	at java.util.stream.ReferencePipeline$3$1.accept(ReferencePipeline.java:193)
	at java.util.Iterator.forEachRemaining(Iterator.java:116)
	at java.util.Spliterators$IteratorSpliterator.forEachRemaining(Spliterators.java:1801)
	at java.util.stream.AbstractPipeline.copyInto(AbstractPipeline.java:482)
	at java.util.stream.AbstractPipeline.wrapAndCopyInto(AbstractPipeline.java:472)
	at java.util.stream.ForEachOps$ForEachOp.evaluateSequential(ForEachOps.java:150)
	at java.util.stream.ForEachOps$ForEachOp$OfRef.evaluateSequential(ForEachOps.java:173)
	at java.util.stream.AbstractPipeline.evaluate(AbstractPipeline.java:234)
	at java.util.stream.ReferencePipeline.forEach(ReferencePipeline.java:485)
	at org.junit.vintage.engine.VintageTestEngine.executeAllChildren(VintageTestEngine.java:82)
	at org.junit.vintage.engine.VintageTestEngine.execute(VintageTestEngine.java:73)
	at org.junit.platform.launcher.core.DefaultLauncher.execute(DefaultLauncher.java:248)
	at org.junit.platform.launcher.core.DefaultLauncher.lambda$execute$5(DefaultLauncher.java:211)
	at org.junit.platform.launcher.core.DefaultLauncher.withInterceptedStreams(DefaultLauncher.java:226)
	at org.junit.platform.launcher.core.DefaultLauncher.execute(DefaultLauncher.java:199)
	at org.junit.platform.launcher.core.DefaultLauncher.execute(DefaultLauncher.java:132)
	at org.apache.maven.surefire.junitplatform.JUnitPlatformProvider.invokeAllTests(JUnitPlatformProvider.java:154)
	at org.apache.maven.surefire.junitplatform.JUnitPlatformProvider.invoke(JUnitPlatformProvider.java:123)
	at org.apache.maven.surefire.booter.ForkedBooter.runSuitesInProcess(ForkedBooter.java:377)
	at org.apache.maven.surefire.booter.ForkedBooter.execute(ForkedBooter.java:138)
	at org.apache.maven.surefire.booter.ForkedBooter.run(ForkedBooter.java:465)
	at org.apache.maven.surefire.booter.ForkedBooter.main(ForkedBooter.java:451)

2024-04-24T12:35:27,056 ERROR [main] exec.Task: Failed
org.apache.hadoop.hive.ql.metadata.HiveException: AlreadyExistsException(message:Table hive.default.alerts already exists)
	at org.apache.hadoop.hive.ql.metadata.Hive.createTable(Hive.java:1298) ~[classes/:?]
	at org.apache.hadoop.hive.ql.metadata.Hive.createTable(Hive.java:1306) ~[classes/:?]
	at org.apache.hadoop.hive.ql.ddl.table.create.CreateTableOperation.createTableNonReplaceMode(CreateTableOperation.java:140) ~[classes/:?]
	at org.apache.hadoop.hive.ql.ddl.table.create.CreateTableOperation.execute(CreateTableOperation.java:98) ~[classes/:?]
	at org.apache.hadoop.hive.ql.ddl.DDLTask.execute(DDLTask.java:84) ~[classes/:?]
	at org.apache.hadoop.hive.ql.exec.Task.executeTask(Task.java:212) ~[classes/:?]
	at org.apache.hadoop.hive.ql.exec.TaskRunner.runSequential(TaskRunner.java:105) ~[classes/:?]
	at org.apache.hadoop.hive.ql.Executor.launchTask(Executor.java:361) ~[classes/:?]
	at org.apache.hadoop.hive.ql.Executor.launchTasks(Executor.java:334) ~[classes/:?]
	at org.apache.hadoop.hive.ql.Executor.runTasks(Executor.java:245) ~[classes/:?]
	at org.apache.hadoop.hive.ql.Executor.execute(Executor.java:108) ~[classes/:?]
	at org.apache.hadoop.hive.ql.Driver.execute(Driver.java:348) ~[classes/:?]
	at org.apache.hadoop.hive.ql.Driver.runInternal(Driver.java:204) ~[classes/:?]
	at org.apache.hadoop.hive.ql.Driver.run(Driver.java:153) ~[classes/:?]
	at org.apache.hadoop.hive.ql.Driver.run(Driver.java:148) ~[classes/:?]
	at org.apache.hadoop.hive.ql.reexec.ReExecDriver.run(ReExecDriver.java:164) ~[classes/:?]
	at org.apache.hadoop.hive.ql.reexec.ReExecDriver.run(ReExecDriver.java:230) ~[classes/:?]
	at org.apache.hive.streaming.TestStreamingDynamicPartitioning.runDDL(TestStreamingDynamicPartitioning.java:829) ~[test-classes/:?]
	at org.apache.hive.streaming.TestStreamingDynamicPartitioning.createDbAndTable(TestStreamingDynamicPartitioning.java:885) ~[test-classes/:?]
	at org.apache.hive.streaming.TestStreamingDynamicPartitioning.setup(TestStreamingDynamicPartitioning.java:155) ~[test-classes/:?]
	at sun.reflect.NativeMethodAccessorImpl.invoke0(Native Method) ~[?:1.8.0_402]
	at sun.reflect.NativeMethodAccessorImpl.invoke(NativeMethodAccessorImpl.java:62) ~[?:1.8.0_402]
	at sun.reflect.DelegatingMethodAccessorImpl.invoke(DelegatingMethodAccessorImpl.java:43) ~[?:1.8.0_402]
	at java.lang.reflect.Method.invoke(Method.java:498) ~[?:1.8.0_402]
	at org.junit.runners.model.FrameworkMethod$1.runReflectiveCall(FrameworkMethod.java:59) ~[junit-4.13.jar:4.13]
	at org.junit.internal.runners.model.ReflectiveCallable.run(ReflectiveCallable.java:12) ~[junit-4.13.jar:4.13]
	at org.junit.runners.model.FrameworkMethod.invokeExplosively(FrameworkMethod.java:56) ~[junit-4.13.jar:4.13]
	at org.junit.internal.runners.statements.RunBefores.invokeMethod(RunBefores.java:33) ~[junit-4.13.jar:4.13]
	at org.junit.internal.runners.statements.RunBefores.evaluate(RunBefores.java:24) ~[junit-4.13.jar:4.13]
	at org.junit.internal.runners.statements.RunAfters.evaluate(RunAfters.java:27) ~[junit-4.13.jar:4.13]
	at org.junit.rules.ExternalResource$1.evaluate(ExternalResource.java:54) ~[junit-4.13.jar:4.13]
	at org.junit.runners.ParentRunner$3.evaluate(ParentRunner.java:306) ~[junit-4.13.jar:4.13]
	at org.junit.runners.BlockJUnit4ClassRunner$1.evaluate(BlockJUnit4ClassRunner.java:100) ~[junit-4.13.jar:4.13]
	at org.junit.runners.ParentRunner.runLeaf(ParentRunner.java:366) ~[junit-4.13.jar:4.13]
	at org.junit.runners.BlockJUnit4ClassRunner.runChild(BlockJUnit4ClassRunner.java:103) ~[junit-4.13.jar:4.13]
	at org.junit.runners.BlockJUnit4ClassRunner.runChild(BlockJUnit4ClassRunner.java:63) ~[junit-4.13.jar:4.13]
	at org.junit.runners.ParentRunner$4.run(ParentRunner.java:331) ~[junit-4.13.jar:4.13]
	at org.junit.runners.ParentRunner$1.schedule(ParentRunner.java:79) ~[junit-4.13.jar:4.13]
	at org.junit.runners.ParentRunner.runChildren(ParentRunner.java:329) ~[junit-4.13.jar:4.13]
	at org.junit.runners.ParentRunner.access$100(ParentRunner.java:66) ~[junit-4.13.jar:4.13]
	at org.junit.runners.ParentRunner$2.evaluate(ParentRunner.java:293) ~[junit-4.13.jar:4.13]
	at org.junit.runners.ParentRunner$3.evaluate(ParentRunner.java:306) ~[junit-4.13.jar:4.13]
	at org.junit.runners.ParentRunner.run(ParentRunner.java:413) ~[junit-4.13.jar:4.13]
	at org.junit.runner.JUnitCore.run(JUnitCore.java:137) ~[junit-4.13.jar:4.13]
	at org.junit.runner.JUnitCore.run(JUnitCore.java:115) ~[junit-4.13.jar:4.13]
	at org.junit.vintage.engine.execution.RunnerExecutor.execute(RunnerExecutor.java:43) ~[junit-vintage-engine-5.6.2.jar:5.6.2]
	at java.util.stream.ForEachOps$ForEachOp$OfRef.accept(ForEachOps.java:183) ~[?:1.8.0_402]
	at java.util.stream.ReferencePipeline$3$1.accept(ReferencePipeline.java:193) ~[?:1.8.0_402]
	at java.util.Iterator.forEachRemaining(Iterator.java:116) ~[?:1.8.0_402]
	at java.util.Spliterators$IteratorSpliterator.forEachRemaining(Spliterators.java:1801) ~[?:1.8.0_402]
	at java.util.stream.AbstractPipeline.copyInto(AbstractPipeline.java:482) ~[?:1.8.0_402]
	at java.util.stream.AbstractPipeline.wrapAndCopyInto(AbstractPipeline.java:472) ~[?:1.8.0_402]
	at java.util.stream.ForEachOps$ForEachOp.evaluateSequential(ForEachOps.java:150) ~[?:1.8.0_402]
	at java.util.stream.ForEachOps$ForEachOp$OfRef.evaluateSequential(ForEachOps.java:173) ~[?:1.8.0_402]
	at java.util.stream.AbstractPipeline.evaluate(AbstractPipeline.java:234) ~[?:1.8.0_402]
	at java.util.stream.ReferencePipeline.forEach(ReferencePipeline.java:485) ~[?:1.8.0_402]
	at org.junit.vintage.engine.VintageTestEngine.executeAllChildren(VintageTestEngine.java:82) ~[junit-vintage-engine-5.6.2.jar:5.6.2]
	at org.junit.vintage.engine.VintageTestEngine.execute(VintageTestEngine.java:73) ~[junit-vintage-engine-5.6.2.jar:5.6.2]
	at org.junit.platform.launcher.core.DefaultLauncher.execute(DefaultLauncher.java:248) ~[junit-platform-launcher-1.6.2.jar:1.6.2]
	at org.junit.platform.launcher.core.DefaultLauncher.lambda$execute$5(DefaultLauncher.java:211) ~[junit-platform-launcher-1.6.2.jar:1.6.2]
	at org.junit.platform.launcher.core.DefaultLauncher.withInterceptedStreams(DefaultLauncher.java:226) [junit-platform-launcher-1.6.2.jar:1.6.2]
	at org.junit.platform.launcher.core.DefaultLauncher.execute(DefaultLauncher.java:199) [junit-platform-launcher-1.6.2.jar:1.6.2]
	at org.junit.platform.launcher.core.DefaultLauncher.execute(DefaultLauncher.java:132) [junit-platform-launcher-1.6.2.jar:1.6.2]
	at org.apache.maven.surefire.junitplatform.JUnitPlatformProvider.invokeAllTests(JUnitPlatformProvider.java:154) [surefire-junit-platform-3.0.0-M4.jar:3.0.0-M4]
	at org.apache.maven.surefire.junitplatform.JUnitPlatformProvider.invoke(JUnitPlatformProvider.java:123) [surefire-junit-platform-3.0.0-M4.jar:3.0.0-M4]
	at org.apache.maven.surefire.booter.ForkedBooter.runSuitesInProcess(ForkedBooter.java:377) [surefire-booter-3.0.0-M4.jar:3.0.0-M4]
	at org.apache.maven.surefire.booter.ForkedBooter.execute(ForkedBooter.java:138) [surefire-booter-3.0.0-M4.jar:3.0.0-M4]
	at org.apache.maven.surefire.booter.ForkedBooter.run(ForkedBooter.java:465) [surefire-booter-3.0.0-M4.jar:3.0.0-M4]
	at org.apache.maven.surefire.booter.ForkedBooter.main(ForkedBooter.java:451) [surefire-booter-3.0.0-M4.jar:3.0.0-M4]
Caused by: org.apache.hadoop.hive.metastore.api.AlreadyExistsException: Table hive.default.alerts already exists
	at org.apache.hadoop.hive.metastore.HMSHandler.create_table_core(HMSHandler.java:2339) ~[classes/:?]
	at org.apache.hadoop.hive.metastore.HMSHandler.create_table_req(HMSHandler.java:2598) ~[classes/:?]
	at sun.reflect.NativeMethodAccessorImpl.invoke0(Native Method) ~[?:1.8.0_402]
	at sun.reflect.NativeMethodAccessorImpl.invoke(NativeMethodAccessorImpl.java:62) ~[?:1.8.0_402]
	at sun.reflect.DelegatingMethodAccessorImpl.invoke(DelegatingMethodAccessorImpl.java:43) ~[?:1.8.0_402]
	at java.lang.reflect.Method.invoke(Method.java:498) ~[?:1.8.0_402]
	at org.apache.hadoop.hive.metastore.RetryingHMSHandler.invokeInternal(RetryingHMSHandler.java:147) ~[classes/:?]
	at org.apache.hadoop.hive.metastore.RetryingHMSHandler.invoke(RetryingHMSHandler.java:108) ~[classes/:?]
	at com.sun.proxy.$Proxy38.create_table_req(Unknown Source) ~[?:?]
	at org.apache.hadoop.hive.metastore.HiveMetaStoreClient.create_table_with_environment_context(HiveMetaStoreClient.java:4408) ~[classes/:?]
	at org.apache.hadoop.hive.ql.metadata.SessionHiveMetaStoreClient.create_table_with_environment_context(SessionHiveMetaStoreClient.java:182) ~[classes/:?]
	at org.apache.hadoop.hive.metastore.HiveMetaStoreClient.createTable(HiveMetaStoreClient.java:1260) ~[classes/:?]
	at org.apache.hadoop.hive.metastore.HiveMetaStoreClient.createTable(HiveMetaStoreClient.java:1245) ~[classes/:?]
	at sun.reflect.NativeMethodAccessorImpl.invoke0(Native Method) ~[?:1.8.0_402]
	at sun.reflect.NativeMethodAccessorImpl.invoke(NativeMethodAccessorImpl.java:62) ~[?:1.8.0_402]
	at sun.reflect.DelegatingMethodAccessorImpl.invoke(DelegatingMethodAccessorImpl.java:43) ~[?:1.8.0_402]
	at java.lang.reflect.Method.invoke(Method.java:498) ~[?:1.8.0_402]
	at org.apache.hadoop.hive.metastore.RetryingMetaStoreClient.invoke(RetryingMetaStoreClient.java:218) ~[classes/:?]
	at com.sun.proxy.$Proxy47.createTable(Unknown Source) ~[?:?]
	at org.apache.hadoop.hive.ql.metadata.Hive.createTable(Hive.java:1290) ~[classes/:?]
	... 68 more
2024-04-24T12:35:27,057 ERROR [main] exec.Task: DDLTask failed, DDL Operation: class org.apache.hadoop.hive.ql.ddl.table.create.CreateTableOperation
org.apache.hadoop.hive.ql.metadata.HiveException: AlreadyExistsException(message:Table hive.default.alerts already exists)
	at org.apache.hadoop.hive.ql.metadata.Hive.createTable(Hive.java:1298) ~[classes/:?]
	at org.apache.hadoop.hive.ql.metadata.Hive.createTable(Hive.java:1306) ~[classes/:?]
	at org.apache.hadoop.hive.ql.ddl.table.create.CreateTableOperation.createTableNonReplaceMode(CreateTableOperation.java:140) ~[classes/:?]
	at org.apache.hadoop.hive.ql.ddl.table.create.CreateTableOperation.execute(CreateTableOperation.java:98) ~[classes/:?]
	at org.apache.hadoop.hive.ql.ddl.DDLTask.execute(DDLTask.java:84) ~[classes/:?]
	at org.apache.hadoop.hive.ql.exec.Task.executeTask(Task.java:212) ~[classes/:?]
	at org.apache.hadoop.hive.ql.exec.TaskRunner.runSequential(TaskRunner.java:105) ~[classes/:?]
	at org.apache.hadoop.hive.ql.Executor.launchTask(Executor.java:361) ~[classes/:?]
	at org.apache.hadoop.hive.ql.Executor.launchTasks(Executor.java:334) ~[classes/:?]
	at org.apache.hadoop.hive.ql.Executor.runTasks(Executor.java:245) ~[classes/:?]
	at org.apache.hadoop.hive.ql.Executor.execute(Executor.java:108) ~[classes/:?]
	at org.apache.hadoop.hive.ql.Driver.execute(Driver.java:348) ~[classes/:?]
	at org.apache.hadoop.hive.ql.Driver.runInternal(Driver.java:204) ~[classes/:?]
	at org.apache.hadoop.hive.ql.Driver.run(Driver.java:153) ~[classes/:?]
	at org.apache.hadoop.hive.ql.Driver.run(Driver.java:148) ~[classes/:?]
	at org.apache.hadoop.hive.ql.reexec.ReExecDriver.run(ReExecDriver.java:164) ~[classes/:?]
	at org.apache.hadoop.hive.ql.reexec.ReExecDriver.run(ReExecDriver.java:230) ~[classes/:?]
	at org.apache.hive.streaming.TestStreamingDynamicPartitioning.runDDL(TestStreamingDynamicPartitioning.java:829) ~[test-classes/:?]
	at org.apache.hive.streaming.TestStreamingDynamicPartitioning.createDbAndTable(TestStreamingDynamicPartitioning.java:885) ~[test-classes/:?]
	at org.apache.hive.streaming.TestStreamingDynamicPartitioning.setup(TestStreamingDynamicPartitioning.java:155) ~[test-classes/:?]
	at sun.reflect.NativeMethodAccessorImpl.invoke0(Native Method) ~[?:1.8.0_402]
	at sun.reflect.NativeMethodAccessorImpl.invoke(NativeMethodAccessorImpl.java:62) ~[?:1.8.0_402]
	at sun.reflect.DelegatingMethodAccessorImpl.invoke(DelegatingMethodAccessorImpl.java:43) ~[?:1.8.0_402]
	at java.lang.reflect.Method.invoke(Method.java:498) ~[?:1.8.0_402]
	at org.junit.runners.model.FrameworkMethod$1.runReflectiveCall(FrameworkMethod.java:59) ~[junit-4.13.jar:4.13]
	at org.junit.internal.runners.model.ReflectiveCallable.run(ReflectiveCallable.java:12) ~[junit-4.13.jar:4.13]
	at org.junit.runners.model.FrameworkMethod.invokeExplosively(FrameworkMethod.java:56) ~[junit-4.13.jar:4.13]
	at org.junit.internal.runners.statements.RunBefores.invokeMethod(RunBefores.java:33) ~[junit-4.13.jar:4.13]
	at org.junit.internal.runners.statements.RunBefores.evaluate(RunBefores.java:24) ~[junit-4.13.jar:4.13]
	at org.junit.internal.runners.statements.RunAfters.evaluate(RunAfters.java:27) ~[junit-4.13.jar:4.13]
	at org.junit.rules.ExternalResource$1.evaluate(ExternalResource.java:54) ~[junit-4.13.jar:4.13]
	at org.junit.runners.ParentRunner$3.evaluate(ParentRunner.java:306) ~[junit-4.13.jar:4.13]
	at org.junit.runners.BlockJUnit4ClassRunner$1.evaluate(BlockJUnit4ClassRunner.java:100) ~[junit-4.13.jar:4.13]
	at org.junit.runners.ParentRunner.runLeaf(ParentRunner.java:366) ~[junit-4.13.jar:4.13]
	at org.junit.runners.BlockJUnit4ClassRunner.runChild(BlockJUnit4ClassRunner.java:103) ~[junit-4.13.jar:4.13]
	at org.junit.runners.BlockJUnit4ClassRunner.runChild(BlockJUnit4ClassRunner.java:63) ~[junit-4.13.jar:4.13]
	at org.junit.runners.ParentRunner$4.run(ParentRunner.java:331) ~[junit-4.13.jar:4.13]
	at org.junit.runners.ParentRunner$1.schedule(ParentRunner.java:79) ~[junit-4.13.jar:4.13]
	at org.junit.runners.ParentRunner.runChildren(ParentRunner.java:329) ~[junit-4.13.jar:4.13]
	at org.junit.runners.ParentRunner.access$100(ParentRunner.java:66) ~[junit-4.13.jar:4.13]
	at org.junit.runners.ParentRunner$2.evaluate(ParentRunner.java:293) ~[junit-4.13.jar:4.13]
	at org.junit.runners.ParentRunner$3.evaluate(ParentRunner.java:306) ~[junit-4.13.jar:4.13]
	at org.junit.runners.ParentRunner.run(ParentRunner.java:413) ~[junit-4.13.jar:4.13]
	at org.junit.runner.JUnitCore.run(JUnitCore.java:137) ~[junit-4.13.jar:4.13]
	at org.junit.runner.JUnitCore.run(JUnitCore.java:115) ~[junit-4.13.jar:4.13]
	at org.junit.vintage.engine.execution.RunnerExecutor.execute(RunnerExecutor.java:43) ~[junit-vintage-engine-5.6.2.jar:5.6.2]
	at java.util.stream.ForEachOps$ForEachOp$OfRef.accept(ForEachOps.java:183) ~[?:1.8.0_402]
	at java.util.stream.ReferencePipeline$3$1.accept(ReferencePipeline.java:193) ~[?:1.8.0_402]
	at java.util.Iterator.forEachRemaining(Iterator.java:116) ~[?:1.8.0_402]
	at java.util.Spliterators$IteratorSpliterator.forEachRemaining(Spliterators.java:1801) ~[?:1.8.0_402]
	at java.util.stream.AbstractPipeline.copyInto(AbstractPipeline.java:482) ~[?:1.8.0_402]
	at java.util.stream.AbstractPipeline.wrapAndCopyInto(AbstractPipeline.java:472) ~[?:1.8.0_402]
	at java.util.stream.ForEachOps$ForEachOp.evaluateSequential(ForEachOps.java:150) ~[?:1.8.0_402]
	at java.util.stream.ForEachOps$ForEachOp$OfRef.evaluateSequential(ForEachOps.java:173) ~[?:1.8.0_402]
	at java.util.stream.AbstractPipeline.evaluate(AbstractPipeline.java:234) ~[?:1.8.0_402]
	at java.util.stream.ReferencePipeline.forEach(ReferencePipeline.java:485) ~[?:1.8.0_402]
	at org.junit.vintage.engine.VintageTestEngine.executeAllChildren(VintageTestEngine.java:82) ~[junit-vintage-engine-5.6.2.jar:5.6.2]
	at org.junit.vintage.engine.VintageTestEngine.execute(VintageTestEngine.java:73) ~[junit-vintage-engine-5.6.2.jar:5.6.2]
	at org.junit.platform.launcher.core.DefaultLauncher.execute(DefaultLauncher.java:248) ~[junit-platform-launcher-1.6.2.jar:1.6.2]
	at org.junit.platform.launcher.core.DefaultLauncher.lambda$execute$5(DefaultLauncher.java:211) ~[junit-platform-launcher-1.6.2.jar:1.6.2]
	at org.junit.platform.launcher.core.DefaultLauncher.withInterceptedStreams(DefaultLauncher.java:226) [junit-platform-launcher-1.6.2.jar:1.6.2]
	at org.junit.platform.launcher.core.DefaultLauncher.execute(DefaultLauncher.java:199) [junit-platform-launcher-1.6.2.jar:1.6.2]
	at org.junit.platform.launcher.core.DefaultLauncher.execute(DefaultLauncher.java:132) [junit-platform-launcher-1.6.2.jar:1.6.2]
	at org.apache.maven.surefire.junitplatform.JUnitPlatformProvider.invokeAllTests(JUnitPlatformProvider.java:154) [surefire-junit-platform-3.0.0-M4.jar:3.0.0-M4]
	at org.apache.maven.surefire.junitplatform.JUnitPlatformProvider.invoke(JUnitPlatformProvider.java:123) [surefire-junit-platform-3.0.0-M4.jar:3.0.0-M4]
	at org.apache.maven.surefire.booter.ForkedBooter.runSuitesInProcess(ForkedBooter.java:377) [surefire-booter-3.0.0-M4.jar:3.0.0-M4]
	at org.apache.maven.surefire.booter.ForkedBooter.execute(ForkedBooter.java:138) [surefire-booter-3.0.0-M4.jar:3.0.0-M4]
	at org.apache.maven.surefire.booter.ForkedBooter.run(ForkedBooter.java:465) [surefire-booter-3.0.0-M4.jar:3.0.0-M4]
	at org.apache.maven.surefire.booter.ForkedBooter.main(ForkedBooter.java:451) [surefire-booter-3.0.0-M4.jar:3.0.0-M4]
Caused by: org.apache.hadoop.hive.metastore.api.AlreadyExistsException: Table hive.default.alerts already exists
	at org.apache.hadoop.hive.metastore.HMSHandler.create_table_core(HMSHandler.java:2339) ~[classes/:?]
	at org.apache.hadoop.hive.metastore.HMSHandler.create_table_req(HMSHandler.java:2598) ~[classes/:?]
	at sun.reflect.NativeMethodAccessorImpl.invoke0(Native Method) ~[?:1.8.0_402]
	at sun.reflect.NativeMethodAccessorImpl.invoke(NativeMethodAccessorImpl.java:62) ~[?:1.8.0_402]
	at sun.reflect.DelegatingMethodAccessorImpl.invoke(DelegatingMethodAccessorImpl.java:43) ~[?:1.8.0_402]
	at java.lang.reflect.Method.invoke(Method.java:498) ~[?:1.8.0_402]
	at org.apache.hadoop.hive.metastore.RetryingHMSHandler.invokeInternal(RetryingHMSHandler.java:147) ~[classes/:?]
	at org.apache.hadoop.hive.metastore.RetryingHMSHandler.invoke(RetryingHMSHandler.java:108) ~[classes/:?]
	at com.sun.proxy.$Proxy38.create_table_req(Unknown Source) ~[?:?]
	at org.apache.hadoop.hive.metastore.HiveMetaStoreClient.create_table_with_environment_context(HiveMetaStoreClient.java:4408) ~[classes/:?]
	at org.apache.hadoop.hive.ql.metadata.SessionHiveMetaStoreClient.create_table_with_environment_context(SessionHiveMetaStoreClient.java:182) ~[classes/:?]
	at org.apache.hadoop.hive.metastore.HiveMetaStoreClient.createTable(HiveMetaStoreClient.java:1260) ~[classes/:?]
	at org.apache.hadoop.hive.metastore.HiveMetaStoreClient.createTable(HiveMetaStoreClient.java:1245) ~[classes/:?]
	at sun.reflect.NativeMethodAccessorImpl.invoke0(Native Method) ~[?:1.8.0_402]
	at sun.reflect.NativeMethodAccessorImpl.invoke(NativeMethodAccessorImpl.java:62) ~[?:1.8.0_402]
	at sun.reflect.DelegatingMethodAccessorImpl.invoke(DelegatingMethodAccessorImpl.java:43) ~[?:1.8.0_402]
	at java.lang.reflect.Method.invoke(Method.java:498) ~[?:1.8.0_402]
	at org.apache.hadoop.hive.metastore.RetryingMetaStoreClient.invoke(RetryingMetaStoreClient.java:218) ~[classes/:?]
	at com.sun.proxy.$Proxy47.createTable(Unknown Source) ~[?:?]
	at org.apache.hadoop.hive.ql.metadata.Hive.createTable(Hive.java:1290) ~[classes/:?]
	... 68 more
2024-04-24T12:35:27,058  INFO [main] reexec.ReOptimizePlugin: ReOptimization: retryPossible: false
2024-04-24T12:35:27,058  INFO [main] reexec.ReExecuteLostAMQueryPlugin: Got exception message: AlreadyExistsException(message:Table hive.default.alerts already exists) retryPossible: false
2024-04-24T12:35:27,058  INFO [main] reexec.ReExecutionDagSubmitPlugin: Got exception message: AlreadyExistsException(message:Table hive.default.alerts already exists) retryPossible: false
FAILED: Execution Error, return code 40000 from org.apache.hadoop.hive.ql.ddl.DDLTask. AlreadyExistsException(message:Table hive.default.alerts already exists)
2024-04-24T12:35:27,058 ERROR [main] ql.Driver: FAILED: Execution Error, return code 40000 from org.apache.hadoop.hive.ql.ddl.DDLTask. AlreadyExistsException(message:Table hive.default.alerts already exists)
2024-04-24T12:35:27,058  INFO [main] metadata.Hive: Dumping metastore api call timing information for : execution phase
2024-04-24T12:35:27,058  INFO [main] metadata.Hive: Total time spent in each metastore function (ms): {isCompatibleWith_(Configuration)=0}
2024-04-24T12:35:27,058  INFO [main] ql.Driver: Completed executing command(queryId=alex_20240424123526_6e8bb447-bbff-4c22-bc78-e26ab60a6106); Time taken: 0.019 seconds
2024-04-24T12:35:27,058  INFO [main] lockmgr.DbTxnManager: Stopped heartbeat for query: alex_20240424123526_6e8bb447-bbff-4c22-bc78-e26ab60a6106
2024-04-24T12:35:27,060  INFO [main] txn.TxnHandler: Removed transactions: ([2]) from MIN_HISTORY_LEVEL
2024-04-24T12:35:27,064 ERROR [main] streaming.TestStreamingDynamicPartitioning: Statement: create table alerts ( id int,msg string ) partitioned by (Continent string,Country string ) clustered by ( id ) into 1 buckets  stored as orc  location 'raw:///home/alex/Repositories/hive/streaming/target/tmp/junit4925842365565336134/testing.db/alerts' TBLPROPERTIES ('transactional'='true')  failed: (responseCode = 40000, errorMessage = FAILED: Execution Error, return code 40000 from org.apache.hadoop.hive.ql.ddl.DDLTask. AlreadyExistsException(message:Table hive.default.alerts already exists), hiveErrorCode = 40000, SQLState = 08S01, exception = AlreadyExistsException(message:Table hive.default.alerts already exists))
2024-04-24T12:35:27,064  INFO [main] HiveMetaStore.audit: ugi=alex	ip=unknown-ip-addr	cmd=get_table_names_by_filter: db = @hive#testing2, filter = 	
2024-04-24T12:35:27,066  INFO [main] HiveMetaStore.audit: ugi=alex	ip=unknown-ip-addr	cmd=get_database: testing2	
2024-04-24T12:35:27,067  INFO [main] ql.Driver: Compiling command(queryId=alex_20240424123526_6e8bb447-bbff-4c22-bc78-e26ab60a6106): create database IF NOT EXISTS testing5 location 'raw:///home/alex/Repositories/hive/streaming/target/tmp/junit8040519233487860517/testing5.db'
2024-04-24T12:35:27,070  INFO [main] txn.TxnHandler: Added entries to MIN_HISTORY_LEVEL for current txns: ([3]) with min_open_txn: 1
2024-04-24T12:35:27,070  INFO [main] lockmgr.DbTxnManager: Opened txnid:3
2024-04-24T12:35:27,071  INFO [main] ql.Driver: Semantic Analysis Completed (retrial = false)
2024-04-24T12:35:27,071  INFO [main] ql.Driver: Created Hive schema: Schema(fieldSchemas:null, properties:null)
2024-04-24T12:35:27,072  INFO [main] metadata.Hive: Dumping metastore api call timing information for : compilation phase
2024-04-24T12:35:27,072  INFO [main] metadata.Hive: Total time spent in each metastore function (ms): {rollbackTxn_(long)=5, isCompatibleWith_(Configuration)=1, flushCache_()=0, getValidTxns_(long)=1, openTxn_(String, TxnType)=2}
2024-04-24T12:35:27,072  INFO [main] ql.Driver: Completed compiling command(queryId=alex_20240424123526_6e8bb447-bbff-4c22-bc78-e26ab60a6106); Time taken: 0.005 seconds
2024-04-24T12:35:27,072  INFO [main] reexec.ReExecDriver: Execution #1 of query
2024-04-24T12:35:27,072  INFO [main] lockmgr.DbTxnManager: Setting lock request transaction to txnid:3 for queryId=alex_20240424123526_6e8bb447-bbff-4c22-bc78-e26ab60a6106
2024-04-24T12:35:27,073  INFO [main] ql.Driver: Operation CREATEDATABASE obtained 0 locks
2024-04-24T12:35:27,073  INFO [main] ql.Driver: Executing command(queryId=alex_20240424123526_6e8bb447-bbff-4c22-bc78-e26ab60a6106): create database IF NOT EXISTS testing5 location 'raw:///home/alex/Repositories/hive/streaming/target/tmp/junit8040519233487860517/testing5.db'
PREHOOK: query: create database IF NOT EXISTS testing5 location 'raw:///home/alex/Repositories/hive/streaming/target/tmp/junit8040519233487860517/testing5.db'
2024-04-24T12:35:27,073  INFO [main] SessionState: PREHOOK: query: create database IF NOT EXISTS testing5 location 'raw:///home/alex/Repositories/hive/streaming/target/tmp/junit8040519233487860517/testing5.db'
PREHOOK: type: CREATEDATABASE
2024-04-24T12:35:27,073  INFO [main] SessionState: PREHOOK: type: CREATEDATABASE
PREHOOK: Output: database:testing5
2024-04-24T12:35:27,073  INFO [main] SessionState: PREHOOK: Output: database:testing5
PREHOOK: Output: raw:/home/alex/Repositories/hive/streaming/target/tmp/junit8040519233487860517/testing5.db
2024-04-24T12:35:27,073  INFO [main] SessionState: PREHOOK: Output: raw:/home/alex/Repositories/hive/streaming/target/tmp/junit8040519233487860517/testing5.db
2024-04-24T12:35:27,073  INFO [main] ql.Driver: Starting task [Stage-0:DDL] in serial mode
2024-04-24T12:35:27,074  INFO [main] HiveMetaStore.audit: ugi=alex	ip=unknown-ip-addr	cmd=create_database: Database(name:testing5, description:null, locationUri:raw:/home/alex/Repositories/hive/streaming/target/tmp/junit8040519233487860517/testing5.db, parameters:null, ownerName:alex, ownerType:USER, catalogName:hive, managedLocationUri:pfile:/home/alex/Repositories/hive/streaming/target/warehouse/testing5.db, type:NATIVE)	
2024-04-24T12:35:27,081 ERROR [main] metastore.RetryingHMSHandler: MetaException(message:Unable to create database managed directory pfile:/home/alex/Repositories/hive/streaming/target/warehouse/testing5.db, failed to create database testing5)
	at org.apache.hadoop.hive.metastore.HMSHandler.create_database_core(HMSHandler.java:1366)
	at org.apache.hadoop.hive.metastore.HMSHandler.create_database(HMSHandler.java:1486)
	at sun.reflect.NativeMethodAccessorImpl.invoke0(Native Method)
	at sun.reflect.NativeMethodAccessorImpl.invoke(NativeMethodAccessorImpl.java:62)
	at sun.reflect.DelegatingMethodAccessorImpl.invoke(DelegatingMethodAccessorImpl.java:43)
	at java.lang.reflect.Method.invoke(Method.java:498)
	at org.apache.hadoop.hive.metastore.RetryingHMSHandler.invokeInternal(RetryingHMSHandler.java:147)
	at org.apache.hadoop.hive.metastore.RetryingHMSHandler.invoke(RetryingHMSHandler.java:108)
	at com.sun.proxy.$Proxy38.create_database(Unknown Source)
	at org.apache.hadoop.hive.metastore.HiveMetaStoreClient.createDatabase(HiveMetaStoreClient.java:1151)
	at sun.reflect.NativeMethodAccessorImpl.invoke0(Native Method)
	at sun.reflect.NativeMethodAccessorImpl.invoke(NativeMethodAccessorImpl.java:62)
	at sun.reflect.DelegatingMethodAccessorImpl.invoke(DelegatingMethodAccessorImpl.java:43)
	at java.lang.reflect.Method.invoke(Method.java:498)
	at org.apache.hadoop.hive.metastore.RetryingMetaStoreClient.invoke(RetryingMetaStoreClient.java:218)
	at com.sun.proxy.$Proxy47.createDatabase(Unknown Source)
	at org.apache.hadoop.hive.ql.metadata.Hive.createDatabase(Hive.java:605)
	at org.apache.hadoop.hive.ql.ddl.database.create.CreateDatabaseOperation.execute(CreateDatabaseOperation.java:68)
	at org.apache.hadoop.hive.ql.ddl.DDLTask.execute(DDLTask.java:84)
	at org.apache.hadoop.hive.ql.exec.Task.executeTask(Task.java:212)
	at org.apache.hadoop.hive.ql.exec.TaskRunner.runSequential(TaskRunner.java:105)
	at org.apache.hadoop.hive.ql.Executor.launchTask(Executor.java:361)
	at org.apache.hadoop.hive.ql.Executor.launchTasks(Executor.java:334)
	at org.apache.hadoop.hive.ql.Executor.runTasks(Executor.java:245)
	at org.apache.hadoop.hive.ql.Executor.execute(Executor.java:108)
	at org.apache.hadoop.hive.ql.Driver.execute(Driver.java:348)
	at org.apache.hadoop.hive.ql.Driver.runInternal(Driver.java:204)
	at org.apache.hadoop.hive.ql.Driver.run(Driver.java:153)
	at org.apache.hadoop.hive.ql.Driver.run(Driver.java:148)
	at org.apache.hadoop.hive.ql.reexec.ReExecDriver.run(ReExecDriver.java:164)
	at org.apache.hadoop.hive.ql.reexec.ReExecDriver.run(ReExecDriver.java:230)
	at org.apache.hive.streaming.TestStreamingDynamicPartitioning.runDDL(TestStreamingDynamicPartitioning.java:829)
	at org.apache.hive.streaming.TestStreamingDynamicPartitioning.createStoreSales(TestStreamingDynamicPartitioning.java:177)
	at org.apache.hive.streaming.TestStreamingDynamicPartitioning.setup(TestStreamingDynamicPartitioning.java:160)
	at sun.reflect.NativeMethodAccessorImpl.invoke0(Native Method)
	at sun.reflect.NativeMethodAccessorImpl.invoke(NativeMethodAccessorImpl.java:62)
	at sun.reflect.DelegatingMethodAccessorImpl.invoke(DelegatingMethodAccessorImpl.java:43)
	at java.lang.reflect.Method.invoke(Method.java:498)
	at org.junit.runners.model.FrameworkMethod$1.runReflectiveCall(FrameworkMethod.java:59)
	at org.junit.internal.runners.model.ReflectiveCallable.run(ReflectiveCallable.java:12)
	at org.junit.runners.model.FrameworkMethod.invokeExplosively(FrameworkMethod.java:56)
	at org.junit.internal.runners.statements.RunBefores.invokeMethod(RunBefores.java:33)
	at org.junit.internal.runners.statements.RunBefores.evaluate(RunBefores.java:24)
	at org.junit.internal.runners.statements.RunAfters.evaluate(RunAfters.java:27)
	at org.junit.rules.ExternalResource$1.evaluate(ExternalResource.java:54)
	at org.junit.runners.ParentRunner$3.evaluate(ParentRunner.java:306)
	at org.junit.runners.BlockJUnit4ClassRunner$1.evaluate(BlockJUnit4ClassRunner.java:100)
	at org.junit.runners.ParentRunner.runLeaf(ParentRunner.java:366)
	at org.junit.runners.BlockJUnit4ClassRunner.runChild(BlockJUnit4ClassRunner.java:103)
	at org.junit.runners.BlockJUnit4ClassRunner.runChild(BlockJUnit4ClassRunner.java:63)
	at org.junit.runners.ParentRunner$4.run(ParentRunner.java:331)
	at org.junit.runners.ParentRunner$1.schedule(ParentRunner.java:79)
	at org.junit.runners.ParentRunner.runChildren(ParentRunner.java:329)
	at org.junit.runners.ParentRunner.access$100(ParentRunner.java:66)
	at org.junit.runners.ParentRunner$2.evaluate(ParentRunner.java:293)
	at org.junit.runners.ParentRunner$3.evaluate(ParentRunner.java:306)
	at org.junit.runners.ParentRunner.run(ParentRunner.java:413)
	at org.junit.runner.JUnitCore.run(JUnitCore.java:137)
	at org.junit.runner.JUnitCore.run(JUnitCore.java:115)
	at org.junit.vintage.engine.execution.RunnerExecutor.execute(RunnerExecutor.java:43)
	at java.util.stream.ForEachOps$ForEachOp$OfRef.accept(ForEachOps.java:183)
	at java.util.stream.ReferencePipeline$3$1.accept(ReferencePipeline.java:193)
	at java.util.Iterator.forEachRemaining(Iterator.java:116)
	at java.util.Spliterators$IteratorSpliterator.forEachRemaining(Spliterators.java:1801)
	at java.util.stream.AbstractPipeline.copyInto(AbstractPipeline.java:482)
	at java.util.stream.AbstractPipeline.wrapAndCopyInto(AbstractPipeline.java:472)
	at java.util.stream.ForEachOps$ForEachOp.evaluateSequential(ForEachOps.java:150)
	at java.util.stream.ForEachOps$ForEachOp$OfRef.evaluateSequential(ForEachOps.java:173)
	at java.util.stream.AbstractPipeline.evaluate(AbstractPipeline.java:234)
	at java.util.stream.ReferencePipeline.forEach(ReferencePipeline.java:485)
	at org.junit.vintage.engine.VintageTestEngine.executeAllChildren(VintageTestEngine.java:82)
	at org.junit.vintage.engine.VintageTestEngine.execute(VintageTestEngine.java:73)
	at org.junit.platform.launcher.core.DefaultLauncher.execute(DefaultLauncher.java:248)
	at org.junit.platform.launcher.core.DefaultLauncher.lambda$execute$5(DefaultLauncher.java:211)
	at org.junit.platform.launcher.core.DefaultLauncher.withInterceptedStreams(DefaultLauncher.java:226)
	at org.junit.platform.launcher.core.DefaultLauncher.execute(DefaultLauncher.java:199)
	at org.junit.platform.launcher.core.DefaultLauncher.execute(DefaultLauncher.java:132)
	at org.apache.maven.surefire.junitplatform.JUnitPlatformProvider.invokeAllTests(JUnitPlatformProvider.java:154)
	at org.apache.maven.surefire.junitplatform.JUnitPlatformProvider.invoke(JUnitPlatformProvider.java:123)
	at org.apache.maven.surefire.booter.ForkedBooter.runSuitesInProcess(ForkedBooter.java:377)
	at org.apache.maven.surefire.booter.ForkedBooter.execute(ForkedBooter.java:138)
	at org.apache.maven.surefire.booter.ForkedBooter.run(ForkedBooter.java:465)
	at org.apache.maven.surefire.booter.ForkedBooter.main(ForkedBooter.java:451)

2024-04-24T12:35:27,082 ERROR [main] exec.Task: Failed
org.apache.hadoop.hive.ql.metadata.HiveException: MetaException(message:Unable to create database managed directory pfile:/home/alex/Repositories/hive/streaming/target/warehouse/testing5.db, failed to create database testing5)
	at org.apache.hadoop.hive.ql.metadata.Hive.createDatabase(Hive.java:611) ~[classes/:?]
	at org.apache.hadoop.hive.ql.ddl.database.create.CreateDatabaseOperation.execute(CreateDatabaseOperation.java:68) ~[classes/:?]
	at org.apache.hadoop.hive.ql.ddl.DDLTask.execute(DDLTask.java:84) ~[classes/:?]
	at org.apache.hadoop.hive.ql.exec.Task.executeTask(Task.java:212) ~[classes/:?]
	at org.apache.hadoop.hive.ql.exec.TaskRunner.runSequential(TaskRunner.java:105) ~[classes/:?]
	at org.apache.hadoop.hive.ql.Executor.launchTask(Executor.java:361) ~[classes/:?]
	at org.apache.hadoop.hive.ql.Executor.launchTasks(Executor.java:334) ~[classes/:?]
	at org.apache.hadoop.hive.ql.Executor.runTasks(Executor.java:245) ~[classes/:?]
	at org.apache.hadoop.hive.ql.Executor.execute(Executor.java:108) ~[classes/:?]
	at org.apache.hadoop.hive.ql.Driver.execute(Driver.java:348) ~[classes/:?]
	at org.apache.hadoop.hive.ql.Driver.runInternal(Driver.java:204) ~[classes/:?]
	at org.apache.hadoop.hive.ql.Driver.run(Driver.java:153) ~[classes/:?]
	at org.apache.hadoop.hive.ql.Driver.run(Driver.java:148) ~[classes/:?]
	at org.apache.hadoop.hive.ql.reexec.ReExecDriver.run(ReExecDriver.java:164) ~[classes/:?]
	at org.apache.hadoop.hive.ql.reexec.ReExecDriver.run(ReExecDriver.java:230) ~[classes/:?]
	at org.apache.hive.streaming.TestStreamingDynamicPartitioning.runDDL(TestStreamingDynamicPartitioning.java:829) ~[test-classes/:?]
	at org.apache.hive.streaming.TestStreamingDynamicPartitioning.createStoreSales(TestStreamingDynamicPartitioning.java:177) ~[test-classes/:?]
	at org.apache.hive.streaming.TestStreamingDynamicPartitioning.setup(TestStreamingDynamicPartitioning.java:160) ~[test-classes/:?]
	at sun.reflect.NativeMethodAccessorImpl.invoke0(Native Method) ~[?:1.8.0_402]
	at sun.reflect.NativeMethodAccessorImpl.invoke(NativeMethodAccessorImpl.java:62) ~[?:1.8.0_402]
	at sun.reflect.DelegatingMethodAccessorImpl.invoke(DelegatingMethodAccessorImpl.java:43) ~[?:1.8.0_402]
	at java.lang.reflect.Method.invoke(Method.java:498) ~[?:1.8.0_402]
	at org.junit.runners.model.FrameworkMethod$1.runReflectiveCall(FrameworkMethod.java:59) ~[junit-4.13.jar:4.13]
	at org.junit.internal.runners.model.ReflectiveCallable.run(ReflectiveCallable.java:12) ~[junit-4.13.jar:4.13]
	at org.junit.runners.model.FrameworkMethod.invokeExplosively(FrameworkMethod.java:56) ~[junit-4.13.jar:4.13]
	at org.junit.internal.runners.statements.RunBefores.invokeMethod(RunBefores.java:33) ~[junit-4.13.jar:4.13]
	at org.junit.internal.runners.statements.RunBefores.evaluate(RunBefores.java:24) ~[junit-4.13.jar:4.13]
	at org.junit.internal.runners.statements.RunAfters.evaluate(RunAfters.java:27) ~[junit-4.13.jar:4.13]
	at org.junit.rules.ExternalResource$1.evaluate(ExternalResource.java:54) ~[junit-4.13.jar:4.13]
	at org.junit.runners.ParentRunner$3.evaluate(ParentRunner.java:306) ~[junit-4.13.jar:4.13]
	at org.junit.runners.BlockJUnit4ClassRunner$1.evaluate(BlockJUnit4ClassRunner.java:100) ~[junit-4.13.jar:4.13]
	at org.junit.runners.ParentRunner.runLeaf(ParentRunner.java:366) ~[junit-4.13.jar:4.13]
	at org.junit.runners.BlockJUnit4ClassRunner.runChild(BlockJUnit4ClassRunner.java:103) ~[junit-4.13.jar:4.13]
	at org.junit.runners.BlockJUnit4ClassRunner.runChild(BlockJUnit4ClassRunner.java:63) ~[junit-4.13.jar:4.13]
	at org.junit.runners.ParentRunner$4.run(ParentRunner.java:331) ~[junit-4.13.jar:4.13]
	at org.junit.runners.ParentRunner$1.schedule(ParentRunner.java:79) ~[junit-4.13.jar:4.13]
	at org.junit.runners.ParentRunner.runChildren(ParentRunner.java:329) ~[junit-4.13.jar:4.13]
	at org.junit.runners.ParentRunner.access$100(ParentRunner.java:66) ~[junit-4.13.jar:4.13]
	at org.junit.runners.ParentRunner$2.evaluate(ParentRunner.java:293) ~[junit-4.13.jar:4.13]
	at org.junit.runners.ParentRunner$3.evaluate(ParentRunner.java:306) ~[junit-4.13.jar:4.13]
	at org.junit.runners.ParentRunner.run(ParentRunner.java:413) ~[junit-4.13.jar:4.13]
	at org.junit.runner.JUnitCore.run(JUnitCore.java:137) ~[junit-4.13.jar:4.13]
	at org.junit.runner.JUnitCore.run(JUnitCore.java:115) ~[junit-4.13.jar:4.13]
	at org.junit.vintage.engine.execution.RunnerExecutor.execute(RunnerExecutor.java:43) ~[junit-vintage-engine-5.6.2.jar:5.6.2]
	at java.util.stream.ForEachOps$ForEachOp$OfRef.accept(ForEachOps.java:183) ~[?:1.8.0_402]
	at java.util.stream.ReferencePipeline$3$1.accept(ReferencePipeline.java:193) ~[?:1.8.0_402]
	at java.util.Iterator.forEachRemaining(Iterator.java:116) ~[?:1.8.0_402]
	at java.util.Spliterators$IteratorSpliterator.forEachRemaining(Spliterators.java:1801) ~[?:1.8.0_402]
	at java.util.stream.AbstractPipeline.copyInto(AbstractPipeline.java:482) ~[?:1.8.0_402]
	at java.util.stream.AbstractPipeline.wrapAndCopyInto(AbstractPipeline.java:472) ~[?:1.8.0_402]
	at java.util.stream.ForEachOps$ForEachOp.evaluateSequential(ForEachOps.java:150) ~[?:1.8.0_402]
	at java.util.stream.ForEachOps$ForEachOp$OfRef.evaluateSequential(ForEachOps.java:173) ~[?:1.8.0_402]
	at java.util.stream.AbstractPipeline.evaluate(AbstractPipeline.java:234) ~[?:1.8.0_402]
	at java.util.stream.ReferencePipeline.forEach(ReferencePipeline.java:485) ~[?:1.8.0_402]
	at org.junit.vintage.engine.VintageTestEngine.executeAllChildren(VintageTestEngine.java:82) ~[junit-vintage-engine-5.6.2.jar:5.6.2]
	at org.junit.vintage.engine.VintageTestEngine.execute(VintageTestEngine.java:73) ~[junit-vintage-engine-5.6.2.jar:5.6.2]
	at org.junit.platform.launcher.core.DefaultLauncher.execute(DefaultLauncher.java:248) ~[junit-platform-launcher-1.6.2.jar:1.6.2]
	at org.junit.platform.launcher.core.DefaultLauncher.lambda$execute$5(DefaultLauncher.java:211) ~[junit-platform-launcher-1.6.2.jar:1.6.2]
	at org.junit.platform.launcher.core.DefaultLauncher.withInterceptedStreams(DefaultLauncher.java:226) [junit-platform-launcher-1.6.2.jar:1.6.2]
	at org.junit.platform.launcher.core.DefaultLauncher.execute(DefaultLauncher.java:199) [junit-platform-launcher-1.6.2.jar:1.6.2]
	at org.junit.platform.launcher.core.DefaultLauncher.execute(DefaultLauncher.java:132) [junit-platform-launcher-1.6.2.jar:1.6.2]
	at org.apache.maven.surefire.junitplatform.JUnitPlatformProvider.invokeAllTests(JUnitPlatformProvider.java:154) [surefire-junit-platform-3.0.0-M4.jar:3.0.0-M4]
	at org.apache.maven.surefire.junitplatform.JUnitPlatformProvider.invoke(JUnitPlatformProvider.java:123) [surefire-junit-platform-3.0.0-M4.jar:3.0.0-M4]
	at org.apache.maven.surefire.booter.ForkedBooter.runSuitesInProcess(ForkedBooter.java:377) [surefire-booter-3.0.0-M4.jar:3.0.0-M4]
	at org.apache.maven.surefire.booter.ForkedBooter.execute(ForkedBooter.java:138) [surefire-booter-3.0.0-M4.jar:3.0.0-M4]
	at org.apache.maven.surefire.booter.ForkedBooter.run(ForkedBooter.java:465) [surefire-booter-3.0.0-M4.jar:3.0.0-M4]
	at org.apache.maven.surefire.booter.ForkedBooter.main(ForkedBooter.java:451) [surefire-booter-3.0.0-M4.jar:3.0.0-M4]
Caused by: org.apache.hadoop.hive.metastore.api.MetaException: Unable to create database managed directory pfile:/home/alex/Repositories/hive/streaming/target/warehouse/testing5.db, failed to create database testing5
	at org.apache.hadoop.hive.metastore.HMSHandler.create_database_core(HMSHandler.java:1366) ~[classes/:?]
	at org.apache.hadoop.hive.metastore.HMSHandler.create_database(HMSHandler.java:1486) ~[classes/:?]
	at sun.reflect.NativeMethodAccessorImpl.invoke0(Native Method) ~[?:1.8.0_402]
	at sun.reflect.NativeMethodAccessorImpl.invoke(NativeMethodAccessorImpl.java:62) ~[?:1.8.0_402]
	at sun.reflect.DelegatingMethodAccessorImpl.invoke(DelegatingMethodAccessorImpl.java:43) ~[?:1.8.0_402]
	at java.lang.reflect.Method.invoke(Method.java:498) ~[?:1.8.0_402]
	at org.apache.hadoop.hive.metastore.RetryingHMSHandler.invokeInternal(RetryingHMSHandler.java:147) ~[classes/:?]
	at org.apache.hadoop.hive.metastore.RetryingHMSHandler.invoke(RetryingHMSHandler.java:108) ~[classes/:?]
	at com.sun.proxy.$Proxy38.create_database(Unknown Source) ~[?:?]
	at org.apache.hadoop.hive.metastore.HiveMetaStoreClient.createDatabase(HiveMetaStoreClient.java:1151) ~[classes/:?]
	at sun.reflect.NativeMethodAccessorImpl.invoke0(Native Method) ~[?:1.8.0_402]
	at sun.reflect.NativeMethodAccessorImpl.invoke(NativeMethodAccessorImpl.java:62) ~[?:1.8.0_402]
	at sun.reflect.DelegatingMethodAccessorImpl.invoke(DelegatingMethodAccessorImpl.java:43) ~[?:1.8.0_402]
	at java.lang.reflect.Method.invoke(Method.java:498) ~[?:1.8.0_402]
	at org.apache.hadoop.hive.metastore.RetryingMetaStoreClient.invoke(RetryingMetaStoreClient.java:218) ~[classes/:?]
	at com.sun.proxy.$Proxy47.createDatabase(Unknown Source) ~[?:?]
	at org.apache.hadoop.hive.ql.metadata.Hive.createDatabase(Hive.java:605) ~[classes/:?]
	... 66 more
2024-04-24T12:35:27,082 ERROR [main] exec.Task: DDLTask failed, DDL Operation: class org.apache.hadoop.hive.ql.ddl.database.create.CreateDatabaseOperation
org.apache.hadoop.hive.ql.metadata.HiveException: MetaException(message:Unable to create database managed directory pfile:/home/alex/Repositories/hive/streaming/target/warehouse/testing5.db, failed to create database testing5)
	at org.apache.hadoop.hive.ql.metadata.Hive.createDatabase(Hive.java:611) ~[classes/:?]
	at org.apache.hadoop.hive.ql.ddl.database.create.CreateDatabaseOperation.execute(CreateDatabaseOperation.java:68) ~[classes/:?]
	at org.apache.hadoop.hive.ql.ddl.DDLTask.execute(DDLTask.java:84) ~[classes/:?]
	at org.apache.hadoop.hive.ql.exec.Task.executeTask(Task.java:212) ~[classes/:?]
	at org.apache.hadoop.hive.ql.exec.TaskRunner.runSequential(TaskRunner.java:105) ~[classes/:?]
	at org.apache.hadoop.hive.ql.Executor.launchTask(Executor.java:361) ~[classes/:?]
	at org.apache.hadoop.hive.ql.Executor.launchTasks(Executor.java:334) ~[classes/:?]
	at org.apache.hadoop.hive.ql.Executor.runTasks(Executor.java:245) ~[classes/:?]
	at org.apache.hadoop.hive.ql.Executor.execute(Executor.java:108) ~[classes/:?]
	at org.apache.hadoop.hive.ql.Driver.execute(Driver.java:348) ~[classes/:?]
	at org.apache.hadoop.hive.ql.Driver.runInternal(Driver.java:204) ~[classes/:?]
	at org.apache.hadoop.hive.ql.Driver.run(Driver.java:153) ~[classes/:?]
	at org.apache.hadoop.hive.ql.Driver.run(Driver.java:148) ~[classes/:?]
	at org.apache.hadoop.hive.ql.reexec.ReExecDriver.run(ReExecDriver.java:164) ~[classes/:?]
	at org.apache.hadoop.hive.ql.reexec.ReExecDriver.run(ReExecDriver.java:230) ~[classes/:?]
	at org.apache.hive.streaming.TestStreamingDynamicPartitioning.runDDL(TestStreamingDynamicPartitioning.java:829) ~[test-classes/:?]
	at org.apache.hive.streaming.TestStreamingDynamicPartitioning.createStoreSales(TestStreamingDynamicPartitioning.java:177) ~[test-classes/:?]
	at org.apache.hive.streaming.TestStreamingDynamicPartitioning.setup(TestStreamingDynamicPartitioning.java:160) ~[test-classes/:?]
	at sun.reflect.NativeMethodAccessorImpl.invoke0(Native Method) ~[?:1.8.0_402]
	at sun.reflect.NativeMethodAccessorImpl.invoke(NativeMethodAccessorImpl.java:62) ~[?:1.8.0_402]
	at sun.reflect.DelegatingMethodAccessorImpl.invoke(DelegatingMethodAccessorImpl.java:43) ~[?:1.8.0_402]
	at java.lang.reflect.Method.invoke(Method.java:498) ~[?:1.8.0_402]
	at org.junit.runners.model.FrameworkMethod$1.runReflectiveCall(FrameworkMethod.java:59) ~[junit-4.13.jar:4.13]
	at org.junit.internal.runners.model.ReflectiveCallable.run(ReflectiveCallable.java:12) ~[junit-4.13.jar:4.13]
	at org.junit.runners.model.FrameworkMethod.invokeExplosively(FrameworkMethod.java:56) ~[junit-4.13.jar:4.13]
	at org.junit.internal.runners.statements.RunBefores.invokeMethod(RunBefores.java:33) ~[junit-4.13.jar:4.13]
	at org.junit.internal.runners.statements.RunBefores.evaluate(RunBefores.java:24) ~[junit-4.13.jar:4.13]
	at org.junit.internal.runners.statements.RunAfters.evaluate(RunAfters.java:27) ~[junit-4.13.jar:4.13]
	at org.junit.rules.ExternalResource$1.evaluate(ExternalResource.java:54) ~[junit-4.13.jar:4.13]
	at org.junit.runners.ParentRunner$3.evaluate(ParentRunner.java:306) ~[junit-4.13.jar:4.13]
	at org.junit.runners.BlockJUnit4ClassRunner$1.evaluate(BlockJUnit4ClassRunner.java:100) ~[junit-4.13.jar:4.13]
	at org.junit.runners.ParentRunner.runLeaf(ParentRunner.java:366) ~[junit-4.13.jar:4.13]
	at org.junit.runners.BlockJUnit4ClassRunner.runChild(BlockJUnit4ClassRunner.java:103) ~[junit-4.13.jar:4.13]
	at org.junit.runners.BlockJUnit4ClassRunner.runChild(BlockJUnit4ClassRunner.java:63) ~[junit-4.13.jar:4.13]
	at org.junit.runners.ParentRunner$4.run(ParentRunner.java:331) ~[junit-4.13.jar:4.13]
	at org.junit.runners.ParentRunner$1.schedule(ParentRunner.java:79) ~[junit-4.13.jar:4.13]
	at org.junit.runners.ParentRunner.runChildren(ParentRunner.java:329) ~[junit-4.13.jar:4.13]
	at org.junit.runners.ParentRunner.access$100(ParentRunner.java:66) ~[junit-4.13.jar:4.13]
	at org.junit.runners.ParentRunner$2.evaluate(ParentRunner.java:293) ~[junit-4.13.jar:4.13]
	at org.junit.runners.ParentRunner$3.evaluate(ParentRunner.java:306) ~[junit-4.13.jar:4.13]
	at org.junit.runners.ParentRunner.run(ParentRunner.java:413) ~[junit-4.13.jar:4.13]
	at org.junit.runner.JUnitCore.run(JUnitCore.java:137) ~[junit-4.13.jar:4.13]
	at org.junit.runner.JUnitCore.run(JUnitCore.java:115) ~[junit-4.13.jar:4.13]
	at org.junit.vintage.engine.execution.RunnerExecutor.execute(RunnerExecutor.java:43) ~[junit-vintage-engine-5.6.2.jar:5.6.2]
	at java.util.stream.ForEachOps$ForEachOp$OfRef.accept(ForEachOps.java:183) ~[?:1.8.0_402]
	at java.util.stream.ReferencePipeline$3$1.accept(ReferencePipeline.java:193) ~[?:1.8.0_402]
	at java.util.Iterator.forEachRemaining(Iterator.java:116) ~[?:1.8.0_402]
	at java.util.Spliterators$IteratorSpliterator.forEachRemaining(Spliterators.java:1801) ~[?:1.8.0_402]
	at java.util.stream.AbstractPipeline.copyInto(AbstractPipeline.java:482) ~[?:1.8.0_402]
	at java.util.stream.AbstractPipeline.wrapAndCopyInto(AbstractPipeline.java:472) ~[?:1.8.0_402]
	at java.util.stream.ForEachOps$ForEachOp.evaluateSequential(ForEachOps.java:150) ~[?:1.8.0_402]
	at java.util.stream.ForEachOps$ForEachOp$OfRef.evaluateSequential(ForEachOps.java:173) ~[?:1.8.0_402]
	at java.util.stream.AbstractPipeline.evaluate(AbstractPipeline.java:234) ~[?:1.8.0_402]
	at java.util.stream.ReferencePipeline.forEach(ReferencePipeline.java:485) ~[?:1.8.0_402]
	at org.junit.vintage.engine.VintageTestEngine.executeAllChildren(VintageTestEngine.java:82) ~[junit-vintage-engine-5.6.2.jar:5.6.2]
	at org.junit.vintage.engine.VintageTestEngine.execute(VintageTestEngine.java:73) ~[junit-vintage-engine-5.6.2.jar:5.6.2]
	at org.junit.platform.launcher.core.DefaultLauncher.execute(DefaultLauncher.java:248) ~[junit-platform-launcher-1.6.2.jar:1.6.2]
	at org.junit.platform.launcher.core.DefaultLauncher.lambda$execute$5(DefaultLauncher.java:211) ~[junit-platform-launcher-1.6.2.jar:1.6.2]
	at org.junit.platform.launcher.core.DefaultLauncher.withInterceptedStreams(DefaultLauncher.java:226) [junit-platform-launcher-1.6.2.jar:1.6.2]
	at org.junit.platform.launcher.core.DefaultLauncher.execute(DefaultLauncher.java:199) [junit-platform-launcher-1.6.2.jar:1.6.2]
	at org.junit.platform.launcher.core.DefaultLauncher.execute(DefaultLauncher.java:132) [junit-platform-launcher-1.6.2.jar:1.6.2]
	at org.apache.maven.surefire.junitplatform.JUnitPlatformProvider.invokeAllTests(JUnitPlatformProvider.java:154) [surefire-junit-platform-3.0.0-M4.jar:3.0.0-M4]
	at org.apache.maven.surefire.junitplatform.JUnitPlatformProvider.invoke(JUnitPlatformProvider.java:123) [surefire-junit-platform-3.0.0-M4.jar:3.0.0-M4]
	at org.apache.maven.surefire.booter.ForkedBooter.runSuitesInProcess(ForkedBooter.java:377) [surefire-booter-3.0.0-M4.jar:3.0.0-M4]
	at org.apache.maven.surefire.booter.ForkedBooter.execute(ForkedBooter.java:138) [surefire-booter-3.0.0-M4.jar:3.0.0-M4]
	at org.apache.maven.surefire.booter.ForkedBooter.run(ForkedBooter.java:465) [surefire-booter-3.0.0-M4.jar:3.0.0-M4]
	at org.apache.maven.surefire.booter.ForkedBooter.main(ForkedBooter.java:451) [surefire-booter-3.0.0-M4.jar:3.0.0-M4]
Caused by: org.apache.hadoop.hive.metastore.api.MetaException: Unable to create database managed directory pfile:/home/alex/Repositories/hive/streaming/target/warehouse/testing5.db, failed to create database testing5
	at org.apache.hadoop.hive.metastore.HMSHandler.create_database_core(HMSHandler.java:1366) ~[classes/:?]
	at org.apache.hadoop.hive.metastore.HMSHandler.create_database(HMSHandler.java:1486) ~[classes/:?]
	at sun.reflect.NativeMethodAccessorImpl.invoke0(Native Method) ~[?:1.8.0_402]
	at sun.reflect.NativeMethodAccessorImpl.invoke(NativeMethodAccessorImpl.java:62) ~[?:1.8.0_402]
	at sun.reflect.DelegatingMethodAccessorImpl.invoke(DelegatingMethodAccessorImpl.java:43) ~[?:1.8.0_402]
	at java.lang.reflect.Method.invoke(Method.java:498) ~[?:1.8.0_402]
	at org.apache.hadoop.hive.metastore.RetryingHMSHandler.invokeInternal(RetryingHMSHandler.java:147) ~[classes/:?]
	at org.apache.hadoop.hive.metastore.RetryingHMSHandler.invoke(RetryingHMSHandler.java:108) ~[classes/:?]
	at com.sun.proxy.$Proxy38.create_database(Unknown Source) ~[?:?]
	at org.apache.hadoop.hive.metastore.HiveMetaStoreClient.createDatabase(HiveMetaStoreClient.java:1151) ~[classes/:?]
	at sun.reflect.NativeMethodAccessorImpl.invoke0(Native Method) ~[?:1.8.0_402]
	at sun.reflect.NativeMethodAccessorImpl.invoke(NativeMethodAccessorImpl.java:62) ~[?:1.8.0_402]
	at sun.reflect.DelegatingMethodAccessorImpl.invoke(DelegatingMethodAccessorImpl.java:43) ~[?:1.8.0_402]
	at java.lang.reflect.Method.invoke(Method.java:498) ~[?:1.8.0_402]
	at org.apache.hadoop.hive.metastore.RetryingMetaStoreClient.invoke(RetryingMetaStoreClient.java:218) ~[classes/:?]
	at com.sun.proxy.$Proxy47.createDatabase(Unknown Source) ~[?:?]
	at org.apache.hadoop.hive.ql.metadata.Hive.createDatabase(Hive.java:605) ~[classes/:?]
	... 66 more
2024-04-24T12:35:27,083  INFO [main] reexec.ReOptimizePlugin: ReOptimization: retryPossible: false
2024-04-24T12:35:27,083  INFO [main] reexec.ReExecuteLostAMQueryPlugin: Got exception message: MetaException(message:Unable to create database managed directory pfile:/home/alex/Repositories/hive/streaming/target/warehouse/testing5.db, failed to create database testing5) retryPossible: false
2024-04-24T12:35:27,083  INFO [main] reexec.ReExecutionDagSubmitPlugin: Got exception message: MetaException(message:Unable to create database managed directory pfile:/home/alex/Repositories/hive/streaming/target/warehouse/testing5.db, failed to create database testing5) retryPossible: false
FAILED: Execution Error, return code 40000 from org.apache.hadoop.hive.ql.ddl.DDLTask. MetaException(message:Unable to create database managed directory pfile:/home/alex/Repositories/hive/streaming/target/warehouse/testing5.db, failed to create database testing5)
2024-04-24T12:35:27,083 ERROR [main] ql.Driver: FAILED: Execution Error, return code 40000 from org.apache.hadoop.hive.ql.ddl.DDLTask. MetaException(message:Unable to create database managed directory pfile:/home/alex/Repositories/hive/streaming/target/warehouse/testing5.db, failed to create database testing5)
2024-04-24T12:35:27,083  INFO [main] metadata.Hive: Dumping metastore api call timing information for : execution phase
2024-04-24T12:35:27,083  INFO [main] metadata.Hive: Total time spent in each metastore function (ms): {isCompatibleWith_(Configuration)=1}
2024-04-24T12:35:27,084  INFO [main] ql.Driver: Completed executing command(queryId=alex_20240424123526_6e8bb447-bbff-4c22-bc78-e26ab60a6106); Time taken: 0.01 seconds
2024-04-24T12:35:27,084  INFO [main] lockmgr.DbTxnManager: Stopped heartbeat for query: alex_20240424123526_6e8bb447-bbff-4c22-bc78-e26ab60a6106
2024-04-24T12:35:27,087  INFO [main] txn.TxnHandler: Removed transactions: ([3]) from MIN_HISTORY_LEVEL
2024-04-24T12:35:27,090 ERROR [main] streaming.TestStreamingDynamicPartitioning: Statement: create database IF NOT EXISTS testing5 location 'raw:///home/alex/Repositories/hive/streaming/target/tmp/junit8040519233487860517/testing5.db' failed: (responseCode = 40000, errorMessage = FAILED: Execution Error, return code 40000 from org.apache.hadoop.hive.ql.ddl.DDLTask. MetaException(message:Unable to create database managed directory pfile:/home/alex/Repositories/hive/streaming/target/warehouse/testing5.db, failed to create database testing5), hiveErrorCode = 40000, SQLState = 08S01, exception = MetaException(message:Unable to create database managed directory pfile:/home/alex/Repositories/hive/streaming/target/warehouse/testing5.db, failed to create database testing5))
2024-04-24T12:35:27,090  INFO [main] HiveMetaStore.audit: ugi=alex	ip=unknown-ip-addr	cmd=Cleaning up thread local RawStore...	
2024-04-24T12:35:27,090  INFO [main] metastore.ObjectStore: RawStore: org.apache.hadoop.hive.metastore.ObjectStore@3df6494f, with PersistenceManager: org.datanucleus.api.jdo.JDOPersistenceManager@1b5f960a will be shutdown
2024-04-24T12:35:27,091  INFO [main] HiveMetaStore.audit: ugi=alex	ip=unknown-ip-addr	cmd=Done cleaning up thread local RawStore	
2024-04-24T12:35:27,091  INFO [main] metastore.HiveMetaStoreClient: Closed a connection to metastore, current connections: -23
]]></system-err>
  </testcase>
  <testcase name="testDPTwoLevelMissingPartitionValues" classname="org.apache.hive.streaming.TestStreamingDynamicPartitioning" time="0.188">
    <failure type="java.lang.AssertionError"><![CDATA[java.lang.AssertionError
	at org.junit.Assert.fail(Assert.java:87)
	at org.junit.Assert.assertTrue(Assert.java:42)
	at org.junit.Assert.assertTrue(Assert.java:53)
	at org.apache.hive.streaming.TestStreamingDynamicPartitioning.createStoreSales(TestStreamingDynamicPartitioning.java:178)
	at org.apache.hive.streaming.TestStreamingDynamicPartitioning.setup(TestStreamingDynamicPartitioning.java:160)
	at sun.reflect.NativeMethodAccessorImpl.invoke0(Native Method)
	at sun.reflect.NativeMethodAccessorImpl.invoke(NativeMethodAccessorImpl.java:62)
	at sun.reflect.DelegatingMethodAccessorImpl.invoke(DelegatingMethodAccessorImpl.java:43)
	at java.lang.reflect.Method.invoke(Method.java:498)
	at org.junit.runners.model.FrameworkMethod$1.runReflectiveCall(FrameworkMethod.java:59)
	at org.junit.internal.runners.model.ReflectiveCallable.run(ReflectiveCallable.java:12)
	at org.junit.runners.model.FrameworkMethod.invokeExplosively(FrameworkMethod.java:56)
	at org.junit.internal.runners.statements.RunBefores.invokeMethod(RunBefores.java:33)
	at org.junit.internal.runners.statements.RunBefores.evaluate(RunBefores.java:24)
	at org.junit.internal.runners.statements.RunAfters.evaluate(RunAfters.java:27)
	at org.junit.rules.ExternalResource$1.evaluate(ExternalResource.java:54)
	at org.junit.runners.ParentRunner$3.evaluate(ParentRunner.java:306)
	at org.junit.runners.BlockJUnit4ClassRunner$1.evaluate(BlockJUnit4ClassRunner.java:100)
	at org.junit.runners.ParentRunner.runLeaf(ParentRunner.java:366)
	at org.junit.runners.BlockJUnit4ClassRunner.runChild(BlockJUnit4ClassRunner.java:103)
	at org.junit.runners.BlockJUnit4ClassRunner.runChild(BlockJUnit4ClassRunner.java:63)
	at org.junit.runners.ParentRunner$4.run(ParentRunner.java:331)
	at org.junit.runners.ParentRunner$1.schedule(ParentRunner.java:79)
	at org.junit.runners.ParentRunner.runChildren(ParentRunner.java:329)
	at org.junit.runners.ParentRunner.access$100(ParentRunner.java:66)
	at org.junit.runners.ParentRunner$2.evaluate(ParentRunner.java:293)
	at org.junit.runners.ParentRunner$3.evaluate(ParentRunner.java:306)
	at org.junit.runners.ParentRunner.run(ParentRunner.java:413)
	at org.junit.runner.JUnitCore.run(JUnitCore.java:137)
	at org.junit.runner.JUnitCore.run(JUnitCore.java:115)
	at org.junit.vintage.engine.execution.RunnerExecutor.execute(RunnerExecutor.java:43)
	at java.util.stream.ForEachOps$ForEachOp$OfRef.accept(ForEachOps.java:183)
	at java.util.stream.ReferencePipeline$3$1.accept(ReferencePipeline.java:193)
	at java.util.Iterator.forEachRemaining(Iterator.java:116)
	at java.util.Spliterators$IteratorSpliterator.forEachRemaining(Spliterators.java:1801)
	at java.util.stream.AbstractPipeline.copyInto(AbstractPipeline.java:482)
	at java.util.stream.AbstractPipeline.wrapAndCopyInto(AbstractPipeline.java:472)
	at java.util.stream.ForEachOps$ForEachOp.evaluateSequential(ForEachOps.java:150)
	at java.util.stream.ForEachOps$ForEachOp$OfRef.evaluateSequential(ForEachOps.java:173)
	at java.util.stream.AbstractPipeline.evaluate(AbstractPipeline.java:234)
	at java.util.stream.ReferencePipeline.forEach(ReferencePipeline.java:485)
	at org.junit.vintage.engine.VintageTestEngine.executeAllChildren(VintageTestEngine.java:82)
	at org.junit.vintage.engine.VintageTestEngine.execute(VintageTestEngine.java:73)
	at org.junit.platform.launcher.core.DefaultLauncher.execute(DefaultLauncher.java:248)
	at org.junit.platform.launcher.core.DefaultLauncher.lambda$execute$5(DefaultLauncher.java:211)
	at org.junit.platform.launcher.core.DefaultLauncher.withInterceptedStreams(DefaultLauncher.java:226)
	at org.junit.platform.launcher.core.DefaultLauncher.execute(DefaultLauncher.java:199)
	at org.junit.platform.launcher.core.DefaultLauncher.execute(DefaultLauncher.java:132)
	at org.apache.maven.surefire.junitplatform.JUnitPlatformProvider.invokeAllTests(JUnitPlatformProvider.java:154)
	at org.apache.maven.surefire.junitplatform.JUnitPlatformProvider.invoke(JUnitPlatformProvider.java:123)
	at org.apache.maven.surefire.booter.ForkedBooter.runSuitesInProcess(ForkedBooter.java:377)
	at org.apache.maven.surefire.booter.ForkedBooter.execute(ForkedBooter.java:138)
	at org.apache.maven.surefire.booter.ForkedBooter.run(ForkedBooter.java:465)
	at org.apache.maven.surefire.booter.ForkedBooter.main(ForkedBooter.java:451)
]]></failure>
    <system-out><![CDATA[create database IF NOT EXISTS testing location 'raw:///home/alex/Repositories/hive/streaming/target/tmp/junit7118748884175909723/testing.db'
use testing
create table alerts ( id int,msg string ) partitioned by (Continent string,Country string ) clustered by ( id ) into 1 buckets  stored as orc  location 'raw:///home/alex/Repositories/hive/streaming/target/tmp/junit7118748884175909723/testing.db/alerts' TBLPROPERTIES ('transactional'='true') 
create database IF NOT EXISTS testing5 location 'raw:///home/alex/Repositories/hive/streaming/target/tmp/junit273111291491990629/testing5.db'
]]></system-out>
    <system-err><![CDATA[2024-04-24T12:35:27,132  WARN [main] conf.HiveConf: HiveConf of name hive.metastore.metadb.dir does not exist
2024-04-24T12:35:27,132  WARN [main] conf.HiveConf: HiveConf of name hive.llap.io.cache.orc.alloc.min does not exist
2024-04-24T12:35:27,132  WARN [main] conf.HiveConf: HiveConf of name hive.llap.io.cache.orc.arena.size does not exist
2024-04-24T12:35:27,132  WARN [main] conf.HiveConf: HiveConf of name hive.llap.io.cache.orc.size does not exist
2024-04-24T12:35:27,133  WARN [main] conf.HiveConf: HiveConf of name hive.llap.io.cache.orc.alloc.max does not exist
2024-04-24T12:35:27,133  WARN [main] conf.HiveConf: HiveConf of name hive.metastore.client.cache.recordStats does not exist
2024-04-24T12:35:27,133  WARN [main] conf.HiveConf: HiveConf of name hive.metastore.client.cache.maxSize does not exist
2024-04-24T12:35:27,133  WARN [main] conf.HiveConf: HiveConf of name hive.stats.key.prefix.reserve.length does not exist
2024-04-24T12:35:27,133  WARN [main] conf.HiveConf: HiveConf of name hive.dummyparam.test.server.specific.config.override does not exist
2024-04-24T12:35:27,133  WARN [main] conf.HiveConf: HiveConf of name hive.dummyparam.test.server.specific.config.metastoresite does not exist
2024-04-24T12:35:27,133  WARN [main] conf.HiveConf: HiveConf of name hive.dummyparam.test.server.specific.config.hivesite does not exist
2024-04-24T12:35:27,134  INFO [main] utils.TestTxnDbUtil: Cleaning transactional tables
2024-04-24T12:35:27,144  INFO [main] utils.TestTxnDbUtil: Creating transactional tables
2024-04-24T12:35:27,148  INFO [main] metastore.HiveMetaStoreClient: HMS client filtering is enabled.
2024-04-24T12:35:27,149  INFO [main] metastore.HMSHandler: 0: Opening raw store with implementation class:org.apache.hadoop.hive.metastore.ObjectStore
2024-04-24T12:35:27,149  INFO [main] metastore.PersistenceManagerProvider: Configuration datanucleus.autoStartMechanismMode is not set. Defaulting to 'ignored'
2024-04-24T12:35:27,149  INFO [main] metastore.ObjectStore: RawStore: org.apache.hadoop.hive.metastore.ObjectStore@52c6e959, with PersistenceManager: null will be shutdown
2024-04-24T12:35:27,150  INFO [main] metastore.ObjectStore: RawStore: org.apache.hadoop.hive.metastore.ObjectStore@52c6e959, with PersistenceManager: org.datanucleus.api.jdo.JDOPersistenceManager@4b475742 created in the thread with id: 1
2024-04-24T12:35:27,152  INFO [main] metastore.HMSHandler: Created RawStore: org.apache.hadoop.hive.metastore.ObjectStore@52c6e959 from thread id: 1
2024-04-24T12:35:27,153  INFO [main] metastore.HMSHandler: HMS server filtering is disabled by configuration
Hive Session ID = 90386cad-da2b-4c5a-8818-913258df72ab
2024-04-24T12:35:27,153  INFO [main] SessionState: Hive Session ID = 90386cad-da2b-4c5a-8818-913258df72ab
ivysettings.xml file not found in HIVE_HOME or HIVE_CONF_DIR,/home/alex/Repositories/hive/conf/ivysettings.xml will be used
2024-04-24T12:35:27,154  INFO [main] DependencyResolver: ivysettings.xml file not found in HIVE_HOME or HIVE_CONF_DIR,/home/alex/Repositories/hive/conf/ivysettings.xml will be used
2024-04-24T12:35:27,161  INFO [main] session.SessionState: Created HDFS directory: /home/alex/Repositories/hive/streaming/target/tmp/scratchdir/alex/90386cad-da2b-4c5a-8818-913258df72ab
2024-04-24T12:35:27,163  INFO [main] session.SessionState: Created local directory: /home/alex/Repositories/hive/streaming/target/tmp/localscratchdir/90386cad-da2b-4c5a-8818-913258df72ab
2024-04-24T12:35:27,166  INFO [main] session.SessionState: Created HDFS directory: /home/alex/Repositories/hive/streaming/target/tmp/scratchdir/alex/90386cad-da2b-4c5a-8818-913258df72ab/_tmp_space.db
2024-04-24T12:35:27,168  INFO [main] HiveMetaStore.audit: ugi=alex	ip=unknown-ip-addr	cmd=get_table_names_by_filter: db = @hive#testing, filter = 	
2024-04-24T12:35:27,170  INFO [main] HiveMetaStore.audit: ugi=alex	ip=unknown-ip-addr	cmd=get_database: testing	
2024-04-24T12:35:27,172  INFO [main] ql.Driver: Compiling command(queryId=alex_20240424123527_2af37323-0c4f-4d67-8504-888aa16fac90): create database IF NOT EXISTS testing location 'raw:///home/alex/Repositories/hive/streaming/target/tmp/junit7118748884175909723/testing.db'
2024-04-24T12:35:27,181  INFO [main] txn.TxnHandler: Added entries to MIN_HISTORY_LEVEL for current txns: ([1]) with min_open_txn: 1
2024-04-24T12:35:27,182  INFO [main] lockmgr.DbTxnManager: Opened txnid:1
2024-04-24T12:35:27,184  INFO [main] ql.Driver: Semantic Analysis Completed (retrial = false)
2024-04-24T12:35:27,184  INFO [main] ql.Driver: Created Hive schema: Schema(fieldSchemas:null, properties:null)
2024-04-24T12:35:27,184  INFO [main] metadata.Hive: Dumping metastore api call timing information for : compilation phase
2024-04-24T12:35:27,185  INFO [main] metadata.Hive: Total time spent in each metastore function (ms): {isCompatibleWith_(Configuration)=0, openTxn_(String, TxnType)=9, rollbackTxn_(long)=6, getValidTxns_(long)=2, flushCache_()=0}
2024-04-24T12:35:27,185  INFO [main] ql.Driver: Completed compiling command(queryId=alex_20240424123527_2af37323-0c4f-4d67-8504-888aa16fac90); Time taken: 0.012 seconds
2024-04-24T12:35:27,185  INFO [main] reexec.ReExecDriver: Execution #1 of query
2024-04-24T12:35:27,185  INFO [main] lockmgr.DbTxnManager: Setting lock request transaction to txnid:1 for queryId=alex_20240424123527_2af37323-0c4f-4d67-8504-888aa16fac90
2024-04-24T12:35:27,185  INFO [main] ql.Driver: Operation CREATEDATABASE obtained 0 locks
2024-04-24T12:35:27,185  INFO [main] ql.Driver: Executing command(queryId=alex_20240424123527_2af37323-0c4f-4d67-8504-888aa16fac90): create database IF NOT EXISTS testing location 'raw:///home/alex/Repositories/hive/streaming/target/tmp/junit7118748884175909723/testing.db'
PREHOOK: query: create database IF NOT EXISTS testing location 'raw:///home/alex/Repositories/hive/streaming/target/tmp/junit7118748884175909723/testing.db'
2024-04-24T12:35:27,185  INFO [main] SessionState: PREHOOK: query: create database IF NOT EXISTS testing location 'raw:///home/alex/Repositories/hive/streaming/target/tmp/junit7118748884175909723/testing.db'
PREHOOK: type: CREATEDATABASE
2024-04-24T12:35:27,185  INFO [main] SessionState: PREHOOK: type: CREATEDATABASE
PREHOOK: Output: database:testing
2024-04-24T12:35:27,185  INFO [main] SessionState: PREHOOK: Output: database:testing
PREHOOK: Output: raw:/home/alex/Repositories/hive/streaming/target/tmp/junit7118748884175909723/testing.db
2024-04-24T12:35:27,185  INFO [main] SessionState: PREHOOK: Output: raw:/home/alex/Repositories/hive/streaming/target/tmp/junit7118748884175909723/testing.db
2024-04-24T12:35:27,186  INFO [main] ql.Driver: Starting task [Stage-0:DDL] in serial mode
2024-04-24T12:35:27,186  INFO [main] sqlstd.SQLStdHiveAccessController: Created SQLStdHiveAccessController for session context : HiveAuthzSessionContext [sessionString=90386cad-da2b-4c5a-8818-913258df72ab, clientType=HIVECLI]
2024-04-24T12:35:27,186  INFO [main] metastore.HiveMetaStoreClient: Mestastore configuration metastore.filter.hook changed from org.apache.hadoop.hive.metastore.DefaultMetaStoreFilterHookImpl to org.apache.hadoop.hive.ql.security.authorization.plugin.AuthorizationMetaStoreFilterHook
2024-04-24T12:35:27,186  INFO [main] HiveMetaStore.audit: ugi=alex	ip=unknown-ip-addr	cmd=Cleaning up thread local RawStore...	
2024-04-24T12:35:27,186  INFO [main] metastore.ObjectStore: RawStore: org.apache.hadoop.hive.metastore.ObjectStore@52c6e959, with PersistenceManager: org.datanucleus.api.jdo.JDOPersistenceManager@4b475742 will be shutdown
2024-04-24T12:35:27,186  INFO [main] HiveMetaStore.audit: ugi=alex	ip=unknown-ip-addr	cmd=Done cleaning up thread local RawStore	
2024-04-24T12:35:27,186  INFO [main] metastore.HiveMetaStoreClient: Closed a connection to metastore, current connections: -24
2024-04-24T12:35:27,187  INFO [main] metastore.HiveMetaStoreClient: HMS client filtering is enabled.
2024-04-24T12:35:27,188  INFO [main] metastore.HMSHandler: 0: Opening raw store with implementation class:org.apache.hadoop.hive.metastore.ObjectStore
2024-04-24T12:35:27,188  INFO [main] metastore.PersistenceManagerProvider: Configuration datanucleus.autoStartMechanismMode is not set. Defaulting to 'ignored'
2024-04-24T12:35:27,188  INFO [main] metastore.ObjectStore: RawStore: org.apache.hadoop.hive.metastore.ObjectStore@48aaaed9, with PersistenceManager: null will be shutdown
2024-04-24T12:35:27,188  INFO [main] metastore.ObjectStore: RawStore: org.apache.hadoop.hive.metastore.ObjectStore@48aaaed9, with PersistenceManager: org.datanucleus.api.jdo.JDOPersistenceManager@116915f1 created in the thread with id: 1
2024-04-24T12:35:27,190  INFO [main] metastore.HMSHandler: Created RawStore: org.apache.hadoop.hive.metastore.ObjectStore@48aaaed9 from thread id: 1
2024-04-24T12:35:27,190  INFO [main] metastore.HMSHandler: HMS server filtering is disabled by configuration
2024-04-24T12:35:27,191  INFO [main] metastore.RetryingMetaStoreClient: RetryingMetaStoreClient proxy=class org.apache.hadoop.hive.ql.metadata.SessionHiveMetaStoreClient ugi=alex (auth:SIMPLE) retries=1 delay=1 lifetime=0
2024-04-24T12:35:27,191  INFO [main] metastore.HiveMetaStoreClient: HMS client filtering is enabled.
2024-04-24T12:35:27,192  INFO [main] metastore.PersistenceManagerProvider: Configuration datanucleus.autoStartMechanismMode is not set. Defaulting to 'ignored'
2024-04-24T12:35:27,192  INFO [main] metastore.ObjectStore: RawStore: org.apache.hadoop.hive.metastore.ObjectStore@48aaaed9, with PersistenceManager: org.datanucleus.api.jdo.JDOPersistenceManager@116915f1 will be shutdown
2024-04-24T12:35:27,192  INFO [main] metastore.ObjectStore: RawStore: org.apache.hadoop.hive.metastore.ObjectStore@48aaaed9, with PersistenceManager: org.datanucleus.api.jdo.JDOPersistenceManager@efa04b5 created in the thread with id: 1
2024-04-24T12:35:27,195  INFO [main] metastore.HMSHandler: HMS server filtering is disabled by configuration
2024-04-24T12:35:27,195  INFO [main] metastore.RetryingMetaStoreClient: RetryingMetaStoreClient proxy=class org.apache.hadoop.hive.ql.metadata.SessionHiveMetaStoreClient ugi=alex (auth:SIMPLE) retries=1 delay=1 lifetime=0
2024-04-24T12:35:27,195  INFO [main] HiveMetaStore.audit: ugi=alex	ip=unknown-ip-addr	cmd=create_database: Database(name:testing, description:null, locationUri:raw:/home/alex/Repositories/hive/streaming/target/tmp/junit7118748884175909723/testing.db, parameters:null, ownerName:alex, ownerType:USER, catalogName:hive, managedLocationUri:pfile:/home/alex/Repositories/hive/streaming/target/warehouse/testing.db, type:NATIVE)	
2024-04-24T12:35:27,201 ERROR [main] metastore.RetryingHMSHandler: MetaException(message:Unable to create database managed directory pfile:/home/alex/Repositories/hive/streaming/target/warehouse/testing.db, failed to create database testing)
	at org.apache.hadoop.hive.metastore.HMSHandler.create_database_core(HMSHandler.java:1366)
	at org.apache.hadoop.hive.metastore.HMSHandler.create_database(HMSHandler.java:1486)
	at sun.reflect.NativeMethodAccessorImpl.invoke0(Native Method)
	at sun.reflect.NativeMethodAccessorImpl.invoke(NativeMethodAccessorImpl.java:62)
	at sun.reflect.DelegatingMethodAccessorImpl.invoke(DelegatingMethodAccessorImpl.java:43)
	at java.lang.reflect.Method.invoke(Method.java:498)
	at org.apache.hadoop.hive.metastore.RetryingHMSHandler.invokeInternal(RetryingHMSHandler.java:147)
	at org.apache.hadoop.hive.metastore.RetryingHMSHandler.invoke(RetryingHMSHandler.java:108)
	at com.sun.proxy.$Proxy38.create_database(Unknown Source)
	at org.apache.hadoop.hive.metastore.HiveMetaStoreClient.createDatabase(HiveMetaStoreClient.java:1151)
	at sun.reflect.NativeMethodAccessorImpl.invoke0(Native Method)
	at sun.reflect.NativeMethodAccessorImpl.invoke(NativeMethodAccessorImpl.java:62)
	at sun.reflect.DelegatingMethodAccessorImpl.invoke(DelegatingMethodAccessorImpl.java:43)
	at java.lang.reflect.Method.invoke(Method.java:498)
	at org.apache.hadoop.hive.metastore.RetryingMetaStoreClient.invoke(RetryingMetaStoreClient.java:218)
	at com.sun.proxy.$Proxy47.createDatabase(Unknown Source)
	at org.apache.hadoop.hive.ql.metadata.Hive.createDatabase(Hive.java:605)
	at org.apache.hadoop.hive.ql.ddl.database.create.CreateDatabaseOperation.execute(CreateDatabaseOperation.java:68)
	at org.apache.hadoop.hive.ql.ddl.DDLTask.execute(DDLTask.java:84)
	at org.apache.hadoop.hive.ql.exec.Task.executeTask(Task.java:212)
	at org.apache.hadoop.hive.ql.exec.TaskRunner.runSequential(TaskRunner.java:105)
	at org.apache.hadoop.hive.ql.Executor.launchTask(Executor.java:361)
	at org.apache.hadoop.hive.ql.Executor.launchTasks(Executor.java:334)
	at org.apache.hadoop.hive.ql.Executor.runTasks(Executor.java:245)
	at org.apache.hadoop.hive.ql.Executor.execute(Executor.java:108)
	at org.apache.hadoop.hive.ql.Driver.execute(Driver.java:348)
	at org.apache.hadoop.hive.ql.Driver.runInternal(Driver.java:204)
	at org.apache.hadoop.hive.ql.Driver.run(Driver.java:153)
	at org.apache.hadoop.hive.ql.Driver.run(Driver.java:148)
	at org.apache.hadoop.hive.ql.reexec.ReExecDriver.run(ReExecDriver.java:164)
	at org.apache.hadoop.hive.ql.reexec.ReExecDriver.run(ReExecDriver.java:230)
	at org.apache.hive.streaming.TestStreamingDynamicPartitioning.runDDL(TestStreamingDynamicPartitioning.java:829)
	at org.apache.hive.streaming.TestStreamingDynamicPartitioning.createDbAndTable(TestStreamingDynamicPartitioning.java:875)
	at org.apache.hive.streaming.TestStreamingDynamicPartitioning.setup(TestStreamingDynamicPartitioning.java:155)
	at sun.reflect.NativeMethodAccessorImpl.invoke0(Native Method)
	at sun.reflect.NativeMethodAccessorImpl.invoke(NativeMethodAccessorImpl.java:62)
	at sun.reflect.DelegatingMethodAccessorImpl.invoke(DelegatingMethodAccessorImpl.java:43)
	at java.lang.reflect.Method.invoke(Method.java:498)
	at org.junit.runners.model.FrameworkMethod$1.runReflectiveCall(FrameworkMethod.java:59)
	at org.junit.internal.runners.model.ReflectiveCallable.run(ReflectiveCallable.java:12)
	at org.junit.runners.model.FrameworkMethod.invokeExplosively(FrameworkMethod.java:56)
	at org.junit.internal.runners.statements.RunBefores.invokeMethod(RunBefores.java:33)
	at org.junit.internal.runners.statements.RunBefores.evaluate(RunBefores.java:24)
	at org.junit.internal.runners.statements.RunAfters.evaluate(RunAfters.java:27)
	at org.junit.rules.ExternalResource$1.evaluate(ExternalResource.java:54)
	at org.junit.runners.ParentRunner$3.evaluate(ParentRunner.java:306)
	at org.junit.runners.BlockJUnit4ClassRunner$1.evaluate(BlockJUnit4ClassRunner.java:100)
	at org.junit.runners.ParentRunner.runLeaf(ParentRunner.java:366)
	at org.junit.runners.BlockJUnit4ClassRunner.runChild(BlockJUnit4ClassRunner.java:103)
	at org.junit.runners.BlockJUnit4ClassRunner.runChild(BlockJUnit4ClassRunner.java:63)
	at org.junit.runners.ParentRunner$4.run(ParentRunner.java:331)
	at org.junit.runners.ParentRunner$1.schedule(ParentRunner.java:79)
	at org.junit.runners.ParentRunner.runChildren(ParentRunner.java:329)
	at org.junit.runners.ParentRunner.access$100(ParentRunner.java:66)
	at org.junit.runners.ParentRunner$2.evaluate(ParentRunner.java:293)
	at org.junit.runners.ParentRunner$3.evaluate(ParentRunner.java:306)
	at org.junit.runners.ParentRunner.run(ParentRunner.java:413)
	at org.junit.runner.JUnitCore.run(JUnitCore.java:137)
	at org.junit.runner.JUnitCore.run(JUnitCore.java:115)
	at org.junit.vintage.engine.execution.RunnerExecutor.execute(RunnerExecutor.java:43)
	at java.util.stream.ForEachOps$ForEachOp$OfRef.accept(ForEachOps.java:183)
	at java.util.stream.ReferencePipeline$3$1.accept(ReferencePipeline.java:193)
	at java.util.Iterator.forEachRemaining(Iterator.java:116)
	at java.util.Spliterators$IteratorSpliterator.forEachRemaining(Spliterators.java:1801)
	at java.util.stream.AbstractPipeline.copyInto(AbstractPipeline.java:482)
	at java.util.stream.AbstractPipeline.wrapAndCopyInto(AbstractPipeline.java:472)
	at java.util.stream.ForEachOps$ForEachOp.evaluateSequential(ForEachOps.java:150)
	at java.util.stream.ForEachOps$ForEachOp$OfRef.evaluateSequential(ForEachOps.java:173)
	at java.util.stream.AbstractPipeline.evaluate(AbstractPipeline.java:234)
	at java.util.stream.ReferencePipeline.forEach(ReferencePipeline.java:485)
	at org.junit.vintage.engine.VintageTestEngine.executeAllChildren(VintageTestEngine.java:82)
	at org.junit.vintage.engine.VintageTestEngine.execute(VintageTestEngine.java:73)
	at org.junit.platform.launcher.core.DefaultLauncher.execute(DefaultLauncher.java:248)
	at org.junit.platform.launcher.core.DefaultLauncher.lambda$execute$5(DefaultLauncher.java:211)
	at org.junit.platform.launcher.core.DefaultLauncher.withInterceptedStreams(DefaultLauncher.java:226)
	at org.junit.platform.launcher.core.DefaultLauncher.execute(DefaultLauncher.java:199)
	at org.junit.platform.launcher.core.DefaultLauncher.execute(DefaultLauncher.java:132)
	at org.apache.maven.surefire.junitplatform.JUnitPlatformProvider.invokeAllTests(JUnitPlatformProvider.java:154)
	at org.apache.maven.surefire.junitplatform.JUnitPlatformProvider.invoke(JUnitPlatformProvider.java:123)
	at org.apache.maven.surefire.booter.ForkedBooter.runSuitesInProcess(ForkedBooter.java:377)
	at org.apache.maven.surefire.booter.ForkedBooter.execute(ForkedBooter.java:138)
	at org.apache.maven.surefire.booter.ForkedBooter.run(ForkedBooter.java:465)
	at org.apache.maven.surefire.booter.ForkedBooter.main(ForkedBooter.java:451)

2024-04-24T12:35:27,201 ERROR [main] exec.Task: Failed
org.apache.hadoop.hive.ql.metadata.HiveException: MetaException(message:Unable to create database managed directory pfile:/home/alex/Repositories/hive/streaming/target/warehouse/testing.db, failed to create database testing)
	at org.apache.hadoop.hive.ql.metadata.Hive.createDatabase(Hive.java:611) ~[classes/:?]
	at org.apache.hadoop.hive.ql.ddl.database.create.CreateDatabaseOperation.execute(CreateDatabaseOperation.java:68) ~[classes/:?]
	at org.apache.hadoop.hive.ql.ddl.DDLTask.execute(DDLTask.java:84) ~[classes/:?]
	at org.apache.hadoop.hive.ql.exec.Task.executeTask(Task.java:212) ~[classes/:?]
	at org.apache.hadoop.hive.ql.exec.TaskRunner.runSequential(TaskRunner.java:105) ~[classes/:?]
	at org.apache.hadoop.hive.ql.Executor.launchTask(Executor.java:361) ~[classes/:?]
	at org.apache.hadoop.hive.ql.Executor.launchTasks(Executor.java:334) ~[classes/:?]
	at org.apache.hadoop.hive.ql.Executor.runTasks(Executor.java:245) ~[classes/:?]
	at org.apache.hadoop.hive.ql.Executor.execute(Executor.java:108) ~[classes/:?]
	at org.apache.hadoop.hive.ql.Driver.execute(Driver.java:348) ~[classes/:?]
	at org.apache.hadoop.hive.ql.Driver.runInternal(Driver.java:204) ~[classes/:?]
	at org.apache.hadoop.hive.ql.Driver.run(Driver.java:153) ~[classes/:?]
	at org.apache.hadoop.hive.ql.Driver.run(Driver.java:148) ~[classes/:?]
	at org.apache.hadoop.hive.ql.reexec.ReExecDriver.run(ReExecDriver.java:164) ~[classes/:?]
	at org.apache.hadoop.hive.ql.reexec.ReExecDriver.run(ReExecDriver.java:230) ~[classes/:?]
	at org.apache.hive.streaming.TestStreamingDynamicPartitioning.runDDL(TestStreamingDynamicPartitioning.java:829) ~[test-classes/:?]
	at org.apache.hive.streaming.TestStreamingDynamicPartitioning.createDbAndTable(TestStreamingDynamicPartitioning.java:875) ~[test-classes/:?]
	at org.apache.hive.streaming.TestStreamingDynamicPartitioning.setup(TestStreamingDynamicPartitioning.java:155) ~[test-classes/:?]
	at sun.reflect.NativeMethodAccessorImpl.invoke0(Native Method) ~[?:1.8.0_402]
	at sun.reflect.NativeMethodAccessorImpl.invoke(NativeMethodAccessorImpl.java:62) ~[?:1.8.0_402]
	at sun.reflect.DelegatingMethodAccessorImpl.invoke(DelegatingMethodAccessorImpl.java:43) ~[?:1.8.0_402]
	at java.lang.reflect.Method.invoke(Method.java:498) ~[?:1.8.0_402]
	at org.junit.runners.model.FrameworkMethod$1.runReflectiveCall(FrameworkMethod.java:59) ~[junit-4.13.jar:4.13]
	at org.junit.internal.runners.model.ReflectiveCallable.run(ReflectiveCallable.java:12) ~[junit-4.13.jar:4.13]
	at org.junit.runners.model.FrameworkMethod.invokeExplosively(FrameworkMethod.java:56) ~[junit-4.13.jar:4.13]
	at org.junit.internal.runners.statements.RunBefores.invokeMethod(RunBefores.java:33) ~[junit-4.13.jar:4.13]
	at org.junit.internal.runners.statements.RunBefores.evaluate(RunBefores.java:24) ~[junit-4.13.jar:4.13]
	at org.junit.internal.runners.statements.RunAfters.evaluate(RunAfters.java:27) ~[junit-4.13.jar:4.13]
	at org.junit.rules.ExternalResource$1.evaluate(ExternalResource.java:54) ~[junit-4.13.jar:4.13]
	at org.junit.runners.ParentRunner$3.evaluate(ParentRunner.java:306) ~[junit-4.13.jar:4.13]
	at org.junit.runners.BlockJUnit4ClassRunner$1.evaluate(BlockJUnit4ClassRunner.java:100) ~[junit-4.13.jar:4.13]
	at org.junit.runners.ParentRunner.runLeaf(ParentRunner.java:366) ~[junit-4.13.jar:4.13]
	at org.junit.runners.BlockJUnit4ClassRunner.runChild(BlockJUnit4ClassRunner.java:103) ~[junit-4.13.jar:4.13]
	at org.junit.runners.BlockJUnit4ClassRunner.runChild(BlockJUnit4ClassRunner.java:63) ~[junit-4.13.jar:4.13]
	at org.junit.runners.ParentRunner$4.run(ParentRunner.java:331) ~[junit-4.13.jar:4.13]
	at org.junit.runners.ParentRunner$1.schedule(ParentRunner.java:79) ~[junit-4.13.jar:4.13]
	at org.junit.runners.ParentRunner.runChildren(ParentRunner.java:329) ~[junit-4.13.jar:4.13]
	at org.junit.runners.ParentRunner.access$100(ParentRunner.java:66) ~[junit-4.13.jar:4.13]
	at org.junit.runners.ParentRunner$2.evaluate(ParentRunner.java:293) ~[junit-4.13.jar:4.13]
	at org.junit.runners.ParentRunner$3.evaluate(ParentRunner.java:306) ~[junit-4.13.jar:4.13]
	at org.junit.runners.ParentRunner.run(ParentRunner.java:413) ~[junit-4.13.jar:4.13]
	at org.junit.runner.JUnitCore.run(JUnitCore.java:137) ~[junit-4.13.jar:4.13]
	at org.junit.runner.JUnitCore.run(JUnitCore.java:115) ~[junit-4.13.jar:4.13]
	at org.junit.vintage.engine.execution.RunnerExecutor.execute(RunnerExecutor.java:43) ~[junit-vintage-engine-5.6.2.jar:5.6.2]
	at java.util.stream.ForEachOps$ForEachOp$OfRef.accept(ForEachOps.java:183) ~[?:1.8.0_402]
	at java.util.stream.ReferencePipeline$3$1.accept(ReferencePipeline.java:193) ~[?:1.8.0_402]
	at java.util.Iterator.forEachRemaining(Iterator.java:116) ~[?:1.8.0_402]
	at java.util.Spliterators$IteratorSpliterator.forEachRemaining(Spliterators.java:1801) ~[?:1.8.0_402]
	at java.util.stream.AbstractPipeline.copyInto(AbstractPipeline.java:482) ~[?:1.8.0_402]
	at java.util.stream.AbstractPipeline.wrapAndCopyInto(AbstractPipeline.java:472) ~[?:1.8.0_402]
	at java.util.stream.ForEachOps$ForEachOp.evaluateSequential(ForEachOps.java:150) ~[?:1.8.0_402]
	at java.util.stream.ForEachOps$ForEachOp$OfRef.evaluateSequential(ForEachOps.java:173) ~[?:1.8.0_402]
	at java.util.stream.AbstractPipeline.evaluate(AbstractPipeline.java:234) ~[?:1.8.0_402]
	at java.util.stream.ReferencePipeline.forEach(ReferencePipeline.java:485) ~[?:1.8.0_402]
	at org.junit.vintage.engine.VintageTestEngine.executeAllChildren(VintageTestEngine.java:82) ~[junit-vintage-engine-5.6.2.jar:5.6.2]
	at org.junit.vintage.engine.VintageTestEngine.execute(VintageTestEngine.java:73) ~[junit-vintage-engine-5.6.2.jar:5.6.2]
	at org.junit.platform.launcher.core.DefaultLauncher.execute(DefaultLauncher.java:248) ~[junit-platform-launcher-1.6.2.jar:1.6.2]
	at org.junit.platform.launcher.core.DefaultLauncher.lambda$execute$5(DefaultLauncher.java:211) ~[junit-platform-launcher-1.6.2.jar:1.6.2]
	at org.junit.platform.launcher.core.DefaultLauncher.withInterceptedStreams(DefaultLauncher.java:226) [junit-platform-launcher-1.6.2.jar:1.6.2]
	at org.junit.platform.launcher.core.DefaultLauncher.execute(DefaultLauncher.java:199) [junit-platform-launcher-1.6.2.jar:1.6.2]
	at org.junit.platform.launcher.core.DefaultLauncher.execute(DefaultLauncher.java:132) [junit-platform-launcher-1.6.2.jar:1.6.2]
	at org.apache.maven.surefire.junitplatform.JUnitPlatformProvider.invokeAllTests(JUnitPlatformProvider.java:154) [surefire-junit-platform-3.0.0-M4.jar:3.0.0-M4]
	at org.apache.maven.surefire.junitplatform.JUnitPlatformProvider.invoke(JUnitPlatformProvider.java:123) [surefire-junit-platform-3.0.0-M4.jar:3.0.0-M4]
	at org.apache.maven.surefire.booter.ForkedBooter.runSuitesInProcess(ForkedBooter.java:377) [surefire-booter-3.0.0-M4.jar:3.0.0-M4]
	at org.apache.maven.surefire.booter.ForkedBooter.execute(ForkedBooter.java:138) [surefire-booter-3.0.0-M4.jar:3.0.0-M4]
	at org.apache.maven.surefire.booter.ForkedBooter.run(ForkedBooter.java:465) [surefire-booter-3.0.0-M4.jar:3.0.0-M4]
	at org.apache.maven.surefire.booter.ForkedBooter.main(ForkedBooter.java:451) [surefire-booter-3.0.0-M4.jar:3.0.0-M4]
Caused by: org.apache.hadoop.hive.metastore.api.MetaException: Unable to create database managed directory pfile:/home/alex/Repositories/hive/streaming/target/warehouse/testing.db, failed to create database testing
	at org.apache.hadoop.hive.metastore.HMSHandler.create_database_core(HMSHandler.java:1366) ~[classes/:?]
	at org.apache.hadoop.hive.metastore.HMSHandler.create_database(HMSHandler.java:1486) ~[classes/:?]
	at sun.reflect.NativeMethodAccessorImpl.invoke0(Native Method) ~[?:1.8.0_402]
	at sun.reflect.NativeMethodAccessorImpl.invoke(NativeMethodAccessorImpl.java:62) ~[?:1.8.0_402]
	at sun.reflect.DelegatingMethodAccessorImpl.invoke(DelegatingMethodAccessorImpl.java:43) ~[?:1.8.0_402]
	at java.lang.reflect.Method.invoke(Method.java:498) ~[?:1.8.0_402]
	at org.apache.hadoop.hive.metastore.RetryingHMSHandler.invokeInternal(RetryingHMSHandler.java:147) ~[classes/:?]
	at org.apache.hadoop.hive.metastore.RetryingHMSHandler.invoke(RetryingHMSHandler.java:108) ~[classes/:?]
	at com.sun.proxy.$Proxy38.create_database(Unknown Source) ~[?:?]
	at org.apache.hadoop.hive.metastore.HiveMetaStoreClient.createDatabase(HiveMetaStoreClient.java:1151) ~[classes/:?]
	at sun.reflect.NativeMethodAccessorImpl.invoke0(Native Method) ~[?:1.8.0_402]
	at sun.reflect.NativeMethodAccessorImpl.invoke(NativeMethodAccessorImpl.java:62) ~[?:1.8.0_402]
	at sun.reflect.DelegatingMethodAccessorImpl.invoke(DelegatingMethodAccessorImpl.java:43) ~[?:1.8.0_402]
	at java.lang.reflect.Method.invoke(Method.java:498) ~[?:1.8.0_402]
	at org.apache.hadoop.hive.metastore.RetryingMetaStoreClient.invoke(RetryingMetaStoreClient.java:218) ~[classes/:?]
	at com.sun.proxy.$Proxy47.createDatabase(Unknown Source) ~[?:?]
	at org.apache.hadoop.hive.ql.metadata.Hive.createDatabase(Hive.java:605) ~[classes/:?]
	... 66 more
2024-04-24T12:35:27,202 ERROR [main] exec.Task: DDLTask failed, DDL Operation: class org.apache.hadoop.hive.ql.ddl.database.create.CreateDatabaseOperation
org.apache.hadoop.hive.ql.metadata.HiveException: MetaException(message:Unable to create database managed directory pfile:/home/alex/Repositories/hive/streaming/target/warehouse/testing.db, failed to create database testing)
	at org.apache.hadoop.hive.ql.metadata.Hive.createDatabase(Hive.java:611) ~[classes/:?]
	at org.apache.hadoop.hive.ql.ddl.database.create.CreateDatabaseOperation.execute(CreateDatabaseOperation.java:68) ~[classes/:?]
	at org.apache.hadoop.hive.ql.ddl.DDLTask.execute(DDLTask.java:84) ~[classes/:?]
	at org.apache.hadoop.hive.ql.exec.Task.executeTask(Task.java:212) ~[classes/:?]
	at org.apache.hadoop.hive.ql.exec.TaskRunner.runSequential(TaskRunner.java:105) ~[classes/:?]
	at org.apache.hadoop.hive.ql.Executor.launchTask(Executor.java:361) ~[classes/:?]
	at org.apache.hadoop.hive.ql.Executor.launchTasks(Executor.java:334) ~[classes/:?]
	at org.apache.hadoop.hive.ql.Executor.runTasks(Executor.java:245) ~[classes/:?]
	at org.apache.hadoop.hive.ql.Executor.execute(Executor.java:108) ~[classes/:?]
	at org.apache.hadoop.hive.ql.Driver.execute(Driver.java:348) ~[classes/:?]
	at org.apache.hadoop.hive.ql.Driver.runInternal(Driver.java:204) ~[classes/:?]
	at org.apache.hadoop.hive.ql.Driver.run(Driver.java:153) ~[classes/:?]
	at org.apache.hadoop.hive.ql.Driver.run(Driver.java:148) ~[classes/:?]
	at org.apache.hadoop.hive.ql.reexec.ReExecDriver.run(ReExecDriver.java:164) ~[classes/:?]
	at org.apache.hadoop.hive.ql.reexec.ReExecDriver.run(ReExecDriver.java:230) ~[classes/:?]
	at org.apache.hive.streaming.TestStreamingDynamicPartitioning.runDDL(TestStreamingDynamicPartitioning.java:829) ~[test-classes/:?]
	at org.apache.hive.streaming.TestStreamingDynamicPartitioning.createDbAndTable(TestStreamingDynamicPartitioning.java:875) ~[test-classes/:?]
	at org.apache.hive.streaming.TestStreamingDynamicPartitioning.setup(TestStreamingDynamicPartitioning.java:155) ~[test-classes/:?]
	at sun.reflect.NativeMethodAccessorImpl.invoke0(Native Method) ~[?:1.8.0_402]
	at sun.reflect.NativeMethodAccessorImpl.invoke(NativeMethodAccessorImpl.java:62) ~[?:1.8.0_402]
	at sun.reflect.DelegatingMethodAccessorImpl.invoke(DelegatingMethodAccessorImpl.java:43) ~[?:1.8.0_402]
	at java.lang.reflect.Method.invoke(Method.java:498) ~[?:1.8.0_402]
	at org.junit.runners.model.FrameworkMethod$1.runReflectiveCall(FrameworkMethod.java:59) ~[junit-4.13.jar:4.13]
	at org.junit.internal.runners.model.ReflectiveCallable.run(ReflectiveCallable.java:12) ~[junit-4.13.jar:4.13]
	at org.junit.runners.model.FrameworkMethod.invokeExplosively(FrameworkMethod.java:56) ~[junit-4.13.jar:4.13]
	at org.junit.internal.runners.statements.RunBefores.invokeMethod(RunBefores.java:33) ~[junit-4.13.jar:4.13]
	at org.junit.internal.runners.statements.RunBefores.evaluate(RunBefores.java:24) ~[junit-4.13.jar:4.13]
	at org.junit.internal.runners.statements.RunAfters.evaluate(RunAfters.java:27) ~[junit-4.13.jar:4.13]
	at org.junit.rules.ExternalResource$1.evaluate(ExternalResource.java:54) ~[junit-4.13.jar:4.13]
	at org.junit.runners.ParentRunner$3.evaluate(ParentRunner.java:306) ~[junit-4.13.jar:4.13]
	at org.junit.runners.BlockJUnit4ClassRunner$1.evaluate(BlockJUnit4ClassRunner.java:100) ~[junit-4.13.jar:4.13]
	at org.junit.runners.ParentRunner.runLeaf(ParentRunner.java:366) ~[junit-4.13.jar:4.13]
	at org.junit.runners.BlockJUnit4ClassRunner.runChild(BlockJUnit4ClassRunner.java:103) ~[junit-4.13.jar:4.13]
	at org.junit.runners.BlockJUnit4ClassRunner.runChild(BlockJUnit4ClassRunner.java:63) ~[junit-4.13.jar:4.13]
	at org.junit.runners.ParentRunner$4.run(ParentRunner.java:331) ~[junit-4.13.jar:4.13]
	at org.junit.runners.ParentRunner$1.schedule(ParentRunner.java:79) ~[junit-4.13.jar:4.13]
	at org.junit.runners.ParentRunner.runChildren(ParentRunner.java:329) ~[junit-4.13.jar:4.13]
	at org.junit.runners.ParentRunner.access$100(ParentRunner.java:66) ~[junit-4.13.jar:4.13]
	at org.junit.runners.ParentRunner$2.evaluate(ParentRunner.java:293) ~[junit-4.13.jar:4.13]
	at org.junit.runners.ParentRunner$3.evaluate(ParentRunner.java:306) ~[junit-4.13.jar:4.13]
	at org.junit.runners.ParentRunner.run(ParentRunner.java:413) ~[junit-4.13.jar:4.13]
	at org.junit.runner.JUnitCore.run(JUnitCore.java:137) ~[junit-4.13.jar:4.13]
	at org.junit.runner.JUnitCore.run(JUnitCore.java:115) ~[junit-4.13.jar:4.13]
	at org.junit.vintage.engine.execution.RunnerExecutor.execute(RunnerExecutor.java:43) ~[junit-vintage-engine-5.6.2.jar:5.6.2]
	at java.util.stream.ForEachOps$ForEachOp$OfRef.accept(ForEachOps.java:183) ~[?:1.8.0_402]
	at java.util.stream.ReferencePipeline$3$1.accept(ReferencePipeline.java:193) ~[?:1.8.0_402]
	at java.util.Iterator.forEachRemaining(Iterator.java:116) ~[?:1.8.0_402]
	at java.util.Spliterators$IteratorSpliterator.forEachRemaining(Spliterators.java:1801) ~[?:1.8.0_402]
	at java.util.stream.AbstractPipeline.copyInto(AbstractPipeline.java:482) ~[?:1.8.0_402]
	at java.util.stream.AbstractPipeline.wrapAndCopyInto(AbstractPipeline.java:472) ~[?:1.8.0_402]
	at java.util.stream.ForEachOps$ForEachOp.evaluateSequential(ForEachOps.java:150) ~[?:1.8.0_402]
	at java.util.stream.ForEachOps$ForEachOp$OfRef.evaluateSequential(ForEachOps.java:173) ~[?:1.8.0_402]
	at java.util.stream.AbstractPipeline.evaluate(AbstractPipeline.java:234) ~[?:1.8.0_402]
	at java.util.stream.ReferencePipeline.forEach(ReferencePipeline.java:485) ~[?:1.8.0_402]
	at org.junit.vintage.engine.VintageTestEngine.executeAllChildren(VintageTestEngine.java:82) ~[junit-vintage-engine-5.6.2.jar:5.6.2]
	at org.junit.vintage.engine.VintageTestEngine.execute(VintageTestEngine.java:73) ~[junit-vintage-engine-5.6.2.jar:5.6.2]
	at org.junit.platform.launcher.core.DefaultLauncher.execute(DefaultLauncher.java:248) ~[junit-platform-launcher-1.6.2.jar:1.6.2]
	at org.junit.platform.launcher.core.DefaultLauncher.lambda$execute$5(DefaultLauncher.java:211) ~[junit-platform-launcher-1.6.2.jar:1.6.2]
	at org.junit.platform.launcher.core.DefaultLauncher.withInterceptedStreams(DefaultLauncher.java:226) [junit-platform-launcher-1.6.2.jar:1.6.2]
	at org.junit.platform.launcher.core.DefaultLauncher.execute(DefaultLauncher.java:199) [junit-platform-launcher-1.6.2.jar:1.6.2]
	at org.junit.platform.launcher.core.DefaultLauncher.execute(DefaultLauncher.java:132) [junit-platform-launcher-1.6.2.jar:1.6.2]
	at org.apache.maven.surefire.junitplatform.JUnitPlatformProvider.invokeAllTests(JUnitPlatformProvider.java:154) [surefire-junit-platform-3.0.0-M4.jar:3.0.0-M4]
	at org.apache.maven.surefire.junitplatform.JUnitPlatformProvider.invoke(JUnitPlatformProvider.java:123) [surefire-junit-platform-3.0.0-M4.jar:3.0.0-M4]
	at org.apache.maven.surefire.booter.ForkedBooter.runSuitesInProcess(ForkedBooter.java:377) [surefire-booter-3.0.0-M4.jar:3.0.0-M4]
	at org.apache.maven.surefire.booter.ForkedBooter.execute(ForkedBooter.java:138) [surefire-booter-3.0.0-M4.jar:3.0.0-M4]
	at org.apache.maven.surefire.booter.ForkedBooter.run(ForkedBooter.java:465) [surefire-booter-3.0.0-M4.jar:3.0.0-M4]
	at org.apache.maven.surefire.booter.ForkedBooter.main(ForkedBooter.java:451) [surefire-booter-3.0.0-M4.jar:3.0.0-M4]
Caused by: org.apache.hadoop.hive.metastore.api.MetaException: Unable to create database managed directory pfile:/home/alex/Repositories/hive/streaming/target/warehouse/testing.db, failed to create database testing
	at org.apache.hadoop.hive.metastore.HMSHandler.create_database_core(HMSHandler.java:1366) ~[classes/:?]
	at org.apache.hadoop.hive.metastore.HMSHandler.create_database(HMSHandler.java:1486) ~[classes/:?]
	at sun.reflect.NativeMethodAccessorImpl.invoke0(Native Method) ~[?:1.8.0_402]
	at sun.reflect.NativeMethodAccessorImpl.invoke(NativeMethodAccessorImpl.java:62) ~[?:1.8.0_402]
	at sun.reflect.DelegatingMethodAccessorImpl.invoke(DelegatingMethodAccessorImpl.java:43) ~[?:1.8.0_402]
	at java.lang.reflect.Method.invoke(Method.java:498) ~[?:1.8.0_402]
	at org.apache.hadoop.hive.metastore.RetryingHMSHandler.invokeInternal(RetryingHMSHandler.java:147) ~[classes/:?]
	at org.apache.hadoop.hive.metastore.RetryingHMSHandler.invoke(RetryingHMSHandler.java:108) ~[classes/:?]
	at com.sun.proxy.$Proxy38.create_database(Unknown Source) ~[?:?]
	at org.apache.hadoop.hive.metastore.HiveMetaStoreClient.createDatabase(HiveMetaStoreClient.java:1151) ~[classes/:?]
	at sun.reflect.NativeMethodAccessorImpl.invoke0(Native Method) ~[?:1.8.0_402]
	at sun.reflect.NativeMethodAccessorImpl.invoke(NativeMethodAccessorImpl.java:62) ~[?:1.8.0_402]
	at sun.reflect.DelegatingMethodAccessorImpl.invoke(DelegatingMethodAccessorImpl.java:43) ~[?:1.8.0_402]
	at java.lang.reflect.Method.invoke(Method.java:498) ~[?:1.8.0_402]
	at org.apache.hadoop.hive.metastore.RetryingMetaStoreClient.invoke(RetryingMetaStoreClient.java:218) ~[classes/:?]
	at com.sun.proxy.$Proxy47.createDatabase(Unknown Source) ~[?:?]
	at org.apache.hadoop.hive.ql.metadata.Hive.createDatabase(Hive.java:605) ~[classes/:?]
	... 66 more
2024-04-24T12:35:27,202  INFO [main] reexec.ReOptimizePlugin: ReOptimization: retryPossible: false
2024-04-24T12:35:27,202  INFO [main] reexec.ReExecuteLostAMQueryPlugin: Got exception message: MetaException(message:Unable to create database managed directory pfile:/home/alex/Repositories/hive/streaming/target/warehouse/testing.db, failed to create database testing) retryPossible: false
2024-04-24T12:35:27,202  INFO [main] reexec.ReExecutionDagSubmitPlugin: Got exception message: MetaException(message:Unable to create database managed directory pfile:/home/alex/Repositories/hive/streaming/target/warehouse/testing.db, failed to create database testing) retryPossible: false
FAILED: Execution Error, return code 40000 from org.apache.hadoop.hive.ql.ddl.DDLTask. MetaException(message:Unable to create database managed directory pfile:/home/alex/Repositories/hive/streaming/target/warehouse/testing.db, failed to create database testing)
2024-04-24T12:35:27,202 ERROR [main] ql.Driver: FAILED: Execution Error, return code 40000 from org.apache.hadoop.hive.ql.ddl.DDLTask. MetaException(message:Unable to create database managed directory pfile:/home/alex/Repositories/hive/streaming/target/warehouse/testing.db, failed to create database testing)
2024-04-24T12:35:27,202  INFO [main] metadata.Hive: Dumping metastore api call timing information for : execution phase
2024-04-24T12:35:27,202  INFO [main] metadata.Hive: Total time spent in each metastore function (ms): {}
2024-04-24T12:35:27,203  INFO [main] ql.Driver: Completed executing command(queryId=alex_20240424123527_2af37323-0c4f-4d67-8504-888aa16fac90); Time taken: 0.017 seconds
2024-04-24T12:35:27,203  INFO [main] lockmgr.DbTxnManager: Stopped heartbeat for query: alex_20240424123527_2af37323-0c4f-4d67-8504-888aa16fac90
2024-04-24T12:35:27,203  INFO [main] metastore.HiveMetaStoreClient: Mestastore configuration metastore.filter.hook changed from org.apache.hadoop.hive.ql.security.authorization.plugin.AuthorizationMetaStoreFilterHook to org.apache.hadoop.hive.metastore.DefaultMetaStoreFilterHookImpl
2024-04-24T12:35:27,203  INFO [main] HiveMetaStore.audit: ugi=alex	ip=unknown-ip-addr	cmd=Cleaning up thread local RawStore...	
2024-04-24T12:35:27,203  INFO [main] metastore.ObjectStore: RawStore: org.apache.hadoop.hive.metastore.ObjectStore@48aaaed9, with PersistenceManager: org.datanucleus.api.jdo.JDOPersistenceManager@efa04b5 will be shutdown
2024-04-24T12:35:27,203  INFO [main] HiveMetaStore.audit: ugi=alex	ip=unknown-ip-addr	cmd=Done cleaning up thread local RawStore	
2024-04-24T12:35:27,203  INFO [main] metastore.HiveMetaStoreClient: Closed a connection to metastore, current connections: -25
2024-04-24T12:35:27,204  INFO [main] metastore.HiveMetaStoreClient: HMS client filtering is enabled.
2024-04-24T12:35:27,204  INFO [main] metastore.HMSHandler: 0: Opening raw store with implementation class:org.apache.hadoop.hive.metastore.ObjectStore
2024-04-24T12:35:27,205  INFO [main] metastore.PersistenceManagerProvider: Configuration datanucleus.autoStartMechanismMode is not set. Defaulting to 'ignored'
2024-04-24T12:35:27,205  INFO [main] metastore.ObjectStore: RawStore: org.apache.hadoop.hive.metastore.ObjectStore@1dadd172, with PersistenceManager: null will be shutdown
2024-04-24T12:35:27,205  INFO [main] metastore.ObjectStore: RawStore: org.apache.hadoop.hive.metastore.ObjectStore@1dadd172, with PersistenceManager: org.datanucleus.api.jdo.JDOPersistenceManager@33c9f1ac created in the thread with id: 1
2024-04-24T12:35:27,207  INFO [main] metastore.HMSHandler: Created RawStore: org.apache.hadoop.hive.metastore.ObjectStore@1dadd172 from thread id: 1
2024-04-24T12:35:27,207  INFO [main] metastore.HMSHandler: HMS server filtering is disabled by configuration
2024-04-24T12:35:27,207  INFO [main] metastore.RetryingMetaStoreClient: RetryingMetaStoreClient proxy=class org.apache.hadoop.hive.ql.metadata.SessionHiveMetaStoreClient ugi=alex (auth:SIMPLE) retries=1 delay=1 lifetime=0
2024-04-24T12:35:27,211  INFO [main] txn.TxnHandler: Removed transactions: ([1]) from MIN_HISTORY_LEVEL
2024-04-24T12:35:27,214 ERROR [main] streaming.TestStreamingDynamicPartitioning: Statement: create database IF NOT EXISTS testing location 'raw:///home/alex/Repositories/hive/streaming/target/tmp/junit7118748884175909723/testing.db' failed: (responseCode = 40000, errorMessage = FAILED: Execution Error, return code 40000 from org.apache.hadoop.hive.ql.ddl.DDLTask. MetaException(message:Unable to create database managed directory pfile:/home/alex/Repositories/hive/streaming/target/warehouse/testing.db, failed to create database testing), hiveErrorCode = 40000, SQLState = 08S01, exception = MetaException(message:Unable to create database managed directory pfile:/home/alex/Repositories/hive/streaming/target/warehouse/testing.db, failed to create database testing))
2024-04-24T12:35:27,214  INFO [main] ql.Driver: Compiling command(queryId=alex_20240424123527_2af37323-0c4f-4d67-8504-888aa16fac90): use testing
2024-04-24T12:35:27,215  INFO [main] HiveMetaStore.audit: ugi=alex	ip=unknown-ip-addr	cmd=get_database: testing	
FAILED: SemanticException [Error 10072]: Database does not exist: testing
2024-04-24T12:35:27,216 ERROR [main] ql.Driver: FAILED: SemanticException [Error 10072]: Database does not exist: testing
org.apache.hadoop.hive.ql.parse.SemanticException: Database does not exist: testing
	at org.apache.hadoop.hive.ql.parse.BaseSemanticAnalyzer.getDatabase(BaseSemanticAnalyzer.java:1812)
	at org.apache.hadoop.hive.ql.ddl.database.use.SwitchDatabaseAnalyzer.analyzeInternal(SwitchDatabaseAnalyzer.java:45)
	at org.apache.hadoop.hive.ql.parse.BaseSemanticAnalyzer.analyze(BaseSemanticAnalyzer.java:317)
	at org.apache.hadoop.hive.ql.Compiler.analyze(Compiler.java:223)
	at org.apache.hadoop.hive.ql.Compiler.compile(Compiler.java:105)
	at org.apache.hadoop.hive.ql.Driver.compile(Driver.java:500)
	at org.apache.hadoop.hive.ql.Driver.compileInternal(Driver.java:453)
	at org.apache.hadoop.hive.ql.Driver.compileAndRespond(Driver.java:417)
	at org.apache.hadoop.hive.ql.Driver.compileAndRespond(Driver.java:411)
	at org.apache.hadoop.hive.ql.reexec.ReExecDriver.compileAndRespond(ReExecDriver.java:125)
	at org.apache.hadoop.hive.ql.reexec.ReExecDriver.run(ReExecDriver.java:229)
	at org.apache.hive.streaming.TestStreamingDynamicPartitioning.runDDL(TestStreamingDynamicPartitioning.java:829)
	at org.apache.hive.streaming.TestStreamingDynamicPartitioning.createDbAndTable(TestStreamingDynamicPartitioning.java:876)
	at org.apache.hive.streaming.TestStreamingDynamicPartitioning.setup(TestStreamingDynamicPartitioning.java:155)
	at sun.reflect.NativeMethodAccessorImpl.invoke0(Native Method)
	at sun.reflect.NativeMethodAccessorImpl.invoke(NativeMethodAccessorImpl.java:62)
	at sun.reflect.DelegatingMethodAccessorImpl.invoke(DelegatingMethodAccessorImpl.java:43)
	at java.lang.reflect.Method.invoke(Method.java:498)
	at org.junit.runners.model.FrameworkMethod$1.runReflectiveCall(FrameworkMethod.java:59)
	at org.junit.internal.runners.model.ReflectiveCallable.run(ReflectiveCallable.java:12)
	at org.junit.runners.model.FrameworkMethod.invokeExplosively(FrameworkMethod.java:56)
	at org.junit.internal.runners.statements.RunBefores.invokeMethod(RunBefores.java:33)
	at org.junit.internal.runners.statements.RunBefores.evaluate(RunBefores.java:24)
	at org.junit.internal.runners.statements.RunAfters.evaluate(RunAfters.java:27)
	at org.junit.rules.ExternalResource$1.evaluate(ExternalResource.java:54)
	at org.junit.runners.ParentRunner$3.evaluate(ParentRunner.java:306)
	at org.junit.runners.BlockJUnit4ClassRunner$1.evaluate(BlockJUnit4ClassRunner.java:100)
	at org.junit.runners.ParentRunner.runLeaf(ParentRunner.java:366)
	at org.junit.runners.BlockJUnit4ClassRunner.runChild(BlockJUnit4ClassRunner.java:103)
	at org.junit.runners.BlockJUnit4ClassRunner.runChild(BlockJUnit4ClassRunner.java:63)
	at org.junit.runners.ParentRunner$4.run(ParentRunner.java:331)
	at org.junit.runners.ParentRunner$1.schedule(ParentRunner.java:79)
	at org.junit.runners.ParentRunner.runChildren(ParentRunner.java:329)
	at org.junit.runners.ParentRunner.access$100(ParentRunner.java:66)
	at org.junit.runners.ParentRunner$2.evaluate(ParentRunner.java:293)
	at org.junit.runners.ParentRunner$3.evaluate(ParentRunner.java:306)
	at org.junit.runners.ParentRunner.run(ParentRunner.java:413)
	at org.junit.runner.JUnitCore.run(JUnitCore.java:137)
	at org.junit.runner.JUnitCore.run(JUnitCore.java:115)
	at org.junit.vintage.engine.execution.RunnerExecutor.execute(RunnerExecutor.java:43)
	at java.util.stream.ForEachOps$ForEachOp$OfRef.accept(ForEachOps.java:183)
	at java.util.stream.ReferencePipeline$3$1.accept(ReferencePipeline.java:193)
	at java.util.Iterator.forEachRemaining(Iterator.java:116)
	at java.util.Spliterators$IteratorSpliterator.forEachRemaining(Spliterators.java:1801)
	at java.util.stream.AbstractPipeline.copyInto(AbstractPipeline.java:482)
	at java.util.stream.AbstractPipeline.wrapAndCopyInto(AbstractPipeline.java:472)
	at java.util.stream.ForEachOps$ForEachOp.evaluateSequential(ForEachOps.java:150)
	at java.util.stream.ForEachOps$ForEachOp$OfRef.evaluateSequential(ForEachOps.java:173)
	at java.util.stream.AbstractPipeline.evaluate(AbstractPipeline.java:234)
	at java.util.stream.ReferencePipeline.forEach(ReferencePipeline.java:485)
	at org.junit.vintage.engine.VintageTestEngine.executeAllChildren(VintageTestEngine.java:82)
	at org.junit.vintage.engine.VintageTestEngine.execute(VintageTestEngine.java:73)
	at org.junit.platform.launcher.core.DefaultLauncher.execute(DefaultLauncher.java:248)
	at org.junit.platform.launcher.core.DefaultLauncher.lambda$execute$5(DefaultLauncher.java:211)
	at org.junit.platform.launcher.core.DefaultLauncher.withInterceptedStreams(DefaultLauncher.java:226)
	at org.junit.platform.launcher.core.DefaultLauncher.execute(DefaultLauncher.java:199)
	at org.junit.platform.launcher.core.DefaultLauncher.execute(DefaultLauncher.java:132)
	at org.apache.maven.surefire.junitplatform.JUnitPlatformProvider.invokeAllTests(JUnitPlatformProvider.java:154)
	at org.apache.maven.surefire.junitplatform.JUnitPlatformProvider.invoke(JUnitPlatformProvider.java:123)
	at org.apache.maven.surefire.booter.ForkedBooter.runSuitesInProcess(ForkedBooter.java:377)
	at org.apache.maven.surefire.booter.ForkedBooter.execute(ForkedBooter.java:138)
	at org.apache.maven.surefire.booter.ForkedBooter.run(ForkedBooter.java:465)
	at org.apache.maven.surefire.booter.ForkedBooter.main(ForkedBooter.java:451)

2024-04-24T12:35:27,216  INFO [main] metadata.Hive: Dumping metastore api call timing information for : compilation phase
2024-04-24T12:35:27,216  INFO [main] metadata.Hive: Total time spent in each metastore function (ms): {flushCache_()=0, rollbackTxn_(long)=6, isCompatibleWith_(Configuration)=0}
2024-04-24T12:35:27,216  INFO [main] ql.Driver: Completed compiling command(queryId=alex_20240424123527_2af37323-0c4f-4d67-8504-888aa16fac90); Time taken: 0.002 seconds
2024-04-24T12:35:27,216  INFO [main] lockmgr.DbLockManager: releaseLocks: []
2024-04-24T12:35:27,216 ERROR [main] streaming.TestStreamingDynamicPartitioning: Statement: use testing failed: (responseCode = 10072, errorMessage = FAILED: SemanticException [Error 10072]: Database does not exist: testing, hiveErrorCode = 40000, SQLState = 42000, exception = Database does not exist: testing)
2024-04-24T12:35:27,217  INFO [main] ql.Driver: Compiling command(queryId=alex_20240424123527_2af37323-0c4f-4d67-8504-888aa16fac90): create table alerts ( id int,msg string ) partitioned by (Continent string,Country string ) clustered by ( id ) into 1 buckets  stored as orc  location 'raw:///home/alex/Repositories/hive/streaming/target/tmp/junit7118748884175909723/testing.db/alerts' TBLPROPERTIES ('transactional'='true') 
2024-04-24T12:35:27,220  INFO [main] txn.TxnHandler: Added entries to MIN_HISTORY_LEVEL for current txns: ([2]) with min_open_txn: 1
2024-04-24T12:35:27,220  INFO [main] lockmgr.DbTxnManager: Opened txnid:2
2024-04-24T12:35:27,221  INFO [main] parse.CalcitePlanner: Starting caching scope for: alex_20240424123527_2af37323-0c4f-4d67-8504-888aa16fac90
2024-04-24T12:35:27,221  INFO [main] parse.CalcitePlanner: Starting Semantic Analysis
2024-04-24T12:35:27,222  INFO [main] parse.CalcitePlanner: Creating table default.alerts position=13
2024-04-24T12:35:27,222  INFO [main] HiveMetaStore.audit: ugi=alex	ip=unknown-ip-addr	cmd=get_database: default	
2024-04-24T12:35:27,223  INFO [main] parse.CalcitePlanner: Ending caching scope for: alex_20240424123527_2af37323-0c4f-4d67-8504-888aa16fac90
2024-04-24T12:35:27,223  INFO [main] ql.Driver: Semantic Analysis Completed (retrial = false)
2024-04-24T12:35:27,223  INFO [main] ql.Driver: Created Hive schema: Schema(fieldSchemas:null, properties:null)
2024-04-24T12:35:27,223  INFO [main] metadata.Hive: Dumping metastore api call timing information for : compilation phase
2024-04-24T12:35:27,224  INFO [main] metadata.Hive: Total time spent in each metastore function (ms): {getDatabase_(String)=1, isCompatibleWith_(Configuration)=0, getValidTxns_(long)=1, getValidWriteIds_(List, String)=1, flushCache_()=0, openTxn_(String, TxnType)=2}
2024-04-24T12:35:27,224  INFO [main] ql.Driver: Completed compiling command(queryId=alex_20240424123527_2af37323-0c4f-4d67-8504-888aa16fac90); Time taken: 0.006 seconds
2024-04-24T12:35:27,224  INFO [main] reexec.ReExecDriver: Execution #1 of query
2024-04-24T12:35:27,224  INFO [main] lockmgr.DbTxnManager: Setting lock request transaction to txnid:2 for queryId=alex_20240424123527_2af37323-0c4f-4d67-8504-888aa16fac90
2024-04-24T12:35:27,224  INFO [main] lockmgr.DbLockManager: Requesting lock for queryId=alex_20240424123527_2af37323-0c4f-4d67-8504-888aa16fac90
2024-04-24T12:35:27,232  INFO [main] lockmgr.DbLockManager: Response to queryId=alex_20240424123527_2af37323-0c4f-4d67-8504-888aa16fac90 LockResponse(lockid:1, state:ACQUIRED)
2024-04-24T12:35:27,232  INFO [main] ql.Driver: Operation CREATETABLE obtained 1 locks
2024-04-24T12:35:27,232  INFO [main] ql.Driver: Executing command(queryId=alex_20240424123527_2af37323-0c4f-4d67-8504-888aa16fac90): create table alerts ( id int,msg string ) partitioned by (Continent string,Country string ) clustered by ( id ) into 1 buckets  stored as orc  location 'raw:///home/alex/Repositories/hive/streaming/target/tmp/junit7118748884175909723/testing.db/alerts' TBLPROPERTIES ('transactional'='true') 
PREHOOK: query: create table alerts ( id int,msg string ) partitioned by (Continent string,Country string ) clustered by ( id ) into 1 buckets  stored as orc  location 'raw:///home/alex/Repositories/hive/streaming/target/tmp/junit7118748884175909723/testing.db/alerts' TBLPROPERTIES ('transactional'='true')
2024-04-24T12:35:27,233  INFO [main] SessionState: PREHOOK: query: create table alerts ( id int,msg string ) partitioned by (Continent string,Country string ) clustered by ( id ) into 1 buckets  stored as orc  location 'raw:///home/alex/Repositories/hive/streaming/target/tmp/junit7118748884175909723/testing.db/alerts' TBLPROPERTIES ('transactional'='true')
PREHOOK: type: CREATETABLE
2024-04-24T12:35:27,233  INFO [main] SessionState: PREHOOK: type: CREATETABLE
PREHOOK: Input: raw:/home/alex/Repositories/hive/streaming/target/tmp/junit7118748884175909723/testing.db/alerts
2024-04-24T12:35:27,233  INFO [main] SessionState: PREHOOK: Input: raw:/home/alex/Repositories/hive/streaming/target/tmp/junit7118748884175909723/testing.db/alerts
PREHOOK: Output: database:default
2024-04-24T12:35:27,233  INFO [main] SessionState: PREHOOK: Output: database:default
PREHOOK: Output: default@alerts
2024-04-24T12:35:27,233  INFO [main] SessionState: PREHOOK: Output: default@alerts
2024-04-24T12:35:27,233  INFO [main] ql.Driver: Starting task [Stage-0:DDL] in serial mode
2024-04-24T12:35:27,235  INFO [main] HiveMetaStore.audit: ugi=alex	ip=unknown-ip-addr	cmd=create_table_req: Table(tableName:alerts, dbName:default, owner:alex, createTime:1713987327, lastAccessTime:0, retention:0, sd:StorageDescriptor(cols:[FieldSchema(name:id, type:int, comment:null), FieldSchema(name:msg, type:string, comment:null)], location:raw:/home/alex/Repositories/hive/streaming/target/tmp/junit7118748884175909723/testing.db/alerts, inputFormat:org.apache.hadoop.hive.ql.io.orc.OrcInputFormat, outputFormat:org.apache.hadoop.hive.ql.io.orc.OrcOutputFormat, compressed:false, numBuckets:1, serdeInfo:SerDeInfo(name:null, serializationLib:org.apache.hadoop.hive.ql.io.orc.OrcSerde, parameters:{serialization.format=1}), bucketCols:[id], sortCols:[], parameters:{}, skewedInfo:SkewedInfo(skewedColNames:[], skewedColValues:[], skewedColValueLocationMaps:{}), storedAsSubDirectories:false), partitionKeys:[FieldSchema(name:Continent, type:string, comment:null), FieldSchema(name:Country, type:string, comment:null)], parameters:{transactional=true, bucketing_version=2}, viewOriginalText:null, viewExpandedText:null, tableType:MANAGED_TABLE, privileges:PrincipalPrivilegeSet(userPrivileges:{alex=[PrivilegeGrantInfo(privilege:INSERT, createTime:-1, grantor:alex, grantorType:USER, grantOption:true), PrivilegeGrantInfo(privilege:SELECT, createTime:-1, grantor:alex, grantorType:USER, grantOption:true), PrivilegeGrantInfo(privilege:UPDATE, createTime:-1, grantor:alex, grantorType:USER, grantOption:true), PrivilegeGrantInfo(privilege:DELETE, createTime:-1, grantor:alex, grantorType:USER, grantOption:true)]}, groupPrivileges:null, rolePrivileges:null), temporary:false, catName:hive, ownerType:USER, writeId:0)	
2024-04-24T12:35:27,249  WARN [main] metastore.HMSHandler: create_table_req got 
org.apache.hadoop.hive.metastore.api.AlreadyExistsException: Table hive.default.alerts already exists
	at org.apache.hadoop.hive.metastore.HMSHandler.create_table_core(HMSHandler.java:2339) ~[classes/:?]
	at org.apache.hadoop.hive.metastore.HMSHandler.create_table_req(HMSHandler.java:2598) ~[classes/:?]
	at sun.reflect.NativeMethodAccessorImpl.invoke0(Native Method) ~[?:1.8.0_402]
	at sun.reflect.NativeMethodAccessorImpl.invoke(NativeMethodAccessorImpl.java:62) ~[?:1.8.0_402]
	at sun.reflect.DelegatingMethodAccessorImpl.invoke(DelegatingMethodAccessorImpl.java:43) ~[?:1.8.0_402]
	at java.lang.reflect.Method.invoke(Method.java:498) ~[?:1.8.0_402]
	at org.apache.hadoop.hive.metastore.RetryingHMSHandler.invokeInternal(RetryingHMSHandler.java:147) ~[classes/:?]
	at org.apache.hadoop.hive.metastore.RetryingHMSHandler.invoke(RetryingHMSHandler.java:108) ~[classes/:?]
	at com.sun.proxy.$Proxy38.create_table_req(Unknown Source) ~[?:?]
	at org.apache.hadoop.hive.metastore.HiveMetaStoreClient.create_table_with_environment_context(HiveMetaStoreClient.java:4408) ~[classes/:?]
	at org.apache.hadoop.hive.ql.metadata.SessionHiveMetaStoreClient.create_table_with_environment_context(SessionHiveMetaStoreClient.java:182) ~[classes/:?]
	at org.apache.hadoop.hive.metastore.HiveMetaStoreClient.createTable(HiveMetaStoreClient.java:1260) ~[classes/:?]
	at org.apache.hadoop.hive.metastore.HiveMetaStoreClient.createTable(HiveMetaStoreClient.java:1245) ~[classes/:?]
	at sun.reflect.NativeMethodAccessorImpl.invoke0(Native Method) ~[?:1.8.0_402]
	at sun.reflect.NativeMethodAccessorImpl.invoke(NativeMethodAccessorImpl.java:62) ~[?:1.8.0_402]
	at sun.reflect.DelegatingMethodAccessorImpl.invoke(DelegatingMethodAccessorImpl.java:43) ~[?:1.8.0_402]
	at java.lang.reflect.Method.invoke(Method.java:498) ~[?:1.8.0_402]
	at org.apache.hadoop.hive.metastore.RetryingMetaStoreClient.invoke(RetryingMetaStoreClient.java:218) ~[classes/:?]
	at com.sun.proxy.$Proxy47.createTable(Unknown Source) ~[?:?]
	at org.apache.hadoop.hive.ql.metadata.Hive.createTable(Hive.java:1290) ~[classes/:?]
	at org.apache.hadoop.hive.ql.metadata.Hive.createTable(Hive.java:1306) ~[classes/:?]
	at org.apache.hadoop.hive.ql.ddl.table.create.CreateTableOperation.createTableNonReplaceMode(CreateTableOperation.java:140) ~[classes/:?]
	at org.apache.hadoop.hive.ql.ddl.table.create.CreateTableOperation.execute(CreateTableOperation.java:98) ~[classes/:?]
	at org.apache.hadoop.hive.ql.ddl.DDLTask.execute(DDLTask.java:84) ~[classes/:?]
	at org.apache.hadoop.hive.ql.exec.Task.executeTask(Task.java:212) ~[classes/:?]
	at org.apache.hadoop.hive.ql.exec.TaskRunner.runSequential(TaskRunner.java:105) ~[classes/:?]
	at org.apache.hadoop.hive.ql.Executor.launchTask(Executor.java:361) ~[classes/:?]
	at org.apache.hadoop.hive.ql.Executor.launchTasks(Executor.java:334) ~[classes/:?]
	at org.apache.hadoop.hive.ql.Executor.runTasks(Executor.java:245) ~[classes/:?]
	at org.apache.hadoop.hive.ql.Executor.execute(Executor.java:108) ~[classes/:?]
	at org.apache.hadoop.hive.ql.Driver.execute(Driver.java:348) ~[classes/:?]
	at org.apache.hadoop.hive.ql.Driver.runInternal(Driver.java:204) ~[classes/:?]
	at org.apache.hadoop.hive.ql.Driver.run(Driver.java:153) ~[classes/:?]
	at org.apache.hadoop.hive.ql.Driver.run(Driver.java:148) ~[classes/:?]
	at org.apache.hadoop.hive.ql.reexec.ReExecDriver.run(ReExecDriver.java:164) ~[classes/:?]
	at org.apache.hadoop.hive.ql.reexec.ReExecDriver.run(ReExecDriver.java:230) ~[classes/:?]
	at org.apache.hive.streaming.TestStreamingDynamicPartitioning.runDDL(TestStreamingDynamicPartitioning.java:829) ~[test-classes/:?]
	at org.apache.hive.streaming.TestStreamingDynamicPartitioning.createDbAndTable(TestStreamingDynamicPartitioning.java:885) ~[test-classes/:?]
	at org.apache.hive.streaming.TestStreamingDynamicPartitioning.setup(TestStreamingDynamicPartitioning.java:155) ~[test-classes/:?]
	at sun.reflect.NativeMethodAccessorImpl.invoke0(Native Method) ~[?:1.8.0_402]
	at sun.reflect.NativeMethodAccessorImpl.invoke(NativeMethodAccessorImpl.java:62) ~[?:1.8.0_402]
	at sun.reflect.DelegatingMethodAccessorImpl.invoke(DelegatingMethodAccessorImpl.java:43) ~[?:1.8.0_402]
	at java.lang.reflect.Method.invoke(Method.java:498) ~[?:1.8.0_402]
	at org.junit.runners.model.FrameworkMethod$1.runReflectiveCall(FrameworkMethod.java:59) ~[junit-4.13.jar:4.13]
	at org.junit.internal.runners.model.ReflectiveCallable.run(ReflectiveCallable.java:12) ~[junit-4.13.jar:4.13]
	at org.junit.runners.model.FrameworkMethod.invokeExplosively(FrameworkMethod.java:56) ~[junit-4.13.jar:4.13]
	at org.junit.internal.runners.statements.RunBefores.invokeMethod(RunBefores.java:33) ~[junit-4.13.jar:4.13]
	at org.junit.internal.runners.statements.RunBefores.evaluate(RunBefores.java:24) ~[junit-4.13.jar:4.13]
	at org.junit.internal.runners.statements.RunAfters.evaluate(RunAfters.java:27) ~[junit-4.13.jar:4.13]
	at org.junit.rules.ExternalResource$1.evaluate(ExternalResource.java:54) ~[junit-4.13.jar:4.13]
	at org.junit.runners.ParentRunner$3.evaluate(ParentRunner.java:306) ~[junit-4.13.jar:4.13]
	at org.junit.runners.BlockJUnit4ClassRunner$1.evaluate(BlockJUnit4ClassRunner.java:100) ~[junit-4.13.jar:4.13]
	at org.junit.runners.ParentRunner.runLeaf(ParentRunner.java:366) ~[junit-4.13.jar:4.13]
	at org.junit.runners.BlockJUnit4ClassRunner.runChild(BlockJUnit4ClassRunner.java:103) ~[junit-4.13.jar:4.13]
	at org.junit.runners.BlockJUnit4ClassRunner.runChild(BlockJUnit4ClassRunner.java:63) ~[junit-4.13.jar:4.13]
	at org.junit.runners.ParentRunner$4.run(ParentRunner.java:331) ~[junit-4.13.jar:4.13]
	at org.junit.runners.ParentRunner$1.schedule(ParentRunner.java:79) ~[junit-4.13.jar:4.13]
	at org.junit.runners.ParentRunner.runChildren(ParentRunner.java:329) ~[junit-4.13.jar:4.13]
	at org.junit.runners.ParentRunner.access$100(ParentRunner.java:66) ~[junit-4.13.jar:4.13]
	at org.junit.runners.ParentRunner$2.evaluate(ParentRunner.java:293) ~[junit-4.13.jar:4.13]
	at org.junit.runners.ParentRunner$3.evaluate(ParentRunner.java:306) ~[junit-4.13.jar:4.13]
	at org.junit.runners.ParentRunner.run(ParentRunner.java:413) ~[junit-4.13.jar:4.13]
	at org.junit.runner.JUnitCore.run(JUnitCore.java:137) ~[junit-4.13.jar:4.13]
	at org.junit.runner.JUnitCore.run(JUnitCore.java:115) ~[junit-4.13.jar:4.13]
	at org.junit.vintage.engine.execution.RunnerExecutor.execute(RunnerExecutor.java:43) ~[junit-vintage-engine-5.6.2.jar:5.6.2]
	at java.util.stream.ForEachOps$ForEachOp$OfRef.accept(ForEachOps.java:183) ~[?:1.8.0_402]
	at java.util.stream.ReferencePipeline$3$1.accept(ReferencePipeline.java:193) ~[?:1.8.0_402]
	at java.util.Iterator.forEachRemaining(Iterator.java:116) ~[?:1.8.0_402]
	at java.util.Spliterators$IteratorSpliterator.forEachRemaining(Spliterators.java:1801) ~[?:1.8.0_402]
	at java.util.stream.AbstractPipeline.copyInto(AbstractPipeline.java:482) ~[?:1.8.0_402]
	at java.util.stream.AbstractPipeline.wrapAndCopyInto(AbstractPipeline.java:472) ~[?:1.8.0_402]
	at java.util.stream.ForEachOps$ForEachOp.evaluateSequential(ForEachOps.java:150) ~[?:1.8.0_402]
	at java.util.stream.ForEachOps$ForEachOp$OfRef.evaluateSequential(ForEachOps.java:173) ~[?:1.8.0_402]
	at java.util.stream.AbstractPipeline.evaluate(AbstractPipeline.java:234) ~[?:1.8.0_402]
	at java.util.stream.ReferencePipeline.forEach(ReferencePipeline.java:485) ~[?:1.8.0_402]
	at org.junit.vintage.engine.VintageTestEngine.executeAllChildren(VintageTestEngine.java:82) ~[junit-vintage-engine-5.6.2.jar:5.6.2]
	at org.junit.vintage.engine.VintageTestEngine.execute(VintageTestEngine.java:73) ~[junit-vintage-engine-5.6.2.jar:5.6.2]
	at org.junit.platform.launcher.core.DefaultLauncher.execute(DefaultLauncher.java:248) ~[junit-platform-launcher-1.6.2.jar:1.6.2]
	at org.junit.platform.launcher.core.DefaultLauncher.lambda$execute$5(DefaultLauncher.java:211) ~[junit-platform-launcher-1.6.2.jar:1.6.2]
	at org.junit.platform.launcher.core.DefaultLauncher.withInterceptedStreams(DefaultLauncher.java:226) [junit-platform-launcher-1.6.2.jar:1.6.2]
	at org.junit.platform.launcher.core.DefaultLauncher.execute(DefaultLauncher.java:199) [junit-platform-launcher-1.6.2.jar:1.6.2]
	at org.junit.platform.launcher.core.DefaultLauncher.execute(DefaultLauncher.java:132) [junit-platform-launcher-1.6.2.jar:1.6.2]
	at org.apache.maven.surefire.junitplatform.JUnitPlatformProvider.invokeAllTests(JUnitPlatformProvider.java:154) [surefire-junit-platform-3.0.0-M4.jar:3.0.0-M4]
	at org.apache.maven.surefire.junitplatform.JUnitPlatformProvider.invoke(JUnitPlatformProvider.java:123) [surefire-junit-platform-3.0.0-M4.jar:3.0.0-M4]
	at org.apache.maven.surefire.booter.ForkedBooter.runSuitesInProcess(ForkedBooter.java:377) [surefire-booter-3.0.0-M4.jar:3.0.0-M4]
	at org.apache.maven.surefire.booter.ForkedBooter.execute(ForkedBooter.java:138) [surefire-booter-3.0.0-M4.jar:3.0.0-M4]
	at org.apache.maven.surefire.booter.ForkedBooter.run(ForkedBooter.java:465) [surefire-booter-3.0.0-M4.jar:3.0.0-M4]
	at org.apache.maven.surefire.booter.ForkedBooter.main(ForkedBooter.java:451) [surefire-booter-3.0.0-M4.jar:3.0.0-M4]
2024-04-24T12:35:27,250 ERROR [main] metastore.RetryingHMSHandler: AlreadyExistsException(message:Table hive.default.alerts already exists)
	at org.apache.hadoop.hive.metastore.HMSHandler.create_table_core(HMSHandler.java:2339)
	at org.apache.hadoop.hive.metastore.HMSHandler.create_table_req(HMSHandler.java:2598)
	at sun.reflect.NativeMethodAccessorImpl.invoke0(Native Method)
	at sun.reflect.NativeMethodAccessorImpl.invoke(NativeMethodAccessorImpl.java:62)
	at sun.reflect.DelegatingMethodAccessorImpl.invoke(DelegatingMethodAccessorImpl.java:43)
	at java.lang.reflect.Method.invoke(Method.java:498)
	at org.apache.hadoop.hive.metastore.RetryingHMSHandler.invokeInternal(RetryingHMSHandler.java:147)
	at org.apache.hadoop.hive.metastore.RetryingHMSHandler.invoke(RetryingHMSHandler.java:108)
	at com.sun.proxy.$Proxy38.create_table_req(Unknown Source)
	at org.apache.hadoop.hive.metastore.HiveMetaStoreClient.create_table_with_environment_context(HiveMetaStoreClient.java:4408)
	at org.apache.hadoop.hive.ql.metadata.SessionHiveMetaStoreClient.create_table_with_environment_context(SessionHiveMetaStoreClient.java:182)
	at org.apache.hadoop.hive.metastore.HiveMetaStoreClient.createTable(HiveMetaStoreClient.java:1260)
	at org.apache.hadoop.hive.metastore.HiveMetaStoreClient.createTable(HiveMetaStoreClient.java:1245)
	at sun.reflect.NativeMethodAccessorImpl.invoke0(Native Method)
	at sun.reflect.NativeMethodAccessorImpl.invoke(NativeMethodAccessorImpl.java:62)
	at sun.reflect.DelegatingMethodAccessorImpl.invoke(DelegatingMethodAccessorImpl.java:43)
	at java.lang.reflect.Method.invoke(Method.java:498)
	at org.apache.hadoop.hive.metastore.RetryingMetaStoreClient.invoke(RetryingMetaStoreClient.java:218)
	at com.sun.proxy.$Proxy47.createTable(Unknown Source)
	at org.apache.hadoop.hive.ql.metadata.Hive.createTable(Hive.java:1290)
	at org.apache.hadoop.hive.ql.metadata.Hive.createTable(Hive.java:1306)
	at org.apache.hadoop.hive.ql.ddl.table.create.CreateTableOperation.createTableNonReplaceMode(CreateTableOperation.java:140)
	at org.apache.hadoop.hive.ql.ddl.table.create.CreateTableOperation.execute(CreateTableOperation.java:98)
	at org.apache.hadoop.hive.ql.ddl.DDLTask.execute(DDLTask.java:84)
	at org.apache.hadoop.hive.ql.exec.Task.executeTask(Task.java:212)
	at org.apache.hadoop.hive.ql.exec.TaskRunner.runSequential(TaskRunner.java:105)
	at org.apache.hadoop.hive.ql.Executor.launchTask(Executor.java:361)
	at org.apache.hadoop.hive.ql.Executor.launchTasks(Executor.java:334)
	at org.apache.hadoop.hive.ql.Executor.runTasks(Executor.java:245)
	at org.apache.hadoop.hive.ql.Executor.execute(Executor.java:108)
	at org.apache.hadoop.hive.ql.Driver.execute(Driver.java:348)
	at org.apache.hadoop.hive.ql.Driver.runInternal(Driver.java:204)
	at org.apache.hadoop.hive.ql.Driver.run(Driver.java:153)
	at org.apache.hadoop.hive.ql.Driver.run(Driver.java:148)
	at org.apache.hadoop.hive.ql.reexec.ReExecDriver.run(ReExecDriver.java:164)
	at org.apache.hadoop.hive.ql.reexec.ReExecDriver.run(ReExecDriver.java:230)
	at org.apache.hive.streaming.TestStreamingDynamicPartitioning.runDDL(TestStreamingDynamicPartitioning.java:829)
	at org.apache.hive.streaming.TestStreamingDynamicPartitioning.createDbAndTable(TestStreamingDynamicPartitioning.java:885)
	at org.apache.hive.streaming.TestStreamingDynamicPartitioning.setup(TestStreamingDynamicPartitioning.java:155)
	at sun.reflect.NativeMethodAccessorImpl.invoke0(Native Method)
	at sun.reflect.NativeMethodAccessorImpl.invoke(NativeMethodAccessorImpl.java:62)
	at sun.reflect.DelegatingMethodAccessorImpl.invoke(DelegatingMethodAccessorImpl.java:43)
	at java.lang.reflect.Method.invoke(Method.java:498)
	at org.junit.runners.model.FrameworkMethod$1.runReflectiveCall(FrameworkMethod.java:59)
	at org.junit.internal.runners.model.ReflectiveCallable.run(ReflectiveCallable.java:12)
	at org.junit.runners.model.FrameworkMethod.invokeExplosively(FrameworkMethod.java:56)
	at org.junit.internal.runners.statements.RunBefores.invokeMethod(RunBefores.java:33)
	at org.junit.internal.runners.statements.RunBefores.evaluate(RunBefores.java:24)
	at org.junit.internal.runners.statements.RunAfters.evaluate(RunAfters.java:27)
	at org.junit.rules.ExternalResource$1.evaluate(ExternalResource.java:54)
	at org.junit.runners.ParentRunner$3.evaluate(ParentRunner.java:306)
	at org.junit.runners.BlockJUnit4ClassRunner$1.evaluate(BlockJUnit4ClassRunner.java:100)
	at org.junit.runners.ParentRunner.runLeaf(ParentRunner.java:366)
	at org.junit.runners.BlockJUnit4ClassRunner.runChild(BlockJUnit4ClassRunner.java:103)
	at org.junit.runners.BlockJUnit4ClassRunner.runChild(BlockJUnit4ClassRunner.java:63)
	at org.junit.runners.ParentRunner$4.run(ParentRunner.java:331)
	at org.junit.runners.ParentRunner$1.schedule(ParentRunner.java:79)
	at org.junit.runners.ParentRunner.runChildren(ParentRunner.java:329)
	at org.junit.runners.ParentRunner.access$100(ParentRunner.java:66)
	at org.junit.runners.ParentRunner$2.evaluate(ParentRunner.java:293)
	at org.junit.runners.ParentRunner$3.evaluate(ParentRunner.java:306)
	at org.junit.runners.ParentRunner.run(ParentRunner.java:413)
	at org.junit.runner.JUnitCore.run(JUnitCore.java:137)
	at org.junit.runner.JUnitCore.run(JUnitCore.java:115)
	at org.junit.vintage.engine.execution.RunnerExecutor.execute(RunnerExecutor.java:43)
	at java.util.stream.ForEachOps$ForEachOp$OfRef.accept(ForEachOps.java:183)
	at java.util.stream.ReferencePipeline$3$1.accept(ReferencePipeline.java:193)
	at java.util.Iterator.forEachRemaining(Iterator.java:116)
	at java.util.Spliterators$IteratorSpliterator.forEachRemaining(Spliterators.java:1801)
	at java.util.stream.AbstractPipeline.copyInto(AbstractPipeline.java:482)
	at java.util.stream.AbstractPipeline.wrapAndCopyInto(AbstractPipeline.java:472)
	at java.util.stream.ForEachOps$ForEachOp.evaluateSequential(ForEachOps.java:150)
	at java.util.stream.ForEachOps$ForEachOp$OfRef.evaluateSequential(ForEachOps.java:173)
	at java.util.stream.AbstractPipeline.evaluate(AbstractPipeline.java:234)
	at java.util.stream.ReferencePipeline.forEach(ReferencePipeline.java:485)
	at org.junit.vintage.engine.VintageTestEngine.executeAllChildren(VintageTestEngine.java:82)
	at org.junit.vintage.engine.VintageTestEngine.execute(VintageTestEngine.java:73)
	at org.junit.platform.launcher.core.DefaultLauncher.execute(DefaultLauncher.java:248)
	at org.junit.platform.launcher.core.DefaultLauncher.lambda$execute$5(DefaultLauncher.java:211)
	at org.junit.platform.launcher.core.DefaultLauncher.withInterceptedStreams(DefaultLauncher.java:226)
	at org.junit.platform.launcher.core.DefaultLauncher.execute(DefaultLauncher.java:199)
	at org.junit.platform.launcher.core.DefaultLauncher.execute(DefaultLauncher.java:132)
	at org.apache.maven.surefire.junitplatform.JUnitPlatformProvider.invokeAllTests(JUnitPlatformProvider.java:154)
	at org.apache.maven.surefire.junitplatform.JUnitPlatformProvider.invoke(JUnitPlatformProvider.java:123)
	at org.apache.maven.surefire.booter.ForkedBooter.runSuitesInProcess(ForkedBooter.java:377)
	at org.apache.maven.surefire.booter.ForkedBooter.execute(ForkedBooter.java:138)
	at org.apache.maven.surefire.booter.ForkedBooter.run(ForkedBooter.java:465)
	at org.apache.maven.surefire.booter.ForkedBooter.main(ForkedBooter.java:451)

2024-04-24T12:35:27,250 ERROR [main] exec.Task: Failed
org.apache.hadoop.hive.ql.metadata.HiveException: AlreadyExistsException(message:Table hive.default.alerts already exists)
	at org.apache.hadoop.hive.ql.metadata.Hive.createTable(Hive.java:1298) ~[classes/:?]
	at org.apache.hadoop.hive.ql.metadata.Hive.createTable(Hive.java:1306) ~[classes/:?]
	at org.apache.hadoop.hive.ql.ddl.table.create.CreateTableOperation.createTableNonReplaceMode(CreateTableOperation.java:140) ~[classes/:?]
	at org.apache.hadoop.hive.ql.ddl.table.create.CreateTableOperation.execute(CreateTableOperation.java:98) ~[classes/:?]
	at org.apache.hadoop.hive.ql.ddl.DDLTask.execute(DDLTask.java:84) ~[classes/:?]
	at org.apache.hadoop.hive.ql.exec.Task.executeTask(Task.java:212) ~[classes/:?]
	at org.apache.hadoop.hive.ql.exec.TaskRunner.runSequential(TaskRunner.java:105) ~[classes/:?]
	at org.apache.hadoop.hive.ql.Executor.launchTask(Executor.java:361) ~[classes/:?]
	at org.apache.hadoop.hive.ql.Executor.launchTasks(Executor.java:334) ~[classes/:?]
	at org.apache.hadoop.hive.ql.Executor.runTasks(Executor.java:245) ~[classes/:?]
	at org.apache.hadoop.hive.ql.Executor.execute(Executor.java:108) ~[classes/:?]
	at org.apache.hadoop.hive.ql.Driver.execute(Driver.java:348) ~[classes/:?]
	at org.apache.hadoop.hive.ql.Driver.runInternal(Driver.java:204) ~[classes/:?]
	at org.apache.hadoop.hive.ql.Driver.run(Driver.java:153) ~[classes/:?]
	at org.apache.hadoop.hive.ql.Driver.run(Driver.java:148) ~[classes/:?]
	at org.apache.hadoop.hive.ql.reexec.ReExecDriver.run(ReExecDriver.java:164) ~[classes/:?]
	at org.apache.hadoop.hive.ql.reexec.ReExecDriver.run(ReExecDriver.java:230) ~[classes/:?]
	at org.apache.hive.streaming.TestStreamingDynamicPartitioning.runDDL(TestStreamingDynamicPartitioning.java:829) ~[test-classes/:?]
	at org.apache.hive.streaming.TestStreamingDynamicPartitioning.createDbAndTable(TestStreamingDynamicPartitioning.java:885) ~[test-classes/:?]
	at org.apache.hive.streaming.TestStreamingDynamicPartitioning.setup(TestStreamingDynamicPartitioning.java:155) ~[test-classes/:?]
	at sun.reflect.NativeMethodAccessorImpl.invoke0(Native Method) ~[?:1.8.0_402]
	at sun.reflect.NativeMethodAccessorImpl.invoke(NativeMethodAccessorImpl.java:62) ~[?:1.8.0_402]
	at sun.reflect.DelegatingMethodAccessorImpl.invoke(DelegatingMethodAccessorImpl.java:43) ~[?:1.8.0_402]
	at java.lang.reflect.Method.invoke(Method.java:498) ~[?:1.8.0_402]
	at org.junit.runners.model.FrameworkMethod$1.runReflectiveCall(FrameworkMethod.java:59) ~[junit-4.13.jar:4.13]
	at org.junit.internal.runners.model.ReflectiveCallable.run(ReflectiveCallable.java:12) ~[junit-4.13.jar:4.13]
	at org.junit.runners.model.FrameworkMethod.invokeExplosively(FrameworkMethod.java:56) ~[junit-4.13.jar:4.13]
	at org.junit.internal.runners.statements.RunBefores.invokeMethod(RunBefores.java:33) ~[junit-4.13.jar:4.13]
	at org.junit.internal.runners.statements.RunBefores.evaluate(RunBefores.java:24) ~[junit-4.13.jar:4.13]
	at org.junit.internal.runners.statements.RunAfters.evaluate(RunAfters.java:27) ~[junit-4.13.jar:4.13]
	at org.junit.rules.ExternalResource$1.evaluate(ExternalResource.java:54) ~[junit-4.13.jar:4.13]
	at org.junit.runners.ParentRunner$3.evaluate(ParentRunner.java:306) ~[junit-4.13.jar:4.13]
	at org.junit.runners.BlockJUnit4ClassRunner$1.evaluate(BlockJUnit4ClassRunner.java:100) ~[junit-4.13.jar:4.13]
	at org.junit.runners.ParentRunner.runLeaf(ParentRunner.java:366) ~[junit-4.13.jar:4.13]
	at org.junit.runners.BlockJUnit4ClassRunner.runChild(BlockJUnit4ClassRunner.java:103) ~[junit-4.13.jar:4.13]
	at org.junit.runners.BlockJUnit4ClassRunner.runChild(BlockJUnit4ClassRunner.java:63) ~[junit-4.13.jar:4.13]
	at org.junit.runners.ParentRunner$4.run(ParentRunner.java:331) ~[junit-4.13.jar:4.13]
	at org.junit.runners.ParentRunner$1.schedule(ParentRunner.java:79) ~[junit-4.13.jar:4.13]
	at org.junit.runners.ParentRunner.runChildren(ParentRunner.java:329) ~[junit-4.13.jar:4.13]
	at org.junit.runners.ParentRunner.access$100(ParentRunner.java:66) ~[junit-4.13.jar:4.13]
	at org.junit.runners.ParentRunner$2.evaluate(ParentRunner.java:293) ~[junit-4.13.jar:4.13]
	at org.junit.runners.ParentRunner$3.evaluate(ParentRunner.java:306) ~[junit-4.13.jar:4.13]
	at org.junit.runners.ParentRunner.run(ParentRunner.java:413) ~[junit-4.13.jar:4.13]
	at org.junit.runner.JUnitCore.run(JUnitCore.java:137) ~[junit-4.13.jar:4.13]
	at org.junit.runner.JUnitCore.run(JUnitCore.java:115) ~[junit-4.13.jar:4.13]
	at org.junit.vintage.engine.execution.RunnerExecutor.execute(RunnerExecutor.java:43) ~[junit-vintage-engine-5.6.2.jar:5.6.2]
	at java.util.stream.ForEachOps$ForEachOp$OfRef.accept(ForEachOps.java:183) ~[?:1.8.0_402]
	at java.util.stream.ReferencePipeline$3$1.accept(ReferencePipeline.java:193) ~[?:1.8.0_402]
	at java.util.Iterator.forEachRemaining(Iterator.java:116) ~[?:1.8.0_402]
	at java.util.Spliterators$IteratorSpliterator.forEachRemaining(Spliterators.java:1801) ~[?:1.8.0_402]
	at java.util.stream.AbstractPipeline.copyInto(AbstractPipeline.java:482) ~[?:1.8.0_402]
	at java.util.stream.AbstractPipeline.wrapAndCopyInto(AbstractPipeline.java:472) ~[?:1.8.0_402]
	at java.util.stream.ForEachOps$ForEachOp.evaluateSequential(ForEachOps.java:150) ~[?:1.8.0_402]
	at java.util.stream.ForEachOps$ForEachOp$OfRef.evaluateSequential(ForEachOps.java:173) ~[?:1.8.0_402]
	at java.util.stream.AbstractPipeline.evaluate(AbstractPipeline.java:234) ~[?:1.8.0_402]
	at java.util.stream.ReferencePipeline.forEach(ReferencePipeline.java:485) ~[?:1.8.0_402]
	at org.junit.vintage.engine.VintageTestEngine.executeAllChildren(VintageTestEngine.java:82) ~[junit-vintage-engine-5.6.2.jar:5.6.2]
	at org.junit.vintage.engine.VintageTestEngine.execute(VintageTestEngine.java:73) ~[junit-vintage-engine-5.6.2.jar:5.6.2]
	at org.junit.platform.launcher.core.DefaultLauncher.execute(DefaultLauncher.java:248) ~[junit-platform-launcher-1.6.2.jar:1.6.2]
	at org.junit.platform.launcher.core.DefaultLauncher.lambda$execute$5(DefaultLauncher.java:211) ~[junit-platform-launcher-1.6.2.jar:1.6.2]
	at org.junit.platform.launcher.core.DefaultLauncher.withInterceptedStreams(DefaultLauncher.java:226) [junit-platform-launcher-1.6.2.jar:1.6.2]
	at org.junit.platform.launcher.core.DefaultLauncher.execute(DefaultLauncher.java:199) [junit-platform-launcher-1.6.2.jar:1.6.2]
	at org.junit.platform.launcher.core.DefaultLauncher.execute(DefaultLauncher.java:132) [junit-platform-launcher-1.6.2.jar:1.6.2]
	at org.apache.maven.surefire.junitplatform.JUnitPlatformProvider.invokeAllTests(JUnitPlatformProvider.java:154) [surefire-junit-platform-3.0.0-M4.jar:3.0.0-M4]
	at org.apache.maven.surefire.junitplatform.JUnitPlatformProvider.invoke(JUnitPlatformProvider.java:123) [surefire-junit-platform-3.0.0-M4.jar:3.0.0-M4]
	at org.apache.maven.surefire.booter.ForkedBooter.runSuitesInProcess(ForkedBooter.java:377) [surefire-booter-3.0.0-M4.jar:3.0.0-M4]
	at org.apache.maven.surefire.booter.ForkedBooter.execute(ForkedBooter.java:138) [surefire-booter-3.0.0-M4.jar:3.0.0-M4]
	at org.apache.maven.surefire.booter.ForkedBooter.run(ForkedBooter.java:465) [surefire-booter-3.0.0-M4.jar:3.0.0-M4]
	at org.apache.maven.surefire.booter.ForkedBooter.main(ForkedBooter.java:451) [surefire-booter-3.0.0-M4.jar:3.0.0-M4]
Caused by: org.apache.hadoop.hive.metastore.api.AlreadyExistsException: Table hive.default.alerts already exists
	at org.apache.hadoop.hive.metastore.HMSHandler.create_table_core(HMSHandler.java:2339) ~[classes/:?]
	at org.apache.hadoop.hive.metastore.HMSHandler.create_table_req(HMSHandler.java:2598) ~[classes/:?]
	at sun.reflect.NativeMethodAccessorImpl.invoke0(Native Method) ~[?:1.8.0_402]
	at sun.reflect.NativeMethodAccessorImpl.invoke(NativeMethodAccessorImpl.java:62) ~[?:1.8.0_402]
	at sun.reflect.DelegatingMethodAccessorImpl.invoke(DelegatingMethodAccessorImpl.java:43) ~[?:1.8.0_402]
	at java.lang.reflect.Method.invoke(Method.java:498) ~[?:1.8.0_402]
	at org.apache.hadoop.hive.metastore.RetryingHMSHandler.invokeInternal(RetryingHMSHandler.java:147) ~[classes/:?]
	at org.apache.hadoop.hive.metastore.RetryingHMSHandler.invoke(RetryingHMSHandler.java:108) ~[classes/:?]
	at com.sun.proxy.$Proxy38.create_table_req(Unknown Source) ~[?:?]
	at org.apache.hadoop.hive.metastore.HiveMetaStoreClient.create_table_with_environment_context(HiveMetaStoreClient.java:4408) ~[classes/:?]
	at org.apache.hadoop.hive.ql.metadata.SessionHiveMetaStoreClient.create_table_with_environment_context(SessionHiveMetaStoreClient.java:182) ~[classes/:?]
	at org.apache.hadoop.hive.metastore.HiveMetaStoreClient.createTable(HiveMetaStoreClient.java:1260) ~[classes/:?]
	at org.apache.hadoop.hive.metastore.HiveMetaStoreClient.createTable(HiveMetaStoreClient.java:1245) ~[classes/:?]
	at sun.reflect.NativeMethodAccessorImpl.invoke0(Native Method) ~[?:1.8.0_402]
	at sun.reflect.NativeMethodAccessorImpl.invoke(NativeMethodAccessorImpl.java:62) ~[?:1.8.0_402]
	at sun.reflect.DelegatingMethodAccessorImpl.invoke(DelegatingMethodAccessorImpl.java:43) ~[?:1.8.0_402]
	at java.lang.reflect.Method.invoke(Method.java:498) ~[?:1.8.0_402]
	at org.apache.hadoop.hive.metastore.RetryingMetaStoreClient.invoke(RetryingMetaStoreClient.java:218) ~[classes/:?]
	at com.sun.proxy.$Proxy47.createTable(Unknown Source) ~[?:?]
	at org.apache.hadoop.hive.ql.metadata.Hive.createTable(Hive.java:1290) ~[classes/:?]
	... 68 more
2024-04-24T12:35:27,251 ERROR [main] exec.Task: DDLTask failed, DDL Operation: class org.apache.hadoop.hive.ql.ddl.table.create.CreateTableOperation
org.apache.hadoop.hive.ql.metadata.HiveException: AlreadyExistsException(message:Table hive.default.alerts already exists)
	at org.apache.hadoop.hive.ql.metadata.Hive.createTable(Hive.java:1298) ~[classes/:?]
	at org.apache.hadoop.hive.ql.metadata.Hive.createTable(Hive.java:1306) ~[classes/:?]
	at org.apache.hadoop.hive.ql.ddl.table.create.CreateTableOperation.createTableNonReplaceMode(CreateTableOperation.java:140) ~[classes/:?]
	at org.apache.hadoop.hive.ql.ddl.table.create.CreateTableOperation.execute(CreateTableOperation.java:98) ~[classes/:?]
	at org.apache.hadoop.hive.ql.ddl.DDLTask.execute(DDLTask.java:84) ~[classes/:?]
	at org.apache.hadoop.hive.ql.exec.Task.executeTask(Task.java:212) ~[classes/:?]
	at org.apache.hadoop.hive.ql.exec.TaskRunner.runSequential(TaskRunner.java:105) ~[classes/:?]
	at org.apache.hadoop.hive.ql.Executor.launchTask(Executor.java:361) ~[classes/:?]
	at org.apache.hadoop.hive.ql.Executor.launchTasks(Executor.java:334) ~[classes/:?]
	at org.apache.hadoop.hive.ql.Executor.runTasks(Executor.java:245) ~[classes/:?]
	at org.apache.hadoop.hive.ql.Executor.execute(Executor.java:108) ~[classes/:?]
	at org.apache.hadoop.hive.ql.Driver.execute(Driver.java:348) ~[classes/:?]
	at org.apache.hadoop.hive.ql.Driver.runInternal(Driver.java:204) ~[classes/:?]
	at org.apache.hadoop.hive.ql.Driver.run(Driver.java:153) ~[classes/:?]
	at org.apache.hadoop.hive.ql.Driver.run(Driver.java:148) ~[classes/:?]
	at org.apache.hadoop.hive.ql.reexec.ReExecDriver.run(ReExecDriver.java:164) ~[classes/:?]
	at org.apache.hadoop.hive.ql.reexec.ReExecDriver.run(ReExecDriver.java:230) ~[classes/:?]
	at org.apache.hive.streaming.TestStreamingDynamicPartitioning.runDDL(TestStreamingDynamicPartitioning.java:829) ~[test-classes/:?]
	at org.apache.hive.streaming.TestStreamingDynamicPartitioning.createDbAndTable(TestStreamingDynamicPartitioning.java:885) ~[test-classes/:?]
	at org.apache.hive.streaming.TestStreamingDynamicPartitioning.setup(TestStreamingDynamicPartitioning.java:155) ~[test-classes/:?]
	at sun.reflect.NativeMethodAccessorImpl.invoke0(Native Method) ~[?:1.8.0_402]
	at sun.reflect.NativeMethodAccessorImpl.invoke(NativeMethodAccessorImpl.java:62) ~[?:1.8.0_402]
	at sun.reflect.DelegatingMethodAccessorImpl.invoke(DelegatingMethodAccessorImpl.java:43) ~[?:1.8.0_402]
	at java.lang.reflect.Method.invoke(Method.java:498) ~[?:1.8.0_402]
	at org.junit.runners.model.FrameworkMethod$1.runReflectiveCall(FrameworkMethod.java:59) ~[junit-4.13.jar:4.13]
	at org.junit.internal.runners.model.ReflectiveCallable.run(ReflectiveCallable.java:12) ~[junit-4.13.jar:4.13]
	at org.junit.runners.model.FrameworkMethod.invokeExplosively(FrameworkMethod.java:56) ~[junit-4.13.jar:4.13]
	at org.junit.internal.runners.statements.RunBefores.invokeMethod(RunBefores.java:33) ~[junit-4.13.jar:4.13]
	at org.junit.internal.runners.statements.RunBefores.evaluate(RunBefores.java:24) ~[junit-4.13.jar:4.13]
	at org.junit.internal.runners.statements.RunAfters.evaluate(RunAfters.java:27) ~[junit-4.13.jar:4.13]
	at org.junit.rules.ExternalResource$1.evaluate(ExternalResource.java:54) ~[junit-4.13.jar:4.13]
	at org.junit.runners.ParentRunner$3.evaluate(ParentRunner.java:306) ~[junit-4.13.jar:4.13]
	at org.junit.runners.BlockJUnit4ClassRunner$1.evaluate(BlockJUnit4ClassRunner.java:100) ~[junit-4.13.jar:4.13]
	at org.junit.runners.ParentRunner.runLeaf(ParentRunner.java:366) ~[junit-4.13.jar:4.13]
	at org.junit.runners.BlockJUnit4ClassRunner.runChild(BlockJUnit4ClassRunner.java:103) ~[junit-4.13.jar:4.13]
	at org.junit.runners.BlockJUnit4ClassRunner.runChild(BlockJUnit4ClassRunner.java:63) ~[junit-4.13.jar:4.13]
	at org.junit.runners.ParentRunner$4.run(ParentRunner.java:331) ~[junit-4.13.jar:4.13]
	at org.junit.runners.ParentRunner$1.schedule(ParentRunner.java:79) ~[junit-4.13.jar:4.13]
	at org.junit.runners.ParentRunner.runChildren(ParentRunner.java:329) ~[junit-4.13.jar:4.13]
	at org.junit.runners.ParentRunner.access$100(ParentRunner.java:66) ~[junit-4.13.jar:4.13]
	at org.junit.runners.ParentRunner$2.evaluate(ParentRunner.java:293) ~[junit-4.13.jar:4.13]
	at org.junit.runners.ParentRunner$3.evaluate(ParentRunner.java:306) ~[junit-4.13.jar:4.13]
	at org.junit.runners.ParentRunner.run(ParentRunner.java:413) ~[junit-4.13.jar:4.13]
	at org.junit.runner.JUnitCore.run(JUnitCore.java:137) ~[junit-4.13.jar:4.13]
	at org.junit.runner.JUnitCore.run(JUnitCore.java:115) ~[junit-4.13.jar:4.13]
	at org.junit.vintage.engine.execution.RunnerExecutor.execute(RunnerExecutor.java:43) ~[junit-vintage-engine-5.6.2.jar:5.6.2]
	at java.util.stream.ForEachOps$ForEachOp$OfRef.accept(ForEachOps.java:183) ~[?:1.8.0_402]
	at java.util.stream.ReferencePipeline$3$1.accept(ReferencePipeline.java:193) ~[?:1.8.0_402]
	at java.util.Iterator.forEachRemaining(Iterator.java:116) ~[?:1.8.0_402]
	at java.util.Spliterators$IteratorSpliterator.forEachRemaining(Spliterators.java:1801) ~[?:1.8.0_402]
	at java.util.stream.AbstractPipeline.copyInto(AbstractPipeline.java:482) ~[?:1.8.0_402]
	at java.util.stream.AbstractPipeline.wrapAndCopyInto(AbstractPipeline.java:472) ~[?:1.8.0_402]
	at java.util.stream.ForEachOps$ForEachOp.evaluateSequential(ForEachOps.java:150) ~[?:1.8.0_402]
	at java.util.stream.ForEachOps$ForEachOp$OfRef.evaluateSequential(ForEachOps.java:173) ~[?:1.8.0_402]
	at java.util.stream.AbstractPipeline.evaluate(AbstractPipeline.java:234) ~[?:1.8.0_402]
	at java.util.stream.ReferencePipeline.forEach(ReferencePipeline.java:485) ~[?:1.8.0_402]
	at org.junit.vintage.engine.VintageTestEngine.executeAllChildren(VintageTestEngine.java:82) ~[junit-vintage-engine-5.6.2.jar:5.6.2]
	at org.junit.vintage.engine.VintageTestEngine.execute(VintageTestEngine.java:73) ~[junit-vintage-engine-5.6.2.jar:5.6.2]
	at org.junit.platform.launcher.core.DefaultLauncher.execute(DefaultLauncher.java:248) ~[junit-platform-launcher-1.6.2.jar:1.6.2]
	at org.junit.platform.launcher.core.DefaultLauncher.lambda$execute$5(DefaultLauncher.java:211) ~[junit-platform-launcher-1.6.2.jar:1.6.2]
	at org.junit.platform.launcher.core.DefaultLauncher.withInterceptedStreams(DefaultLauncher.java:226) [junit-platform-launcher-1.6.2.jar:1.6.2]
	at org.junit.platform.launcher.core.DefaultLauncher.execute(DefaultLauncher.java:199) [junit-platform-launcher-1.6.2.jar:1.6.2]
	at org.junit.platform.launcher.core.DefaultLauncher.execute(DefaultLauncher.java:132) [junit-platform-launcher-1.6.2.jar:1.6.2]
	at org.apache.maven.surefire.junitplatform.JUnitPlatformProvider.invokeAllTests(JUnitPlatformProvider.java:154) [surefire-junit-platform-3.0.0-M4.jar:3.0.0-M4]
	at org.apache.maven.surefire.junitplatform.JUnitPlatformProvider.invoke(JUnitPlatformProvider.java:123) [surefire-junit-platform-3.0.0-M4.jar:3.0.0-M4]
	at org.apache.maven.surefire.booter.ForkedBooter.runSuitesInProcess(ForkedBooter.java:377) [surefire-booter-3.0.0-M4.jar:3.0.0-M4]
	at org.apache.maven.surefire.booter.ForkedBooter.execute(ForkedBooter.java:138) [surefire-booter-3.0.0-M4.jar:3.0.0-M4]
	at org.apache.maven.surefire.booter.ForkedBooter.run(ForkedBooter.java:465) [surefire-booter-3.0.0-M4.jar:3.0.0-M4]
	at org.apache.maven.surefire.booter.ForkedBooter.main(ForkedBooter.java:451) [surefire-booter-3.0.0-M4.jar:3.0.0-M4]
Caused by: org.apache.hadoop.hive.metastore.api.AlreadyExistsException: Table hive.default.alerts already exists
	at org.apache.hadoop.hive.metastore.HMSHandler.create_table_core(HMSHandler.java:2339) ~[classes/:?]
	at org.apache.hadoop.hive.metastore.HMSHandler.create_table_req(HMSHandler.java:2598) ~[classes/:?]
	at sun.reflect.NativeMethodAccessorImpl.invoke0(Native Method) ~[?:1.8.0_402]
	at sun.reflect.NativeMethodAccessorImpl.invoke(NativeMethodAccessorImpl.java:62) ~[?:1.8.0_402]
	at sun.reflect.DelegatingMethodAccessorImpl.invoke(DelegatingMethodAccessorImpl.java:43) ~[?:1.8.0_402]
	at java.lang.reflect.Method.invoke(Method.java:498) ~[?:1.8.0_402]
	at org.apache.hadoop.hive.metastore.RetryingHMSHandler.invokeInternal(RetryingHMSHandler.java:147) ~[classes/:?]
	at org.apache.hadoop.hive.metastore.RetryingHMSHandler.invoke(RetryingHMSHandler.java:108) ~[classes/:?]
	at com.sun.proxy.$Proxy38.create_table_req(Unknown Source) ~[?:?]
	at org.apache.hadoop.hive.metastore.HiveMetaStoreClient.create_table_with_environment_context(HiveMetaStoreClient.java:4408) ~[classes/:?]
	at org.apache.hadoop.hive.ql.metadata.SessionHiveMetaStoreClient.create_table_with_environment_context(SessionHiveMetaStoreClient.java:182) ~[classes/:?]
	at org.apache.hadoop.hive.metastore.HiveMetaStoreClient.createTable(HiveMetaStoreClient.java:1260) ~[classes/:?]
	at org.apache.hadoop.hive.metastore.HiveMetaStoreClient.createTable(HiveMetaStoreClient.java:1245) ~[classes/:?]
	at sun.reflect.NativeMethodAccessorImpl.invoke0(Native Method) ~[?:1.8.0_402]
	at sun.reflect.NativeMethodAccessorImpl.invoke(NativeMethodAccessorImpl.java:62) ~[?:1.8.0_402]
	at sun.reflect.DelegatingMethodAccessorImpl.invoke(DelegatingMethodAccessorImpl.java:43) ~[?:1.8.0_402]
	at java.lang.reflect.Method.invoke(Method.java:498) ~[?:1.8.0_402]
	at org.apache.hadoop.hive.metastore.RetryingMetaStoreClient.invoke(RetryingMetaStoreClient.java:218) ~[classes/:?]
	at com.sun.proxy.$Proxy47.createTable(Unknown Source) ~[?:?]
	at org.apache.hadoop.hive.ql.metadata.Hive.createTable(Hive.java:1290) ~[classes/:?]
	... 68 more
2024-04-24T12:35:27,252  INFO [main] reexec.ReOptimizePlugin: ReOptimization: retryPossible: false
2024-04-24T12:35:27,252  INFO [main] reexec.ReExecuteLostAMQueryPlugin: Got exception message: AlreadyExistsException(message:Table hive.default.alerts already exists) retryPossible: false
2024-04-24T12:35:27,252  INFO [main] reexec.ReExecutionDagSubmitPlugin: Got exception message: AlreadyExistsException(message:Table hive.default.alerts already exists) retryPossible: false
FAILED: Execution Error, return code 40000 from org.apache.hadoop.hive.ql.ddl.DDLTask. AlreadyExistsException(message:Table hive.default.alerts already exists)
2024-04-24T12:35:27,252 ERROR [main] ql.Driver: FAILED: Execution Error, return code 40000 from org.apache.hadoop.hive.ql.ddl.DDLTask. AlreadyExistsException(message:Table hive.default.alerts already exists)
2024-04-24T12:35:27,252  INFO [main] metadata.Hive: Dumping metastore api call timing information for : execution phase
2024-04-24T12:35:27,253  INFO [main] metadata.Hive: Total time spent in each metastore function (ms): {isCompatibleWith_(Configuration)=0}
2024-04-24T12:35:27,253  INFO [main] ql.Driver: Completed executing command(queryId=alex_20240424123527_2af37323-0c4f-4d67-8504-888aa16fac90); Time taken: 0.02 seconds
2024-04-24T12:35:27,253  INFO [main] lockmgr.DbTxnManager: Stopped heartbeat for query: alex_20240424123527_2af37323-0c4f-4d67-8504-888aa16fac90
2024-04-24T12:35:27,254  INFO [main] txn.TxnHandler: Removed transactions: ([2]) from MIN_HISTORY_LEVEL
2024-04-24T12:35:27,257 ERROR [main] streaming.TestStreamingDynamicPartitioning: Statement: create table alerts ( id int,msg string ) partitioned by (Continent string,Country string ) clustered by ( id ) into 1 buckets  stored as orc  location 'raw:///home/alex/Repositories/hive/streaming/target/tmp/junit7118748884175909723/testing.db/alerts' TBLPROPERTIES ('transactional'='true')  failed: (responseCode = 40000, errorMessage = FAILED: Execution Error, return code 40000 from org.apache.hadoop.hive.ql.ddl.DDLTask. AlreadyExistsException(message:Table hive.default.alerts already exists), hiveErrorCode = 40000, SQLState = 08S01, exception = AlreadyExistsException(message:Table hive.default.alerts already exists))
2024-04-24T12:35:27,257  INFO [main] HiveMetaStore.audit: ugi=alex	ip=unknown-ip-addr	cmd=get_table_names_by_filter: db = @hive#testing2, filter = 	
2024-04-24T12:35:27,259  INFO [main] HiveMetaStore.audit: ugi=alex	ip=unknown-ip-addr	cmd=get_database: testing2	
2024-04-24T12:35:27,260  INFO [main] ql.Driver: Compiling command(queryId=alex_20240424123527_2af37323-0c4f-4d67-8504-888aa16fac90): create database IF NOT EXISTS testing5 location 'raw:///home/alex/Repositories/hive/streaming/target/tmp/junit273111291491990629/testing5.db'
2024-04-24T12:35:27,262  INFO [main] txn.TxnHandler: Added entries to MIN_HISTORY_LEVEL for current txns: ([3]) with min_open_txn: 1
2024-04-24T12:35:27,262  INFO [main] lockmgr.DbTxnManager: Opened txnid:3
2024-04-24T12:35:27,263  INFO [main] ql.Driver: Semantic Analysis Completed (retrial = false)
2024-04-24T12:35:27,263  INFO [main] ql.Driver: Created Hive schema: Schema(fieldSchemas:null, properties:null)
2024-04-24T12:35:27,263  INFO [main] metadata.Hive: Dumping metastore api call timing information for : compilation phase
2024-04-24T12:35:27,264  INFO [main] metadata.Hive: Total time spent in each metastore function (ms): {isCompatibleWith_(Configuration)=0, getValidTxns_(long)=0, flushCache_()=0, rollbackTxn_(long)=4, openTxn_(String, TxnType)=1}
2024-04-24T12:35:27,264  INFO [main] ql.Driver: Completed compiling command(queryId=alex_20240424123527_2af37323-0c4f-4d67-8504-888aa16fac90); Time taken: 0.003 seconds
2024-04-24T12:35:27,264  INFO [main] reexec.ReExecDriver: Execution #1 of query
2024-04-24T12:35:27,264  INFO [main] lockmgr.DbTxnManager: Setting lock request transaction to txnid:3 for queryId=alex_20240424123527_2af37323-0c4f-4d67-8504-888aa16fac90
2024-04-24T12:35:27,264  INFO [main] ql.Driver: Operation CREATEDATABASE obtained 0 locks
2024-04-24T12:35:27,264  INFO [main] ql.Driver: Executing command(queryId=alex_20240424123527_2af37323-0c4f-4d67-8504-888aa16fac90): create database IF NOT EXISTS testing5 location 'raw:///home/alex/Repositories/hive/streaming/target/tmp/junit273111291491990629/testing5.db'
PREHOOK: query: create database IF NOT EXISTS testing5 location 'raw:///home/alex/Repositories/hive/streaming/target/tmp/junit273111291491990629/testing5.db'
2024-04-24T12:35:27,264  INFO [main] SessionState: PREHOOK: query: create database IF NOT EXISTS testing5 location 'raw:///home/alex/Repositories/hive/streaming/target/tmp/junit273111291491990629/testing5.db'
PREHOOK: type: CREATEDATABASE
2024-04-24T12:35:27,264  INFO [main] SessionState: PREHOOK: type: CREATEDATABASE
PREHOOK: Output: database:testing5
2024-04-24T12:35:27,264  INFO [main] SessionState: PREHOOK: Output: database:testing5
PREHOOK: Output: raw:/home/alex/Repositories/hive/streaming/target/tmp/junit273111291491990629/testing5.db
2024-04-24T12:35:27,265  INFO [main] SessionState: PREHOOK: Output: raw:/home/alex/Repositories/hive/streaming/target/tmp/junit273111291491990629/testing5.db
2024-04-24T12:35:27,265  INFO [main] ql.Driver: Starting task [Stage-0:DDL] in serial mode
2024-04-24T12:35:27,265  INFO [main] HiveMetaStore.audit: ugi=alex	ip=unknown-ip-addr	cmd=create_database: Database(name:testing5, description:null, locationUri:raw:/home/alex/Repositories/hive/streaming/target/tmp/junit273111291491990629/testing5.db, parameters:null, ownerName:alex, ownerType:USER, catalogName:hive, managedLocationUri:pfile:/home/alex/Repositories/hive/streaming/target/warehouse/testing5.db, type:NATIVE)	
2024-04-24T12:35:27,272 ERROR [main] metastore.RetryingHMSHandler: MetaException(message:Unable to create database managed directory pfile:/home/alex/Repositories/hive/streaming/target/warehouse/testing5.db, failed to create database testing5)
	at org.apache.hadoop.hive.metastore.HMSHandler.create_database_core(HMSHandler.java:1366)
	at org.apache.hadoop.hive.metastore.HMSHandler.create_database(HMSHandler.java:1486)
	at sun.reflect.NativeMethodAccessorImpl.invoke0(Native Method)
	at sun.reflect.NativeMethodAccessorImpl.invoke(NativeMethodAccessorImpl.java:62)
	at sun.reflect.DelegatingMethodAccessorImpl.invoke(DelegatingMethodAccessorImpl.java:43)
	at java.lang.reflect.Method.invoke(Method.java:498)
	at org.apache.hadoop.hive.metastore.RetryingHMSHandler.invokeInternal(RetryingHMSHandler.java:147)
	at org.apache.hadoop.hive.metastore.RetryingHMSHandler.invoke(RetryingHMSHandler.java:108)
	at com.sun.proxy.$Proxy38.create_database(Unknown Source)
	at org.apache.hadoop.hive.metastore.HiveMetaStoreClient.createDatabase(HiveMetaStoreClient.java:1151)
	at sun.reflect.NativeMethodAccessorImpl.invoke0(Native Method)
	at sun.reflect.NativeMethodAccessorImpl.invoke(NativeMethodAccessorImpl.java:62)
	at sun.reflect.DelegatingMethodAccessorImpl.invoke(DelegatingMethodAccessorImpl.java:43)
	at java.lang.reflect.Method.invoke(Method.java:498)
	at org.apache.hadoop.hive.metastore.RetryingMetaStoreClient.invoke(RetryingMetaStoreClient.java:218)
	at com.sun.proxy.$Proxy47.createDatabase(Unknown Source)
	at org.apache.hadoop.hive.ql.metadata.Hive.createDatabase(Hive.java:605)
	at org.apache.hadoop.hive.ql.ddl.database.create.CreateDatabaseOperation.execute(CreateDatabaseOperation.java:68)
	at org.apache.hadoop.hive.ql.ddl.DDLTask.execute(DDLTask.java:84)
	at org.apache.hadoop.hive.ql.exec.Task.executeTask(Task.java:212)
	at org.apache.hadoop.hive.ql.exec.TaskRunner.runSequential(TaskRunner.java:105)
	at org.apache.hadoop.hive.ql.Executor.launchTask(Executor.java:361)
	at org.apache.hadoop.hive.ql.Executor.launchTasks(Executor.java:334)
	at org.apache.hadoop.hive.ql.Executor.runTasks(Executor.java:245)
	at org.apache.hadoop.hive.ql.Executor.execute(Executor.java:108)
	at org.apache.hadoop.hive.ql.Driver.execute(Driver.java:348)
	at org.apache.hadoop.hive.ql.Driver.runInternal(Driver.java:204)
	at org.apache.hadoop.hive.ql.Driver.run(Driver.java:153)
	at org.apache.hadoop.hive.ql.Driver.run(Driver.java:148)
	at org.apache.hadoop.hive.ql.reexec.ReExecDriver.run(ReExecDriver.java:164)
	at org.apache.hadoop.hive.ql.reexec.ReExecDriver.run(ReExecDriver.java:230)
	at org.apache.hive.streaming.TestStreamingDynamicPartitioning.runDDL(TestStreamingDynamicPartitioning.java:829)
	at org.apache.hive.streaming.TestStreamingDynamicPartitioning.createStoreSales(TestStreamingDynamicPartitioning.java:177)
	at org.apache.hive.streaming.TestStreamingDynamicPartitioning.setup(TestStreamingDynamicPartitioning.java:160)
	at sun.reflect.NativeMethodAccessorImpl.invoke0(Native Method)
	at sun.reflect.NativeMethodAccessorImpl.invoke(NativeMethodAccessorImpl.java:62)
	at sun.reflect.DelegatingMethodAccessorImpl.invoke(DelegatingMethodAccessorImpl.java:43)
	at java.lang.reflect.Method.invoke(Method.java:498)
	at org.junit.runners.model.FrameworkMethod$1.runReflectiveCall(FrameworkMethod.java:59)
	at org.junit.internal.runners.model.ReflectiveCallable.run(ReflectiveCallable.java:12)
	at org.junit.runners.model.FrameworkMethod.invokeExplosively(FrameworkMethod.java:56)
	at org.junit.internal.runners.statements.RunBefores.invokeMethod(RunBefores.java:33)
	at org.junit.internal.runners.statements.RunBefores.evaluate(RunBefores.java:24)
	at org.junit.internal.runners.statements.RunAfters.evaluate(RunAfters.java:27)
	at org.junit.rules.ExternalResource$1.evaluate(ExternalResource.java:54)
	at org.junit.runners.ParentRunner$3.evaluate(ParentRunner.java:306)
	at org.junit.runners.BlockJUnit4ClassRunner$1.evaluate(BlockJUnit4ClassRunner.java:100)
	at org.junit.runners.ParentRunner.runLeaf(ParentRunner.java:366)
	at org.junit.runners.BlockJUnit4ClassRunner.runChild(BlockJUnit4ClassRunner.java:103)
	at org.junit.runners.BlockJUnit4ClassRunner.runChild(BlockJUnit4ClassRunner.java:63)
	at org.junit.runners.ParentRunner$4.run(ParentRunner.java:331)
	at org.junit.runners.ParentRunner$1.schedule(ParentRunner.java:79)
	at org.junit.runners.ParentRunner.runChildren(ParentRunner.java:329)
	at org.junit.runners.ParentRunner.access$100(ParentRunner.java:66)
	at org.junit.runners.ParentRunner$2.evaluate(ParentRunner.java:293)
	at org.junit.runners.ParentRunner$3.evaluate(ParentRunner.java:306)
	at org.junit.runners.ParentRunner.run(ParentRunner.java:413)
	at org.junit.runner.JUnitCore.run(JUnitCore.java:137)
	at org.junit.runner.JUnitCore.run(JUnitCore.java:115)
	at org.junit.vintage.engine.execution.RunnerExecutor.execute(RunnerExecutor.java:43)
	at java.util.stream.ForEachOps$ForEachOp$OfRef.accept(ForEachOps.java:183)
	at java.util.stream.ReferencePipeline$3$1.accept(ReferencePipeline.java:193)
	at java.util.Iterator.forEachRemaining(Iterator.java:116)
	at java.util.Spliterators$IteratorSpliterator.forEachRemaining(Spliterators.java:1801)
	at java.util.stream.AbstractPipeline.copyInto(AbstractPipeline.java:482)
	at java.util.stream.AbstractPipeline.wrapAndCopyInto(AbstractPipeline.java:472)
	at java.util.stream.ForEachOps$ForEachOp.evaluateSequential(ForEachOps.java:150)
	at java.util.stream.ForEachOps$ForEachOp$OfRef.evaluateSequential(ForEachOps.java:173)
	at java.util.stream.AbstractPipeline.evaluate(AbstractPipeline.java:234)
	at java.util.stream.ReferencePipeline.forEach(ReferencePipeline.java:485)
	at org.junit.vintage.engine.VintageTestEngine.executeAllChildren(VintageTestEngine.java:82)
	at org.junit.vintage.engine.VintageTestEngine.execute(VintageTestEngine.java:73)
	at org.junit.platform.launcher.core.DefaultLauncher.execute(DefaultLauncher.java:248)
	at org.junit.platform.launcher.core.DefaultLauncher.lambda$execute$5(DefaultLauncher.java:211)
	at org.junit.platform.launcher.core.DefaultLauncher.withInterceptedStreams(DefaultLauncher.java:226)
	at org.junit.platform.launcher.core.DefaultLauncher.execute(DefaultLauncher.java:199)
	at org.junit.platform.launcher.core.DefaultLauncher.execute(DefaultLauncher.java:132)
	at org.apache.maven.surefire.junitplatform.JUnitPlatformProvider.invokeAllTests(JUnitPlatformProvider.java:154)
	at org.apache.maven.surefire.junitplatform.JUnitPlatformProvider.invoke(JUnitPlatformProvider.java:123)
	at org.apache.maven.surefire.booter.ForkedBooter.runSuitesInProcess(ForkedBooter.java:377)
	at org.apache.maven.surefire.booter.ForkedBooter.execute(ForkedBooter.java:138)
	at org.apache.maven.surefire.booter.ForkedBooter.run(ForkedBooter.java:465)
	at org.apache.maven.surefire.booter.ForkedBooter.main(ForkedBooter.java:451)

2024-04-24T12:35:27,272 ERROR [main] exec.Task: Failed
org.apache.hadoop.hive.ql.metadata.HiveException: MetaException(message:Unable to create database managed directory pfile:/home/alex/Repositories/hive/streaming/target/warehouse/testing5.db, failed to create database testing5)
	at org.apache.hadoop.hive.ql.metadata.Hive.createDatabase(Hive.java:611) ~[classes/:?]
	at org.apache.hadoop.hive.ql.ddl.database.create.CreateDatabaseOperation.execute(CreateDatabaseOperation.java:68) ~[classes/:?]
	at org.apache.hadoop.hive.ql.ddl.DDLTask.execute(DDLTask.java:84) ~[classes/:?]
	at org.apache.hadoop.hive.ql.exec.Task.executeTask(Task.java:212) ~[classes/:?]
	at org.apache.hadoop.hive.ql.exec.TaskRunner.runSequential(TaskRunner.java:105) ~[classes/:?]
	at org.apache.hadoop.hive.ql.Executor.launchTask(Executor.java:361) ~[classes/:?]
	at org.apache.hadoop.hive.ql.Executor.launchTasks(Executor.java:334) ~[classes/:?]
	at org.apache.hadoop.hive.ql.Executor.runTasks(Executor.java:245) ~[classes/:?]
	at org.apache.hadoop.hive.ql.Executor.execute(Executor.java:108) ~[classes/:?]
	at org.apache.hadoop.hive.ql.Driver.execute(Driver.java:348) ~[classes/:?]
	at org.apache.hadoop.hive.ql.Driver.runInternal(Driver.java:204) ~[classes/:?]
	at org.apache.hadoop.hive.ql.Driver.run(Driver.java:153) ~[classes/:?]
	at org.apache.hadoop.hive.ql.Driver.run(Driver.java:148) ~[classes/:?]
	at org.apache.hadoop.hive.ql.reexec.ReExecDriver.run(ReExecDriver.java:164) ~[classes/:?]
	at org.apache.hadoop.hive.ql.reexec.ReExecDriver.run(ReExecDriver.java:230) ~[classes/:?]
	at org.apache.hive.streaming.TestStreamingDynamicPartitioning.runDDL(TestStreamingDynamicPartitioning.java:829) ~[test-classes/:?]
	at org.apache.hive.streaming.TestStreamingDynamicPartitioning.createStoreSales(TestStreamingDynamicPartitioning.java:177) ~[test-classes/:?]
	at org.apache.hive.streaming.TestStreamingDynamicPartitioning.setup(TestStreamingDynamicPartitioning.java:160) ~[test-classes/:?]
	at sun.reflect.NativeMethodAccessorImpl.invoke0(Native Method) ~[?:1.8.0_402]
	at sun.reflect.NativeMethodAccessorImpl.invoke(NativeMethodAccessorImpl.java:62) ~[?:1.8.0_402]
	at sun.reflect.DelegatingMethodAccessorImpl.invoke(DelegatingMethodAccessorImpl.java:43) ~[?:1.8.0_402]
	at java.lang.reflect.Method.invoke(Method.java:498) ~[?:1.8.0_402]
	at org.junit.runners.model.FrameworkMethod$1.runReflectiveCall(FrameworkMethod.java:59) ~[junit-4.13.jar:4.13]
	at org.junit.internal.runners.model.ReflectiveCallable.run(ReflectiveCallable.java:12) ~[junit-4.13.jar:4.13]
	at org.junit.runners.model.FrameworkMethod.invokeExplosively(FrameworkMethod.java:56) ~[junit-4.13.jar:4.13]
	at org.junit.internal.runners.statements.RunBefores.invokeMethod(RunBefores.java:33) ~[junit-4.13.jar:4.13]
	at org.junit.internal.runners.statements.RunBefores.evaluate(RunBefores.java:24) ~[junit-4.13.jar:4.13]
	at org.junit.internal.runners.statements.RunAfters.evaluate(RunAfters.java:27) ~[junit-4.13.jar:4.13]
	at org.junit.rules.ExternalResource$1.evaluate(ExternalResource.java:54) ~[junit-4.13.jar:4.13]
	at org.junit.runners.ParentRunner$3.evaluate(ParentRunner.java:306) ~[junit-4.13.jar:4.13]
	at org.junit.runners.BlockJUnit4ClassRunner$1.evaluate(BlockJUnit4ClassRunner.java:100) ~[junit-4.13.jar:4.13]
	at org.junit.runners.ParentRunner.runLeaf(ParentRunner.java:366) ~[junit-4.13.jar:4.13]
	at org.junit.runners.BlockJUnit4ClassRunner.runChild(BlockJUnit4ClassRunner.java:103) ~[junit-4.13.jar:4.13]
	at org.junit.runners.BlockJUnit4ClassRunner.runChild(BlockJUnit4ClassRunner.java:63) ~[junit-4.13.jar:4.13]
	at org.junit.runners.ParentRunner$4.run(ParentRunner.java:331) ~[junit-4.13.jar:4.13]
	at org.junit.runners.ParentRunner$1.schedule(ParentRunner.java:79) ~[junit-4.13.jar:4.13]
	at org.junit.runners.ParentRunner.runChildren(ParentRunner.java:329) ~[junit-4.13.jar:4.13]
	at org.junit.runners.ParentRunner.access$100(ParentRunner.java:66) ~[junit-4.13.jar:4.13]
	at org.junit.runners.ParentRunner$2.evaluate(ParentRunner.java:293) ~[junit-4.13.jar:4.13]
	at org.junit.runners.ParentRunner$3.evaluate(ParentRunner.java:306) ~[junit-4.13.jar:4.13]
	at org.junit.runners.ParentRunner.run(ParentRunner.java:413) ~[junit-4.13.jar:4.13]
	at org.junit.runner.JUnitCore.run(JUnitCore.java:137) ~[junit-4.13.jar:4.13]
	at org.junit.runner.JUnitCore.run(JUnitCore.java:115) ~[junit-4.13.jar:4.13]
	at org.junit.vintage.engine.execution.RunnerExecutor.execute(RunnerExecutor.java:43) ~[junit-vintage-engine-5.6.2.jar:5.6.2]
	at java.util.stream.ForEachOps$ForEachOp$OfRef.accept(ForEachOps.java:183) ~[?:1.8.0_402]
	at java.util.stream.ReferencePipeline$3$1.accept(ReferencePipeline.java:193) ~[?:1.8.0_402]
	at java.util.Iterator.forEachRemaining(Iterator.java:116) ~[?:1.8.0_402]
	at java.util.Spliterators$IteratorSpliterator.forEachRemaining(Spliterators.java:1801) ~[?:1.8.0_402]
	at java.util.stream.AbstractPipeline.copyInto(AbstractPipeline.java:482) ~[?:1.8.0_402]
	at java.util.stream.AbstractPipeline.wrapAndCopyInto(AbstractPipeline.java:472) ~[?:1.8.0_402]
	at java.util.stream.ForEachOps$ForEachOp.evaluateSequential(ForEachOps.java:150) ~[?:1.8.0_402]
	at java.util.stream.ForEachOps$ForEachOp$OfRef.evaluateSequential(ForEachOps.java:173) ~[?:1.8.0_402]
	at java.util.stream.AbstractPipeline.evaluate(AbstractPipeline.java:234) ~[?:1.8.0_402]
	at java.util.stream.ReferencePipeline.forEach(ReferencePipeline.java:485) ~[?:1.8.0_402]
	at org.junit.vintage.engine.VintageTestEngine.executeAllChildren(VintageTestEngine.java:82) ~[junit-vintage-engine-5.6.2.jar:5.6.2]
	at org.junit.vintage.engine.VintageTestEngine.execute(VintageTestEngine.java:73) ~[junit-vintage-engine-5.6.2.jar:5.6.2]
	at org.junit.platform.launcher.core.DefaultLauncher.execute(DefaultLauncher.java:248) ~[junit-platform-launcher-1.6.2.jar:1.6.2]
	at org.junit.platform.launcher.core.DefaultLauncher.lambda$execute$5(DefaultLauncher.java:211) ~[junit-platform-launcher-1.6.2.jar:1.6.2]
	at org.junit.platform.launcher.core.DefaultLauncher.withInterceptedStreams(DefaultLauncher.java:226) [junit-platform-launcher-1.6.2.jar:1.6.2]
	at org.junit.platform.launcher.core.DefaultLauncher.execute(DefaultLauncher.java:199) [junit-platform-launcher-1.6.2.jar:1.6.2]
	at org.junit.platform.launcher.core.DefaultLauncher.execute(DefaultLauncher.java:132) [junit-platform-launcher-1.6.2.jar:1.6.2]
	at org.apache.maven.surefire.junitplatform.JUnitPlatformProvider.invokeAllTests(JUnitPlatformProvider.java:154) [surefire-junit-platform-3.0.0-M4.jar:3.0.0-M4]
	at org.apache.maven.surefire.junitplatform.JUnitPlatformProvider.invoke(JUnitPlatformProvider.java:123) [surefire-junit-platform-3.0.0-M4.jar:3.0.0-M4]
	at org.apache.maven.surefire.booter.ForkedBooter.runSuitesInProcess(ForkedBooter.java:377) [surefire-booter-3.0.0-M4.jar:3.0.0-M4]
	at org.apache.maven.surefire.booter.ForkedBooter.execute(ForkedBooter.java:138) [surefire-booter-3.0.0-M4.jar:3.0.0-M4]
	at org.apache.maven.surefire.booter.ForkedBooter.run(ForkedBooter.java:465) [surefire-booter-3.0.0-M4.jar:3.0.0-M4]
	at org.apache.maven.surefire.booter.ForkedBooter.main(ForkedBooter.java:451) [surefire-booter-3.0.0-M4.jar:3.0.0-M4]
Caused by: org.apache.hadoop.hive.metastore.api.MetaException: Unable to create database managed directory pfile:/home/alex/Repositories/hive/streaming/target/warehouse/testing5.db, failed to create database testing5
	at org.apache.hadoop.hive.metastore.HMSHandler.create_database_core(HMSHandler.java:1366) ~[classes/:?]
	at org.apache.hadoop.hive.metastore.HMSHandler.create_database(HMSHandler.java:1486) ~[classes/:?]
	at sun.reflect.NativeMethodAccessorImpl.invoke0(Native Method) ~[?:1.8.0_402]
	at sun.reflect.NativeMethodAccessorImpl.invoke(NativeMethodAccessorImpl.java:62) ~[?:1.8.0_402]
	at sun.reflect.DelegatingMethodAccessorImpl.invoke(DelegatingMethodAccessorImpl.java:43) ~[?:1.8.0_402]
	at java.lang.reflect.Method.invoke(Method.java:498) ~[?:1.8.0_402]
	at org.apache.hadoop.hive.metastore.RetryingHMSHandler.invokeInternal(RetryingHMSHandler.java:147) ~[classes/:?]
	at org.apache.hadoop.hive.metastore.RetryingHMSHandler.invoke(RetryingHMSHandler.java:108) ~[classes/:?]
	at com.sun.proxy.$Proxy38.create_database(Unknown Source) ~[?:?]
	at org.apache.hadoop.hive.metastore.HiveMetaStoreClient.createDatabase(HiveMetaStoreClient.java:1151) ~[classes/:?]
	at sun.reflect.NativeMethodAccessorImpl.invoke0(Native Method) ~[?:1.8.0_402]
	at sun.reflect.NativeMethodAccessorImpl.invoke(NativeMethodAccessorImpl.java:62) ~[?:1.8.0_402]
	at sun.reflect.DelegatingMethodAccessorImpl.invoke(DelegatingMethodAccessorImpl.java:43) ~[?:1.8.0_402]
	at java.lang.reflect.Method.invoke(Method.java:498) ~[?:1.8.0_402]
	at org.apache.hadoop.hive.metastore.RetryingMetaStoreClient.invoke(RetryingMetaStoreClient.java:218) ~[classes/:?]
	at com.sun.proxy.$Proxy47.createDatabase(Unknown Source) ~[?:?]
	at org.apache.hadoop.hive.ql.metadata.Hive.createDatabase(Hive.java:605) ~[classes/:?]
	... 66 more
2024-04-24T12:35:27,273 ERROR [main] exec.Task: DDLTask failed, DDL Operation: class org.apache.hadoop.hive.ql.ddl.database.create.CreateDatabaseOperation
org.apache.hadoop.hive.ql.metadata.HiveException: MetaException(message:Unable to create database managed directory pfile:/home/alex/Repositories/hive/streaming/target/warehouse/testing5.db, failed to create database testing5)
	at org.apache.hadoop.hive.ql.metadata.Hive.createDatabase(Hive.java:611) ~[classes/:?]
	at org.apache.hadoop.hive.ql.ddl.database.create.CreateDatabaseOperation.execute(CreateDatabaseOperation.java:68) ~[classes/:?]
	at org.apache.hadoop.hive.ql.ddl.DDLTask.execute(DDLTask.java:84) ~[classes/:?]
	at org.apache.hadoop.hive.ql.exec.Task.executeTask(Task.java:212) ~[classes/:?]
	at org.apache.hadoop.hive.ql.exec.TaskRunner.runSequential(TaskRunner.java:105) ~[classes/:?]
	at org.apache.hadoop.hive.ql.Executor.launchTask(Executor.java:361) ~[classes/:?]
	at org.apache.hadoop.hive.ql.Executor.launchTasks(Executor.java:334) ~[classes/:?]
	at org.apache.hadoop.hive.ql.Executor.runTasks(Executor.java:245) ~[classes/:?]
	at org.apache.hadoop.hive.ql.Executor.execute(Executor.java:108) ~[classes/:?]
	at org.apache.hadoop.hive.ql.Driver.execute(Driver.java:348) ~[classes/:?]
	at org.apache.hadoop.hive.ql.Driver.runInternal(Driver.java:204) ~[classes/:?]
	at org.apache.hadoop.hive.ql.Driver.run(Driver.java:153) ~[classes/:?]
	at org.apache.hadoop.hive.ql.Driver.run(Driver.java:148) ~[classes/:?]
	at org.apache.hadoop.hive.ql.reexec.ReExecDriver.run(ReExecDriver.java:164) ~[classes/:?]
	at org.apache.hadoop.hive.ql.reexec.ReExecDriver.run(ReExecDriver.java:230) ~[classes/:?]
	at org.apache.hive.streaming.TestStreamingDynamicPartitioning.runDDL(TestStreamingDynamicPartitioning.java:829) ~[test-classes/:?]
	at org.apache.hive.streaming.TestStreamingDynamicPartitioning.createStoreSales(TestStreamingDynamicPartitioning.java:177) ~[test-classes/:?]
	at org.apache.hive.streaming.TestStreamingDynamicPartitioning.setup(TestStreamingDynamicPartitioning.java:160) ~[test-classes/:?]
	at sun.reflect.NativeMethodAccessorImpl.invoke0(Native Method) ~[?:1.8.0_402]
	at sun.reflect.NativeMethodAccessorImpl.invoke(NativeMethodAccessorImpl.java:62) ~[?:1.8.0_402]
	at sun.reflect.DelegatingMethodAccessorImpl.invoke(DelegatingMethodAccessorImpl.java:43) ~[?:1.8.0_402]
	at java.lang.reflect.Method.invoke(Method.java:498) ~[?:1.8.0_402]
	at org.junit.runners.model.FrameworkMethod$1.runReflectiveCall(FrameworkMethod.java:59) ~[junit-4.13.jar:4.13]
	at org.junit.internal.runners.model.ReflectiveCallable.run(ReflectiveCallable.java:12) ~[junit-4.13.jar:4.13]
	at org.junit.runners.model.FrameworkMethod.invokeExplosively(FrameworkMethod.java:56) ~[junit-4.13.jar:4.13]
	at org.junit.internal.runners.statements.RunBefores.invokeMethod(RunBefores.java:33) ~[junit-4.13.jar:4.13]
	at org.junit.internal.runners.statements.RunBefores.evaluate(RunBefores.java:24) ~[junit-4.13.jar:4.13]
	at org.junit.internal.runners.statements.RunAfters.evaluate(RunAfters.java:27) ~[junit-4.13.jar:4.13]
	at org.junit.rules.ExternalResource$1.evaluate(ExternalResource.java:54) ~[junit-4.13.jar:4.13]
	at org.junit.runners.ParentRunner$3.evaluate(ParentRunner.java:306) ~[junit-4.13.jar:4.13]
	at org.junit.runners.BlockJUnit4ClassRunner$1.evaluate(BlockJUnit4ClassRunner.java:100) ~[junit-4.13.jar:4.13]
	at org.junit.runners.ParentRunner.runLeaf(ParentRunner.java:366) ~[junit-4.13.jar:4.13]
	at org.junit.runners.BlockJUnit4ClassRunner.runChild(BlockJUnit4ClassRunner.java:103) ~[junit-4.13.jar:4.13]
	at org.junit.runners.BlockJUnit4ClassRunner.runChild(BlockJUnit4ClassRunner.java:63) ~[junit-4.13.jar:4.13]
	at org.junit.runners.ParentRunner$4.run(ParentRunner.java:331) ~[junit-4.13.jar:4.13]
	at org.junit.runners.ParentRunner$1.schedule(ParentRunner.java:79) ~[junit-4.13.jar:4.13]
	at org.junit.runners.ParentRunner.runChildren(ParentRunner.java:329) ~[junit-4.13.jar:4.13]
	at org.junit.runners.ParentRunner.access$100(ParentRunner.java:66) ~[junit-4.13.jar:4.13]
	at org.junit.runners.ParentRunner$2.evaluate(ParentRunner.java:293) ~[junit-4.13.jar:4.13]
	at org.junit.runners.ParentRunner$3.evaluate(ParentRunner.java:306) ~[junit-4.13.jar:4.13]
	at org.junit.runners.ParentRunner.run(ParentRunner.java:413) ~[junit-4.13.jar:4.13]
	at org.junit.runner.JUnitCore.run(JUnitCore.java:137) ~[junit-4.13.jar:4.13]
	at org.junit.runner.JUnitCore.run(JUnitCore.java:115) ~[junit-4.13.jar:4.13]
	at org.junit.vintage.engine.execution.RunnerExecutor.execute(RunnerExecutor.java:43) ~[junit-vintage-engine-5.6.2.jar:5.6.2]
	at java.util.stream.ForEachOps$ForEachOp$OfRef.accept(ForEachOps.java:183) ~[?:1.8.0_402]
	at java.util.stream.ReferencePipeline$3$1.accept(ReferencePipeline.java:193) ~[?:1.8.0_402]
	at java.util.Iterator.forEachRemaining(Iterator.java:116) ~[?:1.8.0_402]
	at java.util.Spliterators$IteratorSpliterator.forEachRemaining(Spliterators.java:1801) ~[?:1.8.0_402]
	at java.util.stream.AbstractPipeline.copyInto(AbstractPipeline.java:482) ~[?:1.8.0_402]
	at java.util.stream.AbstractPipeline.wrapAndCopyInto(AbstractPipeline.java:472) ~[?:1.8.0_402]
	at java.util.stream.ForEachOps$ForEachOp.evaluateSequential(ForEachOps.java:150) ~[?:1.8.0_402]
	at java.util.stream.ForEachOps$ForEachOp$OfRef.evaluateSequential(ForEachOps.java:173) ~[?:1.8.0_402]
	at java.util.stream.AbstractPipeline.evaluate(AbstractPipeline.java:234) ~[?:1.8.0_402]
	at java.util.stream.ReferencePipeline.forEach(ReferencePipeline.java:485) ~[?:1.8.0_402]
	at org.junit.vintage.engine.VintageTestEngine.executeAllChildren(VintageTestEngine.java:82) ~[junit-vintage-engine-5.6.2.jar:5.6.2]
	at org.junit.vintage.engine.VintageTestEngine.execute(VintageTestEngine.java:73) ~[junit-vintage-engine-5.6.2.jar:5.6.2]
	at org.junit.platform.launcher.core.DefaultLauncher.execute(DefaultLauncher.java:248) ~[junit-platform-launcher-1.6.2.jar:1.6.2]
	at org.junit.platform.launcher.core.DefaultLauncher.lambda$execute$5(DefaultLauncher.java:211) ~[junit-platform-launcher-1.6.2.jar:1.6.2]
	at org.junit.platform.launcher.core.DefaultLauncher.withInterceptedStreams(DefaultLauncher.java:226) [junit-platform-launcher-1.6.2.jar:1.6.2]
	at org.junit.platform.launcher.core.DefaultLauncher.execute(DefaultLauncher.java:199) [junit-platform-launcher-1.6.2.jar:1.6.2]
	at org.junit.platform.launcher.core.DefaultLauncher.execute(DefaultLauncher.java:132) [junit-platform-launcher-1.6.2.jar:1.6.2]
	at org.apache.maven.surefire.junitplatform.JUnitPlatformProvider.invokeAllTests(JUnitPlatformProvider.java:154) [surefire-junit-platform-3.0.0-M4.jar:3.0.0-M4]
	at org.apache.maven.surefire.junitplatform.JUnitPlatformProvider.invoke(JUnitPlatformProvider.java:123) [surefire-junit-platform-3.0.0-M4.jar:3.0.0-M4]
	at org.apache.maven.surefire.booter.ForkedBooter.runSuitesInProcess(ForkedBooter.java:377) [surefire-booter-3.0.0-M4.jar:3.0.0-M4]
	at org.apache.maven.surefire.booter.ForkedBooter.execute(ForkedBooter.java:138) [surefire-booter-3.0.0-M4.jar:3.0.0-M4]
	at org.apache.maven.surefire.booter.ForkedBooter.run(ForkedBooter.java:465) [surefire-booter-3.0.0-M4.jar:3.0.0-M4]
	at org.apache.maven.surefire.booter.ForkedBooter.main(ForkedBooter.java:451) [surefire-booter-3.0.0-M4.jar:3.0.0-M4]
Caused by: org.apache.hadoop.hive.metastore.api.MetaException: Unable to create database managed directory pfile:/home/alex/Repositories/hive/streaming/target/warehouse/testing5.db, failed to create database testing5
	at org.apache.hadoop.hive.metastore.HMSHandler.create_database_core(HMSHandler.java:1366) ~[classes/:?]
	at org.apache.hadoop.hive.metastore.HMSHandler.create_database(HMSHandler.java:1486) ~[classes/:?]
	at sun.reflect.NativeMethodAccessorImpl.invoke0(Native Method) ~[?:1.8.0_402]
	at sun.reflect.NativeMethodAccessorImpl.invoke(NativeMethodAccessorImpl.java:62) ~[?:1.8.0_402]
	at sun.reflect.DelegatingMethodAccessorImpl.invoke(DelegatingMethodAccessorImpl.java:43) ~[?:1.8.0_402]
	at java.lang.reflect.Method.invoke(Method.java:498) ~[?:1.8.0_402]
	at org.apache.hadoop.hive.metastore.RetryingHMSHandler.invokeInternal(RetryingHMSHandler.java:147) ~[classes/:?]
	at org.apache.hadoop.hive.metastore.RetryingHMSHandler.invoke(RetryingHMSHandler.java:108) ~[classes/:?]
	at com.sun.proxy.$Proxy38.create_database(Unknown Source) ~[?:?]
	at org.apache.hadoop.hive.metastore.HiveMetaStoreClient.createDatabase(HiveMetaStoreClient.java:1151) ~[classes/:?]
	at sun.reflect.NativeMethodAccessorImpl.invoke0(Native Method) ~[?:1.8.0_402]
	at sun.reflect.NativeMethodAccessorImpl.invoke(NativeMethodAccessorImpl.java:62) ~[?:1.8.0_402]
	at sun.reflect.DelegatingMethodAccessorImpl.invoke(DelegatingMethodAccessorImpl.java:43) ~[?:1.8.0_402]
	at java.lang.reflect.Method.invoke(Method.java:498) ~[?:1.8.0_402]
	at org.apache.hadoop.hive.metastore.RetryingMetaStoreClient.invoke(RetryingMetaStoreClient.java:218) ~[classes/:?]
	at com.sun.proxy.$Proxy47.createDatabase(Unknown Source) ~[?:?]
	at org.apache.hadoop.hive.ql.metadata.Hive.createDatabase(Hive.java:605) ~[classes/:?]
	... 66 more
2024-04-24T12:35:27,273  INFO [main] reexec.ReOptimizePlugin: ReOptimization: retryPossible: false
2024-04-24T12:35:27,273  INFO [main] reexec.ReExecuteLostAMQueryPlugin: Got exception message: MetaException(message:Unable to create database managed directory pfile:/home/alex/Repositories/hive/streaming/target/warehouse/testing5.db, failed to create database testing5) retryPossible: false
2024-04-24T12:35:27,273  INFO [main] reexec.ReExecutionDagSubmitPlugin: Got exception message: MetaException(message:Unable to create database managed directory pfile:/home/alex/Repositories/hive/streaming/target/warehouse/testing5.db, failed to create database testing5) retryPossible: false
FAILED: Execution Error, return code 40000 from org.apache.hadoop.hive.ql.ddl.DDLTask. MetaException(message:Unable to create database managed directory pfile:/home/alex/Repositories/hive/streaming/target/warehouse/testing5.db, failed to create database testing5)
2024-04-24T12:35:27,274 ERROR [main] ql.Driver: FAILED: Execution Error, return code 40000 from org.apache.hadoop.hive.ql.ddl.DDLTask. MetaException(message:Unable to create database managed directory pfile:/home/alex/Repositories/hive/streaming/target/warehouse/testing5.db, failed to create database testing5)
2024-04-24T12:35:27,274  INFO [main] metadata.Hive: Dumping metastore api call timing information for : execution phase
2024-04-24T12:35:27,274  INFO [main] metadata.Hive: Total time spent in each metastore function (ms): {isCompatibleWith_(Configuration)=0}
2024-04-24T12:35:27,274  INFO [main] ql.Driver: Completed executing command(queryId=alex_20240424123527_2af37323-0c4f-4d67-8504-888aa16fac90); Time taken: 0.01 seconds
2024-04-24T12:35:27,274  INFO [main] lockmgr.DbTxnManager: Stopped heartbeat for query: alex_20240424123527_2af37323-0c4f-4d67-8504-888aa16fac90
2024-04-24T12:35:27,276  INFO [main] txn.TxnHandler: Removed transactions: ([3]) from MIN_HISTORY_LEVEL
2024-04-24T12:35:27,280 ERROR [main] streaming.TestStreamingDynamicPartitioning: Statement: create database IF NOT EXISTS testing5 location 'raw:///home/alex/Repositories/hive/streaming/target/tmp/junit273111291491990629/testing5.db' failed: (responseCode = 40000, errorMessage = FAILED: Execution Error, return code 40000 from org.apache.hadoop.hive.ql.ddl.DDLTask. MetaException(message:Unable to create database managed directory pfile:/home/alex/Repositories/hive/streaming/target/warehouse/testing5.db, failed to create database testing5), hiveErrorCode = 40000, SQLState = 08S01, exception = MetaException(message:Unable to create database managed directory pfile:/home/alex/Repositories/hive/streaming/target/warehouse/testing5.db, failed to create database testing5))
2024-04-24T12:35:27,280  INFO [main] HiveMetaStore.audit: ugi=alex	ip=unknown-ip-addr	cmd=Cleaning up thread local RawStore...	
2024-04-24T12:35:27,280  INFO [main] metastore.ObjectStore: RawStore: org.apache.hadoop.hive.metastore.ObjectStore@1dadd172, with PersistenceManager: org.datanucleus.api.jdo.JDOPersistenceManager@33c9f1ac will be shutdown
2024-04-24T12:35:27,280  INFO [main] HiveMetaStore.audit: ugi=alex	ip=unknown-ip-addr	cmd=Done cleaning up thread local RawStore	
2024-04-24T12:35:27,280  INFO [main] metastore.HiveMetaStoreClient: Closed a connection to metastore, current connections: -26
]]></system-err>
  </testcase>
  <testcase name="testWriteAfterAbort" classname="org.apache.hive.streaming.TestStreamingDynamicPartitioning" time="0.189">
    <failure type="java.lang.AssertionError"><![CDATA[java.lang.AssertionError
	at org.junit.Assert.fail(Assert.java:87)
	at org.junit.Assert.assertTrue(Assert.java:42)
	at org.junit.Assert.assertTrue(Assert.java:53)
	at org.apache.hive.streaming.TestStreamingDynamicPartitioning.createStoreSales(TestStreamingDynamicPartitioning.java:178)
	at org.apache.hive.streaming.TestStreamingDynamicPartitioning.setup(TestStreamingDynamicPartitioning.java:160)
	at sun.reflect.NativeMethodAccessorImpl.invoke0(Native Method)
	at sun.reflect.NativeMethodAccessorImpl.invoke(NativeMethodAccessorImpl.java:62)
	at sun.reflect.DelegatingMethodAccessorImpl.invoke(DelegatingMethodAccessorImpl.java:43)
	at java.lang.reflect.Method.invoke(Method.java:498)
	at org.junit.runners.model.FrameworkMethod$1.runReflectiveCall(FrameworkMethod.java:59)
	at org.junit.internal.runners.model.ReflectiveCallable.run(ReflectiveCallable.java:12)
	at org.junit.runners.model.FrameworkMethod.invokeExplosively(FrameworkMethod.java:56)
	at org.junit.internal.runners.statements.RunBefores.invokeMethod(RunBefores.java:33)
	at org.junit.internal.runners.statements.RunBefores.evaluate(RunBefores.java:24)
	at org.junit.internal.runners.statements.RunAfters.evaluate(RunAfters.java:27)
	at org.junit.rules.ExternalResource$1.evaluate(ExternalResource.java:54)
	at org.junit.runners.ParentRunner$3.evaluate(ParentRunner.java:306)
	at org.junit.runners.BlockJUnit4ClassRunner$1.evaluate(BlockJUnit4ClassRunner.java:100)
	at org.junit.runners.ParentRunner.runLeaf(ParentRunner.java:366)
	at org.junit.runners.BlockJUnit4ClassRunner.runChild(BlockJUnit4ClassRunner.java:103)
	at org.junit.runners.BlockJUnit4ClassRunner.runChild(BlockJUnit4ClassRunner.java:63)
	at org.junit.runners.ParentRunner$4.run(ParentRunner.java:331)
	at org.junit.runners.ParentRunner$1.schedule(ParentRunner.java:79)
	at org.junit.runners.ParentRunner.runChildren(ParentRunner.java:329)
	at org.junit.runners.ParentRunner.access$100(ParentRunner.java:66)
	at org.junit.runners.ParentRunner$2.evaluate(ParentRunner.java:293)
	at org.junit.runners.ParentRunner$3.evaluate(ParentRunner.java:306)
	at org.junit.runners.ParentRunner.run(ParentRunner.java:413)
	at org.junit.runner.JUnitCore.run(JUnitCore.java:137)
	at org.junit.runner.JUnitCore.run(JUnitCore.java:115)
	at org.junit.vintage.engine.execution.RunnerExecutor.execute(RunnerExecutor.java:43)
	at java.util.stream.ForEachOps$ForEachOp$OfRef.accept(ForEachOps.java:183)
	at java.util.stream.ReferencePipeline$3$1.accept(ReferencePipeline.java:193)
	at java.util.Iterator.forEachRemaining(Iterator.java:116)
	at java.util.Spliterators$IteratorSpliterator.forEachRemaining(Spliterators.java:1801)
	at java.util.stream.AbstractPipeline.copyInto(AbstractPipeline.java:482)
	at java.util.stream.AbstractPipeline.wrapAndCopyInto(AbstractPipeline.java:472)
	at java.util.stream.ForEachOps$ForEachOp.evaluateSequential(ForEachOps.java:150)
	at java.util.stream.ForEachOps$ForEachOp$OfRef.evaluateSequential(ForEachOps.java:173)
	at java.util.stream.AbstractPipeline.evaluate(AbstractPipeline.java:234)
	at java.util.stream.ReferencePipeline.forEach(ReferencePipeline.java:485)
	at org.junit.vintage.engine.VintageTestEngine.executeAllChildren(VintageTestEngine.java:82)
	at org.junit.vintage.engine.VintageTestEngine.execute(VintageTestEngine.java:73)
	at org.junit.platform.launcher.core.DefaultLauncher.execute(DefaultLauncher.java:248)
	at org.junit.platform.launcher.core.DefaultLauncher.lambda$execute$5(DefaultLauncher.java:211)
	at org.junit.platform.launcher.core.DefaultLauncher.withInterceptedStreams(DefaultLauncher.java:226)
	at org.junit.platform.launcher.core.DefaultLauncher.execute(DefaultLauncher.java:199)
	at org.junit.platform.launcher.core.DefaultLauncher.execute(DefaultLauncher.java:132)
	at org.apache.maven.surefire.junitplatform.JUnitPlatformProvider.invokeAllTests(JUnitPlatformProvider.java:154)
	at org.apache.maven.surefire.junitplatform.JUnitPlatformProvider.invoke(JUnitPlatformProvider.java:123)
	at org.apache.maven.surefire.booter.ForkedBooter.runSuitesInProcess(ForkedBooter.java:377)
	at org.apache.maven.surefire.booter.ForkedBooter.execute(ForkedBooter.java:138)
	at org.apache.maven.surefire.booter.ForkedBooter.run(ForkedBooter.java:465)
	at org.apache.maven.surefire.booter.ForkedBooter.main(ForkedBooter.java:451)
]]></failure>
    <system-out><![CDATA[create database IF NOT EXISTS testing location 'raw:///home/alex/Repositories/hive/streaming/target/tmp/junit4952807478682422451/testing.db'
use testing
create table alerts ( id int,msg string ) partitioned by (Continent string,Country string ) clustered by ( id ) into 1 buckets  stored as orc  location 'raw:///home/alex/Repositories/hive/streaming/target/tmp/junit4952807478682422451/testing.db/alerts' TBLPROPERTIES ('transactional'='true') 
create database IF NOT EXISTS testing5 location 'raw:///home/alex/Repositories/hive/streaming/target/tmp/junit9009298686349044754/testing5.db'
]]></system-out>
    <system-err><![CDATA[2024-04-24T12:35:27,325  WARN [main] conf.HiveConf: HiveConf of name hive.metastore.client.cache.recordStats does not exist
2024-04-24T12:35:27,325  WARN [main] conf.HiveConf: HiveConf of name hive.llap.io.cache.orc.arena.size does not exist
2024-04-24T12:35:27,325  WARN [main] conf.HiveConf: HiveConf of name hive.dummyparam.test.server.specific.config.override does not exist
2024-04-24T12:35:27,326  WARN [main] conf.HiveConf: HiveConf of name hive.dummyparam.test.server.specific.config.metastoresite does not exist
2024-04-24T12:35:27,326  WARN [main] conf.HiveConf: HiveConf of name hive.llap.io.cache.orc.alloc.min does not exist
2024-04-24T12:35:27,326  WARN [main] conf.HiveConf: HiveConf of name hive.metastore.client.cache.maxSize does not exist
2024-04-24T12:35:27,326  WARN [main] conf.HiveConf: HiveConf of name hive.llap.io.cache.orc.alloc.max does not exist
2024-04-24T12:35:27,326  WARN [main] conf.HiveConf: HiveConf of name hive.dummyparam.test.server.specific.config.hivesite does not exist
2024-04-24T12:35:27,326  WARN [main] conf.HiveConf: HiveConf of name hive.llap.io.cache.orc.size does not exist
2024-04-24T12:35:27,326  WARN [main] conf.HiveConf: HiveConf of name hive.stats.key.prefix.reserve.length does not exist
2024-04-24T12:35:27,326  WARN [main] conf.HiveConf: HiveConf of name hive.metastore.metadb.dir does not exist
2024-04-24T12:35:27,327  INFO [main] utils.TestTxnDbUtil: Cleaning transactional tables
2024-04-24T12:35:27,337  INFO [main] utils.TestTxnDbUtil: Creating transactional tables
2024-04-24T12:35:27,340  INFO [main] metastore.HiveMetaStoreClient: HMS client filtering is enabled.
2024-04-24T12:35:27,341  INFO [main] metastore.HMSHandler: 0: Opening raw store with implementation class:org.apache.hadoop.hive.metastore.ObjectStore
2024-04-24T12:35:27,341  INFO [main] metastore.PersistenceManagerProvider: Configuration datanucleus.autoStartMechanismMode is not set. Defaulting to 'ignored'
2024-04-24T12:35:27,341  INFO [main] metastore.ObjectStore: RawStore: org.apache.hadoop.hive.metastore.ObjectStore@476a970c, with PersistenceManager: null will be shutdown
2024-04-24T12:35:27,341  INFO [main] metastore.ObjectStore: RawStore: org.apache.hadoop.hive.metastore.ObjectStore@476a970c, with PersistenceManager: org.datanucleus.api.jdo.JDOPersistenceManager@1ce57bbb created in the thread with id: 1
2024-04-24T12:35:27,343  INFO [main] metastore.HMSHandler: Created RawStore: org.apache.hadoop.hive.metastore.ObjectStore@476a970c from thread id: 1
2024-04-24T12:35:27,343  INFO [main] metastore.HMSHandler: HMS server filtering is disabled by configuration
Hive Session ID = fee99d2b-1d35-474e-88b3-45fb19cacc3a
2024-04-24T12:35:27,344  INFO [main] SessionState: Hive Session ID = fee99d2b-1d35-474e-88b3-45fb19cacc3a
ivysettings.xml file not found in HIVE_HOME or HIVE_CONF_DIR,/home/alex/Repositories/hive/conf/ivysettings.xml will be used
2024-04-24T12:35:27,344  INFO [main] DependencyResolver: ivysettings.xml file not found in HIVE_HOME or HIVE_CONF_DIR,/home/alex/Repositories/hive/conf/ivysettings.xml will be used
2024-04-24T12:35:27,350  INFO [main] session.SessionState: Created HDFS directory: /home/alex/Repositories/hive/streaming/target/tmp/scratchdir/alex/fee99d2b-1d35-474e-88b3-45fb19cacc3a
2024-04-24T12:35:27,352  INFO [main] session.SessionState: Created local directory: /home/alex/Repositories/hive/streaming/target/tmp/localscratchdir/fee99d2b-1d35-474e-88b3-45fb19cacc3a
2024-04-24T12:35:27,354  INFO [main] session.SessionState: Created HDFS directory: /home/alex/Repositories/hive/streaming/target/tmp/scratchdir/alex/fee99d2b-1d35-474e-88b3-45fb19cacc3a/_tmp_space.db
2024-04-24T12:35:27,356  INFO [main] HiveMetaStore.audit: ugi=alex	ip=unknown-ip-addr	cmd=get_table_names_by_filter: db = @hive#testing, filter = 	
2024-04-24T12:35:27,357  INFO [main] HiveMetaStore.audit: ugi=alex	ip=unknown-ip-addr	cmd=get_database: testing	
2024-04-24T12:35:27,358  INFO [main] ql.Driver: Compiling command(queryId=alex_20240424123527_7db8ae41-1af2-41a3-a1d9-c2dc189b7c5e): create database IF NOT EXISTS testing location 'raw:///home/alex/Repositories/hive/streaming/target/tmp/junit4952807478682422451/testing.db'
2024-04-24T12:35:27,366  INFO [main] txn.TxnHandler: Added entries to MIN_HISTORY_LEVEL for current txns: ([1]) with min_open_txn: 1
2024-04-24T12:35:27,367  INFO [main] lockmgr.DbTxnManager: Opened txnid:1
2024-04-24T12:35:27,369  INFO [main] ql.Driver: Semantic Analysis Completed (retrial = false)
2024-04-24T12:35:27,369  INFO [main] ql.Driver: Created Hive schema: Schema(fieldSchemas:null, properties:null)
2024-04-24T12:35:27,369  INFO [main] metadata.Hive: Dumping metastore api call timing information for : compilation phase
2024-04-24T12:35:27,370  INFO [main] metadata.Hive: Total time spent in each metastore function (ms): {flushCache_()=0, getValidTxns_(long)=2, rollbackTxn_(long)=5, isCompatibleWith_(Configuration)=0, openTxn_(String, TxnType)=8}
2024-04-24T12:35:27,370  INFO [main] ql.Driver: Completed compiling command(queryId=alex_20240424123527_7db8ae41-1af2-41a3-a1d9-c2dc189b7c5e); Time taken: 0.011 seconds
2024-04-24T12:35:27,370  INFO [main] reexec.ReExecDriver: Execution #1 of query
2024-04-24T12:35:27,370  INFO [main] lockmgr.DbTxnManager: Setting lock request transaction to txnid:1 for queryId=alex_20240424123527_7db8ae41-1af2-41a3-a1d9-c2dc189b7c5e
2024-04-24T12:35:27,370  INFO [main] ql.Driver: Operation CREATEDATABASE obtained 0 locks
2024-04-24T12:35:27,370  INFO [main] ql.Driver: Executing command(queryId=alex_20240424123527_7db8ae41-1af2-41a3-a1d9-c2dc189b7c5e): create database IF NOT EXISTS testing location 'raw:///home/alex/Repositories/hive/streaming/target/tmp/junit4952807478682422451/testing.db'
PREHOOK: query: create database IF NOT EXISTS testing location 'raw:///home/alex/Repositories/hive/streaming/target/tmp/junit4952807478682422451/testing.db'
2024-04-24T12:35:27,370  INFO [main] SessionState: PREHOOK: query: create database IF NOT EXISTS testing location 'raw:///home/alex/Repositories/hive/streaming/target/tmp/junit4952807478682422451/testing.db'
PREHOOK: type: CREATEDATABASE
2024-04-24T12:35:27,371  INFO [main] SessionState: PREHOOK: type: CREATEDATABASE
PREHOOK: Output: database:testing
2024-04-24T12:35:27,371  INFO [main] SessionState: PREHOOK: Output: database:testing
PREHOOK: Output: raw:/home/alex/Repositories/hive/streaming/target/tmp/junit4952807478682422451/testing.db
2024-04-24T12:35:27,371  INFO [main] SessionState: PREHOOK: Output: raw:/home/alex/Repositories/hive/streaming/target/tmp/junit4952807478682422451/testing.db
2024-04-24T12:35:27,371  INFO [main] ql.Driver: Starting task [Stage-0:DDL] in serial mode
2024-04-24T12:35:27,371  INFO [main] sqlstd.SQLStdHiveAccessController: Created SQLStdHiveAccessController for session context : HiveAuthzSessionContext [sessionString=fee99d2b-1d35-474e-88b3-45fb19cacc3a, clientType=HIVECLI]
2024-04-24T12:35:27,371  INFO [main] metastore.HiveMetaStoreClient: Mestastore configuration metastore.filter.hook changed from org.apache.hadoop.hive.metastore.DefaultMetaStoreFilterHookImpl to org.apache.hadoop.hive.ql.security.authorization.plugin.AuthorizationMetaStoreFilterHook
2024-04-24T12:35:27,372  INFO [main] HiveMetaStore.audit: ugi=alex	ip=unknown-ip-addr	cmd=Cleaning up thread local RawStore...	
2024-04-24T12:35:27,372  INFO [main] metastore.ObjectStore: RawStore: org.apache.hadoop.hive.metastore.ObjectStore@476a970c, with PersistenceManager: org.datanucleus.api.jdo.JDOPersistenceManager@1ce57bbb will be shutdown
2024-04-24T12:35:27,372  INFO [main] HiveMetaStore.audit: ugi=alex	ip=unknown-ip-addr	cmd=Done cleaning up thread local RawStore	
2024-04-24T12:35:27,372  INFO [main] metastore.HiveMetaStoreClient: Closed a connection to metastore, current connections: -27
2024-04-24T12:35:27,372  INFO [main] metastore.HiveMetaStoreClient: HMS client filtering is enabled.
2024-04-24T12:35:27,373  INFO [main] metastore.HMSHandler: 0: Opening raw store with implementation class:org.apache.hadoop.hive.metastore.ObjectStore
2024-04-24T12:35:27,373  INFO [main] metastore.PersistenceManagerProvider: Configuration datanucleus.autoStartMechanismMode is not set. Defaulting to 'ignored'
2024-04-24T12:35:27,374  INFO [main] metastore.ObjectStore: RawStore: org.apache.hadoop.hive.metastore.ObjectStore@7b54a0a4, with PersistenceManager: null will be shutdown
2024-04-24T12:35:27,374  INFO [main] metastore.ObjectStore: RawStore: org.apache.hadoop.hive.metastore.ObjectStore@7b54a0a4, with PersistenceManager: org.datanucleus.api.jdo.JDOPersistenceManager@682d9f21 created in the thread with id: 1
2024-04-24T12:35:27,376  INFO [main] metastore.HMSHandler: Created RawStore: org.apache.hadoop.hive.metastore.ObjectStore@7b54a0a4 from thread id: 1
2024-04-24T12:35:27,376  INFO [main] metastore.HMSHandler: HMS server filtering is disabled by configuration
2024-04-24T12:35:27,376  INFO [main] metastore.RetryingMetaStoreClient: RetryingMetaStoreClient proxy=class org.apache.hadoop.hive.ql.metadata.SessionHiveMetaStoreClient ugi=alex (auth:SIMPLE) retries=1 delay=1 lifetime=0
2024-04-24T12:35:27,377  INFO [main] metastore.HiveMetaStoreClient: HMS client filtering is enabled.
2024-04-24T12:35:27,377  INFO [main] metastore.PersistenceManagerProvider: Configuration datanucleus.autoStartMechanismMode is not set. Defaulting to 'ignored'
2024-04-24T12:35:27,377  INFO [main] metastore.ObjectStore: RawStore: org.apache.hadoop.hive.metastore.ObjectStore@7b54a0a4, with PersistenceManager: org.datanucleus.api.jdo.JDOPersistenceManager@682d9f21 will be shutdown
2024-04-24T12:35:27,378  INFO [main] metastore.ObjectStore: RawStore: org.apache.hadoop.hive.metastore.ObjectStore@7b54a0a4, with PersistenceManager: org.datanucleus.api.jdo.JDOPersistenceManager@65da1cbe created in the thread with id: 1
2024-04-24T12:35:27,380  INFO [main] metastore.HMSHandler: HMS server filtering is disabled by configuration
2024-04-24T12:35:27,380  INFO [main] metastore.RetryingMetaStoreClient: RetryingMetaStoreClient proxy=class org.apache.hadoop.hive.ql.metadata.SessionHiveMetaStoreClient ugi=alex (auth:SIMPLE) retries=1 delay=1 lifetime=0
2024-04-24T12:35:27,380  INFO [main] HiveMetaStore.audit: ugi=alex	ip=unknown-ip-addr	cmd=create_database: Database(name:testing, description:null, locationUri:raw:/home/alex/Repositories/hive/streaming/target/tmp/junit4952807478682422451/testing.db, parameters:null, ownerName:alex, ownerType:USER, catalogName:hive, managedLocationUri:pfile:/home/alex/Repositories/hive/streaming/target/warehouse/testing.db, type:NATIVE)	
2024-04-24T12:35:27,386 ERROR [main] metastore.RetryingHMSHandler: MetaException(message:Unable to create database managed directory pfile:/home/alex/Repositories/hive/streaming/target/warehouse/testing.db, failed to create database testing)
	at org.apache.hadoop.hive.metastore.HMSHandler.create_database_core(HMSHandler.java:1366)
	at org.apache.hadoop.hive.metastore.HMSHandler.create_database(HMSHandler.java:1486)
	at sun.reflect.NativeMethodAccessorImpl.invoke0(Native Method)
	at sun.reflect.NativeMethodAccessorImpl.invoke(NativeMethodAccessorImpl.java:62)
	at sun.reflect.DelegatingMethodAccessorImpl.invoke(DelegatingMethodAccessorImpl.java:43)
	at java.lang.reflect.Method.invoke(Method.java:498)
	at org.apache.hadoop.hive.metastore.RetryingHMSHandler.invokeInternal(RetryingHMSHandler.java:147)
	at org.apache.hadoop.hive.metastore.RetryingHMSHandler.invoke(RetryingHMSHandler.java:108)
	at com.sun.proxy.$Proxy38.create_database(Unknown Source)
	at org.apache.hadoop.hive.metastore.HiveMetaStoreClient.createDatabase(HiveMetaStoreClient.java:1151)
	at sun.reflect.NativeMethodAccessorImpl.invoke0(Native Method)
	at sun.reflect.NativeMethodAccessorImpl.invoke(NativeMethodAccessorImpl.java:62)
	at sun.reflect.DelegatingMethodAccessorImpl.invoke(DelegatingMethodAccessorImpl.java:43)
	at java.lang.reflect.Method.invoke(Method.java:498)
	at org.apache.hadoop.hive.metastore.RetryingMetaStoreClient.invoke(RetryingMetaStoreClient.java:218)
	at com.sun.proxy.$Proxy47.createDatabase(Unknown Source)
	at org.apache.hadoop.hive.ql.metadata.Hive.createDatabase(Hive.java:605)
	at org.apache.hadoop.hive.ql.ddl.database.create.CreateDatabaseOperation.execute(CreateDatabaseOperation.java:68)
	at org.apache.hadoop.hive.ql.ddl.DDLTask.execute(DDLTask.java:84)
	at org.apache.hadoop.hive.ql.exec.Task.executeTask(Task.java:212)
	at org.apache.hadoop.hive.ql.exec.TaskRunner.runSequential(TaskRunner.java:105)
	at org.apache.hadoop.hive.ql.Executor.launchTask(Executor.java:361)
	at org.apache.hadoop.hive.ql.Executor.launchTasks(Executor.java:334)
	at org.apache.hadoop.hive.ql.Executor.runTasks(Executor.java:245)
	at org.apache.hadoop.hive.ql.Executor.execute(Executor.java:108)
	at org.apache.hadoop.hive.ql.Driver.execute(Driver.java:348)
	at org.apache.hadoop.hive.ql.Driver.runInternal(Driver.java:204)
	at org.apache.hadoop.hive.ql.Driver.run(Driver.java:153)
	at org.apache.hadoop.hive.ql.Driver.run(Driver.java:148)
	at org.apache.hadoop.hive.ql.reexec.ReExecDriver.run(ReExecDriver.java:164)
	at org.apache.hadoop.hive.ql.reexec.ReExecDriver.run(ReExecDriver.java:230)
	at org.apache.hive.streaming.TestStreamingDynamicPartitioning.runDDL(TestStreamingDynamicPartitioning.java:829)
	at org.apache.hive.streaming.TestStreamingDynamicPartitioning.createDbAndTable(TestStreamingDynamicPartitioning.java:875)
	at org.apache.hive.streaming.TestStreamingDynamicPartitioning.setup(TestStreamingDynamicPartitioning.java:155)
	at sun.reflect.NativeMethodAccessorImpl.invoke0(Native Method)
	at sun.reflect.NativeMethodAccessorImpl.invoke(NativeMethodAccessorImpl.java:62)
	at sun.reflect.DelegatingMethodAccessorImpl.invoke(DelegatingMethodAccessorImpl.java:43)
	at java.lang.reflect.Method.invoke(Method.java:498)
	at org.junit.runners.model.FrameworkMethod$1.runReflectiveCall(FrameworkMethod.java:59)
	at org.junit.internal.runners.model.ReflectiveCallable.run(ReflectiveCallable.java:12)
	at org.junit.runners.model.FrameworkMethod.invokeExplosively(FrameworkMethod.java:56)
	at org.junit.internal.runners.statements.RunBefores.invokeMethod(RunBefores.java:33)
	at org.junit.internal.runners.statements.RunBefores.evaluate(RunBefores.java:24)
	at org.junit.internal.runners.statements.RunAfters.evaluate(RunAfters.java:27)
	at org.junit.rules.ExternalResource$1.evaluate(ExternalResource.java:54)
	at org.junit.runners.ParentRunner$3.evaluate(ParentRunner.java:306)
	at org.junit.runners.BlockJUnit4ClassRunner$1.evaluate(BlockJUnit4ClassRunner.java:100)
	at org.junit.runners.ParentRunner.runLeaf(ParentRunner.java:366)
	at org.junit.runners.BlockJUnit4ClassRunner.runChild(BlockJUnit4ClassRunner.java:103)
	at org.junit.runners.BlockJUnit4ClassRunner.runChild(BlockJUnit4ClassRunner.java:63)
	at org.junit.runners.ParentRunner$4.run(ParentRunner.java:331)
	at org.junit.runners.ParentRunner$1.schedule(ParentRunner.java:79)
	at org.junit.runners.ParentRunner.runChildren(ParentRunner.java:329)
	at org.junit.runners.ParentRunner.access$100(ParentRunner.java:66)
	at org.junit.runners.ParentRunner$2.evaluate(ParentRunner.java:293)
	at org.junit.runners.ParentRunner$3.evaluate(ParentRunner.java:306)
	at org.junit.runners.ParentRunner.run(ParentRunner.java:413)
	at org.junit.runner.JUnitCore.run(JUnitCore.java:137)
	at org.junit.runner.JUnitCore.run(JUnitCore.java:115)
	at org.junit.vintage.engine.execution.RunnerExecutor.execute(RunnerExecutor.java:43)
	at java.util.stream.ForEachOps$ForEachOp$OfRef.accept(ForEachOps.java:183)
	at java.util.stream.ReferencePipeline$3$1.accept(ReferencePipeline.java:193)
	at java.util.Iterator.forEachRemaining(Iterator.java:116)
	at java.util.Spliterators$IteratorSpliterator.forEachRemaining(Spliterators.java:1801)
	at java.util.stream.AbstractPipeline.copyInto(AbstractPipeline.java:482)
	at java.util.stream.AbstractPipeline.wrapAndCopyInto(AbstractPipeline.java:472)
	at java.util.stream.ForEachOps$ForEachOp.evaluateSequential(ForEachOps.java:150)
	at java.util.stream.ForEachOps$ForEachOp$OfRef.evaluateSequential(ForEachOps.java:173)
	at java.util.stream.AbstractPipeline.evaluate(AbstractPipeline.java:234)
	at java.util.stream.ReferencePipeline.forEach(ReferencePipeline.java:485)
	at org.junit.vintage.engine.VintageTestEngine.executeAllChildren(VintageTestEngine.java:82)
	at org.junit.vintage.engine.VintageTestEngine.execute(VintageTestEngine.java:73)
	at org.junit.platform.launcher.core.DefaultLauncher.execute(DefaultLauncher.java:248)
	at org.junit.platform.launcher.core.DefaultLauncher.lambda$execute$5(DefaultLauncher.java:211)
	at org.junit.platform.launcher.core.DefaultLauncher.withInterceptedStreams(DefaultLauncher.java:226)
	at org.junit.platform.launcher.core.DefaultLauncher.execute(DefaultLauncher.java:199)
	at org.junit.platform.launcher.core.DefaultLauncher.execute(DefaultLauncher.java:132)
	at org.apache.maven.surefire.junitplatform.JUnitPlatformProvider.invokeAllTests(JUnitPlatformProvider.java:154)
	at org.apache.maven.surefire.junitplatform.JUnitPlatformProvider.invoke(JUnitPlatformProvider.java:123)
	at org.apache.maven.surefire.booter.ForkedBooter.runSuitesInProcess(ForkedBooter.java:377)
	at org.apache.maven.surefire.booter.ForkedBooter.execute(ForkedBooter.java:138)
	at org.apache.maven.surefire.booter.ForkedBooter.run(ForkedBooter.java:465)
	at org.apache.maven.surefire.booter.ForkedBooter.main(ForkedBooter.java:451)

2024-04-24T12:35:27,386 ERROR [main] exec.Task: Failed
org.apache.hadoop.hive.ql.metadata.HiveException: MetaException(message:Unable to create database managed directory pfile:/home/alex/Repositories/hive/streaming/target/warehouse/testing.db, failed to create database testing)
	at org.apache.hadoop.hive.ql.metadata.Hive.createDatabase(Hive.java:611) ~[classes/:?]
	at org.apache.hadoop.hive.ql.ddl.database.create.CreateDatabaseOperation.execute(CreateDatabaseOperation.java:68) ~[classes/:?]
	at org.apache.hadoop.hive.ql.ddl.DDLTask.execute(DDLTask.java:84) ~[classes/:?]
	at org.apache.hadoop.hive.ql.exec.Task.executeTask(Task.java:212) ~[classes/:?]
	at org.apache.hadoop.hive.ql.exec.TaskRunner.runSequential(TaskRunner.java:105) ~[classes/:?]
	at org.apache.hadoop.hive.ql.Executor.launchTask(Executor.java:361) ~[classes/:?]
	at org.apache.hadoop.hive.ql.Executor.launchTasks(Executor.java:334) ~[classes/:?]
	at org.apache.hadoop.hive.ql.Executor.runTasks(Executor.java:245) ~[classes/:?]
	at org.apache.hadoop.hive.ql.Executor.execute(Executor.java:108) ~[classes/:?]
	at org.apache.hadoop.hive.ql.Driver.execute(Driver.java:348) ~[classes/:?]
	at org.apache.hadoop.hive.ql.Driver.runInternal(Driver.java:204) ~[classes/:?]
	at org.apache.hadoop.hive.ql.Driver.run(Driver.java:153) ~[classes/:?]
	at org.apache.hadoop.hive.ql.Driver.run(Driver.java:148) ~[classes/:?]
	at org.apache.hadoop.hive.ql.reexec.ReExecDriver.run(ReExecDriver.java:164) ~[classes/:?]
	at org.apache.hadoop.hive.ql.reexec.ReExecDriver.run(ReExecDriver.java:230) ~[classes/:?]
	at org.apache.hive.streaming.TestStreamingDynamicPartitioning.runDDL(TestStreamingDynamicPartitioning.java:829) ~[test-classes/:?]
	at org.apache.hive.streaming.TestStreamingDynamicPartitioning.createDbAndTable(TestStreamingDynamicPartitioning.java:875) ~[test-classes/:?]
	at org.apache.hive.streaming.TestStreamingDynamicPartitioning.setup(TestStreamingDynamicPartitioning.java:155) ~[test-classes/:?]
	at sun.reflect.NativeMethodAccessorImpl.invoke0(Native Method) ~[?:1.8.0_402]
	at sun.reflect.NativeMethodAccessorImpl.invoke(NativeMethodAccessorImpl.java:62) ~[?:1.8.0_402]
	at sun.reflect.DelegatingMethodAccessorImpl.invoke(DelegatingMethodAccessorImpl.java:43) ~[?:1.8.0_402]
	at java.lang.reflect.Method.invoke(Method.java:498) ~[?:1.8.0_402]
	at org.junit.runners.model.FrameworkMethod$1.runReflectiveCall(FrameworkMethod.java:59) ~[junit-4.13.jar:4.13]
	at org.junit.internal.runners.model.ReflectiveCallable.run(ReflectiveCallable.java:12) ~[junit-4.13.jar:4.13]
	at org.junit.runners.model.FrameworkMethod.invokeExplosively(FrameworkMethod.java:56) ~[junit-4.13.jar:4.13]
	at org.junit.internal.runners.statements.RunBefores.invokeMethod(RunBefores.java:33) ~[junit-4.13.jar:4.13]
	at org.junit.internal.runners.statements.RunBefores.evaluate(RunBefores.java:24) ~[junit-4.13.jar:4.13]
	at org.junit.internal.runners.statements.RunAfters.evaluate(RunAfters.java:27) ~[junit-4.13.jar:4.13]
	at org.junit.rules.ExternalResource$1.evaluate(ExternalResource.java:54) ~[junit-4.13.jar:4.13]
	at org.junit.runners.ParentRunner$3.evaluate(ParentRunner.java:306) ~[junit-4.13.jar:4.13]
	at org.junit.runners.BlockJUnit4ClassRunner$1.evaluate(BlockJUnit4ClassRunner.java:100) ~[junit-4.13.jar:4.13]
	at org.junit.runners.ParentRunner.runLeaf(ParentRunner.java:366) ~[junit-4.13.jar:4.13]
	at org.junit.runners.BlockJUnit4ClassRunner.runChild(BlockJUnit4ClassRunner.java:103) ~[junit-4.13.jar:4.13]
	at org.junit.runners.BlockJUnit4ClassRunner.runChild(BlockJUnit4ClassRunner.java:63) ~[junit-4.13.jar:4.13]
	at org.junit.runners.ParentRunner$4.run(ParentRunner.java:331) ~[junit-4.13.jar:4.13]
	at org.junit.runners.ParentRunner$1.schedule(ParentRunner.java:79) ~[junit-4.13.jar:4.13]
	at org.junit.runners.ParentRunner.runChildren(ParentRunner.java:329) ~[junit-4.13.jar:4.13]
	at org.junit.runners.ParentRunner.access$100(ParentRunner.java:66) ~[junit-4.13.jar:4.13]
	at org.junit.runners.ParentRunner$2.evaluate(ParentRunner.java:293) ~[junit-4.13.jar:4.13]
	at org.junit.runners.ParentRunner$3.evaluate(ParentRunner.java:306) ~[junit-4.13.jar:4.13]
	at org.junit.runners.ParentRunner.run(ParentRunner.java:413) ~[junit-4.13.jar:4.13]
	at org.junit.runner.JUnitCore.run(JUnitCore.java:137) ~[junit-4.13.jar:4.13]
	at org.junit.runner.JUnitCore.run(JUnitCore.java:115) ~[junit-4.13.jar:4.13]
	at org.junit.vintage.engine.execution.RunnerExecutor.execute(RunnerExecutor.java:43) ~[junit-vintage-engine-5.6.2.jar:5.6.2]
	at java.util.stream.ForEachOps$ForEachOp$OfRef.accept(ForEachOps.java:183) ~[?:1.8.0_402]
	at java.util.stream.ReferencePipeline$3$1.accept(ReferencePipeline.java:193) ~[?:1.8.0_402]
	at java.util.Iterator.forEachRemaining(Iterator.java:116) ~[?:1.8.0_402]
	at java.util.Spliterators$IteratorSpliterator.forEachRemaining(Spliterators.java:1801) ~[?:1.8.0_402]
	at java.util.stream.AbstractPipeline.copyInto(AbstractPipeline.java:482) ~[?:1.8.0_402]
	at java.util.stream.AbstractPipeline.wrapAndCopyInto(AbstractPipeline.java:472) ~[?:1.8.0_402]
	at java.util.stream.ForEachOps$ForEachOp.evaluateSequential(ForEachOps.java:150) ~[?:1.8.0_402]
	at java.util.stream.ForEachOps$ForEachOp$OfRef.evaluateSequential(ForEachOps.java:173) ~[?:1.8.0_402]
	at java.util.stream.AbstractPipeline.evaluate(AbstractPipeline.java:234) ~[?:1.8.0_402]
	at java.util.stream.ReferencePipeline.forEach(ReferencePipeline.java:485) ~[?:1.8.0_402]
	at org.junit.vintage.engine.VintageTestEngine.executeAllChildren(VintageTestEngine.java:82) ~[junit-vintage-engine-5.6.2.jar:5.6.2]
	at org.junit.vintage.engine.VintageTestEngine.execute(VintageTestEngine.java:73) ~[junit-vintage-engine-5.6.2.jar:5.6.2]
	at org.junit.platform.launcher.core.DefaultLauncher.execute(DefaultLauncher.java:248) ~[junit-platform-launcher-1.6.2.jar:1.6.2]
	at org.junit.platform.launcher.core.DefaultLauncher.lambda$execute$5(DefaultLauncher.java:211) ~[junit-platform-launcher-1.6.2.jar:1.6.2]
	at org.junit.platform.launcher.core.DefaultLauncher.withInterceptedStreams(DefaultLauncher.java:226) [junit-platform-launcher-1.6.2.jar:1.6.2]
	at org.junit.platform.launcher.core.DefaultLauncher.execute(DefaultLauncher.java:199) [junit-platform-launcher-1.6.2.jar:1.6.2]
	at org.junit.platform.launcher.core.DefaultLauncher.execute(DefaultLauncher.java:132) [junit-platform-launcher-1.6.2.jar:1.6.2]
	at org.apache.maven.surefire.junitplatform.JUnitPlatformProvider.invokeAllTests(JUnitPlatformProvider.java:154) [surefire-junit-platform-3.0.0-M4.jar:3.0.0-M4]
	at org.apache.maven.surefire.junitplatform.JUnitPlatformProvider.invoke(JUnitPlatformProvider.java:123) [surefire-junit-platform-3.0.0-M4.jar:3.0.0-M4]
	at org.apache.maven.surefire.booter.ForkedBooter.runSuitesInProcess(ForkedBooter.java:377) [surefire-booter-3.0.0-M4.jar:3.0.0-M4]
	at org.apache.maven.surefire.booter.ForkedBooter.execute(ForkedBooter.java:138) [surefire-booter-3.0.0-M4.jar:3.0.0-M4]
	at org.apache.maven.surefire.booter.ForkedBooter.run(ForkedBooter.java:465) [surefire-booter-3.0.0-M4.jar:3.0.0-M4]
	at org.apache.maven.surefire.booter.ForkedBooter.main(ForkedBooter.java:451) [surefire-booter-3.0.0-M4.jar:3.0.0-M4]
Caused by: org.apache.hadoop.hive.metastore.api.MetaException: Unable to create database managed directory pfile:/home/alex/Repositories/hive/streaming/target/warehouse/testing.db, failed to create database testing
	at org.apache.hadoop.hive.metastore.HMSHandler.create_database_core(HMSHandler.java:1366) ~[classes/:?]
	at org.apache.hadoop.hive.metastore.HMSHandler.create_database(HMSHandler.java:1486) ~[classes/:?]
	at sun.reflect.NativeMethodAccessorImpl.invoke0(Native Method) ~[?:1.8.0_402]
	at sun.reflect.NativeMethodAccessorImpl.invoke(NativeMethodAccessorImpl.java:62) ~[?:1.8.0_402]
	at sun.reflect.DelegatingMethodAccessorImpl.invoke(DelegatingMethodAccessorImpl.java:43) ~[?:1.8.0_402]
	at java.lang.reflect.Method.invoke(Method.java:498) ~[?:1.8.0_402]
	at org.apache.hadoop.hive.metastore.RetryingHMSHandler.invokeInternal(RetryingHMSHandler.java:147) ~[classes/:?]
	at org.apache.hadoop.hive.metastore.RetryingHMSHandler.invoke(RetryingHMSHandler.java:108) ~[classes/:?]
	at com.sun.proxy.$Proxy38.create_database(Unknown Source) ~[?:?]
	at org.apache.hadoop.hive.metastore.HiveMetaStoreClient.createDatabase(HiveMetaStoreClient.java:1151) ~[classes/:?]
	at sun.reflect.NativeMethodAccessorImpl.invoke0(Native Method) ~[?:1.8.0_402]
	at sun.reflect.NativeMethodAccessorImpl.invoke(NativeMethodAccessorImpl.java:62) ~[?:1.8.0_402]
	at sun.reflect.DelegatingMethodAccessorImpl.invoke(DelegatingMethodAccessorImpl.java:43) ~[?:1.8.0_402]
	at java.lang.reflect.Method.invoke(Method.java:498) ~[?:1.8.0_402]
	at org.apache.hadoop.hive.metastore.RetryingMetaStoreClient.invoke(RetryingMetaStoreClient.java:218) ~[classes/:?]
	at com.sun.proxy.$Proxy47.createDatabase(Unknown Source) ~[?:?]
	at org.apache.hadoop.hive.ql.metadata.Hive.createDatabase(Hive.java:605) ~[classes/:?]
	... 66 more
2024-04-24T12:35:27,387 ERROR [main] exec.Task: DDLTask failed, DDL Operation: class org.apache.hadoop.hive.ql.ddl.database.create.CreateDatabaseOperation
org.apache.hadoop.hive.ql.metadata.HiveException: MetaException(message:Unable to create database managed directory pfile:/home/alex/Repositories/hive/streaming/target/warehouse/testing.db, failed to create database testing)
	at org.apache.hadoop.hive.ql.metadata.Hive.createDatabase(Hive.java:611) ~[classes/:?]
	at org.apache.hadoop.hive.ql.ddl.database.create.CreateDatabaseOperation.execute(CreateDatabaseOperation.java:68) ~[classes/:?]
	at org.apache.hadoop.hive.ql.ddl.DDLTask.execute(DDLTask.java:84) ~[classes/:?]
	at org.apache.hadoop.hive.ql.exec.Task.executeTask(Task.java:212) ~[classes/:?]
	at org.apache.hadoop.hive.ql.exec.TaskRunner.runSequential(TaskRunner.java:105) ~[classes/:?]
	at org.apache.hadoop.hive.ql.Executor.launchTask(Executor.java:361) ~[classes/:?]
	at org.apache.hadoop.hive.ql.Executor.launchTasks(Executor.java:334) ~[classes/:?]
	at org.apache.hadoop.hive.ql.Executor.runTasks(Executor.java:245) ~[classes/:?]
	at org.apache.hadoop.hive.ql.Executor.execute(Executor.java:108) ~[classes/:?]
	at org.apache.hadoop.hive.ql.Driver.execute(Driver.java:348) ~[classes/:?]
	at org.apache.hadoop.hive.ql.Driver.runInternal(Driver.java:204) ~[classes/:?]
	at org.apache.hadoop.hive.ql.Driver.run(Driver.java:153) ~[classes/:?]
	at org.apache.hadoop.hive.ql.Driver.run(Driver.java:148) ~[classes/:?]
	at org.apache.hadoop.hive.ql.reexec.ReExecDriver.run(ReExecDriver.java:164) ~[classes/:?]
	at org.apache.hadoop.hive.ql.reexec.ReExecDriver.run(ReExecDriver.java:230) ~[classes/:?]
	at org.apache.hive.streaming.TestStreamingDynamicPartitioning.runDDL(TestStreamingDynamicPartitioning.java:829) ~[test-classes/:?]
	at org.apache.hive.streaming.TestStreamingDynamicPartitioning.createDbAndTable(TestStreamingDynamicPartitioning.java:875) ~[test-classes/:?]
	at org.apache.hive.streaming.TestStreamingDynamicPartitioning.setup(TestStreamingDynamicPartitioning.java:155) ~[test-classes/:?]
	at sun.reflect.NativeMethodAccessorImpl.invoke0(Native Method) ~[?:1.8.0_402]
	at sun.reflect.NativeMethodAccessorImpl.invoke(NativeMethodAccessorImpl.java:62) ~[?:1.8.0_402]
	at sun.reflect.DelegatingMethodAccessorImpl.invoke(DelegatingMethodAccessorImpl.java:43) ~[?:1.8.0_402]
	at java.lang.reflect.Method.invoke(Method.java:498) ~[?:1.8.0_402]
	at org.junit.runners.model.FrameworkMethod$1.runReflectiveCall(FrameworkMethod.java:59) ~[junit-4.13.jar:4.13]
	at org.junit.internal.runners.model.ReflectiveCallable.run(ReflectiveCallable.java:12) ~[junit-4.13.jar:4.13]
	at org.junit.runners.model.FrameworkMethod.invokeExplosively(FrameworkMethod.java:56) ~[junit-4.13.jar:4.13]
	at org.junit.internal.runners.statements.RunBefores.invokeMethod(RunBefores.java:33) ~[junit-4.13.jar:4.13]
	at org.junit.internal.runners.statements.RunBefores.evaluate(RunBefores.java:24) ~[junit-4.13.jar:4.13]
	at org.junit.internal.runners.statements.RunAfters.evaluate(RunAfters.java:27) ~[junit-4.13.jar:4.13]
	at org.junit.rules.ExternalResource$1.evaluate(ExternalResource.java:54) ~[junit-4.13.jar:4.13]
	at org.junit.runners.ParentRunner$3.evaluate(ParentRunner.java:306) ~[junit-4.13.jar:4.13]
	at org.junit.runners.BlockJUnit4ClassRunner$1.evaluate(BlockJUnit4ClassRunner.java:100) ~[junit-4.13.jar:4.13]
	at org.junit.runners.ParentRunner.runLeaf(ParentRunner.java:366) ~[junit-4.13.jar:4.13]
	at org.junit.runners.BlockJUnit4ClassRunner.runChild(BlockJUnit4ClassRunner.java:103) ~[junit-4.13.jar:4.13]
	at org.junit.runners.BlockJUnit4ClassRunner.runChild(BlockJUnit4ClassRunner.java:63) ~[junit-4.13.jar:4.13]
	at org.junit.runners.ParentRunner$4.run(ParentRunner.java:331) ~[junit-4.13.jar:4.13]
	at org.junit.runners.ParentRunner$1.schedule(ParentRunner.java:79) ~[junit-4.13.jar:4.13]
	at org.junit.runners.ParentRunner.runChildren(ParentRunner.java:329) ~[junit-4.13.jar:4.13]
	at org.junit.runners.ParentRunner.access$100(ParentRunner.java:66) ~[junit-4.13.jar:4.13]
	at org.junit.runners.ParentRunner$2.evaluate(ParentRunner.java:293) ~[junit-4.13.jar:4.13]
	at org.junit.runners.ParentRunner$3.evaluate(ParentRunner.java:306) ~[junit-4.13.jar:4.13]
	at org.junit.runners.ParentRunner.run(ParentRunner.java:413) ~[junit-4.13.jar:4.13]
	at org.junit.runner.JUnitCore.run(JUnitCore.java:137) ~[junit-4.13.jar:4.13]
	at org.junit.runner.JUnitCore.run(JUnitCore.java:115) ~[junit-4.13.jar:4.13]
	at org.junit.vintage.engine.execution.RunnerExecutor.execute(RunnerExecutor.java:43) ~[junit-vintage-engine-5.6.2.jar:5.6.2]
	at java.util.stream.ForEachOps$ForEachOp$OfRef.accept(ForEachOps.java:183) ~[?:1.8.0_402]
	at java.util.stream.ReferencePipeline$3$1.accept(ReferencePipeline.java:193) ~[?:1.8.0_402]
	at java.util.Iterator.forEachRemaining(Iterator.java:116) ~[?:1.8.0_402]
	at java.util.Spliterators$IteratorSpliterator.forEachRemaining(Spliterators.java:1801) ~[?:1.8.0_402]
	at java.util.stream.AbstractPipeline.copyInto(AbstractPipeline.java:482) ~[?:1.8.0_402]
	at java.util.stream.AbstractPipeline.wrapAndCopyInto(AbstractPipeline.java:472) ~[?:1.8.0_402]
	at java.util.stream.ForEachOps$ForEachOp.evaluateSequential(ForEachOps.java:150) ~[?:1.8.0_402]
	at java.util.stream.ForEachOps$ForEachOp$OfRef.evaluateSequential(ForEachOps.java:173) ~[?:1.8.0_402]
	at java.util.stream.AbstractPipeline.evaluate(AbstractPipeline.java:234) ~[?:1.8.0_402]
	at java.util.stream.ReferencePipeline.forEach(ReferencePipeline.java:485) ~[?:1.8.0_402]
	at org.junit.vintage.engine.VintageTestEngine.executeAllChildren(VintageTestEngine.java:82) ~[junit-vintage-engine-5.6.2.jar:5.6.2]
	at org.junit.vintage.engine.VintageTestEngine.execute(VintageTestEngine.java:73) ~[junit-vintage-engine-5.6.2.jar:5.6.2]
	at org.junit.platform.launcher.core.DefaultLauncher.execute(DefaultLauncher.java:248) ~[junit-platform-launcher-1.6.2.jar:1.6.2]
	at org.junit.platform.launcher.core.DefaultLauncher.lambda$execute$5(DefaultLauncher.java:211) ~[junit-platform-launcher-1.6.2.jar:1.6.2]
	at org.junit.platform.launcher.core.DefaultLauncher.withInterceptedStreams(DefaultLauncher.java:226) [junit-platform-launcher-1.6.2.jar:1.6.2]
	at org.junit.platform.launcher.core.DefaultLauncher.execute(DefaultLauncher.java:199) [junit-platform-launcher-1.6.2.jar:1.6.2]
	at org.junit.platform.launcher.core.DefaultLauncher.execute(DefaultLauncher.java:132) [junit-platform-launcher-1.6.2.jar:1.6.2]
	at org.apache.maven.surefire.junitplatform.JUnitPlatformProvider.invokeAllTests(JUnitPlatformProvider.java:154) [surefire-junit-platform-3.0.0-M4.jar:3.0.0-M4]
	at org.apache.maven.surefire.junitplatform.JUnitPlatformProvider.invoke(JUnitPlatformProvider.java:123) [surefire-junit-platform-3.0.0-M4.jar:3.0.0-M4]
	at org.apache.maven.surefire.booter.ForkedBooter.runSuitesInProcess(ForkedBooter.java:377) [surefire-booter-3.0.0-M4.jar:3.0.0-M4]
	at org.apache.maven.surefire.booter.ForkedBooter.execute(ForkedBooter.java:138) [surefire-booter-3.0.0-M4.jar:3.0.0-M4]
	at org.apache.maven.surefire.booter.ForkedBooter.run(ForkedBooter.java:465) [surefire-booter-3.0.0-M4.jar:3.0.0-M4]
	at org.apache.maven.surefire.booter.ForkedBooter.main(ForkedBooter.java:451) [surefire-booter-3.0.0-M4.jar:3.0.0-M4]
Caused by: org.apache.hadoop.hive.metastore.api.MetaException: Unable to create database managed directory pfile:/home/alex/Repositories/hive/streaming/target/warehouse/testing.db, failed to create database testing
	at org.apache.hadoop.hive.metastore.HMSHandler.create_database_core(HMSHandler.java:1366) ~[classes/:?]
	at org.apache.hadoop.hive.metastore.HMSHandler.create_database(HMSHandler.java:1486) ~[classes/:?]
	at sun.reflect.NativeMethodAccessorImpl.invoke0(Native Method) ~[?:1.8.0_402]
	at sun.reflect.NativeMethodAccessorImpl.invoke(NativeMethodAccessorImpl.java:62) ~[?:1.8.0_402]
	at sun.reflect.DelegatingMethodAccessorImpl.invoke(DelegatingMethodAccessorImpl.java:43) ~[?:1.8.0_402]
	at java.lang.reflect.Method.invoke(Method.java:498) ~[?:1.8.0_402]
	at org.apache.hadoop.hive.metastore.RetryingHMSHandler.invokeInternal(RetryingHMSHandler.java:147) ~[classes/:?]
	at org.apache.hadoop.hive.metastore.RetryingHMSHandler.invoke(RetryingHMSHandler.java:108) ~[classes/:?]
	at com.sun.proxy.$Proxy38.create_database(Unknown Source) ~[?:?]
	at org.apache.hadoop.hive.metastore.HiveMetaStoreClient.createDatabase(HiveMetaStoreClient.java:1151) ~[classes/:?]
	at sun.reflect.NativeMethodAccessorImpl.invoke0(Native Method) ~[?:1.8.0_402]
	at sun.reflect.NativeMethodAccessorImpl.invoke(NativeMethodAccessorImpl.java:62) ~[?:1.8.0_402]
	at sun.reflect.DelegatingMethodAccessorImpl.invoke(DelegatingMethodAccessorImpl.java:43) ~[?:1.8.0_402]
	at java.lang.reflect.Method.invoke(Method.java:498) ~[?:1.8.0_402]
	at org.apache.hadoop.hive.metastore.RetryingMetaStoreClient.invoke(RetryingMetaStoreClient.java:218) ~[classes/:?]
	at com.sun.proxy.$Proxy47.createDatabase(Unknown Source) ~[?:?]
	at org.apache.hadoop.hive.ql.metadata.Hive.createDatabase(Hive.java:605) ~[classes/:?]
	... 66 more
2024-04-24T12:35:27,387  INFO [main] reexec.ReOptimizePlugin: ReOptimization: retryPossible: false
2024-04-24T12:35:27,388  INFO [main] reexec.ReExecuteLostAMQueryPlugin: Got exception message: MetaException(message:Unable to create database managed directory pfile:/home/alex/Repositories/hive/streaming/target/warehouse/testing.db, failed to create database testing) retryPossible: false
2024-04-24T12:35:27,388  INFO [main] reexec.ReExecutionDagSubmitPlugin: Got exception message: MetaException(message:Unable to create database managed directory pfile:/home/alex/Repositories/hive/streaming/target/warehouse/testing.db, failed to create database testing) retryPossible: false
FAILED: Execution Error, return code 40000 from org.apache.hadoop.hive.ql.ddl.DDLTask. MetaException(message:Unable to create database managed directory pfile:/home/alex/Repositories/hive/streaming/target/warehouse/testing.db, failed to create database testing)
2024-04-24T12:35:27,388 ERROR [main] ql.Driver: FAILED: Execution Error, return code 40000 from org.apache.hadoop.hive.ql.ddl.DDLTask. MetaException(message:Unable to create database managed directory pfile:/home/alex/Repositories/hive/streaming/target/warehouse/testing.db, failed to create database testing)
2024-04-24T12:35:27,388  INFO [main] metadata.Hive: Dumping metastore api call timing information for : execution phase
2024-04-24T12:35:27,388  INFO [main] metadata.Hive: Total time spent in each metastore function (ms): {}
2024-04-24T12:35:27,388  INFO [main] ql.Driver: Completed executing command(queryId=alex_20240424123527_7db8ae41-1af2-41a3-a1d9-c2dc189b7c5e); Time taken: 0.018 seconds
2024-04-24T12:35:27,388  INFO [main] lockmgr.DbTxnManager: Stopped heartbeat for query: alex_20240424123527_7db8ae41-1af2-41a3-a1d9-c2dc189b7c5e
2024-04-24T12:35:27,388  INFO [main] metastore.HiveMetaStoreClient: Mestastore configuration metastore.filter.hook changed from org.apache.hadoop.hive.ql.security.authorization.plugin.AuthorizationMetaStoreFilterHook to org.apache.hadoop.hive.metastore.DefaultMetaStoreFilterHookImpl
2024-04-24T12:35:27,388  INFO [main] HiveMetaStore.audit: ugi=alex	ip=unknown-ip-addr	cmd=Cleaning up thread local RawStore...	
2024-04-24T12:35:27,388  INFO [main] metastore.ObjectStore: RawStore: org.apache.hadoop.hive.metastore.ObjectStore@7b54a0a4, with PersistenceManager: org.datanucleus.api.jdo.JDOPersistenceManager@65da1cbe will be shutdown
2024-04-24T12:35:27,388  INFO [main] HiveMetaStore.audit: ugi=alex	ip=unknown-ip-addr	cmd=Done cleaning up thread local RawStore	
2024-04-24T12:35:27,388  INFO [main] metastore.HiveMetaStoreClient: Closed a connection to metastore, current connections: -28
2024-04-24T12:35:27,389  INFO [main] metastore.HiveMetaStoreClient: HMS client filtering is enabled.
2024-04-24T12:35:27,390  INFO [main] metastore.HMSHandler: 0: Opening raw store with implementation class:org.apache.hadoop.hive.metastore.ObjectStore
2024-04-24T12:35:27,390  INFO [main] metastore.PersistenceManagerProvider: Configuration datanucleus.autoStartMechanismMode is not set. Defaulting to 'ignored'
2024-04-24T12:35:27,390  INFO [main] metastore.ObjectStore: RawStore: org.apache.hadoop.hive.metastore.ObjectStore@62f6185a, with PersistenceManager: null will be shutdown
2024-04-24T12:35:27,391  INFO [main] metastore.ObjectStore: RawStore: org.apache.hadoop.hive.metastore.ObjectStore@62f6185a, with PersistenceManager: org.datanucleus.api.jdo.JDOPersistenceManager@34b462e0 created in the thread with id: 1
2024-04-24T12:35:27,393  INFO [main] metastore.HMSHandler: Created RawStore: org.apache.hadoop.hive.metastore.ObjectStore@62f6185a from thread id: 1
2024-04-24T12:35:27,393  INFO [main] metastore.HMSHandler: HMS server filtering is disabled by configuration
2024-04-24T12:35:27,393  INFO [main] metastore.RetryingMetaStoreClient: RetryingMetaStoreClient proxy=class org.apache.hadoop.hive.ql.metadata.SessionHiveMetaStoreClient ugi=alex (auth:SIMPLE) retries=1 delay=1 lifetime=0
2024-04-24T12:35:27,396  INFO [main] txn.TxnHandler: Removed transactions: ([1]) from MIN_HISTORY_LEVEL
2024-04-24T12:35:27,399 ERROR [main] streaming.TestStreamingDynamicPartitioning: Statement: create database IF NOT EXISTS testing location 'raw:///home/alex/Repositories/hive/streaming/target/tmp/junit4952807478682422451/testing.db' failed: (responseCode = 40000, errorMessage = FAILED: Execution Error, return code 40000 from org.apache.hadoop.hive.ql.ddl.DDLTask. MetaException(message:Unable to create database managed directory pfile:/home/alex/Repositories/hive/streaming/target/warehouse/testing.db, failed to create database testing), hiveErrorCode = 40000, SQLState = 08S01, exception = MetaException(message:Unable to create database managed directory pfile:/home/alex/Repositories/hive/streaming/target/warehouse/testing.db, failed to create database testing))
2024-04-24T12:35:27,400  INFO [main] ql.Driver: Compiling command(queryId=alex_20240424123527_7db8ae41-1af2-41a3-a1d9-c2dc189b7c5e): use testing
2024-04-24T12:35:27,400  INFO [main] HiveMetaStore.audit: ugi=alex	ip=unknown-ip-addr	cmd=get_database: testing	
FAILED: SemanticException [Error 10072]: Database does not exist: testing
2024-04-24T12:35:27,402 ERROR [main] ql.Driver: FAILED: SemanticException [Error 10072]: Database does not exist: testing
org.apache.hadoop.hive.ql.parse.SemanticException: Database does not exist: testing
	at org.apache.hadoop.hive.ql.parse.BaseSemanticAnalyzer.getDatabase(BaseSemanticAnalyzer.java:1812)
	at org.apache.hadoop.hive.ql.ddl.database.use.SwitchDatabaseAnalyzer.analyzeInternal(SwitchDatabaseAnalyzer.java:45)
	at org.apache.hadoop.hive.ql.parse.BaseSemanticAnalyzer.analyze(BaseSemanticAnalyzer.java:317)
	at org.apache.hadoop.hive.ql.Compiler.analyze(Compiler.java:223)
	at org.apache.hadoop.hive.ql.Compiler.compile(Compiler.java:105)
	at org.apache.hadoop.hive.ql.Driver.compile(Driver.java:500)
	at org.apache.hadoop.hive.ql.Driver.compileInternal(Driver.java:453)
	at org.apache.hadoop.hive.ql.Driver.compileAndRespond(Driver.java:417)
	at org.apache.hadoop.hive.ql.Driver.compileAndRespond(Driver.java:411)
	at org.apache.hadoop.hive.ql.reexec.ReExecDriver.compileAndRespond(ReExecDriver.java:125)
	at org.apache.hadoop.hive.ql.reexec.ReExecDriver.run(ReExecDriver.java:229)
	at org.apache.hive.streaming.TestStreamingDynamicPartitioning.runDDL(TestStreamingDynamicPartitioning.java:829)
	at org.apache.hive.streaming.TestStreamingDynamicPartitioning.createDbAndTable(TestStreamingDynamicPartitioning.java:876)
	at org.apache.hive.streaming.TestStreamingDynamicPartitioning.setup(TestStreamingDynamicPartitioning.java:155)
	at sun.reflect.NativeMethodAccessorImpl.invoke0(Native Method)
	at sun.reflect.NativeMethodAccessorImpl.invoke(NativeMethodAccessorImpl.java:62)
	at sun.reflect.DelegatingMethodAccessorImpl.invoke(DelegatingMethodAccessorImpl.java:43)
	at java.lang.reflect.Method.invoke(Method.java:498)
	at org.junit.runners.model.FrameworkMethod$1.runReflectiveCall(FrameworkMethod.java:59)
	at org.junit.internal.runners.model.ReflectiveCallable.run(ReflectiveCallable.java:12)
	at org.junit.runners.model.FrameworkMethod.invokeExplosively(FrameworkMethod.java:56)
	at org.junit.internal.runners.statements.RunBefores.invokeMethod(RunBefores.java:33)
	at org.junit.internal.runners.statements.RunBefores.evaluate(RunBefores.java:24)
	at org.junit.internal.runners.statements.RunAfters.evaluate(RunAfters.java:27)
	at org.junit.rules.ExternalResource$1.evaluate(ExternalResource.java:54)
	at org.junit.runners.ParentRunner$3.evaluate(ParentRunner.java:306)
	at org.junit.runners.BlockJUnit4ClassRunner$1.evaluate(BlockJUnit4ClassRunner.java:100)
	at org.junit.runners.ParentRunner.runLeaf(ParentRunner.java:366)
	at org.junit.runners.BlockJUnit4ClassRunner.runChild(BlockJUnit4ClassRunner.java:103)
	at org.junit.runners.BlockJUnit4ClassRunner.runChild(BlockJUnit4ClassRunner.java:63)
	at org.junit.runners.ParentRunner$4.run(ParentRunner.java:331)
	at org.junit.runners.ParentRunner$1.schedule(ParentRunner.java:79)
	at org.junit.runners.ParentRunner.runChildren(ParentRunner.java:329)
	at org.junit.runners.ParentRunner.access$100(ParentRunner.java:66)
	at org.junit.runners.ParentRunner$2.evaluate(ParentRunner.java:293)
	at org.junit.runners.ParentRunner$3.evaluate(ParentRunner.java:306)
	at org.junit.runners.ParentRunner.run(ParentRunner.java:413)
	at org.junit.runner.JUnitCore.run(JUnitCore.java:137)
	at org.junit.runner.JUnitCore.run(JUnitCore.java:115)
	at org.junit.vintage.engine.execution.RunnerExecutor.execute(RunnerExecutor.java:43)
	at java.util.stream.ForEachOps$ForEachOp$OfRef.accept(ForEachOps.java:183)
	at java.util.stream.ReferencePipeline$3$1.accept(ReferencePipeline.java:193)
	at java.util.Iterator.forEachRemaining(Iterator.java:116)
	at java.util.Spliterators$IteratorSpliterator.forEachRemaining(Spliterators.java:1801)
	at java.util.stream.AbstractPipeline.copyInto(AbstractPipeline.java:482)
	at java.util.stream.AbstractPipeline.wrapAndCopyInto(AbstractPipeline.java:472)
	at java.util.stream.ForEachOps$ForEachOp.evaluateSequential(ForEachOps.java:150)
	at java.util.stream.ForEachOps$ForEachOp$OfRef.evaluateSequential(ForEachOps.java:173)
	at java.util.stream.AbstractPipeline.evaluate(AbstractPipeline.java:234)
	at java.util.stream.ReferencePipeline.forEach(ReferencePipeline.java:485)
	at org.junit.vintage.engine.VintageTestEngine.executeAllChildren(VintageTestEngine.java:82)
	at org.junit.vintage.engine.VintageTestEngine.execute(VintageTestEngine.java:73)
	at org.junit.platform.launcher.core.DefaultLauncher.execute(DefaultLauncher.java:248)
	at org.junit.platform.launcher.core.DefaultLauncher.lambda$execute$5(DefaultLauncher.java:211)
	at org.junit.platform.launcher.core.DefaultLauncher.withInterceptedStreams(DefaultLauncher.java:226)
	at org.junit.platform.launcher.core.DefaultLauncher.execute(DefaultLauncher.java:199)
	at org.junit.platform.launcher.core.DefaultLauncher.execute(DefaultLauncher.java:132)
	at org.apache.maven.surefire.junitplatform.JUnitPlatformProvider.invokeAllTests(JUnitPlatformProvider.java:154)
	at org.apache.maven.surefire.junitplatform.JUnitPlatformProvider.invoke(JUnitPlatformProvider.java:123)
	at org.apache.maven.surefire.booter.ForkedBooter.runSuitesInProcess(ForkedBooter.java:377)
	at org.apache.maven.surefire.booter.ForkedBooter.execute(ForkedBooter.java:138)
	at org.apache.maven.surefire.booter.ForkedBooter.run(ForkedBooter.java:465)
	at org.apache.maven.surefire.booter.ForkedBooter.main(ForkedBooter.java:451)

2024-04-24T12:35:27,402  INFO [main] metadata.Hive: Dumping metastore api call timing information for : compilation phase
2024-04-24T12:35:27,402  INFO [main] metadata.Hive: Total time spent in each metastore function (ms): {isCompatibleWith_(Configuration)=0, rollbackTxn_(long)=6, flushCache_()=0}
2024-04-24T12:35:27,402  INFO [main] ql.Driver: Completed compiling command(queryId=alex_20240424123527_7db8ae41-1af2-41a3-a1d9-c2dc189b7c5e); Time taken: 0.002 seconds
2024-04-24T12:35:27,403  INFO [main] lockmgr.DbLockManager: releaseLocks: []
2024-04-24T12:35:27,403 ERROR [main] streaming.TestStreamingDynamicPartitioning: Statement: use testing failed: (responseCode = 10072, errorMessage = FAILED: SemanticException [Error 10072]: Database does not exist: testing, hiveErrorCode = 40000, SQLState = 42000, exception = Database does not exist: testing)
2024-04-24T12:35:27,403  INFO [main] ql.Driver: Compiling command(queryId=alex_20240424123527_7db8ae41-1af2-41a3-a1d9-c2dc189b7c5e): create table alerts ( id int,msg string ) partitioned by (Continent string,Country string ) clustered by ( id ) into 1 buckets  stored as orc  location 'raw:///home/alex/Repositories/hive/streaming/target/tmp/junit4952807478682422451/testing.db/alerts' TBLPROPERTIES ('transactional'='true') 
2024-04-24T12:35:27,406  INFO [main] txn.TxnHandler: Added entries to MIN_HISTORY_LEVEL for current txns: ([2]) with min_open_txn: 1
2024-04-24T12:35:27,407  INFO [main] lockmgr.DbTxnManager: Opened txnid:2
2024-04-24T12:35:27,408  INFO [main] parse.CalcitePlanner: Starting caching scope for: alex_20240424123527_7db8ae41-1af2-41a3-a1d9-c2dc189b7c5e
2024-04-24T12:35:27,408  INFO [main] parse.CalcitePlanner: Starting Semantic Analysis
2024-04-24T12:35:27,409  INFO [main] parse.CalcitePlanner: Creating table default.alerts position=13
2024-04-24T12:35:27,409  INFO [main] HiveMetaStore.audit: ugi=alex	ip=unknown-ip-addr	cmd=get_database: default	
2024-04-24T12:35:27,411  INFO [main] parse.CalcitePlanner: Ending caching scope for: alex_20240424123527_7db8ae41-1af2-41a3-a1d9-c2dc189b7c5e
2024-04-24T12:35:27,412  INFO [main] ql.Driver: Semantic Analysis Completed (retrial = false)
2024-04-24T12:35:27,412  INFO [main] ql.Driver: Created Hive schema: Schema(fieldSchemas:null, properties:null)
2024-04-24T12:35:27,412  INFO [main] metadata.Hive: Dumping metastore api call timing information for : compilation phase
2024-04-24T12:35:27,412  INFO [main] metadata.Hive: Total time spent in each metastore function (ms): {getValidWriteIds_(List, String)=1, getDatabase_(String)=2, getValidTxns_(long)=1, isCompatibleWith_(Configuration)=0, flushCache_()=0, openTxn_(String, TxnType)=2}
2024-04-24T12:35:27,412  INFO [main] ql.Driver: Completed compiling command(queryId=alex_20240424123527_7db8ae41-1af2-41a3-a1d9-c2dc189b7c5e); Time taken: 0.009 seconds
2024-04-24T12:35:27,413  INFO [main] reexec.ReExecDriver: Execution #1 of query
2024-04-24T12:35:27,413  INFO [main] lockmgr.DbTxnManager: Setting lock request transaction to txnid:2 for queryId=alex_20240424123527_7db8ae41-1af2-41a3-a1d9-c2dc189b7c5e
2024-04-24T12:35:27,413  INFO [main] lockmgr.DbLockManager: Requesting lock for queryId=alex_20240424123527_7db8ae41-1af2-41a3-a1d9-c2dc189b7c5e
2024-04-24T12:35:27,423  INFO [main] lockmgr.DbLockManager: Response to queryId=alex_20240424123527_7db8ae41-1af2-41a3-a1d9-c2dc189b7c5e LockResponse(lockid:1, state:ACQUIRED)
2024-04-24T12:35:27,423  INFO [main] ql.Driver: Operation CREATETABLE obtained 1 locks
2024-04-24T12:35:27,425  INFO [main] ql.Driver: Executing command(queryId=alex_20240424123527_7db8ae41-1af2-41a3-a1d9-c2dc189b7c5e): create table alerts ( id int,msg string ) partitioned by (Continent string,Country string ) clustered by ( id ) into 1 buckets  stored as orc  location 'raw:///home/alex/Repositories/hive/streaming/target/tmp/junit4952807478682422451/testing.db/alerts' TBLPROPERTIES ('transactional'='true') 
PREHOOK: query: create table alerts ( id int,msg string ) partitioned by (Continent string,Country string ) clustered by ( id ) into 1 buckets  stored as orc  location 'raw:///home/alex/Repositories/hive/streaming/target/tmp/junit4952807478682422451/testing.db/alerts' TBLPROPERTIES ('transactional'='true')
2024-04-24T12:35:27,426  INFO [main] SessionState: PREHOOK: query: create table alerts ( id int,msg string ) partitioned by (Continent string,Country string ) clustered by ( id ) into 1 buckets  stored as orc  location 'raw:///home/alex/Repositories/hive/streaming/target/tmp/junit4952807478682422451/testing.db/alerts' TBLPROPERTIES ('transactional'='true')
PREHOOK: type: CREATETABLE
2024-04-24T12:35:27,426  INFO [main] SessionState: PREHOOK: type: CREATETABLE
PREHOOK: Input: raw:/home/alex/Repositories/hive/streaming/target/tmp/junit4952807478682422451/testing.db/alerts
2024-04-24T12:35:27,426  INFO [main] SessionState: PREHOOK: Input: raw:/home/alex/Repositories/hive/streaming/target/tmp/junit4952807478682422451/testing.db/alerts
PREHOOK: Output: database:default
2024-04-24T12:35:27,426  INFO [main] SessionState: PREHOOK: Output: database:default
PREHOOK: Output: default@alerts
2024-04-24T12:35:27,426  INFO [main] SessionState: PREHOOK: Output: default@alerts
2024-04-24T12:35:27,426  INFO [main] ql.Driver: Starting task [Stage-0:DDL] in serial mode
2024-04-24T12:35:27,428  INFO [main] HiveMetaStore.audit: ugi=alex	ip=unknown-ip-addr	cmd=create_table_req: Table(tableName:alerts, dbName:default, owner:alex, createTime:1713987327, lastAccessTime:0, retention:0, sd:StorageDescriptor(cols:[FieldSchema(name:id, type:int, comment:null), FieldSchema(name:msg, type:string, comment:null)], location:raw:/home/alex/Repositories/hive/streaming/target/tmp/junit4952807478682422451/testing.db/alerts, inputFormat:org.apache.hadoop.hive.ql.io.orc.OrcInputFormat, outputFormat:org.apache.hadoop.hive.ql.io.orc.OrcOutputFormat, compressed:false, numBuckets:1, serdeInfo:SerDeInfo(name:null, serializationLib:org.apache.hadoop.hive.ql.io.orc.OrcSerde, parameters:{serialization.format=1}), bucketCols:[id], sortCols:[], parameters:{}, skewedInfo:SkewedInfo(skewedColNames:[], skewedColValues:[], skewedColValueLocationMaps:{}), storedAsSubDirectories:false), partitionKeys:[FieldSchema(name:Continent, type:string, comment:null), FieldSchema(name:Country, type:string, comment:null)], parameters:{transactional=true, bucketing_version=2}, viewOriginalText:null, viewExpandedText:null, tableType:MANAGED_TABLE, privileges:PrincipalPrivilegeSet(userPrivileges:{alex=[PrivilegeGrantInfo(privilege:INSERT, createTime:-1, grantor:alex, grantorType:USER, grantOption:true), PrivilegeGrantInfo(privilege:SELECT, createTime:-1, grantor:alex, grantorType:USER, grantOption:true), PrivilegeGrantInfo(privilege:UPDATE, createTime:-1, grantor:alex, grantorType:USER, grantOption:true), PrivilegeGrantInfo(privilege:DELETE, createTime:-1, grantor:alex, grantorType:USER, grantOption:true)]}, groupPrivileges:null, rolePrivileges:null), temporary:false, catName:hive, ownerType:USER, writeId:0)	
2024-04-24T12:35:27,438  WARN [main] metastore.HMSHandler: create_table_req got 
org.apache.hadoop.hive.metastore.api.AlreadyExistsException: Table hive.default.alerts already exists
	at org.apache.hadoop.hive.metastore.HMSHandler.create_table_core(HMSHandler.java:2339) ~[classes/:?]
	at org.apache.hadoop.hive.metastore.HMSHandler.create_table_req(HMSHandler.java:2598) ~[classes/:?]
	at sun.reflect.NativeMethodAccessorImpl.invoke0(Native Method) ~[?:1.8.0_402]
	at sun.reflect.NativeMethodAccessorImpl.invoke(NativeMethodAccessorImpl.java:62) ~[?:1.8.0_402]
	at sun.reflect.DelegatingMethodAccessorImpl.invoke(DelegatingMethodAccessorImpl.java:43) ~[?:1.8.0_402]
	at java.lang.reflect.Method.invoke(Method.java:498) ~[?:1.8.0_402]
	at org.apache.hadoop.hive.metastore.RetryingHMSHandler.invokeInternal(RetryingHMSHandler.java:147) ~[classes/:?]
	at org.apache.hadoop.hive.metastore.RetryingHMSHandler.invoke(RetryingHMSHandler.java:108) ~[classes/:?]
	at com.sun.proxy.$Proxy38.create_table_req(Unknown Source) ~[?:?]
	at org.apache.hadoop.hive.metastore.HiveMetaStoreClient.create_table_with_environment_context(HiveMetaStoreClient.java:4408) ~[classes/:?]
	at org.apache.hadoop.hive.ql.metadata.SessionHiveMetaStoreClient.create_table_with_environment_context(SessionHiveMetaStoreClient.java:182) ~[classes/:?]
	at org.apache.hadoop.hive.metastore.HiveMetaStoreClient.createTable(HiveMetaStoreClient.java:1260) ~[classes/:?]
	at org.apache.hadoop.hive.metastore.HiveMetaStoreClient.createTable(HiveMetaStoreClient.java:1245) ~[classes/:?]
	at sun.reflect.NativeMethodAccessorImpl.invoke0(Native Method) ~[?:1.8.0_402]
	at sun.reflect.NativeMethodAccessorImpl.invoke(NativeMethodAccessorImpl.java:62) ~[?:1.8.0_402]
	at sun.reflect.DelegatingMethodAccessorImpl.invoke(DelegatingMethodAccessorImpl.java:43) ~[?:1.8.0_402]
	at java.lang.reflect.Method.invoke(Method.java:498) ~[?:1.8.0_402]
	at org.apache.hadoop.hive.metastore.RetryingMetaStoreClient.invoke(RetryingMetaStoreClient.java:218) ~[classes/:?]
	at com.sun.proxy.$Proxy47.createTable(Unknown Source) ~[?:?]
	at org.apache.hadoop.hive.ql.metadata.Hive.createTable(Hive.java:1290) ~[classes/:?]
	at org.apache.hadoop.hive.ql.metadata.Hive.createTable(Hive.java:1306) ~[classes/:?]
	at org.apache.hadoop.hive.ql.ddl.table.create.CreateTableOperation.createTableNonReplaceMode(CreateTableOperation.java:140) ~[classes/:?]
	at org.apache.hadoop.hive.ql.ddl.table.create.CreateTableOperation.execute(CreateTableOperation.java:98) ~[classes/:?]
	at org.apache.hadoop.hive.ql.ddl.DDLTask.execute(DDLTask.java:84) ~[classes/:?]
	at org.apache.hadoop.hive.ql.exec.Task.executeTask(Task.java:212) ~[classes/:?]
	at org.apache.hadoop.hive.ql.exec.TaskRunner.runSequential(TaskRunner.java:105) ~[classes/:?]
	at org.apache.hadoop.hive.ql.Executor.launchTask(Executor.java:361) ~[classes/:?]
	at org.apache.hadoop.hive.ql.Executor.launchTasks(Executor.java:334) ~[classes/:?]
	at org.apache.hadoop.hive.ql.Executor.runTasks(Executor.java:245) ~[classes/:?]
	at org.apache.hadoop.hive.ql.Executor.execute(Executor.java:108) ~[classes/:?]
	at org.apache.hadoop.hive.ql.Driver.execute(Driver.java:348) ~[classes/:?]
	at org.apache.hadoop.hive.ql.Driver.runInternal(Driver.java:204) ~[classes/:?]
	at org.apache.hadoop.hive.ql.Driver.run(Driver.java:153) ~[classes/:?]
	at org.apache.hadoop.hive.ql.Driver.run(Driver.java:148) ~[classes/:?]
	at org.apache.hadoop.hive.ql.reexec.ReExecDriver.run(ReExecDriver.java:164) ~[classes/:?]
	at org.apache.hadoop.hive.ql.reexec.ReExecDriver.run(ReExecDriver.java:230) ~[classes/:?]
	at org.apache.hive.streaming.TestStreamingDynamicPartitioning.runDDL(TestStreamingDynamicPartitioning.java:829) ~[test-classes/:?]
	at org.apache.hive.streaming.TestStreamingDynamicPartitioning.createDbAndTable(TestStreamingDynamicPartitioning.java:885) ~[test-classes/:?]
	at org.apache.hive.streaming.TestStreamingDynamicPartitioning.setup(TestStreamingDynamicPartitioning.java:155) ~[test-classes/:?]
	at sun.reflect.NativeMethodAccessorImpl.invoke0(Native Method) ~[?:1.8.0_402]
	at sun.reflect.NativeMethodAccessorImpl.invoke(NativeMethodAccessorImpl.java:62) ~[?:1.8.0_402]
	at sun.reflect.DelegatingMethodAccessorImpl.invoke(DelegatingMethodAccessorImpl.java:43) ~[?:1.8.0_402]
	at java.lang.reflect.Method.invoke(Method.java:498) ~[?:1.8.0_402]
	at org.junit.runners.model.FrameworkMethod$1.runReflectiveCall(FrameworkMethod.java:59) ~[junit-4.13.jar:4.13]
	at org.junit.internal.runners.model.ReflectiveCallable.run(ReflectiveCallable.java:12) ~[junit-4.13.jar:4.13]
	at org.junit.runners.model.FrameworkMethod.invokeExplosively(FrameworkMethod.java:56) ~[junit-4.13.jar:4.13]
	at org.junit.internal.runners.statements.RunBefores.invokeMethod(RunBefores.java:33) ~[junit-4.13.jar:4.13]
	at org.junit.internal.runners.statements.RunBefores.evaluate(RunBefores.java:24) ~[junit-4.13.jar:4.13]
	at org.junit.internal.runners.statements.RunAfters.evaluate(RunAfters.java:27) ~[junit-4.13.jar:4.13]
	at org.junit.rules.ExternalResource$1.evaluate(ExternalResource.java:54) ~[junit-4.13.jar:4.13]
	at org.junit.runners.ParentRunner$3.evaluate(ParentRunner.java:306) ~[junit-4.13.jar:4.13]
	at org.junit.runners.BlockJUnit4ClassRunner$1.evaluate(BlockJUnit4ClassRunner.java:100) ~[junit-4.13.jar:4.13]
	at org.junit.runners.ParentRunner.runLeaf(ParentRunner.java:366) ~[junit-4.13.jar:4.13]
	at org.junit.runners.BlockJUnit4ClassRunner.runChild(BlockJUnit4ClassRunner.java:103) ~[junit-4.13.jar:4.13]
	at org.junit.runners.BlockJUnit4ClassRunner.runChild(BlockJUnit4ClassRunner.java:63) ~[junit-4.13.jar:4.13]
	at org.junit.runners.ParentRunner$4.run(ParentRunner.java:331) ~[junit-4.13.jar:4.13]
	at org.junit.runners.ParentRunner$1.schedule(ParentRunner.java:79) ~[junit-4.13.jar:4.13]
	at org.junit.runners.ParentRunner.runChildren(ParentRunner.java:329) ~[junit-4.13.jar:4.13]
	at org.junit.runners.ParentRunner.access$100(ParentRunner.java:66) ~[junit-4.13.jar:4.13]
	at org.junit.runners.ParentRunner$2.evaluate(ParentRunner.java:293) ~[junit-4.13.jar:4.13]
	at org.junit.runners.ParentRunner$3.evaluate(ParentRunner.java:306) ~[junit-4.13.jar:4.13]
	at org.junit.runners.ParentRunner.run(ParentRunner.java:413) ~[junit-4.13.jar:4.13]
	at org.junit.runner.JUnitCore.run(JUnitCore.java:137) ~[junit-4.13.jar:4.13]
	at org.junit.runner.JUnitCore.run(JUnitCore.java:115) ~[junit-4.13.jar:4.13]
	at org.junit.vintage.engine.execution.RunnerExecutor.execute(RunnerExecutor.java:43) ~[junit-vintage-engine-5.6.2.jar:5.6.2]
	at java.util.stream.ForEachOps$ForEachOp$OfRef.accept(ForEachOps.java:183) ~[?:1.8.0_402]
	at java.util.stream.ReferencePipeline$3$1.accept(ReferencePipeline.java:193) ~[?:1.8.0_402]
	at java.util.Iterator.forEachRemaining(Iterator.java:116) ~[?:1.8.0_402]
	at java.util.Spliterators$IteratorSpliterator.forEachRemaining(Spliterators.java:1801) ~[?:1.8.0_402]
	at java.util.stream.AbstractPipeline.copyInto(AbstractPipeline.java:482) ~[?:1.8.0_402]
	at java.util.stream.AbstractPipeline.wrapAndCopyInto(AbstractPipeline.java:472) ~[?:1.8.0_402]
	at java.util.stream.ForEachOps$ForEachOp.evaluateSequential(ForEachOps.java:150) ~[?:1.8.0_402]
	at java.util.stream.ForEachOps$ForEachOp$OfRef.evaluateSequential(ForEachOps.java:173) ~[?:1.8.0_402]
	at java.util.stream.AbstractPipeline.evaluate(AbstractPipeline.java:234) ~[?:1.8.0_402]
	at java.util.stream.ReferencePipeline.forEach(ReferencePipeline.java:485) ~[?:1.8.0_402]
	at org.junit.vintage.engine.VintageTestEngine.executeAllChildren(VintageTestEngine.java:82) ~[junit-vintage-engine-5.6.2.jar:5.6.2]
	at org.junit.vintage.engine.VintageTestEngine.execute(VintageTestEngine.java:73) ~[junit-vintage-engine-5.6.2.jar:5.6.2]
	at org.junit.platform.launcher.core.DefaultLauncher.execute(DefaultLauncher.java:248) ~[junit-platform-launcher-1.6.2.jar:1.6.2]
	at org.junit.platform.launcher.core.DefaultLauncher.lambda$execute$5(DefaultLauncher.java:211) ~[junit-platform-launcher-1.6.2.jar:1.6.2]
	at org.junit.platform.launcher.core.DefaultLauncher.withInterceptedStreams(DefaultLauncher.java:226) [junit-platform-launcher-1.6.2.jar:1.6.2]
	at org.junit.platform.launcher.core.DefaultLauncher.execute(DefaultLauncher.java:199) [junit-platform-launcher-1.6.2.jar:1.6.2]
	at org.junit.platform.launcher.core.DefaultLauncher.execute(DefaultLauncher.java:132) [junit-platform-launcher-1.6.2.jar:1.6.2]
	at org.apache.maven.surefire.junitplatform.JUnitPlatformProvider.invokeAllTests(JUnitPlatformProvider.java:154) [surefire-junit-platform-3.0.0-M4.jar:3.0.0-M4]
	at org.apache.maven.surefire.junitplatform.JUnitPlatformProvider.invoke(JUnitPlatformProvider.java:123) [surefire-junit-platform-3.0.0-M4.jar:3.0.0-M4]
	at org.apache.maven.surefire.booter.ForkedBooter.runSuitesInProcess(ForkedBooter.java:377) [surefire-booter-3.0.0-M4.jar:3.0.0-M4]
	at org.apache.maven.surefire.booter.ForkedBooter.execute(ForkedBooter.java:138) [surefire-booter-3.0.0-M4.jar:3.0.0-M4]
	at org.apache.maven.surefire.booter.ForkedBooter.run(ForkedBooter.java:465) [surefire-booter-3.0.0-M4.jar:3.0.0-M4]
	at org.apache.maven.surefire.booter.ForkedBooter.main(ForkedBooter.java:451) [surefire-booter-3.0.0-M4.jar:3.0.0-M4]
2024-04-24T12:35:27,438 ERROR [main] metastore.RetryingHMSHandler: AlreadyExistsException(message:Table hive.default.alerts already exists)
	at org.apache.hadoop.hive.metastore.HMSHandler.create_table_core(HMSHandler.java:2339)
	at org.apache.hadoop.hive.metastore.HMSHandler.create_table_req(HMSHandler.java:2598)
	at sun.reflect.NativeMethodAccessorImpl.invoke0(Native Method)
	at sun.reflect.NativeMethodAccessorImpl.invoke(NativeMethodAccessorImpl.java:62)
	at sun.reflect.DelegatingMethodAccessorImpl.invoke(DelegatingMethodAccessorImpl.java:43)
	at java.lang.reflect.Method.invoke(Method.java:498)
	at org.apache.hadoop.hive.metastore.RetryingHMSHandler.invokeInternal(RetryingHMSHandler.java:147)
	at org.apache.hadoop.hive.metastore.RetryingHMSHandler.invoke(RetryingHMSHandler.java:108)
	at com.sun.proxy.$Proxy38.create_table_req(Unknown Source)
	at org.apache.hadoop.hive.metastore.HiveMetaStoreClient.create_table_with_environment_context(HiveMetaStoreClient.java:4408)
	at org.apache.hadoop.hive.ql.metadata.SessionHiveMetaStoreClient.create_table_with_environment_context(SessionHiveMetaStoreClient.java:182)
	at org.apache.hadoop.hive.metastore.HiveMetaStoreClient.createTable(HiveMetaStoreClient.java:1260)
	at org.apache.hadoop.hive.metastore.HiveMetaStoreClient.createTable(HiveMetaStoreClient.java:1245)
	at sun.reflect.NativeMethodAccessorImpl.invoke0(Native Method)
	at sun.reflect.NativeMethodAccessorImpl.invoke(NativeMethodAccessorImpl.java:62)
	at sun.reflect.DelegatingMethodAccessorImpl.invoke(DelegatingMethodAccessorImpl.java:43)
	at java.lang.reflect.Method.invoke(Method.java:498)
	at org.apache.hadoop.hive.metastore.RetryingMetaStoreClient.invoke(RetryingMetaStoreClient.java:218)
	at com.sun.proxy.$Proxy47.createTable(Unknown Source)
	at org.apache.hadoop.hive.ql.metadata.Hive.createTable(Hive.java:1290)
	at org.apache.hadoop.hive.ql.metadata.Hive.createTable(Hive.java:1306)
	at org.apache.hadoop.hive.ql.ddl.table.create.CreateTableOperation.createTableNonReplaceMode(CreateTableOperation.java:140)
	at org.apache.hadoop.hive.ql.ddl.table.create.CreateTableOperation.execute(CreateTableOperation.java:98)
	at org.apache.hadoop.hive.ql.ddl.DDLTask.execute(DDLTask.java:84)
	at org.apache.hadoop.hive.ql.exec.Task.executeTask(Task.java:212)
	at org.apache.hadoop.hive.ql.exec.TaskRunner.runSequential(TaskRunner.java:105)
	at org.apache.hadoop.hive.ql.Executor.launchTask(Executor.java:361)
	at org.apache.hadoop.hive.ql.Executor.launchTasks(Executor.java:334)
	at org.apache.hadoop.hive.ql.Executor.runTasks(Executor.java:245)
	at org.apache.hadoop.hive.ql.Executor.execute(Executor.java:108)
	at org.apache.hadoop.hive.ql.Driver.execute(Driver.java:348)
	at org.apache.hadoop.hive.ql.Driver.runInternal(Driver.java:204)
	at org.apache.hadoop.hive.ql.Driver.run(Driver.java:153)
	at org.apache.hadoop.hive.ql.Driver.run(Driver.java:148)
	at org.apache.hadoop.hive.ql.reexec.ReExecDriver.run(ReExecDriver.java:164)
	at org.apache.hadoop.hive.ql.reexec.ReExecDriver.run(ReExecDriver.java:230)
	at org.apache.hive.streaming.TestStreamingDynamicPartitioning.runDDL(TestStreamingDynamicPartitioning.java:829)
	at org.apache.hive.streaming.TestStreamingDynamicPartitioning.createDbAndTable(TestStreamingDynamicPartitioning.java:885)
	at org.apache.hive.streaming.TestStreamingDynamicPartitioning.setup(TestStreamingDynamicPartitioning.java:155)
	at sun.reflect.NativeMethodAccessorImpl.invoke0(Native Method)
	at sun.reflect.NativeMethodAccessorImpl.invoke(NativeMethodAccessorImpl.java:62)
	at sun.reflect.DelegatingMethodAccessorImpl.invoke(DelegatingMethodAccessorImpl.java:43)
	at java.lang.reflect.Method.invoke(Method.java:498)
	at org.junit.runners.model.FrameworkMethod$1.runReflectiveCall(FrameworkMethod.java:59)
	at org.junit.internal.runners.model.ReflectiveCallable.run(ReflectiveCallable.java:12)
	at org.junit.runners.model.FrameworkMethod.invokeExplosively(FrameworkMethod.java:56)
	at org.junit.internal.runners.statements.RunBefores.invokeMethod(RunBefores.java:33)
	at org.junit.internal.runners.statements.RunBefores.evaluate(RunBefores.java:24)
	at org.junit.internal.runners.statements.RunAfters.evaluate(RunAfters.java:27)
	at org.junit.rules.ExternalResource$1.evaluate(ExternalResource.java:54)
	at org.junit.runners.ParentRunner$3.evaluate(ParentRunner.java:306)
	at org.junit.runners.BlockJUnit4ClassRunner$1.evaluate(BlockJUnit4ClassRunner.java:100)
	at org.junit.runners.ParentRunner.runLeaf(ParentRunner.java:366)
	at org.junit.runners.BlockJUnit4ClassRunner.runChild(BlockJUnit4ClassRunner.java:103)
	at org.junit.runners.BlockJUnit4ClassRunner.runChild(BlockJUnit4ClassRunner.java:63)
	at org.junit.runners.ParentRunner$4.run(ParentRunner.java:331)
	at org.junit.runners.ParentRunner$1.schedule(ParentRunner.java:79)
	at org.junit.runners.ParentRunner.runChildren(ParentRunner.java:329)
	at org.junit.runners.ParentRunner.access$100(ParentRunner.java:66)
	at org.junit.runners.ParentRunner$2.evaluate(ParentRunner.java:293)
	at org.junit.runners.ParentRunner$3.evaluate(ParentRunner.java:306)
	at org.junit.runners.ParentRunner.run(ParentRunner.java:413)
	at org.junit.runner.JUnitCore.run(JUnitCore.java:137)
	at org.junit.runner.JUnitCore.run(JUnitCore.java:115)
	at org.junit.vintage.engine.execution.RunnerExecutor.execute(RunnerExecutor.java:43)
	at java.util.stream.ForEachOps$ForEachOp$OfRef.accept(ForEachOps.java:183)
	at java.util.stream.ReferencePipeline$3$1.accept(ReferencePipeline.java:193)
	at java.util.Iterator.forEachRemaining(Iterator.java:116)
	at java.util.Spliterators$IteratorSpliterator.forEachRemaining(Spliterators.java:1801)
	at java.util.stream.AbstractPipeline.copyInto(AbstractPipeline.java:482)
	at java.util.stream.AbstractPipeline.wrapAndCopyInto(AbstractPipeline.java:472)
	at java.util.stream.ForEachOps$ForEachOp.evaluateSequential(ForEachOps.java:150)
	at java.util.stream.ForEachOps$ForEachOp$OfRef.evaluateSequential(ForEachOps.java:173)
	at java.util.stream.AbstractPipeline.evaluate(AbstractPipeline.java:234)
	at java.util.stream.ReferencePipeline.forEach(ReferencePipeline.java:485)
	at org.junit.vintage.engine.VintageTestEngine.executeAllChildren(VintageTestEngine.java:82)
	at org.junit.vintage.engine.VintageTestEngine.execute(VintageTestEngine.java:73)
	at org.junit.platform.launcher.core.DefaultLauncher.execute(DefaultLauncher.java:248)
	at org.junit.platform.launcher.core.DefaultLauncher.lambda$execute$5(DefaultLauncher.java:211)
	at org.junit.platform.launcher.core.DefaultLauncher.withInterceptedStreams(DefaultLauncher.java:226)
	at org.junit.platform.launcher.core.DefaultLauncher.execute(DefaultLauncher.java:199)
	at org.junit.platform.launcher.core.DefaultLauncher.execute(DefaultLauncher.java:132)
	at org.apache.maven.surefire.junitplatform.JUnitPlatformProvider.invokeAllTests(JUnitPlatformProvider.java:154)
	at org.apache.maven.surefire.junitplatform.JUnitPlatformProvider.invoke(JUnitPlatformProvider.java:123)
	at org.apache.maven.surefire.booter.ForkedBooter.runSuitesInProcess(ForkedBooter.java:377)
	at org.apache.maven.surefire.booter.ForkedBooter.execute(ForkedBooter.java:138)
	at org.apache.maven.surefire.booter.ForkedBooter.run(ForkedBooter.java:465)
	at org.apache.maven.surefire.booter.ForkedBooter.main(ForkedBooter.java:451)

2024-04-24T12:35:27,439 ERROR [main] exec.Task: Failed
org.apache.hadoop.hive.ql.metadata.HiveException: AlreadyExistsException(message:Table hive.default.alerts already exists)
	at org.apache.hadoop.hive.ql.metadata.Hive.createTable(Hive.java:1298) ~[classes/:?]
	at org.apache.hadoop.hive.ql.metadata.Hive.createTable(Hive.java:1306) ~[classes/:?]
	at org.apache.hadoop.hive.ql.ddl.table.create.CreateTableOperation.createTableNonReplaceMode(CreateTableOperation.java:140) ~[classes/:?]
	at org.apache.hadoop.hive.ql.ddl.table.create.CreateTableOperation.execute(CreateTableOperation.java:98) ~[classes/:?]
	at org.apache.hadoop.hive.ql.ddl.DDLTask.execute(DDLTask.java:84) ~[classes/:?]
	at org.apache.hadoop.hive.ql.exec.Task.executeTask(Task.java:212) ~[classes/:?]
	at org.apache.hadoop.hive.ql.exec.TaskRunner.runSequential(TaskRunner.java:105) ~[classes/:?]
	at org.apache.hadoop.hive.ql.Executor.launchTask(Executor.java:361) ~[classes/:?]
	at org.apache.hadoop.hive.ql.Executor.launchTasks(Executor.java:334) ~[classes/:?]
	at org.apache.hadoop.hive.ql.Executor.runTasks(Executor.java:245) ~[classes/:?]
	at org.apache.hadoop.hive.ql.Executor.execute(Executor.java:108) ~[classes/:?]
	at org.apache.hadoop.hive.ql.Driver.execute(Driver.java:348) ~[classes/:?]
	at org.apache.hadoop.hive.ql.Driver.runInternal(Driver.java:204) ~[classes/:?]
	at org.apache.hadoop.hive.ql.Driver.run(Driver.java:153) ~[classes/:?]
	at org.apache.hadoop.hive.ql.Driver.run(Driver.java:148) ~[classes/:?]
	at org.apache.hadoop.hive.ql.reexec.ReExecDriver.run(ReExecDriver.java:164) ~[classes/:?]
	at org.apache.hadoop.hive.ql.reexec.ReExecDriver.run(ReExecDriver.java:230) ~[classes/:?]
	at org.apache.hive.streaming.TestStreamingDynamicPartitioning.runDDL(TestStreamingDynamicPartitioning.java:829) ~[test-classes/:?]
	at org.apache.hive.streaming.TestStreamingDynamicPartitioning.createDbAndTable(TestStreamingDynamicPartitioning.java:885) ~[test-classes/:?]
	at org.apache.hive.streaming.TestStreamingDynamicPartitioning.setup(TestStreamingDynamicPartitioning.java:155) ~[test-classes/:?]
	at sun.reflect.NativeMethodAccessorImpl.invoke0(Native Method) ~[?:1.8.0_402]
	at sun.reflect.NativeMethodAccessorImpl.invoke(NativeMethodAccessorImpl.java:62) ~[?:1.8.0_402]
	at sun.reflect.DelegatingMethodAccessorImpl.invoke(DelegatingMethodAccessorImpl.java:43) ~[?:1.8.0_402]
	at java.lang.reflect.Method.invoke(Method.java:498) ~[?:1.8.0_402]
	at org.junit.runners.model.FrameworkMethod$1.runReflectiveCall(FrameworkMethod.java:59) ~[junit-4.13.jar:4.13]
	at org.junit.internal.runners.model.ReflectiveCallable.run(ReflectiveCallable.java:12) ~[junit-4.13.jar:4.13]
	at org.junit.runners.model.FrameworkMethod.invokeExplosively(FrameworkMethod.java:56) ~[junit-4.13.jar:4.13]
	at org.junit.internal.runners.statements.RunBefores.invokeMethod(RunBefores.java:33) ~[junit-4.13.jar:4.13]
	at org.junit.internal.runners.statements.RunBefores.evaluate(RunBefores.java:24) ~[junit-4.13.jar:4.13]
	at org.junit.internal.runners.statements.RunAfters.evaluate(RunAfters.java:27) ~[junit-4.13.jar:4.13]
	at org.junit.rules.ExternalResource$1.evaluate(ExternalResource.java:54) ~[junit-4.13.jar:4.13]
	at org.junit.runners.ParentRunner$3.evaluate(ParentRunner.java:306) ~[junit-4.13.jar:4.13]
	at org.junit.runners.BlockJUnit4ClassRunner$1.evaluate(BlockJUnit4ClassRunner.java:100) ~[junit-4.13.jar:4.13]
	at org.junit.runners.ParentRunner.runLeaf(ParentRunner.java:366) ~[junit-4.13.jar:4.13]
	at org.junit.runners.BlockJUnit4ClassRunner.runChild(BlockJUnit4ClassRunner.java:103) ~[junit-4.13.jar:4.13]
	at org.junit.runners.BlockJUnit4ClassRunner.runChild(BlockJUnit4ClassRunner.java:63) ~[junit-4.13.jar:4.13]
	at org.junit.runners.ParentRunner$4.run(ParentRunner.java:331) ~[junit-4.13.jar:4.13]
	at org.junit.runners.ParentRunner$1.schedule(ParentRunner.java:79) ~[junit-4.13.jar:4.13]
	at org.junit.runners.ParentRunner.runChildren(ParentRunner.java:329) ~[junit-4.13.jar:4.13]
	at org.junit.runners.ParentRunner.access$100(ParentRunner.java:66) ~[junit-4.13.jar:4.13]
	at org.junit.runners.ParentRunner$2.evaluate(ParentRunner.java:293) ~[junit-4.13.jar:4.13]
	at org.junit.runners.ParentRunner$3.evaluate(ParentRunner.java:306) ~[junit-4.13.jar:4.13]
	at org.junit.runners.ParentRunner.run(ParentRunner.java:413) ~[junit-4.13.jar:4.13]
	at org.junit.runner.JUnitCore.run(JUnitCore.java:137) ~[junit-4.13.jar:4.13]
	at org.junit.runner.JUnitCore.run(JUnitCore.java:115) ~[junit-4.13.jar:4.13]
	at org.junit.vintage.engine.execution.RunnerExecutor.execute(RunnerExecutor.java:43) ~[junit-vintage-engine-5.6.2.jar:5.6.2]
	at java.util.stream.ForEachOps$ForEachOp$OfRef.accept(ForEachOps.java:183) ~[?:1.8.0_402]
	at java.util.stream.ReferencePipeline$3$1.accept(ReferencePipeline.java:193) ~[?:1.8.0_402]
	at java.util.Iterator.forEachRemaining(Iterator.java:116) ~[?:1.8.0_402]
	at java.util.Spliterators$IteratorSpliterator.forEachRemaining(Spliterators.java:1801) ~[?:1.8.0_402]
	at java.util.stream.AbstractPipeline.copyInto(AbstractPipeline.java:482) ~[?:1.8.0_402]
	at java.util.stream.AbstractPipeline.wrapAndCopyInto(AbstractPipeline.java:472) ~[?:1.8.0_402]
	at java.util.stream.ForEachOps$ForEachOp.evaluateSequential(ForEachOps.java:150) ~[?:1.8.0_402]
	at java.util.stream.ForEachOps$ForEachOp$OfRef.evaluateSequential(ForEachOps.java:173) ~[?:1.8.0_402]
	at java.util.stream.AbstractPipeline.evaluate(AbstractPipeline.java:234) ~[?:1.8.0_402]
	at java.util.stream.ReferencePipeline.forEach(ReferencePipeline.java:485) ~[?:1.8.0_402]
	at org.junit.vintage.engine.VintageTestEngine.executeAllChildren(VintageTestEngine.java:82) ~[junit-vintage-engine-5.6.2.jar:5.6.2]
	at org.junit.vintage.engine.VintageTestEngine.execute(VintageTestEngine.java:73) ~[junit-vintage-engine-5.6.2.jar:5.6.2]
	at org.junit.platform.launcher.core.DefaultLauncher.execute(DefaultLauncher.java:248) ~[junit-platform-launcher-1.6.2.jar:1.6.2]
	at org.junit.platform.launcher.core.DefaultLauncher.lambda$execute$5(DefaultLauncher.java:211) ~[junit-platform-launcher-1.6.2.jar:1.6.2]
	at org.junit.platform.launcher.core.DefaultLauncher.withInterceptedStreams(DefaultLauncher.java:226) [junit-platform-launcher-1.6.2.jar:1.6.2]
	at org.junit.platform.launcher.core.DefaultLauncher.execute(DefaultLauncher.java:199) [junit-platform-launcher-1.6.2.jar:1.6.2]
	at org.junit.platform.launcher.core.DefaultLauncher.execute(DefaultLauncher.java:132) [junit-platform-launcher-1.6.2.jar:1.6.2]
	at org.apache.maven.surefire.junitplatform.JUnitPlatformProvider.invokeAllTests(JUnitPlatformProvider.java:154) [surefire-junit-platform-3.0.0-M4.jar:3.0.0-M4]
	at org.apache.maven.surefire.junitplatform.JUnitPlatformProvider.invoke(JUnitPlatformProvider.java:123) [surefire-junit-platform-3.0.0-M4.jar:3.0.0-M4]
	at org.apache.maven.surefire.booter.ForkedBooter.runSuitesInProcess(ForkedBooter.java:377) [surefire-booter-3.0.0-M4.jar:3.0.0-M4]
	at org.apache.maven.surefire.booter.ForkedBooter.execute(ForkedBooter.java:138) [surefire-booter-3.0.0-M4.jar:3.0.0-M4]
	at org.apache.maven.surefire.booter.ForkedBooter.run(ForkedBooter.java:465) [surefire-booter-3.0.0-M4.jar:3.0.0-M4]
	at org.apache.maven.surefire.booter.ForkedBooter.main(ForkedBooter.java:451) [surefire-booter-3.0.0-M4.jar:3.0.0-M4]
Caused by: org.apache.hadoop.hive.metastore.api.AlreadyExistsException: Table hive.default.alerts already exists
	at org.apache.hadoop.hive.metastore.HMSHandler.create_table_core(HMSHandler.java:2339) ~[classes/:?]
	at org.apache.hadoop.hive.metastore.HMSHandler.create_table_req(HMSHandler.java:2598) ~[classes/:?]
	at sun.reflect.NativeMethodAccessorImpl.invoke0(Native Method) ~[?:1.8.0_402]
	at sun.reflect.NativeMethodAccessorImpl.invoke(NativeMethodAccessorImpl.java:62) ~[?:1.8.0_402]
	at sun.reflect.DelegatingMethodAccessorImpl.invoke(DelegatingMethodAccessorImpl.java:43) ~[?:1.8.0_402]
	at java.lang.reflect.Method.invoke(Method.java:498) ~[?:1.8.0_402]
	at org.apache.hadoop.hive.metastore.RetryingHMSHandler.invokeInternal(RetryingHMSHandler.java:147) ~[classes/:?]
	at org.apache.hadoop.hive.metastore.RetryingHMSHandler.invoke(RetryingHMSHandler.java:108) ~[classes/:?]
	at com.sun.proxy.$Proxy38.create_table_req(Unknown Source) ~[?:?]
	at org.apache.hadoop.hive.metastore.HiveMetaStoreClient.create_table_with_environment_context(HiveMetaStoreClient.java:4408) ~[classes/:?]
	at org.apache.hadoop.hive.ql.metadata.SessionHiveMetaStoreClient.create_table_with_environment_context(SessionHiveMetaStoreClient.java:182) ~[classes/:?]
	at org.apache.hadoop.hive.metastore.HiveMetaStoreClient.createTable(HiveMetaStoreClient.java:1260) ~[classes/:?]
	at org.apache.hadoop.hive.metastore.HiveMetaStoreClient.createTable(HiveMetaStoreClient.java:1245) ~[classes/:?]
	at sun.reflect.NativeMethodAccessorImpl.invoke0(Native Method) ~[?:1.8.0_402]
	at sun.reflect.NativeMethodAccessorImpl.invoke(NativeMethodAccessorImpl.java:62) ~[?:1.8.0_402]
	at sun.reflect.DelegatingMethodAccessorImpl.invoke(DelegatingMethodAccessorImpl.java:43) ~[?:1.8.0_402]
	at java.lang.reflect.Method.invoke(Method.java:498) ~[?:1.8.0_402]
	at org.apache.hadoop.hive.metastore.RetryingMetaStoreClient.invoke(RetryingMetaStoreClient.java:218) ~[classes/:?]
	at com.sun.proxy.$Proxy47.createTable(Unknown Source) ~[?:?]
	at org.apache.hadoop.hive.ql.metadata.Hive.createTable(Hive.java:1290) ~[classes/:?]
	... 68 more
2024-04-24T12:35:27,439 ERROR [main] exec.Task: DDLTask failed, DDL Operation: class org.apache.hadoop.hive.ql.ddl.table.create.CreateTableOperation
org.apache.hadoop.hive.ql.metadata.HiveException: AlreadyExistsException(message:Table hive.default.alerts already exists)
	at org.apache.hadoop.hive.ql.metadata.Hive.createTable(Hive.java:1298) ~[classes/:?]
	at org.apache.hadoop.hive.ql.metadata.Hive.createTable(Hive.java:1306) ~[classes/:?]
	at org.apache.hadoop.hive.ql.ddl.table.create.CreateTableOperation.createTableNonReplaceMode(CreateTableOperation.java:140) ~[classes/:?]
	at org.apache.hadoop.hive.ql.ddl.table.create.CreateTableOperation.execute(CreateTableOperation.java:98) ~[classes/:?]
	at org.apache.hadoop.hive.ql.ddl.DDLTask.execute(DDLTask.java:84) ~[classes/:?]
	at org.apache.hadoop.hive.ql.exec.Task.executeTask(Task.java:212) ~[classes/:?]
	at org.apache.hadoop.hive.ql.exec.TaskRunner.runSequential(TaskRunner.java:105) ~[classes/:?]
	at org.apache.hadoop.hive.ql.Executor.launchTask(Executor.java:361) ~[classes/:?]
	at org.apache.hadoop.hive.ql.Executor.launchTasks(Executor.java:334) ~[classes/:?]
	at org.apache.hadoop.hive.ql.Executor.runTasks(Executor.java:245) ~[classes/:?]
	at org.apache.hadoop.hive.ql.Executor.execute(Executor.java:108) ~[classes/:?]
	at org.apache.hadoop.hive.ql.Driver.execute(Driver.java:348) ~[classes/:?]
	at org.apache.hadoop.hive.ql.Driver.runInternal(Driver.java:204) ~[classes/:?]
	at org.apache.hadoop.hive.ql.Driver.run(Driver.java:153) ~[classes/:?]
	at org.apache.hadoop.hive.ql.Driver.run(Driver.java:148) ~[classes/:?]
	at org.apache.hadoop.hive.ql.reexec.ReExecDriver.run(ReExecDriver.java:164) ~[classes/:?]
	at org.apache.hadoop.hive.ql.reexec.ReExecDriver.run(ReExecDriver.java:230) ~[classes/:?]
	at org.apache.hive.streaming.TestStreamingDynamicPartitioning.runDDL(TestStreamingDynamicPartitioning.java:829) ~[test-classes/:?]
	at org.apache.hive.streaming.TestStreamingDynamicPartitioning.createDbAndTable(TestStreamingDynamicPartitioning.java:885) ~[test-classes/:?]
	at org.apache.hive.streaming.TestStreamingDynamicPartitioning.setup(TestStreamingDynamicPartitioning.java:155) ~[test-classes/:?]
	at sun.reflect.NativeMethodAccessorImpl.invoke0(Native Method) ~[?:1.8.0_402]
	at sun.reflect.NativeMethodAccessorImpl.invoke(NativeMethodAccessorImpl.java:62) ~[?:1.8.0_402]
	at sun.reflect.DelegatingMethodAccessorImpl.invoke(DelegatingMethodAccessorImpl.java:43) ~[?:1.8.0_402]
	at java.lang.reflect.Method.invoke(Method.java:498) ~[?:1.8.0_402]
	at org.junit.runners.model.FrameworkMethod$1.runReflectiveCall(FrameworkMethod.java:59) ~[junit-4.13.jar:4.13]
	at org.junit.internal.runners.model.ReflectiveCallable.run(ReflectiveCallable.java:12) ~[junit-4.13.jar:4.13]
	at org.junit.runners.model.FrameworkMethod.invokeExplosively(FrameworkMethod.java:56) ~[junit-4.13.jar:4.13]
	at org.junit.internal.runners.statements.RunBefores.invokeMethod(RunBefores.java:33) ~[junit-4.13.jar:4.13]
	at org.junit.internal.runners.statements.RunBefores.evaluate(RunBefores.java:24) ~[junit-4.13.jar:4.13]
	at org.junit.internal.runners.statements.RunAfters.evaluate(RunAfters.java:27) ~[junit-4.13.jar:4.13]
	at org.junit.rules.ExternalResource$1.evaluate(ExternalResource.java:54) ~[junit-4.13.jar:4.13]
	at org.junit.runners.ParentRunner$3.evaluate(ParentRunner.java:306) ~[junit-4.13.jar:4.13]
	at org.junit.runners.BlockJUnit4ClassRunner$1.evaluate(BlockJUnit4ClassRunner.java:100) ~[junit-4.13.jar:4.13]
	at org.junit.runners.ParentRunner.runLeaf(ParentRunner.java:366) ~[junit-4.13.jar:4.13]
	at org.junit.runners.BlockJUnit4ClassRunner.runChild(BlockJUnit4ClassRunner.java:103) ~[junit-4.13.jar:4.13]
	at org.junit.runners.BlockJUnit4ClassRunner.runChild(BlockJUnit4ClassRunner.java:63) ~[junit-4.13.jar:4.13]
	at org.junit.runners.ParentRunner$4.run(ParentRunner.java:331) ~[junit-4.13.jar:4.13]
	at org.junit.runners.ParentRunner$1.schedule(ParentRunner.java:79) ~[junit-4.13.jar:4.13]
	at org.junit.runners.ParentRunner.runChildren(ParentRunner.java:329) ~[junit-4.13.jar:4.13]
	at org.junit.runners.ParentRunner.access$100(ParentRunner.java:66) ~[junit-4.13.jar:4.13]
	at org.junit.runners.ParentRunner$2.evaluate(ParentRunner.java:293) ~[junit-4.13.jar:4.13]
	at org.junit.runners.ParentRunner$3.evaluate(ParentRunner.java:306) ~[junit-4.13.jar:4.13]
	at org.junit.runners.ParentRunner.run(ParentRunner.java:413) ~[junit-4.13.jar:4.13]
	at org.junit.runner.JUnitCore.run(JUnitCore.java:137) ~[junit-4.13.jar:4.13]
	at org.junit.runner.JUnitCore.run(JUnitCore.java:115) ~[junit-4.13.jar:4.13]
	at org.junit.vintage.engine.execution.RunnerExecutor.execute(RunnerExecutor.java:43) ~[junit-vintage-engine-5.6.2.jar:5.6.2]
	at java.util.stream.ForEachOps$ForEachOp$OfRef.accept(ForEachOps.java:183) ~[?:1.8.0_402]
	at java.util.stream.ReferencePipeline$3$1.accept(ReferencePipeline.java:193) ~[?:1.8.0_402]
	at java.util.Iterator.forEachRemaining(Iterator.java:116) ~[?:1.8.0_402]
	at java.util.Spliterators$IteratorSpliterator.forEachRemaining(Spliterators.java:1801) ~[?:1.8.0_402]
	at java.util.stream.AbstractPipeline.copyInto(AbstractPipeline.java:482) ~[?:1.8.0_402]
	at java.util.stream.AbstractPipeline.wrapAndCopyInto(AbstractPipeline.java:472) ~[?:1.8.0_402]
	at java.util.stream.ForEachOps$ForEachOp.evaluateSequential(ForEachOps.java:150) ~[?:1.8.0_402]
	at java.util.stream.ForEachOps$ForEachOp$OfRef.evaluateSequential(ForEachOps.java:173) ~[?:1.8.0_402]
	at java.util.stream.AbstractPipeline.evaluate(AbstractPipeline.java:234) ~[?:1.8.0_402]
	at java.util.stream.ReferencePipeline.forEach(ReferencePipeline.java:485) ~[?:1.8.0_402]
	at org.junit.vintage.engine.VintageTestEngine.executeAllChildren(VintageTestEngine.java:82) ~[junit-vintage-engine-5.6.2.jar:5.6.2]
	at org.junit.vintage.engine.VintageTestEngine.execute(VintageTestEngine.java:73) ~[junit-vintage-engine-5.6.2.jar:5.6.2]
	at org.junit.platform.launcher.core.DefaultLauncher.execute(DefaultLauncher.java:248) ~[junit-platform-launcher-1.6.2.jar:1.6.2]
	at org.junit.platform.launcher.core.DefaultLauncher.lambda$execute$5(DefaultLauncher.java:211) ~[junit-platform-launcher-1.6.2.jar:1.6.2]
	at org.junit.platform.launcher.core.DefaultLauncher.withInterceptedStreams(DefaultLauncher.java:226) [junit-platform-launcher-1.6.2.jar:1.6.2]
	at org.junit.platform.launcher.core.DefaultLauncher.execute(DefaultLauncher.java:199) [junit-platform-launcher-1.6.2.jar:1.6.2]
	at org.junit.platform.launcher.core.DefaultLauncher.execute(DefaultLauncher.java:132) [junit-platform-launcher-1.6.2.jar:1.6.2]
	at org.apache.maven.surefire.junitplatform.JUnitPlatformProvider.invokeAllTests(JUnitPlatformProvider.java:154) [surefire-junit-platform-3.0.0-M4.jar:3.0.0-M4]
	at org.apache.maven.surefire.junitplatform.JUnitPlatformProvider.invoke(JUnitPlatformProvider.java:123) [surefire-junit-platform-3.0.0-M4.jar:3.0.0-M4]
	at org.apache.maven.surefire.booter.ForkedBooter.runSuitesInProcess(ForkedBooter.java:377) [surefire-booter-3.0.0-M4.jar:3.0.0-M4]
	at org.apache.maven.surefire.booter.ForkedBooter.execute(ForkedBooter.java:138) [surefire-booter-3.0.0-M4.jar:3.0.0-M4]
	at org.apache.maven.surefire.booter.ForkedBooter.run(ForkedBooter.java:465) [surefire-booter-3.0.0-M4.jar:3.0.0-M4]
	at org.apache.maven.surefire.booter.ForkedBooter.main(ForkedBooter.java:451) [surefire-booter-3.0.0-M4.jar:3.0.0-M4]
Caused by: org.apache.hadoop.hive.metastore.api.AlreadyExistsException: Table hive.default.alerts already exists
	at org.apache.hadoop.hive.metastore.HMSHandler.create_table_core(HMSHandler.java:2339) ~[classes/:?]
	at org.apache.hadoop.hive.metastore.HMSHandler.create_table_req(HMSHandler.java:2598) ~[classes/:?]
	at sun.reflect.NativeMethodAccessorImpl.invoke0(Native Method) ~[?:1.8.0_402]
	at sun.reflect.NativeMethodAccessorImpl.invoke(NativeMethodAccessorImpl.java:62) ~[?:1.8.0_402]
	at sun.reflect.DelegatingMethodAccessorImpl.invoke(DelegatingMethodAccessorImpl.java:43) ~[?:1.8.0_402]
	at java.lang.reflect.Method.invoke(Method.java:498) ~[?:1.8.0_402]
	at org.apache.hadoop.hive.metastore.RetryingHMSHandler.invokeInternal(RetryingHMSHandler.java:147) ~[classes/:?]
	at org.apache.hadoop.hive.metastore.RetryingHMSHandler.invoke(RetryingHMSHandler.java:108) ~[classes/:?]
	at com.sun.proxy.$Proxy38.create_table_req(Unknown Source) ~[?:?]
	at org.apache.hadoop.hive.metastore.HiveMetaStoreClient.create_table_with_environment_context(HiveMetaStoreClient.java:4408) ~[classes/:?]
	at org.apache.hadoop.hive.ql.metadata.SessionHiveMetaStoreClient.create_table_with_environment_context(SessionHiveMetaStoreClient.java:182) ~[classes/:?]
	at org.apache.hadoop.hive.metastore.HiveMetaStoreClient.createTable(HiveMetaStoreClient.java:1260) ~[classes/:?]
	at org.apache.hadoop.hive.metastore.HiveMetaStoreClient.createTable(HiveMetaStoreClient.java:1245) ~[classes/:?]
	at sun.reflect.NativeMethodAccessorImpl.invoke0(Native Method) ~[?:1.8.0_402]
	at sun.reflect.NativeMethodAccessorImpl.invoke(NativeMethodAccessorImpl.java:62) ~[?:1.8.0_402]
	at sun.reflect.DelegatingMethodAccessorImpl.invoke(DelegatingMethodAccessorImpl.java:43) ~[?:1.8.0_402]
	at java.lang.reflect.Method.invoke(Method.java:498) ~[?:1.8.0_402]
	at org.apache.hadoop.hive.metastore.RetryingMetaStoreClient.invoke(RetryingMetaStoreClient.java:218) ~[classes/:?]
	at com.sun.proxy.$Proxy47.createTable(Unknown Source) ~[?:?]
	at org.apache.hadoop.hive.ql.metadata.Hive.createTable(Hive.java:1290) ~[classes/:?]
	... 68 more
2024-04-24T12:35:27,440  INFO [main] reexec.ReOptimizePlugin: ReOptimization: retryPossible: false
2024-04-24T12:35:27,440  INFO [main] reexec.ReExecuteLostAMQueryPlugin: Got exception message: AlreadyExistsException(message:Table hive.default.alerts already exists) retryPossible: false
2024-04-24T12:35:27,440  INFO [main] reexec.ReExecutionDagSubmitPlugin: Got exception message: AlreadyExistsException(message:Table hive.default.alerts already exists) retryPossible: false
FAILED: Execution Error, return code 40000 from org.apache.hadoop.hive.ql.ddl.DDLTask. AlreadyExistsException(message:Table hive.default.alerts already exists)
2024-04-24T12:35:27,440 ERROR [main] ql.Driver: FAILED: Execution Error, return code 40000 from org.apache.hadoop.hive.ql.ddl.DDLTask. AlreadyExistsException(message:Table hive.default.alerts already exists)
2024-04-24T12:35:27,440  INFO [main] metadata.Hive: Dumping metastore api call timing information for : execution phase
2024-04-24T12:35:27,440  INFO [main] metadata.Hive: Total time spent in each metastore function (ms): {isCompatibleWith_(Configuration)=0}
2024-04-24T12:35:27,441  INFO [main] ql.Driver: Completed executing command(queryId=alex_20240424123527_7db8ae41-1af2-41a3-a1d9-c2dc189b7c5e); Time taken: 0.015 seconds
2024-04-24T12:35:27,441  INFO [main] lockmgr.DbTxnManager: Stopped heartbeat for query: alex_20240424123527_7db8ae41-1af2-41a3-a1d9-c2dc189b7c5e
2024-04-24T12:35:27,441  INFO [main] txn.TxnHandler: Removed transactions: ([2]) from MIN_HISTORY_LEVEL
2024-04-24T12:35:27,444 ERROR [main] streaming.TestStreamingDynamicPartitioning: Statement: create table alerts ( id int,msg string ) partitioned by (Continent string,Country string ) clustered by ( id ) into 1 buckets  stored as orc  location 'raw:///home/alex/Repositories/hive/streaming/target/tmp/junit4952807478682422451/testing.db/alerts' TBLPROPERTIES ('transactional'='true')  failed: (responseCode = 40000, errorMessage = FAILED: Execution Error, return code 40000 from org.apache.hadoop.hive.ql.ddl.DDLTask. AlreadyExistsException(message:Table hive.default.alerts already exists), hiveErrorCode = 40000, SQLState = 08S01, exception = AlreadyExistsException(message:Table hive.default.alerts already exists))
2024-04-24T12:35:27,445  INFO [main] HiveMetaStore.audit: ugi=alex	ip=unknown-ip-addr	cmd=get_table_names_by_filter: db = @hive#testing2, filter = 	
2024-04-24T12:35:27,447  INFO [main] HiveMetaStore.audit: ugi=alex	ip=unknown-ip-addr	cmd=get_database: testing2	
2024-04-24T12:35:27,448  INFO [main] ql.Driver: Compiling command(queryId=alex_20240424123527_7db8ae41-1af2-41a3-a1d9-c2dc189b7c5e): create database IF NOT EXISTS testing5 location 'raw:///home/alex/Repositories/hive/streaming/target/tmp/junit9009298686349044754/testing5.db'
2024-04-24T12:35:27,451  INFO [main] txn.TxnHandler: Added entries to MIN_HISTORY_LEVEL for current txns: ([3]) with min_open_txn: 1
2024-04-24T12:35:27,451  INFO [main] lockmgr.DbTxnManager: Opened txnid:3
2024-04-24T12:35:27,452  INFO [main] ql.Driver: Semantic Analysis Completed (retrial = false)
2024-04-24T12:35:27,452  INFO [main] ql.Driver: Created Hive schema: Schema(fieldSchemas:null, properties:null)
2024-04-24T12:35:27,452  INFO [main] metadata.Hive: Dumping metastore api call timing information for : compilation phase
2024-04-24T12:35:27,452  INFO [main] metadata.Hive: Total time spent in each metastore function (ms): {isCompatibleWith_(Configuration)=0, flushCache_()=0, getValidTxns_(long)=1, rollbackTxn_(long)=3, openTxn_(String, TxnType)=2}
2024-04-24T12:35:27,452  INFO [main] ql.Driver: Completed compiling command(queryId=alex_20240424123527_7db8ae41-1af2-41a3-a1d9-c2dc189b7c5e); Time taken: 0.004 seconds
2024-04-24T12:35:27,453  INFO [main] reexec.ReExecDriver: Execution #1 of query
2024-04-24T12:35:27,453  INFO [main] lockmgr.DbTxnManager: Setting lock request transaction to txnid:3 for queryId=alex_20240424123527_7db8ae41-1af2-41a3-a1d9-c2dc189b7c5e
2024-04-24T12:35:27,453  INFO [main] ql.Driver: Operation CREATEDATABASE obtained 0 locks
2024-04-24T12:35:27,453  INFO [main] ql.Driver: Executing command(queryId=alex_20240424123527_7db8ae41-1af2-41a3-a1d9-c2dc189b7c5e): create database IF NOT EXISTS testing5 location 'raw:///home/alex/Repositories/hive/streaming/target/tmp/junit9009298686349044754/testing5.db'
PREHOOK: query: create database IF NOT EXISTS testing5 location 'raw:///home/alex/Repositories/hive/streaming/target/tmp/junit9009298686349044754/testing5.db'
2024-04-24T12:35:27,453  INFO [main] SessionState: PREHOOK: query: create database IF NOT EXISTS testing5 location 'raw:///home/alex/Repositories/hive/streaming/target/tmp/junit9009298686349044754/testing5.db'
PREHOOK: type: CREATEDATABASE
2024-04-24T12:35:27,453  INFO [main] SessionState: PREHOOK: type: CREATEDATABASE
PREHOOK: Output: database:testing5
2024-04-24T12:35:27,453  INFO [main] SessionState: PREHOOK: Output: database:testing5
PREHOOK: Output: raw:/home/alex/Repositories/hive/streaming/target/tmp/junit9009298686349044754/testing5.db
2024-04-24T12:35:27,453  INFO [main] SessionState: PREHOOK: Output: raw:/home/alex/Repositories/hive/streaming/target/tmp/junit9009298686349044754/testing5.db
2024-04-24T12:35:27,453  INFO [main] ql.Driver: Starting task [Stage-0:DDL] in serial mode
2024-04-24T12:35:27,454  INFO [main] HiveMetaStore.audit: ugi=alex	ip=unknown-ip-addr	cmd=create_database: Database(name:testing5, description:null, locationUri:raw:/home/alex/Repositories/hive/streaming/target/tmp/junit9009298686349044754/testing5.db, parameters:null, ownerName:alex, ownerType:USER, catalogName:hive, managedLocationUri:pfile:/home/alex/Repositories/hive/streaming/target/warehouse/testing5.db, type:NATIVE)	
2024-04-24T12:35:27,461 ERROR [main] metastore.RetryingHMSHandler: MetaException(message:Unable to create database managed directory pfile:/home/alex/Repositories/hive/streaming/target/warehouse/testing5.db, failed to create database testing5)
	at org.apache.hadoop.hive.metastore.HMSHandler.create_database_core(HMSHandler.java:1366)
	at org.apache.hadoop.hive.metastore.HMSHandler.create_database(HMSHandler.java:1486)
	at sun.reflect.NativeMethodAccessorImpl.invoke0(Native Method)
	at sun.reflect.NativeMethodAccessorImpl.invoke(NativeMethodAccessorImpl.java:62)
	at sun.reflect.DelegatingMethodAccessorImpl.invoke(DelegatingMethodAccessorImpl.java:43)
	at java.lang.reflect.Method.invoke(Method.java:498)
	at org.apache.hadoop.hive.metastore.RetryingHMSHandler.invokeInternal(RetryingHMSHandler.java:147)
	at org.apache.hadoop.hive.metastore.RetryingHMSHandler.invoke(RetryingHMSHandler.java:108)
	at com.sun.proxy.$Proxy38.create_database(Unknown Source)
	at org.apache.hadoop.hive.metastore.HiveMetaStoreClient.createDatabase(HiveMetaStoreClient.java:1151)
	at sun.reflect.NativeMethodAccessorImpl.invoke0(Native Method)
	at sun.reflect.NativeMethodAccessorImpl.invoke(NativeMethodAccessorImpl.java:62)
	at sun.reflect.DelegatingMethodAccessorImpl.invoke(DelegatingMethodAccessorImpl.java:43)
	at java.lang.reflect.Method.invoke(Method.java:498)
	at org.apache.hadoop.hive.metastore.RetryingMetaStoreClient.invoke(RetryingMetaStoreClient.java:218)
	at com.sun.proxy.$Proxy47.createDatabase(Unknown Source)
	at org.apache.hadoop.hive.ql.metadata.Hive.createDatabase(Hive.java:605)
	at org.apache.hadoop.hive.ql.ddl.database.create.CreateDatabaseOperation.execute(CreateDatabaseOperation.java:68)
	at org.apache.hadoop.hive.ql.ddl.DDLTask.execute(DDLTask.java:84)
	at org.apache.hadoop.hive.ql.exec.Task.executeTask(Task.java:212)
	at org.apache.hadoop.hive.ql.exec.TaskRunner.runSequential(TaskRunner.java:105)
	at org.apache.hadoop.hive.ql.Executor.launchTask(Executor.java:361)
	at org.apache.hadoop.hive.ql.Executor.launchTasks(Executor.java:334)
	at org.apache.hadoop.hive.ql.Executor.runTasks(Executor.java:245)
	at org.apache.hadoop.hive.ql.Executor.execute(Executor.java:108)
	at org.apache.hadoop.hive.ql.Driver.execute(Driver.java:348)
	at org.apache.hadoop.hive.ql.Driver.runInternal(Driver.java:204)
	at org.apache.hadoop.hive.ql.Driver.run(Driver.java:153)
	at org.apache.hadoop.hive.ql.Driver.run(Driver.java:148)
	at org.apache.hadoop.hive.ql.reexec.ReExecDriver.run(ReExecDriver.java:164)
	at org.apache.hadoop.hive.ql.reexec.ReExecDriver.run(ReExecDriver.java:230)
	at org.apache.hive.streaming.TestStreamingDynamicPartitioning.runDDL(TestStreamingDynamicPartitioning.java:829)
	at org.apache.hive.streaming.TestStreamingDynamicPartitioning.createStoreSales(TestStreamingDynamicPartitioning.java:177)
	at org.apache.hive.streaming.TestStreamingDynamicPartitioning.setup(TestStreamingDynamicPartitioning.java:160)
	at sun.reflect.NativeMethodAccessorImpl.invoke0(Native Method)
	at sun.reflect.NativeMethodAccessorImpl.invoke(NativeMethodAccessorImpl.java:62)
	at sun.reflect.DelegatingMethodAccessorImpl.invoke(DelegatingMethodAccessorImpl.java:43)
	at java.lang.reflect.Method.invoke(Method.java:498)
	at org.junit.runners.model.FrameworkMethod$1.runReflectiveCall(FrameworkMethod.java:59)
	at org.junit.internal.runners.model.ReflectiveCallable.run(ReflectiveCallable.java:12)
	at org.junit.runners.model.FrameworkMethod.invokeExplosively(FrameworkMethod.java:56)
	at org.junit.internal.runners.statements.RunBefores.invokeMethod(RunBefores.java:33)
	at org.junit.internal.runners.statements.RunBefores.evaluate(RunBefores.java:24)
	at org.junit.internal.runners.statements.RunAfters.evaluate(RunAfters.java:27)
	at org.junit.rules.ExternalResource$1.evaluate(ExternalResource.java:54)
	at org.junit.runners.ParentRunner$3.evaluate(ParentRunner.java:306)
	at org.junit.runners.BlockJUnit4ClassRunner$1.evaluate(BlockJUnit4ClassRunner.java:100)
	at org.junit.runners.ParentRunner.runLeaf(ParentRunner.java:366)
	at org.junit.runners.BlockJUnit4ClassRunner.runChild(BlockJUnit4ClassRunner.java:103)
	at org.junit.runners.BlockJUnit4ClassRunner.runChild(BlockJUnit4ClassRunner.java:63)
	at org.junit.runners.ParentRunner$4.run(ParentRunner.java:331)
	at org.junit.runners.ParentRunner$1.schedule(ParentRunner.java:79)
	at org.junit.runners.ParentRunner.runChildren(ParentRunner.java:329)
	at org.junit.runners.ParentRunner.access$100(ParentRunner.java:66)
	at org.junit.runners.ParentRunner$2.evaluate(ParentRunner.java:293)
	at org.junit.runners.ParentRunner$3.evaluate(ParentRunner.java:306)
	at org.junit.runners.ParentRunner.run(ParentRunner.java:413)
	at org.junit.runner.JUnitCore.run(JUnitCore.java:137)
	at org.junit.runner.JUnitCore.run(JUnitCore.java:115)
	at org.junit.vintage.engine.execution.RunnerExecutor.execute(RunnerExecutor.java:43)
	at java.util.stream.ForEachOps$ForEachOp$OfRef.accept(ForEachOps.java:183)
	at java.util.stream.ReferencePipeline$3$1.accept(ReferencePipeline.java:193)
	at java.util.Iterator.forEachRemaining(Iterator.java:116)
	at java.util.Spliterators$IteratorSpliterator.forEachRemaining(Spliterators.java:1801)
	at java.util.stream.AbstractPipeline.copyInto(AbstractPipeline.java:482)
	at java.util.stream.AbstractPipeline.wrapAndCopyInto(AbstractPipeline.java:472)
	at java.util.stream.ForEachOps$ForEachOp.evaluateSequential(ForEachOps.java:150)
	at java.util.stream.ForEachOps$ForEachOp$OfRef.evaluateSequential(ForEachOps.java:173)
	at java.util.stream.AbstractPipeline.evaluate(AbstractPipeline.java:234)
	at java.util.stream.ReferencePipeline.forEach(ReferencePipeline.java:485)
	at org.junit.vintage.engine.VintageTestEngine.executeAllChildren(VintageTestEngine.java:82)
	at org.junit.vintage.engine.VintageTestEngine.execute(VintageTestEngine.java:73)
	at org.junit.platform.launcher.core.DefaultLauncher.execute(DefaultLauncher.java:248)
	at org.junit.platform.launcher.core.DefaultLauncher.lambda$execute$5(DefaultLauncher.java:211)
	at org.junit.platform.launcher.core.DefaultLauncher.withInterceptedStreams(DefaultLauncher.java:226)
	at org.junit.platform.launcher.core.DefaultLauncher.execute(DefaultLauncher.java:199)
	at org.junit.platform.launcher.core.DefaultLauncher.execute(DefaultLauncher.java:132)
	at org.apache.maven.surefire.junitplatform.JUnitPlatformProvider.invokeAllTests(JUnitPlatformProvider.java:154)
	at org.apache.maven.surefire.junitplatform.JUnitPlatformProvider.invoke(JUnitPlatformProvider.java:123)
	at org.apache.maven.surefire.booter.ForkedBooter.runSuitesInProcess(ForkedBooter.java:377)
	at org.apache.maven.surefire.booter.ForkedBooter.execute(ForkedBooter.java:138)
	at org.apache.maven.surefire.booter.ForkedBooter.run(ForkedBooter.java:465)
	at org.apache.maven.surefire.booter.ForkedBooter.main(ForkedBooter.java:451)

2024-04-24T12:35:27,461 ERROR [main] exec.Task: Failed
org.apache.hadoop.hive.ql.metadata.HiveException: MetaException(message:Unable to create database managed directory pfile:/home/alex/Repositories/hive/streaming/target/warehouse/testing5.db, failed to create database testing5)
	at org.apache.hadoop.hive.ql.metadata.Hive.createDatabase(Hive.java:611) ~[classes/:?]
	at org.apache.hadoop.hive.ql.ddl.database.create.CreateDatabaseOperation.execute(CreateDatabaseOperation.java:68) ~[classes/:?]
	at org.apache.hadoop.hive.ql.ddl.DDLTask.execute(DDLTask.java:84) ~[classes/:?]
	at org.apache.hadoop.hive.ql.exec.Task.executeTask(Task.java:212) ~[classes/:?]
	at org.apache.hadoop.hive.ql.exec.TaskRunner.runSequential(TaskRunner.java:105) ~[classes/:?]
	at org.apache.hadoop.hive.ql.Executor.launchTask(Executor.java:361) ~[classes/:?]
	at org.apache.hadoop.hive.ql.Executor.launchTasks(Executor.java:334) ~[classes/:?]
	at org.apache.hadoop.hive.ql.Executor.runTasks(Executor.java:245) ~[classes/:?]
	at org.apache.hadoop.hive.ql.Executor.execute(Executor.java:108) ~[classes/:?]
	at org.apache.hadoop.hive.ql.Driver.execute(Driver.java:348) ~[classes/:?]
	at org.apache.hadoop.hive.ql.Driver.runInternal(Driver.java:204) ~[classes/:?]
	at org.apache.hadoop.hive.ql.Driver.run(Driver.java:153) ~[classes/:?]
	at org.apache.hadoop.hive.ql.Driver.run(Driver.java:148) ~[classes/:?]
	at org.apache.hadoop.hive.ql.reexec.ReExecDriver.run(ReExecDriver.java:164) ~[classes/:?]
	at org.apache.hadoop.hive.ql.reexec.ReExecDriver.run(ReExecDriver.java:230) ~[classes/:?]
	at org.apache.hive.streaming.TestStreamingDynamicPartitioning.runDDL(TestStreamingDynamicPartitioning.java:829) ~[test-classes/:?]
	at org.apache.hive.streaming.TestStreamingDynamicPartitioning.createStoreSales(TestStreamingDynamicPartitioning.java:177) ~[test-classes/:?]
	at org.apache.hive.streaming.TestStreamingDynamicPartitioning.setup(TestStreamingDynamicPartitioning.java:160) ~[test-classes/:?]
	at sun.reflect.NativeMethodAccessorImpl.invoke0(Native Method) ~[?:1.8.0_402]
	at sun.reflect.NativeMethodAccessorImpl.invoke(NativeMethodAccessorImpl.java:62) ~[?:1.8.0_402]
	at sun.reflect.DelegatingMethodAccessorImpl.invoke(DelegatingMethodAccessorImpl.java:43) ~[?:1.8.0_402]
	at java.lang.reflect.Method.invoke(Method.java:498) ~[?:1.8.0_402]
	at org.junit.runners.model.FrameworkMethod$1.runReflectiveCall(FrameworkMethod.java:59) ~[junit-4.13.jar:4.13]
	at org.junit.internal.runners.model.ReflectiveCallable.run(ReflectiveCallable.java:12) ~[junit-4.13.jar:4.13]
	at org.junit.runners.model.FrameworkMethod.invokeExplosively(FrameworkMethod.java:56) ~[junit-4.13.jar:4.13]
	at org.junit.internal.runners.statements.RunBefores.invokeMethod(RunBefores.java:33) ~[junit-4.13.jar:4.13]
	at org.junit.internal.runners.statements.RunBefores.evaluate(RunBefores.java:24) ~[junit-4.13.jar:4.13]
	at org.junit.internal.runners.statements.RunAfters.evaluate(RunAfters.java:27) ~[junit-4.13.jar:4.13]
	at org.junit.rules.ExternalResource$1.evaluate(ExternalResource.java:54) ~[junit-4.13.jar:4.13]
	at org.junit.runners.ParentRunner$3.evaluate(ParentRunner.java:306) ~[junit-4.13.jar:4.13]
	at org.junit.runners.BlockJUnit4ClassRunner$1.evaluate(BlockJUnit4ClassRunner.java:100) ~[junit-4.13.jar:4.13]
	at org.junit.runners.ParentRunner.runLeaf(ParentRunner.java:366) ~[junit-4.13.jar:4.13]
	at org.junit.runners.BlockJUnit4ClassRunner.runChild(BlockJUnit4ClassRunner.java:103) ~[junit-4.13.jar:4.13]
	at org.junit.runners.BlockJUnit4ClassRunner.runChild(BlockJUnit4ClassRunner.java:63) ~[junit-4.13.jar:4.13]
	at org.junit.runners.ParentRunner$4.run(ParentRunner.java:331) ~[junit-4.13.jar:4.13]
	at org.junit.runners.ParentRunner$1.schedule(ParentRunner.java:79) ~[junit-4.13.jar:4.13]
	at org.junit.runners.ParentRunner.runChildren(ParentRunner.java:329) ~[junit-4.13.jar:4.13]
	at org.junit.runners.ParentRunner.access$100(ParentRunner.java:66) ~[junit-4.13.jar:4.13]
	at org.junit.runners.ParentRunner$2.evaluate(ParentRunner.java:293) ~[junit-4.13.jar:4.13]
	at org.junit.runners.ParentRunner$3.evaluate(ParentRunner.java:306) ~[junit-4.13.jar:4.13]
	at org.junit.runners.ParentRunner.run(ParentRunner.java:413) ~[junit-4.13.jar:4.13]
	at org.junit.runner.JUnitCore.run(JUnitCore.java:137) ~[junit-4.13.jar:4.13]
	at org.junit.runner.JUnitCore.run(JUnitCore.java:115) ~[junit-4.13.jar:4.13]
	at org.junit.vintage.engine.execution.RunnerExecutor.execute(RunnerExecutor.java:43) ~[junit-vintage-engine-5.6.2.jar:5.6.2]
	at java.util.stream.ForEachOps$ForEachOp$OfRef.accept(ForEachOps.java:183) ~[?:1.8.0_402]
	at java.util.stream.ReferencePipeline$3$1.accept(ReferencePipeline.java:193) ~[?:1.8.0_402]
	at java.util.Iterator.forEachRemaining(Iterator.java:116) ~[?:1.8.0_402]
	at java.util.Spliterators$IteratorSpliterator.forEachRemaining(Spliterators.java:1801) ~[?:1.8.0_402]
	at java.util.stream.AbstractPipeline.copyInto(AbstractPipeline.java:482) ~[?:1.8.0_402]
	at java.util.stream.AbstractPipeline.wrapAndCopyInto(AbstractPipeline.java:472) ~[?:1.8.0_402]
	at java.util.stream.ForEachOps$ForEachOp.evaluateSequential(ForEachOps.java:150) ~[?:1.8.0_402]
	at java.util.stream.ForEachOps$ForEachOp$OfRef.evaluateSequential(ForEachOps.java:173) ~[?:1.8.0_402]
	at java.util.stream.AbstractPipeline.evaluate(AbstractPipeline.java:234) ~[?:1.8.0_402]
	at java.util.stream.ReferencePipeline.forEach(ReferencePipeline.java:485) ~[?:1.8.0_402]
	at org.junit.vintage.engine.VintageTestEngine.executeAllChildren(VintageTestEngine.java:82) ~[junit-vintage-engine-5.6.2.jar:5.6.2]
	at org.junit.vintage.engine.VintageTestEngine.execute(VintageTestEngine.java:73) ~[junit-vintage-engine-5.6.2.jar:5.6.2]
	at org.junit.platform.launcher.core.DefaultLauncher.execute(DefaultLauncher.java:248) ~[junit-platform-launcher-1.6.2.jar:1.6.2]
	at org.junit.platform.launcher.core.DefaultLauncher.lambda$execute$5(DefaultLauncher.java:211) ~[junit-platform-launcher-1.6.2.jar:1.6.2]
	at org.junit.platform.launcher.core.DefaultLauncher.withInterceptedStreams(DefaultLauncher.java:226) [junit-platform-launcher-1.6.2.jar:1.6.2]
	at org.junit.platform.launcher.core.DefaultLauncher.execute(DefaultLauncher.java:199) [junit-platform-launcher-1.6.2.jar:1.6.2]
	at org.junit.platform.launcher.core.DefaultLauncher.execute(DefaultLauncher.java:132) [junit-platform-launcher-1.6.2.jar:1.6.2]
	at org.apache.maven.surefire.junitplatform.JUnitPlatformProvider.invokeAllTests(JUnitPlatformProvider.java:154) [surefire-junit-platform-3.0.0-M4.jar:3.0.0-M4]
	at org.apache.maven.surefire.junitplatform.JUnitPlatformProvider.invoke(JUnitPlatformProvider.java:123) [surefire-junit-platform-3.0.0-M4.jar:3.0.0-M4]
	at org.apache.maven.surefire.booter.ForkedBooter.runSuitesInProcess(ForkedBooter.java:377) [surefire-booter-3.0.0-M4.jar:3.0.0-M4]
	at org.apache.maven.surefire.booter.ForkedBooter.execute(ForkedBooter.java:138) [surefire-booter-3.0.0-M4.jar:3.0.0-M4]
	at org.apache.maven.surefire.booter.ForkedBooter.run(ForkedBooter.java:465) [surefire-booter-3.0.0-M4.jar:3.0.0-M4]
	at org.apache.maven.surefire.booter.ForkedBooter.main(ForkedBooter.java:451) [surefire-booter-3.0.0-M4.jar:3.0.0-M4]
Caused by: org.apache.hadoop.hive.metastore.api.MetaException: Unable to create database managed directory pfile:/home/alex/Repositories/hive/streaming/target/warehouse/testing5.db, failed to create database testing5
	at org.apache.hadoop.hive.metastore.HMSHandler.create_database_core(HMSHandler.java:1366) ~[classes/:?]
	at org.apache.hadoop.hive.metastore.HMSHandler.create_database(HMSHandler.java:1486) ~[classes/:?]
	at sun.reflect.NativeMethodAccessorImpl.invoke0(Native Method) ~[?:1.8.0_402]
	at sun.reflect.NativeMethodAccessorImpl.invoke(NativeMethodAccessorImpl.java:62) ~[?:1.8.0_402]
	at sun.reflect.DelegatingMethodAccessorImpl.invoke(DelegatingMethodAccessorImpl.java:43) ~[?:1.8.0_402]
	at java.lang.reflect.Method.invoke(Method.java:498) ~[?:1.8.0_402]
	at org.apache.hadoop.hive.metastore.RetryingHMSHandler.invokeInternal(RetryingHMSHandler.java:147) ~[classes/:?]
	at org.apache.hadoop.hive.metastore.RetryingHMSHandler.invoke(RetryingHMSHandler.java:108) ~[classes/:?]
	at com.sun.proxy.$Proxy38.create_database(Unknown Source) ~[?:?]
	at org.apache.hadoop.hive.metastore.HiveMetaStoreClient.createDatabase(HiveMetaStoreClient.java:1151) ~[classes/:?]
	at sun.reflect.NativeMethodAccessorImpl.invoke0(Native Method) ~[?:1.8.0_402]
	at sun.reflect.NativeMethodAccessorImpl.invoke(NativeMethodAccessorImpl.java:62) ~[?:1.8.0_402]
	at sun.reflect.DelegatingMethodAccessorImpl.invoke(DelegatingMethodAccessorImpl.java:43) ~[?:1.8.0_402]
	at java.lang.reflect.Method.invoke(Method.java:498) ~[?:1.8.0_402]
	at org.apache.hadoop.hive.metastore.RetryingMetaStoreClient.invoke(RetryingMetaStoreClient.java:218) ~[classes/:?]
	at com.sun.proxy.$Proxy47.createDatabase(Unknown Source) ~[?:?]
	at org.apache.hadoop.hive.ql.metadata.Hive.createDatabase(Hive.java:605) ~[classes/:?]
	... 66 more
2024-04-24T12:35:27,462 ERROR [main] exec.Task: DDLTask failed, DDL Operation: class org.apache.hadoop.hive.ql.ddl.database.create.CreateDatabaseOperation
org.apache.hadoop.hive.ql.metadata.HiveException: MetaException(message:Unable to create database managed directory pfile:/home/alex/Repositories/hive/streaming/target/warehouse/testing5.db, failed to create database testing5)
	at org.apache.hadoop.hive.ql.metadata.Hive.createDatabase(Hive.java:611) ~[classes/:?]
	at org.apache.hadoop.hive.ql.ddl.database.create.CreateDatabaseOperation.execute(CreateDatabaseOperation.java:68) ~[classes/:?]
	at org.apache.hadoop.hive.ql.ddl.DDLTask.execute(DDLTask.java:84) ~[classes/:?]
	at org.apache.hadoop.hive.ql.exec.Task.executeTask(Task.java:212) ~[classes/:?]
	at org.apache.hadoop.hive.ql.exec.TaskRunner.runSequential(TaskRunner.java:105) ~[classes/:?]
	at org.apache.hadoop.hive.ql.Executor.launchTask(Executor.java:361) ~[classes/:?]
	at org.apache.hadoop.hive.ql.Executor.launchTasks(Executor.java:334) ~[classes/:?]
	at org.apache.hadoop.hive.ql.Executor.runTasks(Executor.java:245) ~[classes/:?]
	at org.apache.hadoop.hive.ql.Executor.execute(Executor.java:108) ~[classes/:?]
	at org.apache.hadoop.hive.ql.Driver.execute(Driver.java:348) ~[classes/:?]
	at org.apache.hadoop.hive.ql.Driver.runInternal(Driver.java:204) ~[classes/:?]
	at org.apache.hadoop.hive.ql.Driver.run(Driver.java:153) ~[classes/:?]
	at org.apache.hadoop.hive.ql.Driver.run(Driver.java:148) ~[classes/:?]
	at org.apache.hadoop.hive.ql.reexec.ReExecDriver.run(ReExecDriver.java:164) ~[classes/:?]
	at org.apache.hadoop.hive.ql.reexec.ReExecDriver.run(ReExecDriver.java:230) ~[classes/:?]
	at org.apache.hive.streaming.TestStreamingDynamicPartitioning.runDDL(TestStreamingDynamicPartitioning.java:829) ~[test-classes/:?]
	at org.apache.hive.streaming.TestStreamingDynamicPartitioning.createStoreSales(TestStreamingDynamicPartitioning.java:177) ~[test-classes/:?]
	at org.apache.hive.streaming.TestStreamingDynamicPartitioning.setup(TestStreamingDynamicPartitioning.java:160) ~[test-classes/:?]
	at sun.reflect.NativeMethodAccessorImpl.invoke0(Native Method) ~[?:1.8.0_402]
	at sun.reflect.NativeMethodAccessorImpl.invoke(NativeMethodAccessorImpl.java:62) ~[?:1.8.0_402]
	at sun.reflect.DelegatingMethodAccessorImpl.invoke(DelegatingMethodAccessorImpl.java:43) ~[?:1.8.0_402]
	at java.lang.reflect.Method.invoke(Method.java:498) ~[?:1.8.0_402]
	at org.junit.runners.model.FrameworkMethod$1.runReflectiveCall(FrameworkMethod.java:59) ~[junit-4.13.jar:4.13]
	at org.junit.internal.runners.model.ReflectiveCallable.run(ReflectiveCallable.java:12) ~[junit-4.13.jar:4.13]
	at org.junit.runners.model.FrameworkMethod.invokeExplosively(FrameworkMethod.java:56) ~[junit-4.13.jar:4.13]
	at org.junit.internal.runners.statements.RunBefores.invokeMethod(RunBefores.java:33) ~[junit-4.13.jar:4.13]
	at org.junit.internal.runners.statements.RunBefores.evaluate(RunBefores.java:24) ~[junit-4.13.jar:4.13]
	at org.junit.internal.runners.statements.RunAfters.evaluate(RunAfters.java:27) ~[junit-4.13.jar:4.13]
	at org.junit.rules.ExternalResource$1.evaluate(ExternalResource.java:54) ~[junit-4.13.jar:4.13]
	at org.junit.runners.ParentRunner$3.evaluate(ParentRunner.java:306) ~[junit-4.13.jar:4.13]
	at org.junit.runners.BlockJUnit4ClassRunner$1.evaluate(BlockJUnit4ClassRunner.java:100) ~[junit-4.13.jar:4.13]
	at org.junit.runners.ParentRunner.runLeaf(ParentRunner.java:366) ~[junit-4.13.jar:4.13]
	at org.junit.runners.BlockJUnit4ClassRunner.runChild(BlockJUnit4ClassRunner.java:103) ~[junit-4.13.jar:4.13]
	at org.junit.runners.BlockJUnit4ClassRunner.runChild(BlockJUnit4ClassRunner.java:63) ~[junit-4.13.jar:4.13]
	at org.junit.runners.ParentRunner$4.run(ParentRunner.java:331) ~[junit-4.13.jar:4.13]
	at org.junit.runners.ParentRunner$1.schedule(ParentRunner.java:79) ~[junit-4.13.jar:4.13]
	at org.junit.runners.ParentRunner.runChildren(ParentRunner.java:329) ~[junit-4.13.jar:4.13]
	at org.junit.runners.ParentRunner.access$100(ParentRunner.java:66) ~[junit-4.13.jar:4.13]
	at org.junit.runners.ParentRunner$2.evaluate(ParentRunner.java:293) ~[junit-4.13.jar:4.13]
	at org.junit.runners.ParentRunner$3.evaluate(ParentRunner.java:306) ~[junit-4.13.jar:4.13]
	at org.junit.runners.ParentRunner.run(ParentRunner.java:413) ~[junit-4.13.jar:4.13]
	at org.junit.runner.JUnitCore.run(JUnitCore.java:137) ~[junit-4.13.jar:4.13]
	at org.junit.runner.JUnitCore.run(JUnitCore.java:115) ~[junit-4.13.jar:4.13]
	at org.junit.vintage.engine.execution.RunnerExecutor.execute(RunnerExecutor.java:43) ~[junit-vintage-engine-5.6.2.jar:5.6.2]
	at java.util.stream.ForEachOps$ForEachOp$OfRef.accept(ForEachOps.java:183) ~[?:1.8.0_402]
	at java.util.stream.ReferencePipeline$3$1.accept(ReferencePipeline.java:193) ~[?:1.8.0_402]
	at java.util.Iterator.forEachRemaining(Iterator.java:116) ~[?:1.8.0_402]
	at java.util.Spliterators$IteratorSpliterator.forEachRemaining(Spliterators.java:1801) ~[?:1.8.0_402]
	at java.util.stream.AbstractPipeline.copyInto(AbstractPipeline.java:482) ~[?:1.8.0_402]
	at java.util.stream.AbstractPipeline.wrapAndCopyInto(AbstractPipeline.java:472) ~[?:1.8.0_402]
	at java.util.stream.ForEachOps$ForEachOp.evaluateSequential(ForEachOps.java:150) ~[?:1.8.0_402]
	at java.util.stream.ForEachOps$ForEachOp$OfRef.evaluateSequential(ForEachOps.java:173) ~[?:1.8.0_402]
	at java.util.stream.AbstractPipeline.evaluate(AbstractPipeline.java:234) ~[?:1.8.0_402]
	at java.util.stream.ReferencePipeline.forEach(ReferencePipeline.java:485) ~[?:1.8.0_402]
	at org.junit.vintage.engine.VintageTestEngine.executeAllChildren(VintageTestEngine.java:82) ~[junit-vintage-engine-5.6.2.jar:5.6.2]
	at org.junit.vintage.engine.VintageTestEngine.execute(VintageTestEngine.java:73) ~[junit-vintage-engine-5.6.2.jar:5.6.2]
	at org.junit.platform.launcher.core.DefaultLauncher.execute(DefaultLauncher.java:248) ~[junit-platform-launcher-1.6.2.jar:1.6.2]
	at org.junit.platform.launcher.core.DefaultLauncher.lambda$execute$5(DefaultLauncher.java:211) ~[junit-platform-launcher-1.6.2.jar:1.6.2]
	at org.junit.platform.launcher.core.DefaultLauncher.withInterceptedStreams(DefaultLauncher.java:226) [junit-platform-launcher-1.6.2.jar:1.6.2]
	at org.junit.platform.launcher.core.DefaultLauncher.execute(DefaultLauncher.java:199) [junit-platform-launcher-1.6.2.jar:1.6.2]
	at org.junit.platform.launcher.core.DefaultLauncher.execute(DefaultLauncher.java:132) [junit-platform-launcher-1.6.2.jar:1.6.2]
	at org.apache.maven.surefire.junitplatform.JUnitPlatformProvider.invokeAllTests(JUnitPlatformProvider.java:154) [surefire-junit-platform-3.0.0-M4.jar:3.0.0-M4]
	at org.apache.maven.surefire.junitplatform.JUnitPlatformProvider.invoke(JUnitPlatformProvider.java:123) [surefire-junit-platform-3.0.0-M4.jar:3.0.0-M4]
	at org.apache.maven.surefire.booter.ForkedBooter.runSuitesInProcess(ForkedBooter.java:377) [surefire-booter-3.0.0-M4.jar:3.0.0-M4]
	at org.apache.maven.surefire.booter.ForkedBooter.execute(ForkedBooter.java:138) [surefire-booter-3.0.0-M4.jar:3.0.0-M4]
	at org.apache.maven.surefire.booter.ForkedBooter.run(ForkedBooter.java:465) [surefire-booter-3.0.0-M4.jar:3.0.0-M4]
	at org.apache.maven.surefire.booter.ForkedBooter.main(ForkedBooter.java:451) [surefire-booter-3.0.0-M4.jar:3.0.0-M4]
Caused by: org.apache.hadoop.hive.metastore.api.MetaException: Unable to create database managed directory pfile:/home/alex/Repositories/hive/streaming/target/warehouse/testing5.db, failed to create database testing5
	at org.apache.hadoop.hive.metastore.HMSHandler.create_database_core(HMSHandler.java:1366) ~[classes/:?]
	at org.apache.hadoop.hive.metastore.HMSHandler.create_database(HMSHandler.java:1486) ~[classes/:?]
	at sun.reflect.NativeMethodAccessorImpl.invoke0(Native Method) ~[?:1.8.0_402]
	at sun.reflect.NativeMethodAccessorImpl.invoke(NativeMethodAccessorImpl.java:62) ~[?:1.8.0_402]
	at sun.reflect.DelegatingMethodAccessorImpl.invoke(DelegatingMethodAccessorImpl.java:43) ~[?:1.8.0_402]
	at java.lang.reflect.Method.invoke(Method.java:498) ~[?:1.8.0_402]
	at org.apache.hadoop.hive.metastore.RetryingHMSHandler.invokeInternal(RetryingHMSHandler.java:147) ~[classes/:?]
	at org.apache.hadoop.hive.metastore.RetryingHMSHandler.invoke(RetryingHMSHandler.java:108) ~[classes/:?]
	at com.sun.proxy.$Proxy38.create_database(Unknown Source) ~[?:?]
	at org.apache.hadoop.hive.metastore.HiveMetaStoreClient.createDatabase(HiveMetaStoreClient.java:1151) ~[classes/:?]
	at sun.reflect.NativeMethodAccessorImpl.invoke0(Native Method) ~[?:1.8.0_402]
	at sun.reflect.NativeMethodAccessorImpl.invoke(NativeMethodAccessorImpl.java:62) ~[?:1.8.0_402]
	at sun.reflect.DelegatingMethodAccessorImpl.invoke(DelegatingMethodAccessorImpl.java:43) ~[?:1.8.0_402]
	at java.lang.reflect.Method.invoke(Method.java:498) ~[?:1.8.0_402]
	at org.apache.hadoop.hive.metastore.RetryingMetaStoreClient.invoke(RetryingMetaStoreClient.java:218) ~[classes/:?]
	at com.sun.proxy.$Proxy47.createDatabase(Unknown Source) ~[?:?]
	at org.apache.hadoop.hive.ql.metadata.Hive.createDatabase(Hive.java:605) ~[classes/:?]
	... 66 more
2024-04-24T12:35:27,462  INFO [main] reexec.ReOptimizePlugin: ReOptimization: retryPossible: false
2024-04-24T12:35:27,462  INFO [main] reexec.ReExecuteLostAMQueryPlugin: Got exception message: MetaException(message:Unable to create database managed directory pfile:/home/alex/Repositories/hive/streaming/target/warehouse/testing5.db, failed to create database testing5) retryPossible: false
2024-04-24T12:35:27,463  INFO [main] reexec.ReExecutionDagSubmitPlugin: Got exception message: MetaException(message:Unable to create database managed directory pfile:/home/alex/Repositories/hive/streaming/target/warehouse/testing5.db, failed to create database testing5) retryPossible: false
FAILED: Execution Error, return code 40000 from org.apache.hadoop.hive.ql.ddl.DDLTask. MetaException(message:Unable to create database managed directory pfile:/home/alex/Repositories/hive/streaming/target/warehouse/testing5.db, failed to create database testing5)
2024-04-24T12:35:27,463 ERROR [main] ql.Driver: FAILED: Execution Error, return code 40000 from org.apache.hadoop.hive.ql.ddl.DDLTask. MetaException(message:Unable to create database managed directory pfile:/home/alex/Repositories/hive/streaming/target/warehouse/testing5.db, failed to create database testing5)
2024-04-24T12:35:27,463  INFO [main] metadata.Hive: Dumping metastore api call timing information for : execution phase
2024-04-24T12:35:27,463  INFO [main] metadata.Hive: Total time spent in each metastore function (ms): {isCompatibleWith_(Configuration)=0}
2024-04-24T12:35:27,463  INFO [main] ql.Driver: Completed executing command(queryId=alex_20240424123527_7db8ae41-1af2-41a3-a1d9-c2dc189b7c5e); Time taken: 0.01 seconds
2024-04-24T12:35:27,463  INFO [main] lockmgr.DbTxnManager: Stopped heartbeat for query: alex_20240424123527_7db8ae41-1af2-41a3-a1d9-c2dc189b7c5e
2024-04-24T12:35:27,466  INFO [main] txn.TxnHandler: Removed transactions: ([3]) from MIN_HISTORY_LEVEL
2024-04-24T12:35:27,469 ERROR [main] streaming.TestStreamingDynamicPartitioning: Statement: create database IF NOT EXISTS testing5 location 'raw:///home/alex/Repositories/hive/streaming/target/tmp/junit9009298686349044754/testing5.db' failed: (responseCode = 40000, errorMessage = FAILED: Execution Error, return code 40000 from org.apache.hadoop.hive.ql.ddl.DDLTask. MetaException(message:Unable to create database managed directory pfile:/home/alex/Repositories/hive/streaming/target/warehouse/testing5.db, failed to create database testing5), hiveErrorCode = 40000, SQLState = 08S01, exception = MetaException(message:Unable to create database managed directory pfile:/home/alex/Repositories/hive/streaming/target/warehouse/testing5.db, failed to create database testing5))
2024-04-24T12:35:27,470  INFO [main] HiveMetaStore.audit: ugi=alex	ip=unknown-ip-addr	cmd=Cleaning up thread local RawStore...	
2024-04-24T12:35:27,470  INFO [main] metastore.ObjectStore: RawStore: org.apache.hadoop.hive.metastore.ObjectStore@62f6185a, with PersistenceManager: org.datanucleus.api.jdo.JDOPersistenceManager@34b462e0 will be shutdown
2024-04-24T12:35:27,470  INFO [main] HiveMetaStore.audit: ugi=alex	ip=unknown-ip-addr	cmd=Done cleaning up thread local RawStore	
2024-04-24T12:35:27,470  INFO [main] metastore.HiveMetaStoreClient: Closed a connection to metastore, current connections: -29
]]></system-err>
  </testcase>
  <testcase name="testWriteAfterClose" classname="org.apache.hive.streaming.TestStreamingDynamicPartitioning" time="0.177">
    <failure type="java.lang.AssertionError"><![CDATA[java.lang.AssertionError
	at org.junit.Assert.fail(Assert.java:87)
	at org.junit.Assert.assertTrue(Assert.java:42)
	at org.junit.Assert.assertTrue(Assert.java:53)
	at org.apache.hive.streaming.TestStreamingDynamicPartitioning.createStoreSales(TestStreamingDynamicPartitioning.java:178)
	at org.apache.hive.streaming.TestStreamingDynamicPartitioning.setup(TestStreamingDynamicPartitioning.java:160)
	at sun.reflect.NativeMethodAccessorImpl.invoke0(Native Method)
	at sun.reflect.NativeMethodAccessorImpl.invoke(NativeMethodAccessorImpl.java:62)
	at sun.reflect.DelegatingMethodAccessorImpl.invoke(DelegatingMethodAccessorImpl.java:43)
	at java.lang.reflect.Method.invoke(Method.java:498)
	at org.junit.runners.model.FrameworkMethod$1.runReflectiveCall(FrameworkMethod.java:59)
	at org.junit.internal.runners.model.ReflectiveCallable.run(ReflectiveCallable.java:12)
	at org.junit.runners.model.FrameworkMethod.invokeExplosively(FrameworkMethod.java:56)
	at org.junit.internal.runners.statements.RunBefores.invokeMethod(RunBefores.java:33)
	at org.junit.internal.runners.statements.RunBefores.evaluate(RunBefores.java:24)
	at org.junit.internal.runners.statements.RunAfters.evaluate(RunAfters.java:27)
	at org.junit.rules.ExternalResource$1.evaluate(ExternalResource.java:54)
	at org.junit.runners.ParentRunner$3.evaluate(ParentRunner.java:306)
	at org.junit.runners.BlockJUnit4ClassRunner$1.evaluate(BlockJUnit4ClassRunner.java:100)
	at org.junit.runners.ParentRunner.runLeaf(ParentRunner.java:366)
	at org.junit.runners.BlockJUnit4ClassRunner.runChild(BlockJUnit4ClassRunner.java:103)
	at org.junit.runners.BlockJUnit4ClassRunner.runChild(BlockJUnit4ClassRunner.java:63)
	at org.junit.runners.ParentRunner$4.run(ParentRunner.java:331)
	at org.junit.runners.ParentRunner$1.schedule(ParentRunner.java:79)
	at org.junit.runners.ParentRunner.runChildren(ParentRunner.java:329)
	at org.junit.runners.ParentRunner.access$100(ParentRunner.java:66)
	at org.junit.runners.ParentRunner$2.evaluate(ParentRunner.java:293)
	at org.junit.runners.ParentRunner$3.evaluate(ParentRunner.java:306)
	at org.junit.runners.ParentRunner.run(ParentRunner.java:413)
	at org.junit.runner.JUnitCore.run(JUnitCore.java:137)
	at org.junit.runner.JUnitCore.run(JUnitCore.java:115)
	at org.junit.vintage.engine.execution.RunnerExecutor.execute(RunnerExecutor.java:43)
	at java.util.stream.ForEachOps$ForEachOp$OfRef.accept(ForEachOps.java:183)
	at java.util.stream.ReferencePipeline$3$1.accept(ReferencePipeline.java:193)
	at java.util.Iterator.forEachRemaining(Iterator.java:116)
	at java.util.Spliterators$IteratorSpliterator.forEachRemaining(Spliterators.java:1801)
	at java.util.stream.AbstractPipeline.copyInto(AbstractPipeline.java:482)
	at java.util.stream.AbstractPipeline.wrapAndCopyInto(AbstractPipeline.java:472)
	at java.util.stream.ForEachOps$ForEachOp.evaluateSequential(ForEachOps.java:150)
	at java.util.stream.ForEachOps$ForEachOp$OfRef.evaluateSequential(ForEachOps.java:173)
	at java.util.stream.AbstractPipeline.evaluate(AbstractPipeline.java:234)
	at java.util.stream.ReferencePipeline.forEach(ReferencePipeline.java:485)
	at org.junit.vintage.engine.VintageTestEngine.executeAllChildren(VintageTestEngine.java:82)
	at org.junit.vintage.engine.VintageTestEngine.execute(VintageTestEngine.java:73)
	at org.junit.platform.launcher.core.DefaultLauncher.execute(DefaultLauncher.java:248)
	at org.junit.platform.launcher.core.DefaultLauncher.lambda$execute$5(DefaultLauncher.java:211)
	at org.junit.platform.launcher.core.DefaultLauncher.withInterceptedStreams(DefaultLauncher.java:226)
	at org.junit.platform.launcher.core.DefaultLauncher.execute(DefaultLauncher.java:199)
	at org.junit.platform.launcher.core.DefaultLauncher.execute(DefaultLauncher.java:132)
	at org.apache.maven.surefire.junitplatform.JUnitPlatformProvider.invokeAllTests(JUnitPlatformProvider.java:154)
	at org.apache.maven.surefire.junitplatform.JUnitPlatformProvider.invoke(JUnitPlatformProvider.java:123)
	at org.apache.maven.surefire.booter.ForkedBooter.runSuitesInProcess(ForkedBooter.java:377)
	at org.apache.maven.surefire.booter.ForkedBooter.execute(ForkedBooter.java:138)
	at org.apache.maven.surefire.booter.ForkedBooter.run(ForkedBooter.java:465)
	at org.apache.maven.surefire.booter.ForkedBooter.main(ForkedBooter.java:451)
]]></failure>
    <system-out><![CDATA[create database IF NOT EXISTS testing location 'raw:///home/alex/Repositories/hive/streaming/target/tmp/junit7462186603354866091/testing.db'
use testing
create table alerts ( id int,msg string ) partitioned by (Continent string,Country string ) clustered by ( id ) into 1 buckets  stored as orc  location 'raw:///home/alex/Repositories/hive/streaming/target/tmp/junit7462186603354866091/testing.db/alerts' TBLPROPERTIES ('transactional'='true') 
create database IF NOT EXISTS testing5 location 'raw:///home/alex/Repositories/hive/streaming/target/tmp/junit4991369386543994984/testing5.db'
]]></system-out>
    <system-err><![CDATA[2024-04-24T12:35:27,506  WARN [main] conf.HiveConf: HiveConf of name hive.stats.key.prefix.reserve.length does not exist
2024-04-24T12:35:27,506  WARN [main] conf.HiveConf: HiveConf of name hive.llap.io.cache.orc.alloc.min does not exist
2024-04-24T12:35:27,507  WARN [main] conf.HiveConf: HiveConf of name hive.llap.io.cache.orc.size does not exist
2024-04-24T12:35:27,507  WARN [main] conf.HiveConf: HiveConf of name hive.metastore.metadb.dir does not exist
2024-04-24T12:35:27,507  WARN [main] conf.HiveConf: HiveConf of name hive.llap.io.cache.orc.alloc.max does not exist
2024-04-24T12:35:27,507  WARN [main] conf.HiveConf: HiveConf of name hive.dummyparam.test.server.specific.config.hivesite does not exist
2024-04-24T12:35:27,507  WARN [main] conf.HiveConf: HiveConf of name hive.llap.io.cache.orc.arena.size does not exist
2024-04-24T12:35:27,507  WARN [main] conf.HiveConf: HiveConf of name hive.dummyparam.test.server.specific.config.metastoresite does not exist
2024-04-24T12:35:27,507  WARN [main] conf.HiveConf: HiveConf of name hive.dummyparam.test.server.specific.config.override does not exist
2024-04-24T12:35:27,507  WARN [main] conf.HiveConf: HiveConf of name hive.metastore.client.cache.maxSize does not exist
2024-04-24T12:35:27,508  WARN [main] conf.HiveConf: HiveConf of name hive.metastore.client.cache.recordStats does not exist
2024-04-24T12:35:27,508  INFO [main] utils.TestTxnDbUtil: Cleaning transactional tables
2024-04-24T12:35:27,517  INFO [main] utils.TestTxnDbUtil: Creating transactional tables
2024-04-24T12:35:27,521  INFO [main] metastore.HiveMetaStoreClient: HMS client filtering is enabled.
2024-04-24T12:35:27,521  INFO [main] metastore.HMSHandler: 0: Opening raw store with implementation class:org.apache.hadoop.hive.metastore.ObjectStore
2024-04-24T12:35:27,521  INFO [main] metastore.PersistenceManagerProvider: Configuration datanucleus.autoStartMechanismMode is not set. Defaulting to 'ignored'
2024-04-24T12:35:27,522  INFO [main] metastore.ObjectStore: RawStore: org.apache.hadoop.hive.metastore.ObjectStore@c0521e5, with PersistenceManager: null will be shutdown
2024-04-24T12:35:27,522  INFO [main] metastore.ObjectStore: RawStore: org.apache.hadoop.hive.metastore.ObjectStore@c0521e5, with PersistenceManager: org.datanucleus.api.jdo.JDOPersistenceManager@2e20c20b created in the thread with id: 1
2024-04-24T12:35:27,524  INFO [main] metastore.HMSHandler: Created RawStore: org.apache.hadoop.hive.metastore.ObjectStore@c0521e5 from thread id: 1
2024-04-24T12:35:27,524  INFO [main] metastore.HMSHandler: HMS server filtering is disabled by configuration
Hive Session ID = 4d92c0b3-65dc-453e-b763-3ef35dc4fa3c
2024-04-24T12:35:27,524  INFO [main] SessionState: Hive Session ID = 4d92c0b3-65dc-453e-b763-3ef35dc4fa3c
ivysettings.xml file not found in HIVE_HOME or HIVE_CONF_DIR,/home/alex/Repositories/hive/conf/ivysettings.xml will be used
2024-04-24T12:35:27,525  INFO [main] DependencyResolver: ivysettings.xml file not found in HIVE_HOME or HIVE_CONF_DIR,/home/alex/Repositories/hive/conf/ivysettings.xml will be used
2024-04-24T12:35:27,530  INFO [main] session.SessionState: Created HDFS directory: /home/alex/Repositories/hive/streaming/target/tmp/scratchdir/alex/4d92c0b3-65dc-453e-b763-3ef35dc4fa3c
2024-04-24T12:35:27,533  INFO [main] session.SessionState: Created local directory: /home/alex/Repositories/hive/streaming/target/tmp/localscratchdir/4d92c0b3-65dc-453e-b763-3ef35dc4fa3c
2024-04-24T12:35:27,535  INFO [main] session.SessionState: Created HDFS directory: /home/alex/Repositories/hive/streaming/target/tmp/scratchdir/alex/4d92c0b3-65dc-453e-b763-3ef35dc4fa3c/_tmp_space.db
2024-04-24T12:35:27,537  INFO [main] HiveMetaStore.audit: ugi=alex	ip=unknown-ip-addr	cmd=get_table_names_by_filter: db = @hive#testing, filter = 	
2024-04-24T12:35:27,538  INFO [main] HiveMetaStore.audit: ugi=alex	ip=unknown-ip-addr	cmd=get_database: testing	
2024-04-24T12:35:27,539  INFO [main] ql.Driver: Compiling command(queryId=alex_20240424123527_10202f2e-1f23-45bc-a63b-75dca87e6c5a): create database IF NOT EXISTS testing location 'raw:///home/alex/Repositories/hive/streaming/target/tmp/junit7462186603354866091/testing.db'
2024-04-24T12:35:27,547  INFO [main] txn.TxnHandler: Added entries to MIN_HISTORY_LEVEL for current txns: ([1]) with min_open_txn: 1
2024-04-24T12:35:27,547  INFO [main] lockmgr.DbTxnManager: Opened txnid:1
2024-04-24T12:35:27,550  INFO [main] ql.Driver: Semantic Analysis Completed (retrial = false)
2024-04-24T12:35:27,550  INFO [main] ql.Driver: Created Hive schema: Schema(fieldSchemas:null, properties:null)
2024-04-24T12:35:27,550  INFO [main] metadata.Hive: Dumping metastore api call timing information for : compilation phase
2024-04-24T12:35:27,550  INFO [main] metadata.Hive: Total time spent in each metastore function (ms): {flushCache_()=0, getValidTxns_(long)=3, rollbackTxn_(long)=6, isCompatibleWith_(Configuration)=0, openTxn_(String, TxnType)=7}
2024-04-24T12:35:27,550  INFO [main] ql.Driver: Completed compiling command(queryId=alex_20240424123527_10202f2e-1f23-45bc-a63b-75dca87e6c5a); Time taken: 0.011 seconds
2024-04-24T12:35:27,551  INFO [main] reexec.ReExecDriver: Execution #1 of query
2024-04-24T12:35:27,551  INFO [main] lockmgr.DbTxnManager: Setting lock request transaction to txnid:1 for queryId=alex_20240424123527_10202f2e-1f23-45bc-a63b-75dca87e6c5a
2024-04-24T12:35:27,551  INFO [main] ql.Driver: Operation CREATEDATABASE obtained 0 locks
2024-04-24T12:35:27,551  INFO [main] ql.Driver: Executing command(queryId=alex_20240424123527_10202f2e-1f23-45bc-a63b-75dca87e6c5a): create database IF NOT EXISTS testing location 'raw:///home/alex/Repositories/hive/streaming/target/tmp/junit7462186603354866091/testing.db'
PREHOOK: query: create database IF NOT EXISTS testing location 'raw:///home/alex/Repositories/hive/streaming/target/tmp/junit7462186603354866091/testing.db'
2024-04-24T12:35:27,551  INFO [main] SessionState: PREHOOK: query: create database IF NOT EXISTS testing location 'raw:///home/alex/Repositories/hive/streaming/target/tmp/junit7462186603354866091/testing.db'
PREHOOK: type: CREATEDATABASE
2024-04-24T12:35:27,551  INFO [main] SessionState: PREHOOK: type: CREATEDATABASE
PREHOOK: Output: database:testing
2024-04-24T12:35:27,551  INFO [main] SessionState: PREHOOK: Output: database:testing
PREHOOK: Output: raw:/home/alex/Repositories/hive/streaming/target/tmp/junit7462186603354866091/testing.db
2024-04-24T12:35:27,551  INFO [main] SessionState: PREHOOK: Output: raw:/home/alex/Repositories/hive/streaming/target/tmp/junit7462186603354866091/testing.db
2024-04-24T12:35:27,551  INFO [main] ql.Driver: Starting task [Stage-0:DDL] in serial mode
2024-04-24T12:35:27,552  INFO [main] sqlstd.SQLStdHiveAccessController: Created SQLStdHiveAccessController for session context : HiveAuthzSessionContext [sessionString=4d92c0b3-65dc-453e-b763-3ef35dc4fa3c, clientType=HIVECLI]
2024-04-24T12:35:27,552  INFO [main] metastore.HiveMetaStoreClient: Mestastore configuration metastore.filter.hook changed from org.apache.hadoop.hive.metastore.DefaultMetaStoreFilterHookImpl to org.apache.hadoop.hive.ql.security.authorization.plugin.AuthorizationMetaStoreFilterHook
2024-04-24T12:35:27,552  INFO [main] HiveMetaStore.audit: ugi=alex	ip=unknown-ip-addr	cmd=Cleaning up thread local RawStore...	
2024-04-24T12:35:27,552  INFO [main] metastore.ObjectStore: RawStore: org.apache.hadoop.hive.metastore.ObjectStore@c0521e5, with PersistenceManager: org.datanucleus.api.jdo.JDOPersistenceManager@2e20c20b will be shutdown
2024-04-24T12:35:27,552  INFO [main] HiveMetaStore.audit: ugi=alex	ip=unknown-ip-addr	cmd=Done cleaning up thread local RawStore	
2024-04-24T12:35:27,552  INFO [main] metastore.HiveMetaStoreClient: Closed a connection to metastore, current connections: -30
2024-04-24T12:35:27,553  INFO [main] metastore.HiveMetaStoreClient: HMS client filtering is enabled.
2024-04-24T12:35:27,554  INFO [main] metastore.HMSHandler: 0: Opening raw store with implementation class:org.apache.hadoop.hive.metastore.ObjectStore
2024-04-24T12:35:27,554  INFO [main] metastore.PersistenceManagerProvider: Configuration datanucleus.autoStartMechanismMode is not set. Defaulting to 'ignored'
2024-04-24T12:35:27,554  INFO [main] metastore.ObjectStore: RawStore: org.apache.hadoop.hive.metastore.ObjectStore@2dbcee03, with PersistenceManager: null will be shutdown
2024-04-24T12:35:27,555  INFO [main] metastore.ObjectStore: RawStore: org.apache.hadoop.hive.metastore.ObjectStore@2dbcee03, with PersistenceManager: org.datanucleus.api.jdo.JDOPersistenceManager@6c8672b9 created in the thread with id: 1
2024-04-24T12:35:27,557  INFO [main] metastore.HMSHandler: Created RawStore: org.apache.hadoop.hive.metastore.ObjectStore@2dbcee03 from thread id: 1
2024-04-24T12:35:27,557  INFO [main] metastore.HMSHandler: HMS server filtering is disabled by configuration
2024-04-24T12:35:27,557  INFO [main] metastore.RetryingMetaStoreClient: RetryingMetaStoreClient proxy=class org.apache.hadoop.hive.ql.metadata.SessionHiveMetaStoreClient ugi=alex (auth:SIMPLE) retries=1 delay=1 lifetime=0
2024-04-24T12:35:27,558  INFO [main] metastore.HiveMetaStoreClient: HMS client filtering is enabled.
2024-04-24T12:35:27,558  INFO [main] metastore.PersistenceManagerProvider: Configuration datanucleus.autoStartMechanismMode is not set. Defaulting to 'ignored'
2024-04-24T12:35:27,559  INFO [main] metastore.ObjectStore: RawStore: org.apache.hadoop.hive.metastore.ObjectStore@2dbcee03, with PersistenceManager: org.datanucleus.api.jdo.JDOPersistenceManager@6c8672b9 will be shutdown
2024-04-24T12:35:27,559  INFO [main] metastore.ObjectStore: RawStore: org.apache.hadoop.hive.metastore.ObjectStore@2dbcee03, with PersistenceManager: org.datanucleus.api.jdo.JDOPersistenceManager@6d0a4a22 created in the thread with id: 1
2024-04-24T12:35:27,561  INFO [main] metastore.HMSHandler: HMS server filtering is disabled by configuration
2024-04-24T12:35:27,561  INFO [main] metastore.RetryingMetaStoreClient: RetryingMetaStoreClient proxy=class org.apache.hadoop.hive.ql.metadata.SessionHiveMetaStoreClient ugi=alex (auth:SIMPLE) retries=1 delay=1 lifetime=0
2024-04-24T12:35:27,561  INFO [main] HiveMetaStore.audit: ugi=alex	ip=unknown-ip-addr	cmd=create_database: Database(name:testing, description:null, locationUri:raw:/home/alex/Repositories/hive/streaming/target/tmp/junit7462186603354866091/testing.db, parameters:null, ownerName:alex, ownerType:USER, catalogName:hive, managedLocationUri:pfile:/home/alex/Repositories/hive/streaming/target/warehouse/testing.db, type:NATIVE)	
2024-04-24T12:35:27,566 ERROR [main] metastore.RetryingHMSHandler: MetaException(message:Unable to create database managed directory pfile:/home/alex/Repositories/hive/streaming/target/warehouse/testing.db, failed to create database testing)
	at org.apache.hadoop.hive.metastore.HMSHandler.create_database_core(HMSHandler.java:1366)
	at org.apache.hadoop.hive.metastore.HMSHandler.create_database(HMSHandler.java:1486)
	at sun.reflect.GeneratedMethodAccessor93.invoke(Unknown Source)
	at sun.reflect.DelegatingMethodAccessorImpl.invoke(DelegatingMethodAccessorImpl.java:43)
	at java.lang.reflect.Method.invoke(Method.java:498)
	at org.apache.hadoop.hive.metastore.RetryingHMSHandler.invokeInternal(RetryingHMSHandler.java:147)
	at org.apache.hadoop.hive.metastore.RetryingHMSHandler.invoke(RetryingHMSHandler.java:108)
	at com.sun.proxy.$Proxy38.create_database(Unknown Source)
	at org.apache.hadoop.hive.metastore.HiveMetaStoreClient.createDatabase(HiveMetaStoreClient.java:1151)
	at sun.reflect.GeneratedMethodAccessor92.invoke(Unknown Source)
	at sun.reflect.DelegatingMethodAccessorImpl.invoke(DelegatingMethodAccessorImpl.java:43)
	at java.lang.reflect.Method.invoke(Method.java:498)
	at org.apache.hadoop.hive.metastore.RetryingMetaStoreClient.invoke(RetryingMetaStoreClient.java:218)
	at com.sun.proxy.$Proxy47.createDatabase(Unknown Source)
	at org.apache.hadoop.hive.ql.metadata.Hive.createDatabase(Hive.java:605)
	at org.apache.hadoop.hive.ql.ddl.database.create.CreateDatabaseOperation.execute(CreateDatabaseOperation.java:68)
	at org.apache.hadoop.hive.ql.ddl.DDLTask.execute(DDLTask.java:84)
	at org.apache.hadoop.hive.ql.exec.Task.executeTask(Task.java:212)
	at org.apache.hadoop.hive.ql.exec.TaskRunner.runSequential(TaskRunner.java:105)
	at org.apache.hadoop.hive.ql.Executor.launchTask(Executor.java:361)
	at org.apache.hadoop.hive.ql.Executor.launchTasks(Executor.java:334)
	at org.apache.hadoop.hive.ql.Executor.runTasks(Executor.java:245)
	at org.apache.hadoop.hive.ql.Executor.execute(Executor.java:108)
	at org.apache.hadoop.hive.ql.Driver.execute(Driver.java:348)
	at org.apache.hadoop.hive.ql.Driver.runInternal(Driver.java:204)
	at org.apache.hadoop.hive.ql.Driver.run(Driver.java:153)
	at org.apache.hadoop.hive.ql.Driver.run(Driver.java:148)
	at org.apache.hadoop.hive.ql.reexec.ReExecDriver.run(ReExecDriver.java:164)
	at org.apache.hadoop.hive.ql.reexec.ReExecDriver.run(ReExecDriver.java:230)
	at org.apache.hive.streaming.TestStreamingDynamicPartitioning.runDDL(TestStreamingDynamicPartitioning.java:829)
	at org.apache.hive.streaming.TestStreamingDynamicPartitioning.createDbAndTable(TestStreamingDynamicPartitioning.java:875)
	at org.apache.hive.streaming.TestStreamingDynamicPartitioning.setup(TestStreamingDynamicPartitioning.java:155)
	at sun.reflect.NativeMethodAccessorImpl.invoke0(Native Method)
	at sun.reflect.NativeMethodAccessorImpl.invoke(NativeMethodAccessorImpl.java:62)
	at sun.reflect.DelegatingMethodAccessorImpl.invoke(DelegatingMethodAccessorImpl.java:43)
	at java.lang.reflect.Method.invoke(Method.java:498)
	at org.junit.runners.model.FrameworkMethod$1.runReflectiveCall(FrameworkMethod.java:59)
	at org.junit.internal.runners.model.ReflectiveCallable.run(ReflectiveCallable.java:12)
	at org.junit.runners.model.FrameworkMethod.invokeExplosively(FrameworkMethod.java:56)
	at org.junit.internal.runners.statements.RunBefores.invokeMethod(RunBefores.java:33)
	at org.junit.internal.runners.statements.RunBefores.evaluate(RunBefores.java:24)
	at org.junit.internal.runners.statements.RunAfters.evaluate(RunAfters.java:27)
	at org.junit.rules.ExternalResource$1.evaluate(ExternalResource.java:54)
	at org.junit.runners.ParentRunner$3.evaluate(ParentRunner.java:306)
	at org.junit.runners.BlockJUnit4ClassRunner$1.evaluate(BlockJUnit4ClassRunner.java:100)
	at org.junit.runners.ParentRunner.runLeaf(ParentRunner.java:366)
	at org.junit.runners.BlockJUnit4ClassRunner.runChild(BlockJUnit4ClassRunner.java:103)
	at org.junit.runners.BlockJUnit4ClassRunner.runChild(BlockJUnit4ClassRunner.java:63)
	at org.junit.runners.ParentRunner$4.run(ParentRunner.java:331)
	at org.junit.runners.ParentRunner$1.schedule(ParentRunner.java:79)
	at org.junit.runners.ParentRunner.runChildren(ParentRunner.java:329)
	at org.junit.runners.ParentRunner.access$100(ParentRunner.java:66)
	at org.junit.runners.ParentRunner$2.evaluate(ParentRunner.java:293)
	at org.junit.runners.ParentRunner$3.evaluate(ParentRunner.java:306)
	at org.junit.runners.ParentRunner.run(ParentRunner.java:413)
	at org.junit.runner.JUnitCore.run(JUnitCore.java:137)
	at org.junit.runner.JUnitCore.run(JUnitCore.java:115)
	at org.junit.vintage.engine.execution.RunnerExecutor.execute(RunnerExecutor.java:43)
	at java.util.stream.ForEachOps$ForEachOp$OfRef.accept(ForEachOps.java:183)
	at java.util.stream.ReferencePipeline$3$1.accept(ReferencePipeline.java:193)
	at java.util.Iterator.forEachRemaining(Iterator.java:116)
	at java.util.Spliterators$IteratorSpliterator.forEachRemaining(Spliterators.java:1801)
	at java.util.stream.AbstractPipeline.copyInto(AbstractPipeline.java:482)
	at java.util.stream.AbstractPipeline.wrapAndCopyInto(AbstractPipeline.java:472)
	at java.util.stream.ForEachOps$ForEachOp.evaluateSequential(ForEachOps.java:150)
	at java.util.stream.ForEachOps$ForEachOp$OfRef.evaluateSequential(ForEachOps.java:173)
	at java.util.stream.AbstractPipeline.evaluate(AbstractPipeline.java:234)
	at java.util.stream.ReferencePipeline.forEach(ReferencePipeline.java:485)
	at org.junit.vintage.engine.VintageTestEngine.executeAllChildren(VintageTestEngine.java:82)
	at org.junit.vintage.engine.VintageTestEngine.execute(VintageTestEngine.java:73)
	at org.junit.platform.launcher.core.DefaultLauncher.execute(DefaultLauncher.java:248)
	at org.junit.platform.launcher.core.DefaultLauncher.lambda$execute$5(DefaultLauncher.java:211)
	at org.junit.platform.launcher.core.DefaultLauncher.withInterceptedStreams(DefaultLauncher.java:226)
	at org.junit.platform.launcher.core.DefaultLauncher.execute(DefaultLauncher.java:199)
	at org.junit.platform.launcher.core.DefaultLauncher.execute(DefaultLauncher.java:132)
	at org.apache.maven.surefire.junitplatform.JUnitPlatformProvider.invokeAllTests(JUnitPlatformProvider.java:154)
	at org.apache.maven.surefire.junitplatform.JUnitPlatformProvider.invoke(JUnitPlatformProvider.java:123)
	at org.apache.maven.surefire.booter.ForkedBooter.runSuitesInProcess(ForkedBooter.java:377)
	at org.apache.maven.surefire.booter.ForkedBooter.execute(ForkedBooter.java:138)
	at org.apache.maven.surefire.booter.ForkedBooter.run(ForkedBooter.java:465)
	at org.apache.maven.surefire.booter.ForkedBooter.main(ForkedBooter.java:451)

2024-04-24T12:35:27,566 ERROR [main] exec.Task: Failed
org.apache.hadoop.hive.ql.metadata.HiveException: MetaException(message:Unable to create database managed directory pfile:/home/alex/Repositories/hive/streaming/target/warehouse/testing.db, failed to create database testing)
	at org.apache.hadoop.hive.ql.metadata.Hive.createDatabase(Hive.java:611) ~[classes/:?]
	at org.apache.hadoop.hive.ql.ddl.database.create.CreateDatabaseOperation.execute(CreateDatabaseOperation.java:68) ~[classes/:?]
	at org.apache.hadoop.hive.ql.ddl.DDLTask.execute(DDLTask.java:84) ~[classes/:?]
	at org.apache.hadoop.hive.ql.exec.Task.executeTask(Task.java:212) ~[classes/:?]
	at org.apache.hadoop.hive.ql.exec.TaskRunner.runSequential(TaskRunner.java:105) ~[classes/:?]
	at org.apache.hadoop.hive.ql.Executor.launchTask(Executor.java:361) ~[classes/:?]
	at org.apache.hadoop.hive.ql.Executor.launchTasks(Executor.java:334) ~[classes/:?]
	at org.apache.hadoop.hive.ql.Executor.runTasks(Executor.java:245) ~[classes/:?]
	at org.apache.hadoop.hive.ql.Executor.execute(Executor.java:108) ~[classes/:?]
	at org.apache.hadoop.hive.ql.Driver.execute(Driver.java:348) ~[classes/:?]
	at org.apache.hadoop.hive.ql.Driver.runInternal(Driver.java:204) ~[classes/:?]
	at org.apache.hadoop.hive.ql.Driver.run(Driver.java:153) ~[classes/:?]
	at org.apache.hadoop.hive.ql.Driver.run(Driver.java:148) ~[classes/:?]
	at org.apache.hadoop.hive.ql.reexec.ReExecDriver.run(ReExecDriver.java:164) ~[classes/:?]
	at org.apache.hadoop.hive.ql.reexec.ReExecDriver.run(ReExecDriver.java:230) ~[classes/:?]
	at org.apache.hive.streaming.TestStreamingDynamicPartitioning.runDDL(TestStreamingDynamicPartitioning.java:829) ~[test-classes/:?]
	at org.apache.hive.streaming.TestStreamingDynamicPartitioning.createDbAndTable(TestStreamingDynamicPartitioning.java:875) ~[test-classes/:?]
	at org.apache.hive.streaming.TestStreamingDynamicPartitioning.setup(TestStreamingDynamicPartitioning.java:155) ~[test-classes/:?]
	at sun.reflect.NativeMethodAccessorImpl.invoke0(Native Method) ~[?:1.8.0_402]
	at sun.reflect.NativeMethodAccessorImpl.invoke(NativeMethodAccessorImpl.java:62) ~[?:1.8.0_402]
	at sun.reflect.DelegatingMethodAccessorImpl.invoke(DelegatingMethodAccessorImpl.java:43) ~[?:1.8.0_402]
	at java.lang.reflect.Method.invoke(Method.java:498) ~[?:1.8.0_402]
	at org.junit.runners.model.FrameworkMethod$1.runReflectiveCall(FrameworkMethod.java:59) ~[junit-4.13.jar:4.13]
	at org.junit.internal.runners.model.ReflectiveCallable.run(ReflectiveCallable.java:12) ~[junit-4.13.jar:4.13]
	at org.junit.runners.model.FrameworkMethod.invokeExplosively(FrameworkMethod.java:56) ~[junit-4.13.jar:4.13]
	at org.junit.internal.runners.statements.RunBefores.invokeMethod(RunBefores.java:33) ~[junit-4.13.jar:4.13]
	at org.junit.internal.runners.statements.RunBefores.evaluate(RunBefores.java:24) ~[junit-4.13.jar:4.13]
	at org.junit.internal.runners.statements.RunAfters.evaluate(RunAfters.java:27) ~[junit-4.13.jar:4.13]
	at org.junit.rules.ExternalResource$1.evaluate(ExternalResource.java:54) ~[junit-4.13.jar:4.13]
	at org.junit.runners.ParentRunner$3.evaluate(ParentRunner.java:306) ~[junit-4.13.jar:4.13]
	at org.junit.runners.BlockJUnit4ClassRunner$1.evaluate(BlockJUnit4ClassRunner.java:100) ~[junit-4.13.jar:4.13]
	at org.junit.runners.ParentRunner.runLeaf(ParentRunner.java:366) ~[junit-4.13.jar:4.13]
	at org.junit.runners.BlockJUnit4ClassRunner.runChild(BlockJUnit4ClassRunner.java:103) ~[junit-4.13.jar:4.13]
	at org.junit.runners.BlockJUnit4ClassRunner.runChild(BlockJUnit4ClassRunner.java:63) ~[junit-4.13.jar:4.13]
	at org.junit.runners.ParentRunner$4.run(ParentRunner.java:331) ~[junit-4.13.jar:4.13]
	at org.junit.runners.ParentRunner$1.schedule(ParentRunner.java:79) ~[junit-4.13.jar:4.13]
	at org.junit.runners.ParentRunner.runChildren(ParentRunner.java:329) ~[junit-4.13.jar:4.13]
	at org.junit.runners.ParentRunner.access$100(ParentRunner.java:66) ~[junit-4.13.jar:4.13]
	at org.junit.runners.ParentRunner$2.evaluate(ParentRunner.java:293) ~[junit-4.13.jar:4.13]
	at org.junit.runners.ParentRunner$3.evaluate(ParentRunner.java:306) ~[junit-4.13.jar:4.13]
	at org.junit.runners.ParentRunner.run(ParentRunner.java:413) ~[junit-4.13.jar:4.13]
	at org.junit.runner.JUnitCore.run(JUnitCore.java:137) ~[junit-4.13.jar:4.13]
	at org.junit.runner.JUnitCore.run(JUnitCore.java:115) ~[junit-4.13.jar:4.13]
	at org.junit.vintage.engine.execution.RunnerExecutor.execute(RunnerExecutor.java:43) ~[junit-vintage-engine-5.6.2.jar:5.6.2]
	at java.util.stream.ForEachOps$ForEachOp$OfRef.accept(ForEachOps.java:183) ~[?:1.8.0_402]
	at java.util.stream.ReferencePipeline$3$1.accept(ReferencePipeline.java:193) ~[?:1.8.0_402]
	at java.util.Iterator.forEachRemaining(Iterator.java:116) ~[?:1.8.0_402]
	at java.util.Spliterators$IteratorSpliterator.forEachRemaining(Spliterators.java:1801) ~[?:1.8.0_402]
	at java.util.stream.AbstractPipeline.copyInto(AbstractPipeline.java:482) ~[?:1.8.0_402]
	at java.util.stream.AbstractPipeline.wrapAndCopyInto(AbstractPipeline.java:472) ~[?:1.8.0_402]
	at java.util.stream.ForEachOps$ForEachOp.evaluateSequential(ForEachOps.java:150) ~[?:1.8.0_402]
	at java.util.stream.ForEachOps$ForEachOp$OfRef.evaluateSequential(ForEachOps.java:173) ~[?:1.8.0_402]
	at java.util.stream.AbstractPipeline.evaluate(AbstractPipeline.java:234) ~[?:1.8.0_402]
	at java.util.stream.ReferencePipeline.forEach(ReferencePipeline.java:485) ~[?:1.8.0_402]
	at org.junit.vintage.engine.VintageTestEngine.executeAllChildren(VintageTestEngine.java:82) ~[junit-vintage-engine-5.6.2.jar:5.6.2]
	at org.junit.vintage.engine.VintageTestEngine.execute(VintageTestEngine.java:73) ~[junit-vintage-engine-5.6.2.jar:5.6.2]
	at org.junit.platform.launcher.core.DefaultLauncher.execute(DefaultLauncher.java:248) ~[junit-platform-launcher-1.6.2.jar:1.6.2]
	at org.junit.platform.launcher.core.DefaultLauncher.lambda$execute$5(DefaultLauncher.java:211) ~[junit-platform-launcher-1.6.2.jar:1.6.2]
	at org.junit.platform.launcher.core.DefaultLauncher.withInterceptedStreams(DefaultLauncher.java:226) [junit-platform-launcher-1.6.2.jar:1.6.2]
	at org.junit.platform.launcher.core.DefaultLauncher.execute(DefaultLauncher.java:199) [junit-platform-launcher-1.6.2.jar:1.6.2]
	at org.junit.platform.launcher.core.DefaultLauncher.execute(DefaultLauncher.java:132) [junit-platform-launcher-1.6.2.jar:1.6.2]
	at org.apache.maven.surefire.junitplatform.JUnitPlatformProvider.invokeAllTests(JUnitPlatformProvider.java:154) [surefire-junit-platform-3.0.0-M4.jar:3.0.0-M4]
	at org.apache.maven.surefire.junitplatform.JUnitPlatformProvider.invoke(JUnitPlatformProvider.java:123) [surefire-junit-platform-3.0.0-M4.jar:3.0.0-M4]
	at org.apache.maven.surefire.booter.ForkedBooter.runSuitesInProcess(ForkedBooter.java:377) [surefire-booter-3.0.0-M4.jar:3.0.0-M4]
	at org.apache.maven.surefire.booter.ForkedBooter.execute(ForkedBooter.java:138) [surefire-booter-3.0.0-M4.jar:3.0.0-M4]
	at org.apache.maven.surefire.booter.ForkedBooter.run(ForkedBooter.java:465) [surefire-booter-3.0.0-M4.jar:3.0.0-M4]
	at org.apache.maven.surefire.booter.ForkedBooter.main(ForkedBooter.java:451) [surefire-booter-3.0.0-M4.jar:3.0.0-M4]
Caused by: org.apache.hadoop.hive.metastore.api.MetaException: Unable to create database managed directory pfile:/home/alex/Repositories/hive/streaming/target/warehouse/testing.db, failed to create database testing
	at org.apache.hadoop.hive.metastore.HMSHandler.create_database_core(HMSHandler.java:1366) ~[classes/:?]
	at org.apache.hadoop.hive.metastore.HMSHandler.create_database(HMSHandler.java:1486) ~[classes/:?]
	at sun.reflect.GeneratedMethodAccessor93.invoke(Unknown Source) ~[?:?]
	at sun.reflect.DelegatingMethodAccessorImpl.invoke(DelegatingMethodAccessorImpl.java:43) ~[?:1.8.0_402]
	at java.lang.reflect.Method.invoke(Method.java:498) ~[?:1.8.0_402]
	at org.apache.hadoop.hive.metastore.RetryingHMSHandler.invokeInternal(RetryingHMSHandler.java:147) ~[classes/:?]
	at org.apache.hadoop.hive.metastore.RetryingHMSHandler.invoke(RetryingHMSHandler.java:108) ~[classes/:?]
	at com.sun.proxy.$Proxy38.create_database(Unknown Source) ~[?:?]
	at org.apache.hadoop.hive.metastore.HiveMetaStoreClient.createDatabase(HiveMetaStoreClient.java:1151) ~[classes/:?]
	at sun.reflect.GeneratedMethodAccessor92.invoke(Unknown Source) ~[?:?]
	at sun.reflect.DelegatingMethodAccessorImpl.invoke(DelegatingMethodAccessorImpl.java:43) ~[?:1.8.0_402]
	at java.lang.reflect.Method.invoke(Method.java:498) ~[?:1.8.0_402]
	at org.apache.hadoop.hive.metastore.RetryingMetaStoreClient.invoke(RetryingMetaStoreClient.java:218) ~[classes/:?]
	at com.sun.proxy.$Proxy47.createDatabase(Unknown Source) ~[?:?]
	at org.apache.hadoop.hive.ql.metadata.Hive.createDatabase(Hive.java:605) ~[classes/:?]
	... 66 more
2024-04-24T12:35:27,569 ERROR [main] exec.Task: DDLTask failed, DDL Operation: class org.apache.hadoop.hive.ql.ddl.database.create.CreateDatabaseOperation
org.apache.hadoop.hive.ql.metadata.HiveException: MetaException(message:Unable to create database managed directory pfile:/home/alex/Repositories/hive/streaming/target/warehouse/testing.db, failed to create database testing)
	at org.apache.hadoop.hive.ql.metadata.Hive.createDatabase(Hive.java:611) ~[classes/:?]
	at org.apache.hadoop.hive.ql.ddl.database.create.CreateDatabaseOperation.execute(CreateDatabaseOperation.java:68) ~[classes/:?]
	at org.apache.hadoop.hive.ql.ddl.DDLTask.execute(DDLTask.java:84) ~[classes/:?]
	at org.apache.hadoop.hive.ql.exec.Task.executeTask(Task.java:212) ~[classes/:?]
	at org.apache.hadoop.hive.ql.exec.TaskRunner.runSequential(TaskRunner.java:105) ~[classes/:?]
	at org.apache.hadoop.hive.ql.Executor.launchTask(Executor.java:361) ~[classes/:?]
	at org.apache.hadoop.hive.ql.Executor.launchTasks(Executor.java:334) ~[classes/:?]
	at org.apache.hadoop.hive.ql.Executor.runTasks(Executor.java:245) ~[classes/:?]
	at org.apache.hadoop.hive.ql.Executor.execute(Executor.java:108) ~[classes/:?]
	at org.apache.hadoop.hive.ql.Driver.execute(Driver.java:348) ~[classes/:?]
	at org.apache.hadoop.hive.ql.Driver.runInternal(Driver.java:204) ~[classes/:?]
	at org.apache.hadoop.hive.ql.Driver.run(Driver.java:153) ~[classes/:?]
	at org.apache.hadoop.hive.ql.Driver.run(Driver.java:148) ~[classes/:?]
	at org.apache.hadoop.hive.ql.reexec.ReExecDriver.run(ReExecDriver.java:164) ~[classes/:?]
	at org.apache.hadoop.hive.ql.reexec.ReExecDriver.run(ReExecDriver.java:230) ~[classes/:?]
	at org.apache.hive.streaming.TestStreamingDynamicPartitioning.runDDL(TestStreamingDynamicPartitioning.java:829) ~[test-classes/:?]
	at org.apache.hive.streaming.TestStreamingDynamicPartitioning.createDbAndTable(TestStreamingDynamicPartitioning.java:875) ~[test-classes/:?]
	at org.apache.hive.streaming.TestStreamingDynamicPartitioning.setup(TestStreamingDynamicPartitioning.java:155) ~[test-classes/:?]
	at sun.reflect.NativeMethodAccessorImpl.invoke0(Native Method) ~[?:1.8.0_402]
	at sun.reflect.NativeMethodAccessorImpl.invoke(NativeMethodAccessorImpl.java:62) ~[?:1.8.0_402]
	at sun.reflect.DelegatingMethodAccessorImpl.invoke(DelegatingMethodAccessorImpl.java:43) ~[?:1.8.0_402]
	at java.lang.reflect.Method.invoke(Method.java:498) ~[?:1.8.0_402]
	at org.junit.runners.model.FrameworkMethod$1.runReflectiveCall(FrameworkMethod.java:59) ~[junit-4.13.jar:4.13]
	at org.junit.internal.runners.model.ReflectiveCallable.run(ReflectiveCallable.java:12) ~[junit-4.13.jar:4.13]
	at org.junit.runners.model.FrameworkMethod.invokeExplosively(FrameworkMethod.java:56) ~[junit-4.13.jar:4.13]
	at org.junit.internal.runners.statements.RunBefores.invokeMethod(RunBefores.java:33) ~[junit-4.13.jar:4.13]
	at org.junit.internal.runners.statements.RunBefores.evaluate(RunBefores.java:24) ~[junit-4.13.jar:4.13]
	at org.junit.internal.runners.statements.RunAfters.evaluate(RunAfters.java:27) ~[junit-4.13.jar:4.13]
	at org.junit.rules.ExternalResource$1.evaluate(ExternalResource.java:54) ~[junit-4.13.jar:4.13]
	at org.junit.runners.ParentRunner$3.evaluate(ParentRunner.java:306) ~[junit-4.13.jar:4.13]
	at org.junit.runners.BlockJUnit4ClassRunner$1.evaluate(BlockJUnit4ClassRunner.java:100) ~[junit-4.13.jar:4.13]
	at org.junit.runners.ParentRunner.runLeaf(ParentRunner.java:366) ~[junit-4.13.jar:4.13]
	at org.junit.runners.BlockJUnit4ClassRunner.runChild(BlockJUnit4ClassRunner.java:103) ~[junit-4.13.jar:4.13]
	at org.junit.runners.BlockJUnit4ClassRunner.runChild(BlockJUnit4ClassRunner.java:63) ~[junit-4.13.jar:4.13]
	at org.junit.runners.ParentRunner$4.run(ParentRunner.java:331) ~[junit-4.13.jar:4.13]
	at org.junit.runners.ParentRunner$1.schedule(ParentRunner.java:79) ~[junit-4.13.jar:4.13]
	at org.junit.runners.ParentRunner.runChildren(ParentRunner.java:329) ~[junit-4.13.jar:4.13]
	at org.junit.runners.ParentRunner.access$100(ParentRunner.java:66) ~[junit-4.13.jar:4.13]
	at org.junit.runners.ParentRunner$2.evaluate(ParentRunner.java:293) ~[junit-4.13.jar:4.13]
	at org.junit.runners.ParentRunner$3.evaluate(ParentRunner.java:306) ~[junit-4.13.jar:4.13]
	at org.junit.runners.ParentRunner.run(ParentRunner.java:413) ~[junit-4.13.jar:4.13]
	at org.junit.runner.JUnitCore.run(JUnitCore.java:137) ~[junit-4.13.jar:4.13]
	at org.junit.runner.JUnitCore.run(JUnitCore.java:115) ~[junit-4.13.jar:4.13]
	at org.junit.vintage.engine.execution.RunnerExecutor.execute(RunnerExecutor.java:43) ~[junit-vintage-engine-5.6.2.jar:5.6.2]
	at java.util.stream.ForEachOps$ForEachOp$OfRef.accept(ForEachOps.java:183) ~[?:1.8.0_402]
	at java.util.stream.ReferencePipeline$3$1.accept(ReferencePipeline.java:193) ~[?:1.8.0_402]
	at java.util.Iterator.forEachRemaining(Iterator.java:116) ~[?:1.8.0_402]
	at java.util.Spliterators$IteratorSpliterator.forEachRemaining(Spliterators.java:1801) ~[?:1.8.0_402]
	at java.util.stream.AbstractPipeline.copyInto(AbstractPipeline.java:482) ~[?:1.8.0_402]
	at java.util.stream.AbstractPipeline.wrapAndCopyInto(AbstractPipeline.java:472) ~[?:1.8.0_402]
	at java.util.stream.ForEachOps$ForEachOp.evaluateSequential(ForEachOps.java:150) ~[?:1.8.0_402]
	at java.util.stream.ForEachOps$ForEachOp$OfRef.evaluateSequential(ForEachOps.java:173) ~[?:1.8.0_402]
	at java.util.stream.AbstractPipeline.evaluate(AbstractPipeline.java:234) ~[?:1.8.0_402]
	at java.util.stream.ReferencePipeline.forEach(ReferencePipeline.java:485) ~[?:1.8.0_402]
	at org.junit.vintage.engine.VintageTestEngine.executeAllChildren(VintageTestEngine.java:82) ~[junit-vintage-engine-5.6.2.jar:5.6.2]
	at org.junit.vintage.engine.VintageTestEngine.execute(VintageTestEngine.java:73) ~[junit-vintage-engine-5.6.2.jar:5.6.2]
	at org.junit.platform.launcher.core.DefaultLauncher.execute(DefaultLauncher.java:248) ~[junit-platform-launcher-1.6.2.jar:1.6.2]
	at org.junit.platform.launcher.core.DefaultLauncher.lambda$execute$5(DefaultLauncher.java:211) ~[junit-platform-launcher-1.6.2.jar:1.6.2]
	at org.junit.platform.launcher.core.DefaultLauncher.withInterceptedStreams(DefaultLauncher.java:226) [junit-platform-launcher-1.6.2.jar:1.6.2]
	at org.junit.platform.launcher.core.DefaultLauncher.execute(DefaultLauncher.java:199) [junit-platform-launcher-1.6.2.jar:1.6.2]
	at org.junit.platform.launcher.core.DefaultLauncher.execute(DefaultLauncher.java:132) [junit-platform-launcher-1.6.2.jar:1.6.2]
	at org.apache.maven.surefire.junitplatform.JUnitPlatformProvider.invokeAllTests(JUnitPlatformProvider.java:154) [surefire-junit-platform-3.0.0-M4.jar:3.0.0-M4]
	at org.apache.maven.surefire.junitplatform.JUnitPlatformProvider.invoke(JUnitPlatformProvider.java:123) [surefire-junit-platform-3.0.0-M4.jar:3.0.0-M4]
	at org.apache.maven.surefire.booter.ForkedBooter.runSuitesInProcess(ForkedBooter.java:377) [surefire-booter-3.0.0-M4.jar:3.0.0-M4]
	at org.apache.maven.surefire.booter.ForkedBooter.execute(ForkedBooter.java:138) [surefire-booter-3.0.0-M4.jar:3.0.0-M4]
	at org.apache.maven.surefire.booter.ForkedBooter.run(ForkedBooter.java:465) [surefire-booter-3.0.0-M4.jar:3.0.0-M4]
	at org.apache.maven.surefire.booter.ForkedBooter.main(ForkedBooter.java:451) [surefire-booter-3.0.0-M4.jar:3.0.0-M4]
Caused by: org.apache.hadoop.hive.metastore.api.MetaException: Unable to create database managed directory pfile:/home/alex/Repositories/hive/streaming/target/warehouse/testing.db, failed to create database testing
	at org.apache.hadoop.hive.metastore.HMSHandler.create_database_core(HMSHandler.java:1366) ~[classes/:?]
	at org.apache.hadoop.hive.metastore.HMSHandler.create_database(HMSHandler.java:1486) ~[classes/:?]
	at sun.reflect.GeneratedMethodAccessor93.invoke(Unknown Source) ~[?:?]
	at sun.reflect.DelegatingMethodAccessorImpl.invoke(DelegatingMethodAccessorImpl.java:43) ~[?:1.8.0_402]
	at java.lang.reflect.Method.invoke(Method.java:498) ~[?:1.8.0_402]
	at org.apache.hadoop.hive.metastore.RetryingHMSHandler.invokeInternal(RetryingHMSHandler.java:147) ~[classes/:?]
	at org.apache.hadoop.hive.metastore.RetryingHMSHandler.invoke(RetryingHMSHandler.java:108) ~[classes/:?]
	at com.sun.proxy.$Proxy38.create_database(Unknown Source) ~[?:?]
	at org.apache.hadoop.hive.metastore.HiveMetaStoreClient.createDatabase(HiveMetaStoreClient.java:1151) ~[classes/:?]
	at sun.reflect.GeneratedMethodAccessor92.invoke(Unknown Source) ~[?:?]
	at sun.reflect.DelegatingMethodAccessorImpl.invoke(DelegatingMethodAccessorImpl.java:43) ~[?:1.8.0_402]
	at java.lang.reflect.Method.invoke(Method.java:498) ~[?:1.8.0_402]
	at org.apache.hadoop.hive.metastore.RetryingMetaStoreClient.invoke(RetryingMetaStoreClient.java:218) ~[classes/:?]
	at com.sun.proxy.$Proxy47.createDatabase(Unknown Source) ~[?:?]
	at org.apache.hadoop.hive.ql.metadata.Hive.createDatabase(Hive.java:605) ~[classes/:?]
	... 66 more
2024-04-24T12:35:27,572  INFO [main] reexec.ReOptimizePlugin: ReOptimization: retryPossible: false
2024-04-24T12:35:27,572  INFO [main] reexec.ReExecuteLostAMQueryPlugin: Got exception message: MetaException(message:Unable to create database managed directory pfile:/home/alex/Repositories/hive/streaming/target/warehouse/testing.db, failed to create database testing) retryPossible: false
2024-04-24T12:35:27,572  INFO [main] reexec.ReExecutionDagSubmitPlugin: Got exception message: MetaException(message:Unable to create database managed directory pfile:/home/alex/Repositories/hive/streaming/target/warehouse/testing.db, failed to create database testing) retryPossible: false
FAILED: Execution Error, return code 40000 from org.apache.hadoop.hive.ql.ddl.DDLTask. MetaException(message:Unable to create database managed directory pfile:/home/alex/Repositories/hive/streaming/target/warehouse/testing.db, failed to create database testing)
2024-04-24T12:35:27,572 ERROR [main] ql.Driver: FAILED: Execution Error, return code 40000 from org.apache.hadoop.hive.ql.ddl.DDLTask. MetaException(message:Unable to create database managed directory pfile:/home/alex/Repositories/hive/streaming/target/warehouse/testing.db, failed to create database testing)
2024-04-24T12:35:27,572  INFO [main] metadata.Hive: Dumping metastore api call timing information for : execution phase
2024-04-24T12:35:27,572  INFO [main] metadata.Hive: Total time spent in each metastore function (ms): {}
2024-04-24T12:35:27,572  INFO [main] ql.Driver: Completed executing command(queryId=alex_20240424123527_10202f2e-1f23-45bc-a63b-75dca87e6c5a); Time taken: 0.021 seconds
2024-04-24T12:35:27,572  INFO [main] lockmgr.DbTxnManager: Stopped heartbeat for query: alex_20240424123527_10202f2e-1f23-45bc-a63b-75dca87e6c5a
2024-04-24T12:35:27,572  INFO [main] metastore.HiveMetaStoreClient: Mestastore configuration metastore.filter.hook changed from org.apache.hadoop.hive.ql.security.authorization.plugin.AuthorizationMetaStoreFilterHook to org.apache.hadoop.hive.metastore.DefaultMetaStoreFilterHookImpl
2024-04-24T12:35:27,572  INFO [main] HiveMetaStore.audit: ugi=alex	ip=unknown-ip-addr	cmd=Cleaning up thread local RawStore...	
2024-04-24T12:35:27,572  INFO [main] metastore.ObjectStore: RawStore: org.apache.hadoop.hive.metastore.ObjectStore@2dbcee03, with PersistenceManager: org.datanucleus.api.jdo.JDOPersistenceManager@6d0a4a22 will be shutdown
2024-04-24T12:35:27,572  INFO [main] HiveMetaStore.audit: ugi=alex	ip=unknown-ip-addr	cmd=Done cleaning up thread local RawStore	
2024-04-24T12:35:27,572  INFO [main] metastore.HiveMetaStoreClient: Closed a connection to metastore, current connections: -31
2024-04-24T12:35:27,573  INFO [main] metastore.HiveMetaStoreClient: HMS client filtering is enabled.
2024-04-24T12:35:27,574  INFO [main] metastore.HMSHandler: 0: Opening raw store with implementation class:org.apache.hadoop.hive.metastore.ObjectStore
2024-04-24T12:35:27,574  INFO [main] metastore.PersistenceManagerProvider: Configuration datanucleus.autoStartMechanismMode is not set. Defaulting to 'ignored'
2024-04-24T12:35:27,574  INFO [main] metastore.ObjectStore: RawStore: org.apache.hadoop.hive.metastore.ObjectStore@29e3c28, with PersistenceManager: null will be shutdown
2024-04-24T12:35:27,574  INFO [main] metastore.ObjectStore: RawStore: org.apache.hadoop.hive.metastore.ObjectStore@29e3c28, with PersistenceManager: org.datanucleus.api.jdo.JDOPersistenceManager@480994d3 created in the thread with id: 1
2024-04-24T12:35:27,576  INFO [main] metastore.HMSHandler: Created RawStore: org.apache.hadoop.hive.metastore.ObjectStore@29e3c28 from thread id: 1
2024-04-24T12:35:27,576  INFO [main] metastore.HMSHandler: HMS server filtering is disabled by configuration
2024-04-24T12:35:27,577  INFO [main] metastore.RetryingMetaStoreClient: RetryingMetaStoreClient proxy=class org.apache.hadoop.hive.ql.metadata.SessionHiveMetaStoreClient ugi=alex (auth:SIMPLE) retries=1 delay=1 lifetime=0
2024-04-24T12:35:27,579  INFO [main] txn.TxnHandler: Removed transactions: ([1]) from MIN_HISTORY_LEVEL
2024-04-24T12:35:27,582 ERROR [main] streaming.TestStreamingDynamicPartitioning: Statement: create database IF NOT EXISTS testing location 'raw:///home/alex/Repositories/hive/streaming/target/tmp/junit7462186603354866091/testing.db' failed: (responseCode = 40000, errorMessage = FAILED: Execution Error, return code 40000 from org.apache.hadoop.hive.ql.ddl.DDLTask. MetaException(message:Unable to create database managed directory pfile:/home/alex/Repositories/hive/streaming/target/warehouse/testing.db, failed to create database testing), hiveErrorCode = 40000, SQLState = 08S01, exception = MetaException(message:Unable to create database managed directory pfile:/home/alex/Repositories/hive/streaming/target/warehouse/testing.db, failed to create database testing))
2024-04-24T12:35:27,583  INFO [main] ql.Driver: Compiling command(queryId=alex_20240424123527_10202f2e-1f23-45bc-a63b-75dca87e6c5a): use testing
2024-04-24T12:35:27,583  INFO [main] HiveMetaStore.audit: ugi=alex	ip=unknown-ip-addr	cmd=get_database: testing	
FAILED: SemanticException [Error 10072]: Database does not exist: testing
2024-04-24T12:35:27,584 ERROR [main] ql.Driver: FAILED: SemanticException [Error 10072]: Database does not exist: testing
org.apache.hadoop.hive.ql.parse.SemanticException: Database does not exist: testing
	at org.apache.hadoop.hive.ql.parse.BaseSemanticAnalyzer.getDatabase(BaseSemanticAnalyzer.java:1812)
	at org.apache.hadoop.hive.ql.ddl.database.use.SwitchDatabaseAnalyzer.analyzeInternal(SwitchDatabaseAnalyzer.java:45)
	at org.apache.hadoop.hive.ql.parse.BaseSemanticAnalyzer.analyze(BaseSemanticAnalyzer.java:317)
	at org.apache.hadoop.hive.ql.Compiler.analyze(Compiler.java:223)
	at org.apache.hadoop.hive.ql.Compiler.compile(Compiler.java:105)
	at org.apache.hadoop.hive.ql.Driver.compile(Driver.java:500)
	at org.apache.hadoop.hive.ql.Driver.compileInternal(Driver.java:453)
	at org.apache.hadoop.hive.ql.Driver.compileAndRespond(Driver.java:417)
	at org.apache.hadoop.hive.ql.Driver.compileAndRespond(Driver.java:411)
	at org.apache.hadoop.hive.ql.reexec.ReExecDriver.compileAndRespond(ReExecDriver.java:125)
	at org.apache.hadoop.hive.ql.reexec.ReExecDriver.run(ReExecDriver.java:229)
	at org.apache.hive.streaming.TestStreamingDynamicPartitioning.runDDL(TestStreamingDynamicPartitioning.java:829)
	at org.apache.hive.streaming.TestStreamingDynamicPartitioning.createDbAndTable(TestStreamingDynamicPartitioning.java:876)
	at org.apache.hive.streaming.TestStreamingDynamicPartitioning.setup(TestStreamingDynamicPartitioning.java:155)
	at sun.reflect.NativeMethodAccessorImpl.invoke0(Native Method)
	at sun.reflect.NativeMethodAccessorImpl.invoke(NativeMethodAccessorImpl.java:62)
	at sun.reflect.DelegatingMethodAccessorImpl.invoke(DelegatingMethodAccessorImpl.java:43)
	at java.lang.reflect.Method.invoke(Method.java:498)
	at org.junit.runners.model.FrameworkMethod$1.runReflectiveCall(FrameworkMethod.java:59)
	at org.junit.internal.runners.model.ReflectiveCallable.run(ReflectiveCallable.java:12)
	at org.junit.runners.model.FrameworkMethod.invokeExplosively(FrameworkMethod.java:56)
	at org.junit.internal.runners.statements.RunBefores.invokeMethod(RunBefores.java:33)
	at org.junit.internal.runners.statements.RunBefores.evaluate(RunBefores.java:24)
	at org.junit.internal.runners.statements.RunAfters.evaluate(RunAfters.java:27)
	at org.junit.rules.ExternalResource$1.evaluate(ExternalResource.java:54)
	at org.junit.runners.ParentRunner$3.evaluate(ParentRunner.java:306)
	at org.junit.runners.BlockJUnit4ClassRunner$1.evaluate(BlockJUnit4ClassRunner.java:100)
	at org.junit.runners.ParentRunner.runLeaf(ParentRunner.java:366)
	at org.junit.runners.BlockJUnit4ClassRunner.runChild(BlockJUnit4ClassRunner.java:103)
	at org.junit.runners.BlockJUnit4ClassRunner.runChild(BlockJUnit4ClassRunner.java:63)
	at org.junit.runners.ParentRunner$4.run(ParentRunner.java:331)
	at org.junit.runners.ParentRunner$1.schedule(ParentRunner.java:79)
	at org.junit.runners.ParentRunner.runChildren(ParentRunner.java:329)
	at org.junit.runners.ParentRunner.access$100(ParentRunner.java:66)
	at org.junit.runners.ParentRunner$2.evaluate(ParentRunner.java:293)
	at org.junit.runners.ParentRunner$3.evaluate(ParentRunner.java:306)
	at org.junit.runners.ParentRunner.run(ParentRunner.java:413)
	at org.junit.runner.JUnitCore.run(JUnitCore.java:137)
	at org.junit.runner.JUnitCore.run(JUnitCore.java:115)
	at org.junit.vintage.engine.execution.RunnerExecutor.execute(RunnerExecutor.java:43)
	at java.util.stream.ForEachOps$ForEachOp$OfRef.accept(ForEachOps.java:183)
	at java.util.stream.ReferencePipeline$3$1.accept(ReferencePipeline.java:193)
	at java.util.Iterator.forEachRemaining(Iterator.java:116)
	at java.util.Spliterators$IteratorSpliterator.forEachRemaining(Spliterators.java:1801)
	at java.util.stream.AbstractPipeline.copyInto(AbstractPipeline.java:482)
	at java.util.stream.AbstractPipeline.wrapAndCopyInto(AbstractPipeline.java:472)
	at java.util.stream.ForEachOps$ForEachOp.evaluateSequential(ForEachOps.java:150)
	at java.util.stream.ForEachOps$ForEachOp$OfRef.evaluateSequential(ForEachOps.java:173)
	at java.util.stream.AbstractPipeline.evaluate(AbstractPipeline.java:234)
	at java.util.stream.ReferencePipeline.forEach(ReferencePipeline.java:485)
	at org.junit.vintage.engine.VintageTestEngine.executeAllChildren(VintageTestEngine.java:82)
	at org.junit.vintage.engine.VintageTestEngine.execute(VintageTestEngine.java:73)
	at org.junit.platform.launcher.core.DefaultLauncher.execute(DefaultLauncher.java:248)
	at org.junit.platform.launcher.core.DefaultLauncher.lambda$execute$5(DefaultLauncher.java:211)
	at org.junit.platform.launcher.core.DefaultLauncher.withInterceptedStreams(DefaultLauncher.java:226)
	at org.junit.platform.launcher.core.DefaultLauncher.execute(DefaultLauncher.java:199)
	at org.junit.platform.launcher.core.DefaultLauncher.execute(DefaultLauncher.java:132)
	at org.apache.maven.surefire.junitplatform.JUnitPlatformProvider.invokeAllTests(JUnitPlatformProvider.java:154)
	at org.apache.maven.surefire.junitplatform.JUnitPlatformProvider.invoke(JUnitPlatformProvider.java:123)
	at org.apache.maven.surefire.booter.ForkedBooter.runSuitesInProcess(ForkedBooter.java:377)
	at org.apache.maven.surefire.booter.ForkedBooter.execute(ForkedBooter.java:138)
	at org.apache.maven.surefire.booter.ForkedBooter.run(ForkedBooter.java:465)
	at org.apache.maven.surefire.booter.ForkedBooter.main(ForkedBooter.java:451)

2024-04-24T12:35:27,585  INFO [main] metadata.Hive: Dumping metastore api call timing information for : compilation phase
2024-04-24T12:35:27,585  INFO [main] metadata.Hive: Total time spent in each metastore function (ms): {isCompatibleWith_(Configuration)=0, flushCache_()=0, rollbackTxn_(long)=5}
2024-04-24T12:35:27,585  INFO [main] ql.Driver: Completed compiling command(queryId=alex_20240424123527_10202f2e-1f23-45bc-a63b-75dca87e6c5a); Time taken: 0.002 seconds
2024-04-24T12:35:27,585  INFO [main] lockmgr.DbLockManager: releaseLocks: []
2024-04-24T12:35:27,585 ERROR [main] streaming.TestStreamingDynamicPartitioning: Statement: use testing failed: (responseCode = 10072, errorMessage = FAILED: SemanticException [Error 10072]: Database does not exist: testing, hiveErrorCode = 40000, SQLState = 42000, exception = Database does not exist: testing)
2024-04-24T12:35:27,585  INFO [main] ql.Driver: Compiling command(queryId=alex_20240424123527_10202f2e-1f23-45bc-a63b-75dca87e6c5a): create table alerts ( id int,msg string ) partitioned by (Continent string,Country string ) clustered by ( id ) into 1 buckets  stored as orc  location 'raw:///home/alex/Repositories/hive/streaming/target/tmp/junit7462186603354866091/testing.db/alerts' TBLPROPERTIES ('transactional'='true') 
2024-04-24T12:35:27,587  INFO [main] txn.TxnHandler: Added entries to MIN_HISTORY_LEVEL for current txns: ([2]) with min_open_txn: 1
2024-04-24T12:35:27,587  INFO [main] lockmgr.DbTxnManager: Opened txnid:2
2024-04-24T12:35:27,588  INFO [main] parse.CalcitePlanner: Starting caching scope for: alex_20240424123527_10202f2e-1f23-45bc-a63b-75dca87e6c5a
2024-04-24T12:35:27,588  INFO [main] parse.CalcitePlanner: Starting Semantic Analysis
2024-04-24T12:35:27,589  INFO [main] parse.CalcitePlanner: Creating table default.alerts position=13
2024-04-24T12:35:27,589  INFO [main] HiveMetaStore.audit: ugi=alex	ip=unknown-ip-addr	cmd=get_database: default	
2024-04-24T12:35:27,591  INFO [main] parse.CalcitePlanner: Ending caching scope for: alex_20240424123527_10202f2e-1f23-45bc-a63b-75dca87e6c5a
2024-04-24T12:35:27,591  INFO [main] ql.Driver: Semantic Analysis Completed (retrial = false)
2024-04-24T12:35:27,591  INFO [main] ql.Driver: Created Hive schema: Schema(fieldSchemas:null, properties:null)
2024-04-24T12:35:27,591  INFO [main] metadata.Hive: Dumping metastore api call timing information for : compilation phase
2024-04-24T12:35:27,591  INFO [main] metadata.Hive: Total time spent in each metastore function (ms): {getValidTxns_(long)=0, isCompatibleWith_(Configuration)=0, flushCache_()=0, getDatabase_(String)=2, openTxn_(String, TxnType)=1, getValidWriteIds_(List, String)=1}
2024-04-24T12:35:27,591  INFO [main] ql.Driver: Completed compiling command(queryId=alex_20240424123527_10202f2e-1f23-45bc-a63b-75dca87e6c5a); Time taken: 0.006 seconds
2024-04-24T12:35:27,591  INFO [main] reexec.ReExecDriver: Execution #1 of query
2024-04-24T12:35:27,592  INFO [main] lockmgr.DbTxnManager: Setting lock request transaction to txnid:2 for queryId=alex_20240424123527_10202f2e-1f23-45bc-a63b-75dca87e6c5a
2024-04-24T12:35:27,592  INFO [main] lockmgr.DbLockManager: Requesting lock for queryId=alex_20240424123527_10202f2e-1f23-45bc-a63b-75dca87e6c5a
2024-04-24T12:35:27,599  INFO [main] lockmgr.DbLockManager: Response to queryId=alex_20240424123527_10202f2e-1f23-45bc-a63b-75dca87e6c5a LockResponse(lockid:1, state:ACQUIRED)
2024-04-24T12:35:27,599  INFO [main] ql.Driver: Operation CREATETABLE obtained 1 locks
2024-04-24T12:35:27,600  INFO [main] ql.Driver: Executing command(queryId=alex_20240424123527_10202f2e-1f23-45bc-a63b-75dca87e6c5a): create table alerts ( id int,msg string ) partitioned by (Continent string,Country string ) clustered by ( id ) into 1 buckets  stored as orc  location 'raw:///home/alex/Repositories/hive/streaming/target/tmp/junit7462186603354866091/testing.db/alerts' TBLPROPERTIES ('transactional'='true') 
PREHOOK: query: create table alerts ( id int,msg string ) partitioned by (Continent string,Country string ) clustered by ( id ) into 1 buckets  stored as orc  location 'raw:///home/alex/Repositories/hive/streaming/target/tmp/junit7462186603354866091/testing.db/alerts' TBLPROPERTIES ('transactional'='true')
2024-04-24T12:35:27,600  INFO [main] SessionState: PREHOOK: query: create table alerts ( id int,msg string ) partitioned by (Continent string,Country string ) clustered by ( id ) into 1 buckets  stored as orc  location 'raw:///home/alex/Repositories/hive/streaming/target/tmp/junit7462186603354866091/testing.db/alerts' TBLPROPERTIES ('transactional'='true')
PREHOOK: type: CREATETABLE
2024-04-24T12:35:27,600  INFO [main] SessionState: PREHOOK: type: CREATETABLE
PREHOOK: Input: raw:/home/alex/Repositories/hive/streaming/target/tmp/junit7462186603354866091/testing.db/alerts
2024-04-24T12:35:27,600  INFO [main] SessionState: PREHOOK: Input: raw:/home/alex/Repositories/hive/streaming/target/tmp/junit7462186603354866091/testing.db/alerts
PREHOOK: Output: database:default
2024-04-24T12:35:27,600  INFO [main] SessionState: PREHOOK: Output: database:default
PREHOOK: Output: default@alerts
2024-04-24T12:35:27,600  INFO [main] SessionState: PREHOOK: Output: default@alerts
2024-04-24T12:35:27,600  INFO [main] ql.Driver: Starting task [Stage-0:DDL] in serial mode
2024-04-24T12:35:27,601  INFO [main] HiveMetaStore.audit: ugi=alex	ip=unknown-ip-addr	cmd=create_table_req: Table(tableName:alerts, dbName:default, owner:alex, createTime:1713987327, lastAccessTime:0, retention:0, sd:StorageDescriptor(cols:[FieldSchema(name:id, type:int, comment:null), FieldSchema(name:msg, type:string, comment:null)], location:raw:/home/alex/Repositories/hive/streaming/target/tmp/junit7462186603354866091/testing.db/alerts, inputFormat:org.apache.hadoop.hive.ql.io.orc.OrcInputFormat, outputFormat:org.apache.hadoop.hive.ql.io.orc.OrcOutputFormat, compressed:false, numBuckets:1, serdeInfo:SerDeInfo(name:null, serializationLib:org.apache.hadoop.hive.ql.io.orc.OrcSerde, parameters:{serialization.format=1}), bucketCols:[id], sortCols:[], parameters:{}, skewedInfo:SkewedInfo(skewedColNames:[], skewedColValues:[], skewedColValueLocationMaps:{}), storedAsSubDirectories:false), partitionKeys:[FieldSchema(name:Continent, type:string, comment:null), FieldSchema(name:Country, type:string, comment:null)], parameters:{transactional=true, bucketing_version=2}, viewOriginalText:null, viewExpandedText:null, tableType:MANAGED_TABLE, privileges:PrincipalPrivilegeSet(userPrivileges:{alex=[PrivilegeGrantInfo(privilege:INSERT, createTime:-1, grantor:alex, grantorType:USER, grantOption:true), PrivilegeGrantInfo(privilege:SELECT, createTime:-1, grantor:alex, grantorType:USER, grantOption:true), PrivilegeGrantInfo(privilege:UPDATE, createTime:-1, grantor:alex, grantorType:USER, grantOption:true), PrivilegeGrantInfo(privilege:DELETE, createTime:-1, grantor:alex, grantorType:USER, grantOption:true)]}, groupPrivileges:null, rolePrivileges:null), temporary:false, catName:hive, ownerType:USER, writeId:0)	
2024-04-24T12:35:27,611  WARN [main] metastore.HMSHandler: create_table_req got 
org.apache.hadoop.hive.metastore.api.AlreadyExistsException: Table hive.default.alerts already exists
	at org.apache.hadoop.hive.metastore.HMSHandler.create_table_core(HMSHandler.java:2339) ~[classes/:?]
	at org.apache.hadoop.hive.metastore.HMSHandler.create_table_req(HMSHandler.java:2598) ~[classes/:?]
	at sun.reflect.NativeMethodAccessorImpl.invoke0(Native Method) ~[?:1.8.0_402]
	at sun.reflect.NativeMethodAccessorImpl.invoke(NativeMethodAccessorImpl.java:62) ~[?:1.8.0_402]
	at sun.reflect.DelegatingMethodAccessorImpl.invoke(DelegatingMethodAccessorImpl.java:43) ~[?:1.8.0_402]
	at java.lang.reflect.Method.invoke(Method.java:498) ~[?:1.8.0_402]
	at org.apache.hadoop.hive.metastore.RetryingHMSHandler.invokeInternal(RetryingHMSHandler.java:147) ~[classes/:?]
	at org.apache.hadoop.hive.metastore.RetryingHMSHandler.invoke(RetryingHMSHandler.java:108) ~[classes/:?]
	at com.sun.proxy.$Proxy38.create_table_req(Unknown Source) ~[?:?]
	at org.apache.hadoop.hive.metastore.HiveMetaStoreClient.create_table_with_environment_context(HiveMetaStoreClient.java:4408) ~[classes/:?]
	at org.apache.hadoop.hive.ql.metadata.SessionHiveMetaStoreClient.create_table_with_environment_context(SessionHiveMetaStoreClient.java:182) ~[classes/:?]
	at org.apache.hadoop.hive.metastore.HiveMetaStoreClient.createTable(HiveMetaStoreClient.java:1260) ~[classes/:?]
	at org.apache.hadoop.hive.metastore.HiveMetaStoreClient.createTable(HiveMetaStoreClient.java:1245) ~[classes/:?]
	at sun.reflect.NativeMethodAccessorImpl.invoke0(Native Method) ~[?:1.8.0_402]
	at sun.reflect.NativeMethodAccessorImpl.invoke(NativeMethodAccessorImpl.java:62) ~[?:1.8.0_402]
	at sun.reflect.DelegatingMethodAccessorImpl.invoke(DelegatingMethodAccessorImpl.java:43) ~[?:1.8.0_402]
	at java.lang.reflect.Method.invoke(Method.java:498) ~[?:1.8.0_402]
	at org.apache.hadoop.hive.metastore.RetryingMetaStoreClient.invoke(RetryingMetaStoreClient.java:218) ~[classes/:?]
	at com.sun.proxy.$Proxy47.createTable(Unknown Source) ~[?:?]
	at org.apache.hadoop.hive.ql.metadata.Hive.createTable(Hive.java:1290) ~[classes/:?]
	at org.apache.hadoop.hive.ql.metadata.Hive.createTable(Hive.java:1306) ~[classes/:?]
	at org.apache.hadoop.hive.ql.ddl.table.create.CreateTableOperation.createTableNonReplaceMode(CreateTableOperation.java:140) ~[classes/:?]
	at org.apache.hadoop.hive.ql.ddl.table.create.CreateTableOperation.execute(CreateTableOperation.java:98) ~[classes/:?]
	at org.apache.hadoop.hive.ql.ddl.DDLTask.execute(DDLTask.java:84) ~[classes/:?]
	at org.apache.hadoop.hive.ql.exec.Task.executeTask(Task.java:212) ~[classes/:?]
	at org.apache.hadoop.hive.ql.exec.TaskRunner.runSequential(TaskRunner.java:105) ~[classes/:?]
	at org.apache.hadoop.hive.ql.Executor.launchTask(Executor.java:361) ~[classes/:?]
	at org.apache.hadoop.hive.ql.Executor.launchTasks(Executor.java:334) ~[classes/:?]
	at org.apache.hadoop.hive.ql.Executor.runTasks(Executor.java:245) ~[classes/:?]
	at org.apache.hadoop.hive.ql.Executor.execute(Executor.java:108) ~[classes/:?]
	at org.apache.hadoop.hive.ql.Driver.execute(Driver.java:348) ~[classes/:?]
	at org.apache.hadoop.hive.ql.Driver.runInternal(Driver.java:204) ~[classes/:?]
	at org.apache.hadoop.hive.ql.Driver.run(Driver.java:153) ~[classes/:?]
	at org.apache.hadoop.hive.ql.Driver.run(Driver.java:148) ~[classes/:?]
	at org.apache.hadoop.hive.ql.reexec.ReExecDriver.run(ReExecDriver.java:164) ~[classes/:?]
	at org.apache.hadoop.hive.ql.reexec.ReExecDriver.run(ReExecDriver.java:230) ~[classes/:?]
	at org.apache.hive.streaming.TestStreamingDynamicPartitioning.runDDL(TestStreamingDynamicPartitioning.java:829) ~[test-classes/:?]
	at org.apache.hive.streaming.TestStreamingDynamicPartitioning.createDbAndTable(TestStreamingDynamicPartitioning.java:885) ~[test-classes/:?]
	at org.apache.hive.streaming.TestStreamingDynamicPartitioning.setup(TestStreamingDynamicPartitioning.java:155) ~[test-classes/:?]
	at sun.reflect.NativeMethodAccessorImpl.invoke0(Native Method) ~[?:1.8.0_402]
	at sun.reflect.NativeMethodAccessorImpl.invoke(NativeMethodAccessorImpl.java:62) ~[?:1.8.0_402]
	at sun.reflect.DelegatingMethodAccessorImpl.invoke(DelegatingMethodAccessorImpl.java:43) ~[?:1.8.0_402]
	at java.lang.reflect.Method.invoke(Method.java:498) ~[?:1.8.0_402]
	at org.junit.runners.model.FrameworkMethod$1.runReflectiveCall(FrameworkMethod.java:59) ~[junit-4.13.jar:4.13]
	at org.junit.internal.runners.model.ReflectiveCallable.run(ReflectiveCallable.java:12) ~[junit-4.13.jar:4.13]
	at org.junit.runners.model.FrameworkMethod.invokeExplosively(FrameworkMethod.java:56) ~[junit-4.13.jar:4.13]
	at org.junit.internal.runners.statements.RunBefores.invokeMethod(RunBefores.java:33) ~[junit-4.13.jar:4.13]
	at org.junit.internal.runners.statements.RunBefores.evaluate(RunBefores.java:24) ~[junit-4.13.jar:4.13]
	at org.junit.internal.runners.statements.RunAfters.evaluate(RunAfters.java:27) ~[junit-4.13.jar:4.13]
	at org.junit.rules.ExternalResource$1.evaluate(ExternalResource.java:54) ~[junit-4.13.jar:4.13]
	at org.junit.runners.ParentRunner$3.evaluate(ParentRunner.java:306) ~[junit-4.13.jar:4.13]
	at org.junit.runners.BlockJUnit4ClassRunner$1.evaluate(BlockJUnit4ClassRunner.java:100) ~[junit-4.13.jar:4.13]
	at org.junit.runners.ParentRunner.runLeaf(ParentRunner.java:366) ~[junit-4.13.jar:4.13]
	at org.junit.runners.BlockJUnit4ClassRunner.runChild(BlockJUnit4ClassRunner.java:103) ~[junit-4.13.jar:4.13]
	at org.junit.runners.BlockJUnit4ClassRunner.runChild(BlockJUnit4ClassRunner.java:63) ~[junit-4.13.jar:4.13]
	at org.junit.runners.ParentRunner$4.run(ParentRunner.java:331) ~[junit-4.13.jar:4.13]
	at org.junit.runners.ParentRunner$1.schedule(ParentRunner.java:79) ~[junit-4.13.jar:4.13]
	at org.junit.runners.ParentRunner.runChildren(ParentRunner.java:329) ~[junit-4.13.jar:4.13]
	at org.junit.runners.ParentRunner.access$100(ParentRunner.java:66) ~[junit-4.13.jar:4.13]
	at org.junit.runners.ParentRunner$2.evaluate(ParentRunner.java:293) ~[junit-4.13.jar:4.13]
	at org.junit.runners.ParentRunner$3.evaluate(ParentRunner.java:306) ~[junit-4.13.jar:4.13]
	at org.junit.runners.ParentRunner.run(ParentRunner.java:413) ~[junit-4.13.jar:4.13]
	at org.junit.runner.JUnitCore.run(JUnitCore.java:137) ~[junit-4.13.jar:4.13]
	at org.junit.runner.JUnitCore.run(JUnitCore.java:115) ~[junit-4.13.jar:4.13]
	at org.junit.vintage.engine.execution.RunnerExecutor.execute(RunnerExecutor.java:43) ~[junit-vintage-engine-5.6.2.jar:5.6.2]
	at java.util.stream.ForEachOps$ForEachOp$OfRef.accept(ForEachOps.java:183) ~[?:1.8.0_402]
	at java.util.stream.ReferencePipeline$3$1.accept(ReferencePipeline.java:193) ~[?:1.8.0_402]
	at java.util.Iterator.forEachRemaining(Iterator.java:116) ~[?:1.8.0_402]
	at java.util.Spliterators$IteratorSpliterator.forEachRemaining(Spliterators.java:1801) ~[?:1.8.0_402]
	at java.util.stream.AbstractPipeline.copyInto(AbstractPipeline.java:482) ~[?:1.8.0_402]
	at java.util.stream.AbstractPipeline.wrapAndCopyInto(AbstractPipeline.java:472) ~[?:1.8.0_402]
	at java.util.stream.ForEachOps$ForEachOp.evaluateSequential(ForEachOps.java:150) ~[?:1.8.0_402]
	at java.util.stream.ForEachOps$ForEachOp$OfRef.evaluateSequential(ForEachOps.java:173) ~[?:1.8.0_402]
	at java.util.stream.AbstractPipeline.evaluate(AbstractPipeline.java:234) ~[?:1.8.0_402]
	at java.util.stream.ReferencePipeline.forEach(ReferencePipeline.java:485) ~[?:1.8.0_402]
	at org.junit.vintage.engine.VintageTestEngine.executeAllChildren(VintageTestEngine.java:82) ~[junit-vintage-engine-5.6.2.jar:5.6.2]
	at org.junit.vintage.engine.VintageTestEngine.execute(VintageTestEngine.java:73) ~[junit-vintage-engine-5.6.2.jar:5.6.2]
	at org.junit.platform.launcher.core.DefaultLauncher.execute(DefaultLauncher.java:248) ~[junit-platform-launcher-1.6.2.jar:1.6.2]
	at org.junit.platform.launcher.core.DefaultLauncher.lambda$execute$5(DefaultLauncher.java:211) ~[junit-platform-launcher-1.6.2.jar:1.6.2]
	at org.junit.platform.launcher.core.DefaultLauncher.withInterceptedStreams(DefaultLauncher.java:226) [junit-platform-launcher-1.6.2.jar:1.6.2]
	at org.junit.platform.launcher.core.DefaultLauncher.execute(DefaultLauncher.java:199) [junit-platform-launcher-1.6.2.jar:1.6.2]
	at org.junit.platform.launcher.core.DefaultLauncher.execute(DefaultLauncher.java:132) [junit-platform-launcher-1.6.2.jar:1.6.2]
	at org.apache.maven.surefire.junitplatform.JUnitPlatformProvider.invokeAllTests(JUnitPlatformProvider.java:154) [surefire-junit-platform-3.0.0-M4.jar:3.0.0-M4]
	at org.apache.maven.surefire.junitplatform.JUnitPlatformProvider.invoke(JUnitPlatformProvider.java:123) [surefire-junit-platform-3.0.0-M4.jar:3.0.0-M4]
	at org.apache.maven.surefire.booter.ForkedBooter.runSuitesInProcess(ForkedBooter.java:377) [surefire-booter-3.0.0-M4.jar:3.0.0-M4]
	at org.apache.maven.surefire.booter.ForkedBooter.execute(ForkedBooter.java:138) [surefire-booter-3.0.0-M4.jar:3.0.0-M4]
	at org.apache.maven.surefire.booter.ForkedBooter.run(ForkedBooter.java:465) [surefire-booter-3.0.0-M4.jar:3.0.0-M4]
	at org.apache.maven.surefire.booter.ForkedBooter.main(ForkedBooter.java:451) [surefire-booter-3.0.0-M4.jar:3.0.0-M4]
2024-04-24T12:35:27,611 ERROR [main] metastore.RetryingHMSHandler: AlreadyExistsException(message:Table hive.default.alerts already exists)
	at org.apache.hadoop.hive.metastore.HMSHandler.create_table_core(HMSHandler.java:2339)
	at org.apache.hadoop.hive.metastore.HMSHandler.create_table_req(HMSHandler.java:2598)
	at sun.reflect.NativeMethodAccessorImpl.invoke0(Native Method)
	at sun.reflect.NativeMethodAccessorImpl.invoke(NativeMethodAccessorImpl.java:62)
	at sun.reflect.DelegatingMethodAccessorImpl.invoke(DelegatingMethodAccessorImpl.java:43)
	at java.lang.reflect.Method.invoke(Method.java:498)
	at org.apache.hadoop.hive.metastore.RetryingHMSHandler.invokeInternal(RetryingHMSHandler.java:147)
	at org.apache.hadoop.hive.metastore.RetryingHMSHandler.invoke(RetryingHMSHandler.java:108)
	at com.sun.proxy.$Proxy38.create_table_req(Unknown Source)
	at org.apache.hadoop.hive.metastore.HiveMetaStoreClient.create_table_with_environment_context(HiveMetaStoreClient.java:4408)
	at org.apache.hadoop.hive.ql.metadata.SessionHiveMetaStoreClient.create_table_with_environment_context(SessionHiveMetaStoreClient.java:182)
	at org.apache.hadoop.hive.metastore.HiveMetaStoreClient.createTable(HiveMetaStoreClient.java:1260)
	at org.apache.hadoop.hive.metastore.HiveMetaStoreClient.createTable(HiveMetaStoreClient.java:1245)
	at sun.reflect.NativeMethodAccessorImpl.invoke0(Native Method)
	at sun.reflect.NativeMethodAccessorImpl.invoke(NativeMethodAccessorImpl.java:62)
	at sun.reflect.DelegatingMethodAccessorImpl.invoke(DelegatingMethodAccessorImpl.java:43)
	at java.lang.reflect.Method.invoke(Method.java:498)
	at org.apache.hadoop.hive.metastore.RetryingMetaStoreClient.invoke(RetryingMetaStoreClient.java:218)
	at com.sun.proxy.$Proxy47.createTable(Unknown Source)
	at org.apache.hadoop.hive.ql.metadata.Hive.createTable(Hive.java:1290)
	at org.apache.hadoop.hive.ql.metadata.Hive.createTable(Hive.java:1306)
	at org.apache.hadoop.hive.ql.ddl.table.create.CreateTableOperation.createTableNonReplaceMode(CreateTableOperation.java:140)
	at org.apache.hadoop.hive.ql.ddl.table.create.CreateTableOperation.execute(CreateTableOperation.java:98)
	at org.apache.hadoop.hive.ql.ddl.DDLTask.execute(DDLTask.java:84)
	at org.apache.hadoop.hive.ql.exec.Task.executeTask(Task.java:212)
	at org.apache.hadoop.hive.ql.exec.TaskRunner.runSequential(TaskRunner.java:105)
	at org.apache.hadoop.hive.ql.Executor.launchTask(Executor.java:361)
	at org.apache.hadoop.hive.ql.Executor.launchTasks(Executor.java:334)
	at org.apache.hadoop.hive.ql.Executor.runTasks(Executor.java:245)
	at org.apache.hadoop.hive.ql.Executor.execute(Executor.java:108)
	at org.apache.hadoop.hive.ql.Driver.execute(Driver.java:348)
	at org.apache.hadoop.hive.ql.Driver.runInternal(Driver.java:204)
	at org.apache.hadoop.hive.ql.Driver.run(Driver.java:153)
	at org.apache.hadoop.hive.ql.Driver.run(Driver.java:148)
	at org.apache.hadoop.hive.ql.reexec.ReExecDriver.run(ReExecDriver.java:164)
	at org.apache.hadoop.hive.ql.reexec.ReExecDriver.run(ReExecDriver.java:230)
	at org.apache.hive.streaming.TestStreamingDynamicPartitioning.runDDL(TestStreamingDynamicPartitioning.java:829)
	at org.apache.hive.streaming.TestStreamingDynamicPartitioning.createDbAndTable(TestStreamingDynamicPartitioning.java:885)
	at org.apache.hive.streaming.TestStreamingDynamicPartitioning.setup(TestStreamingDynamicPartitioning.java:155)
	at sun.reflect.NativeMethodAccessorImpl.invoke0(Native Method)
	at sun.reflect.NativeMethodAccessorImpl.invoke(NativeMethodAccessorImpl.java:62)
	at sun.reflect.DelegatingMethodAccessorImpl.invoke(DelegatingMethodAccessorImpl.java:43)
	at java.lang.reflect.Method.invoke(Method.java:498)
	at org.junit.runners.model.FrameworkMethod$1.runReflectiveCall(FrameworkMethod.java:59)
	at org.junit.internal.runners.model.ReflectiveCallable.run(ReflectiveCallable.java:12)
	at org.junit.runners.model.FrameworkMethod.invokeExplosively(FrameworkMethod.java:56)
	at org.junit.internal.runners.statements.RunBefores.invokeMethod(RunBefores.java:33)
	at org.junit.internal.runners.statements.RunBefores.evaluate(RunBefores.java:24)
	at org.junit.internal.runners.statements.RunAfters.evaluate(RunAfters.java:27)
	at org.junit.rules.ExternalResource$1.evaluate(ExternalResource.java:54)
	at org.junit.runners.ParentRunner$3.evaluate(ParentRunner.java:306)
	at org.junit.runners.BlockJUnit4ClassRunner$1.evaluate(BlockJUnit4ClassRunner.java:100)
	at org.junit.runners.ParentRunner.runLeaf(ParentRunner.java:366)
	at org.junit.runners.BlockJUnit4ClassRunner.runChild(BlockJUnit4ClassRunner.java:103)
	at org.junit.runners.BlockJUnit4ClassRunner.runChild(BlockJUnit4ClassRunner.java:63)
	at org.junit.runners.ParentRunner$4.run(ParentRunner.java:331)
	at org.junit.runners.ParentRunner$1.schedule(ParentRunner.java:79)
	at org.junit.runners.ParentRunner.runChildren(ParentRunner.java:329)
	at org.junit.runners.ParentRunner.access$100(ParentRunner.java:66)
	at org.junit.runners.ParentRunner$2.evaluate(ParentRunner.java:293)
	at org.junit.runners.ParentRunner$3.evaluate(ParentRunner.java:306)
	at org.junit.runners.ParentRunner.run(ParentRunner.java:413)
	at org.junit.runner.JUnitCore.run(JUnitCore.java:137)
	at org.junit.runner.JUnitCore.run(JUnitCore.java:115)
	at org.junit.vintage.engine.execution.RunnerExecutor.execute(RunnerExecutor.java:43)
	at java.util.stream.ForEachOps$ForEachOp$OfRef.accept(ForEachOps.java:183)
	at java.util.stream.ReferencePipeline$3$1.accept(ReferencePipeline.java:193)
	at java.util.Iterator.forEachRemaining(Iterator.java:116)
	at java.util.Spliterators$IteratorSpliterator.forEachRemaining(Spliterators.java:1801)
	at java.util.stream.AbstractPipeline.copyInto(AbstractPipeline.java:482)
	at java.util.stream.AbstractPipeline.wrapAndCopyInto(AbstractPipeline.java:472)
	at java.util.stream.ForEachOps$ForEachOp.evaluateSequential(ForEachOps.java:150)
	at java.util.stream.ForEachOps$ForEachOp$OfRef.evaluateSequential(ForEachOps.java:173)
	at java.util.stream.AbstractPipeline.evaluate(AbstractPipeline.java:234)
	at java.util.stream.ReferencePipeline.forEach(ReferencePipeline.java:485)
	at org.junit.vintage.engine.VintageTestEngine.executeAllChildren(VintageTestEngine.java:82)
	at org.junit.vintage.engine.VintageTestEngine.execute(VintageTestEngine.java:73)
	at org.junit.platform.launcher.core.DefaultLauncher.execute(DefaultLauncher.java:248)
	at org.junit.platform.launcher.core.DefaultLauncher.lambda$execute$5(DefaultLauncher.java:211)
	at org.junit.platform.launcher.core.DefaultLauncher.withInterceptedStreams(DefaultLauncher.java:226)
	at org.junit.platform.launcher.core.DefaultLauncher.execute(DefaultLauncher.java:199)
	at org.junit.platform.launcher.core.DefaultLauncher.execute(DefaultLauncher.java:132)
	at org.apache.maven.surefire.junitplatform.JUnitPlatformProvider.invokeAllTests(JUnitPlatformProvider.java:154)
	at org.apache.maven.surefire.junitplatform.JUnitPlatformProvider.invoke(JUnitPlatformProvider.java:123)
	at org.apache.maven.surefire.booter.ForkedBooter.runSuitesInProcess(ForkedBooter.java:377)
	at org.apache.maven.surefire.booter.ForkedBooter.execute(ForkedBooter.java:138)
	at org.apache.maven.surefire.booter.ForkedBooter.run(ForkedBooter.java:465)
	at org.apache.maven.surefire.booter.ForkedBooter.main(ForkedBooter.java:451)

2024-04-24T12:35:27,612 ERROR [main] exec.Task: Failed
org.apache.hadoop.hive.ql.metadata.HiveException: AlreadyExistsException(message:Table hive.default.alerts already exists)
	at org.apache.hadoop.hive.ql.metadata.Hive.createTable(Hive.java:1298) ~[classes/:?]
	at org.apache.hadoop.hive.ql.metadata.Hive.createTable(Hive.java:1306) ~[classes/:?]
	at org.apache.hadoop.hive.ql.ddl.table.create.CreateTableOperation.createTableNonReplaceMode(CreateTableOperation.java:140) ~[classes/:?]
	at org.apache.hadoop.hive.ql.ddl.table.create.CreateTableOperation.execute(CreateTableOperation.java:98) ~[classes/:?]
	at org.apache.hadoop.hive.ql.ddl.DDLTask.execute(DDLTask.java:84) ~[classes/:?]
	at org.apache.hadoop.hive.ql.exec.Task.executeTask(Task.java:212) ~[classes/:?]
	at org.apache.hadoop.hive.ql.exec.TaskRunner.runSequential(TaskRunner.java:105) ~[classes/:?]
	at org.apache.hadoop.hive.ql.Executor.launchTask(Executor.java:361) ~[classes/:?]
	at org.apache.hadoop.hive.ql.Executor.launchTasks(Executor.java:334) ~[classes/:?]
	at org.apache.hadoop.hive.ql.Executor.runTasks(Executor.java:245) ~[classes/:?]
	at org.apache.hadoop.hive.ql.Executor.execute(Executor.java:108) ~[classes/:?]
	at org.apache.hadoop.hive.ql.Driver.execute(Driver.java:348) ~[classes/:?]
	at org.apache.hadoop.hive.ql.Driver.runInternal(Driver.java:204) ~[classes/:?]
	at org.apache.hadoop.hive.ql.Driver.run(Driver.java:153) ~[classes/:?]
	at org.apache.hadoop.hive.ql.Driver.run(Driver.java:148) ~[classes/:?]
	at org.apache.hadoop.hive.ql.reexec.ReExecDriver.run(ReExecDriver.java:164) ~[classes/:?]
	at org.apache.hadoop.hive.ql.reexec.ReExecDriver.run(ReExecDriver.java:230) ~[classes/:?]
	at org.apache.hive.streaming.TestStreamingDynamicPartitioning.runDDL(TestStreamingDynamicPartitioning.java:829) ~[test-classes/:?]
	at org.apache.hive.streaming.TestStreamingDynamicPartitioning.createDbAndTable(TestStreamingDynamicPartitioning.java:885) ~[test-classes/:?]
	at org.apache.hive.streaming.TestStreamingDynamicPartitioning.setup(TestStreamingDynamicPartitioning.java:155) ~[test-classes/:?]
	at sun.reflect.NativeMethodAccessorImpl.invoke0(Native Method) ~[?:1.8.0_402]
	at sun.reflect.NativeMethodAccessorImpl.invoke(NativeMethodAccessorImpl.java:62) ~[?:1.8.0_402]
	at sun.reflect.DelegatingMethodAccessorImpl.invoke(DelegatingMethodAccessorImpl.java:43) ~[?:1.8.0_402]
	at java.lang.reflect.Method.invoke(Method.java:498) ~[?:1.8.0_402]
	at org.junit.runners.model.FrameworkMethod$1.runReflectiveCall(FrameworkMethod.java:59) ~[junit-4.13.jar:4.13]
	at org.junit.internal.runners.model.ReflectiveCallable.run(ReflectiveCallable.java:12) ~[junit-4.13.jar:4.13]
	at org.junit.runners.model.FrameworkMethod.invokeExplosively(FrameworkMethod.java:56) ~[junit-4.13.jar:4.13]
	at org.junit.internal.runners.statements.RunBefores.invokeMethod(RunBefores.java:33) ~[junit-4.13.jar:4.13]
	at org.junit.internal.runners.statements.RunBefores.evaluate(RunBefores.java:24) ~[junit-4.13.jar:4.13]
	at org.junit.internal.runners.statements.RunAfters.evaluate(RunAfters.java:27) ~[junit-4.13.jar:4.13]
	at org.junit.rules.ExternalResource$1.evaluate(ExternalResource.java:54) ~[junit-4.13.jar:4.13]
	at org.junit.runners.ParentRunner$3.evaluate(ParentRunner.java:306) ~[junit-4.13.jar:4.13]
	at org.junit.runners.BlockJUnit4ClassRunner$1.evaluate(BlockJUnit4ClassRunner.java:100) ~[junit-4.13.jar:4.13]
	at org.junit.runners.ParentRunner.runLeaf(ParentRunner.java:366) ~[junit-4.13.jar:4.13]
	at org.junit.runners.BlockJUnit4ClassRunner.runChild(BlockJUnit4ClassRunner.java:103) ~[junit-4.13.jar:4.13]
	at org.junit.runners.BlockJUnit4ClassRunner.runChild(BlockJUnit4ClassRunner.java:63) ~[junit-4.13.jar:4.13]
	at org.junit.runners.ParentRunner$4.run(ParentRunner.java:331) ~[junit-4.13.jar:4.13]
	at org.junit.runners.ParentRunner$1.schedule(ParentRunner.java:79) ~[junit-4.13.jar:4.13]
	at org.junit.runners.ParentRunner.runChildren(ParentRunner.java:329) ~[junit-4.13.jar:4.13]
	at org.junit.runners.ParentRunner.access$100(ParentRunner.java:66) ~[junit-4.13.jar:4.13]
	at org.junit.runners.ParentRunner$2.evaluate(ParentRunner.java:293) ~[junit-4.13.jar:4.13]
	at org.junit.runners.ParentRunner$3.evaluate(ParentRunner.java:306) ~[junit-4.13.jar:4.13]
	at org.junit.runners.ParentRunner.run(ParentRunner.java:413) ~[junit-4.13.jar:4.13]
	at org.junit.runner.JUnitCore.run(JUnitCore.java:137) ~[junit-4.13.jar:4.13]
	at org.junit.runner.JUnitCore.run(JUnitCore.java:115) ~[junit-4.13.jar:4.13]
	at org.junit.vintage.engine.execution.RunnerExecutor.execute(RunnerExecutor.java:43) ~[junit-vintage-engine-5.6.2.jar:5.6.2]
	at java.util.stream.ForEachOps$ForEachOp$OfRef.accept(ForEachOps.java:183) ~[?:1.8.0_402]
	at java.util.stream.ReferencePipeline$3$1.accept(ReferencePipeline.java:193) ~[?:1.8.0_402]
	at java.util.Iterator.forEachRemaining(Iterator.java:116) ~[?:1.8.0_402]
	at java.util.Spliterators$IteratorSpliterator.forEachRemaining(Spliterators.java:1801) ~[?:1.8.0_402]
	at java.util.stream.AbstractPipeline.copyInto(AbstractPipeline.java:482) ~[?:1.8.0_402]
	at java.util.stream.AbstractPipeline.wrapAndCopyInto(AbstractPipeline.java:472) ~[?:1.8.0_402]
	at java.util.stream.ForEachOps$ForEachOp.evaluateSequential(ForEachOps.java:150) ~[?:1.8.0_402]
	at java.util.stream.ForEachOps$ForEachOp$OfRef.evaluateSequential(ForEachOps.java:173) ~[?:1.8.0_402]
	at java.util.stream.AbstractPipeline.evaluate(AbstractPipeline.java:234) ~[?:1.8.0_402]
	at java.util.stream.ReferencePipeline.forEach(ReferencePipeline.java:485) ~[?:1.8.0_402]
	at org.junit.vintage.engine.VintageTestEngine.executeAllChildren(VintageTestEngine.java:82) ~[junit-vintage-engine-5.6.2.jar:5.6.2]
	at org.junit.vintage.engine.VintageTestEngine.execute(VintageTestEngine.java:73) ~[junit-vintage-engine-5.6.2.jar:5.6.2]
	at org.junit.platform.launcher.core.DefaultLauncher.execute(DefaultLauncher.java:248) ~[junit-platform-launcher-1.6.2.jar:1.6.2]
	at org.junit.platform.launcher.core.DefaultLauncher.lambda$execute$5(DefaultLauncher.java:211) ~[junit-platform-launcher-1.6.2.jar:1.6.2]
	at org.junit.platform.launcher.core.DefaultLauncher.withInterceptedStreams(DefaultLauncher.java:226) [junit-platform-launcher-1.6.2.jar:1.6.2]
	at org.junit.platform.launcher.core.DefaultLauncher.execute(DefaultLauncher.java:199) [junit-platform-launcher-1.6.2.jar:1.6.2]
	at org.junit.platform.launcher.core.DefaultLauncher.execute(DefaultLauncher.java:132) [junit-platform-launcher-1.6.2.jar:1.6.2]
	at org.apache.maven.surefire.junitplatform.JUnitPlatformProvider.invokeAllTests(JUnitPlatformProvider.java:154) [surefire-junit-platform-3.0.0-M4.jar:3.0.0-M4]
	at org.apache.maven.surefire.junitplatform.JUnitPlatformProvider.invoke(JUnitPlatformProvider.java:123) [surefire-junit-platform-3.0.0-M4.jar:3.0.0-M4]
	at org.apache.maven.surefire.booter.ForkedBooter.runSuitesInProcess(ForkedBooter.java:377) [surefire-booter-3.0.0-M4.jar:3.0.0-M4]
	at org.apache.maven.surefire.booter.ForkedBooter.execute(ForkedBooter.java:138) [surefire-booter-3.0.0-M4.jar:3.0.0-M4]
	at org.apache.maven.surefire.booter.ForkedBooter.run(ForkedBooter.java:465) [surefire-booter-3.0.0-M4.jar:3.0.0-M4]
	at org.apache.maven.surefire.booter.ForkedBooter.main(ForkedBooter.java:451) [surefire-booter-3.0.0-M4.jar:3.0.0-M4]
Caused by: org.apache.hadoop.hive.metastore.api.AlreadyExistsException: Table hive.default.alerts already exists
	at org.apache.hadoop.hive.metastore.HMSHandler.create_table_core(HMSHandler.java:2339) ~[classes/:?]
	at org.apache.hadoop.hive.metastore.HMSHandler.create_table_req(HMSHandler.java:2598) ~[classes/:?]
	at sun.reflect.NativeMethodAccessorImpl.invoke0(Native Method) ~[?:1.8.0_402]
	at sun.reflect.NativeMethodAccessorImpl.invoke(NativeMethodAccessorImpl.java:62) ~[?:1.8.0_402]
	at sun.reflect.DelegatingMethodAccessorImpl.invoke(DelegatingMethodAccessorImpl.java:43) ~[?:1.8.0_402]
	at java.lang.reflect.Method.invoke(Method.java:498) ~[?:1.8.0_402]
	at org.apache.hadoop.hive.metastore.RetryingHMSHandler.invokeInternal(RetryingHMSHandler.java:147) ~[classes/:?]
	at org.apache.hadoop.hive.metastore.RetryingHMSHandler.invoke(RetryingHMSHandler.java:108) ~[classes/:?]
	at com.sun.proxy.$Proxy38.create_table_req(Unknown Source) ~[?:?]
	at org.apache.hadoop.hive.metastore.HiveMetaStoreClient.create_table_with_environment_context(HiveMetaStoreClient.java:4408) ~[classes/:?]
	at org.apache.hadoop.hive.ql.metadata.SessionHiveMetaStoreClient.create_table_with_environment_context(SessionHiveMetaStoreClient.java:182) ~[classes/:?]
	at org.apache.hadoop.hive.metastore.HiveMetaStoreClient.createTable(HiveMetaStoreClient.java:1260) ~[classes/:?]
	at org.apache.hadoop.hive.metastore.HiveMetaStoreClient.createTable(HiveMetaStoreClient.java:1245) ~[classes/:?]
	at sun.reflect.NativeMethodAccessorImpl.invoke0(Native Method) ~[?:1.8.0_402]
	at sun.reflect.NativeMethodAccessorImpl.invoke(NativeMethodAccessorImpl.java:62) ~[?:1.8.0_402]
	at sun.reflect.DelegatingMethodAccessorImpl.invoke(DelegatingMethodAccessorImpl.java:43) ~[?:1.8.0_402]
	at java.lang.reflect.Method.invoke(Method.java:498) ~[?:1.8.0_402]
	at org.apache.hadoop.hive.metastore.RetryingMetaStoreClient.invoke(RetryingMetaStoreClient.java:218) ~[classes/:?]
	at com.sun.proxy.$Proxy47.createTable(Unknown Source) ~[?:?]
	at org.apache.hadoop.hive.ql.metadata.Hive.createTable(Hive.java:1290) ~[classes/:?]
	... 68 more
2024-04-24T12:35:27,612 ERROR [main] exec.Task: DDLTask failed, DDL Operation: class org.apache.hadoop.hive.ql.ddl.table.create.CreateTableOperation
org.apache.hadoop.hive.ql.metadata.HiveException: AlreadyExistsException(message:Table hive.default.alerts already exists)
	at org.apache.hadoop.hive.ql.metadata.Hive.createTable(Hive.java:1298) ~[classes/:?]
	at org.apache.hadoop.hive.ql.metadata.Hive.createTable(Hive.java:1306) ~[classes/:?]
	at org.apache.hadoop.hive.ql.ddl.table.create.CreateTableOperation.createTableNonReplaceMode(CreateTableOperation.java:140) ~[classes/:?]
	at org.apache.hadoop.hive.ql.ddl.table.create.CreateTableOperation.execute(CreateTableOperation.java:98) ~[classes/:?]
	at org.apache.hadoop.hive.ql.ddl.DDLTask.execute(DDLTask.java:84) ~[classes/:?]
	at org.apache.hadoop.hive.ql.exec.Task.executeTask(Task.java:212) ~[classes/:?]
	at org.apache.hadoop.hive.ql.exec.TaskRunner.runSequential(TaskRunner.java:105) ~[classes/:?]
	at org.apache.hadoop.hive.ql.Executor.launchTask(Executor.java:361) ~[classes/:?]
	at org.apache.hadoop.hive.ql.Executor.launchTasks(Executor.java:334) ~[classes/:?]
	at org.apache.hadoop.hive.ql.Executor.runTasks(Executor.java:245) ~[classes/:?]
	at org.apache.hadoop.hive.ql.Executor.execute(Executor.java:108) ~[classes/:?]
	at org.apache.hadoop.hive.ql.Driver.execute(Driver.java:348) ~[classes/:?]
	at org.apache.hadoop.hive.ql.Driver.runInternal(Driver.java:204) ~[classes/:?]
	at org.apache.hadoop.hive.ql.Driver.run(Driver.java:153) ~[classes/:?]
	at org.apache.hadoop.hive.ql.Driver.run(Driver.java:148) ~[classes/:?]
	at org.apache.hadoop.hive.ql.reexec.ReExecDriver.run(ReExecDriver.java:164) ~[classes/:?]
	at org.apache.hadoop.hive.ql.reexec.ReExecDriver.run(ReExecDriver.java:230) ~[classes/:?]
	at org.apache.hive.streaming.TestStreamingDynamicPartitioning.runDDL(TestStreamingDynamicPartitioning.java:829) ~[test-classes/:?]
	at org.apache.hive.streaming.TestStreamingDynamicPartitioning.createDbAndTable(TestStreamingDynamicPartitioning.java:885) ~[test-classes/:?]
	at org.apache.hive.streaming.TestStreamingDynamicPartitioning.setup(TestStreamingDynamicPartitioning.java:155) ~[test-classes/:?]
	at sun.reflect.NativeMethodAccessorImpl.invoke0(Native Method) ~[?:1.8.0_402]
	at sun.reflect.NativeMethodAccessorImpl.invoke(NativeMethodAccessorImpl.java:62) ~[?:1.8.0_402]
	at sun.reflect.DelegatingMethodAccessorImpl.invoke(DelegatingMethodAccessorImpl.java:43) ~[?:1.8.0_402]
	at java.lang.reflect.Method.invoke(Method.java:498) ~[?:1.8.0_402]
	at org.junit.runners.model.FrameworkMethod$1.runReflectiveCall(FrameworkMethod.java:59) ~[junit-4.13.jar:4.13]
	at org.junit.internal.runners.model.ReflectiveCallable.run(ReflectiveCallable.java:12) ~[junit-4.13.jar:4.13]
	at org.junit.runners.model.FrameworkMethod.invokeExplosively(FrameworkMethod.java:56) ~[junit-4.13.jar:4.13]
	at org.junit.internal.runners.statements.RunBefores.invokeMethod(RunBefores.java:33) ~[junit-4.13.jar:4.13]
	at org.junit.internal.runners.statements.RunBefores.evaluate(RunBefores.java:24) ~[junit-4.13.jar:4.13]
	at org.junit.internal.runners.statements.RunAfters.evaluate(RunAfters.java:27) ~[junit-4.13.jar:4.13]
	at org.junit.rules.ExternalResource$1.evaluate(ExternalResource.java:54) ~[junit-4.13.jar:4.13]
	at org.junit.runners.ParentRunner$3.evaluate(ParentRunner.java:306) ~[junit-4.13.jar:4.13]
	at org.junit.runners.BlockJUnit4ClassRunner$1.evaluate(BlockJUnit4ClassRunner.java:100) ~[junit-4.13.jar:4.13]
	at org.junit.runners.ParentRunner.runLeaf(ParentRunner.java:366) ~[junit-4.13.jar:4.13]
	at org.junit.runners.BlockJUnit4ClassRunner.runChild(BlockJUnit4ClassRunner.java:103) ~[junit-4.13.jar:4.13]
	at org.junit.runners.BlockJUnit4ClassRunner.runChild(BlockJUnit4ClassRunner.java:63) ~[junit-4.13.jar:4.13]
	at org.junit.runners.ParentRunner$4.run(ParentRunner.java:331) ~[junit-4.13.jar:4.13]
	at org.junit.runners.ParentRunner$1.schedule(ParentRunner.java:79) ~[junit-4.13.jar:4.13]
	at org.junit.runners.ParentRunner.runChildren(ParentRunner.java:329) ~[junit-4.13.jar:4.13]
	at org.junit.runners.ParentRunner.access$100(ParentRunner.java:66) ~[junit-4.13.jar:4.13]
	at org.junit.runners.ParentRunner$2.evaluate(ParentRunner.java:293) ~[junit-4.13.jar:4.13]
	at org.junit.runners.ParentRunner$3.evaluate(ParentRunner.java:306) ~[junit-4.13.jar:4.13]
	at org.junit.runners.ParentRunner.run(ParentRunner.java:413) ~[junit-4.13.jar:4.13]
	at org.junit.runner.JUnitCore.run(JUnitCore.java:137) ~[junit-4.13.jar:4.13]
	at org.junit.runner.JUnitCore.run(JUnitCore.java:115) ~[junit-4.13.jar:4.13]
	at org.junit.vintage.engine.execution.RunnerExecutor.execute(RunnerExecutor.java:43) ~[junit-vintage-engine-5.6.2.jar:5.6.2]
	at java.util.stream.ForEachOps$ForEachOp$OfRef.accept(ForEachOps.java:183) ~[?:1.8.0_402]
	at java.util.stream.ReferencePipeline$3$1.accept(ReferencePipeline.java:193) ~[?:1.8.0_402]
	at java.util.Iterator.forEachRemaining(Iterator.java:116) ~[?:1.8.0_402]
	at java.util.Spliterators$IteratorSpliterator.forEachRemaining(Spliterators.java:1801) ~[?:1.8.0_402]
	at java.util.stream.AbstractPipeline.copyInto(AbstractPipeline.java:482) ~[?:1.8.0_402]
	at java.util.stream.AbstractPipeline.wrapAndCopyInto(AbstractPipeline.java:472) ~[?:1.8.0_402]
	at java.util.stream.ForEachOps$ForEachOp.evaluateSequential(ForEachOps.java:150) ~[?:1.8.0_402]
	at java.util.stream.ForEachOps$ForEachOp$OfRef.evaluateSequential(ForEachOps.java:173) ~[?:1.8.0_402]
	at java.util.stream.AbstractPipeline.evaluate(AbstractPipeline.java:234) ~[?:1.8.0_402]
	at java.util.stream.ReferencePipeline.forEach(ReferencePipeline.java:485) ~[?:1.8.0_402]
	at org.junit.vintage.engine.VintageTestEngine.executeAllChildren(VintageTestEngine.java:82) ~[junit-vintage-engine-5.6.2.jar:5.6.2]
	at org.junit.vintage.engine.VintageTestEngine.execute(VintageTestEngine.java:73) ~[junit-vintage-engine-5.6.2.jar:5.6.2]
	at org.junit.platform.launcher.core.DefaultLauncher.execute(DefaultLauncher.java:248) ~[junit-platform-launcher-1.6.2.jar:1.6.2]
	at org.junit.platform.launcher.core.DefaultLauncher.lambda$execute$5(DefaultLauncher.java:211) ~[junit-platform-launcher-1.6.2.jar:1.6.2]
	at org.junit.platform.launcher.core.DefaultLauncher.withInterceptedStreams(DefaultLauncher.java:226) [junit-platform-launcher-1.6.2.jar:1.6.2]
	at org.junit.platform.launcher.core.DefaultLauncher.execute(DefaultLauncher.java:199) [junit-platform-launcher-1.6.2.jar:1.6.2]
	at org.junit.platform.launcher.core.DefaultLauncher.execute(DefaultLauncher.java:132) [junit-platform-launcher-1.6.2.jar:1.6.2]
	at org.apache.maven.surefire.junitplatform.JUnitPlatformProvider.invokeAllTests(JUnitPlatformProvider.java:154) [surefire-junit-platform-3.0.0-M4.jar:3.0.0-M4]
	at org.apache.maven.surefire.junitplatform.JUnitPlatformProvider.invoke(JUnitPlatformProvider.java:123) [surefire-junit-platform-3.0.0-M4.jar:3.0.0-M4]
	at org.apache.maven.surefire.booter.ForkedBooter.runSuitesInProcess(ForkedBooter.java:377) [surefire-booter-3.0.0-M4.jar:3.0.0-M4]
	at org.apache.maven.surefire.booter.ForkedBooter.execute(ForkedBooter.java:138) [surefire-booter-3.0.0-M4.jar:3.0.0-M4]
	at org.apache.maven.surefire.booter.ForkedBooter.run(ForkedBooter.java:465) [surefire-booter-3.0.0-M4.jar:3.0.0-M4]
	at org.apache.maven.surefire.booter.ForkedBooter.main(ForkedBooter.java:451) [surefire-booter-3.0.0-M4.jar:3.0.0-M4]
Caused by: org.apache.hadoop.hive.metastore.api.AlreadyExistsException: Table hive.default.alerts already exists
	at org.apache.hadoop.hive.metastore.HMSHandler.create_table_core(HMSHandler.java:2339) ~[classes/:?]
	at org.apache.hadoop.hive.metastore.HMSHandler.create_table_req(HMSHandler.java:2598) ~[classes/:?]
	at sun.reflect.NativeMethodAccessorImpl.invoke0(Native Method) ~[?:1.8.0_402]
	at sun.reflect.NativeMethodAccessorImpl.invoke(NativeMethodAccessorImpl.java:62) ~[?:1.8.0_402]
	at sun.reflect.DelegatingMethodAccessorImpl.invoke(DelegatingMethodAccessorImpl.java:43) ~[?:1.8.0_402]
	at java.lang.reflect.Method.invoke(Method.java:498) ~[?:1.8.0_402]
	at org.apache.hadoop.hive.metastore.RetryingHMSHandler.invokeInternal(RetryingHMSHandler.java:147) ~[classes/:?]
	at org.apache.hadoop.hive.metastore.RetryingHMSHandler.invoke(RetryingHMSHandler.java:108) ~[classes/:?]
	at com.sun.proxy.$Proxy38.create_table_req(Unknown Source) ~[?:?]
	at org.apache.hadoop.hive.metastore.HiveMetaStoreClient.create_table_with_environment_context(HiveMetaStoreClient.java:4408) ~[classes/:?]
	at org.apache.hadoop.hive.ql.metadata.SessionHiveMetaStoreClient.create_table_with_environment_context(SessionHiveMetaStoreClient.java:182) ~[classes/:?]
	at org.apache.hadoop.hive.metastore.HiveMetaStoreClient.createTable(HiveMetaStoreClient.java:1260) ~[classes/:?]
	at org.apache.hadoop.hive.metastore.HiveMetaStoreClient.createTable(HiveMetaStoreClient.java:1245) ~[classes/:?]
	at sun.reflect.NativeMethodAccessorImpl.invoke0(Native Method) ~[?:1.8.0_402]
	at sun.reflect.NativeMethodAccessorImpl.invoke(NativeMethodAccessorImpl.java:62) ~[?:1.8.0_402]
	at sun.reflect.DelegatingMethodAccessorImpl.invoke(DelegatingMethodAccessorImpl.java:43) ~[?:1.8.0_402]
	at java.lang.reflect.Method.invoke(Method.java:498) ~[?:1.8.0_402]
	at org.apache.hadoop.hive.metastore.RetryingMetaStoreClient.invoke(RetryingMetaStoreClient.java:218) ~[classes/:?]
	at com.sun.proxy.$Proxy47.createTable(Unknown Source) ~[?:?]
	at org.apache.hadoop.hive.ql.metadata.Hive.createTable(Hive.java:1290) ~[classes/:?]
	... 68 more
2024-04-24T12:35:27,613  INFO [main] reexec.ReOptimizePlugin: ReOptimization: retryPossible: false
2024-04-24T12:35:27,613  INFO [main] reexec.ReExecuteLostAMQueryPlugin: Got exception message: AlreadyExistsException(message:Table hive.default.alerts already exists) retryPossible: false
2024-04-24T12:35:27,613  INFO [main] reexec.ReExecutionDagSubmitPlugin: Got exception message: AlreadyExistsException(message:Table hive.default.alerts already exists) retryPossible: false
FAILED: Execution Error, return code 40000 from org.apache.hadoop.hive.ql.ddl.DDLTask. AlreadyExistsException(message:Table hive.default.alerts already exists)
2024-04-24T12:35:27,613 ERROR [main] ql.Driver: FAILED: Execution Error, return code 40000 from org.apache.hadoop.hive.ql.ddl.DDLTask. AlreadyExistsException(message:Table hive.default.alerts already exists)
2024-04-24T12:35:27,614  INFO [main] metadata.Hive: Dumping metastore api call timing information for : execution phase
2024-04-24T12:35:27,614  INFO [main] metadata.Hive: Total time spent in each metastore function (ms): {isCompatibleWith_(Configuration)=0}
2024-04-24T12:35:27,614  INFO [main] ql.Driver: Completed executing command(queryId=alex_20240424123527_10202f2e-1f23-45bc-a63b-75dca87e6c5a); Time taken: 0.014 seconds
2024-04-24T12:35:27,614  INFO [main] lockmgr.DbTxnManager: Stopped heartbeat for query: alex_20240424123527_10202f2e-1f23-45bc-a63b-75dca87e6c5a
2024-04-24T12:35:27,615  INFO [main] txn.TxnHandler: Removed transactions: ([2]) from MIN_HISTORY_LEVEL
2024-04-24T12:35:27,618 ERROR [main] streaming.TestStreamingDynamicPartitioning: Statement: create table alerts ( id int,msg string ) partitioned by (Continent string,Country string ) clustered by ( id ) into 1 buckets  stored as orc  location 'raw:///home/alex/Repositories/hive/streaming/target/tmp/junit7462186603354866091/testing.db/alerts' TBLPROPERTIES ('transactional'='true')  failed: (responseCode = 40000, errorMessage = FAILED: Execution Error, return code 40000 from org.apache.hadoop.hive.ql.ddl.DDLTask. AlreadyExistsException(message:Table hive.default.alerts already exists), hiveErrorCode = 40000, SQLState = 08S01, exception = AlreadyExistsException(message:Table hive.default.alerts already exists))
2024-04-24T12:35:27,618  INFO [main] HiveMetaStore.audit: ugi=alex	ip=unknown-ip-addr	cmd=get_table_names_by_filter: db = @hive#testing2, filter = 	
2024-04-24T12:35:27,620  INFO [main] HiveMetaStore.audit: ugi=alex	ip=unknown-ip-addr	cmd=get_database: testing2	
2024-04-24T12:35:27,621  INFO [main] ql.Driver: Compiling command(queryId=alex_20240424123527_10202f2e-1f23-45bc-a63b-75dca87e6c5a): create database IF NOT EXISTS testing5 location 'raw:///home/alex/Repositories/hive/streaming/target/tmp/junit4991369386543994984/testing5.db'
2024-04-24T12:35:27,624  INFO [main] txn.TxnHandler: Added entries to MIN_HISTORY_LEVEL for current txns: ([3]) with min_open_txn: 1
2024-04-24T12:35:27,624  INFO [main] lockmgr.DbTxnManager: Opened txnid:3
2024-04-24T12:35:27,625  INFO [main] ql.Driver: Semantic Analysis Completed (retrial = false)
2024-04-24T12:35:27,625  INFO [main] ql.Driver: Created Hive schema: Schema(fieldSchemas:null, properties:null)
2024-04-24T12:35:27,625  INFO [main] metadata.Hive: Dumping metastore api call timing information for : compilation phase
2024-04-24T12:35:27,625  INFO [main] metadata.Hive: Total time spent in each metastore function (ms): {getValidTxns_(long)=1, isCompatibleWith_(Configuration)=0, openTxn_(String, TxnType)=2, flushCache_()=0, rollbackTxn_(long)=4}
2024-04-24T12:35:27,626  INFO [main] ql.Driver: Completed compiling command(queryId=alex_20240424123527_10202f2e-1f23-45bc-a63b-75dca87e6c5a); Time taken: 0.004 seconds
2024-04-24T12:35:27,626  INFO [main] reexec.ReExecDriver: Execution #1 of query
2024-04-24T12:35:27,626  INFO [main] lockmgr.DbTxnManager: Setting lock request transaction to txnid:3 for queryId=alex_20240424123527_10202f2e-1f23-45bc-a63b-75dca87e6c5a
2024-04-24T12:35:27,626  INFO [main] ql.Driver: Operation CREATEDATABASE obtained 0 locks
2024-04-24T12:35:27,626  INFO [main] ql.Driver: Executing command(queryId=alex_20240424123527_10202f2e-1f23-45bc-a63b-75dca87e6c5a): create database IF NOT EXISTS testing5 location 'raw:///home/alex/Repositories/hive/streaming/target/tmp/junit4991369386543994984/testing5.db'
PREHOOK: query: create database IF NOT EXISTS testing5 location 'raw:///home/alex/Repositories/hive/streaming/target/tmp/junit4991369386543994984/testing5.db'
2024-04-24T12:35:27,626  INFO [main] SessionState: PREHOOK: query: create database IF NOT EXISTS testing5 location 'raw:///home/alex/Repositories/hive/streaming/target/tmp/junit4991369386543994984/testing5.db'
PREHOOK: type: CREATEDATABASE
2024-04-24T12:35:27,626  INFO [main] SessionState: PREHOOK: type: CREATEDATABASE
PREHOOK: Output: database:testing5
2024-04-24T12:35:27,626  INFO [main] SessionState: PREHOOK: Output: database:testing5
PREHOOK: Output: raw:/home/alex/Repositories/hive/streaming/target/tmp/junit4991369386543994984/testing5.db
2024-04-24T12:35:27,626  INFO [main] SessionState: PREHOOK: Output: raw:/home/alex/Repositories/hive/streaming/target/tmp/junit4991369386543994984/testing5.db
2024-04-24T12:35:27,627  INFO [main] ql.Driver: Starting task [Stage-0:DDL] in serial mode
2024-04-24T12:35:27,627  INFO [main] HiveMetaStore.audit: ugi=alex	ip=unknown-ip-addr	cmd=create_database: Database(name:testing5, description:null, locationUri:raw:/home/alex/Repositories/hive/streaming/target/tmp/junit4991369386543994984/testing5.db, parameters:null, ownerName:alex, ownerType:USER, catalogName:hive, managedLocationUri:pfile:/home/alex/Repositories/hive/streaming/target/warehouse/testing5.db, type:NATIVE)	
2024-04-24T12:35:27,633 ERROR [main] metastore.RetryingHMSHandler: MetaException(message:Unable to create database managed directory pfile:/home/alex/Repositories/hive/streaming/target/warehouse/testing5.db, failed to create database testing5)
	at org.apache.hadoop.hive.metastore.HMSHandler.create_database_core(HMSHandler.java:1366)
	at org.apache.hadoop.hive.metastore.HMSHandler.create_database(HMSHandler.java:1486)
	at sun.reflect.GeneratedMethodAccessor93.invoke(Unknown Source)
	at sun.reflect.DelegatingMethodAccessorImpl.invoke(DelegatingMethodAccessorImpl.java:43)
	at java.lang.reflect.Method.invoke(Method.java:498)
	at org.apache.hadoop.hive.metastore.RetryingHMSHandler.invokeInternal(RetryingHMSHandler.java:147)
	at org.apache.hadoop.hive.metastore.RetryingHMSHandler.invoke(RetryingHMSHandler.java:108)
	at com.sun.proxy.$Proxy38.create_database(Unknown Source)
	at org.apache.hadoop.hive.metastore.HiveMetaStoreClient.createDatabase(HiveMetaStoreClient.java:1151)
	at sun.reflect.GeneratedMethodAccessor92.invoke(Unknown Source)
	at sun.reflect.DelegatingMethodAccessorImpl.invoke(DelegatingMethodAccessorImpl.java:43)
	at java.lang.reflect.Method.invoke(Method.java:498)
	at org.apache.hadoop.hive.metastore.RetryingMetaStoreClient.invoke(RetryingMetaStoreClient.java:218)
	at com.sun.proxy.$Proxy47.createDatabase(Unknown Source)
	at org.apache.hadoop.hive.ql.metadata.Hive.createDatabase(Hive.java:605)
	at org.apache.hadoop.hive.ql.ddl.database.create.CreateDatabaseOperation.execute(CreateDatabaseOperation.java:68)
	at org.apache.hadoop.hive.ql.ddl.DDLTask.execute(DDLTask.java:84)
	at org.apache.hadoop.hive.ql.exec.Task.executeTask(Task.java:212)
	at org.apache.hadoop.hive.ql.exec.TaskRunner.runSequential(TaskRunner.java:105)
	at org.apache.hadoop.hive.ql.Executor.launchTask(Executor.java:361)
	at org.apache.hadoop.hive.ql.Executor.launchTasks(Executor.java:334)
	at org.apache.hadoop.hive.ql.Executor.runTasks(Executor.java:245)
	at org.apache.hadoop.hive.ql.Executor.execute(Executor.java:108)
	at org.apache.hadoop.hive.ql.Driver.execute(Driver.java:348)
	at org.apache.hadoop.hive.ql.Driver.runInternal(Driver.java:204)
	at org.apache.hadoop.hive.ql.Driver.run(Driver.java:153)
	at org.apache.hadoop.hive.ql.Driver.run(Driver.java:148)
	at org.apache.hadoop.hive.ql.reexec.ReExecDriver.run(ReExecDriver.java:164)
	at org.apache.hadoop.hive.ql.reexec.ReExecDriver.run(ReExecDriver.java:230)
	at org.apache.hive.streaming.TestStreamingDynamicPartitioning.runDDL(TestStreamingDynamicPartitioning.java:829)
	at org.apache.hive.streaming.TestStreamingDynamicPartitioning.createStoreSales(TestStreamingDynamicPartitioning.java:177)
	at org.apache.hive.streaming.TestStreamingDynamicPartitioning.setup(TestStreamingDynamicPartitioning.java:160)
	at sun.reflect.NativeMethodAccessorImpl.invoke0(Native Method)
	at sun.reflect.NativeMethodAccessorImpl.invoke(NativeMethodAccessorImpl.java:62)
	at sun.reflect.DelegatingMethodAccessorImpl.invoke(DelegatingMethodAccessorImpl.java:43)
	at java.lang.reflect.Method.invoke(Method.java:498)
	at org.junit.runners.model.FrameworkMethod$1.runReflectiveCall(FrameworkMethod.java:59)
	at org.junit.internal.runners.model.ReflectiveCallable.run(ReflectiveCallable.java:12)
	at org.junit.runners.model.FrameworkMethod.invokeExplosively(FrameworkMethod.java:56)
	at org.junit.internal.runners.statements.RunBefores.invokeMethod(RunBefores.java:33)
	at org.junit.internal.runners.statements.RunBefores.evaluate(RunBefores.java:24)
	at org.junit.internal.runners.statements.RunAfters.evaluate(RunAfters.java:27)
	at org.junit.rules.ExternalResource$1.evaluate(ExternalResource.java:54)
	at org.junit.runners.ParentRunner$3.evaluate(ParentRunner.java:306)
	at org.junit.runners.BlockJUnit4ClassRunner$1.evaluate(BlockJUnit4ClassRunner.java:100)
	at org.junit.runners.ParentRunner.runLeaf(ParentRunner.java:366)
	at org.junit.runners.BlockJUnit4ClassRunner.runChild(BlockJUnit4ClassRunner.java:103)
	at org.junit.runners.BlockJUnit4ClassRunner.runChild(BlockJUnit4ClassRunner.java:63)
	at org.junit.runners.ParentRunner$4.run(ParentRunner.java:331)
	at org.junit.runners.ParentRunner$1.schedule(ParentRunner.java:79)
	at org.junit.runners.ParentRunner.runChildren(ParentRunner.java:329)
	at org.junit.runners.ParentRunner.access$100(ParentRunner.java:66)
	at org.junit.runners.ParentRunner$2.evaluate(ParentRunner.java:293)
	at org.junit.runners.ParentRunner$3.evaluate(ParentRunner.java:306)
	at org.junit.runners.ParentRunner.run(ParentRunner.java:413)
	at org.junit.runner.JUnitCore.run(JUnitCore.java:137)
	at org.junit.runner.JUnitCore.run(JUnitCore.java:115)
	at org.junit.vintage.engine.execution.RunnerExecutor.execute(RunnerExecutor.java:43)
	at java.util.stream.ForEachOps$ForEachOp$OfRef.accept(ForEachOps.java:183)
	at java.util.stream.ReferencePipeline$3$1.accept(ReferencePipeline.java:193)
	at java.util.Iterator.forEachRemaining(Iterator.java:116)
	at java.util.Spliterators$IteratorSpliterator.forEachRemaining(Spliterators.java:1801)
	at java.util.stream.AbstractPipeline.copyInto(AbstractPipeline.java:482)
	at java.util.stream.AbstractPipeline.wrapAndCopyInto(AbstractPipeline.java:472)
	at java.util.stream.ForEachOps$ForEachOp.evaluateSequential(ForEachOps.java:150)
	at java.util.stream.ForEachOps$ForEachOp$OfRef.evaluateSequential(ForEachOps.java:173)
	at java.util.stream.AbstractPipeline.evaluate(AbstractPipeline.java:234)
	at java.util.stream.ReferencePipeline.forEach(ReferencePipeline.java:485)
	at org.junit.vintage.engine.VintageTestEngine.executeAllChildren(VintageTestEngine.java:82)
	at org.junit.vintage.engine.VintageTestEngine.execute(VintageTestEngine.java:73)
	at org.junit.platform.launcher.core.DefaultLauncher.execute(DefaultLauncher.java:248)
	at org.junit.platform.launcher.core.DefaultLauncher.lambda$execute$5(DefaultLauncher.java:211)
	at org.junit.platform.launcher.core.DefaultLauncher.withInterceptedStreams(DefaultLauncher.java:226)
	at org.junit.platform.launcher.core.DefaultLauncher.execute(DefaultLauncher.java:199)
	at org.junit.platform.launcher.core.DefaultLauncher.execute(DefaultLauncher.java:132)
	at org.apache.maven.surefire.junitplatform.JUnitPlatformProvider.invokeAllTests(JUnitPlatformProvider.java:154)
	at org.apache.maven.surefire.junitplatform.JUnitPlatformProvider.invoke(JUnitPlatformProvider.java:123)
	at org.apache.maven.surefire.booter.ForkedBooter.runSuitesInProcess(ForkedBooter.java:377)
	at org.apache.maven.surefire.booter.ForkedBooter.execute(ForkedBooter.java:138)
	at org.apache.maven.surefire.booter.ForkedBooter.run(ForkedBooter.java:465)
	at org.apache.maven.surefire.booter.ForkedBooter.main(ForkedBooter.java:451)

2024-04-24T12:35:27,633 ERROR [main] exec.Task: Failed
org.apache.hadoop.hive.ql.metadata.HiveException: MetaException(message:Unable to create database managed directory pfile:/home/alex/Repositories/hive/streaming/target/warehouse/testing5.db, failed to create database testing5)
	at org.apache.hadoop.hive.ql.metadata.Hive.createDatabase(Hive.java:611) ~[classes/:?]
	at org.apache.hadoop.hive.ql.ddl.database.create.CreateDatabaseOperation.execute(CreateDatabaseOperation.java:68) ~[classes/:?]
	at org.apache.hadoop.hive.ql.ddl.DDLTask.execute(DDLTask.java:84) ~[classes/:?]
	at org.apache.hadoop.hive.ql.exec.Task.executeTask(Task.java:212) ~[classes/:?]
	at org.apache.hadoop.hive.ql.exec.TaskRunner.runSequential(TaskRunner.java:105) ~[classes/:?]
	at org.apache.hadoop.hive.ql.Executor.launchTask(Executor.java:361) ~[classes/:?]
	at org.apache.hadoop.hive.ql.Executor.launchTasks(Executor.java:334) ~[classes/:?]
	at org.apache.hadoop.hive.ql.Executor.runTasks(Executor.java:245) ~[classes/:?]
	at org.apache.hadoop.hive.ql.Executor.execute(Executor.java:108) ~[classes/:?]
	at org.apache.hadoop.hive.ql.Driver.execute(Driver.java:348) ~[classes/:?]
	at org.apache.hadoop.hive.ql.Driver.runInternal(Driver.java:204) ~[classes/:?]
	at org.apache.hadoop.hive.ql.Driver.run(Driver.java:153) ~[classes/:?]
	at org.apache.hadoop.hive.ql.Driver.run(Driver.java:148) ~[classes/:?]
	at org.apache.hadoop.hive.ql.reexec.ReExecDriver.run(ReExecDriver.java:164) ~[classes/:?]
	at org.apache.hadoop.hive.ql.reexec.ReExecDriver.run(ReExecDriver.java:230) ~[classes/:?]
	at org.apache.hive.streaming.TestStreamingDynamicPartitioning.runDDL(TestStreamingDynamicPartitioning.java:829) ~[test-classes/:?]
	at org.apache.hive.streaming.TestStreamingDynamicPartitioning.createStoreSales(TestStreamingDynamicPartitioning.java:177) ~[test-classes/:?]
	at org.apache.hive.streaming.TestStreamingDynamicPartitioning.setup(TestStreamingDynamicPartitioning.java:160) ~[test-classes/:?]
	at sun.reflect.NativeMethodAccessorImpl.invoke0(Native Method) ~[?:1.8.0_402]
	at sun.reflect.NativeMethodAccessorImpl.invoke(NativeMethodAccessorImpl.java:62) ~[?:1.8.0_402]
	at sun.reflect.DelegatingMethodAccessorImpl.invoke(DelegatingMethodAccessorImpl.java:43) ~[?:1.8.0_402]
	at java.lang.reflect.Method.invoke(Method.java:498) ~[?:1.8.0_402]
	at org.junit.runners.model.FrameworkMethod$1.runReflectiveCall(FrameworkMethod.java:59) ~[junit-4.13.jar:4.13]
	at org.junit.internal.runners.model.ReflectiveCallable.run(ReflectiveCallable.java:12) ~[junit-4.13.jar:4.13]
	at org.junit.runners.model.FrameworkMethod.invokeExplosively(FrameworkMethod.java:56) ~[junit-4.13.jar:4.13]
	at org.junit.internal.runners.statements.RunBefores.invokeMethod(RunBefores.java:33) ~[junit-4.13.jar:4.13]
	at org.junit.internal.runners.statements.RunBefores.evaluate(RunBefores.java:24) ~[junit-4.13.jar:4.13]
	at org.junit.internal.runners.statements.RunAfters.evaluate(RunAfters.java:27) ~[junit-4.13.jar:4.13]
	at org.junit.rules.ExternalResource$1.evaluate(ExternalResource.java:54) ~[junit-4.13.jar:4.13]
	at org.junit.runners.ParentRunner$3.evaluate(ParentRunner.java:306) ~[junit-4.13.jar:4.13]
	at org.junit.runners.BlockJUnit4ClassRunner$1.evaluate(BlockJUnit4ClassRunner.java:100) ~[junit-4.13.jar:4.13]
	at org.junit.runners.ParentRunner.runLeaf(ParentRunner.java:366) ~[junit-4.13.jar:4.13]
	at org.junit.runners.BlockJUnit4ClassRunner.runChild(BlockJUnit4ClassRunner.java:103) ~[junit-4.13.jar:4.13]
	at org.junit.runners.BlockJUnit4ClassRunner.runChild(BlockJUnit4ClassRunner.java:63) ~[junit-4.13.jar:4.13]
	at org.junit.runners.ParentRunner$4.run(ParentRunner.java:331) ~[junit-4.13.jar:4.13]
	at org.junit.runners.ParentRunner$1.schedule(ParentRunner.java:79) ~[junit-4.13.jar:4.13]
	at org.junit.runners.ParentRunner.runChildren(ParentRunner.java:329) ~[junit-4.13.jar:4.13]
	at org.junit.runners.ParentRunner.access$100(ParentRunner.java:66) ~[junit-4.13.jar:4.13]
	at org.junit.runners.ParentRunner$2.evaluate(ParentRunner.java:293) ~[junit-4.13.jar:4.13]
	at org.junit.runners.ParentRunner$3.evaluate(ParentRunner.java:306) ~[junit-4.13.jar:4.13]
	at org.junit.runners.ParentRunner.run(ParentRunner.java:413) ~[junit-4.13.jar:4.13]
	at org.junit.runner.JUnitCore.run(JUnitCore.java:137) ~[junit-4.13.jar:4.13]
	at org.junit.runner.JUnitCore.run(JUnitCore.java:115) ~[junit-4.13.jar:4.13]
	at org.junit.vintage.engine.execution.RunnerExecutor.execute(RunnerExecutor.java:43) ~[junit-vintage-engine-5.6.2.jar:5.6.2]
	at java.util.stream.ForEachOps$ForEachOp$OfRef.accept(ForEachOps.java:183) ~[?:1.8.0_402]
	at java.util.stream.ReferencePipeline$3$1.accept(ReferencePipeline.java:193) ~[?:1.8.0_402]
	at java.util.Iterator.forEachRemaining(Iterator.java:116) ~[?:1.8.0_402]
	at java.util.Spliterators$IteratorSpliterator.forEachRemaining(Spliterators.java:1801) ~[?:1.8.0_402]
	at java.util.stream.AbstractPipeline.copyInto(AbstractPipeline.java:482) ~[?:1.8.0_402]
	at java.util.stream.AbstractPipeline.wrapAndCopyInto(AbstractPipeline.java:472) ~[?:1.8.0_402]
	at java.util.stream.ForEachOps$ForEachOp.evaluateSequential(ForEachOps.java:150) ~[?:1.8.0_402]
	at java.util.stream.ForEachOps$ForEachOp$OfRef.evaluateSequential(ForEachOps.java:173) ~[?:1.8.0_402]
	at java.util.stream.AbstractPipeline.evaluate(AbstractPipeline.java:234) ~[?:1.8.0_402]
	at java.util.stream.ReferencePipeline.forEach(ReferencePipeline.java:485) ~[?:1.8.0_402]
	at org.junit.vintage.engine.VintageTestEngine.executeAllChildren(VintageTestEngine.java:82) ~[junit-vintage-engine-5.6.2.jar:5.6.2]
	at org.junit.vintage.engine.VintageTestEngine.execute(VintageTestEngine.java:73) ~[junit-vintage-engine-5.6.2.jar:5.6.2]
	at org.junit.platform.launcher.core.DefaultLauncher.execute(DefaultLauncher.java:248) ~[junit-platform-launcher-1.6.2.jar:1.6.2]
	at org.junit.platform.launcher.core.DefaultLauncher.lambda$execute$5(DefaultLauncher.java:211) ~[junit-platform-launcher-1.6.2.jar:1.6.2]
	at org.junit.platform.launcher.core.DefaultLauncher.withInterceptedStreams(DefaultLauncher.java:226) [junit-platform-launcher-1.6.2.jar:1.6.2]
	at org.junit.platform.launcher.core.DefaultLauncher.execute(DefaultLauncher.java:199) [junit-platform-launcher-1.6.2.jar:1.6.2]
	at org.junit.platform.launcher.core.DefaultLauncher.execute(DefaultLauncher.java:132) [junit-platform-launcher-1.6.2.jar:1.6.2]
	at org.apache.maven.surefire.junitplatform.JUnitPlatformProvider.invokeAllTests(JUnitPlatformProvider.java:154) [surefire-junit-platform-3.0.0-M4.jar:3.0.0-M4]
	at org.apache.maven.surefire.junitplatform.JUnitPlatformProvider.invoke(JUnitPlatformProvider.java:123) [surefire-junit-platform-3.0.0-M4.jar:3.0.0-M4]
	at org.apache.maven.surefire.booter.ForkedBooter.runSuitesInProcess(ForkedBooter.java:377) [surefire-booter-3.0.0-M4.jar:3.0.0-M4]
	at org.apache.maven.surefire.booter.ForkedBooter.execute(ForkedBooter.java:138) [surefire-booter-3.0.0-M4.jar:3.0.0-M4]
	at org.apache.maven.surefire.booter.ForkedBooter.run(ForkedBooter.java:465) [surefire-booter-3.0.0-M4.jar:3.0.0-M4]
	at org.apache.maven.surefire.booter.ForkedBooter.main(ForkedBooter.java:451) [surefire-booter-3.0.0-M4.jar:3.0.0-M4]
Caused by: org.apache.hadoop.hive.metastore.api.MetaException: Unable to create database managed directory pfile:/home/alex/Repositories/hive/streaming/target/warehouse/testing5.db, failed to create database testing5
	at org.apache.hadoop.hive.metastore.HMSHandler.create_database_core(HMSHandler.java:1366) ~[classes/:?]
	at org.apache.hadoop.hive.metastore.HMSHandler.create_database(HMSHandler.java:1486) ~[classes/:?]
	at sun.reflect.GeneratedMethodAccessor93.invoke(Unknown Source) ~[?:?]
	at sun.reflect.DelegatingMethodAccessorImpl.invoke(DelegatingMethodAccessorImpl.java:43) ~[?:1.8.0_402]
	at java.lang.reflect.Method.invoke(Method.java:498) ~[?:1.8.0_402]
	at org.apache.hadoop.hive.metastore.RetryingHMSHandler.invokeInternal(RetryingHMSHandler.java:147) ~[classes/:?]
	at org.apache.hadoop.hive.metastore.RetryingHMSHandler.invoke(RetryingHMSHandler.java:108) ~[classes/:?]
	at com.sun.proxy.$Proxy38.create_database(Unknown Source) ~[?:?]
	at org.apache.hadoop.hive.metastore.HiveMetaStoreClient.createDatabase(HiveMetaStoreClient.java:1151) ~[classes/:?]
	at sun.reflect.GeneratedMethodAccessor92.invoke(Unknown Source) ~[?:?]
	at sun.reflect.DelegatingMethodAccessorImpl.invoke(DelegatingMethodAccessorImpl.java:43) ~[?:1.8.0_402]
	at java.lang.reflect.Method.invoke(Method.java:498) ~[?:1.8.0_402]
	at org.apache.hadoop.hive.metastore.RetryingMetaStoreClient.invoke(RetryingMetaStoreClient.java:218) ~[classes/:?]
	at com.sun.proxy.$Proxy47.createDatabase(Unknown Source) ~[?:?]
	at org.apache.hadoop.hive.ql.metadata.Hive.createDatabase(Hive.java:605) ~[classes/:?]
	... 66 more
2024-04-24T12:35:27,637 ERROR [main] exec.Task: DDLTask failed, DDL Operation: class org.apache.hadoop.hive.ql.ddl.database.create.CreateDatabaseOperation
org.apache.hadoop.hive.ql.metadata.HiveException: MetaException(message:Unable to create database managed directory pfile:/home/alex/Repositories/hive/streaming/target/warehouse/testing5.db, failed to create database testing5)
	at org.apache.hadoop.hive.ql.metadata.Hive.createDatabase(Hive.java:611) ~[classes/:?]
	at org.apache.hadoop.hive.ql.ddl.database.create.CreateDatabaseOperation.execute(CreateDatabaseOperation.java:68) ~[classes/:?]
	at org.apache.hadoop.hive.ql.ddl.DDLTask.execute(DDLTask.java:84) ~[classes/:?]
	at org.apache.hadoop.hive.ql.exec.Task.executeTask(Task.java:212) ~[classes/:?]
	at org.apache.hadoop.hive.ql.exec.TaskRunner.runSequential(TaskRunner.java:105) ~[classes/:?]
	at org.apache.hadoop.hive.ql.Executor.launchTask(Executor.java:361) ~[classes/:?]
	at org.apache.hadoop.hive.ql.Executor.launchTasks(Executor.java:334) ~[classes/:?]
	at org.apache.hadoop.hive.ql.Executor.runTasks(Executor.java:245) ~[classes/:?]
	at org.apache.hadoop.hive.ql.Executor.execute(Executor.java:108) ~[classes/:?]
	at org.apache.hadoop.hive.ql.Driver.execute(Driver.java:348) ~[classes/:?]
	at org.apache.hadoop.hive.ql.Driver.runInternal(Driver.java:204) ~[classes/:?]
	at org.apache.hadoop.hive.ql.Driver.run(Driver.java:153) ~[classes/:?]
	at org.apache.hadoop.hive.ql.Driver.run(Driver.java:148) ~[classes/:?]
	at org.apache.hadoop.hive.ql.reexec.ReExecDriver.run(ReExecDriver.java:164) ~[classes/:?]
	at org.apache.hadoop.hive.ql.reexec.ReExecDriver.run(ReExecDriver.java:230) ~[classes/:?]
	at org.apache.hive.streaming.TestStreamingDynamicPartitioning.runDDL(TestStreamingDynamicPartitioning.java:829) ~[test-classes/:?]
	at org.apache.hive.streaming.TestStreamingDynamicPartitioning.createStoreSales(TestStreamingDynamicPartitioning.java:177) ~[test-classes/:?]
	at org.apache.hive.streaming.TestStreamingDynamicPartitioning.setup(TestStreamingDynamicPartitioning.java:160) ~[test-classes/:?]
	at sun.reflect.NativeMethodAccessorImpl.invoke0(Native Method) ~[?:1.8.0_402]
	at sun.reflect.NativeMethodAccessorImpl.invoke(NativeMethodAccessorImpl.java:62) ~[?:1.8.0_402]
	at sun.reflect.DelegatingMethodAccessorImpl.invoke(DelegatingMethodAccessorImpl.java:43) ~[?:1.8.0_402]
	at java.lang.reflect.Method.invoke(Method.java:498) ~[?:1.8.0_402]
	at org.junit.runners.model.FrameworkMethod$1.runReflectiveCall(FrameworkMethod.java:59) ~[junit-4.13.jar:4.13]
	at org.junit.internal.runners.model.ReflectiveCallable.run(ReflectiveCallable.java:12) ~[junit-4.13.jar:4.13]
	at org.junit.runners.model.FrameworkMethod.invokeExplosively(FrameworkMethod.java:56) ~[junit-4.13.jar:4.13]
	at org.junit.internal.runners.statements.RunBefores.invokeMethod(RunBefores.java:33) ~[junit-4.13.jar:4.13]
	at org.junit.internal.runners.statements.RunBefores.evaluate(RunBefores.java:24) ~[junit-4.13.jar:4.13]
	at org.junit.internal.runners.statements.RunAfters.evaluate(RunAfters.java:27) ~[junit-4.13.jar:4.13]
	at org.junit.rules.ExternalResource$1.evaluate(ExternalResource.java:54) ~[junit-4.13.jar:4.13]
	at org.junit.runners.ParentRunner$3.evaluate(ParentRunner.java:306) ~[junit-4.13.jar:4.13]
	at org.junit.runners.BlockJUnit4ClassRunner$1.evaluate(BlockJUnit4ClassRunner.java:100) ~[junit-4.13.jar:4.13]
	at org.junit.runners.ParentRunner.runLeaf(ParentRunner.java:366) ~[junit-4.13.jar:4.13]
	at org.junit.runners.BlockJUnit4ClassRunner.runChild(BlockJUnit4ClassRunner.java:103) ~[junit-4.13.jar:4.13]
	at org.junit.runners.BlockJUnit4ClassRunner.runChild(BlockJUnit4ClassRunner.java:63) ~[junit-4.13.jar:4.13]
	at org.junit.runners.ParentRunner$4.run(ParentRunner.java:331) ~[junit-4.13.jar:4.13]
	at org.junit.runners.ParentRunner$1.schedule(ParentRunner.java:79) ~[junit-4.13.jar:4.13]
	at org.junit.runners.ParentRunner.runChildren(ParentRunner.java:329) ~[junit-4.13.jar:4.13]
	at org.junit.runners.ParentRunner.access$100(ParentRunner.java:66) ~[junit-4.13.jar:4.13]
	at org.junit.runners.ParentRunner$2.evaluate(ParentRunner.java:293) ~[junit-4.13.jar:4.13]
	at org.junit.runners.ParentRunner$3.evaluate(ParentRunner.java:306) ~[junit-4.13.jar:4.13]
	at org.junit.runners.ParentRunner.run(ParentRunner.java:413) ~[junit-4.13.jar:4.13]
	at org.junit.runner.JUnitCore.run(JUnitCore.java:137) ~[junit-4.13.jar:4.13]
	at org.junit.runner.JUnitCore.run(JUnitCore.java:115) ~[junit-4.13.jar:4.13]
	at org.junit.vintage.engine.execution.RunnerExecutor.execute(RunnerExecutor.java:43) ~[junit-vintage-engine-5.6.2.jar:5.6.2]
	at java.util.stream.ForEachOps$ForEachOp$OfRef.accept(ForEachOps.java:183) ~[?:1.8.0_402]
	at java.util.stream.ReferencePipeline$3$1.accept(ReferencePipeline.java:193) ~[?:1.8.0_402]
	at java.util.Iterator.forEachRemaining(Iterator.java:116) ~[?:1.8.0_402]
	at java.util.Spliterators$IteratorSpliterator.forEachRemaining(Spliterators.java:1801) ~[?:1.8.0_402]
	at java.util.stream.AbstractPipeline.copyInto(AbstractPipeline.java:482) ~[?:1.8.0_402]
	at java.util.stream.AbstractPipeline.wrapAndCopyInto(AbstractPipeline.java:472) ~[?:1.8.0_402]
	at java.util.stream.ForEachOps$ForEachOp.evaluateSequential(ForEachOps.java:150) ~[?:1.8.0_402]
	at java.util.stream.ForEachOps$ForEachOp$OfRef.evaluateSequential(ForEachOps.java:173) ~[?:1.8.0_402]
	at java.util.stream.AbstractPipeline.evaluate(AbstractPipeline.java:234) ~[?:1.8.0_402]
	at java.util.stream.ReferencePipeline.forEach(ReferencePipeline.java:485) ~[?:1.8.0_402]
	at org.junit.vintage.engine.VintageTestEngine.executeAllChildren(VintageTestEngine.java:82) ~[junit-vintage-engine-5.6.2.jar:5.6.2]
	at org.junit.vintage.engine.VintageTestEngine.execute(VintageTestEngine.java:73) ~[junit-vintage-engine-5.6.2.jar:5.6.2]
	at org.junit.platform.launcher.core.DefaultLauncher.execute(DefaultLauncher.java:248) ~[junit-platform-launcher-1.6.2.jar:1.6.2]
	at org.junit.platform.launcher.core.DefaultLauncher.lambda$execute$5(DefaultLauncher.java:211) ~[junit-platform-launcher-1.6.2.jar:1.6.2]
	at org.junit.platform.launcher.core.DefaultLauncher.withInterceptedStreams(DefaultLauncher.java:226) [junit-platform-launcher-1.6.2.jar:1.6.2]
	at org.junit.platform.launcher.core.DefaultLauncher.execute(DefaultLauncher.java:199) [junit-platform-launcher-1.6.2.jar:1.6.2]
	at org.junit.platform.launcher.core.DefaultLauncher.execute(DefaultLauncher.java:132) [junit-platform-launcher-1.6.2.jar:1.6.2]
	at org.apache.maven.surefire.junitplatform.JUnitPlatformProvider.invokeAllTests(JUnitPlatformProvider.java:154) [surefire-junit-platform-3.0.0-M4.jar:3.0.0-M4]
	at org.apache.maven.surefire.junitplatform.JUnitPlatformProvider.invoke(JUnitPlatformProvider.java:123) [surefire-junit-platform-3.0.0-M4.jar:3.0.0-M4]
	at org.apache.maven.surefire.booter.ForkedBooter.runSuitesInProcess(ForkedBooter.java:377) [surefire-booter-3.0.0-M4.jar:3.0.0-M4]
	at org.apache.maven.surefire.booter.ForkedBooter.execute(ForkedBooter.java:138) [surefire-booter-3.0.0-M4.jar:3.0.0-M4]
	at org.apache.maven.surefire.booter.ForkedBooter.run(ForkedBooter.java:465) [surefire-booter-3.0.0-M4.jar:3.0.0-M4]
	at org.apache.maven.surefire.booter.ForkedBooter.main(ForkedBooter.java:451) [surefire-booter-3.0.0-M4.jar:3.0.0-M4]
Caused by: org.apache.hadoop.hive.metastore.api.MetaException: Unable to create database managed directory pfile:/home/alex/Repositories/hive/streaming/target/warehouse/testing5.db, failed to create database testing5
	at org.apache.hadoop.hive.metastore.HMSHandler.create_database_core(HMSHandler.java:1366) ~[classes/:?]
	at org.apache.hadoop.hive.metastore.HMSHandler.create_database(HMSHandler.java:1486) ~[classes/:?]
	at sun.reflect.GeneratedMethodAccessor93.invoke(Unknown Source) ~[?:?]
	at sun.reflect.DelegatingMethodAccessorImpl.invoke(DelegatingMethodAccessorImpl.java:43) ~[?:1.8.0_402]
	at java.lang.reflect.Method.invoke(Method.java:498) ~[?:1.8.0_402]
	at org.apache.hadoop.hive.metastore.RetryingHMSHandler.invokeInternal(RetryingHMSHandler.java:147) ~[classes/:?]
	at org.apache.hadoop.hive.metastore.RetryingHMSHandler.invoke(RetryingHMSHandler.java:108) ~[classes/:?]
	at com.sun.proxy.$Proxy38.create_database(Unknown Source) ~[?:?]
	at org.apache.hadoop.hive.metastore.HiveMetaStoreClient.createDatabase(HiveMetaStoreClient.java:1151) ~[classes/:?]
	at sun.reflect.GeneratedMethodAccessor92.invoke(Unknown Source) ~[?:?]
	at sun.reflect.DelegatingMethodAccessorImpl.invoke(DelegatingMethodAccessorImpl.java:43) ~[?:1.8.0_402]
	at java.lang.reflect.Method.invoke(Method.java:498) ~[?:1.8.0_402]
	at org.apache.hadoop.hive.metastore.RetryingMetaStoreClient.invoke(RetryingMetaStoreClient.java:218) ~[classes/:?]
	at com.sun.proxy.$Proxy47.createDatabase(Unknown Source) ~[?:?]
	at org.apache.hadoop.hive.ql.metadata.Hive.createDatabase(Hive.java:605) ~[classes/:?]
	... 66 more
2024-04-24T12:35:27,640  INFO [main] reexec.ReOptimizePlugin: ReOptimization: retryPossible: false
2024-04-24T12:35:27,641  INFO [main] reexec.ReExecuteLostAMQueryPlugin: Got exception message: MetaException(message:Unable to create database managed directory pfile:/home/alex/Repositories/hive/streaming/target/warehouse/testing5.db, failed to create database testing5) retryPossible: false
2024-04-24T12:35:27,641  INFO [main] reexec.ReExecutionDagSubmitPlugin: Got exception message: MetaException(message:Unable to create database managed directory pfile:/home/alex/Repositories/hive/streaming/target/warehouse/testing5.db, failed to create database testing5) retryPossible: false
FAILED: Execution Error, return code 40000 from org.apache.hadoop.hive.ql.ddl.DDLTask. MetaException(message:Unable to create database managed directory pfile:/home/alex/Repositories/hive/streaming/target/warehouse/testing5.db, failed to create database testing5)
2024-04-24T12:35:27,641 ERROR [main] ql.Driver: FAILED: Execution Error, return code 40000 from org.apache.hadoop.hive.ql.ddl.DDLTask. MetaException(message:Unable to create database managed directory pfile:/home/alex/Repositories/hive/streaming/target/warehouse/testing5.db, failed to create database testing5)
2024-04-24T12:35:27,641  INFO [main] metadata.Hive: Dumping metastore api call timing information for : execution phase
2024-04-24T12:35:27,641  INFO [main] metadata.Hive: Total time spent in each metastore function (ms): {isCompatibleWith_(Configuration)=0}
2024-04-24T12:35:27,641  INFO [main] ql.Driver: Completed executing command(queryId=alex_20240424123527_10202f2e-1f23-45bc-a63b-75dca87e6c5a); Time taken: 0.015 seconds
2024-04-24T12:35:27,641  INFO [main] lockmgr.DbTxnManager: Stopped heartbeat for query: alex_20240424123527_10202f2e-1f23-45bc-a63b-75dca87e6c5a
2024-04-24T12:35:27,644  INFO [main] txn.TxnHandler: Removed transactions: ([3]) from MIN_HISTORY_LEVEL
2024-04-24T12:35:27,647 ERROR [main] streaming.TestStreamingDynamicPartitioning: Statement: create database IF NOT EXISTS testing5 location 'raw:///home/alex/Repositories/hive/streaming/target/tmp/junit4991369386543994984/testing5.db' failed: (responseCode = 40000, errorMessage = FAILED: Execution Error, return code 40000 from org.apache.hadoop.hive.ql.ddl.DDLTask. MetaException(message:Unable to create database managed directory pfile:/home/alex/Repositories/hive/streaming/target/warehouse/testing5.db, failed to create database testing5), hiveErrorCode = 40000, SQLState = 08S01, exception = MetaException(message:Unable to create database managed directory pfile:/home/alex/Repositories/hive/streaming/target/warehouse/testing5.db, failed to create database testing5))
2024-04-24T12:35:27,648  INFO [main] HiveMetaStore.audit: ugi=alex	ip=unknown-ip-addr	cmd=Cleaning up thread local RawStore...	
2024-04-24T12:35:27,648  INFO [main] metastore.ObjectStore: RawStore: org.apache.hadoop.hive.metastore.ObjectStore@29e3c28, with PersistenceManager: org.datanucleus.api.jdo.JDOPersistenceManager@480994d3 will be shutdown
2024-04-24T12:35:27,648  INFO [main] HiveMetaStore.audit: ugi=alex	ip=unknown-ip-addr	cmd=Done cleaning up thread local RawStore	
2024-04-24T12:35:27,648  INFO [main] metastore.HiveMetaStoreClient: Closed a connection to metastore, current connections: -32
]]></system-err>
  </testcase>
  <testcase name="testDynamicPartitioning" classname="org.apache.hive.streaming.TestStreamingDynamicPartitioning" time="0.197">
    <failure type="java.lang.AssertionError"><![CDATA[java.lang.AssertionError
	at org.junit.Assert.fail(Assert.java:87)
	at org.junit.Assert.assertTrue(Assert.java:42)
	at org.junit.Assert.assertTrue(Assert.java:53)
	at org.apache.hive.streaming.TestStreamingDynamicPartitioning.createStoreSales(TestStreamingDynamicPartitioning.java:178)
	at org.apache.hive.streaming.TestStreamingDynamicPartitioning.setup(TestStreamingDynamicPartitioning.java:160)
	at sun.reflect.NativeMethodAccessorImpl.invoke0(Native Method)
	at sun.reflect.NativeMethodAccessorImpl.invoke(NativeMethodAccessorImpl.java:62)
	at sun.reflect.DelegatingMethodAccessorImpl.invoke(DelegatingMethodAccessorImpl.java:43)
	at java.lang.reflect.Method.invoke(Method.java:498)
	at org.junit.runners.model.FrameworkMethod$1.runReflectiveCall(FrameworkMethod.java:59)
	at org.junit.internal.runners.model.ReflectiveCallable.run(ReflectiveCallable.java:12)
	at org.junit.runners.model.FrameworkMethod.invokeExplosively(FrameworkMethod.java:56)
	at org.junit.internal.runners.statements.RunBefores.invokeMethod(RunBefores.java:33)
	at org.junit.internal.runners.statements.RunBefores.evaluate(RunBefores.java:24)
	at org.junit.internal.runners.statements.RunAfters.evaluate(RunAfters.java:27)
	at org.junit.rules.ExternalResource$1.evaluate(ExternalResource.java:54)
	at org.junit.runners.ParentRunner$3.evaluate(ParentRunner.java:306)
	at org.junit.runners.BlockJUnit4ClassRunner$1.evaluate(BlockJUnit4ClassRunner.java:100)
	at org.junit.runners.ParentRunner.runLeaf(ParentRunner.java:366)
	at org.junit.runners.BlockJUnit4ClassRunner.runChild(BlockJUnit4ClassRunner.java:103)
	at org.junit.runners.BlockJUnit4ClassRunner.runChild(BlockJUnit4ClassRunner.java:63)
	at org.junit.runners.ParentRunner$4.run(ParentRunner.java:331)
	at org.junit.runners.ParentRunner$1.schedule(ParentRunner.java:79)
	at org.junit.runners.ParentRunner.runChildren(ParentRunner.java:329)
	at org.junit.runners.ParentRunner.access$100(ParentRunner.java:66)
	at org.junit.runners.ParentRunner$2.evaluate(ParentRunner.java:293)
	at org.junit.runners.ParentRunner$3.evaluate(ParentRunner.java:306)
	at org.junit.runners.ParentRunner.run(ParentRunner.java:413)
	at org.junit.runner.JUnitCore.run(JUnitCore.java:137)
	at org.junit.runner.JUnitCore.run(JUnitCore.java:115)
	at org.junit.vintage.engine.execution.RunnerExecutor.execute(RunnerExecutor.java:43)
	at java.util.stream.ForEachOps$ForEachOp$OfRef.accept(ForEachOps.java:183)
	at java.util.stream.ReferencePipeline$3$1.accept(ReferencePipeline.java:193)
	at java.util.Iterator.forEachRemaining(Iterator.java:116)
	at java.util.Spliterators$IteratorSpliterator.forEachRemaining(Spliterators.java:1801)
	at java.util.stream.AbstractPipeline.copyInto(AbstractPipeline.java:482)
	at java.util.stream.AbstractPipeline.wrapAndCopyInto(AbstractPipeline.java:472)
	at java.util.stream.ForEachOps$ForEachOp.evaluateSequential(ForEachOps.java:150)
	at java.util.stream.ForEachOps$ForEachOp$OfRef.evaluateSequential(ForEachOps.java:173)
	at java.util.stream.AbstractPipeline.evaluate(AbstractPipeline.java:234)
	at java.util.stream.ReferencePipeline.forEach(ReferencePipeline.java:485)
	at org.junit.vintage.engine.VintageTestEngine.executeAllChildren(VintageTestEngine.java:82)
	at org.junit.vintage.engine.VintageTestEngine.execute(VintageTestEngine.java:73)
	at org.junit.platform.launcher.core.DefaultLauncher.execute(DefaultLauncher.java:248)
	at org.junit.platform.launcher.core.DefaultLauncher.lambda$execute$5(DefaultLauncher.java:211)
	at org.junit.platform.launcher.core.DefaultLauncher.withInterceptedStreams(DefaultLauncher.java:226)
	at org.junit.platform.launcher.core.DefaultLauncher.execute(DefaultLauncher.java:199)
	at org.junit.platform.launcher.core.DefaultLauncher.execute(DefaultLauncher.java:132)
	at org.apache.maven.surefire.junitplatform.JUnitPlatformProvider.invokeAllTests(JUnitPlatformProvider.java:154)
	at org.apache.maven.surefire.junitplatform.JUnitPlatformProvider.invoke(JUnitPlatformProvider.java:123)
	at org.apache.maven.surefire.booter.ForkedBooter.runSuitesInProcess(ForkedBooter.java:377)
	at org.apache.maven.surefire.booter.ForkedBooter.execute(ForkedBooter.java:138)
	at org.apache.maven.surefire.booter.ForkedBooter.run(ForkedBooter.java:465)
	at org.apache.maven.surefire.booter.ForkedBooter.main(ForkedBooter.java:451)
]]></failure>
    <system-out><![CDATA[create database IF NOT EXISTS testing location 'raw:///home/alex/Repositories/hive/streaming/target/tmp/junit6580331184947278797/testing.db'
use testing
create table alerts ( id int,msg string ) partitioned by (Continent string,Country string ) clustered by ( id ) into 1 buckets  stored as orc  location 'raw:///home/alex/Repositories/hive/streaming/target/tmp/junit6580331184947278797/testing.db/alerts' TBLPROPERTIES ('transactional'='true') 
create database IF NOT EXISTS testing5 location 'raw:///home/alex/Repositories/hive/streaming/target/tmp/junit7130590112087557744/testing5.db'
]]></system-out>
    <system-err><![CDATA[2024-04-24T12:35:27,682  WARN [main] conf.HiveConf: HiveConf of name hive.metastore.client.cache.recordStats does not exist
2024-04-24T12:35:27,682  WARN [main] conf.HiveConf: HiveConf of name hive.dummyparam.test.server.specific.config.metastoresite does not exist
2024-04-24T12:35:27,682  WARN [main] conf.HiveConf: HiveConf of name hive.dummyparam.test.server.specific.config.override does not exist
2024-04-24T12:35:27,682  WARN [main] conf.HiveConf: HiveConf of name hive.stats.key.prefix.reserve.length does not exist
2024-04-24T12:35:27,682  WARN [main] conf.HiveConf: HiveConf of name hive.llap.io.cache.orc.size does not exist
2024-04-24T12:35:27,682  WARN [main] conf.HiveConf: HiveConf of name hive.llap.io.cache.orc.arena.size does not exist
2024-04-24T12:35:27,682  WARN [main] conf.HiveConf: HiveConf of name hive.llap.io.cache.orc.alloc.min does not exist
2024-04-24T12:35:27,682  WARN [main] conf.HiveConf: HiveConf of name hive.llap.io.cache.orc.alloc.max does not exist
2024-04-24T12:35:27,682  WARN [main] conf.HiveConf: HiveConf of name hive.metastore.client.cache.maxSize does not exist
2024-04-24T12:35:27,683  WARN [main] conf.HiveConf: HiveConf of name hive.dummyparam.test.server.specific.config.hivesite does not exist
2024-04-24T12:35:27,683  WARN [main] conf.HiveConf: HiveConf of name hive.metastore.metadb.dir does not exist
2024-04-24T12:35:27,683  INFO [main] utils.TestTxnDbUtil: Cleaning transactional tables
2024-04-24T12:35:27,696  INFO [main] utils.TestTxnDbUtil: Creating transactional tables
2024-04-24T12:35:27,700  INFO [main] metastore.HiveMetaStoreClient: HMS client filtering is enabled.
2024-04-24T12:35:27,701  INFO [main] metastore.HMSHandler: 0: Opening raw store with implementation class:org.apache.hadoop.hive.metastore.ObjectStore
2024-04-24T12:35:27,701  INFO [main] metastore.PersistenceManagerProvider: Configuration datanucleus.autoStartMechanismMode is not set. Defaulting to 'ignored'
2024-04-24T12:35:27,702  INFO [main] metastore.ObjectStore: RawStore: org.apache.hadoop.hive.metastore.ObjectStore@1fcfcf37, with PersistenceManager: null will be shutdown
2024-04-24T12:35:27,702  INFO [main] metastore.ObjectStore: RawStore: org.apache.hadoop.hive.metastore.ObjectStore@1fcfcf37, with PersistenceManager: org.datanucleus.api.jdo.JDOPersistenceManager@3ebc6d8b created in the thread with id: 1
2024-04-24T12:35:27,705  INFO [main] metastore.HMSHandler: Created RawStore: org.apache.hadoop.hive.metastore.ObjectStore@1fcfcf37 from thread id: 1
2024-04-24T12:35:27,705  INFO [main] metastore.HMSHandler: HMS server filtering is disabled by configuration
Hive Session ID = c71680b3-457f-4745-8bf6-68e31f60b0a3
2024-04-24T12:35:27,705  INFO [main] SessionState: Hive Session ID = c71680b3-457f-4745-8bf6-68e31f60b0a3
ivysettings.xml file not found in HIVE_HOME or HIVE_CONF_DIR,/home/alex/Repositories/hive/conf/ivysettings.xml will be used
2024-04-24T12:35:27,706  INFO [main] DependencyResolver: ivysettings.xml file not found in HIVE_HOME or HIVE_CONF_DIR,/home/alex/Repositories/hive/conf/ivysettings.xml will be used
2024-04-24T12:35:27,712  INFO [main] session.SessionState: Created HDFS directory: /home/alex/Repositories/hive/streaming/target/tmp/scratchdir/alex/c71680b3-457f-4745-8bf6-68e31f60b0a3
2024-04-24T12:35:27,714  INFO [main] session.SessionState: Created local directory: /home/alex/Repositories/hive/streaming/target/tmp/localscratchdir/c71680b3-457f-4745-8bf6-68e31f60b0a3
2024-04-24T12:35:27,717  INFO [main] session.SessionState: Created HDFS directory: /home/alex/Repositories/hive/streaming/target/tmp/scratchdir/alex/c71680b3-457f-4745-8bf6-68e31f60b0a3/_tmp_space.db
2024-04-24T12:35:27,718  INFO [main] HiveMetaStore.audit: ugi=alex	ip=unknown-ip-addr	cmd=get_table_names_by_filter: db = @hive#testing, filter = 	
2024-04-24T12:35:27,719  INFO [main] HiveMetaStore.audit: ugi=alex	ip=unknown-ip-addr	cmd=get_database: testing	
2024-04-24T12:35:27,720  INFO [main] ql.Driver: Compiling command(queryId=alex_20240424123527_e1c9e73f-a66e-42e2-8083-fad97712867f): create database IF NOT EXISTS testing location 'raw:///home/alex/Repositories/hive/streaming/target/tmp/junit6580331184947278797/testing.db'
2024-04-24T12:35:27,727  INFO [main] txn.TxnHandler: Added entries to MIN_HISTORY_LEVEL for current txns: ([1]) with min_open_txn: 1
2024-04-24T12:35:27,728  INFO [main] lockmgr.DbTxnManager: Opened txnid:1
2024-04-24T12:35:27,730  INFO [main] ql.Driver: Semantic Analysis Completed (retrial = false)
2024-04-24T12:35:27,730  INFO [main] ql.Driver: Created Hive schema: Schema(fieldSchemas:null, properties:null)
2024-04-24T12:35:27,730  INFO [main] metadata.Hive: Dumping metastore api call timing information for : compilation phase
2024-04-24T12:35:27,730  INFO [main] metadata.Hive: Total time spent in each metastore function (ms): {openTxn_(String, TxnType)=7, rollbackTxn_(long)=6, flushCache_()=0, isCompatibleWith_(Configuration)=1, getValidTxns_(long)=2}
2024-04-24T12:35:27,731  INFO [main] ql.Driver: Completed compiling command(queryId=alex_20240424123527_e1c9e73f-a66e-42e2-8083-fad97712867f); Time taken: 0.01 seconds
2024-04-24T12:35:27,731  INFO [main] reexec.ReExecDriver: Execution #1 of query
2024-04-24T12:35:27,731  INFO [main] lockmgr.DbTxnManager: Setting lock request transaction to txnid:1 for queryId=alex_20240424123527_e1c9e73f-a66e-42e2-8083-fad97712867f
2024-04-24T12:35:27,731  INFO [main] ql.Driver: Operation CREATEDATABASE obtained 0 locks
2024-04-24T12:35:27,731  INFO [main] ql.Driver: Executing command(queryId=alex_20240424123527_e1c9e73f-a66e-42e2-8083-fad97712867f): create database IF NOT EXISTS testing location 'raw:///home/alex/Repositories/hive/streaming/target/tmp/junit6580331184947278797/testing.db'
PREHOOK: query: create database IF NOT EXISTS testing location 'raw:///home/alex/Repositories/hive/streaming/target/tmp/junit6580331184947278797/testing.db'
2024-04-24T12:35:27,731  INFO [main] SessionState: PREHOOK: query: create database IF NOT EXISTS testing location 'raw:///home/alex/Repositories/hive/streaming/target/tmp/junit6580331184947278797/testing.db'
PREHOOK: type: CREATEDATABASE
2024-04-24T12:35:27,731  INFO [main] SessionState: PREHOOK: type: CREATEDATABASE
PREHOOK: Output: database:testing
2024-04-24T12:35:27,731  INFO [main] SessionState: PREHOOK: Output: database:testing
PREHOOK: Output: raw:/home/alex/Repositories/hive/streaming/target/tmp/junit6580331184947278797/testing.db
2024-04-24T12:35:27,731  INFO [main] SessionState: PREHOOK: Output: raw:/home/alex/Repositories/hive/streaming/target/tmp/junit6580331184947278797/testing.db
2024-04-24T12:35:27,732  INFO [main] ql.Driver: Starting task [Stage-0:DDL] in serial mode
2024-04-24T12:35:27,732  INFO [main] sqlstd.SQLStdHiveAccessController: Created SQLStdHiveAccessController for session context : HiveAuthzSessionContext [sessionString=c71680b3-457f-4745-8bf6-68e31f60b0a3, clientType=HIVECLI]
2024-04-24T12:35:27,732  INFO [main] metastore.HiveMetaStoreClient: Mestastore configuration metastore.filter.hook changed from org.apache.hadoop.hive.metastore.DefaultMetaStoreFilterHookImpl to org.apache.hadoop.hive.ql.security.authorization.plugin.AuthorizationMetaStoreFilterHook
2024-04-24T12:35:27,732  INFO [main] HiveMetaStore.audit: ugi=alex	ip=unknown-ip-addr	cmd=Cleaning up thread local RawStore...	
2024-04-24T12:35:27,732  INFO [main] metastore.ObjectStore: RawStore: org.apache.hadoop.hive.metastore.ObjectStore@1fcfcf37, with PersistenceManager: org.datanucleus.api.jdo.JDOPersistenceManager@3ebc6d8b will be shutdown
2024-04-24T12:35:27,732  INFO [main] HiveMetaStore.audit: ugi=alex	ip=unknown-ip-addr	cmd=Done cleaning up thread local RawStore	
2024-04-24T12:35:27,732  INFO [main] metastore.HiveMetaStoreClient: Closed a connection to metastore, current connections: -33
2024-04-24T12:35:27,733  INFO [main] metastore.HiveMetaStoreClient: HMS client filtering is enabled.
2024-04-24T12:35:27,734  INFO [main] metastore.HMSHandler: 0: Opening raw store with implementation class:org.apache.hadoop.hive.metastore.ObjectStore
2024-04-24T12:35:27,734  INFO [main] metastore.PersistenceManagerProvider: Configuration datanucleus.autoStartMechanismMode is not set. Defaulting to 'ignored'
2024-04-24T12:35:27,735  INFO [main] metastore.ObjectStore: RawStore: org.apache.hadoop.hive.metastore.ObjectStore@5d84b088, with PersistenceManager: null will be shutdown
2024-04-24T12:35:27,735  INFO [main] metastore.ObjectStore: RawStore: org.apache.hadoop.hive.metastore.ObjectStore@5d84b088, with PersistenceManager: org.datanucleus.api.jdo.JDOPersistenceManager@69c0bae6 created in the thread with id: 1
2024-04-24T12:35:27,737  INFO [main] metastore.HMSHandler: Created RawStore: org.apache.hadoop.hive.metastore.ObjectStore@5d84b088 from thread id: 1
2024-04-24T12:35:27,737  INFO [main] metastore.HMSHandler: HMS server filtering is disabled by configuration
2024-04-24T12:35:27,737  INFO [main] metastore.RetryingMetaStoreClient: RetryingMetaStoreClient proxy=class org.apache.hadoop.hive.ql.metadata.SessionHiveMetaStoreClient ugi=alex (auth:SIMPLE) retries=1 delay=1 lifetime=0
2024-04-24T12:35:27,738  INFO [main] metastore.HiveMetaStoreClient: HMS client filtering is enabled.
2024-04-24T12:35:27,738  INFO [main] metastore.PersistenceManagerProvider: Configuration datanucleus.autoStartMechanismMode is not set. Defaulting to 'ignored'
2024-04-24T12:35:27,739  INFO [main] metastore.ObjectStore: RawStore: org.apache.hadoop.hive.metastore.ObjectStore@5d84b088, with PersistenceManager: org.datanucleus.api.jdo.JDOPersistenceManager@69c0bae6 will be shutdown
2024-04-24T12:35:27,739  INFO [main] metastore.ObjectStore: RawStore: org.apache.hadoop.hive.metastore.ObjectStore@5d84b088, with PersistenceManager: org.datanucleus.api.jdo.JDOPersistenceManager@104392ba created in the thread with id: 1
2024-04-24T12:35:27,741  INFO [main] metastore.HMSHandler: HMS server filtering is disabled by configuration
2024-04-24T12:35:27,741  INFO [main] metastore.RetryingMetaStoreClient: RetryingMetaStoreClient proxy=class org.apache.hadoop.hive.ql.metadata.SessionHiveMetaStoreClient ugi=alex (auth:SIMPLE) retries=1 delay=1 lifetime=0
2024-04-24T12:35:27,741  INFO [main] HiveMetaStore.audit: ugi=alex	ip=unknown-ip-addr	cmd=create_database: Database(name:testing, description:null, locationUri:raw:/home/alex/Repositories/hive/streaming/target/tmp/junit6580331184947278797/testing.db, parameters:null, ownerName:alex, ownerType:USER, catalogName:hive, managedLocationUri:pfile:/home/alex/Repositories/hive/streaming/target/warehouse/testing.db, type:NATIVE)	
2024-04-24T12:35:27,747 ERROR [main] metastore.RetryingHMSHandler: MetaException(message:Unable to create database managed directory pfile:/home/alex/Repositories/hive/streaming/target/warehouse/testing.db, failed to create database testing)
	at org.apache.hadoop.hive.metastore.HMSHandler.create_database_core(HMSHandler.java:1366)
	at org.apache.hadoop.hive.metastore.HMSHandler.create_database(HMSHandler.java:1486)
	at sun.reflect.GeneratedMethodAccessor93.invoke(Unknown Source)
	at sun.reflect.DelegatingMethodAccessorImpl.invoke(DelegatingMethodAccessorImpl.java:43)
	at java.lang.reflect.Method.invoke(Method.java:498)
	at org.apache.hadoop.hive.metastore.RetryingHMSHandler.invokeInternal(RetryingHMSHandler.java:147)
	at org.apache.hadoop.hive.metastore.RetryingHMSHandler.invoke(RetryingHMSHandler.java:108)
	at com.sun.proxy.$Proxy38.create_database(Unknown Source)
	at org.apache.hadoop.hive.metastore.HiveMetaStoreClient.createDatabase(HiveMetaStoreClient.java:1151)
	at sun.reflect.GeneratedMethodAccessor92.invoke(Unknown Source)
	at sun.reflect.DelegatingMethodAccessorImpl.invoke(DelegatingMethodAccessorImpl.java:43)
	at java.lang.reflect.Method.invoke(Method.java:498)
	at org.apache.hadoop.hive.metastore.RetryingMetaStoreClient.invoke(RetryingMetaStoreClient.java:218)
	at com.sun.proxy.$Proxy47.createDatabase(Unknown Source)
	at org.apache.hadoop.hive.ql.metadata.Hive.createDatabase(Hive.java:605)
	at org.apache.hadoop.hive.ql.ddl.database.create.CreateDatabaseOperation.execute(CreateDatabaseOperation.java:68)
	at org.apache.hadoop.hive.ql.ddl.DDLTask.execute(DDLTask.java:84)
	at org.apache.hadoop.hive.ql.exec.Task.executeTask(Task.java:212)
	at org.apache.hadoop.hive.ql.exec.TaskRunner.runSequential(TaskRunner.java:105)
	at org.apache.hadoop.hive.ql.Executor.launchTask(Executor.java:361)
	at org.apache.hadoop.hive.ql.Executor.launchTasks(Executor.java:334)
	at org.apache.hadoop.hive.ql.Executor.runTasks(Executor.java:245)
	at org.apache.hadoop.hive.ql.Executor.execute(Executor.java:108)
	at org.apache.hadoop.hive.ql.Driver.execute(Driver.java:348)
	at org.apache.hadoop.hive.ql.Driver.runInternal(Driver.java:204)
	at org.apache.hadoop.hive.ql.Driver.run(Driver.java:153)
	at org.apache.hadoop.hive.ql.Driver.run(Driver.java:148)
	at org.apache.hadoop.hive.ql.reexec.ReExecDriver.run(ReExecDriver.java:164)
	at org.apache.hadoop.hive.ql.reexec.ReExecDriver.run(ReExecDriver.java:230)
	at org.apache.hive.streaming.TestStreamingDynamicPartitioning.runDDL(TestStreamingDynamicPartitioning.java:829)
	at org.apache.hive.streaming.TestStreamingDynamicPartitioning.createDbAndTable(TestStreamingDynamicPartitioning.java:875)
	at org.apache.hive.streaming.TestStreamingDynamicPartitioning.setup(TestStreamingDynamicPartitioning.java:155)
	at sun.reflect.NativeMethodAccessorImpl.invoke0(Native Method)
	at sun.reflect.NativeMethodAccessorImpl.invoke(NativeMethodAccessorImpl.java:62)
	at sun.reflect.DelegatingMethodAccessorImpl.invoke(DelegatingMethodAccessorImpl.java:43)
	at java.lang.reflect.Method.invoke(Method.java:498)
	at org.junit.runners.model.FrameworkMethod$1.runReflectiveCall(FrameworkMethod.java:59)
	at org.junit.internal.runners.model.ReflectiveCallable.run(ReflectiveCallable.java:12)
	at org.junit.runners.model.FrameworkMethod.invokeExplosively(FrameworkMethod.java:56)
	at org.junit.internal.runners.statements.RunBefores.invokeMethod(RunBefores.java:33)
	at org.junit.internal.runners.statements.RunBefores.evaluate(RunBefores.java:24)
	at org.junit.internal.runners.statements.RunAfters.evaluate(RunAfters.java:27)
	at org.junit.rules.ExternalResource$1.evaluate(ExternalResource.java:54)
	at org.junit.runners.ParentRunner$3.evaluate(ParentRunner.java:306)
	at org.junit.runners.BlockJUnit4ClassRunner$1.evaluate(BlockJUnit4ClassRunner.java:100)
	at org.junit.runners.ParentRunner.runLeaf(ParentRunner.java:366)
	at org.junit.runners.BlockJUnit4ClassRunner.runChild(BlockJUnit4ClassRunner.java:103)
	at org.junit.runners.BlockJUnit4ClassRunner.runChild(BlockJUnit4ClassRunner.java:63)
	at org.junit.runners.ParentRunner$4.run(ParentRunner.java:331)
	at org.junit.runners.ParentRunner$1.schedule(ParentRunner.java:79)
	at org.junit.runners.ParentRunner.runChildren(ParentRunner.java:329)
	at org.junit.runners.ParentRunner.access$100(ParentRunner.java:66)
	at org.junit.runners.ParentRunner$2.evaluate(ParentRunner.java:293)
	at org.junit.runners.ParentRunner$3.evaluate(ParentRunner.java:306)
	at org.junit.runners.ParentRunner.run(ParentRunner.java:413)
	at org.junit.runner.JUnitCore.run(JUnitCore.java:137)
	at org.junit.runner.JUnitCore.run(JUnitCore.java:115)
	at org.junit.vintage.engine.execution.RunnerExecutor.execute(RunnerExecutor.java:43)
	at java.util.stream.ForEachOps$ForEachOp$OfRef.accept(ForEachOps.java:183)
	at java.util.stream.ReferencePipeline$3$1.accept(ReferencePipeline.java:193)
	at java.util.Iterator.forEachRemaining(Iterator.java:116)
	at java.util.Spliterators$IteratorSpliterator.forEachRemaining(Spliterators.java:1801)
	at java.util.stream.AbstractPipeline.copyInto(AbstractPipeline.java:482)
	at java.util.stream.AbstractPipeline.wrapAndCopyInto(AbstractPipeline.java:472)
	at java.util.stream.ForEachOps$ForEachOp.evaluateSequential(ForEachOps.java:150)
	at java.util.stream.ForEachOps$ForEachOp$OfRef.evaluateSequential(ForEachOps.java:173)
	at java.util.stream.AbstractPipeline.evaluate(AbstractPipeline.java:234)
	at java.util.stream.ReferencePipeline.forEach(ReferencePipeline.java:485)
	at org.junit.vintage.engine.VintageTestEngine.executeAllChildren(VintageTestEngine.java:82)
	at org.junit.vintage.engine.VintageTestEngine.execute(VintageTestEngine.java:73)
	at org.junit.platform.launcher.core.DefaultLauncher.execute(DefaultLauncher.java:248)
	at org.junit.platform.launcher.core.DefaultLauncher.lambda$execute$5(DefaultLauncher.java:211)
	at org.junit.platform.launcher.core.DefaultLauncher.withInterceptedStreams(DefaultLauncher.java:226)
	at org.junit.platform.launcher.core.DefaultLauncher.execute(DefaultLauncher.java:199)
	at org.junit.platform.launcher.core.DefaultLauncher.execute(DefaultLauncher.java:132)
	at org.apache.maven.surefire.junitplatform.JUnitPlatformProvider.invokeAllTests(JUnitPlatformProvider.java:154)
	at org.apache.maven.surefire.junitplatform.JUnitPlatformProvider.invoke(JUnitPlatformProvider.java:123)
	at org.apache.maven.surefire.booter.ForkedBooter.runSuitesInProcess(ForkedBooter.java:377)
	at org.apache.maven.surefire.booter.ForkedBooter.execute(ForkedBooter.java:138)
	at org.apache.maven.surefire.booter.ForkedBooter.run(ForkedBooter.java:465)
	at org.apache.maven.surefire.booter.ForkedBooter.main(ForkedBooter.java:451)

2024-04-24T12:35:27,748 ERROR [main] exec.Task: Failed
org.apache.hadoop.hive.ql.metadata.HiveException: MetaException(message:Unable to create database managed directory pfile:/home/alex/Repositories/hive/streaming/target/warehouse/testing.db, failed to create database testing)
	at org.apache.hadoop.hive.ql.metadata.Hive.createDatabase(Hive.java:611) ~[classes/:?]
	at org.apache.hadoop.hive.ql.ddl.database.create.CreateDatabaseOperation.execute(CreateDatabaseOperation.java:68) ~[classes/:?]
	at org.apache.hadoop.hive.ql.ddl.DDLTask.execute(DDLTask.java:84) ~[classes/:?]
	at org.apache.hadoop.hive.ql.exec.Task.executeTask(Task.java:212) ~[classes/:?]
	at org.apache.hadoop.hive.ql.exec.TaskRunner.runSequential(TaskRunner.java:105) ~[classes/:?]
	at org.apache.hadoop.hive.ql.Executor.launchTask(Executor.java:361) ~[classes/:?]
	at org.apache.hadoop.hive.ql.Executor.launchTasks(Executor.java:334) ~[classes/:?]
	at org.apache.hadoop.hive.ql.Executor.runTasks(Executor.java:245) ~[classes/:?]
	at org.apache.hadoop.hive.ql.Executor.execute(Executor.java:108) ~[classes/:?]
	at org.apache.hadoop.hive.ql.Driver.execute(Driver.java:348) ~[classes/:?]
	at org.apache.hadoop.hive.ql.Driver.runInternal(Driver.java:204) ~[classes/:?]
	at org.apache.hadoop.hive.ql.Driver.run(Driver.java:153) ~[classes/:?]
	at org.apache.hadoop.hive.ql.Driver.run(Driver.java:148) ~[classes/:?]
	at org.apache.hadoop.hive.ql.reexec.ReExecDriver.run(ReExecDriver.java:164) ~[classes/:?]
	at org.apache.hadoop.hive.ql.reexec.ReExecDriver.run(ReExecDriver.java:230) ~[classes/:?]
	at org.apache.hive.streaming.TestStreamingDynamicPartitioning.runDDL(TestStreamingDynamicPartitioning.java:829) ~[test-classes/:?]
	at org.apache.hive.streaming.TestStreamingDynamicPartitioning.createDbAndTable(TestStreamingDynamicPartitioning.java:875) ~[test-classes/:?]
	at org.apache.hive.streaming.TestStreamingDynamicPartitioning.setup(TestStreamingDynamicPartitioning.java:155) ~[test-classes/:?]
	at sun.reflect.NativeMethodAccessorImpl.invoke0(Native Method) ~[?:1.8.0_402]
	at sun.reflect.NativeMethodAccessorImpl.invoke(NativeMethodAccessorImpl.java:62) ~[?:1.8.0_402]
	at sun.reflect.DelegatingMethodAccessorImpl.invoke(DelegatingMethodAccessorImpl.java:43) ~[?:1.8.0_402]
	at java.lang.reflect.Method.invoke(Method.java:498) ~[?:1.8.0_402]
	at org.junit.runners.model.FrameworkMethod$1.runReflectiveCall(FrameworkMethod.java:59) ~[junit-4.13.jar:4.13]
	at org.junit.internal.runners.model.ReflectiveCallable.run(ReflectiveCallable.java:12) ~[junit-4.13.jar:4.13]
	at org.junit.runners.model.FrameworkMethod.invokeExplosively(FrameworkMethod.java:56) ~[junit-4.13.jar:4.13]
	at org.junit.internal.runners.statements.RunBefores.invokeMethod(RunBefores.java:33) ~[junit-4.13.jar:4.13]
	at org.junit.internal.runners.statements.RunBefores.evaluate(RunBefores.java:24) ~[junit-4.13.jar:4.13]
	at org.junit.internal.runners.statements.RunAfters.evaluate(RunAfters.java:27) ~[junit-4.13.jar:4.13]
	at org.junit.rules.ExternalResource$1.evaluate(ExternalResource.java:54) ~[junit-4.13.jar:4.13]
	at org.junit.runners.ParentRunner$3.evaluate(ParentRunner.java:306) ~[junit-4.13.jar:4.13]
	at org.junit.runners.BlockJUnit4ClassRunner$1.evaluate(BlockJUnit4ClassRunner.java:100) ~[junit-4.13.jar:4.13]
	at org.junit.runners.ParentRunner.runLeaf(ParentRunner.java:366) ~[junit-4.13.jar:4.13]
	at org.junit.runners.BlockJUnit4ClassRunner.runChild(BlockJUnit4ClassRunner.java:103) ~[junit-4.13.jar:4.13]
	at org.junit.runners.BlockJUnit4ClassRunner.runChild(BlockJUnit4ClassRunner.java:63) ~[junit-4.13.jar:4.13]
	at org.junit.runners.ParentRunner$4.run(ParentRunner.java:331) ~[junit-4.13.jar:4.13]
	at org.junit.runners.ParentRunner$1.schedule(ParentRunner.java:79) ~[junit-4.13.jar:4.13]
	at org.junit.runners.ParentRunner.runChildren(ParentRunner.java:329) ~[junit-4.13.jar:4.13]
	at org.junit.runners.ParentRunner.access$100(ParentRunner.java:66) ~[junit-4.13.jar:4.13]
	at org.junit.runners.ParentRunner$2.evaluate(ParentRunner.java:293) ~[junit-4.13.jar:4.13]
	at org.junit.runners.ParentRunner$3.evaluate(ParentRunner.java:306) ~[junit-4.13.jar:4.13]
	at org.junit.runners.ParentRunner.run(ParentRunner.java:413) ~[junit-4.13.jar:4.13]
	at org.junit.runner.JUnitCore.run(JUnitCore.java:137) ~[junit-4.13.jar:4.13]
	at org.junit.runner.JUnitCore.run(JUnitCore.java:115) ~[junit-4.13.jar:4.13]
	at org.junit.vintage.engine.execution.RunnerExecutor.execute(RunnerExecutor.java:43) ~[junit-vintage-engine-5.6.2.jar:5.6.2]
	at java.util.stream.ForEachOps$ForEachOp$OfRef.accept(ForEachOps.java:183) ~[?:1.8.0_402]
	at java.util.stream.ReferencePipeline$3$1.accept(ReferencePipeline.java:193) ~[?:1.8.0_402]
	at java.util.Iterator.forEachRemaining(Iterator.java:116) ~[?:1.8.0_402]
	at java.util.Spliterators$IteratorSpliterator.forEachRemaining(Spliterators.java:1801) ~[?:1.8.0_402]
	at java.util.stream.AbstractPipeline.copyInto(AbstractPipeline.java:482) ~[?:1.8.0_402]
	at java.util.stream.AbstractPipeline.wrapAndCopyInto(AbstractPipeline.java:472) ~[?:1.8.0_402]
	at java.util.stream.ForEachOps$ForEachOp.evaluateSequential(ForEachOps.java:150) ~[?:1.8.0_402]
	at java.util.stream.ForEachOps$ForEachOp$OfRef.evaluateSequential(ForEachOps.java:173) ~[?:1.8.0_402]
	at java.util.stream.AbstractPipeline.evaluate(AbstractPipeline.java:234) ~[?:1.8.0_402]
	at java.util.stream.ReferencePipeline.forEach(ReferencePipeline.java:485) ~[?:1.8.0_402]
	at org.junit.vintage.engine.VintageTestEngine.executeAllChildren(VintageTestEngine.java:82) ~[junit-vintage-engine-5.6.2.jar:5.6.2]
	at org.junit.vintage.engine.VintageTestEngine.execute(VintageTestEngine.java:73) ~[junit-vintage-engine-5.6.2.jar:5.6.2]
	at org.junit.platform.launcher.core.DefaultLauncher.execute(DefaultLauncher.java:248) ~[junit-platform-launcher-1.6.2.jar:1.6.2]
	at org.junit.platform.launcher.core.DefaultLauncher.lambda$execute$5(DefaultLauncher.java:211) ~[junit-platform-launcher-1.6.2.jar:1.6.2]
	at org.junit.platform.launcher.core.DefaultLauncher.withInterceptedStreams(DefaultLauncher.java:226) [junit-platform-launcher-1.6.2.jar:1.6.2]
	at org.junit.platform.launcher.core.DefaultLauncher.execute(DefaultLauncher.java:199) [junit-platform-launcher-1.6.2.jar:1.6.2]
	at org.junit.platform.launcher.core.DefaultLauncher.execute(DefaultLauncher.java:132) [junit-platform-launcher-1.6.2.jar:1.6.2]
	at org.apache.maven.surefire.junitplatform.JUnitPlatformProvider.invokeAllTests(JUnitPlatformProvider.java:154) [surefire-junit-platform-3.0.0-M4.jar:3.0.0-M4]
	at org.apache.maven.surefire.junitplatform.JUnitPlatformProvider.invoke(JUnitPlatformProvider.java:123) [surefire-junit-platform-3.0.0-M4.jar:3.0.0-M4]
	at org.apache.maven.surefire.booter.ForkedBooter.runSuitesInProcess(ForkedBooter.java:377) [surefire-booter-3.0.0-M4.jar:3.0.0-M4]
	at org.apache.maven.surefire.booter.ForkedBooter.execute(ForkedBooter.java:138) [surefire-booter-3.0.0-M4.jar:3.0.0-M4]
	at org.apache.maven.surefire.booter.ForkedBooter.run(ForkedBooter.java:465) [surefire-booter-3.0.0-M4.jar:3.0.0-M4]
	at org.apache.maven.surefire.booter.ForkedBooter.main(ForkedBooter.java:451) [surefire-booter-3.0.0-M4.jar:3.0.0-M4]
Caused by: org.apache.hadoop.hive.metastore.api.MetaException: Unable to create database managed directory pfile:/home/alex/Repositories/hive/streaming/target/warehouse/testing.db, failed to create database testing
	at org.apache.hadoop.hive.metastore.HMSHandler.create_database_core(HMSHandler.java:1366) ~[classes/:?]
	at org.apache.hadoop.hive.metastore.HMSHandler.create_database(HMSHandler.java:1486) ~[classes/:?]
	at sun.reflect.GeneratedMethodAccessor93.invoke(Unknown Source) ~[?:?]
	at sun.reflect.DelegatingMethodAccessorImpl.invoke(DelegatingMethodAccessorImpl.java:43) ~[?:1.8.0_402]
	at java.lang.reflect.Method.invoke(Method.java:498) ~[?:1.8.0_402]
	at org.apache.hadoop.hive.metastore.RetryingHMSHandler.invokeInternal(RetryingHMSHandler.java:147) ~[classes/:?]
	at org.apache.hadoop.hive.metastore.RetryingHMSHandler.invoke(RetryingHMSHandler.java:108) ~[classes/:?]
	at com.sun.proxy.$Proxy38.create_database(Unknown Source) ~[?:?]
	at org.apache.hadoop.hive.metastore.HiveMetaStoreClient.createDatabase(HiveMetaStoreClient.java:1151) ~[classes/:?]
	at sun.reflect.GeneratedMethodAccessor92.invoke(Unknown Source) ~[?:?]
	at sun.reflect.DelegatingMethodAccessorImpl.invoke(DelegatingMethodAccessorImpl.java:43) ~[?:1.8.0_402]
	at java.lang.reflect.Method.invoke(Method.java:498) ~[?:1.8.0_402]
	at org.apache.hadoop.hive.metastore.RetryingMetaStoreClient.invoke(RetryingMetaStoreClient.java:218) ~[classes/:?]
	at com.sun.proxy.$Proxy47.createDatabase(Unknown Source) ~[?:?]
	at org.apache.hadoop.hive.ql.metadata.Hive.createDatabase(Hive.java:605) ~[classes/:?]
	... 66 more
2024-04-24T12:35:27,752 ERROR [main] exec.Task: DDLTask failed, DDL Operation: class org.apache.hadoop.hive.ql.ddl.database.create.CreateDatabaseOperation
org.apache.hadoop.hive.ql.metadata.HiveException: MetaException(message:Unable to create database managed directory pfile:/home/alex/Repositories/hive/streaming/target/warehouse/testing.db, failed to create database testing)
	at org.apache.hadoop.hive.ql.metadata.Hive.createDatabase(Hive.java:611) ~[classes/:?]
	at org.apache.hadoop.hive.ql.ddl.database.create.CreateDatabaseOperation.execute(CreateDatabaseOperation.java:68) ~[classes/:?]
	at org.apache.hadoop.hive.ql.ddl.DDLTask.execute(DDLTask.java:84) ~[classes/:?]
	at org.apache.hadoop.hive.ql.exec.Task.executeTask(Task.java:212) ~[classes/:?]
	at org.apache.hadoop.hive.ql.exec.TaskRunner.runSequential(TaskRunner.java:105) ~[classes/:?]
	at org.apache.hadoop.hive.ql.Executor.launchTask(Executor.java:361) ~[classes/:?]
	at org.apache.hadoop.hive.ql.Executor.launchTasks(Executor.java:334) ~[classes/:?]
	at org.apache.hadoop.hive.ql.Executor.runTasks(Executor.java:245) ~[classes/:?]
	at org.apache.hadoop.hive.ql.Executor.execute(Executor.java:108) ~[classes/:?]
	at org.apache.hadoop.hive.ql.Driver.execute(Driver.java:348) ~[classes/:?]
	at org.apache.hadoop.hive.ql.Driver.runInternal(Driver.java:204) ~[classes/:?]
	at org.apache.hadoop.hive.ql.Driver.run(Driver.java:153) ~[classes/:?]
	at org.apache.hadoop.hive.ql.Driver.run(Driver.java:148) ~[classes/:?]
	at org.apache.hadoop.hive.ql.reexec.ReExecDriver.run(ReExecDriver.java:164) ~[classes/:?]
	at org.apache.hadoop.hive.ql.reexec.ReExecDriver.run(ReExecDriver.java:230) ~[classes/:?]
	at org.apache.hive.streaming.TestStreamingDynamicPartitioning.runDDL(TestStreamingDynamicPartitioning.java:829) ~[test-classes/:?]
	at org.apache.hive.streaming.TestStreamingDynamicPartitioning.createDbAndTable(TestStreamingDynamicPartitioning.java:875) ~[test-classes/:?]
	at org.apache.hive.streaming.TestStreamingDynamicPartitioning.setup(TestStreamingDynamicPartitioning.java:155) ~[test-classes/:?]
	at sun.reflect.NativeMethodAccessorImpl.invoke0(Native Method) ~[?:1.8.0_402]
	at sun.reflect.NativeMethodAccessorImpl.invoke(NativeMethodAccessorImpl.java:62) ~[?:1.8.0_402]
	at sun.reflect.DelegatingMethodAccessorImpl.invoke(DelegatingMethodAccessorImpl.java:43) ~[?:1.8.0_402]
	at java.lang.reflect.Method.invoke(Method.java:498) ~[?:1.8.0_402]
	at org.junit.runners.model.FrameworkMethod$1.runReflectiveCall(FrameworkMethod.java:59) ~[junit-4.13.jar:4.13]
	at org.junit.internal.runners.model.ReflectiveCallable.run(ReflectiveCallable.java:12) ~[junit-4.13.jar:4.13]
	at org.junit.runners.model.FrameworkMethod.invokeExplosively(FrameworkMethod.java:56) ~[junit-4.13.jar:4.13]
	at org.junit.internal.runners.statements.RunBefores.invokeMethod(RunBefores.java:33) ~[junit-4.13.jar:4.13]
	at org.junit.internal.runners.statements.RunBefores.evaluate(RunBefores.java:24) ~[junit-4.13.jar:4.13]
	at org.junit.internal.runners.statements.RunAfters.evaluate(RunAfters.java:27) ~[junit-4.13.jar:4.13]
	at org.junit.rules.ExternalResource$1.evaluate(ExternalResource.java:54) ~[junit-4.13.jar:4.13]
	at org.junit.runners.ParentRunner$3.evaluate(ParentRunner.java:306) ~[junit-4.13.jar:4.13]
	at org.junit.runners.BlockJUnit4ClassRunner$1.evaluate(BlockJUnit4ClassRunner.java:100) ~[junit-4.13.jar:4.13]
	at org.junit.runners.ParentRunner.runLeaf(ParentRunner.java:366) ~[junit-4.13.jar:4.13]
	at org.junit.runners.BlockJUnit4ClassRunner.runChild(BlockJUnit4ClassRunner.java:103) ~[junit-4.13.jar:4.13]
	at org.junit.runners.BlockJUnit4ClassRunner.runChild(BlockJUnit4ClassRunner.java:63) ~[junit-4.13.jar:4.13]
	at org.junit.runners.ParentRunner$4.run(ParentRunner.java:331) ~[junit-4.13.jar:4.13]
	at org.junit.runners.ParentRunner$1.schedule(ParentRunner.java:79) ~[junit-4.13.jar:4.13]
	at org.junit.runners.ParentRunner.runChildren(ParentRunner.java:329) ~[junit-4.13.jar:4.13]
	at org.junit.runners.ParentRunner.access$100(ParentRunner.java:66) ~[junit-4.13.jar:4.13]
	at org.junit.runners.ParentRunner$2.evaluate(ParentRunner.java:293) ~[junit-4.13.jar:4.13]
	at org.junit.runners.ParentRunner$3.evaluate(ParentRunner.java:306) ~[junit-4.13.jar:4.13]
	at org.junit.runners.ParentRunner.run(ParentRunner.java:413) ~[junit-4.13.jar:4.13]
	at org.junit.runner.JUnitCore.run(JUnitCore.java:137) ~[junit-4.13.jar:4.13]
	at org.junit.runner.JUnitCore.run(JUnitCore.java:115) ~[junit-4.13.jar:4.13]
	at org.junit.vintage.engine.execution.RunnerExecutor.execute(RunnerExecutor.java:43) ~[junit-vintage-engine-5.6.2.jar:5.6.2]
	at java.util.stream.ForEachOps$ForEachOp$OfRef.accept(ForEachOps.java:183) ~[?:1.8.0_402]
	at java.util.stream.ReferencePipeline$3$1.accept(ReferencePipeline.java:193) ~[?:1.8.0_402]
	at java.util.Iterator.forEachRemaining(Iterator.java:116) ~[?:1.8.0_402]
	at java.util.Spliterators$IteratorSpliterator.forEachRemaining(Spliterators.java:1801) ~[?:1.8.0_402]
	at java.util.stream.AbstractPipeline.copyInto(AbstractPipeline.java:482) ~[?:1.8.0_402]
	at java.util.stream.AbstractPipeline.wrapAndCopyInto(AbstractPipeline.java:472) ~[?:1.8.0_402]
	at java.util.stream.ForEachOps$ForEachOp.evaluateSequential(ForEachOps.java:150) ~[?:1.8.0_402]
	at java.util.stream.ForEachOps$ForEachOp$OfRef.evaluateSequential(ForEachOps.java:173) ~[?:1.8.0_402]
	at java.util.stream.AbstractPipeline.evaluate(AbstractPipeline.java:234) ~[?:1.8.0_402]
	at java.util.stream.ReferencePipeline.forEach(ReferencePipeline.java:485) ~[?:1.8.0_402]
	at org.junit.vintage.engine.VintageTestEngine.executeAllChildren(VintageTestEngine.java:82) ~[junit-vintage-engine-5.6.2.jar:5.6.2]
	at org.junit.vintage.engine.VintageTestEngine.execute(VintageTestEngine.java:73) ~[junit-vintage-engine-5.6.2.jar:5.6.2]
	at org.junit.platform.launcher.core.DefaultLauncher.execute(DefaultLauncher.java:248) ~[junit-platform-launcher-1.6.2.jar:1.6.2]
	at org.junit.platform.launcher.core.DefaultLauncher.lambda$execute$5(DefaultLauncher.java:211) ~[junit-platform-launcher-1.6.2.jar:1.6.2]
	at org.junit.platform.launcher.core.DefaultLauncher.withInterceptedStreams(DefaultLauncher.java:226) [junit-platform-launcher-1.6.2.jar:1.6.2]
	at org.junit.platform.launcher.core.DefaultLauncher.execute(DefaultLauncher.java:199) [junit-platform-launcher-1.6.2.jar:1.6.2]
	at org.junit.platform.launcher.core.DefaultLauncher.execute(DefaultLauncher.java:132) [junit-platform-launcher-1.6.2.jar:1.6.2]
	at org.apache.maven.surefire.junitplatform.JUnitPlatformProvider.invokeAllTests(JUnitPlatformProvider.java:154) [surefire-junit-platform-3.0.0-M4.jar:3.0.0-M4]
	at org.apache.maven.surefire.junitplatform.JUnitPlatformProvider.invoke(JUnitPlatformProvider.java:123) [surefire-junit-platform-3.0.0-M4.jar:3.0.0-M4]
	at org.apache.maven.surefire.booter.ForkedBooter.runSuitesInProcess(ForkedBooter.java:377) [surefire-booter-3.0.0-M4.jar:3.0.0-M4]
	at org.apache.maven.surefire.booter.ForkedBooter.execute(ForkedBooter.java:138) [surefire-booter-3.0.0-M4.jar:3.0.0-M4]
	at org.apache.maven.surefire.booter.ForkedBooter.run(ForkedBooter.java:465) [surefire-booter-3.0.0-M4.jar:3.0.0-M4]
	at org.apache.maven.surefire.booter.ForkedBooter.main(ForkedBooter.java:451) [surefire-booter-3.0.0-M4.jar:3.0.0-M4]
Caused by: org.apache.hadoop.hive.metastore.api.MetaException: Unable to create database managed directory pfile:/home/alex/Repositories/hive/streaming/target/warehouse/testing.db, failed to create database testing
	at org.apache.hadoop.hive.metastore.HMSHandler.create_database_core(HMSHandler.java:1366) ~[classes/:?]
	at org.apache.hadoop.hive.metastore.HMSHandler.create_database(HMSHandler.java:1486) ~[classes/:?]
	at sun.reflect.GeneratedMethodAccessor93.invoke(Unknown Source) ~[?:?]
	at sun.reflect.DelegatingMethodAccessorImpl.invoke(DelegatingMethodAccessorImpl.java:43) ~[?:1.8.0_402]
	at java.lang.reflect.Method.invoke(Method.java:498) ~[?:1.8.0_402]
	at org.apache.hadoop.hive.metastore.RetryingHMSHandler.invokeInternal(RetryingHMSHandler.java:147) ~[classes/:?]
	at org.apache.hadoop.hive.metastore.RetryingHMSHandler.invoke(RetryingHMSHandler.java:108) ~[classes/:?]
	at com.sun.proxy.$Proxy38.create_database(Unknown Source) ~[?:?]
	at org.apache.hadoop.hive.metastore.HiveMetaStoreClient.createDatabase(HiveMetaStoreClient.java:1151) ~[classes/:?]
	at sun.reflect.GeneratedMethodAccessor92.invoke(Unknown Source) ~[?:?]
	at sun.reflect.DelegatingMethodAccessorImpl.invoke(DelegatingMethodAccessorImpl.java:43) ~[?:1.8.0_402]
	at java.lang.reflect.Method.invoke(Method.java:498) ~[?:1.8.0_402]
	at org.apache.hadoop.hive.metastore.RetryingMetaStoreClient.invoke(RetryingMetaStoreClient.java:218) ~[classes/:?]
	at com.sun.proxy.$Proxy47.createDatabase(Unknown Source) ~[?:?]
	at org.apache.hadoop.hive.ql.metadata.Hive.createDatabase(Hive.java:605) ~[classes/:?]
	... 66 more
2024-04-24T12:35:27,756  INFO [main] reexec.ReOptimizePlugin: ReOptimization: retryPossible: false
2024-04-24T12:35:27,756  INFO [main] reexec.ReExecuteLostAMQueryPlugin: Got exception message: MetaException(message:Unable to create database managed directory pfile:/home/alex/Repositories/hive/streaming/target/warehouse/testing.db, failed to create database testing) retryPossible: false
2024-04-24T12:35:27,756  INFO [main] reexec.ReExecutionDagSubmitPlugin: Got exception message: MetaException(message:Unable to create database managed directory pfile:/home/alex/Repositories/hive/streaming/target/warehouse/testing.db, failed to create database testing) retryPossible: false
FAILED: Execution Error, return code 40000 from org.apache.hadoop.hive.ql.ddl.DDLTask. MetaException(message:Unable to create database managed directory pfile:/home/alex/Repositories/hive/streaming/target/warehouse/testing.db, failed to create database testing)
2024-04-24T12:35:27,756 ERROR [main] ql.Driver: FAILED: Execution Error, return code 40000 from org.apache.hadoop.hive.ql.ddl.DDLTask. MetaException(message:Unable to create database managed directory pfile:/home/alex/Repositories/hive/streaming/target/warehouse/testing.db, failed to create database testing)
2024-04-24T12:35:27,756  INFO [main] metadata.Hive: Dumping metastore api call timing information for : execution phase
2024-04-24T12:35:27,756  INFO [main] metadata.Hive: Total time spent in each metastore function (ms): {}
2024-04-24T12:35:27,756  INFO [main] ql.Driver: Completed executing command(queryId=alex_20240424123527_e1c9e73f-a66e-42e2-8083-fad97712867f); Time taken: 0.025 seconds
2024-04-24T12:35:27,756  INFO [main] lockmgr.DbTxnManager: Stopped heartbeat for query: alex_20240424123527_e1c9e73f-a66e-42e2-8083-fad97712867f
2024-04-24T12:35:27,757  INFO [main] metastore.HiveMetaStoreClient: Mestastore configuration metastore.filter.hook changed from org.apache.hadoop.hive.ql.security.authorization.plugin.AuthorizationMetaStoreFilterHook to org.apache.hadoop.hive.metastore.DefaultMetaStoreFilterHookImpl
2024-04-24T12:35:27,757  INFO [main] HiveMetaStore.audit: ugi=alex	ip=unknown-ip-addr	cmd=Cleaning up thread local RawStore...	
2024-04-24T12:35:27,757  INFO [main] metastore.ObjectStore: RawStore: org.apache.hadoop.hive.metastore.ObjectStore@5d84b088, with PersistenceManager: org.datanucleus.api.jdo.JDOPersistenceManager@104392ba will be shutdown
2024-04-24T12:35:27,757  INFO [main] HiveMetaStore.audit: ugi=alex	ip=unknown-ip-addr	cmd=Done cleaning up thread local RawStore	
2024-04-24T12:35:27,757  INFO [main] metastore.HiveMetaStoreClient: Closed a connection to metastore, current connections: -34
2024-04-24T12:35:27,758  INFO [main] metastore.HiveMetaStoreClient: HMS client filtering is enabled.
2024-04-24T12:35:27,760  INFO [main] metastore.HMSHandler: 0: Opening raw store with implementation class:org.apache.hadoop.hive.metastore.ObjectStore
2024-04-24T12:35:27,760  INFO [main] metastore.PersistenceManagerProvider: Configuration datanucleus.autoStartMechanismMode is not set. Defaulting to 'ignored'
2024-04-24T12:35:27,760  INFO [main] metastore.ObjectStore: RawStore: org.apache.hadoop.hive.metastore.ObjectStore@333efb51, with PersistenceManager: null will be shutdown
2024-04-24T12:35:27,760  INFO [main] metastore.ObjectStore: RawStore: org.apache.hadoop.hive.metastore.ObjectStore@333efb51, with PersistenceManager: org.datanucleus.api.jdo.JDOPersistenceManager@2c451c4a created in the thread with id: 1
2024-04-24T12:35:27,763  INFO [main] metastore.HMSHandler: Created RawStore: org.apache.hadoop.hive.metastore.ObjectStore@333efb51 from thread id: 1
2024-04-24T12:35:27,763  INFO [main] metastore.HMSHandler: HMS server filtering is disabled by configuration
2024-04-24T12:35:27,763  INFO [main] metastore.RetryingMetaStoreClient: RetryingMetaStoreClient proxy=class org.apache.hadoop.hive.ql.metadata.SessionHiveMetaStoreClient ugi=alex (auth:SIMPLE) retries=1 delay=1 lifetime=0
2024-04-24T12:35:27,766  INFO [main] txn.TxnHandler: Removed transactions: ([1]) from MIN_HISTORY_LEVEL
2024-04-24T12:35:27,770 ERROR [main] streaming.TestStreamingDynamicPartitioning: Statement: create database IF NOT EXISTS testing location 'raw:///home/alex/Repositories/hive/streaming/target/tmp/junit6580331184947278797/testing.db' failed: (responseCode = 40000, errorMessage = FAILED: Execution Error, return code 40000 from org.apache.hadoop.hive.ql.ddl.DDLTask. MetaException(message:Unable to create database managed directory pfile:/home/alex/Repositories/hive/streaming/target/warehouse/testing.db, failed to create database testing), hiveErrorCode = 40000, SQLState = 08S01, exception = MetaException(message:Unable to create database managed directory pfile:/home/alex/Repositories/hive/streaming/target/warehouse/testing.db, failed to create database testing))
2024-04-24T12:35:27,771  INFO [main] ql.Driver: Compiling command(queryId=alex_20240424123527_e1c9e73f-a66e-42e2-8083-fad97712867f): use testing
2024-04-24T12:35:27,771  INFO [main] HiveMetaStore.audit: ugi=alex	ip=unknown-ip-addr	cmd=get_database: testing	
FAILED: SemanticException [Error 10072]: Database does not exist: testing
2024-04-24T12:35:27,773 ERROR [main] ql.Driver: FAILED: SemanticException [Error 10072]: Database does not exist: testing
org.apache.hadoop.hive.ql.parse.SemanticException: Database does not exist: testing
	at org.apache.hadoop.hive.ql.parse.BaseSemanticAnalyzer.getDatabase(BaseSemanticAnalyzer.java:1812)
	at org.apache.hadoop.hive.ql.ddl.database.use.SwitchDatabaseAnalyzer.analyzeInternal(SwitchDatabaseAnalyzer.java:45)
	at org.apache.hadoop.hive.ql.parse.BaseSemanticAnalyzer.analyze(BaseSemanticAnalyzer.java:317)
	at org.apache.hadoop.hive.ql.Compiler.analyze(Compiler.java:223)
	at org.apache.hadoop.hive.ql.Compiler.compile(Compiler.java:105)
	at org.apache.hadoop.hive.ql.Driver.compile(Driver.java:500)
	at org.apache.hadoop.hive.ql.Driver.compileInternal(Driver.java:453)
	at org.apache.hadoop.hive.ql.Driver.compileAndRespond(Driver.java:417)
	at org.apache.hadoop.hive.ql.Driver.compileAndRespond(Driver.java:411)
	at org.apache.hadoop.hive.ql.reexec.ReExecDriver.compileAndRespond(ReExecDriver.java:125)
	at org.apache.hadoop.hive.ql.reexec.ReExecDriver.run(ReExecDriver.java:229)
	at org.apache.hive.streaming.TestStreamingDynamicPartitioning.runDDL(TestStreamingDynamicPartitioning.java:829)
	at org.apache.hive.streaming.TestStreamingDynamicPartitioning.createDbAndTable(TestStreamingDynamicPartitioning.java:876)
	at org.apache.hive.streaming.TestStreamingDynamicPartitioning.setup(TestStreamingDynamicPartitioning.java:155)
	at sun.reflect.NativeMethodAccessorImpl.invoke0(Native Method)
	at sun.reflect.NativeMethodAccessorImpl.invoke(NativeMethodAccessorImpl.java:62)
	at sun.reflect.DelegatingMethodAccessorImpl.invoke(DelegatingMethodAccessorImpl.java:43)
	at java.lang.reflect.Method.invoke(Method.java:498)
	at org.junit.runners.model.FrameworkMethod$1.runReflectiveCall(FrameworkMethod.java:59)
	at org.junit.internal.runners.model.ReflectiveCallable.run(ReflectiveCallable.java:12)
	at org.junit.runners.model.FrameworkMethod.invokeExplosively(FrameworkMethod.java:56)
	at org.junit.internal.runners.statements.RunBefores.invokeMethod(RunBefores.java:33)
	at org.junit.internal.runners.statements.RunBefores.evaluate(RunBefores.java:24)
	at org.junit.internal.runners.statements.RunAfters.evaluate(RunAfters.java:27)
	at org.junit.rules.ExternalResource$1.evaluate(ExternalResource.java:54)
	at org.junit.runners.ParentRunner$3.evaluate(ParentRunner.java:306)
	at org.junit.runners.BlockJUnit4ClassRunner$1.evaluate(BlockJUnit4ClassRunner.java:100)
	at org.junit.runners.ParentRunner.runLeaf(ParentRunner.java:366)
	at org.junit.runners.BlockJUnit4ClassRunner.runChild(BlockJUnit4ClassRunner.java:103)
	at org.junit.runners.BlockJUnit4ClassRunner.runChild(BlockJUnit4ClassRunner.java:63)
	at org.junit.runners.ParentRunner$4.run(ParentRunner.java:331)
	at org.junit.runners.ParentRunner$1.schedule(ParentRunner.java:79)
	at org.junit.runners.ParentRunner.runChildren(ParentRunner.java:329)
	at org.junit.runners.ParentRunner.access$100(ParentRunner.java:66)
	at org.junit.runners.ParentRunner$2.evaluate(ParentRunner.java:293)
	at org.junit.runners.ParentRunner$3.evaluate(ParentRunner.java:306)
	at org.junit.runners.ParentRunner.run(ParentRunner.java:413)
	at org.junit.runner.JUnitCore.run(JUnitCore.java:137)
	at org.junit.runner.JUnitCore.run(JUnitCore.java:115)
	at org.junit.vintage.engine.execution.RunnerExecutor.execute(RunnerExecutor.java:43)
	at java.util.stream.ForEachOps$ForEachOp$OfRef.accept(ForEachOps.java:183)
	at java.util.stream.ReferencePipeline$3$1.accept(ReferencePipeline.java:193)
	at java.util.Iterator.forEachRemaining(Iterator.java:116)
	at java.util.Spliterators$IteratorSpliterator.forEachRemaining(Spliterators.java:1801)
	at java.util.stream.AbstractPipeline.copyInto(AbstractPipeline.java:482)
	at java.util.stream.AbstractPipeline.wrapAndCopyInto(AbstractPipeline.java:472)
	at java.util.stream.ForEachOps$ForEachOp.evaluateSequential(ForEachOps.java:150)
	at java.util.stream.ForEachOps$ForEachOp$OfRef.evaluateSequential(ForEachOps.java:173)
	at java.util.stream.AbstractPipeline.evaluate(AbstractPipeline.java:234)
	at java.util.stream.ReferencePipeline.forEach(ReferencePipeline.java:485)
	at org.junit.vintage.engine.VintageTestEngine.executeAllChildren(VintageTestEngine.java:82)
	at org.junit.vintage.engine.VintageTestEngine.execute(VintageTestEngine.java:73)
	at org.junit.platform.launcher.core.DefaultLauncher.execute(DefaultLauncher.java:248)
	at org.junit.platform.launcher.core.DefaultLauncher.lambda$execute$5(DefaultLauncher.java:211)
	at org.junit.platform.launcher.core.DefaultLauncher.withInterceptedStreams(DefaultLauncher.java:226)
	at org.junit.platform.launcher.core.DefaultLauncher.execute(DefaultLauncher.java:199)
	at org.junit.platform.launcher.core.DefaultLauncher.execute(DefaultLauncher.java:132)
	at org.apache.maven.surefire.junitplatform.JUnitPlatformProvider.invokeAllTests(JUnitPlatformProvider.java:154)
	at org.apache.maven.surefire.junitplatform.JUnitPlatformProvider.invoke(JUnitPlatformProvider.java:123)
	at org.apache.maven.surefire.booter.ForkedBooter.runSuitesInProcess(ForkedBooter.java:377)
	at org.apache.maven.surefire.booter.ForkedBooter.execute(ForkedBooter.java:138)
	at org.apache.maven.surefire.booter.ForkedBooter.run(ForkedBooter.java:465)
	at org.apache.maven.surefire.booter.ForkedBooter.main(ForkedBooter.java:451)

2024-04-24T12:35:27,774  INFO [main] metadata.Hive: Dumping metastore api call timing information for : compilation phase
2024-04-24T12:35:27,774  INFO [main] metadata.Hive: Total time spent in each metastore function (ms): {rollbackTxn_(long)=7, isCompatibleWith_(Configuration)=0, flushCache_()=0}
2024-04-24T12:35:27,774  INFO [main] ql.Driver: Completed compiling command(queryId=alex_20240424123527_e1c9e73f-a66e-42e2-8083-fad97712867f); Time taken: 0.002 seconds
2024-04-24T12:35:27,774  INFO [main] lockmgr.DbLockManager: releaseLocks: []
2024-04-24T12:35:27,774 ERROR [main] streaming.TestStreamingDynamicPartitioning: Statement: use testing failed: (responseCode = 10072, errorMessage = FAILED: SemanticException [Error 10072]: Database does not exist: testing, hiveErrorCode = 40000, SQLState = 42000, exception = Database does not exist: testing)
2024-04-24T12:35:27,775  INFO [main] ql.Driver: Compiling command(queryId=alex_20240424123527_e1c9e73f-a66e-42e2-8083-fad97712867f): create table alerts ( id int,msg string ) partitioned by (Continent string,Country string ) clustered by ( id ) into 1 buckets  stored as orc  location 'raw:///home/alex/Repositories/hive/streaming/target/tmp/junit6580331184947278797/testing.db/alerts' TBLPROPERTIES ('transactional'='true') 
2024-04-24T12:35:27,777  INFO [main] txn.TxnHandler: Added entries to MIN_HISTORY_LEVEL for current txns: ([2]) with min_open_txn: 1
2024-04-24T12:35:27,778  INFO [main] lockmgr.DbTxnManager: Opened txnid:2
2024-04-24T12:35:27,778  INFO [main] parse.CalcitePlanner: Starting caching scope for: alex_20240424123527_e1c9e73f-a66e-42e2-8083-fad97712867f
2024-04-24T12:35:27,778  INFO [main] parse.CalcitePlanner: Starting Semantic Analysis
2024-04-24T12:35:27,779  INFO [main] parse.CalcitePlanner: Creating table default.alerts position=13
2024-04-24T12:35:27,780  INFO [main] HiveMetaStore.audit: ugi=alex	ip=unknown-ip-addr	cmd=get_database: default	
2024-04-24T12:35:27,781  INFO [main] parse.CalcitePlanner: Ending caching scope for: alex_20240424123527_e1c9e73f-a66e-42e2-8083-fad97712867f
2024-04-24T12:35:27,781  INFO [main] ql.Driver: Semantic Analysis Completed (retrial = false)
2024-04-24T12:35:27,781  INFO [main] ql.Driver: Created Hive schema: Schema(fieldSchemas:null, properties:null)
2024-04-24T12:35:27,781  INFO [main] metadata.Hive: Dumping metastore api call timing information for : compilation phase
2024-04-24T12:35:27,781  INFO [main] metadata.Hive: Total time spent in each metastore function (ms): {getValidWriteIds_(List, String)=0, openTxn_(String, TxnType)=2, getValidTxns_(long)=0, isCompatibleWith_(Configuration)=0, getDatabase_(String)=2, flushCache_()=0}
2024-04-24T12:35:27,781  INFO [main] ql.Driver: Completed compiling command(queryId=alex_20240424123527_e1c9e73f-a66e-42e2-8083-fad97712867f); Time taken: 0.006 seconds
2024-04-24T12:35:27,782  INFO [main] reexec.ReExecDriver: Execution #1 of query
2024-04-24T12:35:27,782  INFO [main] lockmgr.DbTxnManager: Setting lock request transaction to txnid:2 for queryId=alex_20240424123527_e1c9e73f-a66e-42e2-8083-fad97712867f
2024-04-24T12:35:27,782  INFO [main] lockmgr.DbLockManager: Requesting lock for queryId=alex_20240424123527_e1c9e73f-a66e-42e2-8083-fad97712867f
2024-04-24T12:35:27,791  INFO [main] lockmgr.DbLockManager: Response to queryId=alex_20240424123527_e1c9e73f-a66e-42e2-8083-fad97712867f LockResponse(lockid:1, state:ACQUIRED)
2024-04-24T12:35:27,791  INFO [main] ql.Driver: Operation CREATETABLE obtained 1 locks
2024-04-24T12:35:27,792  INFO [main] ql.Driver: Executing command(queryId=alex_20240424123527_e1c9e73f-a66e-42e2-8083-fad97712867f): create table alerts ( id int,msg string ) partitioned by (Continent string,Country string ) clustered by ( id ) into 1 buckets  stored as orc  location 'raw:///home/alex/Repositories/hive/streaming/target/tmp/junit6580331184947278797/testing.db/alerts' TBLPROPERTIES ('transactional'='true') 
PREHOOK: query: create table alerts ( id int,msg string ) partitioned by (Continent string,Country string ) clustered by ( id ) into 1 buckets  stored as orc  location 'raw:///home/alex/Repositories/hive/streaming/target/tmp/junit6580331184947278797/testing.db/alerts' TBLPROPERTIES ('transactional'='true')
2024-04-24T12:35:27,792  INFO [main] SessionState: PREHOOK: query: create table alerts ( id int,msg string ) partitioned by (Continent string,Country string ) clustered by ( id ) into 1 buckets  stored as orc  location 'raw:///home/alex/Repositories/hive/streaming/target/tmp/junit6580331184947278797/testing.db/alerts' TBLPROPERTIES ('transactional'='true')
PREHOOK: type: CREATETABLE
2024-04-24T12:35:27,792  INFO [main] SessionState: PREHOOK: type: CREATETABLE
PREHOOK: Input: raw:/home/alex/Repositories/hive/streaming/target/tmp/junit6580331184947278797/testing.db/alerts
2024-04-24T12:35:27,792  INFO [main] SessionState: PREHOOK: Input: raw:/home/alex/Repositories/hive/streaming/target/tmp/junit6580331184947278797/testing.db/alerts
PREHOOK: Output: database:default
2024-04-24T12:35:27,792  INFO [main] SessionState: PREHOOK: Output: database:default
PREHOOK: Output: default@alerts
2024-04-24T12:35:27,792  INFO [main] SessionState: PREHOOK: Output: default@alerts
2024-04-24T12:35:27,793  INFO [main] ql.Driver: Starting task [Stage-0:DDL] in serial mode
2024-04-24T12:35:27,794  INFO [main] HiveMetaStore.audit: ugi=alex	ip=unknown-ip-addr	cmd=create_table_req: Table(tableName:alerts, dbName:default, owner:alex, createTime:1713987327, lastAccessTime:0, retention:0, sd:StorageDescriptor(cols:[FieldSchema(name:id, type:int, comment:null), FieldSchema(name:msg, type:string, comment:null)], location:raw:/home/alex/Repositories/hive/streaming/target/tmp/junit6580331184947278797/testing.db/alerts, inputFormat:org.apache.hadoop.hive.ql.io.orc.OrcInputFormat, outputFormat:org.apache.hadoop.hive.ql.io.orc.OrcOutputFormat, compressed:false, numBuckets:1, serdeInfo:SerDeInfo(name:null, serializationLib:org.apache.hadoop.hive.ql.io.orc.OrcSerde, parameters:{serialization.format=1}), bucketCols:[id], sortCols:[], parameters:{}, skewedInfo:SkewedInfo(skewedColNames:[], skewedColValues:[], skewedColValueLocationMaps:{}), storedAsSubDirectories:false), partitionKeys:[FieldSchema(name:Continent, type:string, comment:null), FieldSchema(name:Country, type:string, comment:null)], parameters:{bucketing_version=2, transactional=true}, viewOriginalText:null, viewExpandedText:null, tableType:MANAGED_TABLE, privileges:PrincipalPrivilegeSet(userPrivileges:{alex=[PrivilegeGrantInfo(privilege:INSERT, createTime:-1, grantor:alex, grantorType:USER, grantOption:true), PrivilegeGrantInfo(privilege:SELECT, createTime:-1, grantor:alex, grantorType:USER, grantOption:true), PrivilegeGrantInfo(privilege:UPDATE, createTime:-1, grantor:alex, grantorType:USER, grantOption:true), PrivilegeGrantInfo(privilege:DELETE, createTime:-1, grantor:alex, grantorType:USER, grantOption:true)]}, groupPrivileges:null, rolePrivileges:null), temporary:false, catName:hive, ownerType:USER, writeId:0)	
2024-04-24T12:35:27,807  WARN [main] metastore.HMSHandler: create_table_req got 
org.apache.hadoop.hive.metastore.api.AlreadyExistsException: Table hive.default.alerts already exists
	at org.apache.hadoop.hive.metastore.HMSHandler.create_table_core(HMSHandler.java:2339) ~[classes/:?]
	at org.apache.hadoop.hive.metastore.HMSHandler.create_table_req(HMSHandler.java:2598) ~[classes/:?]
	at sun.reflect.NativeMethodAccessorImpl.invoke0(Native Method) ~[?:1.8.0_402]
	at sun.reflect.NativeMethodAccessorImpl.invoke(NativeMethodAccessorImpl.java:62) ~[?:1.8.0_402]
	at sun.reflect.DelegatingMethodAccessorImpl.invoke(DelegatingMethodAccessorImpl.java:43) ~[?:1.8.0_402]
	at java.lang.reflect.Method.invoke(Method.java:498) ~[?:1.8.0_402]
	at org.apache.hadoop.hive.metastore.RetryingHMSHandler.invokeInternal(RetryingHMSHandler.java:147) ~[classes/:?]
	at org.apache.hadoop.hive.metastore.RetryingHMSHandler.invoke(RetryingHMSHandler.java:108) ~[classes/:?]
	at com.sun.proxy.$Proxy38.create_table_req(Unknown Source) ~[?:?]
	at org.apache.hadoop.hive.metastore.HiveMetaStoreClient.create_table_with_environment_context(HiveMetaStoreClient.java:4408) ~[classes/:?]
	at org.apache.hadoop.hive.ql.metadata.SessionHiveMetaStoreClient.create_table_with_environment_context(SessionHiveMetaStoreClient.java:182) ~[classes/:?]
	at org.apache.hadoop.hive.metastore.HiveMetaStoreClient.createTable(HiveMetaStoreClient.java:1260) ~[classes/:?]
	at org.apache.hadoop.hive.metastore.HiveMetaStoreClient.createTable(HiveMetaStoreClient.java:1245) ~[classes/:?]
	at sun.reflect.NativeMethodAccessorImpl.invoke0(Native Method) ~[?:1.8.0_402]
	at sun.reflect.NativeMethodAccessorImpl.invoke(NativeMethodAccessorImpl.java:62) ~[?:1.8.0_402]
	at sun.reflect.DelegatingMethodAccessorImpl.invoke(DelegatingMethodAccessorImpl.java:43) ~[?:1.8.0_402]
	at java.lang.reflect.Method.invoke(Method.java:498) ~[?:1.8.0_402]
	at org.apache.hadoop.hive.metastore.RetryingMetaStoreClient.invoke(RetryingMetaStoreClient.java:218) ~[classes/:?]
	at com.sun.proxy.$Proxy47.createTable(Unknown Source) ~[?:?]
	at org.apache.hadoop.hive.ql.metadata.Hive.createTable(Hive.java:1290) ~[classes/:?]
	at org.apache.hadoop.hive.ql.metadata.Hive.createTable(Hive.java:1306) ~[classes/:?]
	at org.apache.hadoop.hive.ql.ddl.table.create.CreateTableOperation.createTableNonReplaceMode(CreateTableOperation.java:140) ~[classes/:?]
	at org.apache.hadoop.hive.ql.ddl.table.create.CreateTableOperation.execute(CreateTableOperation.java:98) ~[classes/:?]
	at org.apache.hadoop.hive.ql.ddl.DDLTask.execute(DDLTask.java:84) ~[classes/:?]
	at org.apache.hadoop.hive.ql.exec.Task.executeTask(Task.java:212) ~[classes/:?]
	at org.apache.hadoop.hive.ql.exec.TaskRunner.runSequential(TaskRunner.java:105) ~[classes/:?]
	at org.apache.hadoop.hive.ql.Executor.launchTask(Executor.java:361) ~[classes/:?]
	at org.apache.hadoop.hive.ql.Executor.launchTasks(Executor.java:334) ~[classes/:?]
	at org.apache.hadoop.hive.ql.Executor.runTasks(Executor.java:245) ~[classes/:?]
	at org.apache.hadoop.hive.ql.Executor.execute(Executor.java:108) ~[classes/:?]
	at org.apache.hadoop.hive.ql.Driver.execute(Driver.java:348) ~[classes/:?]
	at org.apache.hadoop.hive.ql.Driver.runInternal(Driver.java:204) ~[classes/:?]
	at org.apache.hadoop.hive.ql.Driver.run(Driver.java:153) ~[classes/:?]
	at org.apache.hadoop.hive.ql.Driver.run(Driver.java:148) ~[classes/:?]
	at org.apache.hadoop.hive.ql.reexec.ReExecDriver.run(ReExecDriver.java:164) ~[classes/:?]
	at org.apache.hadoop.hive.ql.reexec.ReExecDriver.run(ReExecDriver.java:230) ~[classes/:?]
	at org.apache.hive.streaming.TestStreamingDynamicPartitioning.runDDL(TestStreamingDynamicPartitioning.java:829) ~[test-classes/:?]
	at org.apache.hive.streaming.TestStreamingDynamicPartitioning.createDbAndTable(TestStreamingDynamicPartitioning.java:885) ~[test-classes/:?]
	at org.apache.hive.streaming.TestStreamingDynamicPartitioning.setup(TestStreamingDynamicPartitioning.java:155) ~[test-classes/:?]
	at sun.reflect.NativeMethodAccessorImpl.invoke0(Native Method) ~[?:1.8.0_402]
	at sun.reflect.NativeMethodAccessorImpl.invoke(NativeMethodAccessorImpl.java:62) ~[?:1.8.0_402]
	at sun.reflect.DelegatingMethodAccessorImpl.invoke(DelegatingMethodAccessorImpl.java:43) ~[?:1.8.0_402]
	at java.lang.reflect.Method.invoke(Method.java:498) ~[?:1.8.0_402]
	at org.junit.runners.model.FrameworkMethod$1.runReflectiveCall(FrameworkMethod.java:59) ~[junit-4.13.jar:4.13]
	at org.junit.internal.runners.model.ReflectiveCallable.run(ReflectiveCallable.java:12) ~[junit-4.13.jar:4.13]
	at org.junit.runners.model.FrameworkMethod.invokeExplosively(FrameworkMethod.java:56) ~[junit-4.13.jar:4.13]
	at org.junit.internal.runners.statements.RunBefores.invokeMethod(RunBefores.java:33) ~[junit-4.13.jar:4.13]
	at org.junit.internal.runners.statements.RunBefores.evaluate(RunBefores.java:24) ~[junit-4.13.jar:4.13]
	at org.junit.internal.runners.statements.RunAfters.evaluate(RunAfters.java:27) ~[junit-4.13.jar:4.13]
	at org.junit.rules.ExternalResource$1.evaluate(ExternalResource.java:54) ~[junit-4.13.jar:4.13]
	at org.junit.runners.ParentRunner$3.evaluate(ParentRunner.java:306) ~[junit-4.13.jar:4.13]
	at org.junit.runners.BlockJUnit4ClassRunner$1.evaluate(BlockJUnit4ClassRunner.java:100) ~[junit-4.13.jar:4.13]
	at org.junit.runners.ParentRunner.runLeaf(ParentRunner.java:366) ~[junit-4.13.jar:4.13]
	at org.junit.runners.BlockJUnit4ClassRunner.runChild(BlockJUnit4ClassRunner.java:103) ~[junit-4.13.jar:4.13]
	at org.junit.runners.BlockJUnit4ClassRunner.runChild(BlockJUnit4ClassRunner.java:63) ~[junit-4.13.jar:4.13]
	at org.junit.runners.ParentRunner$4.run(ParentRunner.java:331) ~[junit-4.13.jar:4.13]
	at org.junit.runners.ParentRunner$1.schedule(ParentRunner.java:79) ~[junit-4.13.jar:4.13]
	at org.junit.runners.ParentRunner.runChildren(ParentRunner.java:329) ~[junit-4.13.jar:4.13]
	at org.junit.runners.ParentRunner.access$100(ParentRunner.java:66) ~[junit-4.13.jar:4.13]
	at org.junit.runners.ParentRunner$2.evaluate(ParentRunner.java:293) ~[junit-4.13.jar:4.13]
	at org.junit.runners.ParentRunner$3.evaluate(ParentRunner.java:306) ~[junit-4.13.jar:4.13]
	at org.junit.runners.ParentRunner.run(ParentRunner.java:413) ~[junit-4.13.jar:4.13]
	at org.junit.runner.JUnitCore.run(JUnitCore.java:137) ~[junit-4.13.jar:4.13]
	at org.junit.runner.JUnitCore.run(JUnitCore.java:115) ~[junit-4.13.jar:4.13]
	at org.junit.vintage.engine.execution.RunnerExecutor.execute(RunnerExecutor.java:43) ~[junit-vintage-engine-5.6.2.jar:5.6.2]
	at java.util.stream.ForEachOps$ForEachOp$OfRef.accept(ForEachOps.java:183) ~[?:1.8.0_402]
	at java.util.stream.ReferencePipeline$3$1.accept(ReferencePipeline.java:193) ~[?:1.8.0_402]
	at java.util.Iterator.forEachRemaining(Iterator.java:116) ~[?:1.8.0_402]
	at java.util.Spliterators$IteratorSpliterator.forEachRemaining(Spliterators.java:1801) ~[?:1.8.0_402]
	at java.util.stream.AbstractPipeline.copyInto(AbstractPipeline.java:482) ~[?:1.8.0_402]
	at java.util.stream.AbstractPipeline.wrapAndCopyInto(AbstractPipeline.java:472) ~[?:1.8.0_402]
	at java.util.stream.ForEachOps$ForEachOp.evaluateSequential(ForEachOps.java:150) ~[?:1.8.0_402]
	at java.util.stream.ForEachOps$ForEachOp$OfRef.evaluateSequential(ForEachOps.java:173) ~[?:1.8.0_402]
	at java.util.stream.AbstractPipeline.evaluate(AbstractPipeline.java:234) ~[?:1.8.0_402]
	at java.util.stream.ReferencePipeline.forEach(ReferencePipeline.java:485) ~[?:1.8.0_402]
	at org.junit.vintage.engine.VintageTestEngine.executeAllChildren(VintageTestEngine.java:82) ~[junit-vintage-engine-5.6.2.jar:5.6.2]
	at org.junit.vintage.engine.VintageTestEngine.execute(VintageTestEngine.java:73) ~[junit-vintage-engine-5.6.2.jar:5.6.2]
	at org.junit.platform.launcher.core.DefaultLauncher.execute(DefaultLauncher.java:248) ~[junit-platform-launcher-1.6.2.jar:1.6.2]
	at org.junit.platform.launcher.core.DefaultLauncher.lambda$execute$5(DefaultLauncher.java:211) ~[junit-platform-launcher-1.6.2.jar:1.6.2]
	at org.junit.platform.launcher.core.DefaultLauncher.withInterceptedStreams(DefaultLauncher.java:226) [junit-platform-launcher-1.6.2.jar:1.6.2]
	at org.junit.platform.launcher.core.DefaultLauncher.execute(DefaultLauncher.java:199) [junit-platform-launcher-1.6.2.jar:1.6.2]
	at org.junit.platform.launcher.core.DefaultLauncher.execute(DefaultLauncher.java:132) [junit-platform-launcher-1.6.2.jar:1.6.2]
	at org.apache.maven.surefire.junitplatform.JUnitPlatformProvider.invokeAllTests(JUnitPlatformProvider.java:154) [surefire-junit-platform-3.0.0-M4.jar:3.0.0-M4]
	at org.apache.maven.surefire.junitplatform.JUnitPlatformProvider.invoke(JUnitPlatformProvider.java:123) [surefire-junit-platform-3.0.0-M4.jar:3.0.0-M4]
	at org.apache.maven.surefire.booter.ForkedBooter.runSuitesInProcess(ForkedBooter.java:377) [surefire-booter-3.0.0-M4.jar:3.0.0-M4]
	at org.apache.maven.surefire.booter.ForkedBooter.execute(ForkedBooter.java:138) [surefire-booter-3.0.0-M4.jar:3.0.0-M4]
	at org.apache.maven.surefire.booter.ForkedBooter.run(ForkedBooter.java:465) [surefire-booter-3.0.0-M4.jar:3.0.0-M4]
	at org.apache.maven.surefire.booter.ForkedBooter.main(ForkedBooter.java:451) [surefire-booter-3.0.0-M4.jar:3.0.0-M4]
2024-04-24T12:35:27,808 ERROR [main] metastore.RetryingHMSHandler: AlreadyExistsException(message:Table hive.default.alerts already exists)
	at org.apache.hadoop.hive.metastore.HMSHandler.create_table_core(HMSHandler.java:2339)
	at org.apache.hadoop.hive.metastore.HMSHandler.create_table_req(HMSHandler.java:2598)
	at sun.reflect.NativeMethodAccessorImpl.invoke0(Native Method)
	at sun.reflect.NativeMethodAccessorImpl.invoke(NativeMethodAccessorImpl.java:62)
	at sun.reflect.DelegatingMethodAccessorImpl.invoke(DelegatingMethodAccessorImpl.java:43)
	at java.lang.reflect.Method.invoke(Method.java:498)
	at org.apache.hadoop.hive.metastore.RetryingHMSHandler.invokeInternal(RetryingHMSHandler.java:147)
	at org.apache.hadoop.hive.metastore.RetryingHMSHandler.invoke(RetryingHMSHandler.java:108)
	at com.sun.proxy.$Proxy38.create_table_req(Unknown Source)
	at org.apache.hadoop.hive.metastore.HiveMetaStoreClient.create_table_with_environment_context(HiveMetaStoreClient.java:4408)
	at org.apache.hadoop.hive.ql.metadata.SessionHiveMetaStoreClient.create_table_with_environment_context(SessionHiveMetaStoreClient.java:182)
	at org.apache.hadoop.hive.metastore.HiveMetaStoreClient.createTable(HiveMetaStoreClient.java:1260)
	at org.apache.hadoop.hive.metastore.HiveMetaStoreClient.createTable(HiveMetaStoreClient.java:1245)
	at sun.reflect.NativeMethodAccessorImpl.invoke0(Native Method)
	at sun.reflect.NativeMethodAccessorImpl.invoke(NativeMethodAccessorImpl.java:62)
	at sun.reflect.DelegatingMethodAccessorImpl.invoke(DelegatingMethodAccessorImpl.java:43)
	at java.lang.reflect.Method.invoke(Method.java:498)
	at org.apache.hadoop.hive.metastore.RetryingMetaStoreClient.invoke(RetryingMetaStoreClient.java:218)
	at com.sun.proxy.$Proxy47.createTable(Unknown Source)
	at org.apache.hadoop.hive.ql.metadata.Hive.createTable(Hive.java:1290)
	at org.apache.hadoop.hive.ql.metadata.Hive.createTable(Hive.java:1306)
	at org.apache.hadoop.hive.ql.ddl.table.create.CreateTableOperation.createTableNonReplaceMode(CreateTableOperation.java:140)
	at org.apache.hadoop.hive.ql.ddl.table.create.CreateTableOperation.execute(CreateTableOperation.java:98)
	at org.apache.hadoop.hive.ql.ddl.DDLTask.execute(DDLTask.java:84)
	at org.apache.hadoop.hive.ql.exec.Task.executeTask(Task.java:212)
	at org.apache.hadoop.hive.ql.exec.TaskRunner.runSequential(TaskRunner.java:105)
	at org.apache.hadoop.hive.ql.Executor.launchTask(Executor.java:361)
	at org.apache.hadoop.hive.ql.Executor.launchTasks(Executor.java:334)
	at org.apache.hadoop.hive.ql.Executor.runTasks(Executor.java:245)
	at org.apache.hadoop.hive.ql.Executor.execute(Executor.java:108)
	at org.apache.hadoop.hive.ql.Driver.execute(Driver.java:348)
	at org.apache.hadoop.hive.ql.Driver.runInternal(Driver.java:204)
	at org.apache.hadoop.hive.ql.Driver.run(Driver.java:153)
	at org.apache.hadoop.hive.ql.Driver.run(Driver.java:148)
	at org.apache.hadoop.hive.ql.reexec.ReExecDriver.run(ReExecDriver.java:164)
	at org.apache.hadoop.hive.ql.reexec.ReExecDriver.run(ReExecDriver.java:230)
	at org.apache.hive.streaming.TestStreamingDynamicPartitioning.runDDL(TestStreamingDynamicPartitioning.java:829)
	at org.apache.hive.streaming.TestStreamingDynamicPartitioning.createDbAndTable(TestStreamingDynamicPartitioning.java:885)
	at org.apache.hive.streaming.TestStreamingDynamicPartitioning.setup(TestStreamingDynamicPartitioning.java:155)
	at sun.reflect.NativeMethodAccessorImpl.invoke0(Native Method)
	at sun.reflect.NativeMethodAccessorImpl.invoke(NativeMethodAccessorImpl.java:62)
	at sun.reflect.DelegatingMethodAccessorImpl.invoke(DelegatingMethodAccessorImpl.java:43)
	at java.lang.reflect.Method.invoke(Method.java:498)
	at org.junit.runners.model.FrameworkMethod$1.runReflectiveCall(FrameworkMethod.java:59)
	at org.junit.internal.runners.model.ReflectiveCallable.run(ReflectiveCallable.java:12)
	at org.junit.runners.model.FrameworkMethod.invokeExplosively(FrameworkMethod.java:56)
	at org.junit.internal.runners.statements.RunBefores.invokeMethod(RunBefores.java:33)
	at org.junit.internal.runners.statements.RunBefores.evaluate(RunBefores.java:24)
	at org.junit.internal.runners.statements.RunAfters.evaluate(RunAfters.java:27)
	at org.junit.rules.ExternalResource$1.evaluate(ExternalResource.java:54)
	at org.junit.runners.ParentRunner$3.evaluate(ParentRunner.java:306)
	at org.junit.runners.BlockJUnit4ClassRunner$1.evaluate(BlockJUnit4ClassRunner.java:100)
	at org.junit.runners.ParentRunner.runLeaf(ParentRunner.java:366)
	at org.junit.runners.BlockJUnit4ClassRunner.runChild(BlockJUnit4ClassRunner.java:103)
	at org.junit.runners.BlockJUnit4ClassRunner.runChild(BlockJUnit4ClassRunner.java:63)
	at org.junit.runners.ParentRunner$4.run(ParentRunner.java:331)
	at org.junit.runners.ParentRunner$1.schedule(ParentRunner.java:79)
	at org.junit.runners.ParentRunner.runChildren(ParentRunner.java:329)
	at org.junit.runners.ParentRunner.access$100(ParentRunner.java:66)
	at org.junit.runners.ParentRunner$2.evaluate(ParentRunner.java:293)
	at org.junit.runners.ParentRunner$3.evaluate(ParentRunner.java:306)
	at org.junit.runners.ParentRunner.run(ParentRunner.java:413)
	at org.junit.runner.JUnitCore.run(JUnitCore.java:137)
	at org.junit.runner.JUnitCore.run(JUnitCore.java:115)
	at org.junit.vintage.engine.execution.RunnerExecutor.execute(RunnerExecutor.java:43)
	at java.util.stream.ForEachOps$ForEachOp$OfRef.accept(ForEachOps.java:183)
	at java.util.stream.ReferencePipeline$3$1.accept(ReferencePipeline.java:193)
	at java.util.Iterator.forEachRemaining(Iterator.java:116)
	at java.util.Spliterators$IteratorSpliterator.forEachRemaining(Spliterators.java:1801)
	at java.util.stream.AbstractPipeline.copyInto(AbstractPipeline.java:482)
	at java.util.stream.AbstractPipeline.wrapAndCopyInto(AbstractPipeline.java:472)
	at java.util.stream.ForEachOps$ForEachOp.evaluateSequential(ForEachOps.java:150)
	at java.util.stream.ForEachOps$ForEachOp$OfRef.evaluateSequential(ForEachOps.java:173)
	at java.util.stream.AbstractPipeline.evaluate(AbstractPipeline.java:234)
	at java.util.stream.ReferencePipeline.forEach(ReferencePipeline.java:485)
	at org.junit.vintage.engine.VintageTestEngine.executeAllChildren(VintageTestEngine.java:82)
	at org.junit.vintage.engine.VintageTestEngine.execute(VintageTestEngine.java:73)
	at org.junit.platform.launcher.core.DefaultLauncher.execute(DefaultLauncher.java:248)
	at org.junit.platform.launcher.core.DefaultLauncher.lambda$execute$5(DefaultLauncher.java:211)
	at org.junit.platform.launcher.core.DefaultLauncher.withInterceptedStreams(DefaultLauncher.java:226)
	at org.junit.platform.launcher.core.DefaultLauncher.execute(DefaultLauncher.java:199)
	at org.junit.platform.launcher.core.DefaultLauncher.execute(DefaultLauncher.java:132)
	at org.apache.maven.surefire.junitplatform.JUnitPlatformProvider.invokeAllTests(JUnitPlatformProvider.java:154)
	at org.apache.maven.surefire.junitplatform.JUnitPlatformProvider.invoke(JUnitPlatformProvider.java:123)
	at org.apache.maven.surefire.booter.ForkedBooter.runSuitesInProcess(ForkedBooter.java:377)
	at org.apache.maven.surefire.booter.ForkedBooter.execute(ForkedBooter.java:138)
	at org.apache.maven.surefire.booter.ForkedBooter.run(ForkedBooter.java:465)
	at org.apache.maven.surefire.booter.ForkedBooter.main(ForkedBooter.java:451)

2024-04-24T12:35:27,809 ERROR [main] exec.Task: Failed
org.apache.hadoop.hive.ql.metadata.HiveException: AlreadyExistsException(message:Table hive.default.alerts already exists)
	at org.apache.hadoop.hive.ql.metadata.Hive.createTable(Hive.java:1298) ~[classes/:?]
	at org.apache.hadoop.hive.ql.metadata.Hive.createTable(Hive.java:1306) ~[classes/:?]
	at org.apache.hadoop.hive.ql.ddl.table.create.CreateTableOperation.createTableNonReplaceMode(CreateTableOperation.java:140) ~[classes/:?]
	at org.apache.hadoop.hive.ql.ddl.table.create.CreateTableOperation.execute(CreateTableOperation.java:98) ~[classes/:?]
	at org.apache.hadoop.hive.ql.ddl.DDLTask.execute(DDLTask.java:84) ~[classes/:?]
	at org.apache.hadoop.hive.ql.exec.Task.executeTask(Task.java:212) ~[classes/:?]
	at org.apache.hadoop.hive.ql.exec.TaskRunner.runSequential(TaskRunner.java:105) ~[classes/:?]
	at org.apache.hadoop.hive.ql.Executor.launchTask(Executor.java:361) ~[classes/:?]
	at org.apache.hadoop.hive.ql.Executor.launchTasks(Executor.java:334) ~[classes/:?]
	at org.apache.hadoop.hive.ql.Executor.runTasks(Executor.java:245) ~[classes/:?]
	at org.apache.hadoop.hive.ql.Executor.execute(Executor.java:108) ~[classes/:?]
	at org.apache.hadoop.hive.ql.Driver.execute(Driver.java:348) ~[classes/:?]
	at org.apache.hadoop.hive.ql.Driver.runInternal(Driver.java:204) ~[classes/:?]
	at org.apache.hadoop.hive.ql.Driver.run(Driver.java:153) ~[classes/:?]
	at org.apache.hadoop.hive.ql.Driver.run(Driver.java:148) ~[classes/:?]
	at org.apache.hadoop.hive.ql.reexec.ReExecDriver.run(ReExecDriver.java:164) ~[classes/:?]
	at org.apache.hadoop.hive.ql.reexec.ReExecDriver.run(ReExecDriver.java:230) ~[classes/:?]
	at org.apache.hive.streaming.TestStreamingDynamicPartitioning.runDDL(TestStreamingDynamicPartitioning.java:829) ~[test-classes/:?]
	at org.apache.hive.streaming.TestStreamingDynamicPartitioning.createDbAndTable(TestStreamingDynamicPartitioning.java:885) ~[test-classes/:?]
	at org.apache.hive.streaming.TestStreamingDynamicPartitioning.setup(TestStreamingDynamicPartitioning.java:155) ~[test-classes/:?]
	at sun.reflect.NativeMethodAccessorImpl.invoke0(Native Method) ~[?:1.8.0_402]
	at sun.reflect.NativeMethodAccessorImpl.invoke(NativeMethodAccessorImpl.java:62) ~[?:1.8.0_402]
	at sun.reflect.DelegatingMethodAccessorImpl.invoke(DelegatingMethodAccessorImpl.java:43) ~[?:1.8.0_402]
	at java.lang.reflect.Method.invoke(Method.java:498) ~[?:1.8.0_402]
	at org.junit.runners.model.FrameworkMethod$1.runReflectiveCall(FrameworkMethod.java:59) ~[junit-4.13.jar:4.13]
	at org.junit.internal.runners.model.ReflectiveCallable.run(ReflectiveCallable.java:12) ~[junit-4.13.jar:4.13]
	at org.junit.runners.model.FrameworkMethod.invokeExplosively(FrameworkMethod.java:56) ~[junit-4.13.jar:4.13]
	at org.junit.internal.runners.statements.RunBefores.invokeMethod(RunBefores.java:33) ~[junit-4.13.jar:4.13]
	at org.junit.internal.runners.statements.RunBefores.evaluate(RunBefores.java:24) ~[junit-4.13.jar:4.13]
	at org.junit.internal.runners.statements.RunAfters.evaluate(RunAfters.java:27) ~[junit-4.13.jar:4.13]
	at org.junit.rules.ExternalResource$1.evaluate(ExternalResource.java:54) ~[junit-4.13.jar:4.13]
	at org.junit.runners.ParentRunner$3.evaluate(ParentRunner.java:306) ~[junit-4.13.jar:4.13]
	at org.junit.runners.BlockJUnit4ClassRunner$1.evaluate(BlockJUnit4ClassRunner.java:100) ~[junit-4.13.jar:4.13]
	at org.junit.runners.ParentRunner.runLeaf(ParentRunner.java:366) ~[junit-4.13.jar:4.13]
	at org.junit.runners.BlockJUnit4ClassRunner.runChild(BlockJUnit4ClassRunner.java:103) ~[junit-4.13.jar:4.13]
	at org.junit.runners.BlockJUnit4ClassRunner.runChild(BlockJUnit4ClassRunner.java:63) ~[junit-4.13.jar:4.13]
	at org.junit.runners.ParentRunner$4.run(ParentRunner.java:331) ~[junit-4.13.jar:4.13]
	at org.junit.runners.ParentRunner$1.schedule(ParentRunner.java:79) ~[junit-4.13.jar:4.13]
	at org.junit.runners.ParentRunner.runChildren(ParentRunner.java:329) ~[junit-4.13.jar:4.13]
	at org.junit.runners.ParentRunner.access$100(ParentRunner.java:66) ~[junit-4.13.jar:4.13]
	at org.junit.runners.ParentRunner$2.evaluate(ParentRunner.java:293) ~[junit-4.13.jar:4.13]
	at org.junit.runners.ParentRunner$3.evaluate(ParentRunner.java:306) ~[junit-4.13.jar:4.13]
	at org.junit.runners.ParentRunner.run(ParentRunner.java:413) ~[junit-4.13.jar:4.13]
	at org.junit.runner.JUnitCore.run(JUnitCore.java:137) ~[junit-4.13.jar:4.13]
	at org.junit.runner.JUnitCore.run(JUnitCore.java:115) ~[junit-4.13.jar:4.13]
	at org.junit.vintage.engine.execution.RunnerExecutor.execute(RunnerExecutor.java:43) ~[junit-vintage-engine-5.6.2.jar:5.6.2]
	at java.util.stream.ForEachOps$ForEachOp$OfRef.accept(ForEachOps.java:183) ~[?:1.8.0_402]
	at java.util.stream.ReferencePipeline$3$1.accept(ReferencePipeline.java:193) ~[?:1.8.0_402]
	at java.util.Iterator.forEachRemaining(Iterator.java:116) ~[?:1.8.0_402]
	at java.util.Spliterators$IteratorSpliterator.forEachRemaining(Spliterators.java:1801) ~[?:1.8.0_402]
	at java.util.stream.AbstractPipeline.copyInto(AbstractPipeline.java:482) ~[?:1.8.0_402]
	at java.util.stream.AbstractPipeline.wrapAndCopyInto(AbstractPipeline.java:472) ~[?:1.8.0_402]
	at java.util.stream.ForEachOps$ForEachOp.evaluateSequential(ForEachOps.java:150) ~[?:1.8.0_402]
	at java.util.stream.ForEachOps$ForEachOp$OfRef.evaluateSequential(ForEachOps.java:173) ~[?:1.8.0_402]
	at java.util.stream.AbstractPipeline.evaluate(AbstractPipeline.java:234) ~[?:1.8.0_402]
	at java.util.stream.ReferencePipeline.forEach(ReferencePipeline.java:485) ~[?:1.8.0_402]
	at org.junit.vintage.engine.VintageTestEngine.executeAllChildren(VintageTestEngine.java:82) ~[junit-vintage-engine-5.6.2.jar:5.6.2]
	at org.junit.vintage.engine.VintageTestEngine.execute(VintageTestEngine.java:73) ~[junit-vintage-engine-5.6.2.jar:5.6.2]
	at org.junit.platform.launcher.core.DefaultLauncher.execute(DefaultLauncher.java:248) ~[junit-platform-launcher-1.6.2.jar:1.6.2]
	at org.junit.platform.launcher.core.DefaultLauncher.lambda$execute$5(DefaultLauncher.java:211) ~[junit-platform-launcher-1.6.2.jar:1.6.2]
	at org.junit.platform.launcher.core.DefaultLauncher.withInterceptedStreams(DefaultLauncher.java:226) [junit-platform-launcher-1.6.2.jar:1.6.2]
	at org.junit.platform.launcher.core.DefaultLauncher.execute(DefaultLauncher.java:199) [junit-platform-launcher-1.6.2.jar:1.6.2]
	at org.junit.platform.launcher.core.DefaultLauncher.execute(DefaultLauncher.java:132) [junit-platform-launcher-1.6.2.jar:1.6.2]
	at org.apache.maven.surefire.junitplatform.JUnitPlatformProvider.invokeAllTests(JUnitPlatformProvider.java:154) [surefire-junit-platform-3.0.0-M4.jar:3.0.0-M4]
	at org.apache.maven.surefire.junitplatform.JUnitPlatformProvider.invoke(JUnitPlatformProvider.java:123) [surefire-junit-platform-3.0.0-M4.jar:3.0.0-M4]
	at org.apache.maven.surefire.booter.ForkedBooter.runSuitesInProcess(ForkedBooter.java:377) [surefire-booter-3.0.0-M4.jar:3.0.0-M4]
	at org.apache.maven.surefire.booter.ForkedBooter.execute(ForkedBooter.java:138) [surefire-booter-3.0.0-M4.jar:3.0.0-M4]
	at org.apache.maven.surefire.booter.ForkedBooter.run(ForkedBooter.java:465) [surefire-booter-3.0.0-M4.jar:3.0.0-M4]
	at org.apache.maven.surefire.booter.ForkedBooter.main(ForkedBooter.java:451) [surefire-booter-3.0.0-M4.jar:3.0.0-M4]
Caused by: org.apache.hadoop.hive.metastore.api.AlreadyExistsException: Table hive.default.alerts already exists
	at org.apache.hadoop.hive.metastore.HMSHandler.create_table_core(HMSHandler.java:2339) ~[classes/:?]
	at org.apache.hadoop.hive.metastore.HMSHandler.create_table_req(HMSHandler.java:2598) ~[classes/:?]
	at sun.reflect.NativeMethodAccessorImpl.invoke0(Native Method) ~[?:1.8.0_402]
	at sun.reflect.NativeMethodAccessorImpl.invoke(NativeMethodAccessorImpl.java:62) ~[?:1.8.0_402]
	at sun.reflect.DelegatingMethodAccessorImpl.invoke(DelegatingMethodAccessorImpl.java:43) ~[?:1.8.0_402]
	at java.lang.reflect.Method.invoke(Method.java:498) ~[?:1.8.0_402]
	at org.apache.hadoop.hive.metastore.RetryingHMSHandler.invokeInternal(RetryingHMSHandler.java:147) ~[classes/:?]
	at org.apache.hadoop.hive.metastore.RetryingHMSHandler.invoke(RetryingHMSHandler.java:108) ~[classes/:?]
	at com.sun.proxy.$Proxy38.create_table_req(Unknown Source) ~[?:?]
	at org.apache.hadoop.hive.metastore.HiveMetaStoreClient.create_table_with_environment_context(HiveMetaStoreClient.java:4408) ~[classes/:?]
	at org.apache.hadoop.hive.ql.metadata.SessionHiveMetaStoreClient.create_table_with_environment_context(SessionHiveMetaStoreClient.java:182) ~[classes/:?]
	at org.apache.hadoop.hive.metastore.HiveMetaStoreClient.createTable(HiveMetaStoreClient.java:1260) ~[classes/:?]
	at org.apache.hadoop.hive.metastore.HiveMetaStoreClient.createTable(HiveMetaStoreClient.java:1245) ~[classes/:?]
	at sun.reflect.NativeMethodAccessorImpl.invoke0(Native Method) ~[?:1.8.0_402]
	at sun.reflect.NativeMethodAccessorImpl.invoke(NativeMethodAccessorImpl.java:62) ~[?:1.8.0_402]
	at sun.reflect.DelegatingMethodAccessorImpl.invoke(DelegatingMethodAccessorImpl.java:43) ~[?:1.8.0_402]
	at java.lang.reflect.Method.invoke(Method.java:498) ~[?:1.8.0_402]
	at org.apache.hadoop.hive.metastore.RetryingMetaStoreClient.invoke(RetryingMetaStoreClient.java:218) ~[classes/:?]
	at com.sun.proxy.$Proxy47.createTable(Unknown Source) ~[?:?]
	at org.apache.hadoop.hive.ql.metadata.Hive.createTable(Hive.java:1290) ~[classes/:?]
	... 68 more
2024-04-24T12:35:27,810 ERROR [main] exec.Task: DDLTask failed, DDL Operation: class org.apache.hadoop.hive.ql.ddl.table.create.CreateTableOperation
org.apache.hadoop.hive.ql.metadata.HiveException: AlreadyExistsException(message:Table hive.default.alerts already exists)
	at org.apache.hadoop.hive.ql.metadata.Hive.createTable(Hive.java:1298) ~[classes/:?]
	at org.apache.hadoop.hive.ql.metadata.Hive.createTable(Hive.java:1306) ~[classes/:?]
	at org.apache.hadoop.hive.ql.ddl.table.create.CreateTableOperation.createTableNonReplaceMode(CreateTableOperation.java:140) ~[classes/:?]
	at org.apache.hadoop.hive.ql.ddl.table.create.CreateTableOperation.execute(CreateTableOperation.java:98) ~[classes/:?]
	at org.apache.hadoop.hive.ql.ddl.DDLTask.execute(DDLTask.java:84) ~[classes/:?]
	at org.apache.hadoop.hive.ql.exec.Task.executeTask(Task.java:212) ~[classes/:?]
	at org.apache.hadoop.hive.ql.exec.TaskRunner.runSequential(TaskRunner.java:105) ~[classes/:?]
	at org.apache.hadoop.hive.ql.Executor.launchTask(Executor.java:361) ~[classes/:?]
	at org.apache.hadoop.hive.ql.Executor.launchTasks(Executor.java:334) ~[classes/:?]
	at org.apache.hadoop.hive.ql.Executor.runTasks(Executor.java:245) ~[classes/:?]
	at org.apache.hadoop.hive.ql.Executor.execute(Executor.java:108) ~[classes/:?]
	at org.apache.hadoop.hive.ql.Driver.execute(Driver.java:348) ~[classes/:?]
	at org.apache.hadoop.hive.ql.Driver.runInternal(Driver.java:204) ~[classes/:?]
	at org.apache.hadoop.hive.ql.Driver.run(Driver.java:153) ~[classes/:?]
	at org.apache.hadoop.hive.ql.Driver.run(Driver.java:148) ~[classes/:?]
	at org.apache.hadoop.hive.ql.reexec.ReExecDriver.run(ReExecDriver.java:164) ~[classes/:?]
	at org.apache.hadoop.hive.ql.reexec.ReExecDriver.run(ReExecDriver.java:230) ~[classes/:?]
	at org.apache.hive.streaming.TestStreamingDynamicPartitioning.runDDL(TestStreamingDynamicPartitioning.java:829) ~[test-classes/:?]
	at org.apache.hive.streaming.TestStreamingDynamicPartitioning.createDbAndTable(TestStreamingDynamicPartitioning.java:885) ~[test-classes/:?]
	at org.apache.hive.streaming.TestStreamingDynamicPartitioning.setup(TestStreamingDynamicPartitioning.java:155) ~[test-classes/:?]
	at sun.reflect.NativeMethodAccessorImpl.invoke0(Native Method) ~[?:1.8.0_402]
	at sun.reflect.NativeMethodAccessorImpl.invoke(NativeMethodAccessorImpl.java:62) ~[?:1.8.0_402]
	at sun.reflect.DelegatingMethodAccessorImpl.invoke(DelegatingMethodAccessorImpl.java:43) ~[?:1.8.0_402]
	at java.lang.reflect.Method.invoke(Method.java:498) ~[?:1.8.0_402]
	at org.junit.runners.model.FrameworkMethod$1.runReflectiveCall(FrameworkMethod.java:59) ~[junit-4.13.jar:4.13]
	at org.junit.internal.runners.model.ReflectiveCallable.run(ReflectiveCallable.java:12) ~[junit-4.13.jar:4.13]
	at org.junit.runners.model.FrameworkMethod.invokeExplosively(FrameworkMethod.java:56) ~[junit-4.13.jar:4.13]
	at org.junit.internal.runners.statements.RunBefores.invokeMethod(RunBefores.java:33) ~[junit-4.13.jar:4.13]
	at org.junit.internal.runners.statements.RunBefores.evaluate(RunBefores.java:24) ~[junit-4.13.jar:4.13]
	at org.junit.internal.runners.statements.RunAfters.evaluate(RunAfters.java:27) ~[junit-4.13.jar:4.13]
	at org.junit.rules.ExternalResource$1.evaluate(ExternalResource.java:54) ~[junit-4.13.jar:4.13]
	at org.junit.runners.ParentRunner$3.evaluate(ParentRunner.java:306) ~[junit-4.13.jar:4.13]
	at org.junit.runners.BlockJUnit4ClassRunner$1.evaluate(BlockJUnit4ClassRunner.java:100) ~[junit-4.13.jar:4.13]
	at org.junit.runners.ParentRunner.runLeaf(ParentRunner.java:366) ~[junit-4.13.jar:4.13]
	at org.junit.runners.BlockJUnit4ClassRunner.runChild(BlockJUnit4ClassRunner.java:103) ~[junit-4.13.jar:4.13]
	at org.junit.runners.BlockJUnit4ClassRunner.runChild(BlockJUnit4ClassRunner.java:63) ~[junit-4.13.jar:4.13]
	at org.junit.runners.ParentRunner$4.run(ParentRunner.java:331) ~[junit-4.13.jar:4.13]
	at org.junit.runners.ParentRunner$1.schedule(ParentRunner.java:79) ~[junit-4.13.jar:4.13]
	at org.junit.runners.ParentRunner.runChildren(ParentRunner.java:329) ~[junit-4.13.jar:4.13]
	at org.junit.runners.ParentRunner.access$100(ParentRunner.java:66) ~[junit-4.13.jar:4.13]
	at org.junit.runners.ParentRunner$2.evaluate(ParentRunner.java:293) ~[junit-4.13.jar:4.13]
	at org.junit.runners.ParentRunner$3.evaluate(ParentRunner.java:306) ~[junit-4.13.jar:4.13]
	at org.junit.runners.ParentRunner.run(ParentRunner.java:413) ~[junit-4.13.jar:4.13]
	at org.junit.runner.JUnitCore.run(JUnitCore.java:137) ~[junit-4.13.jar:4.13]
	at org.junit.runner.JUnitCore.run(JUnitCore.java:115) ~[junit-4.13.jar:4.13]
	at org.junit.vintage.engine.execution.RunnerExecutor.execute(RunnerExecutor.java:43) ~[junit-vintage-engine-5.6.2.jar:5.6.2]
	at java.util.stream.ForEachOps$ForEachOp$OfRef.accept(ForEachOps.java:183) ~[?:1.8.0_402]
	at java.util.stream.ReferencePipeline$3$1.accept(ReferencePipeline.java:193) ~[?:1.8.0_402]
	at java.util.Iterator.forEachRemaining(Iterator.java:116) ~[?:1.8.0_402]
	at java.util.Spliterators$IteratorSpliterator.forEachRemaining(Spliterators.java:1801) ~[?:1.8.0_402]
	at java.util.stream.AbstractPipeline.copyInto(AbstractPipeline.java:482) ~[?:1.8.0_402]
	at java.util.stream.AbstractPipeline.wrapAndCopyInto(AbstractPipeline.java:472) ~[?:1.8.0_402]
	at java.util.stream.ForEachOps$ForEachOp.evaluateSequential(ForEachOps.java:150) ~[?:1.8.0_402]
	at java.util.stream.ForEachOps$ForEachOp$OfRef.evaluateSequential(ForEachOps.java:173) ~[?:1.8.0_402]
	at java.util.stream.AbstractPipeline.evaluate(AbstractPipeline.java:234) ~[?:1.8.0_402]
	at java.util.stream.ReferencePipeline.forEach(ReferencePipeline.java:485) ~[?:1.8.0_402]
	at org.junit.vintage.engine.VintageTestEngine.executeAllChildren(VintageTestEngine.java:82) ~[junit-vintage-engine-5.6.2.jar:5.6.2]
	at org.junit.vintage.engine.VintageTestEngine.execute(VintageTestEngine.java:73) ~[junit-vintage-engine-5.6.2.jar:5.6.2]
	at org.junit.platform.launcher.core.DefaultLauncher.execute(DefaultLauncher.java:248) ~[junit-platform-launcher-1.6.2.jar:1.6.2]
	at org.junit.platform.launcher.core.DefaultLauncher.lambda$execute$5(DefaultLauncher.java:211) ~[junit-platform-launcher-1.6.2.jar:1.6.2]
	at org.junit.platform.launcher.core.DefaultLauncher.withInterceptedStreams(DefaultLauncher.java:226) [junit-platform-launcher-1.6.2.jar:1.6.2]
	at org.junit.platform.launcher.core.DefaultLauncher.execute(DefaultLauncher.java:199) [junit-platform-launcher-1.6.2.jar:1.6.2]
	at org.junit.platform.launcher.core.DefaultLauncher.execute(DefaultLauncher.java:132) [junit-platform-launcher-1.6.2.jar:1.6.2]
	at org.apache.maven.surefire.junitplatform.JUnitPlatformProvider.invokeAllTests(JUnitPlatformProvider.java:154) [surefire-junit-platform-3.0.0-M4.jar:3.0.0-M4]
	at org.apache.maven.surefire.junitplatform.JUnitPlatformProvider.invoke(JUnitPlatformProvider.java:123) [surefire-junit-platform-3.0.0-M4.jar:3.0.0-M4]
	at org.apache.maven.surefire.booter.ForkedBooter.runSuitesInProcess(ForkedBooter.java:377) [surefire-booter-3.0.0-M4.jar:3.0.0-M4]
	at org.apache.maven.surefire.booter.ForkedBooter.execute(ForkedBooter.java:138) [surefire-booter-3.0.0-M4.jar:3.0.0-M4]
	at org.apache.maven.surefire.booter.ForkedBooter.run(ForkedBooter.java:465) [surefire-booter-3.0.0-M4.jar:3.0.0-M4]
	at org.apache.maven.surefire.booter.ForkedBooter.main(ForkedBooter.java:451) [surefire-booter-3.0.0-M4.jar:3.0.0-M4]
Caused by: org.apache.hadoop.hive.metastore.api.AlreadyExistsException: Table hive.default.alerts already exists
	at org.apache.hadoop.hive.metastore.HMSHandler.create_table_core(HMSHandler.java:2339) ~[classes/:?]
	at org.apache.hadoop.hive.metastore.HMSHandler.create_table_req(HMSHandler.java:2598) ~[classes/:?]
	at sun.reflect.NativeMethodAccessorImpl.invoke0(Native Method) ~[?:1.8.0_402]
	at sun.reflect.NativeMethodAccessorImpl.invoke(NativeMethodAccessorImpl.java:62) ~[?:1.8.0_402]
	at sun.reflect.DelegatingMethodAccessorImpl.invoke(DelegatingMethodAccessorImpl.java:43) ~[?:1.8.0_402]
	at java.lang.reflect.Method.invoke(Method.java:498) ~[?:1.8.0_402]
	at org.apache.hadoop.hive.metastore.RetryingHMSHandler.invokeInternal(RetryingHMSHandler.java:147) ~[classes/:?]
	at org.apache.hadoop.hive.metastore.RetryingHMSHandler.invoke(RetryingHMSHandler.java:108) ~[classes/:?]
	at com.sun.proxy.$Proxy38.create_table_req(Unknown Source) ~[?:?]
	at org.apache.hadoop.hive.metastore.HiveMetaStoreClient.create_table_with_environment_context(HiveMetaStoreClient.java:4408) ~[classes/:?]
	at org.apache.hadoop.hive.ql.metadata.SessionHiveMetaStoreClient.create_table_with_environment_context(SessionHiveMetaStoreClient.java:182) ~[classes/:?]
	at org.apache.hadoop.hive.metastore.HiveMetaStoreClient.createTable(HiveMetaStoreClient.java:1260) ~[classes/:?]
	at org.apache.hadoop.hive.metastore.HiveMetaStoreClient.createTable(HiveMetaStoreClient.java:1245) ~[classes/:?]
	at sun.reflect.NativeMethodAccessorImpl.invoke0(Native Method) ~[?:1.8.0_402]
	at sun.reflect.NativeMethodAccessorImpl.invoke(NativeMethodAccessorImpl.java:62) ~[?:1.8.0_402]
	at sun.reflect.DelegatingMethodAccessorImpl.invoke(DelegatingMethodAccessorImpl.java:43) ~[?:1.8.0_402]
	at java.lang.reflect.Method.invoke(Method.java:498) ~[?:1.8.0_402]
	at org.apache.hadoop.hive.metastore.RetryingMetaStoreClient.invoke(RetryingMetaStoreClient.java:218) ~[classes/:?]
	at com.sun.proxy.$Proxy47.createTable(Unknown Source) ~[?:?]
	at org.apache.hadoop.hive.ql.metadata.Hive.createTable(Hive.java:1290) ~[classes/:?]
	... 68 more
2024-04-24T12:35:27,811  INFO [main] reexec.ReOptimizePlugin: ReOptimization: retryPossible: false
2024-04-24T12:35:27,811  INFO [main] reexec.ReExecuteLostAMQueryPlugin: Got exception message: AlreadyExistsException(message:Table hive.default.alerts already exists) retryPossible: false
2024-04-24T12:35:27,811  INFO [main] reexec.ReExecutionDagSubmitPlugin: Got exception message: AlreadyExistsException(message:Table hive.default.alerts already exists) retryPossible: false
FAILED: Execution Error, return code 40000 from org.apache.hadoop.hive.ql.ddl.DDLTask. AlreadyExistsException(message:Table hive.default.alerts already exists)
2024-04-24T12:35:27,811 ERROR [main] ql.Driver: FAILED: Execution Error, return code 40000 from org.apache.hadoop.hive.ql.ddl.DDLTask. AlreadyExistsException(message:Table hive.default.alerts already exists)
2024-04-24T12:35:27,811  INFO [main] metadata.Hive: Dumping metastore api call timing information for : execution phase
2024-04-24T12:35:27,811  INFO [main] metadata.Hive: Total time spent in each metastore function (ms): {isCompatibleWith_(Configuration)=0}
2024-04-24T12:35:27,812  INFO [main] ql.Driver: Completed executing command(queryId=alex_20240424123527_e1c9e73f-a66e-42e2-8083-fad97712867f); Time taken: 0.019 seconds
2024-04-24T12:35:27,812  INFO [main] lockmgr.DbTxnManager: Stopped heartbeat for query: alex_20240424123527_e1c9e73f-a66e-42e2-8083-fad97712867f
2024-04-24T12:35:27,812  INFO [main] txn.TxnHandler: Removed transactions: ([2]) from MIN_HISTORY_LEVEL
2024-04-24T12:35:27,817 ERROR [main] streaming.TestStreamingDynamicPartitioning: Statement: create table alerts ( id int,msg string ) partitioned by (Continent string,Country string ) clustered by ( id ) into 1 buckets  stored as orc  location 'raw:///home/alex/Repositories/hive/streaming/target/tmp/junit6580331184947278797/testing.db/alerts' TBLPROPERTIES ('transactional'='true')  failed: (responseCode = 40000, errorMessage = FAILED: Execution Error, return code 40000 from org.apache.hadoop.hive.ql.ddl.DDLTask. AlreadyExistsException(message:Table hive.default.alerts already exists), hiveErrorCode = 40000, SQLState = 08S01, exception = AlreadyExistsException(message:Table hive.default.alerts already exists))
2024-04-24T12:35:27,817  INFO [main] HiveMetaStore.audit: ugi=alex	ip=unknown-ip-addr	cmd=get_table_names_by_filter: db = @hive#testing2, filter = 	
2024-04-24T12:35:27,819  INFO [main] HiveMetaStore.audit: ugi=alex	ip=unknown-ip-addr	cmd=get_database: testing2	
2024-04-24T12:35:27,821  INFO [main] ql.Driver: Compiling command(queryId=alex_20240424123527_e1c9e73f-a66e-42e2-8083-fad97712867f): create database IF NOT EXISTS testing5 location 'raw:///home/alex/Repositories/hive/streaming/target/tmp/junit7130590112087557744/testing5.db'
2024-04-24T12:35:27,823  INFO [main] txn.TxnHandler: Added entries to MIN_HISTORY_LEVEL for current txns: ([3]) with min_open_txn: 1
2024-04-24T12:35:27,823  INFO [main] lockmgr.DbTxnManager: Opened txnid:3
2024-04-24T12:35:27,824  INFO [main] ql.Driver: Semantic Analysis Completed (retrial = false)
2024-04-24T12:35:27,824  INFO [main] ql.Driver: Created Hive schema: Schema(fieldSchemas:null, properties:null)
2024-04-24T12:35:27,824  INFO [main] metadata.Hive: Dumping metastore api call timing information for : compilation phase
2024-04-24T12:35:27,825  INFO [main] metadata.Hive: Total time spent in each metastore function (ms): {getValidTxns_(long)=1, openTxn_(String, TxnType)=2, rollbackTxn_(long)=4, flushCache_()=0, isCompatibleWith_(Configuration)=0}
2024-04-24T12:35:27,825  INFO [main] ql.Driver: Completed compiling command(queryId=alex_20240424123527_e1c9e73f-a66e-42e2-8083-fad97712867f); Time taken: 0.003 seconds
2024-04-24T12:35:27,825  INFO [main] reexec.ReExecDriver: Execution #1 of query
2024-04-24T12:35:27,825  INFO [main] lockmgr.DbTxnManager: Setting lock request transaction to txnid:3 for queryId=alex_20240424123527_e1c9e73f-a66e-42e2-8083-fad97712867f
2024-04-24T12:35:27,826  INFO [main] ql.Driver: Operation CREATEDATABASE obtained 0 locks
2024-04-24T12:35:27,826  INFO [main] ql.Driver: Executing command(queryId=alex_20240424123527_e1c9e73f-a66e-42e2-8083-fad97712867f): create database IF NOT EXISTS testing5 location 'raw:///home/alex/Repositories/hive/streaming/target/tmp/junit7130590112087557744/testing5.db'
PREHOOK: query: create database IF NOT EXISTS testing5 location 'raw:///home/alex/Repositories/hive/streaming/target/tmp/junit7130590112087557744/testing5.db'
2024-04-24T12:35:27,826  INFO [main] SessionState: PREHOOK: query: create database IF NOT EXISTS testing5 location 'raw:///home/alex/Repositories/hive/streaming/target/tmp/junit7130590112087557744/testing5.db'
PREHOOK: type: CREATEDATABASE
2024-04-24T12:35:27,826  INFO [main] SessionState: PREHOOK: type: CREATEDATABASE
PREHOOK: Output: database:testing5
2024-04-24T12:35:27,826  INFO [main] SessionState: PREHOOK: Output: database:testing5
PREHOOK: Output: raw:/home/alex/Repositories/hive/streaming/target/tmp/junit7130590112087557744/testing5.db
2024-04-24T12:35:27,826  INFO [main] SessionState: PREHOOK: Output: raw:/home/alex/Repositories/hive/streaming/target/tmp/junit7130590112087557744/testing5.db
2024-04-24T12:35:27,826  INFO [main] ql.Driver: Starting task [Stage-0:DDL] in serial mode
2024-04-24T12:35:27,827  INFO [main] HiveMetaStore.audit: ugi=alex	ip=unknown-ip-addr	cmd=create_database: Database(name:testing5, description:null, locationUri:raw:/home/alex/Repositories/hive/streaming/target/tmp/junit7130590112087557744/testing5.db, parameters:null, ownerName:alex, ownerType:USER, catalogName:hive, managedLocationUri:pfile:/home/alex/Repositories/hive/streaming/target/warehouse/testing5.db, type:NATIVE)	
2024-04-24T12:35:27,833 ERROR [main] metastore.RetryingHMSHandler: MetaException(message:Unable to create database managed directory pfile:/home/alex/Repositories/hive/streaming/target/warehouse/testing5.db, failed to create database testing5)
	at org.apache.hadoop.hive.metastore.HMSHandler.create_database_core(HMSHandler.java:1366)
	at org.apache.hadoop.hive.metastore.HMSHandler.create_database(HMSHandler.java:1486)
	at sun.reflect.GeneratedMethodAccessor93.invoke(Unknown Source)
	at sun.reflect.DelegatingMethodAccessorImpl.invoke(DelegatingMethodAccessorImpl.java:43)
	at java.lang.reflect.Method.invoke(Method.java:498)
	at org.apache.hadoop.hive.metastore.RetryingHMSHandler.invokeInternal(RetryingHMSHandler.java:147)
	at org.apache.hadoop.hive.metastore.RetryingHMSHandler.invoke(RetryingHMSHandler.java:108)
	at com.sun.proxy.$Proxy38.create_database(Unknown Source)
	at org.apache.hadoop.hive.metastore.HiveMetaStoreClient.createDatabase(HiveMetaStoreClient.java:1151)
	at sun.reflect.GeneratedMethodAccessor92.invoke(Unknown Source)
	at sun.reflect.DelegatingMethodAccessorImpl.invoke(DelegatingMethodAccessorImpl.java:43)
	at java.lang.reflect.Method.invoke(Method.java:498)
	at org.apache.hadoop.hive.metastore.RetryingMetaStoreClient.invoke(RetryingMetaStoreClient.java:218)
	at com.sun.proxy.$Proxy47.createDatabase(Unknown Source)
	at org.apache.hadoop.hive.ql.metadata.Hive.createDatabase(Hive.java:605)
	at org.apache.hadoop.hive.ql.ddl.database.create.CreateDatabaseOperation.execute(CreateDatabaseOperation.java:68)
	at org.apache.hadoop.hive.ql.ddl.DDLTask.execute(DDLTask.java:84)
	at org.apache.hadoop.hive.ql.exec.Task.executeTask(Task.java:212)
	at org.apache.hadoop.hive.ql.exec.TaskRunner.runSequential(TaskRunner.java:105)
	at org.apache.hadoop.hive.ql.Executor.launchTask(Executor.java:361)
	at org.apache.hadoop.hive.ql.Executor.launchTasks(Executor.java:334)
	at org.apache.hadoop.hive.ql.Executor.runTasks(Executor.java:245)
	at org.apache.hadoop.hive.ql.Executor.execute(Executor.java:108)
	at org.apache.hadoop.hive.ql.Driver.execute(Driver.java:348)
	at org.apache.hadoop.hive.ql.Driver.runInternal(Driver.java:204)
	at org.apache.hadoop.hive.ql.Driver.run(Driver.java:153)
	at org.apache.hadoop.hive.ql.Driver.run(Driver.java:148)
	at org.apache.hadoop.hive.ql.reexec.ReExecDriver.run(ReExecDriver.java:164)
	at org.apache.hadoop.hive.ql.reexec.ReExecDriver.run(ReExecDriver.java:230)
	at org.apache.hive.streaming.TestStreamingDynamicPartitioning.runDDL(TestStreamingDynamicPartitioning.java:829)
	at org.apache.hive.streaming.TestStreamingDynamicPartitioning.createStoreSales(TestStreamingDynamicPartitioning.java:177)
	at org.apache.hive.streaming.TestStreamingDynamicPartitioning.setup(TestStreamingDynamicPartitioning.java:160)
	at sun.reflect.NativeMethodAccessorImpl.invoke0(Native Method)
	at sun.reflect.NativeMethodAccessorImpl.invoke(NativeMethodAccessorImpl.java:62)
	at sun.reflect.DelegatingMethodAccessorImpl.invoke(DelegatingMethodAccessorImpl.java:43)
	at java.lang.reflect.Method.invoke(Method.java:498)
	at org.junit.runners.model.FrameworkMethod$1.runReflectiveCall(FrameworkMethod.java:59)
	at org.junit.internal.runners.model.ReflectiveCallable.run(ReflectiveCallable.java:12)
	at org.junit.runners.model.FrameworkMethod.invokeExplosively(FrameworkMethod.java:56)
	at org.junit.internal.runners.statements.RunBefores.invokeMethod(RunBefores.java:33)
	at org.junit.internal.runners.statements.RunBefores.evaluate(RunBefores.java:24)
	at org.junit.internal.runners.statements.RunAfters.evaluate(RunAfters.java:27)
	at org.junit.rules.ExternalResource$1.evaluate(ExternalResource.java:54)
	at org.junit.runners.ParentRunner$3.evaluate(ParentRunner.java:306)
	at org.junit.runners.BlockJUnit4ClassRunner$1.evaluate(BlockJUnit4ClassRunner.java:100)
	at org.junit.runners.ParentRunner.runLeaf(ParentRunner.java:366)
	at org.junit.runners.BlockJUnit4ClassRunner.runChild(BlockJUnit4ClassRunner.java:103)
	at org.junit.runners.BlockJUnit4ClassRunner.runChild(BlockJUnit4ClassRunner.java:63)
	at org.junit.runners.ParentRunner$4.run(ParentRunner.java:331)
	at org.junit.runners.ParentRunner$1.schedule(ParentRunner.java:79)
	at org.junit.runners.ParentRunner.runChildren(ParentRunner.java:329)
	at org.junit.runners.ParentRunner.access$100(ParentRunner.java:66)
	at org.junit.runners.ParentRunner$2.evaluate(ParentRunner.java:293)
	at org.junit.runners.ParentRunner$3.evaluate(ParentRunner.java:306)
	at org.junit.runners.ParentRunner.run(ParentRunner.java:413)
	at org.junit.runner.JUnitCore.run(JUnitCore.java:137)
	at org.junit.runner.JUnitCore.run(JUnitCore.java:115)
	at org.junit.vintage.engine.execution.RunnerExecutor.execute(RunnerExecutor.java:43)
	at java.util.stream.ForEachOps$ForEachOp$OfRef.accept(ForEachOps.java:183)
	at java.util.stream.ReferencePipeline$3$1.accept(ReferencePipeline.java:193)
	at java.util.Iterator.forEachRemaining(Iterator.java:116)
	at java.util.Spliterators$IteratorSpliterator.forEachRemaining(Spliterators.java:1801)
	at java.util.stream.AbstractPipeline.copyInto(AbstractPipeline.java:482)
	at java.util.stream.AbstractPipeline.wrapAndCopyInto(AbstractPipeline.java:472)
	at java.util.stream.ForEachOps$ForEachOp.evaluateSequential(ForEachOps.java:150)
	at java.util.stream.ForEachOps$ForEachOp$OfRef.evaluateSequential(ForEachOps.java:173)
	at java.util.stream.AbstractPipeline.evaluate(AbstractPipeline.java:234)
	at java.util.stream.ReferencePipeline.forEach(ReferencePipeline.java:485)
	at org.junit.vintage.engine.VintageTestEngine.executeAllChildren(VintageTestEngine.java:82)
	at org.junit.vintage.engine.VintageTestEngine.execute(VintageTestEngine.java:73)
	at org.junit.platform.launcher.core.DefaultLauncher.execute(DefaultLauncher.java:248)
	at org.junit.platform.launcher.core.DefaultLauncher.lambda$execute$5(DefaultLauncher.java:211)
	at org.junit.platform.launcher.core.DefaultLauncher.withInterceptedStreams(DefaultLauncher.java:226)
	at org.junit.platform.launcher.core.DefaultLauncher.execute(DefaultLauncher.java:199)
	at org.junit.platform.launcher.core.DefaultLauncher.execute(DefaultLauncher.java:132)
	at org.apache.maven.surefire.junitplatform.JUnitPlatformProvider.invokeAllTests(JUnitPlatformProvider.java:154)
	at org.apache.maven.surefire.junitplatform.JUnitPlatformProvider.invoke(JUnitPlatformProvider.java:123)
	at org.apache.maven.surefire.booter.ForkedBooter.runSuitesInProcess(ForkedBooter.java:377)
	at org.apache.maven.surefire.booter.ForkedBooter.execute(ForkedBooter.java:138)
	at org.apache.maven.surefire.booter.ForkedBooter.run(ForkedBooter.java:465)
	at org.apache.maven.surefire.booter.ForkedBooter.main(ForkedBooter.java:451)

2024-04-24T12:35:27,833 ERROR [main] exec.Task: Failed
org.apache.hadoop.hive.ql.metadata.HiveException: MetaException(message:Unable to create database managed directory pfile:/home/alex/Repositories/hive/streaming/target/warehouse/testing5.db, failed to create database testing5)
	at org.apache.hadoop.hive.ql.metadata.Hive.createDatabase(Hive.java:611) ~[classes/:?]
	at org.apache.hadoop.hive.ql.ddl.database.create.CreateDatabaseOperation.execute(CreateDatabaseOperation.java:68) ~[classes/:?]
	at org.apache.hadoop.hive.ql.ddl.DDLTask.execute(DDLTask.java:84) ~[classes/:?]
	at org.apache.hadoop.hive.ql.exec.Task.executeTask(Task.java:212) ~[classes/:?]
	at org.apache.hadoop.hive.ql.exec.TaskRunner.runSequential(TaskRunner.java:105) ~[classes/:?]
	at org.apache.hadoop.hive.ql.Executor.launchTask(Executor.java:361) ~[classes/:?]
	at org.apache.hadoop.hive.ql.Executor.launchTasks(Executor.java:334) ~[classes/:?]
	at org.apache.hadoop.hive.ql.Executor.runTasks(Executor.java:245) ~[classes/:?]
	at org.apache.hadoop.hive.ql.Executor.execute(Executor.java:108) ~[classes/:?]
	at org.apache.hadoop.hive.ql.Driver.execute(Driver.java:348) ~[classes/:?]
	at org.apache.hadoop.hive.ql.Driver.runInternal(Driver.java:204) ~[classes/:?]
	at org.apache.hadoop.hive.ql.Driver.run(Driver.java:153) ~[classes/:?]
	at org.apache.hadoop.hive.ql.Driver.run(Driver.java:148) ~[classes/:?]
	at org.apache.hadoop.hive.ql.reexec.ReExecDriver.run(ReExecDriver.java:164) ~[classes/:?]
	at org.apache.hadoop.hive.ql.reexec.ReExecDriver.run(ReExecDriver.java:230) ~[classes/:?]
	at org.apache.hive.streaming.TestStreamingDynamicPartitioning.runDDL(TestStreamingDynamicPartitioning.java:829) ~[test-classes/:?]
	at org.apache.hive.streaming.TestStreamingDynamicPartitioning.createStoreSales(TestStreamingDynamicPartitioning.java:177) ~[test-classes/:?]
	at org.apache.hive.streaming.TestStreamingDynamicPartitioning.setup(TestStreamingDynamicPartitioning.java:160) ~[test-classes/:?]
	at sun.reflect.NativeMethodAccessorImpl.invoke0(Native Method) ~[?:1.8.0_402]
	at sun.reflect.NativeMethodAccessorImpl.invoke(NativeMethodAccessorImpl.java:62) ~[?:1.8.0_402]
	at sun.reflect.DelegatingMethodAccessorImpl.invoke(DelegatingMethodAccessorImpl.java:43) ~[?:1.8.0_402]
	at java.lang.reflect.Method.invoke(Method.java:498) ~[?:1.8.0_402]
	at org.junit.runners.model.FrameworkMethod$1.runReflectiveCall(FrameworkMethod.java:59) ~[junit-4.13.jar:4.13]
	at org.junit.internal.runners.model.ReflectiveCallable.run(ReflectiveCallable.java:12) ~[junit-4.13.jar:4.13]
	at org.junit.runners.model.FrameworkMethod.invokeExplosively(FrameworkMethod.java:56) ~[junit-4.13.jar:4.13]
	at org.junit.internal.runners.statements.RunBefores.invokeMethod(RunBefores.java:33) ~[junit-4.13.jar:4.13]
	at org.junit.internal.runners.statements.RunBefores.evaluate(RunBefores.java:24) ~[junit-4.13.jar:4.13]
	at org.junit.internal.runners.statements.RunAfters.evaluate(RunAfters.java:27) ~[junit-4.13.jar:4.13]
	at org.junit.rules.ExternalResource$1.evaluate(ExternalResource.java:54) ~[junit-4.13.jar:4.13]
	at org.junit.runners.ParentRunner$3.evaluate(ParentRunner.java:306) ~[junit-4.13.jar:4.13]
	at org.junit.runners.BlockJUnit4ClassRunner$1.evaluate(BlockJUnit4ClassRunner.java:100) ~[junit-4.13.jar:4.13]
	at org.junit.runners.ParentRunner.runLeaf(ParentRunner.java:366) ~[junit-4.13.jar:4.13]
	at org.junit.runners.BlockJUnit4ClassRunner.runChild(BlockJUnit4ClassRunner.java:103) ~[junit-4.13.jar:4.13]
	at org.junit.runners.BlockJUnit4ClassRunner.runChild(BlockJUnit4ClassRunner.java:63) ~[junit-4.13.jar:4.13]
	at org.junit.runners.ParentRunner$4.run(ParentRunner.java:331) ~[junit-4.13.jar:4.13]
	at org.junit.runners.ParentRunner$1.schedule(ParentRunner.java:79) ~[junit-4.13.jar:4.13]
	at org.junit.runners.ParentRunner.runChildren(ParentRunner.java:329) ~[junit-4.13.jar:4.13]
	at org.junit.runners.ParentRunner.access$100(ParentRunner.java:66) ~[junit-4.13.jar:4.13]
	at org.junit.runners.ParentRunner$2.evaluate(ParentRunner.java:293) ~[junit-4.13.jar:4.13]
	at org.junit.runners.ParentRunner$3.evaluate(ParentRunner.java:306) ~[junit-4.13.jar:4.13]
	at org.junit.runners.ParentRunner.run(ParentRunner.java:413) ~[junit-4.13.jar:4.13]
	at org.junit.runner.JUnitCore.run(JUnitCore.java:137) ~[junit-4.13.jar:4.13]
	at org.junit.runner.JUnitCore.run(JUnitCore.java:115) ~[junit-4.13.jar:4.13]
	at org.junit.vintage.engine.execution.RunnerExecutor.execute(RunnerExecutor.java:43) ~[junit-vintage-engine-5.6.2.jar:5.6.2]
	at java.util.stream.ForEachOps$ForEachOp$OfRef.accept(ForEachOps.java:183) ~[?:1.8.0_402]
	at java.util.stream.ReferencePipeline$3$1.accept(ReferencePipeline.java:193) ~[?:1.8.0_402]
	at java.util.Iterator.forEachRemaining(Iterator.java:116) ~[?:1.8.0_402]
	at java.util.Spliterators$IteratorSpliterator.forEachRemaining(Spliterators.java:1801) ~[?:1.8.0_402]
	at java.util.stream.AbstractPipeline.copyInto(AbstractPipeline.java:482) ~[?:1.8.0_402]
	at java.util.stream.AbstractPipeline.wrapAndCopyInto(AbstractPipeline.java:472) ~[?:1.8.0_402]
	at java.util.stream.ForEachOps$ForEachOp.evaluateSequential(ForEachOps.java:150) ~[?:1.8.0_402]
	at java.util.stream.ForEachOps$ForEachOp$OfRef.evaluateSequential(ForEachOps.java:173) ~[?:1.8.0_402]
	at java.util.stream.AbstractPipeline.evaluate(AbstractPipeline.java:234) ~[?:1.8.0_402]
	at java.util.stream.ReferencePipeline.forEach(ReferencePipeline.java:485) ~[?:1.8.0_402]
	at org.junit.vintage.engine.VintageTestEngine.executeAllChildren(VintageTestEngine.java:82) ~[junit-vintage-engine-5.6.2.jar:5.6.2]
	at org.junit.vintage.engine.VintageTestEngine.execute(VintageTestEngine.java:73) ~[junit-vintage-engine-5.6.2.jar:5.6.2]
	at org.junit.platform.launcher.core.DefaultLauncher.execute(DefaultLauncher.java:248) ~[junit-platform-launcher-1.6.2.jar:1.6.2]
	at org.junit.platform.launcher.core.DefaultLauncher.lambda$execute$5(DefaultLauncher.java:211) ~[junit-platform-launcher-1.6.2.jar:1.6.2]
	at org.junit.platform.launcher.core.DefaultLauncher.withInterceptedStreams(DefaultLauncher.java:226) [junit-platform-launcher-1.6.2.jar:1.6.2]
	at org.junit.platform.launcher.core.DefaultLauncher.execute(DefaultLauncher.java:199) [junit-platform-launcher-1.6.2.jar:1.6.2]
	at org.junit.platform.launcher.core.DefaultLauncher.execute(DefaultLauncher.java:132) [junit-platform-launcher-1.6.2.jar:1.6.2]
	at org.apache.maven.surefire.junitplatform.JUnitPlatformProvider.invokeAllTests(JUnitPlatformProvider.java:154) [surefire-junit-platform-3.0.0-M4.jar:3.0.0-M4]
	at org.apache.maven.surefire.junitplatform.JUnitPlatformProvider.invoke(JUnitPlatformProvider.java:123) [surefire-junit-platform-3.0.0-M4.jar:3.0.0-M4]
	at org.apache.maven.surefire.booter.ForkedBooter.runSuitesInProcess(ForkedBooter.java:377) [surefire-booter-3.0.0-M4.jar:3.0.0-M4]
	at org.apache.maven.surefire.booter.ForkedBooter.execute(ForkedBooter.java:138) [surefire-booter-3.0.0-M4.jar:3.0.0-M4]
	at org.apache.maven.surefire.booter.ForkedBooter.run(ForkedBooter.java:465) [surefire-booter-3.0.0-M4.jar:3.0.0-M4]
	at org.apache.maven.surefire.booter.ForkedBooter.main(ForkedBooter.java:451) [surefire-booter-3.0.0-M4.jar:3.0.0-M4]
Caused by: org.apache.hadoop.hive.metastore.api.MetaException: Unable to create database managed directory pfile:/home/alex/Repositories/hive/streaming/target/warehouse/testing5.db, failed to create database testing5
	at org.apache.hadoop.hive.metastore.HMSHandler.create_database_core(HMSHandler.java:1366) ~[classes/:?]
	at org.apache.hadoop.hive.metastore.HMSHandler.create_database(HMSHandler.java:1486) ~[classes/:?]
	at sun.reflect.GeneratedMethodAccessor93.invoke(Unknown Source) ~[?:?]
	at sun.reflect.DelegatingMethodAccessorImpl.invoke(DelegatingMethodAccessorImpl.java:43) ~[?:1.8.0_402]
	at java.lang.reflect.Method.invoke(Method.java:498) ~[?:1.8.0_402]
	at org.apache.hadoop.hive.metastore.RetryingHMSHandler.invokeInternal(RetryingHMSHandler.java:147) ~[classes/:?]
	at org.apache.hadoop.hive.metastore.RetryingHMSHandler.invoke(RetryingHMSHandler.java:108) ~[classes/:?]
	at com.sun.proxy.$Proxy38.create_database(Unknown Source) ~[?:?]
	at org.apache.hadoop.hive.metastore.HiveMetaStoreClient.createDatabase(HiveMetaStoreClient.java:1151) ~[classes/:?]
	at sun.reflect.GeneratedMethodAccessor92.invoke(Unknown Source) ~[?:?]
	at sun.reflect.DelegatingMethodAccessorImpl.invoke(DelegatingMethodAccessorImpl.java:43) ~[?:1.8.0_402]
	at java.lang.reflect.Method.invoke(Method.java:498) ~[?:1.8.0_402]
	at org.apache.hadoop.hive.metastore.RetryingMetaStoreClient.invoke(RetryingMetaStoreClient.java:218) ~[classes/:?]
	at com.sun.proxy.$Proxy47.createDatabase(Unknown Source) ~[?:?]
	at org.apache.hadoop.hive.ql.metadata.Hive.createDatabase(Hive.java:605) ~[classes/:?]
	... 66 more
2024-04-24T12:35:27,836 ERROR [main] exec.Task: DDLTask failed, DDL Operation: class org.apache.hadoop.hive.ql.ddl.database.create.CreateDatabaseOperation
org.apache.hadoop.hive.ql.metadata.HiveException: MetaException(message:Unable to create database managed directory pfile:/home/alex/Repositories/hive/streaming/target/warehouse/testing5.db, failed to create database testing5)
	at org.apache.hadoop.hive.ql.metadata.Hive.createDatabase(Hive.java:611) ~[classes/:?]
	at org.apache.hadoop.hive.ql.ddl.database.create.CreateDatabaseOperation.execute(CreateDatabaseOperation.java:68) ~[classes/:?]
	at org.apache.hadoop.hive.ql.ddl.DDLTask.execute(DDLTask.java:84) ~[classes/:?]
	at org.apache.hadoop.hive.ql.exec.Task.executeTask(Task.java:212) ~[classes/:?]
	at org.apache.hadoop.hive.ql.exec.TaskRunner.runSequential(TaskRunner.java:105) ~[classes/:?]
	at org.apache.hadoop.hive.ql.Executor.launchTask(Executor.java:361) ~[classes/:?]
	at org.apache.hadoop.hive.ql.Executor.launchTasks(Executor.java:334) ~[classes/:?]
	at org.apache.hadoop.hive.ql.Executor.runTasks(Executor.java:245) ~[classes/:?]
	at org.apache.hadoop.hive.ql.Executor.execute(Executor.java:108) ~[classes/:?]
	at org.apache.hadoop.hive.ql.Driver.execute(Driver.java:348) ~[classes/:?]
	at org.apache.hadoop.hive.ql.Driver.runInternal(Driver.java:204) ~[classes/:?]
	at org.apache.hadoop.hive.ql.Driver.run(Driver.java:153) ~[classes/:?]
	at org.apache.hadoop.hive.ql.Driver.run(Driver.java:148) ~[classes/:?]
	at org.apache.hadoop.hive.ql.reexec.ReExecDriver.run(ReExecDriver.java:164) ~[classes/:?]
	at org.apache.hadoop.hive.ql.reexec.ReExecDriver.run(ReExecDriver.java:230) ~[classes/:?]
	at org.apache.hive.streaming.TestStreamingDynamicPartitioning.runDDL(TestStreamingDynamicPartitioning.java:829) ~[test-classes/:?]
	at org.apache.hive.streaming.TestStreamingDynamicPartitioning.createStoreSales(TestStreamingDynamicPartitioning.java:177) ~[test-classes/:?]
	at org.apache.hive.streaming.TestStreamingDynamicPartitioning.setup(TestStreamingDynamicPartitioning.java:160) ~[test-classes/:?]
	at sun.reflect.NativeMethodAccessorImpl.invoke0(Native Method) ~[?:1.8.0_402]
	at sun.reflect.NativeMethodAccessorImpl.invoke(NativeMethodAccessorImpl.java:62) ~[?:1.8.0_402]
	at sun.reflect.DelegatingMethodAccessorImpl.invoke(DelegatingMethodAccessorImpl.java:43) ~[?:1.8.0_402]
	at java.lang.reflect.Method.invoke(Method.java:498) ~[?:1.8.0_402]
	at org.junit.runners.model.FrameworkMethod$1.runReflectiveCall(FrameworkMethod.java:59) ~[junit-4.13.jar:4.13]
	at org.junit.internal.runners.model.ReflectiveCallable.run(ReflectiveCallable.java:12) ~[junit-4.13.jar:4.13]
	at org.junit.runners.model.FrameworkMethod.invokeExplosively(FrameworkMethod.java:56) ~[junit-4.13.jar:4.13]
	at org.junit.internal.runners.statements.RunBefores.invokeMethod(RunBefores.java:33) ~[junit-4.13.jar:4.13]
	at org.junit.internal.runners.statements.RunBefores.evaluate(RunBefores.java:24) ~[junit-4.13.jar:4.13]
	at org.junit.internal.runners.statements.RunAfters.evaluate(RunAfters.java:27) ~[junit-4.13.jar:4.13]
	at org.junit.rules.ExternalResource$1.evaluate(ExternalResource.java:54) ~[junit-4.13.jar:4.13]
	at org.junit.runners.ParentRunner$3.evaluate(ParentRunner.java:306) ~[junit-4.13.jar:4.13]
	at org.junit.runners.BlockJUnit4ClassRunner$1.evaluate(BlockJUnit4ClassRunner.java:100) ~[junit-4.13.jar:4.13]
	at org.junit.runners.ParentRunner.runLeaf(ParentRunner.java:366) ~[junit-4.13.jar:4.13]
	at org.junit.runners.BlockJUnit4ClassRunner.runChild(BlockJUnit4ClassRunner.java:103) ~[junit-4.13.jar:4.13]
	at org.junit.runners.BlockJUnit4ClassRunner.runChild(BlockJUnit4ClassRunner.java:63) ~[junit-4.13.jar:4.13]
	at org.junit.runners.ParentRunner$4.run(ParentRunner.java:331) ~[junit-4.13.jar:4.13]
	at org.junit.runners.ParentRunner$1.schedule(ParentRunner.java:79) ~[junit-4.13.jar:4.13]
	at org.junit.runners.ParentRunner.runChildren(ParentRunner.java:329) ~[junit-4.13.jar:4.13]
	at org.junit.runners.ParentRunner.access$100(ParentRunner.java:66) ~[junit-4.13.jar:4.13]
	at org.junit.runners.ParentRunner$2.evaluate(ParentRunner.java:293) ~[junit-4.13.jar:4.13]
	at org.junit.runners.ParentRunner$3.evaluate(ParentRunner.java:306) ~[junit-4.13.jar:4.13]
	at org.junit.runners.ParentRunner.run(ParentRunner.java:413) ~[junit-4.13.jar:4.13]
	at org.junit.runner.JUnitCore.run(JUnitCore.java:137) ~[junit-4.13.jar:4.13]
	at org.junit.runner.JUnitCore.run(JUnitCore.java:115) ~[junit-4.13.jar:4.13]
	at org.junit.vintage.engine.execution.RunnerExecutor.execute(RunnerExecutor.java:43) ~[junit-vintage-engine-5.6.2.jar:5.6.2]
	at java.util.stream.ForEachOps$ForEachOp$OfRef.accept(ForEachOps.java:183) ~[?:1.8.0_402]
	at java.util.stream.ReferencePipeline$3$1.accept(ReferencePipeline.java:193) ~[?:1.8.0_402]
	at java.util.Iterator.forEachRemaining(Iterator.java:116) ~[?:1.8.0_402]
	at java.util.Spliterators$IteratorSpliterator.forEachRemaining(Spliterators.java:1801) ~[?:1.8.0_402]
	at java.util.stream.AbstractPipeline.copyInto(AbstractPipeline.java:482) ~[?:1.8.0_402]
	at java.util.stream.AbstractPipeline.wrapAndCopyInto(AbstractPipeline.java:472) ~[?:1.8.0_402]
	at java.util.stream.ForEachOps$ForEachOp.evaluateSequential(ForEachOps.java:150) ~[?:1.8.0_402]
	at java.util.stream.ForEachOps$ForEachOp$OfRef.evaluateSequential(ForEachOps.java:173) ~[?:1.8.0_402]
	at java.util.stream.AbstractPipeline.evaluate(AbstractPipeline.java:234) ~[?:1.8.0_402]
	at java.util.stream.ReferencePipeline.forEach(ReferencePipeline.java:485) ~[?:1.8.0_402]
	at org.junit.vintage.engine.VintageTestEngine.executeAllChildren(VintageTestEngine.java:82) ~[junit-vintage-engine-5.6.2.jar:5.6.2]
	at org.junit.vintage.engine.VintageTestEngine.execute(VintageTestEngine.java:73) ~[junit-vintage-engine-5.6.2.jar:5.6.2]
	at org.junit.platform.launcher.core.DefaultLauncher.execute(DefaultLauncher.java:248) ~[junit-platform-launcher-1.6.2.jar:1.6.2]
	at org.junit.platform.launcher.core.DefaultLauncher.lambda$execute$5(DefaultLauncher.java:211) ~[junit-platform-launcher-1.6.2.jar:1.6.2]
	at org.junit.platform.launcher.core.DefaultLauncher.withInterceptedStreams(DefaultLauncher.java:226) [junit-platform-launcher-1.6.2.jar:1.6.2]
	at org.junit.platform.launcher.core.DefaultLauncher.execute(DefaultLauncher.java:199) [junit-platform-launcher-1.6.2.jar:1.6.2]
	at org.junit.platform.launcher.core.DefaultLauncher.execute(DefaultLauncher.java:132) [junit-platform-launcher-1.6.2.jar:1.6.2]
	at org.apache.maven.surefire.junitplatform.JUnitPlatformProvider.invokeAllTests(JUnitPlatformProvider.java:154) [surefire-junit-platform-3.0.0-M4.jar:3.0.0-M4]
	at org.apache.maven.surefire.junitplatform.JUnitPlatformProvider.invoke(JUnitPlatformProvider.java:123) [surefire-junit-platform-3.0.0-M4.jar:3.0.0-M4]
	at org.apache.maven.surefire.booter.ForkedBooter.runSuitesInProcess(ForkedBooter.java:377) [surefire-booter-3.0.0-M4.jar:3.0.0-M4]
	at org.apache.maven.surefire.booter.ForkedBooter.execute(ForkedBooter.java:138) [surefire-booter-3.0.0-M4.jar:3.0.0-M4]
	at org.apache.maven.surefire.booter.ForkedBooter.run(ForkedBooter.java:465) [surefire-booter-3.0.0-M4.jar:3.0.0-M4]
	at org.apache.maven.surefire.booter.ForkedBooter.main(ForkedBooter.java:451) [surefire-booter-3.0.0-M4.jar:3.0.0-M4]
Caused by: org.apache.hadoop.hive.metastore.api.MetaException: Unable to create database managed directory pfile:/home/alex/Repositories/hive/streaming/target/warehouse/testing5.db, failed to create database testing5
	at org.apache.hadoop.hive.metastore.HMSHandler.create_database_core(HMSHandler.java:1366) ~[classes/:?]
	at org.apache.hadoop.hive.metastore.HMSHandler.create_database(HMSHandler.java:1486) ~[classes/:?]
	at sun.reflect.GeneratedMethodAccessor93.invoke(Unknown Source) ~[?:?]
	at sun.reflect.DelegatingMethodAccessorImpl.invoke(DelegatingMethodAccessorImpl.java:43) ~[?:1.8.0_402]
	at java.lang.reflect.Method.invoke(Method.java:498) ~[?:1.8.0_402]
	at org.apache.hadoop.hive.metastore.RetryingHMSHandler.invokeInternal(RetryingHMSHandler.java:147) ~[classes/:?]
	at org.apache.hadoop.hive.metastore.RetryingHMSHandler.invoke(RetryingHMSHandler.java:108) ~[classes/:?]
	at com.sun.proxy.$Proxy38.create_database(Unknown Source) ~[?:?]
	at org.apache.hadoop.hive.metastore.HiveMetaStoreClient.createDatabase(HiveMetaStoreClient.java:1151) ~[classes/:?]
	at sun.reflect.GeneratedMethodAccessor92.invoke(Unknown Source) ~[?:?]
	at sun.reflect.DelegatingMethodAccessorImpl.invoke(DelegatingMethodAccessorImpl.java:43) ~[?:1.8.0_402]
	at java.lang.reflect.Method.invoke(Method.java:498) ~[?:1.8.0_402]
	at org.apache.hadoop.hive.metastore.RetryingMetaStoreClient.invoke(RetryingMetaStoreClient.java:218) ~[classes/:?]
	at com.sun.proxy.$Proxy47.createDatabase(Unknown Source) ~[?:?]
	at org.apache.hadoop.hive.ql.metadata.Hive.createDatabase(Hive.java:605) ~[classes/:?]
	... 66 more
2024-04-24T12:35:27,838  INFO [main] reexec.ReOptimizePlugin: ReOptimization: retryPossible: false
2024-04-24T12:35:27,838  INFO [main] reexec.ReExecuteLostAMQueryPlugin: Got exception message: MetaException(message:Unable to create database managed directory pfile:/home/alex/Repositories/hive/streaming/target/warehouse/testing5.db, failed to create database testing5) retryPossible: false
2024-04-24T12:35:27,838  INFO [main] reexec.ReExecutionDagSubmitPlugin: Got exception message: MetaException(message:Unable to create database managed directory pfile:/home/alex/Repositories/hive/streaming/target/warehouse/testing5.db, failed to create database testing5) retryPossible: false
FAILED: Execution Error, return code 40000 from org.apache.hadoop.hive.ql.ddl.DDLTask. MetaException(message:Unable to create database managed directory pfile:/home/alex/Repositories/hive/streaming/target/warehouse/testing5.db, failed to create database testing5)
2024-04-24T12:35:27,838 ERROR [main] ql.Driver: FAILED: Execution Error, return code 40000 from org.apache.hadoop.hive.ql.ddl.DDLTask. MetaException(message:Unable to create database managed directory pfile:/home/alex/Repositories/hive/streaming/target/warehouse/testing5.db, failed to create database testing5)
2024-04-24T12:35:27,838  INFO [main] metadata.Hive: Dumping metastore api call timing information for : execution phase
2024-04-24T12:35:27,838  INFO [main] metadata.Hive: Total time spent in each metastore function (ms): {isCompatibleWith_(Configuration)=0}
2024-04-24T12:35:27,839  INFO [main] ql.Driver: Completed executing command(queryId=alex_20240424123527_e1c9e73f-a66e-42e2-8083-fad97712867f); Time taken: 0.012 seconds
2024-04-24T12:35:27,839  INFO [main] lockmgr.DbTxnManager: Stopped heartbeat for query: alex_20240424123527_e1c9e73f-a66e-42e2-8083-fad97712867f
2024-04-24T12:35:27,841  INFO [main] txn.TxnHandler: Removed transactions: ([3]) from MIN_HISTORY_LEVEL
2024-04-24T12:35:27,844 ERROR [main] streaming.TestStreamingDynamicPartitioning: Statement: create database IF NOT EXISTS testing5 location 'raw:///home/alex/Repositories/hive/streaming/target/tmp/junit7130590112087557744/testing5.db' failed: (responseCode = 40000, errorMessage = FAILED: Execution Error, return code 40000 from org.apache.hadoop.hive.ql.ddl.DDLTask. MetaException(message:Unable to create database managed directory pfile:/home/alex/Repositories/hive/streaming/target/warehouse/testing5.db, failed to create database testing5), hiveErrorCode = 40000, SQLState = 08S01, exception = MetaException(message:Unable to create database managed directory pfile:/home/alex/Repositories/hive/streaming/target/warehouse/testing5.db, failed to create database testing5))
2024-04-24T12:35:27,844  INFO [main] HiveMetaStore.audit: ugi=alex	ip=unknown-ip-addr	cmd=Cleaning up thread local RawStore...	
2024-04-24T12:35:27,844  INFO [main] metastore.ObjectStore: RawStore: org.apache.hadoop.hive.metastore.ObjectStore@333efb51, with PersistenceManager: org.datanucleus.api.jdo.JDOPersistenceManager@2c451c4a will be shutdown
2024-04-24T12:35:27,845  INFO [main] HiveMetaStore.audit: ugi=alex	ip=unknown-ip-addr	cmd=Done cleaning up thread local RawStore	
2024-04-24T12:35:27,845  INFO [main] metastore.HiveMetaStoreClient: Closed a connection to metastore, current connections: -35
]]></system-err>
  </testcase>
  <testcase name="testDPStreamBucketingMatchesRegularBucketing" classname="org.apache.hive.streaming.TestStreamingDynamicPartitioning" time="0.171">
    <failure type="java.lang.AssertionError"><![CDATA[java.lang.AssertionError
	at org.junit.Assert.fail(Assert.java:87)
	at org.junit.Assert.assertTrue(Assert.java:42)
	at org.junit.Assert.assertTrue(Assert.java:53)
	at org.apache.hive.streaming.TestStreamingDynamicPartitioning.createStoreSales(TestStreamingDynamicPartitioning.java:178)
	at org.apache.hive.streaming.TestStreamingDynamicPartitioning.setup(TestStreamingDynamicPartitioning.java:160)
	at sun.reflect.NativeMethodAccessorImpl.invoke0(Native Method)
	at sun.reflect.NativeMethodAccessorImpl.invoke(NativeMethodAccessorImpl.java:62)
	at sun.reflect.DelegatingMethodAccessorImpl.invoke(DelegatingMethodAccessorImpl.java:43)
	at java.lang.reflect.Method.invoke(Method.java:498)
	at org.junit.runners.model.FrameworkMethod$1.runReflectiveCall(FrameworkMethod.java:59)
	at org.junit.internal.runners.model.ReflectiveCallable.run(ReflectiveCallable.java:12)
	at org.junit.runners.model.FrameworkMethod.invokeExplosively(FrameworkMethod.java:56)
	at org.junit.internal.runners.statements.RunBefores.invokeMethod(RunBefores.java:33)
	at org.junit.internal.runners.statements.RunBefores.evaluate(RunBefores.java:24)
	at org.junit.internal.runners.statements.RunAfters.evaluate(RunAfters.java:27)
	at org.junit.rules.ExternalResource$1.evaluate(ExternalResource.java:54)
	at org.junit.runners.ParentRunner$3.evaluate(ParentRunner.java:306)
	at org.junit.runners.BlockJUnit4ClassRunner$1.evaluate(BlockJUnit4ClassRunner.java:100)
	at org.junit.runners.ParentRunner.runLeaf(ParentRunner.java:366)
	at org.junit.runners.BlockJUnit4ClassRunner.runChild(BlockJUnit4ClassRunner.java:103)
	at org.junit.runners.BlockJUnit4ClassRunner.runChild(BlockJUnit4ClassRunner.java:63)
	at org.junit.runners.ParentRunner$4.run(ParentRunner.java:331)
	at org.junit.runners.ParentRunner$1.schedule(ParentRunner.java:79)
	at org.junit.runners.ParentRunner.runChildren(ParentRunner.java:329)
	at org.junit.runners.ParentRunner.access$100(ParentRunner.java:66)
	at org.junit.runners.ParentRunner$2.evaluate(ParentRunner.java:293)
	at org.junit.runners.ParentRunner$3.evaluate(ParentRunner.java:306)
	at org.junit.runners.ParentRunner.run(ParentRunner.java:413)
	at org.junit.runner.JUnitCore.run(JUnitCore.java:137)
	at org.junit.runner.JUnitCore.run(JUnitCore.java:115)
	at org.junit.vintage.engine.execution.RunnerExecutor.execute(RunnerExecutor.java:43)
	at java.util.stream.ForEachOps$ForEachOp$OfRef.accept(ForEachOps.java:183)
	at java.util.stream.ReferencePipeline$3$1.accept(ReferencePipeline.java:193)
	at java.util.Iterator.forEachRemaining(Iterator.java:116)
	at java.util.Spliterators$IteratorSpliterator.forEachRemaining(Spliterators.java:1801)
	at java.util.stream.AbstractPipeline.copyInto(AbstractPipeline.java:482)
	at java.util.stream.AbstractPipeline.wrapAndCopyInto(AbstractPipeline.java:472)
	at java.util.stream.ForEachOps$ForEachOp.evaluateSequential(ForEachOps.java:150)
	at java.util.stream.ForEachOps$ForEachOp$OfRef.evaluateSequential(ForEachOps.java:173)
	at java.util.stream.AbstractPipeline.evaluate(AbstractPipeline.java:234)
	at java.util.stream.ReferencePipeline.forEach(ReferencePipeline.java:485)
	at org.junit.vintage.engine.VintageTestEngine.executeAllChildren(VintageTestEngine.java:82)
	at org.junit.vintage.engine.VintageTestEngine.execute(VintageTestEngine.java:73)
	at org.junit.platform.launcher.core.DefaultLauncher.execute(DefaultLauncher.java:248)
	at org.junit.platform.launcher.core.DefaultLauncher.lambda$execute$5(DefaultLauncher.java:211)
	at org.junit.platform.launcher.core.DefaultLauncher.withInterceptedStreams(DefaultLauncher.java:226)
	at org.junit.platform.launcher.core.DefaultLauncher.execute(DefaultLauncher.java:199)
	at org.junit.platform.launcher.core.DefaultLauncher.execute(DefaultLauncher.java:132)
	at org.apache.maven.surefire.junitplatform.JUnitPlatformProvider.invokeAllTests(JUnitPlatformProvider.java:154)
	at org.apache.maven.surefire.junitplatform.JUnitPlatformProvider.invoke(JUnitPlatformProvider.java:123)
	at org.apache.maven.surefire.booter.ForkedBooter.runSuitesInProcess(ForkedBooter.java:377)
	at org.apache.maven.surefire.booter.ForkedBooter.execute(ForkedBooter.java:138)
	at org.apache.maven.surefire.booter.ForkedBooter.run(ForkedBooter.java:465)
	at org.apache.maven.surefire.booter.ForkedBooter.main(ForkedBooter.java:451)
]]></failure>
    <system-out><![CDATA[create database IF NOT EXISTS testing location 'raw:///home/alex/Repositories/hive/streaming/target/tmp/junit274955498076923085/testing.db'
use testing
create table alerts ( id int,msg string ) partitioned by (Continent string,Country string ) clustered by ( id ) into 1 buckets  stored as orc  location 'raw:///home/alex/Repositories/hive/streaming/target/tmp/junit274955498076923085/testing.db/alerts' TBLPROPERTIES ('transactional'='true') 
create database IF NOT EXISTS testing5 location 'raw:///home/alex/Repositories/hive/streaming/target/tmp/junit7575126630259734725/testing5.db'
]]></system-out>
    <system-err><![CDATA[2024-04-24T12:35:27,880  WARN [main] conf.HiveConf: HiveConf of name hive.metastore.client.cache.recordStats does not exist
2024-04-24T12:35:27,880  WARN [main] conf.HiveConf: HiveConf of name hive.llap.io.cache.orc.alloc.min does not exist
2024-04-24T12:35:27,880  WARN [main] conf.HiveConf: HiveConf of name hive.llap.io.cache.orc.size does not exist
2024-04-24T12:35:27,880  WARN [main] conf.HiveConf: HiveConf of name hive.dummyparam.test.server.specific.config.override does not exist
2024-04-24T12:35:27,880  WARN [main] conf.HiveConf: HiveConf of name hive.llap.io.cache.orc.alloc.max does not exist
2024-04-24T12:35:27,880  WARN [main] conf.HiveConf: HiveConf of name hive.metastore.metadb.dir does not exist
2024-04-24T12:35:27,880  WARN [main] conf.HiveConf: HiveConf of name hive.stats.key.prefix.reserve.length does not exist
2024-04-24T12:35:27,880  WARN [main] conf.HiveConf: HiveConf of name hive.llap.io.cache.orc.arena.size does not exist
2024-04-24T12:35:27,880  WARN [main] conf.HiveConf: HiveConf of name hive.dummyparam.test.server.specific.config.hivesite does not exist
2024-04-24T12:35:27,881  WARN [main] conf.HiveConf: HiveConf of name hive.dummyparam.test.server.specific.config.metastoresite does not exist
2024-04-24T12:35:27,881  WARN [main] conf.HiveConf: HiveConf of name hive.metastore.client.cache.maxSize does not exist
2024-04-24T12:35:27,881  INFO [main] utils.TestTxnDbUtil: Cleaning transactional tables
2024-04-24T12:35:27,891  INFO [main] utils.TestTxnDbUtil: Creating transactional tables
2024-04-24T12:35:27,894  INFO [main] metastore.HiveMetaStoreClient: HMS client filtering is enabled.
2024-04-24T12:35:27,894  INFO [main] metastore.HMSHandler: 0: Opening raw store with implementation class:org.apache.hadoop.hive.metastore.ObjectStore
2024-04-24T12:35:27,895  INFO [main] metastore.PersistenceManagerProvider: Configuration datanucleus.autoStartMechanismMode is not set. Defaulting to 'ignored'
2024-04-24T12:35:27,895  INFO [main] metastore.ObjectStore: RawStore: org.apache.hadoop.hive.metastore.ObjectStore@4536a09a, with PersistenceManager: null will be shutdown
2024-04-24T12:35:27,895  INFO [main] metastore.ObjectStore: RawStore: org.apache.hadoop.hive.metastore.ObjectStore@4536a09a, with PersistenceManager: org.datanucleus.api.jdo.JDOPersistenceManager@603faaad created in the thread with id: 1
2024-04-24T12:35:27,897  INFO [main] metastore.HMSHandler: Created RawStore: org.apache.hadoop.hive.metastore.ObjectStore@4536a09a from thread id: 1
2024-04-24T12:35:27,897  INFO [main] metastore.HMSHandler: HMS server filtering is disabled by configuration
Hive Session ID = 90e02406-bbe0-40dc-82d7-73bf62887772
2024-04-24T12:35:27,897  INFO [main] SessionState: Hive Session ID = 90e02406-bbe0-40dc-82d7-73bf62887772
ivysettings.xml file not found in HIVE_HOME or HIVE_CONF_DIR,/home/alex/Repositories/hive/conf/ivysettings.xml will be used
2024-04-24T12:35:27,898  INFO [main] DependencyResolver: ivysettings.xml file not found in HIVE_HOME or HIVE_CONF_DIR,/home/alex/Repositories/hive/conf/ivysettings.xml will be used
2024-04-24T12:35:27,903  INFO [main] session.SessionState: Created HDFS directory: /home/alex/Repositories/hive/streaming/target/tmp/scratchdir/alex/90e02406-bbe0-40dc-82d7-73bf62887772
2024-04-24T12:35:27,906  INFO [main] session.SessionState: Created local directory: /home/alex/Repositories/hive/streaming/target/tmp/localscratchdir/90e02406-bbe0-40dc-82d7-73bf62887772
2024-04-24T12:35:27,908  INFO [main] session.SessionState: Created HDFS directory: /home/alex/Repositories/hive/streaming/target/tmp/scratchdir/alex/90e02406-bbe0-40dc-82d7-73bf62887772/_tmp_space.db
2024-04-24T12:35:27,910  INFO [main] HiveMetaStore.audit: ugi=alex	ip=unknown-ip-addr	cmd=get_table_names_by_filter: db = @hive#testing, filter = 	
2024-04-24T12:35:27,911  INFO [main] HiveMetaStore.audit: ugi=alex	ip=unknown-ip-addr	cmd=get_database: testing	
2024-04-24T12:35:27,912  INFO [main] ql.Driver: Compiling command(queryId=alex_20240424123527_62756599-6aa2-4ba1-8025-fe2ce2cd35f9): create database IF NOT EXISTS testing location 'raw:///home/alex/Repositories/hive/streaming/target/tmp/junit274955498076923085/testing.db'
2024-04-24T12:35:27,919  INFO [main] txn.TxnHandler: Added entries to MIN_HISTORY_LEVEL for current txns: ([1]) with min_open_txn: 1
2024-04-24T12:35:27,919  INFO [main] lockmgr.DbTxnManager: Opened txnid:1
2024-04-24T12:35:27,922  INFO [main] ql.Driver: Semantic Analysis Completed (retrial = false)
2024-04-24T12:35:27,922  INFO [main] ql.Driver: Created Hive schema: Schema(fieldSchemas:null, properties:null)
2024-04-24T12:35:27,922  INFO [main] metadata.Hive: Dumping metastore api call timing information for : compilation phase
2024-04-24T12:35:27,922  INFO [main] metadata.Hive: Total time spent in each metastore function (ms): {rollbackTxn_(long)=5, flushCache_()=0, getValidTxns_(long)=3, isCompatibleWith_(Configuration)=0, openTxn_(String, TxnType)=7}
2024-04-24T12:35:27,922  INFO [main] ql.Driver: Completed compiling command(queryId=alex_20240424123527_62756599-6aa2-4ba1-8025-fe2ce2cd35f9); Time taken: 0.01 seconds
2024-04-24T12:35:27,922  INFO [main] reexec.ReExecDriver: Execution #1 of query
2024-04-24T12:35:27,923  INFO [main] lockmgr.DbTxnManager: Setting lock request transaction to txnid:1 for queryId=alex_20240424123527_62756599-6aa2-4ba1-8025-fe2ce2cd35f9
2024-04-24T12:35:27,923  INFO [main] ql.Driver: Operation CREATEDATABASE obtained 0 locks
2024-04-24T12:35:27,923  INFO [main] ql.Driver: Executing command(queryId=alex_20240424123527_62756599-6aa2-4ba1-8025-fe2ce2cd35f9): create database IF NOT EXISTS testing location 'raw:///home/alex/Repositories/hive/streaming/target/tmp/junit274955498076923085/testing.db'
PREHOOK: query: create database IF NOT EXISTS testing location 'raw:///home/alex/Repositories/hive/streaming/target/tmp/junit274955498076923085/testing.db'
2024-04-24T12:35:27,923  INFO [main] SessionState: PREHOOK: query: create database IF NOT EXISTS testing location 'raw:///home/alex/Repositories/hive/streaming/target/tmp/junit274955498076923085/testing.db'
PREHOOK: type: CREATEDATABASE
2024-04-24T12:35:27,923  INFO [main] SessionState: PREHOOK: type: CREATEDATABASE
PREHOOK: Output: database:testing
2024-04-24T12:35:27,923  INFO [main] SessionState: PREHOOK: Output: database:testing
PREHOOK: Output: raw:/home/alex/Repositories/hive/streaming/target/tmp/junit274955498076923085/testing.db
2024-04-24T12:35:27,923  INFO [main] SessionState: PREHOOK: Output: raw:/home/alex/Repositories/hive/streaming/target/tmp/junit274955498076923085/testing.db
2024-04-24T12:35:27,923  INFO [main] ql.Driver: Starting task [Stage-0:DDL] in serial mode
2024-04-24T12:35:27,924  INFO [main] sqlstd.SQLStdHiveAccessController: Created SQLStdHiveAccessController for session context : HiveAuthzSessionContext [sessionString=90e02406-bbe0-40dc-82d7-73bf62887772, clientType=HIVECLI]
2024-04-24T12:35:27,924  INFO [main] metastore.HiveMetaStoreClient: Mestastore configuration metastore.filter.hook changed from org.apache.hadoop.hive.metastore.DefaultMetaStoreFilterHookImpl to org.apache.hadoop.hive.ql.security.authorization.plugin.AuthorizationMetaStoreFilterHook
2024-04-24T12:35:27,924  INFO [main] HiveMetaStore.audit: ugi=alex	ip=unknown-ip-addr	cmd=Cleaning up thread local RawStore...	
2024-04-24T12:35:27,924  INFO [main] metastore.ObjectStore: RawStore: org.apache.hadoop.hive.metastore.ObjectStore@4536a09a, with PersistenceManager: org.datanucleus.api.jdo.JDOPersistenceManager@603faaad will be shutdown
2024-04-24T12:35:27,924  INFO [main] HiveMetaStore.audit: ugi=alex	ip=unknown-ip-addr	cmd=Done cleaning up thread local RawStore	
2024-04-24T12:35:27,924  INFO [main] metastore.HiveMetaStoreClient: Closed a connection to metastore, current connections: -36
2024-04-24T12:35:27,925  INFO [main] metastore.HiveMetaStoreClient: HMS client filtering is enabled.
2024-04-24T12:35:27,926  INFO [main] metastore.HMSHandler: 0: Opening raw store with implementation class:org.apache.hadoop.hive.metastore.ObjectStore
2024-04-24T12:35:27,926  INFO [main] metastore.PersistenceManagerProvider: Configuration datanucleus.autoStartMechanismMode is not set. Defaulting to 'ignored'
2024-04-24T12:35:27,926  INFO [main] metastore.ObjectStore: RawStore: org.apache.hadoop.hive.metastore.ObjectStore@2f3a0f37, with PersistenceManager: null will be shutdown
2024-04-24T12:35:27,926  INFO [main] metastore.ObjectStore: RawStore: org.apache.hadoop.hive.metastore.ObjectStore@2f3a0f37, with PersistenceManager: org.datanucleus.api.jdo.JDOPersistenceManager@7ec8db0c created in the thread with id: 1
2024-04-24T12:35:27,928  INFO [main] metastore.HMSHandler: Created RawStore: org.apache.hadoop.hive.metastore.ObjectStore@2f3a0f37 from thread id: 1
2024-04-24T12:35:27,928  INFO [main] metastore.HMSHandler: HMS server filtering is disabled by configuration
2024-04-24T12:35:27,928  INFO [main] metastore.RetryingMetaStoreClient: RetryingMetaStoreClient proxy=class org.apache.hadoop.hive.ql.metadata.SessionHiveMetaStoreClient ugi=alex (auth:SIMPLE) retries=1 delay=1 lifetime=0
2024-04-24T12:35:27,929  INFO [main] metastore.HiveMetaStoreClient: HMS client filtering is enabled.
2024-04-24T12:35:27,929  INFO [main] metastore.PersistenceManagerProvider: Configuration datanucleus.autoStartMechanismMode is not set. Defaulting to 'ignored'
2024-04-24T12:35:27,929  INFO [main] metastore.ObjectStore: RawStore: org.apache.hadoop.hive.metastore.ObjectStore@2f3a0f37, with PersistenceManager: org.datanucleus.api.jdo.JDOPersistenceManager@7ec8db0c will be shutdown
2024-04-24T12:35:27,930  INFO [main] metastore.ObjectStore: RawStore: org.apache.hadoop.hive.metastore.ObjectStore@2f3a0f37, with PersistenceManager: org.datanucleus.api.jdo.JDOPersistenceManager@7698a3d9 created in the thread with id: 1
2024-04-24T12:35:27,932  INFO [main] metastore.HMSHandler: HMS server filtering is disabled by configuration
2024-04-24T12:35:27,932  INFO [main] metastore.RetryingMetaStoreClient: RetryingMetaStoreClient proxy=class org.apache.hadoop.hive.ql.metadata.SessionHiveMetaStoreClient ugi=alex (auth:SIMPLE) retries=1 delay=1 lifetime=0
2024-04-24T12:35:27,932  INFO [main] HiveMetaStore.audit: ugi=alex	ip=unknown-ip-addr	cmd=create_database: Database(name:testing, description:null, locationUri:raw:/home/alex/Repositories/hive/streaming/target/tmp/junit274955498076923085/testing.db, parameters:null, ownerName:alex, ownerType:USER, catalogName:hive, managedLocationUri:pfile:/home/alex/Repositories/hive/streaming/target/warehouse/testing.db, type:NATIVE)	
2024-04-24T12:35:27,937 ERROR [main] metastore.RetryingHMSHandler: MetaException(message:Unable to create database managed directory pfile:/home/alex/Repositories/hive/streaming/target/warehouse/testing.db, failed to create database testing)
	at org.apache.hadoop.hive.metastore.HMSHandler.create_database_core(HMSHandler.java:1366)
	at org.apache.hadoop.hive.metastore.HMSHandler.create_database(HMSHandler.java:1486)
	at sun.reflect.GeneratedMethodAccessor93.invoke(Unknown Source)
	at sun.reflect.DelegatingMethodAccessorImpl.invoke(DelegatingMethodAccessorImpl.java:43)
	at java.lang.reflect.Method.invoke(Method.java:498)
	at org.apache.hadoop.hive.metastore.RetryingHMSHandler.invokeInternal(RetryingHMSHandler.java:147)
	at org.apache.hadoop.hive.metastore.RetryingHMSHandler.invoke(RetryingHMSHandler.java:108)
	at com.sun.proxy.$Proxy38.create_database(Unknown Source)
	at org.apache.hadoop.hive.metastore.HiveMetaStoreClient.createDatabase(HiveMetaStoreClient.java:1151)
	at sun.reflect.GeneratedMethodAccessor92.invoke(Unknown Source)
	at sun.reflect.DelegatingMethodAccessorImpl.invoke(DelegatingMethodAccessorImpl.java:43)
	at java.lang.reflect.Method.invoke(Method.java:498)
	at org.apache.hadoop.hive.metastore.RetryingMetaStoreClient.invoke(RetryingMetaStoreClient.java:218)
	at com.sun.proxy.$Proxy47.createDatabase(Unknown Source)
	at org.apache.hadoop.hive.ql.metadata.Hive.createDatabase(Hive.java:605)
	at org.apache.hadoop.hive.ql.ddl.database.create.CreateDatabaseOperation.execute(CreateDatabaseOperation.java:68)
	at org.apache.hadoop.hive.ql.ddl.DDLTask.execute(DDLTask.java:84)
	at org.apache.hadoop.hive.ql.exec.Task.executeTask(Task.java:212)
	at org.apache.hadoop.hive.ql.exec.TaskRunner.runSequential(TaskRunner.java:105)
	at org.apache.hadoop.hive.ql.Executor.launchTask(Executor.java:361)
	at org.apache.hadoop.hive.ql.Executor.launchTasks(Executor.java:334)
	at org.apache.hadoop.hive.ql.Executor.runTasks(Executor.java:245)
	at org.apache.hadoop.hive.ql.Executor.execute(Executor.java:108)
	at org.apache.hadoop.hive.ql.Driver.execute(Driver.java:348)
	at org.apache.hadoop.hive.ql.Driver.runInternal(Driver.java:204)
	at org.apache.hadoop.hive.ql.Driver.run(Driver.java:153)
	at org.apache.hadoop.hive.ql.Driver.run(Driver.java:148)
	at org.apache.hadoop.hive.ql.reexec.ReExecDriver.run(ReExecDriver.java:164)
	at org.apache.hadoop.hive.ql.reexec.ReExecDriver.run(ReExecDriver.java:230)
	at org.apache.hive.streaming.TestStreamingDynamicPartitioning.runDDL(TestStreamingDynamicPartitioning.java:829)
	at org.apache.hive.streaming.TestStreamingDynamicPartitioning.createDbAndTable(TestStreamingDynamicPartitioning.java:875)
	at org.apache.hive.streaming.TestStreamingDynamicPartitioning.setup(TestStreamingDynamicPartitioning.java:155)
	at sun.reflect.NativeMethodAccessorImpl.invoke0(Native Method)
	at sun.reflect.NativeMethodAccessorImpl.invoke(NativeMethodAccessorImpl.java:62)
	at sun.reflect.DelegatingMethodAccessorImpl.invoke(DelegatingMethodAccessorImpl.java:43)
	at java.lang.reflect.Method.invoke(Method.java:498)
	at org.junit.runners.model.FrameworkMethod$1.runReflectiveCall(FrameworkMethod.java:59)
	at org.junit.internal.runners.model.ReflectiveCallable.run(ReflectiveCallable.java:12)
	at org.junit.runners.model.FrameworkMethod.invokeExplosively(FrameworkMethod.java:56)
	at org.junit.internal.runners.statements.RunBefores.invokeMethod(RunBefores.java:33)
	at org.junit.internal.runners.statements.RunBefores.evaluate(RunBefores.java:24)
	at org.junit.internal.runners.statements.RunAfters.evaluate(RunAfters.java:27)
	at org.junit.rules.ExternalResource$1.evaluate(ExternalResource.java:54)
	at org.junit.runners.ParentRunner$3.evaluate(ParentRunner.java:306)
	at org.junit.runners.BlockJUnit4ClassRunner$1.evaluate(BlockJUnit4ClassRunner.java:100)
	at org.junit.runners.ParentRunner.runLeaf(ParentRunner.java:366)
	at org.junit.runners.BlockJUnit4ClassRunner.runChild(BlockJUnit4ClassRunner.java:103)
	at org.junit.runners.BlockJUnit4ClassRunner.runChild(BlockJUnit4ClassRunner.java:63)
	at org.junit.runners.ParentRunner$4.run(ParentRunner.java:331)
	at org.junit.runners.ParentRunner$1.schedule(ParentRunner.java:79)
	at org.junit.runners.ParentRunner.runChildren(ParentRunner.java:329)
	at org.junit.runners.ParentRunner.access$100(ParentRunner.java:66)
	at org.junit.runners.ParentRunner$2.evaluate(ParentRunner.java:293)
	at org.junit.runners.ParentRunner$3.evaluate(ParentRunner.java:306)
	at org.junit.runners.ParentRunner.run(ParentRunner.java:413)
	at org.junit.runner.JUnitCore.run(JUnitCore.java:137)
	at org.junit.runner.JUnitCore.run(JUnitCore.java:115)
	at org.junit.vintage.engine.execution.RunnerExecutor.execute(RunnerExecutor.java:43)
	at java.util.stream.ForEachOps$ForEachOp$OfRef.accept(ForEachOps.java:183)
	at java.util.stream.ReferencePipeline$3$1.accept(ReferencePipeline.java:193)
	at java.util.Iterator.forEachRemaining(Iterator.java:116)
	at java.util.Spliterators$IteratorSpliterator.forEachRemaining(Spliterators.java:1801)
	at java.util.stream.AbstractPipeline.copyInto(AbstractPipeline.java:482)
	at java.util.stream.AbstractPipeline.wrapAndCopyInto(AbstractPipeline.java:472)
	at java.util.stream.ForEachOps$ForEachOp.evaluateSequential(ForEachOps.java:150)
	at java.util.stream.ForEachOps$ForEachOp$OfRef.evaluateSequential(ForEachOps.java:173)
	at java.util.stream.AbstractPipeline.evaluate(AbstractPipeline.java:234)
	at java.util.stream.ReferencePipeline.forEach(ReferencePipeline.java:485)
	at org.junit.vintage.engine.VintageTestEngine.executeAllChildren(VintageTestEngine.java:82)
	at org.junit.vintage.engine.VintageTestEngine.execute(VintageTestEngine.java:73)
	at org.junit.platform.launcher.core.DefaultLauncher.execute(DefaultLauncher.java:248)
	at org.junit.platform.launcher.core.DefaultLauncher.lambda$execute$5(DefaultLauncher.java:211)
	at org.junit.platform.launcher.core.DefaultLauncher.withInterceptedStreams(DefaultLauncher.java:226)
	at org.junit.platform.launcher.core.DefaultLauncher.execute(DefaultLauncher.java:199)
	at org.junit.platform.launcher.core.DefaultLauncher.execute(DefaultLauncher.java:132)
	at org.apache.maven.surefire.junitplatform.JUnitPlatformProvider.invokeAllTests(JUnitPlatformProvider.java:154)
	at org.apache.maven.surefire.junitplatform.JUnitPlatformProvider.invoke(JUnitPlatformProvider.java:123)
	at org.apache.maven.surefire.booter.ForkedBooter.runSuitesInProcess(ForkedBooter.java:377)
	at org.apache.maven.surefire.booter.ForkedBooter.execute(ForkedBooter.java:138)
	at org.apache.maven.surefire.booter.ForkedBooter.run(ForkedBooter.java:465)
	at org.apache.maven.surefire.booter.ForkedBooter.main(ForkedBooter.java:451)

2024-04-24T12:35:27,938 ERROR [main] exec.Task: Failed
org.apache.hadoop.hive.ql.metadata.HiveException: MetaException(message:Unable to create database managed directory pfile:/home/alex/Repositories/hive/streaming/target/warehouse/testing.db, failed to create database testing)
	at org.apache.hadoop.hive.ql.metadata.Hive.createDatabase(Hive.java:611) ~[classes/:?]
	at org.apache.hadoop.hive.ql.ddl.database.create.CreateDatabaseOperation.execute(CreateDatabaseOperation.java:68) ~[classes/:?]
	at org.apache.hadoop.hive.ql.ddl.DDLTask.execute(DDLTask.java:84) ~[classes/:?]
	at org.apache.hadoop.hive.ql.exec.Task.executeTask(Task.java:212) ~[classes/:?]
	at org.apache.hadoop.hive.ql.exec.TaskRunner.runSequential(TaskRunner.java:105) ~[classes/:?]
	at org.apache.hadoop.hive.ql.Executor.launchTask(Executor.java:361) ~[classes/:?]
	at org.apache.hadoop.hive.ql.Executor.launchTasks(Executor.java:334) ~[classes/:?]
	at org.apache.hadoop.hive.ql.Executor.runTasks(Executor.java:245) ~[classes/:?]
	at org.apache.hadoop.hive.ql.Executor.execute(Executor.java:108) ~[classes/:?]
	at org.apache.hadoop.hive.ql.Driver.execute(Driver.java:348) ~[classes/:?]
	at org.apache.hadoop.hive.ql.Driver.runInternal(Driver.java:204) ~[classes/:?]
	at org.apache.hadoop.hive.ql.Driver.run(Driver.java:153) ~[classes/:?]
	at org.apache.hadoop.hive.ql.Driver.run(Driver.java:148) ~[classes/:?]
	at org.apache.hadoop.hive.ql.reexec.ReExecDriver.run(ReExecDriver.java:164) ~[classes/:?]
	at org.apache.hadoop.hive.ql.reexec.ReExecDriver.run(ReExecDriver.java:230) ~[classes/:?]
	at org.apache.hive.streaming.TestStreamingDynamicPartitioning.runDDL(TestStreamingDynamicPartitioning.java:829) ~[test-classes/:?]
	at org.apache.hive.streaming.TestStreamingDynamicPartitioning.createDbAndTable(TestStreamingDynamicPartitioning.java:875) ~[test-classes/:?]
	at org.apache.hive.streaming.TestStreamingDynamicPartitioning.setup(TestStreamingDynamicPartitioning.java:155) ~[test-classes/:?]
	at sun.reflect.NativeMethodAccessorImpl.invoke0(Native Method) ~[?:1.8.0_402]
	at sun.reflect.NativeMethodAccessorImpl.invoke(NativeMethodAccessorImpl.java:62) ~[?:1.8.0_402]
	at sun.reflect.DelegatingMethodAccessorImpl.invoke(DelegatingMethodAccessorImpl.java:43) ~[?:1.8.0_402]
	at java.lang.reflect.Method.invoke(Method.java:498) ~[?:1.8.0_402]
	at org.junit.runners.model.FrameworkMethod$1.runReflectiveCall(FrameworkMethod.java:59) ~[junit-4.13.jar:4.13]
	at org.junit.internal.runners.model.ReflectiveCallable.run(ReflectiveCallable.java:12) ~[junit-4.13.jar:4.13]
	at org.junit.runners.model.FrameworkMethod.invokeExplosively(FrameworkMethod.java:56) ~[junit-4.13.jar:4.13]
	at org.junit.internal.runners.statements.RunBefores.invokeMethod(RunBefores.java:33) ~[junit-4.13.jar:4.13]
	at org.junit.internal.runners.statements.RunBefores.evaluate(RunBefores.java:24) ~[junit-4.13.jar:4.13]
	at org.junit.internal.runners.statements.RunAfters.evaluate(RunAfters.java:27) ~[junit-4.13.jar:4.13]
	at org.junit.rules.ExternalResource$1.evaluate(ExternalResource.java:54) ~[junit-4.13.jar:4.13]
	at org.junit.runners.ParentRunner$3.evaluate(ParentRunner.java:306) ~[junit-4.13.jar:4.13]
	at org.junit.runners.BlockJUnit4ClassRunner$1.evaluate(BlockJUnit4ClassRunner.java:100) ~[junit-4.13.jar:4.13]
	at org.junit.runners.ParentRunner.runLeaf(ParentRunner.java:366) ~[junit-4.13.jar:4.13]
	at org.junit.runners.BlockJUnit4ClassRunner.runChild(BlockJUnit4ClassRunner.java:103) ~[junit-4.13.jar:4.13]
	at org.junit.runners.BlockJUnit4ClassRunner.runChild(BlockJUnit4ClassRunner.java:63) ~[junit-4.13.jar:4.13]
	at org.junit.runners.ParentRunner$4.run(ParentRunner.java:331) ~[junit-4.13.jar:4.13]
	at org.junit.runners.ParentRunner$1.schedule(ParentRunner.java:79) ~[junit-4.13.jar:4.13]
	at org.junit.runners.ParentRunner.runChildren(ParentRunner.java:329) ~[junit-4.13.jar:4.13]
	at org.junit.runners.ParentRunner.access$100(ParentRunner.java:66) ~[junit-4.13.jar:4.13]
	at org.junit.runners.ParentRunner$2.evaluate(ParentRunner.java:293) ~[junit-4.13.jar:4.13]
	at org.junit.runners.ParentRunner$3.evaluate(ParentRunner.java:306) ~[junit-4.13.jar:4.13]
	at org.junit.runners.ParentRunner.run(ParentRunner.java:413) ~[junit-4.13.jar:4.13]
	at org.junit.runner.JUnitCore.run(JUnitCore.java:137) ~[junit-4.13.jar:4.13]
	at org.junit.runner.JUnitCore.run(JUnitCore.java:115) ~[junit-4.13.jar:4.13]
	at org.junit.vintage.engine.execution.RunnerExecutor.execute(RunnerExecutor.java:43) ~[junit-vintage-engine-5.6.2.jar:5.6.2]
	at java.util.stream.ForEachOps$ForEachOp$OfRef.accept(ForEachOps.java:183) ~[?:1.8.0_402]
	at java.util.stream.ReferencePipeline$3$1.accept(ReferencePipeline.java:193) ~[?:1.8.0_402]
	at java.util.Iterator.forEachRemaining(Iterator.java:116) ~[?:1.8.0_402]
	at java.util.Spliterators$IteratorSpliterator.forEachRemaining(Spliterators.java:1801) ~[?:1.8.0_402]
	at java.util.stream.AbstractPipeline.copyInto(AbstractPipeline.java:482) ~[?:1.8.0_402]
	at java.util.stream.AbstractPipeline.wrapAndCopyInto(AbstractPipeline.java:472) ~[?:1.8.0_402]
	at java.util.stream.ForEachOps$ForEachOp.evaluateSequential(ForEachOps.java:150) ~[?:1.8.0_402]
	at java.util.stream.ForEachOps$ForEachOp$OfRef.evaluateSequential(ForEachOps.java:173) ~[?:1.8.0_402]
	at java.util.stream.AbstractPipeline.evaluate(AbstractPipeline.java:234) ~[?:1.8.0_402]
	at java.util.stream.ReferencePipeline.forEach(ReferencePipeline.java:485) ~[?:1.8.0_402]
	at org.junit.vintage.engine.VintageTestEngine.executeAllChildren(VintageTestEngine.java:82) ~[junit-vintage-engine-5.6.2.jar:5.6.2]
	at org.junit.vintage.engine.VintageTestEngine.execute(VintageTestEngine.java:73) ~[junit-vintage-engine-5.6.2.jar:5.6.2]
	at org.junit.platform.launcher.core.DefaultLauncher.execute(DefaultLauncher.java:248) ~[junit-platform-launcher-1.6.2.jar:1.6.2]
	at org.junit.platform.launcher.core.DefaultLauncher.lambda$execute$5(DefaultLauncher.java:211) ~[junit-platform-launcher-1.6.2.jar:1.6.2]
	at org.junit.platform.launcher.core.DefaultLauncher.withInterceptedStreams(DefaultLauncher.java:226) [junit-platform-launcher-1.6.2.jar:1.6.2]
	at org.junit.platform.launcher.core.DefaultLauncher.execute(DefaultLauncher.java:199) [junit-platform-launcher-1.6.2.jar:1.6.2]
	at org.junit.platform.launcher.core.DefaultLauncher.execute(DefaultLauncher.java:132) [junit-platform-launcher-1.6.2.jar:1.6.2]
	at org.apache.maven.surefire.junitplatform.JUnitPlatformProvider.invokeAllTests(JUnitPlatformProvider.java:154) [surefire-junit-platform-3.0.0-M4.jar:3.0.0-M4]
	at org.apache.maven.surefire.junitplatform.JUnitPlatformProvider.invoke(JUnitPlatformProvider.java:123) [surefire-junit-platform-3.0.0-M4.jar:3.0.0-M4]
	at org.apache.maven.surefire.booter.ForkedBooter.runSuitesInProcess(ForkedBooter.java:377) [surefire-booter-3.0.0-M4.jar:3.0.0-M4]
	at org.apache.maven.surefire.booter.ForkedBooter.execute(ForkedBooter.java:138) [surefire-booter-3.0.0-M4.jar:3.0.0-M4]
	at org.apache.maven.surefire.booter.ForkedBooter.run(ForkedBooter.java:465) [surefire-booter-3.0.0-M4.jar:3.0.0-M4]
	at org.apache.maven.surefire.booter.ForkedBooter.main(ForkedBooter.java:451) [surefire-booter-3.0.0-M4.jar:3.0.0-M4]
Caused by: org.apache.hadoop.hive.metastore.api.MetaException: Unable to create database managed directory pfile:/home/alex/Repositories/hive/streaming/target/warehouse/testing.db, failed to create database testing
	at org.apache.hadoop.hive.metastore.HMSHandler.create_database_core(HMSHandler.java:1366) ~[classes/:?]
	at org.apache.hadoop.hive.metastore.HMSHandler.create_database(HMSHandler.java:1486) ~[classes/:?]
	at sun.reflect.GeneratedMethodAccessor93.invoke(Unknown Source) ~[?:?]
	at sun.reflect.DelegatingMethodAccessorImpl.invoke(DelegatingMethodAccessorImpl.java:43) ~[?:1.8.0_402]
	at java.lang.reflect.Method.invoke(Method.java:498) ~[?:1.8.0_402]
	at org.apache.hadoop.hive.metastore.RetryingHMSHandler.invokeInternal(RetryingHMSHandler.java:147) ~[classes/:?]
	at org.apache.hadoop.hive.metastore.RetryingHMSHandler.invoke(RetryingHMSHandler.java:108) ~[classes/:?]
	at com.sun.proxy.$Proxy38.create_database(Unknown Source) ~[?:?]
	at org.apache.hadoop.hive.metastore.HiveMetaStoreClient.createDatabase(HiveMetaStoreClient.java:1151) ~[classes/:?]
	at sun.reflect.GeneratedMethodAccessor92.invoke(Unknown Source) ~[?:?]
	at sun.reflect.DelegatingMethodAccessorImpl.invoke(DelegatingMethodAccessorImpl.java:43) ~[?:1.8.0_402]
	at java.lang.reflect.Method.invoke(Method.java:498) ~[?:1.8.0_402]
	at org.apache.hadoop.hive.metastore.RetryingMetaStoreClient.invoke(RetryingMetaStoreClient.java:218) ~[classes/:?]
	at com.sun.proxy.$Proxy47.createDatabase(Unknown Source) ~[?:?]
	at org.apache.hadoop.hive.ql.metadata.Hive.createDatabase(Hive.java:605) ~[classes/:?]
	... 66 more
2024-04-24T12:35:27,940 ERROR [main] exec.Task: DDLTask failed, DDL Operation: class org.apache.hadoop.hive.ql.ddl.database.create.CreateDatabaseOperation
org.apache.hadoop.hive.ql.metadata.HiveException: MetaException(message:Unable to create database managed directory pfile:/home/alex/Repositories/hive/streaming/target/warehouse/testing.db, failed to create database testing)
	at org.apache.hadoop.hive.ql.metadata.Hive.createDatabase(Hive.java:611) ~[classes/:?]
	at org.apache.hadoop.hive.ql.ddl.database.create.CreateDatabaseOperation.execute(CreateDatabaseOperation.java:68) ~[classes/:?]
	at org.apache.hadoop.hive.ql.ddl.DDLTask.execute(DDLTask.java:84) ~[classes/:?]
	at org.apache.hadoop.hive.ql.exec.Task.executeTask(Task.java:212) ~[classes/:?]
	at org.apache.hadoop.hive.ql.exec.TaskRunner.runSequential(TaskRunner.java:105) ~[classes/:?]
	at org.apache.hadoop.hive.ql.Executor.launchTask(Executor.java:361) ~[classes/:?]
	at org.apache.hadoop.hive.ql.Executor.launchTasks(Executor.java:334) ~[classes/:?]
	at org.apache.hadoop.hive.ql.Executor.runTasks(Executor.java:245) ~[classes/:?]
	at org.apache.hadoop.hive.ql.Executor.execute(Executor.java:108) ~[classes/:?]
	at org.apache.hadoop.hive.ql.Driver.execute(Driver.java:348) ~[classes/:?]
	at org.apache.hadoop.hive.ql.Driver.runInternal(Driver.java:204) ~[classes/:?]
	at org.apache.hadoop.hive.ql.Driver.run(Driver.java:153) ~[classes/:?]
	at org.apache.hadoop.hive.ql.Driver.run(Driver.java:148) ~[classes/:?]
	at org.apache.hadoop.hive.ql.reexec.ReExecDriver.run(ReExecDriver.java:164) ~[classes/:?]
	at org.apache.hadoop.hive.ql.reexec.ReExecDriver.run(ReExecDriver.java:230) ~[classes/:?]
	at org.apache.hive.streaming.TestStreamingDynamicPartitioning.runDDL(TestStreamingDynamicPartitioning.java:829) ~[test-classes/:?]
	at org.apache.hive.streaming.TestStreamingDynamicPartitioning.createDbAndTable(TestStreamingDynamicPartitioning.java:875) ~[test-classes/:?]
	at org.apache.hive.streaming.TestStreamingDynamicPartitioning.setup(TestStreamingDynamicPartitioning.java:155) ~[test-classes/:?]
	at sun.reflect.NativeMethodAccessorImpl.invoke0(Native Method) ~[?:1.8.0_402]
	at sun.reflect.NativeMethodAccessorImpl.invoke(NativeMethodAccessorImpl.java:62) ~[?:1.8.0_402]
	at sun.reflect.DelegatingMethodAccessorImpl.invoke(DelegatingMethodAccessorImpl.java:43) ~[?:1.8.0_402]
	at java.lang.reflect.Method.invoke(Method.java:498) ~[?:1.8.0_402]
	at org.junit.runners.model.FrameworkMethod$1.runReflectiveCall(FrameworkMethod.java:59) ~[junit-4.13.jar:4.13]
	at org.junit.internal.runners.model.ReflectiveCallable.run(ReflectiveCallable.java:12) ~[junit-4.13.jar:4.13]
	at org.junit.runners.model.FrameworkMethod.invokeExplosively(FrameworkMethod.java:56) ~[junit-4.13.jar:4.13]
	at org.junit.internal.runners.statements.RunBefores.invokeMethod(RunBefores.java:33) ~[junit-4.13.jar:4.13]
	at org.junit.internal.runners.statements.RunBefores.evaluate(RunBefores.java:24) ~[junit-4.13.jar:4.13]
	at org.junit.internal.runners.statements.RunAfters.evaluate(RunAfters.java:27) ~[junit-4.13.jar:4.13]
	at org.junit.rules.ExternalResource$1.evaluate(ExternalResource.java:54) ~[junit-4.13.jar:4.13]
	at org.junit.runners.ParentRunner$3.evaluate(ParentRunner.java:306) ~[junit-4.13.jar:4.13]
	at org.junit.runners.BlockJUnit4ClassRunner$1.evaluate(BlockJUnit4ClassRunner.java:100) ~[junit-4.13.jar:4.13]
	at org.junit.runners.ParentRunner.runLeaf(ParentRunner.java:366) ~[junit-4.13.jar:4.13]
	at org.junit.runners.BlockJUnit4ClassRunner.runChild(BlockJUnit4ClassRunner.java:103) ~[junit-4.13.jar:4.13]
	at org.junit.runners.BlockJUnit4ClassRunner.runChild(BlockJUnit4ClassRunner.java:63) ~[junit-4.13.jar:4.13]
	at org.junit.runners.ParentRunner$4.run(ParentRunner.java:331) ~[junit-4.13.jar:4.13]
	at org.junit.runners.ParentRunner$1.schedule(ParentRunner.java:79) ~[junit-4.13.jar:4.13]
	at org.junit.runners.ParentRunner.runChildren(ParentRunner.java:329) ~[junit-4.13.jar:4.13]
	at org.junit.runners.ParentRunner.access$100(ParentRunner.java:66) ~[junit-4.13.jar:4.13]
	at org.junit.runners.ParentRunner$2.evaluate(ParentRunner.java:293) ~[junit-4.13.jar:4.13]
	at org.junit.runners.ParentRunner$3.evaluate(ParentRunner.java:306) ~[junit-4.13.jar:4.13]
	at org.junit.runners.ParentRunner.run(ParentRunner.java:413) ~[junit-4.13.jar:4.13]
	at org.junit.runner.JUnitCore.run(JUnitCore.java:137) ~[junit-4.13.jar:4.13]
	at org.junit.runner.JUnitCore.run(JUnitCore.java:115) ~[junit-4.13.jar:4.13]
	at org.junit.vintage.engine.execution.RunnerExecutor.execute(RunnerExecutor.java:43) ~[junit-vintage-engine-5.6.2.jar:5.6.2]
	at java.util.stream.ForEachOps$ForEachOp$OfRef.accept(ForEachOps.java:183) ~[?:1.8.0_402]
	at java.util.stream.ReferencePipeline$3$1.accept(ReferencePipeline.java:193) ~[?:1.8.0_402]
	at java.util.Iterator.forEachRemaining(Iterator.java:116) ~[?:1.8.0_402]
	at java.util.Spliterators$IteratorSpliterator.forEachRemaining(Spliterators.java:1801) ~[?:1.8.0_402]
	at java.util.stream.AbstractPipeline.copyInto(AbstractPipeline.java:482) ~[?:1.8.0_402]
	at java.util.stream.AbstractPipeline.wrapAndCopyInto(AbstractPipeline.java:472) ~[?:1.8.0_402]
	at java.util.stream.ForEachOps$ForEachOp.evaluateSequential(ForEachOps.java:150) ~[?:1.8.0_402]
	at java.util.stream.ForEachOps$ForEachOp$OfRef.evaluateSequential(ForEachOps.java:173) ~[?:1.8.0_402]
	at java.util.stream.AbstractPipeline.evaluate(AbstractPipeline.java:234) ~[?:1.8.0_402]
	at java.util.stream.ReferencePipeline.forEach(ReferencePipeline.java:485) ~[?:1.8.0_402]
	at org.junit.vintage.engine.VintageTestEngine.executeAllChildren(VintageTestEngine.java:82) ~[junit-vintage-engine-5.6.2.jar:5.6.2]
	at org.junit.vintage.engine.VintageTestEngine.execute(VintageTestEngine.java:73) ~[junit-vintage-engine-5.6.2.jar:5.6.2]
	at org.junit.platform.launcher.core.DefaultLauncher.execute(DefaultLauncher.java:248) ~[junit-platform-launcher-1.6.2.jar:1.6.2]
	at org.junit.platform.launcher.core.DefaultLauncher.lambda$execute$5(DefaultLauncher.java:211) ~[junit-platform-launcher-1.6.2.jar:1.6.2]
	at org.junit.platform.launcher.core.DefaultLauncher.withInterceptedStreams(DefaultLauncher.java:226) [junit-platform-launcher-1.6.2.jar:1.6.2]
	at org.junit.platform.launcher.core.DefaultLauncher.execute(DefaultLauncher.java:199) [junit-platform-launcher-1.6.2.jar:1.6.2]
	at org.junit.platform.launcher.core.DefaultLauncher.execute(DefaultLauncher.java:132) [junit-platform-launcher-1.6.2.jar:1.6.2]
	at org.apache.maven.surefire.junitplatform.JUnitPlatformProvider.invokeAllTests(JUnitPlatformProvider.java:154) [surefire-junit-platform-3.0.0-M4.jar:3.0.0-M4]
	at org.apache.maven.surefire.junitplatform.JUnitPlatformProvider.invoke(JUnitPlatformProvider.java:123) [surefire-junit-platform-3.0.0-M4.jar:3.0.0-M4]
	at org.apache.maven.surefire.booter.ForkedBooter.runSuitesInProcess(ForkedBooter.java:377) [surefire-booter-3.0.0-M4.jar:3.0.0-M4]
	at org.apache.maven.surefire.booter.ForkedBooter.execute(ForkedBooter.java:138) [surefire-booter-3.0.0-M4.jar:3.0.0-M4]
	at org.apache.maven.surefire.booter.ForkedBooter.run(ForkedBooter.java:465) [surefire-booter-3.0.0-M4.jar:3.0.0-M4]
	at org.apache.maven.surefire.booter.ForkedBooter.main(ForkedBooter.java:451) [surefire-booter-3.0.0-M4.jar:3.0.0-M4]
Caused by: org.apache.hadoop.hive.metastore.api.MetaException: Unable to create database managed directory pfile:/home/alex/Repositories/hive/streaming/target/warehouse/testing.db, failed to create database testing
	at org.apache.hadoop.hive.metastore.HMSHandler.create_database_core(HMSHandler.java:1366) ~[classes/:?]
	at org.apache.hadoop.hive.metastore.HMSHandler.create_database(HMSHandler.java:1486) ~[classes/:?]
	at sun.reflect.GeneratedMethodAccessor93.invoke(Unknown Source) ~[?:?]
	at sun.reflect.DelegatingMethodAccessorImpl.invoke(DelegatingMethodAccessorImpl.java:43) ~[?:1.8.0_402]
	at java.lang.reflect.Method.invoke(Method.java:498) ~[?:1.8.0_402]
	at org.apache.hadoop.hive.metastore.RetryingHMSHandler.invokeInternal(RetryingHMSHandler.java:147) ~[classes/:?]
	at org.apache.hadoop.hive.metastore.RetryingHMSHandler.invoke(RetryingHMSHandler.java:108) ~[classes/:?]
	at com.sun.proxy.$Proxy38.create_database(Unknown Source) ~[?:?]
	at org.apache.hadoop.hive.metastore.HiveMetaStoreClient.createDatabase(HiveMetaStoreClient.java:1151) ~[classes/:?]
	at sun.reflect.GeneratedMethodAccessor92.invoke(Unknown Source) ~[?:?]
	at sun.reflect.DelegatingMethodAccessorImpl.invoke(DelegatingMethodAccessorImpl.java:43) ~[?:1.8.0_402]
	at java.lang.reflect.Method.invoke(Method.java:498) ~[?:1.8.0_402]
	at org.apache.hadoop.hive.metastore.RetryingMetaStoreClient.invoke(RetryingMetaStoreClient.java:218) ~[classes/:?]
	at com.sun.proxy.$Proxy47.createDatabase(Unknown Source) ~[?:?]
	at org.apache.hadoop.hive.ql.metadata.Hive.createDatabase(Hive.java:605) ~[classes/:?]
	... 66 more
2024-04-24T12:35:27,943  INFO [main] reexec.ReOptimizePlugin: ReOptimization: retryPossible: false
2024-04-24T12:35:27,943  INFO [main] reexec.ReExecuteLostAMQueryPlugin: Got exception message: MetaException(message:Unable to create database managed directory pfile:/home/alex/Repositories/hive/streaming/target/warehouse/testing.db, failed to create database testing) retryPossible: false
2024-04-24T12:35:27,943  INFO [main] reexec.ReExecutionDagSubmitPlugin: Got exception message: MetaException(message:Unable to create database managed directory pfile:/home/alex/Repositories/hive/streaming/target/warehouse/testing.db, failed to create database testing) retryPossible: false
FAILED: Execution Error, return code 40000 from org.apache.hadoop.hive.ql.ddl.DDLTask. MetaException(message:Unable to create database managed directory pfile:/home/alex/Repositories/hive/streaming/target/warehouse/testing.db, failed to create database testing)
2024-04-24T12:35:27,943 ERROR [main] ql.Driver: FAILED: Execution Error, return code 40000 from org.apache.hadoop.hive.ql.ddl.DDLTask. MetaException(message:Unable to create database managed directory pfile:/home/alex/Repositories/hive/streaming/target/warehouse/testing.db, failed to create database testing)
2024-04-24T12:35:27,943  INFO [main] metadata.Hive: Dumping metastore api call timing information for : execution phase
2024-04-24T12:35:27,943  INFO [main] metadata.Hive: Total time spent in each metastore function (ms): {}
2024-04-24T12:35:27,943  INFO [main] ql.Driver: Completed executing command(queryId=alex_20240424123527_62756599-6aa2-4ba1-8025-fe2ce2cd35f9); Time taken: 0.02 seconds
2024-04-24T12:35:27,943  INFO [main] lockmgr.DbTxnManager: Stopped heartbeat for query: alex_20240424123527_62756599-6aa2-4ba1-8025-fe2ce2cd35f9
2024-04-24T12:35:27,943  INFO [main] metastore.HiveMetaStoreClient: Mestastore configuration metastore.filter.hook changed from org.apache.hadoop.hive.ql.security.authorization.plugin.AuthorizationMetaStoreFilterHook to org.apache.hadoop.hive.metastore.DefaultMetaStoreFilterHookImpl
2024-04-24T12:35:27,944  INFO [main] HiveMetaStore.audit: ugi=alex	ip=unknown-ip-addr	cmd=Cleaning up thread local RawStore...	
2024-04-24T12:35:27,944  INFO [main] metastore.ObjectStore: RawStore: org.apache.hadoop.hive.metastore.ObjectStore@2f3a0f37, with PersistenceManager: org.datanucleus.api.jdo.JDOPersistenceManager@7698a3d9 will be shutdown
2024-04-24T12:35:27,944  INFO [main] HiveMetaStore.audit: ugi=alex	ip=unknown-ip-addr	cmd=Done cleaning up thread local RawStore	
2024-04-24T12:35:27,944  INFO [main] metastore.HiveMetaStoreClient: Closed a connection to metastore, current connections: -37
2024-04-24T12:35:27,945  INFO [main] metastore.HiveMetaStoreClient: HMS client filtering is enabled.
2024-04-24T12:35:27,945  INFO [main] metastore.HMSHandler: 0: Opening raw store with implementation class:org.apache.hadoop.hive.metastore.ObjectStore
2024-04-24T12:35:27,945  INFO [main] metastore.PersistenceManagerProvider: Configuration datanucleus.autoStartMechanismMode is not set. Defaulting to 'ignored'
2024-04-24T12:35:27,946  INFO [main] metastore.ObjectStore: RawStore: org.apache.hadoop.hive.metastore.ObjectStore@6f2a1ff0, with PersistenceManager: null will be shutdown
2024-04-24T12:35:27,946  INFO [main] metastore.ObjectStore: RawStore: org.apache.hadoop.hive.metastore.ObjectStore@6f2a1ff0, with PersistenceManager: org.datanucleus.api.jdo.JDOPersistenceManager@647ce968 created in the thread with id: 1
2024-04-24T12:35:27,948  INFO [main] metastore.HMSHandler: Created RawStore: org.apache.hadoop.hive.metastore.ObjectStore@6f2a1ff0 from thread id: 1
2024-04-24T12:35:27,948  INFO [main] metastore.HMSHandler: HMS server filtering is disabled by configuration
2024-04-24T12:35:27,949  INFO [main] metastore.RetryingMetaStoreClient: RetryingMetaStoreClient proxy=class org.apache.hadoop.hive.ql.metadata.SessionHiveMetaStoreClient ugi=alex (auth:SIMPLE) retries=1 delay=1 lifetime=0
2024-04-24T12:35:27,951  INFO [main] txn.TxnHandler: Removed transactions: ([1]) from MIN_HISTORY_LEVEL
2024-04-24T12:35:27,954 ERROR [main] streaming.TestStreamingDynamicPartitioning: Statement: create database IF NOT EXISTS testing location 'raw:///home/alex/Repositories/hive/streaming/target/tmp/junit274955498076923085/testing.db' failed: (responseCode = 40000, errorMessage = FAILED: Execution Error, return code 40000 from org.apache.hadoop.hive.ql.ddl.DDLTask. MetaException(message:Unable to create database managed directory pfile:/home/alex/Repositories/hive/streaming/target/warehouse/testing.db, failed to create database testing), hiveErrorCode = 40000, SQLState = 08S01, exception = MetaException(message:Unable to create database managed directory pfile:/home/alex/Repositories/hive/streaming/target/warehouse/testing.db, failed to create database testing))
2024-04-24T12:35:27,954  INFO [main] ql.Driver: Compiling command(queryId=alex_20240424123527_62756599-6aa2-4ba1-8025-fe2ce2cd35f9): use testing
2024-04-24T12:35:27,954  INFO [main] HiveMetaStore.audit: ugi=alex	ip=unknown-ip-addr	cmd=get_database: testing	
FAILED: SemanticException [Error 10072]: Database does not exist: testing
2024-04-24T12:35:27,956 ERROR [main] ql.Driver: FAILED: SemanticException [Error 10072]: Database does not exist: testing
org.apache.hadoop.hive.ql.parse.SemanticException: Database does not exist: testing
	at org.apache.hadoop.hive.ql.parse.BaseSemanticAnalyzer.getDatabase(BaseSemanticAnalyzer.java:1812)
	at org.apache.hadoop.hive.ql.ddl.database.use.SwitchDatabaseAnalyzer.analyzeInternal(SwitchDatabaseAnalyzer.java:45)
	at org.apache.hadoop.hive.ql.parse.BaseSemanticAnalyzer.analyze(BaseSemanticAnalyzer.java:317)
	at org.apache.hadoop.hive.ql.Compiler.analyze(Compiler.java:223)
	at org.apache.hadoop.hive.ql.Compiler.compile(Compiler.java:105)
	at org.apache.hadoop.hive.ql.Driver.compile(Driver.java:500)
	at org.apache.hadoop.hive.ql.Driver.compileInternal(Driver.java:453)
	at org.apache.hadoop.hive.ql.Driver.compileAndRespond(Driver.java:417)
	at org.apache.hadoop.hive.ql.Driver.compileAndRespond(Driver.java:411)
	at org.apache.hadoop.hive.ql.reexec.ReExecDriver.compileAndRespond(ReExecDriver.java:125)
	at org.apache.hadoop.hive.ql.reexec.ReExecDriver.run(ReExecDriver.java:229)
	at org.apache.hive.streaming.TestStreamingDynamicPartitioning.runDDL(TestStreamingDynamicPartitioning.java:829)
	at org.apache.hive.streaming.TestStreamingDynamicPartitioning.createDbAndTable(TestStreamingDynamicPartitioning.java:876)
	at org.apache.hive.streaming.TestStreamingDynamicPartitioning.setup(TestStreamingDynamicPartitioning.java:155)
	at sun.reflect.NativeMethodAccessorImpl.invoke0(Native Method)
	at sun.reflect.NativeMethodAccessorImpl.invoke(NativeMethodAccessorImpl.java:62)
	at sun.reflect.DelegatingMethodAccessorImpl.invoke(DelegatingMethodAccessorImpl.java:43)
	at java.lang.reflect.Method.invoke(Method.java:498)
	at org.junit.runners.model.FrameworkMethod$1.runReflectiveCall(FrameworkMethod.java:59)
	at org.junit.internal.runners.model.ReflectiveCallable.run(ReflectiveCallable.java:12)
	at org.junit.runners.model.FrameworkMethod.invokeExplosively(FrameworkMethod.java:56)
	at org.junit.internal.runners.statements.RunBefores.invokeMethod(RunBefores.java:33)
	at org.junit.internal.runners.statements.RunBefores.evaluate(RunBefores.java:24)
	at org.junit.internal.runners.statements.RunAfters.evaluate(RunAfters.java:27)
	at org.junit.rules.ExternalResource$1.evaluate(ExternalResource.java:54)
	at org.junit.runners.ParentRunner$3.evaluate(ParentRunner.java:306)
	at org.junit.runners.BlockJUnit4ClassRunner$1.evaluate(BlockJUnit4ClassRunner.java:100)
	at org.junit.runners.ParentRunner.runLeaf(ParentRunner.java:366)
	at org.junit.runners.BlockJUnit4ClassRunner.runChild(BlockJUnit4ClassRunner.java:103)
	at org.junit.runners.BlockJUnit4ClassRunner.runChild(BlockJUnit4ClassRunner.java:63)
	at org.junit.runners.ParentRunner$4.run(ParentRunner.java:331)
	at org.junit.runners.ParentRunner$1.schedule(ParentRunner.java:79)
	at org.junit.runners.ParentRunner.runChildren(ParentRunner.java:329)
	at org.junit.runners.ParentRunner.access$100(ParentRunner.java:66)
	at org.junit.runners.ParentRunner$2.evaluate(ParentRunner.java:293)
	at org.junit.runners.ParentRunner$3.evaluate(ParentRunner.java:306)
	at org.junit.runners.ParentRunner.run(ParentRunner.java:413)
	at org.junit.runner.JUnitCore.run(JUnitCore.java:137)
	at org.junit.runner.JUnitCore.run(JUnitCore.java:115)
	at org.junit.vintage.engine.execution.RunnerExecutor.execute(RunnerExecutor.java:43)
	at java.util.stream.ForEachOps$ForEachOp$OfRef.accept(ForEachOps.java:183)
	at java.util.stream.ReferencePipeline$3$1.accept(ReferencePipeline.java:193)
	at java.util.Iterator.forEachRemaining(Iterator.java:116)
	at java.util.Spliterators$IteratorSpliterator.forEachRemaining(Spliterators.java:1801)
	at java.util.stream.AbstractPipeline.copyInto(AbstractPipeline.java:482)
	at java.util.stream.AbstractPipeline.wrapAndCopyInto(AbstractPipeline.java:472)
	at java.util.stream.ForEachOps$ForEachOp.evaluateSequential(ForEachOps.java:150)
	at java.util.stream.ForEachOps$ForEachOp$OfRef.evaluateSequential(ForEachOps.java:173)
	at java.util.stream.AbstractPipeline.evaluate(AbstractPipeline.java:234)
	at java.util.stream.ReferencePipeline.forEach(ReferencePipeline.java:485)
	at org.junit.vintage.engine.VintageTestEngine.executeAllChildren(VintageTestEngine.java:82)
	at org.junit.vintage.engine.VintageTestEngine.execute(VintageTestEngine.java:73)
	at org.junit.platform.launcher.core.DefaultLauncher.execute(DefaultLauncher.java:248)
	at org.junit.platform.launcher.core.DefaultLauncher.lambda$execute$5(DefaultLauncher.java:211)
	at org.junit.platform.launcher.core.DefaultLauncher.withInterceptedStreams(DefaultLauncher.java:226)
	at org.junit.platform.launcher.core.DefaultLauncher.execute(DefaultLauncher.java:199)
	at org.junit.platform.launcher.core.DefaultLauncher.execute(DefaultLauncher.java:132)
	at org.apache.maven.surefire.junitplatform.JUnitPlatformProvider.invokeAllTests(JUnitPlatformProvider.java:154)
	at org.apache.maven.surefire.junitplatform.JUnitPlatformProvider.invoke(JUnitPlatformProvider.java:123)
	at org.apache.maven.surefire.booter.ForkedBooter.runSuitesInProcess(ForkedBooter.java:377)
	at org.apache.maven.surefire.booter.ForkedBooter.execute(ForkedBooter.java:138)
	at org.apache.maven.surefire.booter.ForkedBooter.run(ForkedBooter.java:465)
	at org.apache.maven.surefire.booter.ForkedBooter.main(ForkedBooter.java:451)

2024-04-24T12:35:27,956  INFO [main] metadata.Hive: Dumping metastore api call timing information for : compilation phase
2024-04-24T12:35:27,956  INFO [main] metadata.Hive: Total time spent in each metastore function (ms): {isCompatibleWith_(Configuration)=0, rollbackTxn_(long)=5, flushCache_()=0}
2024-04-24T12:35:27,956  INFO [main] ql.Driver: Completed compiling command(queryId=alex_20240424123527_62756599-6aa2-4ba1-8025-fe2ce2cd35f9); Time taken: 0.002 seconds
2024-04-24T12:35:27,956  INFO [main] lockmgr.DbLockManager: releaseLocks: []
2024-04-24T12:35:27,956 ERROR [main] streaming.TestStreamingDynamicPartitioning: Statement: use testing failed: (responseCode = 10072, errorMessage = FAILED: SemanticException [Error 10072]: Database does not exist: testing, hiveErrorCode = 40000, SQLState = 42000, exception = Database does not exist: testing)
2024-04-24T12:35:27,957  INFO [main] ql.Driver: Compiling command(queryId=alex_20240424123527_62756599-6aa2-4ba1-8025-fe2ce2cd35f9): create table alerts ( id int,msg string ) partitioned by (Continent string,Country string ) clustered by ( id ) into 1 buckets  stored as orc  location 'raw:///home/alex/Repositories/hive/streaming/target/tmp/junit274955498076923085/testing.db/alerts' TBLPROPERTIES ('transactional'='true') 
2024-04-24T12:35:27,958  INFO [main] txn.TxnHandler: Added entries to MIN_HISTORY_LEVEL for current txns: ([2]) with min_open_txn: 1
2024-04-24T12:35:27,959  INFO [main] lockmgr.DbTxnManager: Opened txnid:2
2024-04-24T12:35:27,960  INFO [main] parse.CalcitePlanner: Starting caching scope for: alex_20240424123527_62756599-6aa2-4ba1-8025-fe2ce2cd35f9
2024-04-24T12:35:27,960  INFO [main] parse.CalcitePlanner: Starting Semantic Analysis
2024-04-24T12:35:27,961  INFO [main] parse.CalcitePlanner: Creating table default.alerts position=13
2024-04-24T12:35:27,961  INFO [main] HiveMetaStore.audit: ugi=alex	ip=unknown-ip-addr	cmd=get_database: default	
2024-04-24T12:35:27,962  INFO [main] parse.CalcitePlanner: Ending caching scope for: alex_20240424123527_62756599-6aa2-4ba1-8025-fe2ce2cd35f9
2024-04-24T12:35:27,962  INFO [main] ql.Driver: Semantic Analysis Completed (retrial = false)
2024-04-24T12:35:27,962  INFO [main] ql.Driver: Created Hive schema: Schema(fieldSchemas:null, properties:null)
2024-04-24T12:35:27,962  INFO [main] metadata.Hive: Dumping metastore api call timing information for : compilation phase
2024-04-24T12:35:27,963  INFO [main] metadata.Hive: Total time spent in each metastore function (ms): {getValidTxns_(long)=1, isCompatibleWith_(Configuration)=1, getValidWriteIds_(List, String)=0, openTxn_(String, TxnType)=1, flushCache_()=0, getDatabase_(String)=1}
2024-04-24T12:35:27,963  INFO [main] ql.Driver: Completed compiling command(queryId=alex_20240424123527_62756599-6aa2-4ba1-8025-fe2ce2cd35f9); Time taken: 0.005 seconds
2024-04-24T12:35:27,963  INFO [main] reexec.ReExecDriver: Execution #1 of query
2024-04-24T12:35:27,963  INFO [main] lockmgr.DbTxnManager: Setting lock request transaction to txnid:2 for queryId=alex_20240424123527_62756599-6aa2-4ba1-8025-fe2ce2cd35f9
2024-04-24T12:35:27,963  INFO [main] lockmgr.DbLockManager: Requesting lock for queryId=alex_20240424123527_62756599-6aa2-4ba1-8025-fe2ce2cd35f9
2024-04-24T12:35:27,971  INFO [main] lockmgr.DbLockManager: Response to queryId=alex_20240424123527_62756599-6aa2-4ba1-8025-fe2ce2cd35f9 LockResponse(lockid:1, state:ACQUIRED)
2024-04-24T12:35:27,971  INFO [main] ql.Driver: Operation CREATETABLE obtained 1 locks
2024-04-24T12:35:27,972  INFO [main] ql.Driver: Executing command(queryId=alex_20240424123527_62756599-6aa2-4ba1-8025-fe2ce2cd35f9): create table alerts ( id int,msg string ) partitioned by (Continent string,Country string ) clustered by ( id ) into 1 buckets  stored as orc  location 'raw:///home/alex/Repositories/hive/streaming/target/tmp/junit274955498076923085/testing.db/alerts' TBLPROPERTIES ('transactional'='true') 
PREHOOK: query: create table alerts ( id int,msg string ) partitioned by (Continent string,Country string ) clustered by ( id ) into 1 buckets  stored as orc  location 'raw:///home/alex/Repositories/hive/streaming/target/tmp/junit274955498076923085/testing.db/alerts' TBLPROPERTIES ('transactional'='true')
2024-04-24T12:35:27,972  INFO [main] SessionState: PREHOOK: query: create table alerts ( id int,msg string ) partitioned by (Continent string,Country string ) clustered by ( id ) into 1 buckets  stored as orc  location 'raw:///home/alex/Repositories/hive/streaming/target/tmp/junit274955498076923085/testing.db/alerts' TBLPROPERTIES ('transactional'='true')
PREHOOK: type: CREATETABLE
2024-04-24T12:35:27,972  INFO [main] SessionState: PREHOOK: type: CREATETABLE
PREHOOK: Input: raw:/home/alex/Repositories/hive/streaming/target/tmp/junit274955498076923085/testing.db/alerts
2024-04-24T12:35:27,972  INFO [main] SessionState: PREHOOK: Input: raw:/home/alex/Repositories/hive/streaming/target/tmp/junit274955498076923085/testing.db/alerts
PREHOOK: Output: database:default
2024-04-24T12:35:27,972  INFO [main] SessionState: PREHOOK: Output: database:default
PREHOOK: Output: default@alerts
2024-04-24T12:35:27,972  INFO [main] SessionState: PREHOOK: Output: default@alerts
2024-04-24T12:35:27,973  INFO [main] ql.Driver: Starting task [Stage-0:DDL] in serial mode
2024-04-24T12:35:27,974  INFO [main] HiveMetaStore.audit: ugi=alex	ip=unknown-ip-addr	cmd=create_table_req: Table(tableName:alerts, dbName:default, owner:alex, createTime:1713987327, lastAccessTime:0, retention:0, sd:StorageDescriptor(cols:[FieldSchema(name:id, type:int, comment:null), FieldSchema(name:msg, type:string, comment:null)], location:raw:/home/alex/Repositories/hive/streaming/target/tmp/junit274955498076923085/testing.db/alerts, inputFormat:org.apache.hadoop.hive.ql.io.orc.OrcInputFormat, outputFormat:org.apache.hadoop.hive.ql.io.orc.OrcOutputFormat, compressed:false, numBuckets:1, serdeInfo:SerDeInfo(name:null, serializationLib:org.apache.hadoop.hive.ql.io.orc.OrcSerde, parameters:{serialization.format=1}), bucketCols:[id], sortCols:[], parameters:{}, skewedInfo:SkewedInfo(skewedColNames:[], skewedColValues:[], skewedColValueLocationMaps:{}), storedAsSubDirectories:false), partitionKeys:[FieldSchema(name:Continent, type:string, comment:null), FieldSchema(name:Country, type:string, comment:null)], parameters:{bucketing_version=2, transactional=true}, viewOriginalText:null, viewExpandedText:null, tableType:MANAGED_TABLE, privileges:PrincipalPrivilegeSet(userPrivileges:{alex=[PrivilegeGrantInfo(privilege:INSERT, createTime:-1, grantor:alex, grantorType:USER, grantOption:true), PrivilegeGrantInfo(privilege:SELECT, createTime:-1, grantor:alex, grantorType:USER, grantOption:true), PrivilegeGrantInfo(privilege:UPDATE, createTime:-1, grantor:alex, grantorType:USER, grantOption:true), PrivilegeGrantInfo(privilege:DELETE, createTime:-1, grantor:alex, grantorType:USER, grantOption:true)]}, groupPrivileges:null, rolePrivileges:null), temporary:false, catName:hive, ownerType:USER, writeId:0)	
2024-04-24T12:35:27,984  WARN [main] metastore.HMSHandler: create_table_req got 
org.apache.hadoop.hive.metastore.api.AlreadyExistsException: Table hive.default.alerts already exists
	at org.apache.hadoop.hive.metastore.HMSHandler.create_table_core(HMSHandler.java:2339) ~[classes/:?]
	at org.apache.hadoop.hive.metastore.HMSHandler.create_table_req(HMSHandler.java:2598) ~[classes/:?]
	at sun.reflect.NativeMethodAccessorImpl.invoke0(Native Method) ~[?:1.8.0_402]
	at sun.reflect.NativeMethodAccessorImpl.invoke(NativeMethodAccessorImpl.java:62) ~[?:1.8.0_402]
	at sun.reflect.DelegatingMethodAccessorImpl.invoke(DelegatingMethodAccessorImpl.java:43) ~[?:1.8.0_402]
	at java.lang.reflect.Method.invoke(Method.java:498) ~[?:1.8.0_402]
	at org.apache.hadoop.hive.metastore.RetryingHMSHandler.invokeInternal(RetryingHMSHandler.java:147) ~[classes/:?]
	at org.apache.hadoop.hive.metastore.RetryingHMSHandler.invoke(RetryingHMSHandler.java:108) ~[classes/:?]
	at com.sun.proxy.$Proxy38.create_table_req(Unknown Source) ~[?:?]
	at org.apache.hadoop.hive.metastore.HiveMetaStoreClient.create_table_with_environment_context(HiveMetaStoreClient.java:4408) ~[classes/:?]
	at org.apache.hadoop.hive.ql.metadata.SessionHiveMetaStoreClient.create_table_with_environment_context(SessionHiveMetaStoreClient.java:182) ~[classes/:?]
	at org.apache.hadoop.hive.metastore.HiveMetaStoreClient.createTable(HiveMetaStoreClient.java:1260) ~[classes/:?]
	at org.apache.hadoop.hive.metastore.HiveMetaStoreClient.createTable(HiveMetaStoreClient.java:1245) ~[classes/:?]
	at sun.reflect.NativeMethodAccessorImpl.invoke0(Native Method) ~[?:1.8.0_402]
	at sun.reflect.NativeMethodAccessorImpl.invoke(NativeMethodAccessorImpl.java:62) ~[?:1.8.0_402]
	at sun.reflect.DelegatingMethodAccessorImpl.invoke(DelegatingMethodAccessorImpl.java:43) ~[?:1.8.0_402]
	at java.lang.reflect.Method.invoke(Method.java:498) ~[?:1.8.0_402]
	at org.apache.hadoop.hive.metastore.RetryingMetaStoreClient.invoke(RetryingMetaStoreClient.java:218) ~[classes/:?]
	at com.sun.proxy.$Proxy47.createTable(Unknown Source) ~[?:?]
	at org.apache.hadoop.hive.ql.metadata.Hive.createTable(Hive.java:1290) ~[classes/:?]
	at org.apache.hadoop.hive.ql.metadata.Hive.createTable(Hive.java:1306) ~[classes/:?]
	at org.apache.hadoop.hive.ql.ddl.table.create.CreateTableOperation.createTableNonReplaceMode(CreateTableOperation.java:140) ~[classes/:?]
	at org.apache.hadoop.hive.ql.ddl.table.create.CreateTableOperation.execute(CreateTableOperation.java:98) ~[classes/:?]
	at org.apache.hadoop.hive.ql.ddl.DDLTask.execute(DDLTask.java:84) ~[classes/:?]
	at org.apache.hadoop.hive.ql.exec.Task.executeTask(Task.java:212) ~[classes/:?]
	at org.apache.hadoop.hive.ql.exec.TaskRunner.runSequential(TaskRunner.java:105) ~[classes/:?]
	at org.apache.hadoop.hive.ql.Executor.launchTask(Executor.java:361) ~[classes/:?]
	at org.apache.hadoop.hive.ql.Executor.launchTasks(Executor.java:334) ~[classes/:?]
	at org.apache.hadoop.hive.ql.Executor.runTasks(Executor.java:245) ~[classes/:?]
	at org.apache.hadoop.hive.ql.Executor.execute(Executor.java:108) ~[classes/:?]
	at org.apache.hadoop.hive.ql.Driver.execute(Driver.java:348) ~[classes/:?]
	at org.apache.hadoop.hive.ql.Driver.runInternal(Driver.java:204) ~[classes/:?]
	at org.apache.hadoop.hive.ql.Driver.run(Driver.java:153) ~[classes/:?]
	at org.apache.hadoop.hive.ql.Driver.run(Driver.java:148) ~[classes/:?]
	at org.apache.hadoop.hive.ql.reexec.ReExecDriver.run(ReExecDriver.java:164) ~[classes/:?]
	at org.apache.hadoop.hive.ql.reexec.ReExecDriver.run(ReExecDriver.java:230) ~[classes/:?]
	at org.apache.hive.streaming.TestStreamingDynamicPartitioning.runDDL(TestStreamingDynamicPartitioning.java:829) ~[test-classes/:?]
	at org.apache.hive.streaming.TestStreamingDynamicPartitioning.createDbAndTable(TestStreamingDynamicPartitioning.java:885) ~[test-classes/:?]
	at org.apache.hive.streaming.TestStreamingDynamicPartitioning.setup(TestStreamingDynamicPartitioning.java:155) ~[test-classes/:?]
	at sun.reflect.NativeMethodAccessorImpl.invoke0(Native Method) ~[?:1.8.0_402]
	at sun.reflect.NativeMethodAccessorImpl.invoke(NativeMethodAccessorImpl.java:62) ~[?:1.8.0_402]
	at sun.reflect.DelegatingMethodAccessorImpl.invoke(DelegatingMethodAccessorImpl.java:43) ~[?:1.8.0_402]
	at java.lang.reflect.Method.invoke(Method.java:498) ~[?:1.8.0_402]
	at org.junit.runners.model.FrameworkMethod$1.runReflectiveCall(FrameworkMethod.java:59) ~[junit-4.13.jar:4.13]
	at org.junit.internal.runners.model.ReflectiveCallable.run(ReflectiveCallable.java:12) ~[junit-4.13.jar:4.13]
	at org.junit.runners.model.FrameworkMethod.invokeExplosively(FrameworkMethod.java:56) ~[junit-4.13.jar:4.13]
	at org.junit.internal.runners.statements.RunBefores.invokeMethod(RunBefores.java:33) ~[junit-4.13.jar:4.13]
	at org.junit.internal.runners.statements.RunBefores.evaluate(RunBefores.java:24) ~[junit-4.13.jar:4.13]
	at org.junit.internal.runners.statements.RunAfters.evaluate(RunAfters.java:27) ~[junit-4.13.jar:4.13]
	at org.junit.rules.ExternalResource$1.evaluate(ExternalResource.java:54) ~[junit-4.13.jar:4.13]
	at org.junit.runners.ParentRunner$3.evaluate(ParentRunner.java:306) ~[junit-4.13.jar:4.13]
	at org.junit.runners.BlockJUnit4ClassRunner$1.evaluate(BlockJUnit4ClassRunner.java:100) ~[junit-4.13.jar:4.13]
	at org.junit.runners.ParentRunner.runLeaf(ParentRunner.java:366) ~[junit-4.13.jar:4.13]
	at org.junit.runners.BlockJUnit4ClassRunner.runChild(BlockJUnit4ClassRunner.java:103) ~[junit-4.13.jar:4.13]
	at org.junit.runners.BlockJUnit4ClassRunner.runChild(BlockJUnit4ClassRunner.java:63) ~[junit-4.13.jar:4.13]
	at org.junit.runners.ParentRunner$4.run(ParentRunner.java:331) ~[junit-4.13.jar:4.13]
	at org.junit.runners.ParentRunner$1.schedule(ParentRunner.java:79) ~[junit-4.13.jar:4.13]
	at org.junit.runners.ParentRunner.runChildren(ParentRunner.java:329) ~[junit-4.13.jar:4.13]
	at org.junit.runners.ParentRunner.access$100(ParentRunner.java:66) ~[junit-4.13.jar:4.13]
	at org.junit.runners.ParentRunner$2.evaluate(ParentRunner.java:293) ~[junit-4.13.jar:4.13]
	at org.junit.runners.ParentRunner$3.evaluate(ParentRunner.java:306) ~[junit-4.13.jar:4.13]
	at org.junit.runners.ParentRunner.run(ParentRunner.java:413) ~[junit-4.13.jar:4.13]
	at org.junit.runner.JUnitCore.run(JUnitCore.java:137) ~[junit-4.13.jar:4.13]
	at org.junit.runner.JUnitCore.run(JUnitCore.java:115) ~[junit-4.13.jar:4.13]
	at org.junit.vintage.engine.execution.RunnerExecutor.execute(RunnerExecutor.java:43) ~[junit-vintage-engine-5.6.2.jar:5.6.2]
	at java.util.stream.ForEachOps$ForEachOp$OfRef.accept(ForEachOps.java:183) ~[?:1.8.0_402]
	at java.util.stream.ReferencePipeline$3$1.accept(ReferencePipeline.java:193) ~[?:1.8.0_402]
	at java.util.Iterator.forEachRemaining(Iterator.java:116) ~[?:1.8.0_402]
	at java.util.Spliterators$IteratorSpliterator.forEachRemaining(Spliterators.java:1801) ~[?:1.8.0_402]
	at java.util.stream.AbstractPipeline.copyInto(AbstractPipeline.java:482) ~[?:1.8.0_402]
	at java.util.stream.AbstractPipeline.wrapAndCopyInto(AbstractPipeline.java:472) ~[?:1.8.0_402]
	at java.util.stream.ForEachOps$ForEachOp.evaluateSequential(ForEachOps.java:150) ~[?:1.8.0_402]
	at java.util.stream.ForEachOps$ForEachOp$OfRef.evaluateSequential(ForEachOps.java:173) ~[?:1.8.0_402]
	at java.util.stream.AbstractPipeline.evaluate(AbstractPipeline.java:234) ~[?:1.8.0_402]
	at java.util.stream.ReferencePipeline.forEach(ReferencePipeline.java:485) ~[?:1.8.0_402]
	at org.junit.vintage.engine.VintageTestEngine.executeAllChildren(VintageTestEngine.java:82) ~[junit-vintage-engine-5.6.2.jar:5.6.2]
	at org.junit.vintage.engine.VintageTestEngine.execute(VintageTestEngine.java:73) ~[junit-vintage-engine-5.6.2.jar:5.6.2]
	at org.junit.platform.launcher.core.DefaultLauncher.execute(DefaultLauncher.java:248) ~[junit-platform-launcher-1.6.2.jar:1.6.2]
	at org.junit.platform.launcher.core.DefaultLauncher.lambda$execute$5(DefaultLauncher.java:211) ~[junit-platform-launcher-1.6.2.jar:1.6.2]
	at org.junit.platform.launcher.core.DefaultLauncher.withInterceptedStreams(DefaultLauncher.java:226) [junit-platform-launcher-1.6.2.jar:1.6.2]
	at org.junit.platform.launcher.core.DefaultLauncher.execute(DefaultLauncher.java:199) [junit-platform-launcher-1.6.2.jar:1.6.2]
	at org.junit.platform.launcher.core.DefaultLauncher.execute(DefaultLauncher.java:132) [junit-platform-launcher-1.6.2.jar:1.6.2]
	at org.apache.maven.surefire.junitplatform.JUnitPlatformProvider.invokeAllTests(JUnitPlatformProvider.java:154) [surefire-junit-platform-3.0.0-M4.jar:3.0.0-M4]
	at org.apache.maven.surefire.junitplatform.JUnitPlatformProvider.invoke(JUnitPlatformProvider.java:123) [surefire-junit-platform-3.0.0-M4.jar:3.0.0-M4]
	at org.apache.maven.surefire.booter.ForkedBooter.runSuitesInProcess(ForkedBooter.java:377) [surefire-booter-3.0.0-M4.jar:3.0.0-M4]
	at org.apache.maven.surefire.booter.ForkedBooter.execute(ForkedBooter.java:138) [surefire-booter-3.0.0-M4.jar:3.0.0-M4]
	at org.apache.maven.surefire.booter.ForkedBooter.run(ForkedBooter.java:465) [surefire-booter-3.0.0-M4.jar:3.0.0-M4]
	at org.apache.maven.surefire.booter.ForkedBooter.main(ForkedBooter.java:451) [surefire-booter-3.0.0-M4.jar:3.0.0-M4]
2024-04-24T12:35:27,984 ERROR [main] metastore.RetryingHMSHandler: AlreadyExistsException(message:Table hive.default.alerts already exists)
	at org.apache.hadoop.hive.metastore.HMSHandler.create_table_core(HMSHandler.java:2339)
	at org.apache.hadoop.hive.metastore.HMSHandler.create_table_req(HMSHandler.java:2598)
	at sun.reflect.NativeMethodAccessorImpl.invoke0(Native Method)
	at sun.reflect.NativeMethodAccessorImpl.invoke(NativeMethodAccessorImpl.java:62)
	at sun.reflect.DelegatingMethodAccessorImpl.invoke(DelegatingMethodAccessorImpl.java:43)
	at java.lang.reflect.Method.invoke(Method.java:498)
	at org.apache.hadoop.hive.metastore.RetryingHMSHandler.invokeInternal(RetryingHMSHandler.java:147)
	at org.apache.hadoop.hive.metastore.RetryingHMSHandler.invoke(RetryingHMSHandler.java:108)
	at com.sun.proxy.$Proxy38.create_table_req(Unknown Source)
	at org.apache.hadoop.hive.metastore.HiveMetaStoreClient.create_table_with_environment_context(HiveMetaStoreClient.java:4408)
	at org.apache.hadoop.hive.ql.metadata.SessionHiveMetaStoreClient.create_table_with_environment_context(SessionHiveMetaStoreClient.java:182)
	at org.apache.hadoop.hive.metastore.HiveMetaStoreClient.createTable(HiveMetaStoreClient.java:1260)
	at org.apache.hadoop.hive.metastore.HiveMetaStoreClient.createTable(HiveMetaStoreClient.java:1245)
	at sun.reflect.NativeMethodAccessorImpl.invoke0(Native Method)
	at sun.reflect.NativeMethodAccessorImpl.invoke(NativeMethodAccessorImpl.java:62)
	at sun.reflect.DelegatingMethodAccessorImpl.invoke(DelegatingMethodAccessorImpl.java:43)
	at java.lang.reflect.Method.invoke(Method.java:498)
	at org.apache.hadoop.hive.metastore.RetryingMetaStoreClient.invoke(RetryingMetaStoreClient.java:218)
	at com.sun.proxy.$Proxy47.createTable(Unknown Source)
	at org.apache.hadoop.hive.ql.metadata.Hive.createTable(Hive.java:1290)
	at org.apache.hadoop.hive.ql.metadata.Hive.createTable(Hive.java:1306)
	at org.apache.hadoop.hive.ql.ddl.table.create.CreateTableOperation.createTableNonReplaceMode(CreateTableOperation.java:140)
	at org.apache.hadoop.hive.ql.ddl.table.create.CreateTableOperation.execute(CreateTableOperation.java:98)
	at org.apache.hadoop.hive.ql.ddl.DDLTask.execute(DDLTask.java:84)
	at org.apache.hadoop.hive.ql.exec.Task.executeTask(Task.java:212)
	at org.apache.hadoop.hive.ql.exec.TaskRunner.runSequential(TaskRunner.java:105)
	at org.apache.hadoop.hive.ql.Executor.launchTask(Executor.java:361)
	at org.apache.hadoop.hive.ql.Executor.launchTasks(Executor.java:334)
	at org.apache.hadoop.hive.ql.Executor.runTasks(Executor.java:245)
	at org.apache.hadoop.hive.ql.Executor.execute(Executor.java:108)
	at org.apache.hadoop.hive.ql.Driver.execute(Driver.java:348)
	at org.apache.hadoop.hive.ql.Driver.runInternal(Driver.java:204)
	at org.apache.hadoop.hive.ql.Driver.run(Driver.java:153)
	at org.apache.hadoop.hive.ql.Driver.run(Driver.java:148)
	at org.apache.hadoop.hive.ql.reexec.ReExecDriver.run(ReExecDriver.java:164)
	at org.apache.hadoop.hive.ql.reexec.ReExecDriver.run(ReExecDriver.java:230)
	at org.apache.hive.streaming.TestStreamingDynamicPartitioning.runDDL(TestStreamingDynamicPartitioning.java:829)
	at org.apache.hive.streaming.TestStreamingDynamicPartitioning.createDbAndTable(TestStreamingDynamicPartitioning.java:885)
	at org.apache.hive.streaming.TestStreamingDynamicPartitioning.setup(TestStreamingDynamicPartitioning.java:155)
	at sun.reflect.NativeMethodAccessorImpl.invoke0(Native Method)
	at sun.reflect.NativeMethodAccessorImpl.invoke(NativeMethodAccessorImpl.java:62)
	at sun.reflect.DelegatingMethodAccessorImpl.invoke(DelegatingMethodAccessorImpl.java:43)
	at java.lang.reflect.Method.invoke(Method.java:498)
	at org.junit.runners.model.FrameworkMethod$1.runReflectiveCall(FrameworkMethod.java:59)
	at org.junit.internal.runners.model.ReflectiveCallable.run(ReflectiveCallable.java:12)
	at org.junit.runners.model.FrameworkMethod.invokeExplosively(FrameworkMethod.java:56)
	at org.junit.internal.runners.statements.RunBefores.invokeMethod(RunBefores.java:33)
	at org.junit.internal.runners.statements.RunBefores.evaluate(RunBefores.java:24)
	at org.junit.internal.runners.statements.RunAfters.evaluate(RunAfters.java:27)
	at org.junit.rules.ExternalResource$1.evaluate(ExternalResource.java:54)
	at org.junit.runners.ParentRunner$3.evaluate(ParentRunner.java:306)
	at org.junit.runners.BlockJUnit4ClassRunner$1.evaluate(BlockJUnit4ClassRunner.java:100)
	at org.junit.runners.ParentRunner.runLeaf(ParentRunner.java:366)
	at org.junit.runners.BlockJUnit4ClassRunner.runChild(BlockJUnit4ClassRunner.java:103)
	at org.junit.runners.BlockJUnit4ClassRunner.runChild(BlockJUnit4ClassRunner.java:63)
	at org.junit.runners.ParentRunner$4.run(ParentRunner.java:331)
	at org.junit.runners.ParentRunner$1.schedule(ParentRunner.java:79)
	at org.junit.runners.ParentRunner.runChildren(ParentRunner.java:329)
	at org.junit.runners.ParentRunner.access$100(ParentRunner.java:66)
	at org.junit.runners.ParentRunner$2.evaluate(ParentRunner.java:293)
	at org.junit.runners.ParentRunner$3.evaluate(ParentRunner.java:306)
	at org.junit.runners.ParentRunner.run(ParentRunner.java:413)
	at org.junit.runner.JUnitCore.run(JUnitCore.java:137)
	at org.junit.runner.JUnitCore.run(JUnitCore.java:115)
	at org.junit.vintage.engine.execution.RunnerExecutor.execute(RunnerExecutor.java:43)
	at java.util.stream.ForEachOps$ForEachOp$OfRef.accept(ForEachOps.java:183)
	at java.util.stream.ReferencePipeline$3$1.accept(ReferencePipeline.java:193)
	at java.util.Iterator.forEachRemaining(Iterator.java:116)
	at java.util.Spliterators$IteratorSpliterator.forEachRemaining(Spliterators.java:1801)
	at java.util.stream.AbstractPipeline.copyInto(AbstractPipeline.java:482)
	at java.util.stream.AbstractPipeline.wrapAndCopyInto(AbstractPipeline.java:472)
	at java.util.stream.ForEachOps$ForEachOp.evaluateSequential(ForEachOps.java:150)
	at java.util.stream.ForEachOps$ForEachOp$OfRef.evaluateSequential(ForEachOps.java:173)
	at java.util.stream.AbstractPipeline.evaluate(AbstractPipeline.java:234)
	at java.util.stream.ReferencePipeline.forEach(ReferencePipeline.java:485)
	at org.junit.vintage.engine.VintageTestEngine.executeAllChildren(VintageTestEngine.java:82)
	at org.junit.vintage.engine.VintageTestEngine.execute(VintageTestEngine.java:73)
	at org.junit.platform.launcher.core.DefaultLauncher.execute(DefaultLauncher.java:248)
	at org.junit.platform.launcher.core.DefaultLauncher.lambda$execute$5(DefaultLauncher.java:211)
	at org.junit.platform.launcher.core.DefaultLauncher.withInterceptedStreams(DefaultLauncher.java:226)
	at org.junit.platform.launcher.core.DefaultLauncher.execute(DefaultLauncher.java:199)
	at org.junit.platform.launcher.core.DefaultLauncher.execute(DefaultLauncher.java:132)
	at org.apache.maven.surefire.junitplatform.JUnitPlatformProvider.invokeAllTests(JUnitPlatformProvider.java:154)
	at org.apache.maven.surefire.junitplatform.JUnitPlatformProvider.invoke(JUnitPlatformProvider.java:123)
	at org.apache.maven.surefire.booter.ForkedBooter.runSuitesInProcess(ForkedBooter.java:377)
	at org.apache.maven.surefire.booter.ForkedBooter.execute(ForkedBooter.java:138)
	at org.apache.maven.surefire.booter.ForkedBooter.run(ForkedBooter.java:465)
	at org.apache.maven.surefire.booter.ForkedBooter.main(ForkedBooter.java:451)

2024-04-24T12:35:27,985 ERROR [main] exec.Task: Failed
org.apache.hadoop.hive.ql.metadata.HiveException: AlreadyExistsException(message:Table hive.default.alerts already exists)
	at org.apache.hadoop.hive.ql.metadata.Hive.createTable(Hive.java:1298) ~[classes/:?]
	at org.apache.hadoop.hive.ql.metadata.Hive.createTable(Hive.java:1306) ~[classes/:?]
	at org.apache.hadoop.hive.ql.ddl.table.create.CreateTableOperation.createTableNonReplaceMode(CreateTableOperation.java:140) ~[classes/:?]
	at org.apache.hadoop.hive.ql.ddl.table.create.CreateTableOperation.execute(CreateTableOperation.java:98) ~[classes/:?]
	at org.apache.hadoop.hive.ql.ddl.DDLTask.execute(DDLTask.java:84) ~[classes/:?]
	at org.apache.hadoop.hive.ql.exec.Task.executeTask(Task.java:212) ~[classes/:?]
	at org.apache.hadoop.hive.ql.exec.TaskRunner.runSequential(TaskRunner.java:105) ~[classes/:?]
	at org.apache.hadoop.hive.ql.Executor.launchTask(Executor.java:361) ~[classes/:?]
	at org.apache.hadoop.hive.ql.Executor.launchTasks(Executor.java:334) ~[classes/:?]
	at org.apache.hadoop.hive.ql.Executor.runTasks(Executor.java:245) ~[classes/:?]
	at org.apache.hadoop.hive.ql.Executor.execute(Executor.java:108) ~[classes/:?]
	at org.apache.hadoop.hive.ql.Driver.execute(Driver.java:348) ~[classes/:?]
	at org.apache.hadoop.hive.ql.Driver.runInternal(Driver.java:204) ~[classes/:?]
	at org.apache.hadoop.hive.ql.Driver.run(Driver.java:153) ~[classes/:?]
	at org.apache.hadoop.hive.ql.Driver.run(Driver.java:148) ~[classes/:?]
	at org.apache.hadoop.hive.ql.reexec.ReExecDriver.run(ReExecDriver.java:164) ~[classes/:?]
	at org.apache.hadoop.hive.ql.reexec.ReExecDriver.run(ReExecDriver.java:230) ~[classes/:?]
	at org.apache.hive.streaming.TestStreamingDynamicPartitioning.runDDL(TestStreamingDynamicPartitioning.java:829) ~[test-classes/:?]
	at org.apache.hive.streaming.TestStreamingDynamicPartitioning.createDbAndTable(TestStreamingDynamicPartitioning.java:885) ~[test-classes/:?]
	at org.apache.hive.streaming.TestStreamingDynamicPartitioning.setup(TestStreamingDynamicPartitioning.java:155) ~[test-classes/:?]
	at sun.reflect.NativeMethodAccessorImpl.invoke0(Native Method) ~[?:1.8.0_402]
	at sun.reflect.NativeMethodAccessorImpl.invoke(NativeMethodAccessorImpl.java:62) ~[?:1.8.0_402]
	at sun.reflect.DelegatingMethodAccessorImpl.invoke(DelegatingMethodAccessorImpl.java:43) ~[?:1.8.0_402]
	at java.lang.reflect.Method.invoke(Method.java:498) ~[?:1.8.0_402]
	at org.junit.runners.model.FrameworkMethod$1.runReflectiveCall(FrameworkMethod.java:59) ~[junit-4.13.jar:4.13]
	at org.junit.internal.runners.model.ReflectiveCallable.run(ReflectiveCallable.java:12) ~[junit-4.13.jar:4.13]
	at org.junit.runners.model.FrameworkMethod.invokeExplosively(FrameworkMethod.java:56) ~[junit-4.13.jar:4.13]
	at org.junit.internal.runners.statements.RunBefores.invokeMethod(RunBefores.java:33) ~[junit-4.13.jar:4.13]
	at org.junit.internal.runners.statements.RunBefores.evaluate(RunBefores.java:24) ~[junit-4.13.jar:4.13]
	at org.junit.internal.runners.statements.RunAfters.evaluate(RunAfters.java:27) ~[junit-4.13.jar:4.13]
	at org.junit.rules.ExternalResource$1.evaluate(ExternalResource.java:54) ~[junit-4.13.jar:4.13]
	at org.junit.runners.ParentRunner$3.evaluate(ParentRunner.java:306) ~[junit-4.13.jar:4.13]
	at org.junit.runners.BlockJUnit4ClassRunner$1.evaluate(BlockJUnit4ClassRunner.java:100) ~[junit-4.13.jar:4.13]
	at org.junit.runners.ParentRunner.runLeaf(ParentRunner.java:366) ~[junit-4.13.jar:4.13]
	at org.junit.runners.BlockJUnit4ClassRunner.runChild(BlockJUnit4ClassRunner.java:103) ~[junit-4.13.jar:4.13]
	at org.junit.runners.BlockJUnit4ClassRunner.runChild(BlockJUnit4ClassRunner.java:63) ~[junit-4.13.jar:4.13]
	at org.junit.runners.ParentRunner$4.run(ParentRunner.java:331) ~[junit-4.13.jar:4.13]
	at org.junit.runners.ParentRunner$1.schedule(ParentRunner.java:79) ~[junit-4.13.jar:4.13]
	at org.junit.runners.ParentRunner.runChildren(ParentRunner.java:329) ~[junit-4.13.jar:4.13]
	at org.junit.runners.ParentRunner.access$100(ParentRunner.java:66) ~[junit-4.13.jar:4.13]
	at org.junit.runners.ParentRunner$2.evaluate(ParentRunner.java:293) ~[junit-4.13.jar:4.13]
	at org.junit.runners.ParentRunner$3.evaluate(ParentRunner.java:306) ~[junit-4.13.jar:4.13]
	at org.junit.runners.ParentRunner.run(ParentRunner.java:413) ~[junit-4.13.jar:4.13]
	at org.junit.runner.JUnitCore.run(JUnitCore.java:137) ~[junit-4.13.jar:4.13]
	at org.junit.runner.JUnitCore.run(JUnitCore.java:115) ~[junit-4.13.jar:4.13]
	at org.junit.vintage.engine.execution.RunnerExecutor.execute(RunnerExecutor.java:43) ~[junit-vintage-engine-5.6.2.jar:5.6.2]
	at java.util.stream.ForEachOps$ForEachOp$OfRef.accept(ForEachOps.java:183) ~[?:1.8.0_402]
	at java.util.stream.ReferencePipeline$3$1.accept(ReferencePipeline.java:193) ~[?:1.8.0_402]
	at java.util.Iterator.forEachRemaining(Iterator.java:116) ~[?:1.8.0_402]
	at java.util.Spliterators$IteratorSpliterator.forEachRemaining(Spliterators.java:1801) ~[?:1.8.0_402]
	at java.util.stream.AbstractPipeline.copyInto(AbstractPipeline.java:482) ~[?:1.8.0_402]
	at java.util.stream.AbstractPipeline.wrapAndCopyInto(AbstractPipeline.java:472) ~[?:1.8.0_402]
	at java.util.stream.ForEachOps$ForEachOp.evaluateSequential(ForEachOps.java:150) ~[?:1.8.0_402]
	at java.util.stream.ForEachOps$ForEachOp$OfRef.evaluateSequential(ForEachOps.java:173) ~[?:1.8.0_402]
	at java.util.stream.AbstractPipeline.evaluate(AbstractPipeline.java:234) ~[?:1.8.0_402]
	at java.util.stream.ReferencePipeline.forEach(ReferencePipeline.java:485) ~[?:1.8.0_402]
	at org.junit.vintage.engine.VintageTestEngine.executeAllChildren(VintageTestEngine.java:82) ~[junit-vintage-engine-5.6.2.jar:5.6.2]
	at org.junit.vintage.engine.VintageTestEngine.execute(VintageTestEngine.java:73) ~[junit-vintage-engine-5.6.2.jar:5.6.2]
	at org.junit.platform.launcher.core.DefaultLauncher.execute(DefaultLauncher.java:248) ~[junit-platform-launcher-1.6.2.jar:1.6.2]
	at org.junit.platform.launcher.core.DefaultLauncher.lambda$execute$5(DefaultLauncher.java:211) ~[junit-platform-launcher-1.6.2.jar:1.6.2]
	at org.junit.platform.launcher.core.DefaultLauncher.withInterceptedStreams(DefaultLauncher.java:226) [junit-platform-launcher-1.6.2.jar:1.6.2]
	at org.junit.platform.launcher.core.DefaultLauncher.execute(DefaultLauncher.java:199) [junit-platform-launcher-1.6.2.jar:1.6.2]
	at org.junit.platform.launcher.core.DefaultLauncher.execute(DefaultLauncher.java:132) [junit-platform-launcher-1.6.2.jar:1.6.2]
	at org.apache.maven.surefire.junitplatform.JUnitPlatformProvider.invokeAllTests(JUnitPlatformProvider.java:154) [surefire-junit-platform-3.0.0-M4.jar:3.0.0-M4]
	at org.apache.maven.surefire.junitplatform.JUnitPlatformProvider.invoke(JUnitPlatformProvider.java:123) [surefire-junit-platform-3.0.0-M4.jar:3.0.0-M4]
	at org.apache.maven.surefire.booter.ForkedBooter.runSuitesInProcess(ForkedBooter.java:377) [surefire-booter-3.0.0-M4.jar:3.0.0-M4]
	at org.apache.maven.surefire.booter.ForkedBooter.execute(ForkedBooter.java:138) [surefire-booter-3.0.0-M4.jar:3.0.0-M4]
	at org.apache.maven.surefire.booter.ForkedBooter.run(ForkedBooter.java:465) [surefire-booter-3.0.0-M4.jar:3.0.0-M4]
	at org.apache.maven.surefire.booter.ForkedBooter.main(ForkedBooter.java:451) [surefire-booter-3.0.0-M4.jar:3.0.0-M4]
Caused by: org.apache.hadoop.hive.metastore.api.AlreadyExistsException: Table hive.default.alerts already exists
	at org.apache.hadoop.hive.metastore.HMSHandler.create_table_core(HMSHandler.java:2339) ~[classes/:?]
	at org.apache.hadoop.hive.metastore.HMSHandler.create_table_req(HMSHandler.java:2598) ~[classes/:?]
	at sun.reflect.NativeMethodAccessorImpl.invoke0(Native Method) ~[?:1.8.0_402]
	at sun.reflect.NativeMethodAccessorImpl.invoke(NativeMethodAccessorImpl.java:62) ~[?:1.8.0_402]
	at sun.reflect.DelegatingMethodAccessorImpl.invoke(DelegatingMethodAccessorImpl.java:43) ~[?:1.8.0_402]
	at java.lang.reflect.Method.invoke(Method.java:498) ~[?:1.8.0_402]
	at org.apache.hadoop.hive.metastore.RetryingHMSHandler.invokeInternal(RetryingHMSHandler.java:147) ~[classes/:?]
	at org.apache.hadoop.hive.metastore.RetryingHMSHandler.invoke(RetryingHMSHandler.java:108) ~[classes/:?]
	at com.sun.proxy.$Proxy38.create_table_req(Unknown Source) ~[?:?]
	at org.apache.hadoop.hive.metastore.HiveMetaStoreClient.create_table_with_environment_context(HiveMetaStoreClient.java:4408) ~[classes/:?]
	at org.apache.hadoop.hive.ql.metadata.SessionHiveMetaStoreClient.create_table_with_environment_context(SessionHiveMetaStoreClient.java:182) ~[classes/:?]
	at org.apache.hadoop.hive.metastore.HiveMetaStoreClient.createTable(HiveMetaStoreClient.java:1260) ~[classes/:?]
	at org.apache.hadoop.hive.metastore.HiveMetaStoreClient.createTable(HiveMetaStoreClient.java:1245) ~[classes/:?]
	at sun.reflect.NativeMethodAccessorImpl.invoke0(Native Method) ~[?:1.8.0_402]
	at sun.reflect.NativeMethodAccessorImpl.invoke(NativeMethodAccessorImpl.java:62) ~[?:1.8.0_402]
	at sun.reflect.DelegatingMethodAccessorImpl.invoke(DelegatingMethodAccessorImpl.java:43) ~[?:1.8.0_402]
	at java.lang.reflect.Method.invoke(Method.java:498) ~[?:1.8.0_402]
	at org.apache.hadoop.hive.metastore.RetryingMetaStoreClient.invoke(RetryingMetaStoreClient.java:218) ~[classes/:?]
	at com.sun.proxy.$Proxy47.createTable(Unknown Source) ~[?:?]
	at org.apache.hadoop.hive.ql.metadata.Hive.createTable(Hive.java:1290) ~[classes/:?]
	... 68 more
2024-04-24T12:35:27,985 ERROR [main] exec.Task: DDLTask failed, DDL Operation: class org.apache.hadoop.hive.ql.ddl.table.create.CreateTableOperation
org.apache.hadoop.hive.ql.metadata.HiveException: AlreadyExistsException(message:Table hive.default.alerts already exists)
	at org.apache.hadoop.hive.ql.metadata.Hive.createTable(Hive.java:1298) ~[classes/:?]
	at org.apache.hadoop.hive.ql.metadata.Hive.createTable(Hive.java:1306) ~[classes/:?]
	at org.apache.hadoop.hive.ql.ddl.table.create.CreateTableOperation.createTableNonReplaceMode(CreateTableOperation.java:140) ~[classes/:?]
	at org.apache.hadoop.hive.ql.ddl.table.create.CreateTableOperation.execute(CreateTableOperation.java:98) ~[classes/:?]
	at org.apache.hadoop.hive.ql.ddl.DDLTask.execute(DDLTask.java:84) ~[classes/:?]
	at org.apache.hadoop.hive.ql.exec.Task.executeTask(Task.java:212) ~[classes/:?]
	at org.apache.hadoop.hive.ql.exec.TaskRunner.runSequential(TaskRunner.java:105) ~[classes/:?]
	at org.apache.hadoop.hive.ql.Executor.launchTask(Executor.java:361) ~[classes/:?]
	at org.apache.hadoop.hive.ql.Executor.launchTasks(Executor.java:334) ~[classes/:?]
	at org.apache.hadoop.hive.ql.Executor.runTasks(Executor.java:245) ~[classes/:?]
	at org.apache.hadoop.hive.ql.Executor.execute(Executor.java:108) ~[classes/:?]
	at org.apache.hadoop.hive.ql.Driver.execute(Driver.java:348) ~[classes/:?]
	at org.apache.hadoop.hive.ql.Driver.runInternal(Driver.java:204) ~[classes/:?]
	at org.apache.hadoop.hive.ql.Driver.run(Driver.java:153) ~[classes/:?]
	at org.apache.hadoop.hive.ql.Driver.run(Driver.java:148) ~[classes/:?]
	at org.apache.hadoop.hive.ql.reexec.ReExecDriver.run(ReExecDriver.java:164) ~[classes/:?]
	at org.apache.hadoop.hive.ql.reexec.ReExecDriver.run(ReExecDriver.java:230) ~[classes/:?]
	at org.apache.hive.streaming.TestStreamingDynamicPartitioning.runDDL(TestStreamingDynamicPartitioning.java:829) ~[test-classes/:?]
	at org.apache.hive.streaming.TestStreamingDynamicPartitioning.createDbAndTable(TestStreamingDynamicPartitioning.java:885) ~[test-classes/:?]
	at org.apache.hive.streaming.TestStreamingDynamicPartitioning.setup(TestStreamingDynamicPartitioning.java:155) ~[test-classes/:?]
	at sun.reflect.NativeMethodAccessorImpl.invoke0(Native Method) ~[?:1.8.0_402]
	at sun.reflect.NativeMethodAccessorImpl.invoke(NativeMethodAccessorImpl.java:62) ~[?:1.8.0_402]
	at sun.reflect.DelegatingMethodAccessorImpl.invoke(DelegatingMethodAccessorImpl.java:43) ~[?:1.8.0_402]
	at java.lang.reflect.Method.invoke(Method.java:498) ~[?:1.8.0_402]
	at org.junit.runners.model.FrameworkMethod$1.runReflectiveCall(FrameworkMethod.java:59) ~[junit-4.13.jar:4.13]
	at org.junit.internal.runners.model.ReflectiveCallable.run(ReflectiveCallable.java:12) ~[junit-4.13.jar:4.13]
	at org.junit.runners.model.FrameworkMethod.invokeExplosively(FrameworkMethod.java:56) ~[junit-4.13.jar:4.13]
	at org.junit.internal.runners.statements.RunBefores.invokeMethod(RunBefores.java:33) ~[junit-4.13.jar:4.13]
	at org.junit.internal.runners.statements.RunBefores.evaluate(RunBefores.java:24) ~[junit-4.13.jar:4.13]
	at org.junit.internal.runners.statements.RunAfters.evaluate(RunAfters.java:27) ~[junit-4.13.jar:4.13]
	at org.junit.rules.ExternalResource$1.evaluate(ExternalResource.java:54) ~[junit-4.13.jar:4.13]
	at org.junit.runners.ParentRunner$3.evaluate(ParentRunner.java:306) ~[junit-4.13.jar:4.13]
	at org.junit.runners.BlockJUnit4ClassRunner$1.evaluate(BlockJUnit4ClassRunner.java:100) ~[junit-4.13.jar:4.13]
	at org.junit.runners.ParentRunner.runLeaf(ParentRunner.java:366) ~[junit-4.13.jar:4.13]
	at org.junit.runners.BlockJUnit4ClassRunner.runChild(BlockJUnit4ClassRunner.java:103) ~[junit-4.13.jar:4.13]
	at org.junit.runners.BlockJUnit4ClassRunner.runChild(BlockJUnit4ClassRunner.java:63) ~[junit-4.13.jar:4.13]
	at org.junit.runners.ParentRunner$4.run(ParentRunner.java:331) ~[junit-4.13.jar:4.13]
	at org.junit.runners.ParentRunner$1.schedule(ParentRunner.java:79) ~[junit-4.13.jar:4.13]
	at org.junit.runners.ParentRunner.runChildren(ParentRunner.java:329) ~[junit-4.13.jar:4.13]
	at org.junit.runners.ParentRunner.access$100(ParentRunner.java:66) ~[junit-4.13.jar:4.13]
	at org.junit.runners.ParentRunner$2.evaluate(ParentRunner.java:293) ~[junit-4.13.jar:4.13]
	at org.junit.runners.ParentRunner$3.evaluate(ParentRunner.java:306) ~[junit-4.13.jar:4.13]
	at org.junit.runners.ParentRunner.run(ParentRunner.java:413) ~[junit-4.13.jar:4.13]
	at org.junit.runner.JUnitCore.run(JUnitCore.java:137) ~[junit-4.13.jar:4.13]
	at org.junit.runner.JUnitCore.run(JUnitCore.java:115) ~[junit-4.13.jar:4.13]
	at org.junit.vintage.engine.execution.RunnerExecutor.execute(RunnerExecutor.java:43) ~[junit-vintage-engine-5.6.2.jar:5.6.2]
	at java.util.stream.ForEachOps$ForEachOp$OfRef.accept(ForEachOps.java:183) ~[?:1.8.0_402]
	at java.util.stream.ReferencePipeline$3$1.accept(ReferencePipeline.java:193) ~[?:1.8.0_402]
	at java.util.Iterator.forEachRemaining(Iterator.java:116) ~[?:1.8.0_402]
	at java.util.Spliterators$IteratorSpliterator.forEachRemaining(Spliterators.java:1801) ~[?:1.8.0_402]
	at java.util.stream.AbstractPipeline.copyInto(AbstractPipeline.java:482) ~[?:1.8.0_402]
	at java.util.stream.AbstractPipeline.wrapAndCopyInto(AbstractPipeline.java:472) ~[?:1.8.0_402]
	at java.util.stream.ForEachOps$ForEachOp.evaluateSequential(ForEachOps.java:150) ~[?:1.8.0_402]
	at java.util.stream.ForEachOps$ForEachOp$OfRef.evaluateSequential(ForEachOps.java:173) ~[?:1.8.0_402]
	at java.util.stream.AbstractPipeline.evaluate(AbstractPipeline.java:234) ~[?:1.8.0_402]
	at java.util.stream.ReferencePipeline.forEach(ReferencePipeline.java:485) ~[?:1.8.0_402]
	at org.junit.vintage.engine.VintageTestEngine.executeAllChildren(VintageTestEngine.java:82) ~[junit-vintage-engine-5.6.2.jar:5.6.2]
	at org.junit.vintage.engine.VintageTestEngine.execute(VintageTestEngine.java:73) ~[junit-vintage-engine-5.6.2.jar:5.6.2]
	at org.junit.platform.launcher.core.DefaultLauncher.execute(DefaultLauncher.java:248) ~[junit-platform-launcher-1.6.2.jar:1.6.2]
	at org.junit.platform.launcher.core.DefaultLauncher.lambda$execute$5(DefaultLauncher.java:211) ~[junit-platform-launcher-1.6.2.jar:1.6.2]
	at org.junit.platform.launcher.core.DefaultLauncher.withInterceptedStreams(DefaultLauncher.java:226) [junit-platform-launcher-1.6.2.jar:1.6.2]
	at org.junit.platform.launcher.core.DefaultLauncher.execute(DefaultLauncher.java:199) [junit-platform-launcher-1.6.2.jar:1.6.2]
	at org.junit.platform.launcher.core.DefaultLauncher.execute(DefaultLauncher.java:132) [junit-platform-launcher-1.6.2.jar:1.6.2]
	at org.apache.maven.surefire.junitplatform.JUnitPlatformProvider.invokeAllTests(JUnitPlatformProvider.java:154) [surefire-junit-platform-3.0.0-M4.jar:3.0.0-M4]
	at org.apache.maven.surefire.junitplatform.JUnitPlatformProvider.invoke(JUnitPlatformProvider.java:123) [surefire-junit-platform-3.0.0-M4.jar:3.0.0-M4]
	at org.apache.maven.surefire.booter.ForkedBooter.runSuitesInProcess(ForkedBooter.java:377) [surefire-booter-3.0.0-M4.jar:3.0.0-M4]
	at org.apache.maven.surefire.booter.ForkedBooter.execute(ForkedBooter.java:138) [surefire-booter-3.0.0-M4.jar:3.0.0-M4]
	at org.apache.maven.surefire.booter.ForkedBooter.run(ForkedBooter.java:465) [surefire-booter-3.0.0-M4.jar:3.0.0-M4]
	at org.apache.maven.surefire.booter.ForkedBooter.main(ForkedBooter.java:451) [surefire-booter-3.0.0-M4.jar:3.0.0-M4]
Caused by: org.apache.hadoop.hive.metastore.api.AlreadyExistsException: Table hive.default.alerts already exists
	at org.apache.hadoop.hive.metastore.HMSHandler.create_table_core(HMSHandler.java:2339) ~[classes/:?]
	at org.apache.hadoop.hive.metastore.HMSHandler.create_table_req(HMSHandler.java:2598) ~[classes/:?]
	at sun.reflect.NativeMethodAccessorImpl.invoke0(Native Method) ~[?:1.8.0_402]
	at sun.reflect.NativeMethodAccessorImpl.invoke(NativeMethodAccessorImpl.java:62) ~[?:1.8.0_402]
	at sun.reflect.DelegatingMethodAccessorImpl.invoke(DelegatingMethodAccessorImpl.java:43) ~[?:1.8.0_402]
	at java.lang.reflect.Method.invoke(Method.java:498) ~[?:1.8.0_402]
	at org.apache.hadoop.hive.metastore.RetryingHMSHandler.invokeInternal(RetryingHMSHandler.java:147) ~[classes/:?]
	at org.apache.hadoop.hive.metastore.RetryingHMSHandler.invoke(RetryingHMSHandler.java:108) ~[classes/:?]
	at com.sun.proxy.$Proxy38.create_table_req(Unknown Source) ~[?:?]
	at org.apache.hadoop.hive.metastore.HiveMetaStoreClient.create_table_with_environment_context(HiveMetaStoreClient.java:4408) ~[classes/:?]
	at org.apache.hadoop.hive.ql.metadata.SessionHiveMetaStoreClient.create_table_with_environment_context(SessionHiveMetaStoreClient.java:182) ~[classes/:?]
	at org.apache.hadoop.hive.metastore.HiveMetaStoreClient.createTable(HiveMetaStoreClient.java:1260) ~[classes/:?]
	at org.apache.hadoop.hive.metastore.HiveMetaStoreClient.createTable(HiveMetaStoreClient.java:1245) ~[classes/:?]
	at sun.reflect.NativeMethodAccessorImpl.invoke0(Native Method) ~[?:1.8.0_402]
	at sun.reflect.NativeMethodAccessorImpl.invoke(NativeMethodAccessorImpl.java:62) ~[?:1.8.0_402]
	at sun.reflect.DelegatingMethodAccessorImpl.invoke(DelegatingMethodAccessorImpl.java:43) ~[?:1.8.0_402]
	at java.lang.reflect.Method.invoke(Method.java:498) ~[?:1.8.0_402]
	at org.apache.hadoop.hive.metastore.RetryingMetaStoreClient.invoke(RetryingMetaStoreClient.java:218) ~[classes/:?]
	at com.sun.proxy.$Proxy47.createTable(Unknown Source) ~[?:?]
	at org.apache.hadoop.hive.ql.metadata.Hive.createTable(Hive.java:1290) ~[classes/:?]
	... 68 more
2024-04-24T12:35:27,986  INFO [main] reexec.ReOptimizePlugin: ReOptimization: retryPossible: false
2024-04-24T12:35:27,986  INFO [main] reexec.ReExecuteLostAMQueryPlugin: Got exception message: AlreadyExistsException(message:Table hive.default.alerts already exists) retryPossible: false
2024-04-24T12:35:27,986  INFO [main] reexec.ReExecutionDagSubmitPlugin: Got exception message: AlreadyExistsException(message:Table hive.default.alerts already exists) retryPossible: false
FAILED: Execution Error, return code 40000 from org.apache.hadoop.hive.ql.ddl.DDLTask. AlreadyExistsException(message:Table hive.default.alerts already exists)
2024-04-24T12:35:27,986 ERROR [main] ql.Driver: FAILED: Execution Error, return code 40000 from org.apache.hadoop.hive.ql.ddl.DDLTask. AlreadyExistsException(message:Table hive.default.alerts already exists)
2024-04-24T12:35:27,986  INFO [main] metadata.Hive: Dumping metastore api call timing information for : execution phase
2024-04-24T12:35:27,987  INFO [main] metadata.Hive: Total time spent in each metastore function (ms): {isCompatibleWith_(Configuration)=0}
2024-04-24T12:35:27,987  INFO [main] ql.Driver: Completed executing command(queryId=alex_20240424123527_62756599-6aa2-4ba1-8025-fe2ce2cd35f9); Time taken: 0.014 seconds
2024-04-24T12:35:27,987  INFO [main] lockmgr.DbTxnManager: Stopped heartbeat for query: alex_20240424123527_62756599-6aa2-4ba1-8025-fe2ce2cd35f9
2024-04-24T12:35:27,987  INFO [main] txn.TxnHandler: Removed transactions: ([2]) from MIN_HISTORY_LEVEL
2024-04-24T12:35:27,990 ERROR [main] streaming.TestStreamingDynamicPartitioning: Statement: create table alerts ( id int,msg string ) partitioned by (Continent string,Country string ) clustered by ( id ) into 1 buckets  stored as orc  location 'raw:///home/alex/Repositories/hive/streaming/target/tmp/junit274955498076923085/testing.db/alerts' TBLPROPERTIES ('transactional'='true')  failed: (responseCode = 40000, errorMessage = FAILED: Execution Error, return code 40000 from org.apache.hadoop.hive.ql.ddl.DDLTask. AlreadyExistsException(message:Table hive.default.alerts already exists), hiveErrorCode = 40000, SQLState = 08S01, exception = AlreadyExistsException(message:Table hive.default.alerts already exists))
2024-04-24T12:35:27,990  INFO [main] HiveMetaStore.audit: ugi=alex	ip=unknown-ip-addr	cmd=get_table_names_by_filter: db = @hive#testing2, filter = 	
2024-04-24T12:35:27,992  INFO [main] HiveMetaStore.audit: ugi=alex	ip=unknown-ip-addr	cmd=get_database: testing2	
2024-04-24T12:35:27,993  INFO [main] ql.Driver: Compiling command(queryId=alex_20240424123527_62756599-6aa2-4ba1-8025-fe2ce2cd35f9): create database IF NOT EXISTS testing5 location 'raw:///home/alex/Repositories/hive/streaming/target/tmp/junit7575126630259734725/testing5.db'
2024-04-24T12:35:27,995  INFO [main] txn.TxnHandler: Added entries to MIN_HISTORY_LEVEL for current txns: ([3]) with min_open_txn: 1
2024-04-24T12:35:27,995  INFO [main] lockmgr.DbTxnManager: Opened txnid:3
2024-04-24T12:35:27,996  INFO [main] ql.Driver: Semantic Analysis Completed (retrial = false)
2024-04-24T12:35:27,996  INFO [main] ql.Driver: Created Hive schema: Schema(fieldSchemas:null, properties:null)
2024-04-24T12:35:27,996  INFO [main] metadata.Hive: Dumping metastore api call timing information for : compilation phase
2024-04-24T12:35:27,996  INFO [main] metadata.Hive: Total time spent in each metastore function (ms): {openTxn_(String, TxnType)=1, rollbackTxn_(long)=3, getValidTxns_(long)=1, flushCache_()=0, isCompatibleWith_(Configuration)=0}
2024-04-24T12:35:27,996  INFO [main] ql.Driver: Completed compiling command(queryId=alex_20240424123527_62756599-6aa2-4ba1-8025-fe2ce2cd35f9); Time taken: 0.003 seconds
2024-04-24T12:35:27,996  INFO [main] reexec.ReExecDriver: Execution #1 of query
2024-04-24T12:35:27,997  INFO [main] lockmgr.DbTxnManager: Setting lock request transaction to txnid:3 for queryId=alex_20240424123527_62756599-6aa2-4ba1-8025-fe2ce2cd35f9
2024-04-24T12:35:27,997  INFO [main] ql.Driver: Operation CREATEDATABASE obtained 0 locks
2024-04-24T12:35:27,997  INFO [main] ql.Driver: Executing command(queryId=alex_20240424123527_62756599-6aa2-4ba1-8025-fe2ce2cd35f9): create database IF NOT EXISTS testing5 location 'raw:///home/alex/Repositories/hive/streaming/target/tmp/junit7575126630259734725/testing5.db'
PREHOOK: query: create database IF NOT EXISTS testing5 location 'raw:///home/alex/Repositories/hive/streaming/target/tmp/junit7575126630259734725/testing5.db'
2024-04-24T12:35:27,997  INFO [main] SessionState: PREHOOK: query: create database IF NOT EXISTS testing5 location 'raw:///home/alex/Repositories/hive/streaming/target/tmp/junit7575126630259734725/testing5.db'
PREHOOK: type: CREATEDATABASE
2024-04-24T12:35:27,997  INFO [main] SessionState: PREHOOK: type: CREATEDATABASE
PREHOOK: Output: database:testing5
2024-04-24T12:35:27,997  INFO [main] SessionState: PREHOOK: Output: database:testing5
PREHOOK: Output: raw:/home/alex/Repositories/hive/streaming/target/tmp/junit7575126630259734725/testing5.db
2024-04-24T12:35:27,997  INFO [main] SessionState: PREHOOK: Output: raw:/home/alex/Repositories/hive/streaming/target/tmp/junit7575126630259734725/testing5.db
2024-04-24T12:35:27,997  INFO [main] ql.Driver: Starting task [Stage-0:DDL] in serial mode
2024-04-24T12:35:27,997  INFO [main] HiveMetaStore.audit: ugi=alex	ip=unknown-ip-addr	cmd=create_database: Database(name:testing5, description:null, locationUri:raw:/home/alex/Repositories/hive/streaming/target/tmp/junit7575126630259734725/testing5.db, parameters:null, ownerName:alex, ownerType:USER, catalogName:hive, managedLocationUri:pfile:/home/alex/Repositories/hive/streaming/target/warehouse/testing5.db, type:NATIVE)	
2024-04-24T12:35:28,003 ERROR [main] metastore.RetryingHMSHandler: MetaException(message:Unable to create database managed directory pfile:/home/alex/Repositories/hive/streaming/target/warehouse/testing5.db, failed to create database testing5)
	at org.apache.hadoop.hive.metastore.HMSHandler.create_database_core(HMSHandler.java:1366)
	at org.apache.hadoop.hive.metastore.HMSHandler.create_database(HMSHandler.java:1486)
	at sun.reflect.GeneratedMethodAccessor93.invoke(Unknown Source)
	at sun.reflect.DelegatingMethodAccessorImpl.invoke(DelegatingMethodAccessorImpl.java:43)
	at java.lang.reflect.Method.invoke(Method.java:498)
	at org.apache.hadoop.hive.metastore.RetryingHMSHandler.invokeInternal(RetryingHMSHandler.java:147)
	at org.apache.hadoop.hive.metastore.RetryingHMSHandler.invoke(RetryingHMSHandler.java:108)
	at com.sun.proxy.$Proxy38.create_database(Unknown Source)
	at org.apache.hadoop.hive.metastore.HiveMetaStoreClient.createDatabase(HiveMetaStoreClient.java:1151)
	at sun.reflect.GeneratedMethodAccessor92.invoke(Unknown Source)
	at sun.reflect.DelegatingMethodAccessorImpl.invoke(DelegatingMethodAccessorImpl.java:43)
	at java.lang.reflect.Method.invoke(Method.java:498)
	at org.apache.hadoop.hive.metastore.RetryingMetaStoreClient.invoke(RetryingMetaStoreClient.java:218)
	at com.sun.proxy.$Proxy47.createDatabase(Unknown Source)
	at org.apache.hadoop.hive.ql.metadata.Hive.createDatabase(Hive.java:605)
	at org.apache.hadoop.hive.ql.ddl.database.create.CreateDatabaseOperation.execute(CreateDatabaseOperation.java:68)
	at org.apache.hadoop.hive.ql.ddl.DDLTask.execute(DDLTask.java:84)
	at org.apache.hadoop.hive.ql.exec.Task.executeTask(Task.java:212)
	at org.apache.hadoop.hive.ql.exec.TaskRunner.runSequential(TaskRunner.java:105)
	at org.apache.hadoop.hive.ql.Executor.launchTask(Executor.java:361)
	at org.apache.hadoop.hive.ql.Executor.launchTasks(Executor.java:334)
	at org.apache.hadoop.hive.ql.Executor.runTasks(Executor.java:245)
	at org.apache.hadoop.hive.ql.Executor.execute(Executor.java:108)
	at org.apache.hadoop.hive.ql.Driver.execute(Driver.java:348)
	at org.apache.hadoop.hive.ql.Driver.runInternal(Driver.java:204)
	at org.apache.hadoop.hive.ql.Driver.run(Driver.java:153)
	at org.apache.hadoop.hive.ql.Driver.run(Driver.java:148)
	at org.apache.hadoop.hive.ql.reexec.ReExecDriver.run(ReExecDriver.java:164)
	at org.apache.hadoop.hive.ql.reexec.ReExecDriver.run(ReExecDriver.java:230)
	at org.apache.hive.streaming.TestStreamingDynamicPartitioning.runDDL(TestStreamingDynamicPartitioning.java:829)
	at org.apache.hive.streaming.TestStreamingDynamicPartitioning.createStoreSales(TestStreamingDynamicPartitioning.java:177)
	at org.apache.hive.streaming.TestStreamingDynamicPartitioning.setup(TestStreamingDynamicPartitioning.java:160)
	at sun.reflect.NativeMethodAccessorImpl.invoke0(Native Method)
	at sun.reflect.NativeMethodAccessorImpl.invoke(NativeMethodAccessorImpl.java:62)
	at sun.reflect.DelegatingMethodAccessorImpl.invoke(DelegatingMethodAccessorImpl.java:43)
	at java.lang.reflect.Method.invoke(Method.java:498)
	at org.junit.runners.model.FrameworkMethod$1.runReflectiveCall(FrameworkMethod.java:59)
	at org.junit.internal.runners.model.ReflectiveCallable.run(ReflectiveCallable.java:12)
	at org.junit.runners.model.FrameworkMethod.invokeExplosively(FrameworkMethod.java:56)
	at org.junit.internal.runners.statements.RunBefores.invokeMethod(RunBefores.java:33)
	at org.junit.internal.runners.statements.RunBefores.evaluate(RunBefores.java:24)
	at org.junit.internal.runners.statements.RunAfters.evaluate(RunAfters.java:27)
	at org.junit.rules.ExternalResource$1.evaluate(ExternalResource.java:54)
	at org.junit.runners.ParentRunner$3.evaluate(ParentRunner.java:306)
	at org.junit.runners.BlockJUnit4ClassRunner$1.evaluate(BlockJUnit4ClassRunner.java:100)
	at org.junit.runners.ParentRunner.runLeaf(ParentRunner.java:366)
	at org.junit.runners.BlockJUnit4ClassRunner.runChild(BlockJUnit4ClassRunner.java:103)
	at org.junit.runners.BlockJUnit4ClassRunner.runChild(BlockJUnit4ClassRunner.java:63)
	at org.junit.runners.ParentRunner$4.run(ParentRunner.java:331)
	at org.junit.runners.ParentRunner$1.schedule(ParentRunner.java:79)
	at org.junit.runners.ParentRunner.runChildren(ParentRunner.java:329)
	at org.junit.runners.ParentRunner.access$100(ParentRunner.java:66)
	at org.junit.runners.ParentRunner$2.evaluate(ParentRunner.java:293)
	at org.junit.runners.ParentRunner$3.evaluate(ParentRunner.java:306)
	at org.junit.runners.ParentRunner.run(ParentRunner.java:413)
	at org.junit.runner.JUnitCore.run(JUnitCore.java:137)
	at org.junit.runner.JUnitCore.run(JUnitCore.java:115)
	at org.junit.vintage.engine.execution.RunnerExecutor.execute(RunnerExecutor.java:43)
	at java.util.stream.ForEachOps$ForEachOp$OfRef.accept(ForEachOps.java:183)
	at java.util.stream.ReferencePipeline$3$1.accept(ReferencePipeline.java:193)
	at java.util.Iterator.forEachRemaining(Iterator.java:116)
	at java.util.Spliterators$IteratorSpliterator.forEachRemaining(Spliterators.java:1801)
	at java.util.stream.AbstractPipeline.copyInto(AbstractPipeline.java:482)
	at java.util.stream.AbstractPipeline.wrapAndCopyInto(AbstractPipeline.java:472)
	at java.util.stream.ForEachOps$ForEachOp.evaluateSequential(ForEachOps.java:150)
	at java.util.stream.ForEachOps$ForEachOp$OfRef.evaluateSequential(ForEachOps.java:173)
	at java.util.stream.AbstractPipeline.evaluate(AbstractPipeline.java:234)
	at java.util.stream.ReferencePipeline.forEach(ReferencePipeline.java:485)
	at org.junit.vintage.engine.VintageTestEngine.executeAllChildren(VintageTestEngine.java:82)
	at org.junit.vintage.engine.VintageTestEngine.execute(VintageTestEngine.java:73)
	at org.junit.platform.launcher.core.DefaultLauncher.execute(DefaultLauncher.java:248)
	at org.junit.platform.launcher.core.DefaultLauncher.lambda$execute$5(DefaultLauncher.java:211)
	at org.junit.platform.launcher.core.DefaultLauncher.withInterceptedStreams(DefaultLauncher.java:226)
	at org.junit.platform.launcher.core.DefaultLauncher.execute(DefaultLauncher.java:199)
	at org.junit.platform.launcher.core.DefaultLauncher.execute(DefaultLauncher.java:132)
	at org.apache.maven.surefire.junitplatform.JUnitPlatformProvider.invokeAllTests(JUnitPlatformProvider.java:154)
	at org.apache.maven.surefire.junitplatform.JUnitPlatformProvider.invoke(JUnitPlatformProvider.java:123)
	at org.apache.maven.surefire.booter.ForkedBooter.runSuitesInProcess(ForkedBooter.java:377)
	at org.apache.maven.surefire.booter.ForkedBooter.execute(ForkedBooter.java:138)
	at org.apache.maven.surefire.booter.ForkedBooter.run(ForkedBooter.java:465)
	at org.apache.maven.surefire.booter.ForkedBooter.main(ForkedBooter.java:451)

2024-04-24T12:35:28,003 ERROR [main] exec.Task: Failed
org.apache.hadoop.hive.ql.metadata.HiveException: MetaException(message:Unable to create database managed directory pfile:/home/alex/Repositories/hive/streaming/target/warehouse/testing5.db, failed to create database testing5)
	at org.apache.hadoop.hive.ql.metadata.Hive.createDatabase(Hive.java:611) ~[classes/:?]
	at org.apache.hadoop.hive.ql.ddl.database.create.CreateDatabaseOperation.execute(CreateDatabaseOperation.java:68) ~[classes/:?]
	at org.apache.hadoop.hive.ql.ddl.DDLTask.execute(DDLTask.java:84) ~[classes/:?]
	at org.apache.hadoop.hive.ql.exec.Task.executeTask(Task.java:212) ~[classes/:?]
	at org.apache.hadoop.hive.ql.exec.TaskRunner.runSequential(TaskRunner.java:105) ~[classes/:?]
	at org.apache.hadoop.hive.ql.Executor.launchTask(Executor.java:361) ~[classes/:?]
	at org.apache.hadoop.hive.ql.Executor.launchTasks(Executor.java:334) ~[classes/:?]
	at org.apache.hadoop.hive.ql.Executor.runTasks(Executor.java:245) ~[classes/:?]
	at org.apache.hadoop.hive.ql.Executor.execute(Executor.java:108) ~[classes/:?]
	at org.apache.hadoop.hive.ql.Driver.execute(Driver.java:348) ~[classes/:?]
	at org.apache.hadoop.hive.ql.Driver.runInternal(Driver.java:204) ~[classes/:?]
	at org.apache.hadoop.hive.ql.Driver.run(Driver.java:153) ~[classes/:?]
	at org.apache.hadoop.hive.ql.Driver.run(Driver.java:148) ~[classes/:?]
	at org.apache.hadoop.hive.ql.reexec.ReExecDriver.run(ReExecDriver.java:164) ~[classes/:?]
	at org.apache.hadoop.hive.ql.reexec.ReExecDriver.run(ReExecDriver.java:230) ~[classes/:?]
	at org.apache.hive.streaming.TestStreamingDynamicPartitioning.runDDL(TestStreamingDynamicPartitioning.java:829) ~[test-classes/:?]
	at org.apache.hive.streaming.TestStreamingDynamicPartitioning.createStoreSales(TestStreamingDynamicPartitioning.java:177) ~[test-classes/:?]
	at org.apache.hive.streaming.TestStreamingDynamicPartitioning.setup(TestStreamingDynamicPartitioning.java:160) ~[test-classes/:?]
	at sun.reflect.NativeMethodAccessorImpl.invoke0(Native Method) ~[?:1.8.0_402]
	at sun.reflect.NativeMethodAccessorImpl.invoke(NativeMethodAccessorImpl.java:62) ~[?:1.8.0_402]
	at sun.reflect.DelegatingMethodAccessorImpl.invoke(DelegatingMethodAccessorImpl.java:43) ~[?:1.8.0_402]
	at java.lang.reflect.Method.invoke(Method.java:498) ~[?:1.8.0_402]
	at org.junit.runners.model.FrameworkMethod$1.runReflectiveCall(FrameworkMethod.java:59) ~[junit-4.13.jar:4.13]
	at org.junit.internal.runners.model.ReflectiveCallable.run(ReflectiveCallable.java:12) ~[junit-4.13.jar:4.13]
	at org.junit.runners.model.FrameworkMethod.invokeExplosively(FrameworkMethod.java:56) ~[junit-4.13.jar:4.13]
	at org.junit.internal.runners.statements.RunBefores.invokeMethod(RunBefores.java:33) ~[junit-4.13.jar:4.13]
	at org.junit.internal.runners.statements.RunBefores.evaluate(RunBefores.java:24) ~[junit-4.13.jar:4.13]
	at org.junit.internal.runners.statements.RunAfters.evaluate(RunAfters.java:27) ~[junit-4.13.jar:4.13]
	at org.junit.rules.ExternalResource$1.evaluate(ExternalResource.java:54) ~[junit-4.13.jar:4.13]
	at org.junit.runners.ParentRunner$3.evaluate(ParentRunner.java:306) ~[junit-4.13.jar:4.13]
	at org.junit.runners.BlockJUnit4ClassRunner$1.evaluate(BlockJUnit4ClassRunner.java:100) ~[junit-4.13.jar:4.13]
	at org.junit.runners.ParentRunner.runLeaf(ParentRunner.java:366) ~[junit-4.13.jar:4.13]
	at org.junit.runners.BlockJUnit4ClassRunner.runChild(BlockJUnit4ClassRunner.java:103) ~[junit-4.13.jar:4.13]
	at org.junit.runners.BlockJUnit4ClassRunner.runChild(BlockJUnit4ClassRunner.java:63) ~[junit-4.13.jar:4.13]
	at org.junit.runners.ParentRunner$4.run(ParentRunner.java:331) ~[junit-4.13.jar:4.13]
	at org.junit.runners.ParentRunner$1.schedule(ParentRunner.java:79) ~[junit-4.13.jar:4.13]
	at org.junit.runners.ParentRunner.runChildren(ParentRunner.java:329) ~[junit-4.13.jar:4.13]
	at org.junit.runners.ParentRunner.access$100(ParentRunner.java:66) ~[junit-4.13.jar:4.13]
	at org.junit.runners.ParentRunner$2.evaluate(ParentRunner.java:293) ~[junit-4.13.jar:4.13]
	at org.junit.runners.ParentRunner$3.evaluate(ParentRunner.java:306) ~[junit-4.13.jar:4.13]
	at org.junit.runners.ParentRunner.run(ParentRunner.java:413) ~[junit-4.13.jar:4.13]
	at org.junit.runner.JUnitCore.run(JUnitCore.java:137) ~[junit-4.13.jar:4.13]
	at org.junit.runner.JUnitCore.run(JUnitCore.java:115) ~[junit-4.13.jar:4.13]
	at org.junit.vintage.engine.execution.RunnerExecutor.execute(RunnerExecutor.java:43) ~[junit-vintage-engine-5.6.2.jar:5.6.2]
	at java.util.stream.ForEachOps$ForEachOp$OfRef.accept(ForEachOps.java:183) ~[?:1.8.0_402]
	at java.util.stream.ReferencePipeline$3$1.accept(ReferencePipeline.java:193) ~[?:1.8.0_402]
	at java.util.Iterator.forEachRemaining(Iterator.java:116) ~[?:1.8.0_402]
	at java.util.Spliterators$IteratorSpliterator.forEachRemaining(Spliterators.java:1801) ~[?:1.8.0_402]
	at java.util.stream.AbstractPipeline.copyInto(AbstractPipeline.java:482) ~[?:1.8.0_402]
	at java.util.stream.AbstractPipeline.wrapAndCopyInto(AbstractPipeline.java:472) ~[?:1.8.0_402]
	at java.util.stream.ForEachOps$ForEachOp.evaluateSequential(ForEachOps.java:150) ~[?:1.8.0_402]
	at java.util.stream.ForEachOps$ForEachOp$OfRef.evaluateSequential(ForEachOps.java:173) ~[?:1.8.0_402]
	at java.util.stream.AbstractPipeline.evaluate(AbstractPipeline.java:234) ~[?:1.8.0_402]
	at java.util.stream.ReferencePipeline.forEach(ReferencePipeline.java:485) ~[?:1.8.0_402]
	at org.junit.vintage.engine.VintageTestEngine.executeAllChildren(VintageTestEngine.java:82) ~[junit-vintage-engine-5.6.2.jar:5.6.2]
	at org.junit.vintage.engine.VintageTestEngine.execute(VintageTestEngine.java:73) ~[junit-vintage-engine-5.6.2.jar:5.6.2]
	at org.junit.platform.launcher.core.DefaultLauncher.execute(DefaultLauncher.java:248) ~[junit-platform-launcher-1.6.2.jar:1.6.2]
	at org.junit.platform.launcher.core.DefaultLauncher.lambda$execute$5(DefaultLauncher.java:211) ~[junit-platform-launcher-1.6.2.jar:1.6.2]
	at org.junit.platform.launcher.core.DefaultLauncher.withInterceptedStreams(DefaultLauncher.java:226) [junit-platform-launcher-1.6.2.jar:1.6.2]
	at org.junit.platform.launcher.core.DefaultLauncher.execute(DefaultLauncher.java:199) [junit-platform-launcher-1.6.2.jar:1.6.2]
	at org.junit.platform.launcher.core.DefaultLauncher.execute(DefaultLauncher.java:132) [junit-platform-launcher-1.6.2.jar:1.6.2]
	at org.apache.maven.surefire.junitplatform.JUnitPlatformProvider.invokeAllTests(JUnitPlatformProvider.java:154) [surefire-junit-platform-3.0.0-M4.jar:3.0.0-M4]
	at org.apache.maven.surefire.junitplatform.JUnitPlatformProvider.invoke(JUnitPlatformProvider.java:123) [surefire-junit-platform-3.0.0-M4.jar:3.0.0-M4]
	at org.apache.maven.surefire.booter.ForkedBooter.runSuitesInProcess(ForkedBooter.java:377) [surefire-booter-3.0.0-M4.jar:3.0.0-M4]
	at org.apache.maven.surefire.booter.ForkedBooter.execute(ForkedBooter.java:138) [surefire-booter-3.0.0-M4.jar:3.0.0-M4]
	at org.apache.maven.surefire.booter.ForkedBooter.run(ForkedBooter.java:465) [surefire-booter-3.0.0-M4.jar:3.0.0-M4]
	at org.apache.maven.surefire.booter.ForkedBooter.main(ForkedBooter.java:451) [surefire-booter-3.0.0-M4.jar:3.0.0-M4]
Caused by: org.apache.hadoop.hive.metastore.api.MetaException: Unable to create database managed directory pfile:/home/alex/Repositories/hive/streaming/target/warehouse/testing5.db, failed to create database testing5
	at org.apache.hadoop.hive.metastore.HMSHandler.create_database_core(HMSHandler.java:1366) ~[classes/:?]
	at org.apache.hadoop.hive.metastore.HMSHandler.create_database(HMSHandler.java:1486) ~[classes/:?]
	at sun.reflect.GeneratedMethodAccessor93.invoke(Unknown Source) ~[?:?]
	at sun.reflect.DelegatingMethodAccessorImpl.invoke(DelegatingMethodAccessorImpl.java:43) ~[?:1.8.0_402]
	at java.lang.reflect.Method.invoke(Method.java:498) ~[?:1.8.0_402]
	at org.apache.hadoop.hive.metastore.RetryingHMSHandler.invokeInternal(RetryingHMSHandler.java:147) ~[classes/:?]
	at org.apache.hadoop.hive.metastore.RetryingHMSHandler.invoke(RetryingHMSHandler.java:108) ~[classes/:?]
	at com.sun.proxy.$Proxy38.create_database(Unknown Source) ~[?:?]
	at org.apache.hadoop.hive.metastore.HiveMetaStoreClient.createDatabase(HiveMetaStoreClient.java:1151) ~[classes/:?]
	at sun.reflect.GeneratedMethodAccessor92.invoke(Unknown Source) ~[?:?]
	at sun.reflect.DelegatingMethodAccessorImpl.invoke(DelegatingMethodAccessorImpl.java:43) ~[?:1.8.0_402]
	at java.lang.reflect.Method.invoke(Method.java:498) ~[?:1.8.0_402]
	at org.apache.hadoop.hive.metastore.RetryingMetaStoreClient.invoke(RetryingMetaStoreClient.java:218) ~[classes/:?]
	at com.sun.proxy.$Proxy47.createDatabase(Unknown Source) ~[?:?]
	at org.apache.hadoop.hive.ql.metadata.Hive.createDatabase(Hive.java:605) ~[classes/:?]
	... 66 more
2024-04-24T12:35:28,006 ERROR [main] exec.Task: DDLTask failed, DDL Operation: class org.apache.hadoop.hive.ql.ddl.database.create.CreateDatabaseOperation
org.apache.hadoop.hive.ql.metadata.HiveException: MetaException(message:Unable to create database managed directory pfile:/home/alex/Repositories/hive/streaming/target/warehouse/testing5.db, failed to create database testing5)
	at org.apache.hadoop.hive.ql.metadata.Hive.createDatabase(Hive.java:611) ~[classes/:?]
	at org.apache.hadoop.hive.ql.ddl.database.create.CreateDatabaseOperation.execute(CreateDatabaseOperation.java:68) ~[classes/:?]
	at org.apache.hadoop.hive.ql.ddl.DDLTask.execute(DDLTask.java:84) ~[classes/:?]
	at org.apache.hadoop.hive.ql.exec.Task.executeTask(Task.java:212) ~[classes/:?]
	at org.apache.hadoop.hive.ql.exec.TaskRunner.runSequential(TaskRunner.java:105) ~[classes/:?]
	at org.apache.hadoop.hive.ql.Executor.launchTask(Executor.java:361) ~[classes/:?]
	at org.apache.hadoop.hive.ql.Executor.launchTasks(Executor.java:334) ~[classes/:?]
	at org.apache.hadoop.hive.ql.Executor.runTasks(Executor.java:245) ~[classes/:?]
	at org.apache.hadoop.hive.ql.Executor.execute(Executor.java:108) ~[classes/:?]
	at org.apache.hadoop.hive.ql.Driver.execute(Driver.java:348) ~[classes/:?]
	at org.apache.hadoop.hive.ql.Driver.runInternal(Driver.java:204) ~[classes/:?]
	at org.apache.hadoop.hive.ql.Driver.run(Driver.java:153) ~[classes/:?]
	at org.apache.hadoop.hive.ql.Driver.run(Driver.java:148) ~[classes/:?]
	at org.apache.hadoop.hive.ql.reexec.ReExecDriver.run(ReExecDriver.java:164) ~[classes/:?]
	at org.apache.hadoop.hive.ql.reexec.ReExecDriver.run(ReExecDriver.java:230) ~[classes/:?]
	at org.apache.hive.streaming.TestStreamingDynamicPartitioning.runDDL(TestStreamingDynamicPartitioning.java:829) ~[test-classes/:?]
	at org.apache.hive.streaming.TestStreamingDynamicPartitioning.createStoreSales(TestStreamingDynamicPartitioning.java:177) ~[test-classes/:?]
	at org.apache.hive.streaming.TestStreamingDynamicPartitioning.setup(TestStreamingDynamicPartitioning.java:160) ~[test-classes/:?]
	at sun.reflect.NativeMethodAccessorImpl.invoke0(Native Method) ~[?:1.8.0_402]
	at sun.reflect.NativeMethodAccessorImpl.invoke(NativeMethodAccessorImpl.java:62) ~[?:1.8.0_402]
	at sun.reflect.DelegatingMethodAccessorImpl.invoke(DelegatingMethodAccessorImpl.java:43) ~[?:1.8.0_402]
	at java.lang.reflect.Method.invoke(Method.java:498) ~[?:1.8.0_402]
	at org.junit.runners.model.FrameworkMethod$1.runReflectiveCall(FrameworkMethod.java:59) ~[junit-4.13.jar:4.13]
	at org.junit.internal.runners.model.ReflectiveCallable.run(ReflectiveCallable.java:12) ~[junit-4.13.jar:4.13]
	at org.junit.runners.model.FrameworkMethod.invokeExplosively(FrameworkMethod.java:56) ~[junit-4.13.jar:4.13]
	at org.junit.internal.runners.statements.RunBefores.invokeMethod(RunBefores.java:33) ~[junit-4.13.jar:4.13]
	at org.junit.internal.runners.statements.RunBefores.evaluate(RunBefores.java:24) ~[junit-4.13.jar:4.13]
	at org.junit.internal.runners.statements.RunAfters.evaluate(RunAfters.java:27) ~[junit-4.13.jar:4.13]
	at org.junit.rules.ExternalResource$1.evaluate(ExternalResource.java:54) ~[junit-4.13.jar:4.13]
	at org.junit.runners.ParentRunner$3.evaluate(ParentRunner.java:306) ~[junit-4.13.jar:4.13]
	at org.junit.runners.BlockJUnit4ClassRunner$1.evaluate(BlockJUnit4ClassRunner.java:100) ~[junit-4.13.jar:4.13]
	at org.junit.runners.ParentRunner.runLeaf(ParentRunner.java:366) ~[junit-4.13.jar:4.13]
	at org.junit.runners.BlockJUnit4ClassRunner.runChild(BlockJUnit4ClassRunner.java:103) ~[junit-4.13.jar:4.13]
	at org.junit.runners.BlockJUnit4ClassRunner.runChild(BlockJUnit4ClassRunner.java:63) ~[junit-4.13.jar:4.13]
	at org.junit.runners.ParentRunner$4.run(ParentRunner.java:331) ~[junit-4.13.jar:4.13]
	at org.junit.runners.ParentRunner$1.schedule(ParentRunner.java:79) ~[junit-4.13.jar:4.13]
	at org.junit.runners.ParentRunner.runChildren(ParentRunner.java:329) ~[junit-4.13.jar:4.13]
	at org.junit.runners.ParentRunner.access$100(ParentRunner.java:66) ~[junit-4.13.jar:4.13]
	at org.junit.runners.ParentRunner$2.evaluate(ParentRunner.java:293) ~[junit-4.13.jar:4.13]
	at org.junit.runners.ParentRunner$3.evaluate(ParentRunner.java:306) ~[junit-4.13.jar:4.13]
	at org.junit.runners.ParentRunner.run(ParentRunner.java:413) ~[junit-4.13.jar:4.13]
	at org.junit.runner.JUnitCore.run(JUnitCore.java:137) ~[junit-4.13.jar:4.13]
	at org.junit.runner.JUnitCore.run(JUnitCore.java:115) ~[junit-4.13.jar:4.13]
	at org.junit.vintage.engine.execution.RunnerExecutor.execute(RunnerExecutor.java:43) ~[junit-vintage-engine-5.6.2.jar:5.6.2]
	at java.util.stream.ForEachOps$ForEachOp$OfRef.accept(ForEachOps.java:183) ~[?:1.8.0_402]
	at java.util.stream.ReferencePipeline$3$1.accept(ReferencePipeline.java:193) ~[?:1.8.0_402]
	at java.util.Iterator.forEachRemaining(Iterator.java:116) ~[?:1.8.0_402]
	at java.util.Spliterators$IteratorSpliterator.forEachRemaining(Spliterators.java:1801) ~[?:1.8.0_402]
	at java.util.stream.AbstractPipeline.copyInto(AbstractPipeline.java:482) ~[?:1.8.0_402]
	at java.util.stream.AbstractPipeline.wrapAndCopyInto(AbstractPipeline.java:472) ~[?:1.8.0_402]
	at java.util.stream.ForEachOps$ForEachOp.evaluateSequential(ForEachOps.java:150) ~[?:1.8.0_402]
	at java.util.stream.ForEachOps$ForEachOp$OfRef.evaluateSequential(ForEachOps.java:173) ~[?:1.8.0_402]
	at java.util.stream.AbstractPipeline.evaluate(AbstractPipeline.java:234) ~[?:1.8.0_402]
	at java.util.stream.ReferencePipeline.forEach(ReferencePipeline.java:485) ~[?:1.8.0_402]
	at org.junit.vintage.engine.VintageTestEngine.executeAllChildren(VintageTestEngine.java:82) ~[junit-vintage-engine-5.6.2.jar:5.6.2]
	at org.junit.vintage.engine.VintageTestEngine.execute(VintageTestEngine.java:73) ~[junit-vintage-engine-5.6.2.jar:5.6.2]
	at org.junit.platform.launcher.core.DefaultLauncher.execute(DefaultLauncher.java:248) ~[junit-platform-launcher-1.6.2.jar:1.6.2]
	at org.junit.platform.launcher.core.DefaultLauncher.lambda$execute$5(DefaultLauncher.java:211) ~[junit-platform-launcher-1.6.2.jar:1.6.2]
	at org.junit.platform.launcher.core.DefaultLauncher.withInterceptedStreams(DefaultLauncher.java:226) [junit-platform-launcher-1.6.2.jar:1.6.2]
	at org.junit.platform.launcher.core.DefaultLauncher.execute(DefaultLauncher.java:199) [junit-platform-launcher-1.6.2.jar:1.6.2]
	at org.junit.platform.launcher.core.DefaultLauncher.execute(DefaultLauncher.java:132) [junit-platform-launcher-1.6.2.jar:1.6.2]
	at org.apache.maven.surefire.junitplatform.JUnitPlatformProvider.invokeAllTests(JUnitPlatformProvider.java:154) [surefire-junit-platform-3.0.0-M4.jar:3.0.0-M4]
	at org.apache.maven.surefire.junitplatform.JUnitPlatformProvider.invoke(JUnitPlatformProvider.java:123) [surefire-junit-platform-3.0.0-M4.jar:3.0.0-M4]
	at org.apache.maven.surefire.booter.ForkedBooter.runSuitesInProcess(ForkedBooter.java:377) [surefire-booter-3.0.0-M4.jar:3.0.0-M4]
	at org.apache.maven.surefire.booter.ForkedBooter.execute(ForkedBooter.java:138) [surefire-booter-3.0.0-M4.jar:3.0.0-M4]
	at org.apache.maven.surefire.booter.ForkedBooter.run(ForkedBooter.java:465) [surefire-booter-3.0.0-M4.jar:3.0.0-M4]
	at org.apache.maven.surefire.booter.ForkedBooter.main(ForkedBooter.java:451) [surefire-booter-3.0.0-M4.jar:3.0.0-M4]
Caused by: org.apache.hadoop.hive.metastore.api.MetaException: Unable to create database managed directory pfile:/home/alex/Repositories/hive/streaming/target/warehouse/testing5.db, failed to create database testing5
	at org.apache.hadoop.hive.metastore.HMSHandler.create_database_core(HMSHandler.java:1366) ~[classes/:?]
	at org.apache.hadoop.hive.metastore.HMSHandler.create_database(HMSHandler.java:1486) ~[classes/:?]
	at sun.reflect.GeneratedMethodAccessor93.invoke(Unknown Source) ~[?:?]
	at sun.reflect.DelegatingMethodAccessorImpl.invoke(DelegatingMethodAccessorImpl.java:43) ~[?:1.8.0_402]
	at java.lang.reflect.Method.invoke(Method.java:498) ~[?:1.8.0_402]
	at org.apache.hadoop.hive.metastore.RetryingHMSHandler.invokeInternal(RetryingHMSHandler.java:147) ~[classes/:?]
	at org.apache.hadoop.hive.metastore.RetryingHMSHandler.invoke(RetryingHMSHandler.java:108) ~[classes/:?]
	at com.sun.proxy.$Proxy38.create_database(Unknown Source) ~[?:?]
	at org.apache.hadoop.hive.metastore.HiveMetaStoreClient.createDatabase(HiveMetaStoreClient.java:1151) ~[classes/:?]
	at sun.reflect.GeneratedMethodAccessor92.invoke(Unknown Source) ~[?:?]
	at sun.reflect.DelegatingMethodAccessorImpl.invoke(DelegatingMethodAccessorImpl.java:43) ~[?:1.8.0_402]
	at java.lang.reflect.Method.invoke(Method.java:498) ~[?:1.8.0_402]
	at org.apache.hadoop.hive.metastore.RetryingMetaStoreClient.invoke(RetryingMetaStoreClient.java:218) ~[classes/:?]
	at com.sun.proxy.$Proxy47.createDatabase(Unknown Source) ~[?:?]
	at org.apache.hadoop.hive.ql.metadata.Hive.createDatabase(Hive.java:605) ~[classes/:?]
	... 66 more
2024-04-24T12:35:28,009  INFO [main] reexec.ReOptimizePlugin: ReOptimization: retryPossible: false
2024-04-24T12:35:28,009  INFO [main] reexec.ReExecuteLostAMQueryPlugin: Got exception message: MetaException(message:Unable to create database managed directory pfile:/home/alex/Repositories/hive/streaming/target/warehouse/testing5.db, failed to create database testing5) retryPossible: false
2024-04-24T12:35:28,009  INFO [main] reexec.ReExecutionDagSubmitPlugin: Got exception message: MetaException(message:Unable to create database managed directory pfile:/home/alex/Repositories/hive/streaming/target/warehouse/testing5.db, failed to create database testing5) retryPossible: false
FAILED: Execution Error, return code 40000 from org.apache.hadoop.hive.ql.ddl.DDLTask. MetaException(message:Unable to create database managed directory pfile:/home/alex/Repositories/hive/streaming/target/warehouse/testing5.db, failed to create database testing5)
2024-04-24T12:35:28,009 ERROR [main] ql.Driver: FAILED: Execution Error, return code 40000 from org.apache.hadoop.hive.ql.ddl.DDLTask. MetaException(message:Unable to create database managed directory pfile:/home/alex/Repositories/hive/streaming/target/warehouse/testing5.db, failed to create database testing5)
2024-04-24T12:35:28,009  INFO [main] metadata.Hive: Dumping metastore api call timing information for : execution phase
2024-04-24T12:35:28,009  INFO [main] metadata.Hive: Total time spent in each metastore function (ms): {isCompatibleWith_(Configuration)=0}
2024-04-24T12:35:28,009  INFO [main] ql.Driver: Completed executing command(queryId=alex_20240424123527_62756599-6aa2-4ba1-8025-fe2ce2cd35f9); Time taken: 0.012 seconds
2024-04-24T12:35:28,009  INFO [main] lockmgr.DbTxnManager: Stopped heartbeat for query: alex_20240424123527_62756599-6aa2-4ba1-8025-fe2ce2cd35f9
2024-04-24T12:35:28,012  INFO [main] txn.TxnHandler: Removed transactions: ([3]) from MIN_HISTORY_LEVEL
2024-04-24T12:35:28,015 ERROR [main] streaming.TestStreamingDynamicPartitioning: Statement: create database IF NOT EXISTS testing5 location 'raw:///home/alex/Repositories/hive/streaming/target/tmp/junit7575126630259734725/testing5.db' failed: (responseCode = 40000, errorMessage = FAILED: Execution Error, return code 40000 from org.apache.hadoop.hive.ql.ddl.DDLTask. MetaException(message:Unable to create database managed directory pfile:/home/alex/Repositories/hive/streaming/target/warehouse/testing5.db, failed to create database testing5), hiveErrorCode = 40000, SQLState = 08S01, exception = MetaException(message:Unable to create database managed directory pfile:/home/alex/Repositories/hive/streaming/target/warehouse/testing5.db, failed to create database testing5))
2024-04-24T12:35:28,015  INFO [main] HiveMetaStore.audit: ugi=alex	ip=unknown-ip-addr	cmd=Cleaning up thread local RawStore...	
2024-04-24T12:35:28,015  INFO [main] metastore.ObjectStore: RawStore: org.apache.hadoop.hive.metastore.ObjectStore@6f2a1ff0, with PersistenceManager: org.datanucleus.api.jdo.JDOPersistenceManager@647ce968 will be shutdown
2024-04-24T12:35:28,016  INFO [main] HiveMetaStore.audit: ugi=alex	ip=unknown-ip-addr	cmd=Done cleaning up thread local RawStore	
2024-04-24T12:35:28,016  INFO [main] metastore.HiveMetaStoreClient: Closed a connection to metastore, current connections: -38
]]></system-err>
  </testcase>
</testsuite>