<?xml version="1.0" encoding="UTF-8"?>
<testsuite xmlns:xsi="http://www.w3.org/2001/XMLSchema-instance" xsi:noNamespaceSchemaLocation="https://maven.apache.org/surefire/maven-surefire-plugin/xsd/surefire-test-report-3.0.xsd" version="3.0" name="org.apache.hive.hcatalog.api.TestHCatClient" time="347.886" tests="19" errors="0" skipped="0" failures="3">
  <properties>
    <property name="build.test.dir" value="/home/alex/Repositories/hive/hcatalog/webhcat/java-client/target/tmp"/>
    <property name="awt.toolkit" value="sun.awt.X11.XToolkit"/>
    <property name="test.tmp.dir.uri" value="file:///home/alex/Repositories/hive/hcatalog/webhcat/java-client/target/tmp"/>
    <property name="java.specification.version" value="1.8"/>
    <property name="qfile" value=""/>
    <property name="sun.cpu.isalist" value=""/>
    <property name="test.warehouse.dir" value="pfile:///home/alex/Repositories/hive/hcatalog/webhcat/java-client/target/warehouse"/>
    <property name="sun.jnu.encoding" value="UTF-8"/>
    <property name="run_disabled" value=""/>
    <property name="nondexPrintstack" value="false"/>
    <property name="sun.arch.data.model" value="64"/>
    <property name="java.vendor.url" value="http://java.oracle.com/"/>
    <property name="user.country.format" value="PT"/>
    <property name="test.tmp.dir" value="/home/alex/Repositories/hive/hcatalog/webhcat/java-client/target/tmp"/>
    <property name="sun.boot.library.path" value="/usr/lib/jvm/java-8-openjdk-amd64/jre/lib/amd64"/>
    <property name="sun.java.command" value="/home/alex/Repositories/hive/hcatalog/webhcat/java-client/target/surefire/surefirebooter8038034933459575032.jar /home/alex/Repositories/hive/hcatalog/webhcat/java-client/target/surefire 2024-04-23T21-59-46_173-jvmRun1 surefire2335837867274952585tmp surefire_38585770127399724693909tmp"/>
    <property name="hive.metastore.event.message.factory" value="org.apache.hadoop.hive.metastore.messaging.json.JSONMessageEncoder"/>
    <property name="nondexExecid" value="QgFvcIaP1F4HjQX6zZU84RnBLriP4V8qwe2VmVaI="/>
    <property name="java.specification.vendor" value="Oracle Corporation"/>
    <property name="java.home" value="/usr/lib/jvm/java-8-openjdk-amd64/jre"/>
    <property name="file.separator" value="/"/>
    <property name="basedir" value="/home/alex/Repositories/hive/hcatalog/webhcat/java-client"/>
    <property name="line.separator" value="&#10;"/>
    <property name="nondexEnd" value="9223372036854775807"/>
    <property name="hive.exec.post.hooks" value=" "/>
    <property name="java.specification.name" value="Java Platform API Specification"/>
    <property name="java.vm.specification.vendor" value="Oracle Corporation"/>
    <property name="derby.stream.error.file" value="/home/alex/Repositories/hive/hcatalog/webhcat/java-client/target/tmp/derby.log"/>
    <property name="sun.boot.class.path" value="/home/alex/Repositories/hive/hcatalog/webhcat/java-client/.nondex/nondex-instr.jar:/home/alex/.m2/repository/edu/illinois/nondex-common/2.1.7/nondex-common-2.1.7.jar:/home/alex/.m2/repository/edu/illinois/nondex-annotations/2.1.7/nondex-annotations-2.1.7.jar:/usr/lib/jvm/java-8-openjdk-amd64/jre/lib/resources.jar:/usr/lib/jvm/java-8-openjdk-amd64/jre/lib/rt.jar:/usr/lib/jvm/java-8-openjdk-amd64/jre/lib/sunrsasign.jar:/usr/lib/jvm/java-8-openjdk-amd64/jre/lib/jsse.jar:/usr/lib/jvm/java-8-openjdk-amd64/jre/lib/jce.jar:/usr/lib/jvm/java-8-openjdk-amd64/jre/lib/charsets.jar:/usr/lib/jvm/java-8-openjdk-amd64/jre/lib/jfr.jar:/usr/lib/jvm/java-8-openjdk-amd64/jre/classes"/>
    <property name="log4j.debug" value="true"/>
    <property name="sun.management.compiler" value="HotSpot 64-Bit Tiered Compilers"/>
    <property name="spark.home" value=""/>
    <property name="java.runtime.version" value="1.8.0_402-8u402-ga-2ubuntu1~22.04-b06"/>
    <property name="user.name" value="alex"/>
    <property name="test.src.tables" value=""/>
    <property name="file.encoding" value="UTF-8"/>
    <property name="qfile_regex" value=""/>
    <property name="hadoop.bin.path" value="/home/alex/Repositories/hive/hcatalog/webhcat/java-client/../../../testutils/hadoop"/>
    <property name="localRepository" value="/home/alex/.m2/repository"/>
    <property name="nondexDir" value="/home/alex/Repositories/hive/hcatalog/webhcat/java-client/.nondex"/>
    <property name="build.dir" value="/home/alex/Repositories/hive/hcatalog/webhcat/java-client/target"/>
    <property name="mapred.job.tracker" value="local"/>
    <property name="nondexJarDir" value="/home/alex/Repositories/hive/hcatalog/webhcat/java-client/.nondex"/>
    <property name="java.io.tmpdir" value="/home/alex/Repositories/hive/hcatalog/webhcat/java-client/target/tmp"/>
    <property name="com.zaxxer.hikari.pool_number" value="13"/>
    <property name="java.version" value="1.8.0_402"/>
    <property name="hive.version" value="4.0.0-SNAPSHOT"/>
    <property name="java.vm.specification.name" value="Java Virtual Machine Specification"/>
    <property name="java.awt.printerjob" value="sun.print.PSPrinterJob"/>
    <property name="sun.os.patch.level" value="unknown"/>
    <property name="test.data.dir" value="/home/alex/Repositories/hive/hcatalog/webhcat/java-client/../../../data/files"/>
    <property name="java.library.path" value="/usr/java/packages/lib/amd64:/usr/lib/x86_64-linux-gnu/jni:/lib/x86_64-linux-gnu:/usr/lib/x86_64-linux-gnu:/usr/lib/jni:/lib:/usr/lib"/>
    <property name="java.vendor" value="Private Build"/>
    <property name="java.specification.maintenance.version" value="5"/>
    <property name="sun.io.unicode.encoding" value="UnicodeLittle"/>
    <property name="initScript" value=""/>
    <property name="sun.desktop" value="gnome"/>
    <property name="file.encoding.pkg" value="sun.io"/>
    <property name="nondexStart" value="0"/>
    <property name="log4j.configurationFile" value="file:///home/alex/Repositories/hive/hcatalog/webhcat/java-client/target/testconf/hive-log4j2.properties"/>
    <property name="java.class.path" value="/home/alex/Repositories/hive/hcatalog/webhcat/java-client/target/test-classes:/home/alex/Repositories/hive/hcatalog/webhcat/java-client/target/classes:/home/alex/Repositories/hive/hcatalog/core/target/classes:/home/alex/Repositories/hive/cli/target/classes:/home/alex/Repositories/hive/service/target/classes:/home/alex/Repositories/hive/llap-server/target/classes:/home/alex/.m2/repository/com/lmax/disruptor/3.3.7/disruptor-3.3.7.jar:/home/alex/Repositories/hive/llap-common/target/test-classes:/home/alex/Repositories/hive/hplsql/target/classes:/home/alex/.m2/repository/org/antlr/antlr4-runtime/4.5/antlr4-runtime-4.5.jar:/home/alex/.m2/repository/org/abego/treelayout/org.abego.treelayout.core/1.0.1/org.abego.treelayout.core-1.0.1.jar:/home/alex/.m2/repository/javax/servlet/jsp/javax.servlet.jsp-api/2.3.1/javax.servlet.jsp-api-2.3.1.jar:/home/alex/.m2/repository/org/eclipse/jetty/jetty-runner/9.3.27.v20190418/jetty-runner-9.3.27.v20190418.jar:/home/alex/.m2/repository/org/eclipse/jetty/jetty-plus/9.3.27.v20190418/jetty-plus-9.3.27.v20190418.jar:/home/alex/.m2/repository/org/eclipse/jetty/jetty-annotations/9.3.27.v20190418/jetty-annotations-9.3.27.v20190418.jar:/home/alex/.m2/repository/org/ow2/asm/asm-commons/6.0/asm-commons-6.0.jar:/home/alex/.m2/repository/org/ow2/asm/asm-tree/6.0/asm-tree-6.0.jar:/home/alex/.m2/repository/org/eclipse/jetty/jetty-jaas/9.3.27.v20190418/jetty-jaas-9.3.27.v20190418.jar:/home/alex/.m2/repository/org/eclipse/jetty/websocket/websocket-server/9.3.27.v20190418/websocket-server-9.3.27.v20190418.jar:/home/alex/.m2/repository/org/eclipse/jetty/websocket/websocket-common/9.3.27.v20190418/websocket-common-9.3.27.v20190418.jar:/home/alex/.m2/repository/org/eclipse/jetty/websocket/websocket-api/9.3.27.v20190418/websocket-api-9.3.27.v20190418.jar:/home/alex/.m2/repository/org/eclipse/jetty/websocket/websocket-client/9.3.27.v20190418/websocket-client-9.3.27.v20190418.jar:/home/alex/.m2/repository/org/eclipse/jetty/websocket/websocket-servlet/9.3.27.v20190418/websocket-servlet-9.3.27.v20190418.jar:/home/alex/.m2/repository/org/eclipse/jetty/jetty-jndi/9.3.27.v20190418/jetty-jndi-9.3.27.v20190418.jar:/home/alex/.m2/repository/org/eclipse/jetty/apache-jsp/9.3.27.v20190418/apache-jsp-9.3.27.v20190418.jar:/home/alex/.m2/repository/org/eclipse/jetty/toolchain/jetty-schemas/3.1/jetty-schemas-3.1.jar:/home/alex/.m2/repository/org/eclipse/jdt/core/compiler/ecj/4.4.2/ecj-4.4.2.jar:/home/alex/.m2/repository/org/eclipse/jetty/apache-jstl/9.3.27.v20190418/apache-jstl-9.3.27.v20190418.jar:/home/alex/.m2/repository/org/apache/taglibs/taglibs-standard-spec/1.2.5/taglibs-standard-spec-1.2.5.jar:/home/alex/.m2/repository/org/apache/taglibs/taglibs-standard-impl/1.2.5/taglibs-standard-impl-1.2.5.jar:/home/alex/.m2/repository/org/bouncycastle/bcprov-jdk15on/1.64/bcprov-jdk15on-1.64.jar:/home/alex/.m2/repository/org/apache/santuario/xmlsec/2.2.1/xmlsec-2.2.1.jar:/home/alex/.m2/repository/org/jamon/jamon-runtime/2.3.1/jamon-runtime-2.3.1.jar:/home/alex/Repositories/hive/common/target/classes:/home/alex/Repositories/hive/classification/target/classes:/home/alex/.m2/repository/org/eclipse/jetty/jetty-http/9.3.27.v20190418/jetty-http-9.3.27.v20190418.jar:/home/alex/.m2/repository/org/eclipse/jetty/jetty-rewrite/9.3.27.v20190418/jetty-rewrite-9.3.27.v20190418.jar:/home/alex/.m2/repository/org/eclipse/jetty/jetty-client/9.3.27.v20190418/jetty-client-9.3.27.v20190418.jar:/home/alex/.m2/repository/org/apache/logging/log4j/log4j-web/2.13.2/log4j-web-2.13.2.jar:/home/alex/.m2/repository/net/sf/jpam/jpam/1.1/jpam-1.1.jar:/home/alex/Repositories/hive/metastore/target/classes:/home/alex/.m2/repository/com/google/guava/guava/19.0/guava-19.0.jar:/home/alex/.m2/repository/com/fasterxml/jackson/core/jackson-annotations/2.12.0/jackson-annotations-2.12.0.jar:/home/alex/.m2/repository/com/fasterxml/jackson/core/jackson-core/2.12.0/jackson-core-2.12.0.jar:/home/alex/.m2/repository/com/fasterxml/jackson/core/jackson-databind/2.12.0/jackson-databind-2.12.0.jar:/home/alex/.m2/repository/org/apache/hadoop/hadoop-annotations/3.1.0/hadoop-annotations-3.1.0.jar:/usr/lib/jvm/java-8-openjdk-amd64/jre/../lib/tools.jar:/home/alex/.m2/repository/org/apache/hadoop/hadoop-archives/3.1.0/hadoop-archives-3.1.0.jar:/home/alex/.m2/repository/org/apache/hadoop/hadoop-hdfs/3.1.0/hadoop-hdfs-3.1.0.jar:/home/alex/.m2/repository/org/eclipse/jetty/jetty-util-ajax/9.3.19.v20170502/jetty-util-ajax-9.3.19.v20170502.jar:/home/alex/.m2/repository/commons-daemon/commons-daemon/1.0.13/commons-daemon-1.0.13.jar:/home/alex/.m2/repository/io/netty/netty-all/4.1.65.Final/netty-all-4.1.65.Final.jar:/home/alex/.m2/repository/org/fusesource/leveldbjni/leveldbjni-all/1.8/leveldbjni-all-1.8.jar:/home/alex/Repositories/hive/hcatalog/server-extensions/target/classes:/home/alex/.m2/repository/jakarta/jms/jakarta.jms-api/2.0.2/jakarta.jms-api-2.0.2.jar:/home/alex/Repositories/hive/ql/target/classes:/home/alex/.m2/repository/org/apache/atlas/atlas-client-v2/2.1.0/atlas-client-v2-2.1.0.jar:/home/alex/.m2/repository/cglib/cglib/2.2.2/cglib-2.2.2.jar:/home/alex/.m2/repository/asm/asm/3.3.1/asm-3.3.1.jar:/home/alex/.m2/repository/org/apache/atlas/atlas-client-common/2.1.0/atlas-client-common-2.1.0.jar:/home/alex/.m2/repository/org/apache/httpcomponents/httpclient/4.5.13/httpclient-4.5.13.jar:/home/alex/.m2/repository/com/sun/jersey/jersey-client/1.19/jersey-client-1.19.jar:/home/alex/.m2/repository/org/apache/atlas/atlas-intg/2.1.0/atlas-intg-2.1.0.jar:/home/alex/.m2/repository/commons-validator/commons-validator/1.6/commons-validator-1.6.jar:/home/alex/.m2/repository/commons-digester/commons-digester/1.8.1/commons-digester-1.8.1.jar:/home/alex/.m2/repository/com/fasterxml/jackson/jaxrs/jackson-jaxrs-base/2.12.0/jackson-jaxrs-base-2.12.0.jar:/home/alex/.m2/repository/com/fasterxml/jackson/jaxrs/jackson-jaxrs-json-provider/2.12.0/jackson-jaxrs-json-provider-2.12.0.jar:/home/alex/.m2/repository/javax/inject/javax.inject/1/javax.inject-1.jar:/home/alex/.m2/repository/org/springframework/spring-context/4.3.20.RELEASE/spring-context-4.3.20.RELEASE.jar:/home/alex/.m2/repository/org/springframework/spring-aop/4.3.20.RELEASE/spring-aop-4.3.20.RELEASE.jar:/home/alex/.m2/repository/org/springframework/spring-beans/4.3.20.RELEASE/spring-beans-4.3.20.RELEASE.jar:/home/alex/.m2/repository/org/springframework/spring-core/4.3.20.RELEASE/spring-core-4.3.20.RELEASE.jar:/home/alex/.m2/repository/org/springframework/spring-expression/4.3.20.RELEASE/spring-expression-4.3.20.RELEASE.jar:/home/alex/.m2/repository/commons-configuration/commons-configuration/1.10/commons-configuration-1.10.jar:/home/alex/.m2/repository/org/apache/commons/commons-math3/3.6.1/commons-math3-3.6.1.jar:/home/alex/Repositories/hive/vector-code-gen/target/classes:/home/alex/.m2/repository/org/apache/velocity/velocity/1.5/velocity-1.5.jar:/home/alex/Repositories/hive/serde/target/classes:/home/alex/.m2/repository/org/apache/arrow/arrow-vector/0.15.1/arrow-vector-0.15.1.jar:/home/alex/.m2/repository/org/apache/arrow/arrow-format/0.15.1/arrow-format-0.15.1.jar:/home/alex/.m2/repository/org/apache/arrow/arrow-memory/0.15.1/arrow-memory-0.15.1.jar:/home/alex/.m2/repository/com/google/flatbuffers/flatbuffers-java/1.9.0/flatbuffers-java-1.9.0.jar:/home/alex/.m2/repository/com/carrotsearch/hppc/0.7.2/hppc-0.7.2.jar:/home/alex/.m2/repository/com/github/davidmoten/flatbuffers-java/1.6.0.1/flatbuffers-java-1.6.0.1.jar:/home/alex/Repositories/hive/parser/target/classes:/home/alex/Repositories/hive/udf/target/classes:/home/alex/Repositories/hive/service-rpc/target/classes:/home/alex/Repositories/hive/llap-client/target/classes:/home/alex/Repositories/hive/llap-common/target/classes:/home/alex/.m2/repository/io/jsonwebtoken/jjwt-api/0.10.5/jjwt-api-0.10.5.jar:/home/alex/.m2/repository/io/jsonwebtoken/jjwt-impl/0.10.5/jjwt-impl-0.10.5.jar:/home/alex/.m2/repository/io/jsonwebtoken/jjwt-jackson/0.10.5/jjwt-jackson-0.10.5.jar:/home/alex/Repositories/hive/llap-tez/target/classes:/home/alex/Repositories/hive/shims/aggregator/target/classes:/home/alex/Repositories/hive/shims/common/target/classes:/home/alex/Repositories/hive/shims/0.23/target/classes:/home/alex/.m2/repository/org/apache/hadoop/hadoop-yarn-server-resourcemanager/3.1.0/hadoop-yarn-server-resourcemanager-3.1.0.jar:/home/alex/.m2/repository/org/apache/hadoop/hadoop-yarn-server-common/3.1.0/hadoop-yarn-server-common-3.1.0.jar:/home/alex/.m2/repository/org/apache/geronimo/specs/geronimo-jcache_1.0_spec/1.0-alpha-1/geronimo-jcache_1.0_spec-1.0-alpha-1.jar:/home/alex/.m2/repository/org/ehcache/ehcache/3.3.1/ehcache-3.3.1.jar:/home/alex/.m2/repository/com/zaxxer/HikariCP-java7/2.4.12/HikariCP-java7-2.4.12.jar:/home/alex/.m2/repository/org/apache/hadoop/hadoop-yarn-server-applicationhistoryservice/3.1.0/hadoop-yarn-server-applicationhistoryservice-3.1.0.jar:/home/alex/.m2/repository/de/ruedigermoeller/fst/2.50/fst-2.50.jar:/home/alex/.m2/repository/com/cedarsoftware/java-util/1.9.0/java-util-1.9.0.jar:/home/alex/.m2/repository/com/cedarsoftware/json-io/2.5.1/json-io-2.5.1.jar:/home/alex/Repositories/hive/shims/scheduler/target/classes:/home/alex/Repositories/hive/spark-client/target/classes:/home/alex/.m2/repository/com/fasterxml/jackson/module/jackson-module-scala_2.12/2.12.0/jackson-module-scala_2.12-2.12.0.jar:/home/alex/.m2/repository/org/scala-lang/scala-library/2.12.10/scala-library-2.12.10.jar:/home/alex/.m2/repository/org/apache/spark/spark-core_2.12/2.4.5/spark-core_2.12-2.4.5.jar:/home/alex/.m2/repository/com/twitter/chill_2.12/0.9.3/chill_2.12-0.9.3.jar:/home/alex/.m2/repository/com/twitter/chill-java/0.9.3/chill-java-0.9.3.jar:/home/alex/.m2/repository/org/apache/xbean/xbean-asm6-shaded/4.8/xbean-asm6-shaded-4.8.jar:/home/alex/.m2/repository/org/apache/hadoop/hadoop-client/3.1.0/hadoop-client-3.1.0.jar:/home/alex/.m2/repository/org/apache/hadoop/hadoop-mapreduce-client-jobclient/3.1.0/hadoop-mapreduce-client-jobclient-3.1.0.jar:/home/alex/.m2/repository/org/apache/hadoop/hadoop-mapreduce-client-common/3.1.0/hadoop-mapreduce-client-common-3.1.0.jar:/home/alex/.m2/repository/org/apache/spark/spark-launcher_2.12/2.4.5/spark-launcher_2.12-2.4.5.jar:/home/alex/.m2/repository/org/apache/spark/spark-kvstore_2.12/2.4.5/spark-kvstore_2.12-2.4.5.jar:/home/alex/.m2/repository/org/apache/spark/spark-network-common_2.12/2.4.5/spark-network-common_2.12-2.4.5.jar:/home/alex/.m2/repository/org/apache/spark/spark-network-shuffle_2.12/2.4.5/spark-network-shuffle_2.12-2.4.5.jar:/home/alex/.m2/repository/org/apache/spark/spark-unsafe_2.12/2.4.5/spark-unsafe_2.12-2.4.5.jar:/home/alex/.m2/repository/javax/activation/activation/1.1.1/activation-1.1.1.jar:/home/alex/.m2/repository/org/slf4j/jul-to-slf4j/1.7.16/jul-to-slf4j-1.7.16.jar:/home/alex/.m2/repository/org/slf4j/jcl-over-slf4j/1.7.16/jcl-over-slf4j-1.7.16.jar:/home/alex/.m2/repository/com/ning/compress-lzf/1.0.3/compress-lzf-1.0.3.jar:/home/alex/.m2/repository/org/roaringbitmap/RoaringBitmap/0.7.45/RoaringBitmap-0.7.45.jar:/home/alex/.m2/repository/org/roaringbitmap/shims/0.7.45/shims-0.7.45.jar:/home/alex/.m2/repository/org/json4s/json4s-jackson_2.12/3.5.3/json4s-jackson_2.12-3.5.3.jar:/home/alex/.m2/repository/org/json4s/json4s-core_2.12/3.5.3/json4s-core_2.12-3.5.3.jar:/home/alex/.m2/repository/org/json4s/json4s-ast_2.12/3.5.3/json4s-ast_2.12-3.5.3.jar:/home/alex/.m2/repository/org/json4s/json4s-scalap_2.12/3.5.3/json4s-scalap_2.12-3.5.3.jar:/home/alex/.m2/repository/org/scala-lang/modules/scala-xml_2.12/1.0.6/scala-xml_2.12-1.0.6.jar:/home/alex/.m2/repository/com/clearspring/analytics/stream/2.7.0/stream-2.7.0.jar:/home/alex/.m2/repository/io/dropwizard/metrics/metrics-graphite/3.1.5/metrics-graphite-3.1.5.jar:/home/alex/.m2/repository/net/razorvine/pyrolite/4.13/pyrolite-4.13.jar:/home/alex/.m2/repository/net/sf/py4j/py4j/0.10.7/py4j-0.10.7.jar:/home/alex/.m2/repository/org/apache/spark/spark-tags_2.12/2.4.5/spark-tags_2.12-2.4.5.jar:/home/alex/.m2/repository/org/apache/commons/commons-crypto/1.0.0/commons-crypto-1.0.0.jar:/home/alex/.m2/repository/org/spark-project/spark/unused/1.0.0/unused-1.0.0.jar:/home/alex/.m2/repository/org/apache/spark/spark-yarn_2.12/2.4.5/spark-yarn_2.12-2.4.5.jar:/home/alex/.m2/repository/org/apache/hadoop/hadoop-yarn-server-web-proxy/3.1.0/hadoop-yarn-server-web-proxy-3.1.0.jar:/home/alex/Repositories/hive/storage-api/target/classes:/home/alex/.m2/repository/com/amazonaws/secretsmanager/aws-secretsmanager-caching-java/1.0.1/aws-secretsmanager-caching-java-1.0.1.jar:/home/alex/.m2/repository/com/esotericsoftware/kryo/5.0.3/kryo-5.0.3.jar:/home/alex/.m2/repository/com/esotericsoftware/minlog/1.3.1/minlog-1.3.1.jar:/home/alex/.m2/repository/com/esotericsoftware/reflectasm/1.11.9/reflectasm-1.11.9.jar:/home/alex/.m2/repository/com/google/protobuf/protobuf-java/2.5.0/protobuf-java-2.5.0.jar:/home/alex/.m2/repository/org/apache/parquet/parquet-hadoop-bundle/1.11.1/parquet-hadoop-bundle-1.11.1.jar:/home/alex/.m2/repository/commons-codec/commons-codec/1.15/commons-codec-1.15.jar:/home/alex/.m2/repository/commons-io/commons-io/2.6/commons-io-2.6.jar:/home/alex/.m2/repository/org/apache/commons/commons-collections4/4.1/commons-collections4-4.1.jar:/home/alex/.m2/repository/org/apache/commons/commons-lang3/3.9/commons-lang3-3.9.jar:/home/alex/.m2/repository/org/apache/commons/commons-text/1.8/commons-text-1.8.jar:/home/alex/.m2/repository/javolution/javolution/5.5.1/javolution-5.5.1.jar:/home/alex/.m2/repository/org/apache/logging/log4j/log4j-1.2-api/2.13.2/log4j-1.2-api-2.13.2.jar:/home/alex/.m2/repository/org/apache/logging/log4j/log4j-api/2.13.2/log4j-api-2.13.2.jar:/home/alex/.m2/repository/org/apache/logging/log4j/log4j-core/2.13.2/log4j-core-2.13.2.jar:/home/alex/.m2/repository/org/apache/logging/log4j/log4j-slf4j-impl/2.13.2/log4j-slf4j-impl-2.13.2.jar:/home/alex/.m2/repository/org/antlr/antlr-runtime/3.5.2/antlr-runtime-3.5.2.jar:/home/alex/.m2/repository/org/antlr/ST4/4.0.4/ST4-4.0.4.jar:/home/alex/.m2/repository/org/apache/avro/avro/1.8.2/avro-1.8.2.jar:/home/alex/.m2/repository/com/thoughtworks/paranamer/paranamer/2.8/paranamer-2.8.jar:/home/alex/.m2/repository/org/xerial/snappy/snappy-java/1.1.4/snappy-java-1.1.4.jar:/home/alex/.m2/repository/org/tukaani/xz/1.5/xz-1.5.jar:/home/alex/.m2/repository/org/apache/avro/avro-mapred/1.8.2/avro-mapred-1.8.2-hadoop2.jar:/home/alex/.m2/repository/org/apache/avro/avro-ipc/1.8.2/avro-ipc-1.8.2.jar:/home/alex/.m2/repository/org/apache/ant/ant/1.9.1/ant-1.9.1.jar:/home/alex/.m2/repository/org/apache/ant/ant-launcher/1.9.1/ant-launcher-1.9.1.jar:/home/alex/.m2/repository/org/apache/commons/commons-compress/1.21/commons-compress-1.21.jar:/home/alex/.m2/repository/org/apache/thrift/libfb303/0.9.3/libfb303-0.9.3.jar:/home/alex/.m2/repository/org/apache/hadoop/hadoop-yarn-registry/3.1.0/hadoop-yarn-registry-3.1.0.jar:/home/alex/.m2/repository/org/apache/hadoop/hadoop-yarn-api/3.1.0/hadoop-yarn-api-3.1.0.jar:/home/alex/.m2/repository/org/apache/curator/curator-client/4.2.0/curator-client-4.2.0.jar:/home/alex/.m2/repository/dnsjava/dnsjava/2.1.7/dnsjava-2.1.7.jar:/home/alex/.m2/repository/org/apache/orc/orc-tools/1.6.9/orc-tools-1.6.9.jar:/home/alex/.m2/repository/com/opencsv/opencsv/3.9/opencsv-3.9.jar:/home/alex/.m2/repository/org/codehaus/jettison/jettison/1.1/jettison-1.1.jar:/home/alex/.m2/repository/org/threeten/threetenbp/1.3.5/threetenbp-1.3.5.jar:/home/alex/.m2/repository/org/apache/ivy/ivy/2.4.0/ivy-2.4.0.jar:/home/alex/.m2/repository/org/apache/thrift/libthrift/0.14.1/libthrift-0.14.1.jar:/home/alex/.m2/repository/org/apache/httpcomponents/httpcore/4.4.13/httpcore-4.4.13.jar:/home/alex/.m2/repository/org/apache/tomcat/embed/tomcat-embed-core/8.5.46/tomcat-embed-core-8.5.46.jar:/home/alex/.m2/repository/org/apache/tomcat/tomcat-annotations-api/8.5.46/tomcat-annotations-api-8.5.46.jar:/home/alex/.m2/repository/javax/annotation/javax.annotation-api/1.3.2/javax.annotation-api-1.3.2.jar:/home/alex/.m2/repository/org/apache/zookeeper/zookeeper/3.5.5/zookeeper-3.5.5.jar:/home/alex/.m2/repository/org/apache/zookeeper/zookeeper-jute/3.5.5/zookeeper-jute-3.5.5.jar:/home/alex/.m2/repository/org/apache/yetus/audience-annotations/0.5.0/audience-annotations-0.5.0.jar:/home/alex/.m2/repository/org/apache/curator/curator-framework/4.2.0/curator-framework-4.2.0.jar:/home/alex/.m2/repository/org/apache/datasketches/datasketches-hive/1.1.0-incubating/datasketches-hive-1.1.0-incubating.jar:/home/alex/.m2/repository/org/apache/datasketches/datasketches-java/1.3.0-incubating/datasketches-java-1.3.0-incubating.jar:/home/alex/.m2/repository/org/apache/datasketches/datasketches-memory/1.2.0-incubating/datasketches-memory-1.2.0-incubating.jar:/home/alex/.m2/repository/org/slf4j/slf4j-simple/1.7.27/slf4j-simple-1.7.27.jar:/home/alex/.m2/repository/org/codehaus/groovy/groovy-all/2.4.11/groovy-all-2.4.11.jar:/home/alex/.m2/repository/org/jodd/jodd-util/6.0.0/jodd-util-6.0.0.jar:/home/alex/.m2/repository/com/fasterxml/jackson/dataformat/jackson-dataformat-yaml/2.12.0/jackson-dataformat-yaml-2.12.0.jar:/home/alex/.m2/repository/org/yaml/snakeyaml/1.27/snakeyaml-1.27.jar:/home/alex/.m2/repository/org/datanucleus/datanucleus-core/5.2.4/datanucleus-core-5.2.4.jar:/home/alex/.m2/repository/org/apache/calcite/calcite-core/1.25.0/calcite-core-1.25.0.jar:/home/alex/.m2/repository/org/apache/calcite/calcite-linq4j/1.25.0/calcite-linq4j-1.25.0.jar:/home/alex/.m2/repository/org/apiguardian/apiguardian-api/1.1.0/apiguardian-api-1.1.0.jar:/home/alex/.m2/repository/com/esri/geometry/esri-geometry-api/2.2.0/esri-geometry-api-2.2.0.jar:/home/alex/.m2/repository/com/yahoo/datasketches/sketches-core/0.9.0/sketches-core-0.9.0.jar:/home/alex/.m2/repository/com/yahoo/datasketches/memory/0.9.0/memory-0.9.0.jar:/home/alex/.m2/repository/org/apache/calcite/calcite-druid/1.25.0/calcite-druid-1.25.0.jar:/home/alex/.m2/repository/org/apache/calcite/avatica/avatica/1.12.0/avatica-1.12.0.jar:/home/alex/.m2/repository/com/googlecode/javaewah/JavaEWAH/0.3.2/JavaEWAH-0.3.2.jar:/home/alex/.m2/repository/com/google/code/gson/gson/2.2.4/gson-2.2.4.jar:/home/alex/.m2/repository/com/tdunning/json/1.8/json-1.8.jar:/home/alex/.m2/repository/stax/stax-api/1.0.1/stax-api-1.0.1.jar:/home/alex/.m2/repository/net/sf/opencsv/opencsv/2.3/opencsv-2.3.jar:/home/alex/Repositories/hive/standalone-metastore/metastore-server/target/classes:/home/alex/.m2/repository/com/google/re2j/re2j/1.2/re2j-1.2.jar:/home/alex/.m2/repository/org/reflections/reflections/0.9.10/reflections-0.9.10.jar:/home/alex/.m2/repository/org/javassist/javassist/3.19.0-GA/javassist-3.19.0-GA.jar:/home/alex/.m2/repository/com/jayway/jsonpath/json-path/2.4.0/json-path-2.4.0.jar:/home/alex/.m2/repository/net/minidev/json-smart/2.3/json-smart-2.3.jar:/home/alex/.m2/repository/net/minidev/accessors-smart/1.2/accessors-smart-1.2.jar:/home/alex/.m2/repository/org/ow2/asm/asm/5.0.4/asm-5.0.4.jar:/home/alex/.m2/repository/org/codehaus/janino/commons-compiler/3.0.11/commons-compiler-3.0.11.jar:/home/alex/.m2/repository/org/codehaus/janino/janino/3.0.11/janino-3.0.11.jar:/home/alex/.m2/repository/com/sun/jersey/contribs/jersey-multipart/1.19/jersey-multipart-1.19.jar:/home/alex/.m2/repository/org/jvnet/mimepull/mimepull/1.9.3/mimepull-1.9.3.jar:/home/alex/.m2/repository/org/apache/kafka/kafka-clients/2.5.0/kafka-clients-2.5.0.jar:/home/alex/.m2/repository/com/github/luben/zstd-jni/1.4.4-7/zstd-jni-1.4.4-7.jar:/home/alex/.m2/repository/org/lz4/lz4-java/1.7.1/lz4-java-1.7.1.jar:/home/alex/.m2/repository/org/apache/hadoop/hadoop-common/3.1.0/hadoop-common-3.1.0.jar:/home/alex/.m2/repository/commons-cli/commons-cli/1.4/commons-cli-1.4.jar:/home/alex/.m2/repository/commons-net/commons-net/3.6/commons-net-3.6.jar:/home/alex/.m2/repository/commons-collections/commons-collections/3.2.2/commons-collections-3.2.2.jar:/home/alex/.m2/repository/javax/servlet/javax.servlet-api/3.1.0/javax.servlet-api-3.1.0.jar:/home/alex/.m2/repository/org/eclipse/jetty/jetty-server/9.3.27.v20190418/jetty-server-9.3.27.v20190418.jar:/home/alex/.m2/repository/org/eclipse/jetty/jetty-io/9.3.27.v20190418/jetty-io-9.3.27.v20190418.jar:/home/alex/.m2/repository/org/eclipse/jetty/jetty-util/9.3.27.v20190418/jetty-util-9.3.27.v20190418.jar:/home/alex/.m2/repository/org/eclipse/jetty/jetty-servlet/9.3.27.v20190418/jetty-servlet-9.3.27.v20190418.jar:/home/alex/.m2/repository/org/eclipse/jetty/jetty-security/9.3.27.v20190418/jetty-security-9.3.27.v20190418.jar:/home/alex/.m2/repository/org/eclipse/jetty/jetty-webapp/9.3.27.v20190418/jetty-webapp-9.3.27.v20190418.jar:/home/alex/.m2/repository/org/eclipse/jetty/jetty-xml/9.3.27.v20190418/jetty-xml-9.3.27.v20190418.jar:/home/alex/.m2/repository/javax/servlet/jsp/jsp-api/2.1/jsp-api-2.1.jar:/home/alex/.m2/repository/com/sun/jersey/jersey-core/1.19/jersey-core-1.19.jar:/home/alex/.m2/repository/javax/ws/rs/jsr311-api/1.1.1/jsr311-api-1.1.1.jar:/home/alex/.m2/repository/com/sun/jersey/jersey-servlet/1.19/jersey-servlet-1.19.jar:/home/alex/.m2/repository/com/sun/jersey/jersey-json/1.19/jersey-json-1.19.jar:/home/alex/.m2/repository/com/sun/xml/bind/jaxb-impl/2.2.3-1/jaxb-impl-2.2.3-1.jar:/home/alex/.m2/repository/org/codehaus/jackson/jackson-jaxrs/1.9.2/jackson-jaxrs-1.9.2.jar:/home/alex/.m2/repository/org/codehaus/jackson/jackson-xc/1.9.2/jackson-xc-1.9.2.jar:/home/alex/.m2/repository/com/sun/jersey/jersey-server/1.19/jersey-server-1.19.jar:/home/alex/.m2/repository/log4j/log4j/1.2.17/log4j-1.2.17.jar:/home/alex/.m2/repository/commons-lang/commons-lang/2.6/commons-lang-2.6.jar:/home/alex/.m2/repository/org/apache/commons/commons-configuration2/2.1.1/commons-configuration2-2.1.1.jar:/home/alex/.m2/repository/org/apache/hadoop/hadoop-auth/3.1.0/hadoop-auth-3.1.0.jar:/home/alex/.m2/repository/com/nimbusds/nimbus-jose-jwt/4.41.1/nimbus-jose-jwt-4.41.1.jar:/home/alex/.m2/repository/com/github/stephenc/jcip/jcip-annotations/1.0-1/jcip-annotations-1.0-1.jar:/home/alex/.m2/repository/com/jcraft/jsch/0.1.54/jsch-0.1.54.jar:/home/alex/.m2/repository/com/google/code/findbugs/jsr305/3.0.0/jsr305-3.0.0.jar:/home/alex/.m2/repository/org/apache/htrace/htrace-core4/4.1.0-incubating/htrace-core4-4.1.0-incubating.jar:/home/alex/.m2/repository/org/apache/kerby/kerb-simplekdc/1.0.1/kerb-simplekdc-1.0.1.jar:/home/alex/.m2/repository/org/apache/kerby/kerb-client/1.0.1/kerb-client-1.0.1.jar:/home/alex/.m2/repository/org/apache/kerby/kerby-config/1.0.1/kerby-config-1.0.1.jar:/home/alex/.m2/repository/org/apache/kerby/kerb-core/1.0.1/kerb-core-1.0.1.jar:/home/alex/.m2/repository/org/apache/kerby/kerby-pkix/1.0.1/kerby-pkix-1.0.1.jar:/home/alex/.m2/repository/org/apache/kerby/kerby-asn1/1.0.1/kerby-asn1-1.0.1.jar:/home/alex/.m2/repository/org/apache/kerby/kerby-util/1.0.1/kerby-util-1.0.1.jar:/home/alex/.m2/repository/org/apache/kerby/kerb-common/1.0.1/kerb-common-1.0.1.jar:/home/alex/.m2/repository/org/apache/kerby/kerb-crypto/1.0.1/kerb-crypto-1.0.1.jar:/home/alex/.m2/repository/org/apache/kerby/kerb-util/1.0.1/kerb-util-1.0.1.jar:/home/alex/.m2/repository/org/apache/kerby/token-provider/1.0.1/token-provider-1.0.1.jar:/home/alex/.m2/repository/org/apache/kerby/kerb-admin/1.0.1/kerb-admin-1.0.1.jar:/home/alex/.m2/repository/org/apache/kerby/kerb-server/1.0.1/kerb-server-1.0.1.jar:/home/alex/.m2/repository/org/apache/kerby/kerb-identity/1.0.1/kerb-identity-1.0.1.jar:/home/alex/.m2/repository/org/apache/kerby/kerby-xdr/1.0.1/kerby-xdr-1.0.1.jar:/home/alex/.m2/repository/org/codehaus/woodstox/stax2-api/3.1.4/stax2-api-3.1.4.jar:/home/alex/.m2/repository/com/fasterxml/woodstox/woodstox-core/5.0.3/woodstox-core-5.0.3.jar:/home/alex/.m2/repository/org/apache/hadoop/hadoop-mapreduce-client-core/3.1.0/hadoop-mapreduce-client-core-3.1.0.jar:/home/alex/.m2/repository/org/apache/hadoop/hadoop-yarn-client/3.1.0/hadoop-yarn-client-3.1.0.jar:/home/alex/.m2/repository/org/apache/hadoop/hadoop-yarn-common/3.1.0/hadoop-yarn-common-3.1.0.jar:/home/alex/.m2/repository/javax/xml/bind/jaxb-api/2.2.11/jaxb-api-2.2.11.jar:/home/alex/.m2/repository/com/google/inject/guice/4.0/guice-4.0.jar:/home/alex/.m2/repository/aopalliance/aopalliance/1.0/aopalliance-1.0.jar:/home/alex/.m2/repository/com/sun/jersey/contribs/jersey-guice/1.19/jersey-guice-1.19.jar:/home/alex/.m2/repository/com/fasterxml/jackson/module/jackson-module-jaxb-annotations/2.12.0/jackson-module-jaxb-annotations-2.12.0.jar:/home/alex/.m2/repository/jakarta/xml/bind/jakarta.xml.bind-api/2.3.2/jakarta.xml.bind-api-2.3.2.jar:/home/alex/.m2/repository/jakarta/activation/jakarta.activation-api/1.2.1/jakarta.activation-api-1.2.1.jar:/home/alex/.m2/repository/org/apache/hadoop/hadoop-hdfs-client/3.1.0/hadoop-hdfs-client-3.1.0.jar:/home/alex/.m2/repository/com/squareup/okhttp/okhttp/2.7.5/okhttp-2.7.5.jar:/home/alex/.m2/repository/com/squareup/okio/okio/1.6.0/okio-1.6.0.jar:/home/alex/.m2/repository/com/google/inject/extensions/guice-servlet/4.0/guice-servlet-4.0.jar:/home/alex/Repositories/hive/ql/target/test-classes:/home/alex/Repositories/hive/standalone-metastore/metastore-common/target/test-classes:/home/alex/.m2/repository/org/apache/orc/orc-core/1.6.9/orc-core-1.6.9.jar:/home/alex/.m2/repository/org/apache/orc/orc-shims/1.6.9/orc-shims-1.6.9.jar:/home/alex/.m2/repository/io/airlift/aircompressor/0.19/aircompressor-0.19.jar:/home/alex/.m2/repository/org/jetbrains/annotations/17.0.0/annotations-17.0.0.jar:/home/alex/.m2/repository/org/threeten/threeten-extra/1.5.0/threeten-extra-1.5.0.jar:/home/alex/.m2/repository/com/github/joshelser/dropwizard-metrics-hadoop-metrics2-reporter/0.1.2/dropwizard-metrics-hadoop-metrics2-reporter-0.1.2.jar:/home/alex/.m2/repository/com/zaxxer/HikariCP/2.6.1/HikariCP-2.6.1.jar:/home/alex/.m2/repository/io/dropwizard/metrics/metrics-core/3.1.0/metrics-core-3.1.0.jar:/home/alex/.m2/repository/io/dropwizard/metrics/metrics-jvm/3.1.0/metrics-jvm-3.1.0.jar:/home/alex/.m2/repository/io/dropwizard/metrics/metrics-json/3.1.0/metrics-json-3.1.0.jar:/home/alex/.m2/repository/org/apache/derby/derby/10.14.1.0/derby-10.14.1.0.jar:/home/alex/.m2/repository/commons-logging/commons-logging/1.1.3/commons-logging-1.1.3.jar:/home/alex/.m2/repository/com/github/ben-manes/caffeine/caffeine/2.8.4/caffeine-2.8.4.jar:/home/alex/.m2/repository/org/checkerframework/checker-qual/3.4.0/checker-qual-3.4.0.jar:/home/alex/.m2/repository/com/google/errorprone/error_prone_annotations/2.3.4/error_prone_annotations-2.3.4.jar:/home/alex/.m2/repository/org/apache/curator/curator-recipes/4.2.0/curator-recipes-4.2.0.jar:/home/alex/Repositories/hive/standalone-metastore/metastore-server/target/test-classes:/home/alex/Repositories/hive/standalone-metastore/metastore-common/target/classes:/home/alex/.m2/repository/org/apache/commons/commons-dbcp2/2.7.0/commons-dbcp2-2.7.0.jar:/home/alex/.m2/repository/org/apache/commons/commons-pool2/2.7.0/commons-pool2-2.7.0.jar:/home/alex/.m2/repository/commons-beanutils/commons-beanutils/1.9.4/commons-beanutils-1.9.4.jar:/home/alex/.m2/repository/org/datanucleus/datanucleus-api-jdo/5.2.4/datanucleus-api-jdo-5.2.4.jar:/home/alex/.m2/repository/org/datanucleus/datanucleus-rdbms/5.2.4/datanucleus-rdbms-5.2.4.jar:/home/alex/.m2/repository/org/datanucleus/javax.jdo/3.2.0-release/javax.jdo-3.2.0-release.jar:/home/alex/.m2/repository/javax/transaction/javax.transaction-api/1.3/javax.transaction-api-1.3.jar:/home/alex/.m2/repository/org/glassfish/corba/glassfish-corba-omgapi/4.2.2/glassfish-corba-omgapi-4.2.2.jar:/home/alex/.m2/repository/sqlline/sqlline/1.9.0/sqlline-1.9.0.jar:/home/alex/.m2/repository/org/jline/jline-terminal/3.12.1/jline-terminal-3.12.1.jar:/home/alex/.m2/repository/org/jline/jline-reader/3.12.1/jline-reader-3.12.1.jar:/home/alex/.m2/repository/org/jline/jline-terminal-jansi/3.12.1/jline-terminal-jansi-3.12.1.jar:/home/alex/.m2/repository/org/fusesource/jansi/jansi/1.18/jansi-1.18.jar:/home/alex/.m2/repository/org/jline/jline-terminal-jna/3.12.1/jline-terminal-jna-3.12.1.jar:/home/alex/.m2/repository/net/java/dev/jna/jna/5.3.1/jna-5.3.1.jar:/home/alex/.m2/repository/org/jline/jline-builtins/3.12.1/jline-builtins-3.12.1.jar:/home/alex/.m2/repository/org/jline/jline-style/3.12.1/jline-style-3.12.1.jar:/home/alex/.m2/repository/jline/jline/2.14.6/jline-2.14.6.jar:/home/alex/.m2/repository/com/cronutils/cron-utils/9.1.3/cron-utils-9.1.3.jar:/home/alex/.m2/repository/org/glassfish/javax.el/3.0.0/javax.el-3.0.0.jar:/home/alex/.m2/repository/com/oracle/database/jdbc/ojdbc8/21.3.0.0/ojdbc8-21.3.0.0.jar:/home/alex/.m2/repository/mysql/mysql-connector-java/8.0.27/mysql-connector-java-8.0.27.jar:/home/alex/.m2/repository/com/microsoft/sqlserver/mssql-jdbc/6.2.1.jre8/mssql-jdbc-6.2.1.jre8.jar:/home/alex/.m2/repository/org/postgresql/postgresql/42.2.14/postgresql-42.2.14.jar:/home/alex/Repositories/hive/hcatalog/core/target/test-classes:/home/alex/.m2/repository/org/apache/pig/pig/0.16.0/pig-0.16.0-h2.jar:/home/alex/.m2/repository/xmlenc/xmlenc/0.52/xmlenc-0.52.jar:/home/alex/.m2/repository/commons-httpclient/commons-httpclient/3.1/commons-httpclient-3.1.jar:/home/alex/.m2/repository/org/mortbay/jetty/jetty/6.1.26/jetty-6.1.26.jar:/home/alex/.m2/repository/org/mortbay/jetty/servlet-api/2.5-20081211/servlet-api-2.5-20081211.jar:/home/alex/.m2/repository/org/mortbay/jetty/jetty-util/6.1.26/jetty-util-6.1.26.jar:/home/alex/.m2/repository/org/mortbay/jetty/jsp-api-2.1/6.1.14/jsp-api-2.1-6.1.14.jar:/home/alex/.m2/repository/org/mortbay/jetty/jsp-2.1/6.1.14/jsp-2.1-6.1.14.jar:/home/alex/.m2/repository/org/eclipse/jdt/core/3.1.1/core-3.1.1.jar:/home/alex/.m2/repository/ant/ant/1.6.5/ant-1.6.5.jar:/home/alex/.m2/repository/commons-el/commons-el/1.0/commons-el-1.0.jar:/home/alex/.m2/repository/net/java/dev/jets3t/jets3t/0.7.1/jets3t-0.7.1.jar:/home/alex/.m2/repository/org/mortbay/jetty/servlet-api-2.5/6.1.14/servlet-api-2.5-6.1.14.jar:/home/alex/.m2/repository/net/sf/kosmosfs/kfs/0.3/kfs-0.3.jar:/home/alex/.m2/repository/junit/junit/4.13/junit-4.13.jar:/home/alex/.m2/repository/org/hamcrest/hamcrest-core/1.3/hamcrest-core-1.3.jar:/home/alex/.m2/repository/hsqldb/hsqldb/1.8.0.10/hsqldb-1.8.0.10.jar:/home/alex/.m2/repository/oro/oro/2.0.8/oro-2.0.8.jar:/home/alex/.m2/repository/dk/brics/automaton/automaton/1.11-8/automaton-1.11-8.jar:/home/alex/.m2/repository/org/codehaus/jackson/jackson-mapper-asl/1.8.8/jackson-mapper-asl-1.8.8.jar:/home/alex/.m2/repository/org/codehaus/jackson/jackson-core-asl/1.8.8/jackson-core-asl-1.8.8.jar:/home/alex/.m2/repository/joda-time/joda-time/2.9.9/joda-time-2.9.9.jar:/home/alex/.m2/repository/org/slf4j/slf4j-api/1.7.30/slf4j-api-1.7.30.jar:/home/alex/.m2/repository/org/mockito/mockito-core/3.4.4/mockito-core-3.4.4.jar:/home/alex/.m2/repository/net/bytebuddy/byte-buddy/1.10.13/byte-buddy-1.10.13.jar:/home/alex/.m2/repository/net/bytebuddy/byte-buddy-agent/1.10.13/byte-buddy-agent-1.10.13.jar:/home/alex/.m2/repository/org/objenesis/objenesis/2.6/objenesis-2.6.jar:/home/alex/Repositories/hive/hcatalog/webhcat/java-client/target/testconf:/home/alex/Repositories/hive/hcatalog/webhcat/java-client/../../../conf:"/>
    <property name="java.vm.vendor" value="Private Build"/>
    <property name="hadoop.version" value="3.1.0"/>
    <property name="user.timezone" value="US/Pacific"/>
    <property name="test.local.warehouse.dir" value="pfile:///home/alex/Repositories/hive/hcatalog/webhcat/java-client/target/localfs/warehouse"/>
    <property name="os.name" value="Linux"/>
    <property name="java.vm.specification.version" value="1.8"/>
    <property name="clustermode" value=""/>
    <property name="test.build.data" value="/home/alex/Repositories/hive/hcatalog/webhcat/java-client/target/tmp"/>
    <property name="sun.java.launcher" value="SUN_STANDARD"/>
    <property name="user.country" value="US"/>
    <property name="test.data.files" value="/home/alex/Repositories/hive/hcatalog/webhcat/java-client/../../../data/files"/>
    <property name="nondexLogging" value="CONFIG"/>
    <property name="surefire.test.class.path" value="/home/alex/Repositories/hive/hcatalog/webhcat/java-client/target/test-classes:/home/alex/Repositories/hive/hcatalog/webhcat/java-client/target/classes:/home/alex/Repositories/hive/hcatalog/core/target/classes:/home/alex/Repositories/hive/cli/target/classes:/home/alex/Repositories/hive/service/target/classes:/home/alex/Repositories/hive/llap-server/target/classes:/home/alex/.m2/repository/com/lmax/disruptor/3.3.7/disruptor-3.3.7.jar:/home/alex/Repositories/hive/llap-common/target/test-classes:/home/alex/Repositories/hive/hplsql/target/classes:/home/alex/.m2/repository/org/antlr/antlr4-runtime/4.5/antlr4-runtime-4.5.jar:/home/alex/.m2/repository/org/abego/treelayout/org.abego.treelayout.core/1.0.1/org.abego.treelayout.core-1.0.1.jar:/home/alex/.m2/repository/javax/servlet/jsp/javax.servlet.jsp-api/2.3.1/javax.servlet.jsp-api-2.3.1.jar:/home/alex/.m2/repository/org/eclipse/jetty/jetty-runner/9.3.27.v20190418/jetty-runner-9.3.27.v20190418.jar:/home/alex/.m2/repository/org/eclipse/jetty/jetty-plus/9.3.27.v20190418/jetty-plus-9.3.27.v20190418.jar:/home/alex/.m2/repository/org/eclipse/jetty/jetty-annotations/9.3.27.v20190418/jetty-annotations-9.3.27.v20190418.jar:/home/alex/.m2/repository/org/ow2/asm/asm-commons/6.0/asm-commons-6.0.jar:/home/alex/.m2/repository/org/ow2/asm/asm-tree/6.0/asm-tree-6.0.jar:/home/alex/.m2/repository/org/eclipse/jetty/jetty-jaas/9.3.27.v20190418/jetty-jaas-9.3.27.v20190418.jar:/home/alex/.m2/repository/org/eclipse/jetty/websocket/websocket-server/9.3.27.v20190418/websocket-server-9.3.27.v20190418.jar:/home/alex/.m2/repository/org/eclipse/jetty/websocket/websocket-common/9.3.27.v20190418/websocket-common-9.3.27.v20190418.jar:/home/alex/.m2/repository/org/eclipse/jetty/websocket/websocket-api/9.3.27.v20190418/websocket-api-9.3.27.v20190418.jar:/home/alex/.m2/repository/org/eclipse/jetty/websocket/websocket-client/9.3.27.v20190418/websocket-client-9.3.27.v20190418.jar:/home/alex/.m2/repository/org/eclipse/jetty/websocket/websocket-servlet/9.3.27.v20190418/websocket-servlet-9.3.27.v20190418.jar:/home/alex/.m2/repository/org/eclipse/jetty/jetty-jndi/9.3.27.v20190418/jetty-jndi-9.3.27.v20190418.jar:/home/alex/.m2/repository/org/eclipse/jetty/apache-jsp/9.3.27.v20190418/apache-jsp-9.3.27.v20190418.jar:/home/alex/.m2/repository/org/eclipse/jetty/toolchain/jetty-schemas/3.1/jetty-schemas-3.1.jar:/home/alex/.m2/repository/org/eclipse/jdt/core/compiler/ecj/4.4.2/ecj-4.4.2.jar:/home/alex/.m2/repository/org/eclipse/jetty/apache-jstl/9.3.27.v20190418/apache-jstl-9.3.27.v20190418.jar:/home/alex/.m2/repository/org/apache/taglibs/taglibs-standard-spec/1.2.5/taglibs-standard-spec-1.2.5.jar:/home/alex/.m2/repository/org/apache/taglibs/taglibs-standard-impl/1.2.5/taglibs-standard-impl-1.2.5.jar:/home/alex/.m2/repository/org/bouncycastle/bcprov-jdk15on/1.64/bcprov-jdk15on-1.64.jar:/home/alex/.m2/repository/org/apache/santuario/xmlsec/2.2.1/xmlsec-2.2.1.jar:/home/alex/.m2/repository/org/jamon/jamon-runtime/2.3.1/jamon-runtime-2.3.1.jar:/home/alex/Repositories/hive/common/target/classes:/home/alex/Repositories/hive/classification/target/classes:/home/alex/.m2/repository/org/eclipse/jetty/jetty-http/9.3.27.v20190418/jetty-http-9.3.27.v20190418.jar:/home/alex/.m2/repository/org/eclipse/jetty/jetty-rewrite/9.3.27.v20190418/jetty-rewrite-9.3.27.v20190418.jar:/home/alex/.m2/repository/org/eclipse/jetty/jetty-client/9.3.27.v20190418/jetty-client-9.3.27.v20190418.jar:/home/alex/.m2/repository/org/apache/logging/log4j/log4j-web/2.13.2/log4j-web-2.13.2.jar:/home/alex/.m2/repository/net/sf/jpam/jpam/1.1/jpam-1.1.jar:/home/alex/Repositories/hive/metastore/target/classes:/home/alex/.m2/repository/com/google/guava/guava/19.0/guava-19.0.jar:/home/alex/.m2/repository/com/fasterxml/jackson/core/jackson-annotations/2.12.0/jackson-annotations-2.12.0.jar:/home/alex/.m2/repository/com/fasterxml/jackson/core/jackson-core/2.12.0/jackson-core-2.12.0.jar:/home/alex/.m2/repository/com/fasterxml/jackson/core/jackson-databind/2.12.0/jackson-databind-2.12.0.jar:/home/alex/.m2/repository/org/apache/hadoop/hadoop-annotations/3.1.0/hadoop-annotations-3.1.0.jar:/usr/lib/jvm/java-8-openjdk-amd64/jre/../lib/tools.jar:/home/alex/.m2/repository/org/apache/hadoop/hadoop-archives/3.1.0/hadoop-archives-3.1.0.jar:/home/alex/.m2/repository/org/apache/hadoop/hadoop-hdfs/3.1.0/hadoop-hdfs-3.1.0.jar:/home/alex/.m2/repository/org/eclipse/jetty/jetty-util-ajax/9.3.19.v20170502/jetty-util-ajax-9.3.19.v20170502.jar:/home/alex/.m2/repository/commons-daemon/commons-daemon/1.0.13/commons-daemon-1.0.13.jar:/home/alex/.m2/repository/io/netty/netty-all/4.1.65.Final/netty-all-4.1.65.Final.jar:/home/alex/.m2/repository/org/fusesource/leveldbjni/leveldbjni-all/1.8/leveldbjni-all-1.8.jar:/home/alex/Repositories/hive/hcatalog/server-extensions/target/classes:/home/alex/.m2/repository/jakarta/jms/jakarta.jms-api/2.0.2/jakarta.jms-api-2.0.2.jar:/home/alex/Repositories/hive/ql/target/classes:/home/alex/.m2/repository/org/apache/atlas/atlas-client-v2/2.1.0/atlas-client-v2-2.1.0.jar:/home/alex/.m2/repository/cglib/cglib/2.2.2/cglib-2.2.2.jar:/home/alex/.m2/repository/asm/asm/3.3.1/asm-3.3.1.jar:/home/alex/.m2/repository/org/apache/atlas/atlas-client-common/2.1.0/atlas-client-common-2.1.0.jar:/home/alex/.m2/repository/org/apache/httpcomponents/httpclient/4.5.13/httpclient-4.5.13.jar:/home/alex/.m2/repository/com/sun/jersey/jersey-client/1.19/jersey-client-1.19.jar:/home/alex/.m2/repository/org/apache/atlas/atlas-intg/2.1.0/atlas-intg-2.1.0.jar:/home/alex/.m2/repository/commons-validator/commons-validator/1.6/commons-validator-1.6.jar:/home/alex/.m2/repository/commons-digester/commons-digester/1.8.1/commons-digester-1.8.1.jar:/home/alex/.m2/repository/com/fasterxml/jackson/jaxrs/jackson-jaxrs-base/2.12.0/jackson-jaxrs-base-2.12.0.jar:/home/alex/.m2/repository/com/fasterxml/jackson/jaxrs/jackson-jaxrs-json-provider/2.12.0/jackson-jaxrs-json-provider-2.12.0.jar:/home/alex/.m2/repository/javax/inject/javax.inject/1/javax.inject-1.jar:/home/alex/.m2/repository/org/springframework/spring-context/4.3.20.RELEASE/spring-context-4.3.20.RELEASE.jar:/home/alex/.m2/repository/org/springframework/spring-aop/4.3.20.RELEASE/spring-aop-4.3.20.RELEASE.jar:/home/alex/.m2/repository/org/springframework/spring-beans/4.3.20.RELEASE/spring-beans-4.3.20.RELEASE.jar:/home/alex/.m2/repository/org/springframework/spring-core/4.3.20.RELEASE/spring-core-4.3.20.RELEASE.jar:/home/alex/.m2/repository/org/springframework/spring-expression/4.3.20.RELEASE/spring-expression-4.3.20.RELEASE.jar:/home/alex/.m2/repository/commons-configuration/commons-configuration/1.10/commons-configuration-1.10.jar:/home/alex/.m2/repository/org/apache/commons/commons-math3/3.6.1/commons-math3-3.6.1.jar:/home/alex/Repositories/hive/vector-code-gen/target/classes:/home/alex/.m2/repository/org/apache/velocity/velocity/1.5/velocity-1.5.jar:/home/alex/Repositories/hive/serde/target/classes:/home/alex/.m2/repository/org/apache/arrow/arrow-vector/0.15.1/arrow-vector-0.15.1.jar:/home/alex/.m2/repository/org/apache/arrow/arrow-format/0.15.1/arrow-format-0.15.1.jar:/home/alex/.m2/repository/org/apache/arrow/arrow-memory/0.15.1/arrow-memory-0.15.1.jar:/home/alex/.m2/repository/com/google/flatbuffers/flatbuffers-java/1.9.0/flatbuffers-java-1.9.0.jar:/home/alex/.m2/repository/com/carrotsearch/hppc/0.7.2/hppc-0.7.2.jar:/home/alex/.m2/repository/com/github/davidmoten/flatbuffers-java/1.6.0.1/flatbuffers-java-1.6.0.1.jar:/home/alex/Repositories/hive/parser/target/classes:/home/alex/Repositories/hive/udf/target/classes:/home/alex/Repositories/hive/service-rpc/target/classes:/home/alex/Repositories/hive/llap-client/target/classes:/home/alex/Repositories/hive/llap-common/target/classes:/home/alex/.m2/repository/io/jsonwebtoken/jjwt-api/0.10.5/jjwt-api-0.10.5.jar:/home/alex/.m2/repository/io/jsonwebtoken/jjwt-impl/0.10.5/jjwt-impl-0.10.5.jar:/home/alex/.m2/repository/io/jsonwebtoken/jjwt-jackson/0.10.5/jjwt-jackson-0.10.5.jar:/home/alex/Repositories/hive/llap-tez/target/classes:/home/alex/Repositories/hive/shims/aggregator/target/classes:/home/alex/Repositories/hive/shims/common/target/classes:/home/alex/Repositories/hive/shims/0.23/target/classes:/home/alex/.m2/repository/org/apache/hadoop/hadoop-yarn-server-resourcemanager/3.1.0/hadoop-yarn-server-resourcemanager-3.1.0.jar:/home/alex/.m2/repository/org/apache/hadoop/hadoop-yarn-server-common/3.1.0/hadoop-yarn-server-common-3.1.0.jar:/home/alex/.m2/repository/org/apache/geronimo/specs/geronimo-jcache_1.0_spec/1.0-alpha-1/geronimo-jcache_1.0_spec-1.0-alpha-1.jar:/home/alex/.m2/repository/org/ehcache/ehcache/3.3.1/ehcache-3.3.1.jar:/home/alex/.m2/repository/com/zaxxer/HikariCP-java7/2.4.12/HikariCP-java7-2.4.12.jar:/home/alex/.m2/repository/org/apache/hadoop/hadoop-yarn-server-applicationhistoryservice/3.1.0/hadoop-yarn-server-applicationhistoryservice-3.1.0.jar:/home/alex/.m2/repository/de/ruedigermoeller/fst/2.50/fst-2.50.jar:/home/alex/.m2/repository/com/cedarsoftware/java-util/1.9.0/java-util-1.9.0.jar:/home/alex/.m2/repository/com/cedarsoftware/json-io/2.5.1/json-io-2.5.1.jar:/home/alex/Repositories/hive/shims/scheduler/target/classes:/home/alex/Repositories/hive/spark-client/target/classes:/home/alex/.m2/repository/com/fasterxml/jackson/module/jackson-module-scala_2.12/2.12.0/jackson-module-scala_2.12-2.12.0.jar:/home/alex/.m2/repository/org/scala-lang/scala-library/2.12.10/scala-library-2.12.10.jar:/home/alex/.m2/repository/org/apache/spark/spark-core_2.12/2.4.5/spark-core_2.12-2.4.5.jar:/home/alex/.m2/repository/com/twitter/chill_2.12/0.9.3/chill_2.12-0.9.3.jar:/home/alex/.m2/repository/com/twitter/chill-java/0.9.3/chill-java-0.9.3.jar:/home/alex/.m2/repository/org/apache/xbean/xbean-asm6-shaded/4.8/xbean-asm6-shaded-4.8.jar:/home/alex/.m2/repository/org/apache/hadoop/hadoop-client/3.1.0/hadoop-client-3.1.0.jar:/home/alex/.m2/repository/org/apache/hadoop/hadoop-mapreduce-client-jobclient/3.1.0/hadoop-mapreduce-client-jobclient-3.1.0.jar:/home/alex/.m2/repository/org/apache/hadoop/hadoop-mapreduce-client-common/3.1.0/hadoop-mapreduce-client-common-3.1.0.jar:/home/alex/.m2/repository/org/apache/spark/spark-launcher_2.12/2.4.5/spark-launcher_2.12-2.4.5.jar:/home/alex/.m2/repository/org/apache/spark/spark-kvstore_2.12/2.4.5/spark-kvstore_2.12-2.4.5.jar:/home/alex/.m2/repository/org/apache/spark/spark-network-common_2.12/2.4.5/spark-network-common_2.12-2.4.5.jar:/home/alex/.m2/repository/org/apache/spark/spark-network-shuffle_2.12/2.4.5/spark-network-shuffle_2.12-2.4.5.jar:/home/alex/.m2/repository/org/apache/spark/spark-unsafe_2.12/2.4.5/spark-unsafe_2.12-2.4.5.jar:/home/alex/.m2/repository/javax/activation/activation/1.1.1/activation-1.1.1.jar:/home/alex/.m2/repository/org/slf4j/jul-to-slf4j/1.7.16/jul-to-slf4j-1.7.16.jar:/home/alex/.m2/repository/org/slf4j/jcl-over-slf4j/1.7.16/jcl-over-slf4j-1.7.16.jar:/home/alex/.m2/repository/com/ning/compress-lzf/1.0.3/compress-lzf-1.0.3.jar:/home/alex/.m2/repository/org/roaringbitmap/RoaringBitmap/0.7.45/RoaringBitmap-0.7.45.jar:/home/alex/.m2/repository/org/roaringbitmap/shims/0.7.45/shims-0.7.45.jar:/home/alex/.m2/repository/org/json4s/json4s-jackson_2.12/3.5.3/json4s-jackson_2.12-3.5.3.jar:/home/alex/.m2/repository/org/json4s/json4s-core_2.12/3.5.3/json4s-core_2.12-3.5.3.jar:/home/alex/.m2/repository/org/json4s/json4s-ast_2.12/3.5.3/json4s-ast_2.12-3.5.3.jar:/home/alex/.m2/repository/org/json4s/json4s-scalap_2.12/3.5.3/json4s-scalap_2.12-3.5.3.jar:/home/alex/.m2/repository/org/scala-lang/modules/scala-xml_2.12/1.0.6/scala-xml_2.12-1.0.6.jar:/home/alex/.m2/repository/com/clearspring/analytics/stream/2.7.0/stream-2.7.0.jar:/home/alex/.m2/repository/io/dropwizard/metrics/metrics-graphite/3.1.5/metrics-graphite-3.1.5.jar:/home/alex/.m2/repository/net/razorvine/pyrolite/4.13/pyrolite-4.13.jar:/home/alex/.m2/repository/net/sf/py4j/py4j/0.10.7/py4j-0.10.7.jar:/home/alex/.m2/repository/org/apache/spark/spark-tags_2.12/2.4.5/spark-tags_2.12-2.4.5.jar:/home/alex/.m2/repository/org/apache/commons/commons-crypto/1.0.0/commons-crypto-1.0.0.jar:/home/alex/.m2/repository/org/spark-project/spark/unused/1.0.0/unused-1.0.0.jar:/home/alex/.m2/repository/org/apache/spark/spark-yarn_2.12/2.4.5/spark-yarn_2.12-2.4.5.jar:/home/alex/.m2/repository/org/apache/hadoop/hadoop-yarn-server-web-proxy/3.1.0/hadoop-yarn-server-web-proxy-3.1.0.jar:/home/alex/Repositories/hive/storage-api/target/classes:/home/alex/.m2/repository/com/amazonaws/secretsmanager/aws-secretsmanager-caching-java/1.0.1/aws-secretsmanager-caching-java-1.0.1.jar:/home/alex/.m2/repository/com/esotericsoftware/kryo/5.0.3/kryo-5.0.3.jar:/home/alex/.m2/repository/com/esotericsoftware/minlog/1.3.1/minlog-1.3.1.jar:/home/alex/.m2/repository/com/esotericsoftware/reflectasm/1.11.9/reflectasm-1.11.9.jar:/home/alex/.m2/repository/com/google/protobuf/protobuf-java/2.5.0/protobuf-java-2.5.0.jar:/home/alex/.m2/repository/org/apache/parquet/parquet-hadoop-bundle/1.11.1/parquet-hadoop-bundle-1.11.1.jar:/home/alex/.m2/repository/commons-codec/commons-codec/1.15/commons-codec-1.15.jar:/home/alex/.m2/repository/commons-io/commons-io/2.6/commons-io-2.6.jar:/home/alex/.m2/repository/org/apache/commons/commons-collections4/4.1/commons-collections4-4.1.jar:/home/alex/.m2/repository/org/apache/commons/commons-lang3/3.9/commons-lang3-3.9.jar:/home/alex/.m2/repository/org/apache/commons/commons-text/1.8/commons-text-1.8.jar:/home/alex/.m2/repository/javolution/javolution/5.5.1/javolution-5.5.1.jar:/home/alex/.m2/repository/org/apache/logging/log4j/log4j-1.2-api/2.13.2/log4j-1.2-api-2.13.2.jar:/home/alex/.m2/repository/org/apache/logging/log4j/log4j-api/2.13.2/log4j-api-2.13.2.jar:/home/alex/.m2/repository/org/apache/logging/log4j/log4j-core/2.13.2/log4j-core-2.13.2.jar:/home/alex/.m2/repository/org/apache/logging/log4j/log4j-slf4j-impl/2.13.2/log4j-slf4j-impl-2.13.2.jar:/home/alex/.m2/repository/org/antlr/antlr-runtime/3.5.2/antlr-runtime-3.5.2.jar:/home/alex/.m2/repository/org/antlr/ST4/4.0.4/ST4-4.0.4.jar:/home/alex/.m2/repository/org/apache/avro/avro/1.8.2/avro-1.8.2.jar:/home/alex/.m2/repository/com/thoughtworks/paranamer/paranamer/2.8/paranamer-2.8.jar:/home/alex/.m2/repository/org/xerial/snappy/snappy-java/1.1.4/snappy-java-1.1.4.jar:/home/alex/.m2/repository/org/tukaani/xz/1.5/xz-1.5.jar:/home/alex/.m2/repository/org/apache/avro/avro-mapred/1.8.2/avro-mapred-1.8.2-hadoop2.jar:/home/alex/.m2/repository/org/apache/avro/avro-ipc/1.8.2/avro-ipc-1.8.2.jar:/home/alex/.m2/repository/org/apache/ant/ant/1.9.1/ant-1.9.1.jar:/home/alex/.m2/repository/org/apache/ant/ant-launcher/1.9.1/ant-launcher-1.9.1.jar:/home/alex/.m2/repository/org/apache/commons/commons-compress/1.21/commons-compress-1.21.jar:/home/alex/.m2/repository/org/apache/thrift/libfb303/0.9.3/libfb303-0.9.3.jar:/home/alex/.m2/repository/org/apache/hadoop/hadoop-yarn-registry/3.1.0/hadoop-yarn-registry-3.1.0.jar:/home/alex/.m2/repository/org/apache/hadoop/hadoop-yarn-api/3.1.0/hadoop-yarn-api-3.1.0.jar:/home/alex/.m2/repository/org/apache/curator/curator-client/4.2.0/curator-client-4.2.0.jar:/home/alex/.m2/repository/dnsjava/dnsjava/2.1.7/dnsjava-2.1.7.jar:/home/alex/.m2/repository/org/apache/orc/orc-tools/1.6.9/orc-tools-1.6.9.jar:/home/alex/.m2/repository/com/opencsv/opencsv/3.9/opencsv-3.9.jar:/home/alex/.m2/repository/org/codehaus/jettison/jettison/1.1/jettison-1.1.jar:/home/alex/.m2/repository/org/threeten/threetenbp/1.3.5/threetenbp-1.3.5.jar:/home/alex/.m2/repository/org/apache/ivy/ivy/2.4.0/ivy-2.4.0.jar:/home/alex/.m2/repository/org/apache/thrift/libthrift/0.14.1/libthrift-0.14.1.jar:/home/alex/.m2/repository/org/apache/httpcomponents/httpcore/4.4.13/httpcore-4.4.13.jar:/home/alex/.m2/repository/org/apache/tomcat/embed/tomcat-embed-core/8.5.46/tomcat-embed-core-8.5.46.jar:/home/alex/.m2/repository/org/apache/tomcat/tomcat-annotations-api/8.5.46/tomcat-annotations-api-8.5.46.jar:/home/alex/.m2/repository/javax/annotation/javax.annotation-api/1.3.2/javax.annotation-api-1.3.2.jar:/home/alex/.m2/repository/org/apache/zookeeper/zookeeper/3.5.5/zookeeper-3.5.5.jar:/home/alex/.m2/repository/org/apache/zookeeper/zookeeper-jute/3.5.5/zookeeper-jute-3.5.5.jar:/home/alex/.m2/repository/org/apache/yetus/audience-annotations/0.5.0/audience-annotations-0.5.0.jar:/home/alex/.m2/repository/org/apache/curator/curator-framework/4.2.0/curator-framework-4.2.0.jar:/home/alex/.m2/repository/org/apache/datasketches/datasketches-hive/1.1.0-incubating/datasketches-hive-1.1.0-incubating.jar:/home/alex/.m2/repository/org/apache/datasketches/datasketches-java/1.3.0-incubating/datasketches-java-1.3.0-incubating.jar:/home/alex/.m2/repository/org/apache/datasketches/datasketches-memory/1.2.0-incubating/datasketches-memory-1.2.0-incubating.jar:/home/alex/.m2/repository/org/slf4j/slf4j-simple/1.7.27/slf4j-simple-1.7.27.jar:/home/alex/.m2/repository/org/codehaus/groovy/groovy-all/2.4.11/groovy-all-2.4.11.jar:/home/alex/.m2/repository/org/jodd/jodd-util/6.0.0/jodd-util-6.0.0.jar:/home/alex/.m2/repository/com/fasterxml/jackson/dataformat/jackson-dataformat-yaml/2.12.0/jackson-dataformat-yaml-2.12.0.jar:/home/alex/.m2/repository/org/yaml/snakeyaml/1.27/snakeyaml-1.27.jar:/home/alex/.m2/repository/org/datanucleus/datanucleus-core/5.2.4/datanucleus-core-5.2.4.jar:/home/alex/.m2/repository/org/apache/calcite/calcite-core/1.25.0/calcite-core-1.25.0.jar:/home/alex/.m2/repository/org/apache/calcite/calcite-linq4j/1.25.0/calcite-linq4j-1.25.0.jar:/home/alex/.m2/repository/org/apiguardian/apiguardian-api/1.1.0/apiguardian-api-1.1.0.jar:/home/alex/.m2/repository/com/esri/geometry/esri-geometry-api/2.2.0/esri-geometry-api-2.2.0.jar:/home/alex/.m2/repository/com/yahoo/datasketches/sketches-core/0.9.0/sketches-core-0.9.0.jar:/home/alex/.m2/repository/com/yahoo/datasketches/memory/0.9.0/memory-0.9.0.jar:/home/alex/.m2/repository/org/apache/calcite/calcite-druid/1.25.0/calcite-druid-1.25.0.jar:/home/alex/.m2/repository/org/apache/calcite/avatica/avatica/1.12.0/avatica-1.12.0.jar:/home/alex/.m2/repository/com/googlecode/javaewah/JavaEWAH/0.3.2/JavaEWAH-0.3.2.jar:/home/alex/.m2/repository/com/google/code/gson/gson/2.2.4/gson-2.2.4.jar:/home/alex/.m2/repository/com/tdunning/json/1.8/json-1.8.jar:/home/alex/.m2/repository/stax/stax-api/1.0.1/stax-api-1.0.1.jar:/home/alex/.m2/repository/net/sf/opencsv/opencsv/2.3/opencsv-2.3.jar:/home/alex/Repositories/hive/standalone-metastore/metastore-server/target/classes:/home/alex/.m2/repository/com/google/re2j/re2j/1.2/re2j-1.2.jar:/home/alex/.m2/repository/org/reflections/reflections/0.9.10/reflections-0.9.10.jar:/home/alex/.m2/repository/org/javassist/javassist/3.19.0-GA/javassist-3.19.0-GA.jar:/home/alex/.m2/repository/com/jayway/jsonpath/json-path/2.4.0/json-path-2.4.0.jar:/home/alex/.m2/repository/net/minidev/json-smart/2.3/json-smart-2.3.jar:/home/alex/.m2/repository/net/minidev/accessors-smart/1.2/accessors-smart-1.2.jar:/home/alex/.m2/repository/org/ow2/asm/asm/5.0.4/asm-5.0.4.jar:/home/alex/.m2/repository/org/codehaus/janino/commons-compiler/3.0.11/commons-compiler-3.0.11.jar:/home/alex/.m2/repository/org/codehaus/janino/janino/3.0.11/janino-3.0.11.jar:/home/alex/.m2/repository/com/sun/jersey/contribs/jersey-multipart/1.19/jersey-multipart-1.19.jar:/home/alex/.m2/repository/org/jvnet/mimepull/mimepull/1.9.3/mimepull-1.9.3.jar:/home/alex/.m2/repository/org/apache/kafka/kafka-clients/2.5.0/kafka-clients-2.5.0.jar:/home/alex/.m2/repository/com/github/luben/zstd-jni/1.4.4-7/zstd-jni-1.4.4-7.jar:/home/alex/.m2/repository/org/lz4/lz4-java/1.7.1/lz4-java-1.7.1.jar:/home/alex/.m2/repository/org/apache/hadoop/hadoop-common/3.1.0/hadoop-common-3.1.0.jar:/home/alex/.m2/repository/commons-cli/commons-cli/1.4/commons-cli-1.4.jar:/home/alex/.m2/repository/commons-net/commons-net/3.6/commons-net-3.6.jar:/home/alex/.m2/repository/commons-collections/commons-collections/3.2.2/commons-collections-3.2.2.jar:/home/alex/.m2/repository/javax/servlet/javax.servlet-api/3.1.0/javax.servlet-api-3.1.0.jar:/home/alex/.m2/repository/org/eclipse/jetty/jetty-server/9.3.27.v20190418/jetty-server-9.3.27.v20190418.jar:/home/alex/.m2/repository/org/eclipse/jetty/jetty-io/9.3.27.v20190418/jetty-io-9.3.27.v20190418.jar:/home/alex/.m2/repository/org/eclipse/jetty/jetty-util/9.3.27.v20190418/jetty-util-9.3.27.v20190418.jar:/home/alex/.m2/repository/org/eclipse/jetty/jetty-servlet/9.3.27.v20190418/jetty-servlet-9.3.27.v20190418.jar:/home/alex/.m2/repository/org/eclipse/jetty/jetty-security/9.3.27.v20190418/jetty-security-9.3.27.v20190418.jar:/home/alex/.m2/repository/org/eclipse/jetty/jetty-webapp/9.3.27.v20190418/jetty-webapp-9.3.27.v20190418.jar:/home/alex/.m2/repository/org/eclipse/jetty/jetty-xml/9.3.27.v20190418/jetty-xml-9.3.27.v20190418.jar:/home/alex/.m2/repository/javax/servlet/jsp/jsp-api/2.1/jsp-api-2.1.jar:/home/alex/.m2/repository/com/sun/jersey/jersey-core/1.19/jersey-core-1.19.jar:/home/alex/.m2/repository/javax/ws/rs/jsr311-api/1.1.1/jsr311-api-1.1.1.jar:/home/alex/.m2/repository/com/sun/jersey/jersey-servlet/1.19/jersey-servlet-1.19.jar:/home/alex/.m2/repository/com/sun/jersey/jersey-json/1.19/jersey-json-1.19.jar:/home/alex/.m2/repository/com/sun/xml/bind/jaxb-impl/2.2.3-1/jaxb-impl-2.2.3-1.jar:/home/alex/.m2/repository/org/codehaus/jackson/jackson-jaxrs/1.9.2/jackson-jaxrs-1.9.2.jar:/home/alex/.m2/repository/org/codehaus/jackson/jackson-xc/1.9.2/jackson-xc-1.9.2.jar:/home/alex/.m2/repository/com/sun/jersey/jersey-server/1.19/jersey-server-1.19.jar:/home/alex/.m2/repository/log4j/log4j/1.2.17/log4j-1.2.17.jar:/home/alex/.m2/repository/commons-lang/commons-lang/2.6/commons-lang-2.6.jar:/home/alex/.m2/repository/org/apache/commons/commons-configuration2/2.1.1/commons-configuration2-2.1.1.jar:/home/alex/.m2/repository/org/apache/hadoop/hadoop-auth/3.1.0/hadoop-auth-3.1.0.jar:/home/alex/.m2/repository/com/nimbusds/nimbus-jose-jwt/4.41.1/nimbus-jose-jwt-4.41.1.jar:/home/alex/.m2/repository/com/github/stephenc/jcip/jcip-annotations/1.0-1/jcip-annotations-1.0-1.jar:/home/alex/.m2/repository/com/jcraft/jsch/0.1.54/jsch-0.1.54.jar:/home/alex/.m2/repository/com/google/code/findbugs/jsr305/3.0.0/jsr305-3.0.0.jar:/home/alex/.m2/repository/org/apache/htrace/htrace-core4/4.1.0-incubating/htrace-core4-4.1.0-incubating.jar:/home/alex/.m2/repository/org/apache/kerby/kerb-simplekdc/1.0.1/kerb-simplekdc-1.0.1.jar:/home/alex/.m2/repository/org/apache/kerby/kerb-client/1.0.1/kerb-client-1.0.1.jar:/home/alex/.m2/repository/org/apache/kerby/kerby-config/1.0.1/kerby-config-1.0.1.jar:/home/alex/.m2/repository/org/apache/kerby/kerb-core/1.0.1/kerb-core-1.0.1.jar:/home/alex/.m2/repository/org/apache/kerby/kerby-pkix/1.0.1/kerby-pkix-1.0.1.jar:/home/alex/.m2/repository/org/apache/kerby/kerby-asn1/1.0.1/kerby-asn1-1.0.1.jar:/home/alex/.m2/repository/org/apache/kerby/kerby-util/1.0.1/kerby-util-1.0.1.jar:/home/alex/.m2/repository/org/apache/kerby/kerb-common/1.0.1/kerb-common-1.0.1.jar:/home/alex/.m2/repository/org/apache/kerby/kerb-crypto/1.0.1/kerb-crypto-1.0.1.jar:/home/alex/.m2/repository/org/apache/kerby/kerb-util/1.0.1/kerb-util-1.0.1.jar:/home/alex/.m2/repository/org/apache/kerby/token-provider/1.0.1/token-provider-1.0.1.jar:/home/alex/.m2/repository/org/apache/kerby/kerb-admin/1.0.1/kerb-admin-1.0.1.jar:/home/alex/.m2/repository/org/apache/kerby/kerb-server/1.0.1/kerb-server-1.0.1.jar:/home/alex/.m2/repository/org/apache/kerby/kerb-identity/1.0.1/kerb-identity-1.0.1.jar:/home/alex/.m2/repository/org/apache/kerby/kerby-xdr/1.0.1/kerby-xdr-1.0.1.jar:/home/alex/.m2/repository/org/codehaus/woodstox/stax2-api/3.1.4/stax2-api-3.1.4.jar:/home/alex/.m2/repository/com/fasterxml/woodstox/woodstox-core/5.0.3/woodstox-core-5.0.3.jar:/home/alex/.m2/repository/org/apache/hadoop/hadoop-mapreduce-client-core/3.1.0/hadoop-mapreduce-client-core-3.1.0.jar:/home/alex/.m2/repository/org/apache/hadoop/hadoop-yarn-client/3.1.0/hadoop-yarn-client-3.1.0.jar:/home/alex/.m2/repository/org/apache/hadoop/hadoop-yarn-common/3.1.0/hadoop-yarn-common-3.1.0.jar:/home/alex/.m2/repository/javax/xml/bind/jaxb-api/2.2.11/jaxb-api-2.2.11.jar:/home/alex/.m2/repository/com/google/inject/guice/4.0/guice-4.0.jar:/home/alex/.m2/repository/aopalliance/aopalliance/1.0/aopalliance-1.0.jar:/home/alex/.m2/repository/com/sun/jersey/contribs/jersey-guice/1.19/jersey-guice-1.19.jar:/home/alex/.m2/repository/com/fasterxml/jackson/module/jackson-module-jaxb-annotations/2.12.0/jackson-module-jaxb-annotations-2.12.0.jar:/home/alex/.m2/repository/jakarta/xml/bind/jakarta.xml.bind-api/2.3.2/jakarta.xml.bind-api-2.3.2.jar:/home/alex/.m2/repository/jakarta/activation/jakarta.activation-api/1.2.1/jakarta.activation-api-1.2.1.jar:/home/alex/.m2/repository/org/apache/hadoop/hadoop-hdfs-client/3.1.0/hadoop-hdfs-client-3.1.0.jar:/home/alex/.m2/repository/com/squareup/okhttp/okhttp/2.7.5/okhttp-2.7.5.jar:/home/alex/.m2/repository/com/squareup/okio/okio/1.6.0/okio-1.6.0.jar:/home/alex/.m2/repository/com/google/inject/extensions/guice-servlet/4.0/guice-servlet-4.0.jar:/home/alex/Repositories/hive/ql/target/test-classes:/home/alex/Repositories/hive/standalone-metastore/metastore-common/target/test-classes:/home/alex/.m2/repository/org/apache/orc/orc-core/1.6.9/orc-core-1.6.9.jar:/home/alex/.m2/repository/org/apache/orc/orc-shims/1.6.9/orc-shims-1.6.9.jar:/home/alex/.m2/repository/io/airlift/aircompressor/0.19/aircompressor-0.19.jar:/home/alex/.m2/repository/org/jetbrains/annotations/17.0.0/annotations-17.0.0.jar:/home/alex/.m2/repository/org/threeten/threeten-extra/1.5.0/threeten-extra-1.5.0.jar:/home/alex/.m2/repository/com/github/joshelser/dropwizard-metrics-hadoop-metrics2-reporter/0.1.2/dropwizard-metrics-hadoop-metrics2-reporter-0.1.2.jar:/home/alex/.m2/repository/com/zaxxer/HikariCP/2.6.1/HikariCP-2.6.1.jar:/home/alex/.m2/repository/io/dropwizard/metrics/metrics-core/3.1.0/metrics-core-3.1.0.jar:/home/alex/.m2/repository/io/dropwizard/metrics/metrics-jvm/3.1.0/metrics-jvm-3.1.0.jar:/home/alex/.m2/repository/io/dropwizard/metrics/metrics-json/3.1.0/metrics-json-3.1.0.jar:/home/alex/.m2/repository/org/apache/derby/derby/10.14.1.0/derby-10.14.1.0.jar:/home/alex/.m2/repository/commons-logging/commons-logging/1.1.3/commons-logging-1.1.3.jar:/home/alex/.m2/repository/com/github/ben-manes/caffeine/caffeine/2.8.4/caffeine-2.8.4.jar:/home/alex/.m2/repository/org/checkerframework/checker-qual/3.4.0/checker-qual-3.4.0.jar:/home/alex/.m2/repository/com/google/errorprone/error_prone_annotations/2.3.4/error_prone_annotations-2.3.4.jar:/home/alex/.m2/repository/org/apache/curator/curator-recipes/4.2.0/curator-recipes-4.2.0.jar:/home/alex/Repositories/hive/standalone-metastore/metastore-server/target/test-classes:/home/alex/Repositories/hive/standalone-metastore/metastore-common/target/classes:/home/alex/.m2/repository/org/apache/commons/commons-dbcp2/2.7.0/commons-dbcp2-2.7.0.jar:/home/alex/.m2/repository/org/apache/commons/commons-pool2/2.7.0/commons-pool2-2.7.0.jar:/home/alex/.m2/repository/commons-beanutils/commons-beanutils/1.9.4/commons-beanutils-1.9.4.jar:/home/alex/.m2/repository/org/datanucleus/datanucleus-api-jdo/5.2.4/datanucleus-api-jdo-5.2.4.jar:/home/alex/.m2/repository/org/datanucleus/datanucleus-rdbms/5.2.4/datanucleus-rdbms-5.2.4.jar:/home/alex/.m2/repository/org/datanucleus/javax.jdo/3.2.0-release/javax.jdo-3.2.0-release.jar:/home/alex/.m2/repository/javax/transaction/javax.transaction-api/1.3/javax.transaction-api-1.3.jar:/home/alex/.m2/repository/org/glassfish/corba/glassfish-corba-omgapi/4.2.2/glassfish-corba-omgapi-4.2.2.jar:/home/alex/.m2/repository/sqlline/sqlline/1.9.0/sqlline-1.9.0.jar:/home/alex/.m2/repository/org/jline/jline-terminal/3.12.1/jline-terminal-3.12.1.jar:/home/alex/.m2/repository/org/jline/jline-reader/3.12.1/jline-reader-3.12.1.jar:/home/alex/.m2/repository/org/jline/jline-terminal-jansi/3.12.1/jline-terminal-jansi-3.12.1.jar:/home/alex/.m2/repository/org/fusesource/jansi/jansi/1.18/jansi-1.18.jar:/home/alex/.m2/repository/org/jline/jline-terminal-jna/3.12.1/jline-terminal-jna-3.12.1.jar:/home/alex/.m2/repository/net/java/dev/jna/jna/5.3.1/jna-5.3.1.jar:/home/alex/.m2/repository/org/jline/jline-builtins/3.12.1/jline-builtins-3.12.1.jar:/home/alex/.m2/repository/org/jline/jline-style/3.12.1/jline-style-3.12.1.jar:/home/alex/.m2/repository/jline/jline/2.14.6/jline-2.14.6.jar:/home/alex/.m2/repository/com/cronutils/cron-utils/9.1.3/cron-utils-9.1.3.jar:/home/alex/.m2/repository/org/glassfish/javax.el/3.0.0/javax.el-3.0.0.jar:/home/alex/.m2/repository/com/oracle/database/jdbc/ojdbc8/21.3.0.0/ojdbc8-21.3.0.0.jar:/home/alex/.m2/repository/mysql/mysql-connector-java/8.0.27/mysql-connector-java-8.0.27.jar:/home/alex/.m2/repository/com/microsoft/sqlserver/mssql-jdbc/6.2.1.jre8/mssql-jdbc-6.2.1.jre8.jar:/home/alex/.m2/repository/org/postgresql/postgresql/42.2.14/postgresql-42.2.14.jar:/home/alex/Repositories/hive/hcatalog/core/target/test-classes:/home/alex/.m2/repository/org/apache/pig/pig/0.16.0/pig-0.16.0-h2.jar:/home/alex/.m2/repository/xmlenc/xmlenc/0.52/xmlenc-0.52.jar:/home/alex/.m2/repository/commons-httpclient/commons-httpclient/3.1/commons-httpclient-3.1.jar:/home/alex/.m2/repository/org/mortbay/jetty/jetty/6.1.26/jetty-6.1.26.jar:/home/alex/.m2/repository/org/mortbay/jetty/servlet-api/2.5-20081211/servlet-api-2.5-20081211.jar:/home/alex/.m2/repository/org/mortbay/jetty/jetty-util/6.1.26/jetty-util-6.1.26.jar:/home/alex/.m2/repository/org/mortbay/jetty/jsp-api-2.1/6.1.14/jsp-api-2.1-6.1.14.jar:/home/alex/.m2/repository/org/mortbay/jetty/jsp-2.1/6.1.14/jsp-2.1-6.1.14.jar:/home/alex/.m2/repository/org/eclipse/jdt/core/3.1.1/core-3.1.1.jar:/home/alex/.m2/repository/ant/ant/1.6.5/ant-1.6.5.jar:/home/alex/.m2/repository/commons-el/commons-el/1.0/commons-el-1.0.jar:/home/alex/.m2/repository/net/java/dev/jets3t/jets3t/0.7.1/jets3t-0.7.1.jar:/home/alex/.m2/repository/org/mortbay/jetty/servlet-api-2.5/6.1.14/servlet-api-2.5-6.1.14.jar:/home/alex/.m2/repository/net/sf/kosmosfs/kfs/0.3/kfs-0.3.jar:/home/alex/.m2/repository/junit/junit/4.13/junit-4.13.jar:/home/alex/.m2/repository/org/hamcrest/hamcrest-core/1.3/hamcrest-core-1.3.jar:/home/alex/.m2/repository/hsqldb/hsqldb/1.8.0.10/hsqldb-1.8.0.10.jar:/home/alex/.m2/repository/oro/oro/2.0.8/oro-2.0.8.jar:/home/alex/.m2/repository/dk/brics/automaton/automaton/1.11-8/automaton-1.11-8.jar:/home/alex/.m2/repository/org/codehaus/jackson/jackson-mapper-asl/1.8.8/jackson-mapper-asl-1.8.8.jar:/home/alex/.m2/repository/org/codehaus/jackson/jackson-core-asl/1.8.8/jackson-core-asl-1.8.8.jar:/home/alex/.m2/repository/joda-time/joda-time/2.9.9/joda-time-2.9.9.jar:/home/alex/.m2/repository/org/slf4j/slf4j-api/1.7.30/slf4j-api-1.7.30.jar:/home/alex/.m2/repository/org/mockito/mockito-core/3.4.4/mockito-core-3.4.4.jar:/home/alex/.m2/repository/net/bytebuddy/byte-buddy/1.10.13/byte-buddy-1.10.13.jar:/home/alex/.m2/repository/net/bytebuddy/byte-buddy-agent/1.10.13/byte-buddy-agent-1.10.13.jar:/home/alex/.m2/repository/org/objenesis/objenesis/2.6/objenesis-2.6.jar:/home/alex/Repositories/hive/hcatalog/webhcat/java-client/target/testconf:/home/alex/Repositories/hive/hcatalog/webhcat/java-client/../../../conf:"/>
    <property name="sun.cpu.endian" value="little"/>
    <property name="user.home" value="/home/alex"/>
    <property name="user.language" value="en"/>
    <property name="java.security.krb5.conf" value="/home/alex/Repositories/hive/hcatalog/webhcat/java-client/target/testconf/krb5.conf"/>
    <property name="test.dfs.mkdir" value=""/>
    <property name="hive.exec.pre.hooks" value=" "/>
    <property name="java.awt.graphicsenv" value="sun.awt.X11GraphicsEnvironment"/>
    <property name="nondexFilter" value=".*"/>
    <property name="nondexSeed" value="974622"/>
    <property name="surefire.real.class.path" value="/home/alex/Repositories/hive/hcatalog/webhcat/java-client/target/surefire/surefirebooter8038034933459575032.jar"/>
    <property name="hadoop.log.dir" value="/home/alex/Repositories/hive/hcatalog/webhcat/java-client/target/tmp"/>
    <property name="java.net.preferIPv4Stack" value="true"/>
    <property name="path.separator" value=":"/>
    <property name="os.version" value="6.5.0-28-generic"/>
    <property name="java.endorsed.dirs" value="/usr/lib/jvm/java-8-openjdk-amd64/jre/lib/endorsed"/>
    <property name="java.runtime.name" value="OpenJDK Runtime Environment"/>
    <property name="hive.test.console.log.level" value="INFO"/>
    <property name="java.vm.name" value="OpenJDK 64-Bit Server VM"/>
    <property name="java.vendor.url.bug" value="http://bugreport.sun.com/bugreport/"/>
    <property name="maven.local.repository" value="/home/alex/.m2/repository"/>
    <property name="user.dir" value="/home/alex/Repositories/hive/hcatalog/webhcat/java-client"/>
    <property name="os.arch" value="amd64"/>
    <property name="nondexMode" value="FULL"/>
    <property name="user.language.format" value="pt"/>
    <property name="antlr.version" value="3.5.2"/>
    <property name="hive.metastore.transactional.event.listeners" value="org.apache.hive.hcatalog.listener.DbNotificationListener"/>
    <property name="derby.version" value="10.14.1.0"/>
    <property name="java.vm.info" value="mixed mode"/>
    <property name="java.vm.version" value="25.402-b06"/>
    <property name="java.ext.dirs" value="/usr/lib/jvm/java-8-openjdk-amd64/jre/lib/ext:/usr/java/packages/lib/ext"/>
    <property name="java.class.version" value="52.0"/>
    <property name="test.output.overwrite" value=""/>
    <property name="hive.root" value="/home/alex/Repositories/hive/hcatalog/webhcat/java-client/../../../"/>
  </properties>
  <testcase name="testGetPartitionsWithPartialSpec" classname="org.apache.hive.hcatalog.api.TestHCatClient" time="2.933"/>
  <testcase name="testDatabaseLocation" classname="org.apache.hive.hcatalog.api.TestHCatClient" time="0.097"/>
  <testcase name="testDropPartitionsWithPartialSpec" classname="org.apache.hive.hcatalog.api.TestHCatClient" time="13.062"/>
  <testcase name="testBasicDDLCommands" classname="org.apache.hive.hcatalog.api.TestHCatClient" time="0.586"/>
  <testcase name="testTransportFailure" classname="org.apache.hive.hcatalog.api.TestHCatClient" time="0.297"/>
  <testcase name="testRenameTable" classname="org.apache.hive.hcatalog.api.TestHCatClient" time="0.276"/>
  <testcase name="testDropTableException" classname="org.apache.hive.hcatalog.api.TestHCatClient" time="0.059"/>
  <testcase name="testReplicationTaskIter" classname="org.apache.hive.hcatalog.api.TestHCatClient" time="3.36"/>
  <testcase name="testObjectNotFoundException" classname="org.apache.hive.hcatalog.api.TestHCatClient" time="0.299"/>
  <testcase name="testTableSchemaPropagation" classname="org.apache.hive.hcatalog.api.TestHCatClient" time="73.133"/>
  <testcase name="testEmptyTableInstantiation" classname="org.apache.hive.hcatalog.api.TestHCatClient" time="22.184"/>
  <testcase name="testPartitionsHCatClientImpl" classname="org.apache.hive.hcatalog.api.TestHCatClient" time="0.641"/>
  <testcase name="testCreateTableLike" classname="org.apache.hive.hcatalog.api.TestHCatClient" time="0.218">
    <failure type="java.lang.AssertionError"><![CDATA[java.lang.AssertionError
	at org.junit.Assert.fail(Assert.java:87)
	at org.junit.Assert.assertTrue(Assert.java:42)
	at org.junit.Assert.assertTrue(Assert.java:53)
	at org.apache.hive.hcatalog.api.TestHCatClient.testCreateTableLike(TestHCatClient.java:419)
	at sun.reflect.NativeMethodAccessorImpl.invoke0(Native Method)
	at sun.reflect.NativeMethodAccessorImpl.invoke(NativeMethodAccessorImpl.java:62)
	at sun.reflect.DelegatingMethodAccessorImpl.invoke(DelegatingMethodAccessorImpl.java:43)
	at java.lang.reflect.Method.invoke(Method.java:498)
	at org.junit.runners.model.FrameworkMethod$1.runReflectiveCall(FrameworkMethod.java:59)
	at org.junit.internal.runners.model.ReflectiveCallable.run(ReflectiveCallable.java:12)
	at org.junit.runners.model.FrameworkMethod.invokeExplosively(FrameworkMethod.java:56)
	at org.junit.internal.runners.statements.InvokeMethod.evaluate(InvokeMethod.java:17)
	at org.junit.runners.ParentRunner$3.evaluate(ParentRunner.java:306)
	at org.junit.runners.BlockJUnit4ClassRunner$1.evaluate(BlockJUnit4ClassRunner.java:100)
	at org.junit.runners.ParentRunner.runLeaf(ParentRunner.java:366)
	at org.junit.runners.BlockJUnit4ClassRunner.runChild(BlockJUnit4ClassRunner.java:103)
	at org.junit.runners.BlockJUnit4ClassRunner.runChild(BlockJUnit4ClassRunner.java:63)
	at org.junit.runners.ParentRunner$4.run(ParentRunner.java:331)
	at org.junit.runners.ParentRunner$1.schedule(ParentRunner.java:79)
	at org.junit.runners.ParentRunner.runChildren(ParentRunner.java:329)
	at org.junit.runners.ParentRunner.access$100(ParentRunner.java:66)
	at org.junit.runners.ParentRunner$2.evaluate(ParentRunner.java:293)
	at org.junit.internal.runners.statements.RunBefores.evaluate(RunBefores.java:26)
	at org.junit.internal.runners.statements.RunAfters.evaluate(RunAfters.java:27)
	at org.junit.runners.ParentRunner$3.evaluate(ParentRunner.java:306)
	at org.junit.runners.ParentRunner.run(ParentRunner.java:413)
	at org.junit.runners.Suite.runChild(Suite.java:128)
	at org.junit.runners.Suite.runChild(Suite.java:27)
	at org.junit.runners.ParentRunner$4.run(ParentRunner.java:331)
	at org.junit.runners.ParentRunner$1.schedule(ParentRunner.java:79)
	at org.junit.runners.ParentRunner.runChildren(ParentRunner.java:329)
	at org.junit.runners.ParentRunner.access$100(ParentRunner.java:66)
	at org.junit.runners.ParentRunner$2.evaluate(ParentRunner.java:293)
	at org.junit.runners.ParentRunner$3.evaluate(ParentRunner.java:306)
	at org.junit.runners.ParentRunner.run(ParentRunner.java:413)
	at org.apache.maven.surefire.junitcore.JUnitCore.run(JUnitCore.java:55)
	at org.apache.maven.surefire.junitcore.JUnitCoreWrapper.createRequestAndRun(JUnitCoreWrapper.java:137)
	at org.apache.maven.surefire.junitcore.JUnitCoreWrapper.executeEager(JUnitCoreWrapper.java:107)
	at org.apache.maven.surefire.junitcore.JUnitCoreWrapper.execute(JUnitCoreWrapper.java:83)
	at org.apache.maven.surefire.junitcore.JUnitCoreWrapper.execute(JUnitCoreWrapper.java:75)
	at org.apache.maven.surefire.junitcore.JUnitCoreProvider.invoke(JUnitCoreProvider.java:158)
	at org.apache.maven.surefire.booter.ForkedBooter.runSuitesInProcess(ForkedBooter.java:377)
	at org.apache.maven.surefire.booter.ForkedBooter.execute(ForkedBooter.java:138)
	at org.apache.maven.surefire.booter.ForkedBooter.run(ForkedBooter.java:465)
	at org.apache.maven.surefire.booter.ForkedBooter.main(ForkedBooter.java:451)
]]></failure>
    <system-err><![CDATA[2024-04-24T12:15:44,969  WARN [main] conf.HiveConf: HiveConf of name hive.metastore.metadb.dir does not exist
2024-04-24T12:15:44,969  WARN [main] conf.HiveConf: HiveConf of name hive.metastore.client.cache.maxSize does not exist
2024-04-24T12:15:44,969  WARN [main] conf.HiveConf: HiveConf of name hive.dummyparam.test.server.specific.config.metastoresite does not exist
2024-04-24T12:15:44,969  WARN [main] conf.HiveConf: HiveConf of name hive.dummyparam.test.server.specific.config.hivesite does not exist
2024-04-24T12:15:44,969  WARN [main] conf.HiveConf: HiveConf of name hive.stats.key.prefix.reserve.length does not exist
2024-04-24T12:15:44,969  WARN [main] conf.HiveConf: HiveConf of name hive.dummyparam.test.server.specific.config.override does not exist
2024-04-24T12:15:44,970  WARN [main] conf.HiveConf: HiveConf of name hive.llap.io.cache.orc.size does not exist
2024-04-24T12:15:44,970  WARN [main] conf.HiveConf: HiveConf of name hive.metastore.client.cache.recordStats does not exist
2024-04-24T12:15:44,970  WARN [main] conf.HiveConf: HiveConf of name hive.llap.io.cache.orc.alloc.max does not exist
2024-04-24T12:15:44,970  WARN [main] conf.HiveConf: HiveConf of name hive.llap.io.cache.orc.arena.size does not exist
2024-04-24T12:15:44,970  WARN [main] conf.HiveConf: HiveConf of name hive.llap.io.cache.orc.alloc.min does not exist
2024-04-24T12:15:44,970  INFO [main] common.HCatUtil: mapreduce.lib.hcatoutput.hive.conf not set. Generating configuration differences.
2024-04-24T12:15:44,971  INFO [main] common.HCatUtil: Configuration differences={datanucleus.schema.autoCreateAll=true, hive.exec.scratchdir=${test.tmp.dir}/scratchdir, hive.strict.timestamp.conversion=false, datanucleus.connectionPool.maxPoolSize=4, hive.ignore.mapjoin.hint=false, hive.query.reexecution.stats.persist.scope=query, hive.cbo.fallback.strategy=TEST, hive.users.in.admin.role=hive_admin_user, hive.metastore.warehouse.dir=${test.warehouse.dir}, hive.server2.operation.log.purgePolicy.timeToLive=5s, hive.llap.io.allocator.direct=false, hive.default.rcfile.serde=org.apache.hadoop.hive.serde2.columnar.ColumnarSerDe, javax.jdo.option.ConnectionURL=jdbc:derby:memory:${test.tmp.dir}/junit_metastore_db;create=true, hive.test.dummystats.aggregator=value2, hive.scheduled.queries.executor.enabled=false, hive.querylog.location=${test.tmp.dir}/tmp, hive.jar.path=${maven.local.repository}/org/apache/hive/hive-exec/${hive.version}/hive-exec-${hive.version}.jar, hive.exec.local.scratchdir=${test.tmp.dir}/localscratchdir/, hive.fetch.task.conversion=minimal, hive.mapjoin.max.gc.time.percentage=0.99, hive.security.authorization.manager=org.apache.hadoop.hive.ql.security.authorization.plugin.sqlstd.SQLStdHiveAuthorizerFactoryForTest, hive.in.test=true, hive.stats.fetch.bitvector=true, hive.query.results.cache.enabled=false, hive.metastore.client.cache.enabled=true, hive.auto.convert.join=false, hive.exec.submit.local.task.via.child=false, hive.metastore.schema.verification=false, hive.conf.restricted.list=from.hivemetastore-site.xml}
2024-04-24T12:15:44,972  WARN [main] metastore.HiveMetaStoreClient: Unexpected increment of user count beyond one: 2 HCatClient: thread: 1 users=2 expired=false closed=false
2024-04-24T12:15:44,972  INFO [TThreadPoolServer WorkerProcess-%d] HiveMetaStore.audit: ugi=alex	ip=127.0.0.1	cmd=source:127.0.0.1 get_databases: @hive#NonExistentDatabaseUsedForHealthCheck	
2024-04-24T12:15:44,976  INFO [TThreadPoolServer WorkerProcess-%d] HiveMetaStore.audit: ugi=alex	ip=127.0.0.1	cmd=source:127.0.0.1 get_table : tbl=hive.default.tableone	
2024-04-24T12:15:44,978  INFO [TThreadPoolServer WorkerProcess-%d] HiveMetaStore.audit: ugi=alex	ip=127.0.0.1	cmd=source:127.0.0.1 get_table : tbl=hive.default.tabletwo	
2024-04-24T12:15:44,980  WARN [main] api.HCatTable: Conf hasn't been set yet. Using defaults.
2024-04-24T12:15:45,037  WARN [main] conf.HiveConf: HiveConf of name hive.llap.io.cache.orc.alloc.min does not exist
2024-04-24T12:15:45,037  WARN [main] conf.HiveConf: HiveConf of name hive.stats.key.prefix.reserve.length does not exist
2024-04-24T12:15:45,037  WARN [main] conf.HiveConf: HiveConf of name hive.llap.io.cache.orc.size does not exist
2024-04-24T12:15:45,037  WARN [main] conf.HiveConf: HiveConf of name hive.metastore.metadb.dir does not exist
2024-04-24T12:15:45,037  WARN [main] conf.HiveConf: HiveConf of name hive.dummyparam.test.server.specific.config.override does not exist
2024-04-24T12:15:45,037  WARN [main] conf.HiveConf: HiveConf of name hive.dummyparam.test.server.specific.config.metastoresite does not exist
2024-04-24T12:15:45,038  WARN [main] conf.HiveConf: HiveConf of name hive.llap.io.cache.orc.arena.size does not exist
2024-04-24T12:15:45,038  WARN [main] conf.HiveConf: HiveConf of name hive.llap.io.cache.orc.alloc.max does not exist
2024-04-24T12:15:45,038  WARN [main] conf.HiveConf: HiveConf of name hive.metastore.client.cache.recordStats does not exist
2024-04-24T12:15:45,038  WARN [main] conf.HiveConf: HiveConf of name hive.metastore.client.cache.maxSize does not exist
2024-04-24T12:15:45,038  WARN [main] conf.HiveConf: HiveConf of name hive.dummyparam.test.server.specific.config.hivesite does not exist
2024-04-24T12:15:45,038  INFO [TThreadPoolServer WorkerProcess-%d] HiveMetaStore.audit: ugi=alex	ip=127.0.0.1	cmd=source:127.0.0.1 create_table_req: Table(tableName:tableone, dbName:default, owner:alex, createTime:1713986144, lastAccessTime:0, retention:0, sd:StorageDescriptor(cols:[FieldSchema(name:id, type:int, comment:id columns), FieldSchema(name:value, type:string, comment:id columns)], location:null, inputFormat:org.apache.hadoop.hive.ql.io.RCFileInputFormat, outputFormat:org.apache.hadoop.hive.ql.io.RCFileOutputFormat, compressed:false, numBuckets:0, serdeInfo:SerDeInfo(name:null, serializationLib:org.apache.hadoop.hive.serde2.columnar.LazyBinaryColumnarSerDe, parameters:{serialization.format=1}), bucketCols:null, sortCols:null, parameters:null), partitionKeys:[], parameters:{bucketing_version=2}, viewOriginalText:null, viewExpandedText:null, tableType:MANAGED_TABLE, catName:hive, ownerType:USER)	
2024-04-24T12:15:45,042  INFO [TThreadPoolServer WorkerProcess-%d] utils.FileUtils: Creating directory if it doesn't exist: pfile:/home/alex/Repositories/hive/hcatalog/webhcat/java-client/target/warehouse/45843/tableone
2024-04-24T12:15:45,070  INFO [TThreadPoolServer WorkerProcess-%d] HiveMetaStore.audit: ugi=alex	ip=127.0.0.1	cmd=source:127.0.0.1 get_table : tbl=hive.default.tableone	
2024-04-24T12:15:45,076  INFO [TThreadPoolServer WorkerProcess-%d] metastore.HMSHandler: Skipping translation for processor with null
2024-04-24T12:15:45,077  INFO [TThreadPoolServer WorkerProcess-%d] HiveMetaStore.audit: ugi=alex	ip=127.0.0.1	cmd=source:127.0.0.1 create_table_req: Table(tableName:tabletwo, dbName:default, owner:null, createTime:1713986145, lastAccessTime:0, retention:0, sd:StorageDescriptor(cols:[FieldSchema(name:id, type:int, comment:id columns), FieldSchema(name:value, type:string, comment:id columns)], location:pfile:/home/alex/Repositories/hive/hcatalog/webhcat/java-client/target/warehouse/45843/tableone, inputFormat:org.apache.hadoop.hive.ql.io.RCFileInputFormat, outputFormat:org.apache.hadoop.hive.ql.io.RCFileOutputFormat, compressed:false, numBuckets:0, serdeInfo:SerDeInfo(name:null, serializationLib:org.apache.hadoop.hive.serde2.columnar.LazyBinaryColumnarSerDe, parameters:{serialization.format=1}), bucketCols:[], sortCols:[], parameters:{}, skewedInfo:SkewedInfo(skewedColNames:[], skewedColValues:[], skewedColValueLocationMaps:{}), storedAsSubDirectories:false), partitionKeys:null, parameters:{transient_lastDdlTime=1713986145, EXTERNAL=TRUE, bucketing_version=2}, viewOriginalText:null, viewExpandedText:null, tableType:EXTERNAL_TABLE, catName:hive, ownerType:USER)	
2024-04-24T12:15:45,089  INFO [TThreadPoolServer WorkerProcess-%d] utils.MetaStoreServerUtils: Updating table stats for tabletwo
2024-04-24T12:15:45,089  INFO [TThreadPoolServer WorkerProcess-%d] utils.MetaStoreServerUtils: Updated size of table tabletwo to 0
2024-04-24T12:15:45,103  INFO [TThreadPoolServer WorkerProcess-%d] HiveMetaStore.audit: ugi=alex	ip=127.0.0.1	cmd=source:127.0.0.1 get_multi_table : db=default tbls=null	
]]></system-err>
  </testcase>
  <testcase name="testOtherFailure" classname="org.apache.hive.hcatalog.api.TestHCatClient" time="0.427"/>
  <testcase name="testPartitionSpecRegistrationWithCustomSchema" classname="org.apache.hive.hcatalog.api.TestHCatClient" time="41.516">
    <failure message="Unexpected exception! org.apache.hive.hcatalog.common.HCatException : 9001 : Exception occurred while processing HCat request : MetaException while dropping db.. Cause : MetaException(message:javax.jdo.JDODataStoreException: Exception thrown flushing changes to datastore&#10;NestedThrowables:&#10;java.sql.BatchUpdateException: DELETE on table &apos;DBS&apos; caused a violation of foreign key constraint &apos;TBLS_FK1&apos; for key (11).  The statement has been rolled back.)" type="java.lang.AssertionError"><![CDATA[java.lang.AssertionError: 
Unexpected exception! org.apache.hive.hcatalog.common.HCatException : 9001 : Exception occurred while processing HCat request : MetaException while dropping db.. Cause : MetaException(message:javax.jdo.JDODataStoreException: Exception thrown flushing changes to datastore
NestedThrowables:
java.sql.BatchUpdateException: DELETE on table 'DBS' caused a violation of foreign key constraint 'TBLS_FK1' for key (11).  The statement has been rolled back.)
	at org.junit.Assert.fail(Assert.java:89)
	at org.junit.Assert.assertTrue(Assert.java:42)
	at org.apache.hive.hcatalog.api.TestHCatClient.testPartitionSpecRegistrationWithCustomSchema(TestHCatClient.java:1345)
	at sun.reflect.NativeMethodAccessorImpl.invoke0(Native Method)
	at sun.reflect.NativeMethodAccessorImpl.invoke(NativeMethodAccessorImpl.java:62)
	at sun.reflect.DelegatingMethodAccessorImpl.invoke(DelegatingMethodAccessorImpl.java:43)
	at java.lang.reflect.Method.invoke(Method.java:498)
	at org.junit.runners.model.FrameworkMethod$1.runReflectiveCall(FrameworkMethod.java:59)
	at org.junit.internal.runners.model.ReflectiveCallable.run(ReflectiveCallable.java:12)
	at org.junit.runners.model.FrameworkMethod.invokeExplosively(FrameworkMethod.java:56)
	at org.junit.internal.runners.statements.InvokeMethod.evaluate(InvokeMethod.java:17)
	at org.junit.runners.ParentRunner$3.evaluate(ParentRunner.java:306)
	at org.junit.runners.BlockJUnit4ClassRunner$1.evaluate(BlockJUnit4ClassRunner.java:100)
	at org.junit.runners.ParentRunner.runLeaf(ParentRunner.java:366)
	at org.junit.runners.BlockJUnit4ClassRunner.runChild(BlockJUnit4ClassRunner.java:103)
	at org.junit.runners.BlockJUnit4ClassRunner.runChild(BlockJUnit4ClassRunner.java:63)
	at org.junit.runners.ParentRunner$4.run(ParentRunner.java:331)
	at org.junit.runners.ParentRunner$1.schedule(ParentRunner.java:79)
	at org.junit.runners.ParentRunner.runChildren(ParentRunner.java:329)
	at org.junit.runners.ParentRunner.access$100(ParentRunner.java:66)
	at org.junit.runners.ParentRunner$2.evaluate(ParentRunner.java:293)
	at org.junit.internal.runners.statements.RunBefores.evaluate(RunBefores.java:26)
	at org.junit.internal.runners.statements.RunAfters.evaluate(RunAfters.java:27)
	at org.junit.runners.ParentRunner$3.evaluate(ParentRunner.java:306)
	at org.junit.runners.ParentRunner.run(ParentRunner.java:413)
	at org.junit.runners.Suite.runChild(Suite.java:128)
	at org.junit.runners.Suite.runChild(Suite.java:27)
	at org.junit.runners.ParentRunner$4.run(ParentRunner.java:331)
	at org.junit.runners.ParentRunner$1.schedule(ParentRunner.java:79)
	at org.junit.runners.ParentRunner.runChildren(ParentRunner.java:329)
	at org.junit.runners.ParentRunner.access$100(ParentRunner.java:66)
	at org.junit.runners.ParentRunner$2.evaluate(ParentRunner.java:293)
	at org.junit.runners.ParentRunner$3.evaluate(ParentRunner.java:306)
	at org.junit.runners.ParentRunner.run(ParentRunner.java:413)
	at org.apache.maven.surefire.junitcore.JUnitCore.run(JUnitCore.java:55)
	at org.apache.maven.surefire.junitcore.JUnitCoreWrapper.createRequestAndRun(JUnitCoreWrapper.java:137)
	at org.apache.maven.surefire.junitcore.JUnitCoreWrapper.executeEager(JUnitCoreWrapper.java:107)
	at org.apache.maven.surefire.junitcore.JUnitCoreWrapper.execute(JUnitCoreWrapper.java:83)
	at org.apache.maven.surefire.junitcore.JUnitCoreWrapper.execute(JUnitCoreWrapper.java:75)
	at org.apache.maven.surefire.junitcore.JUnitCoreProvider.invoke(JUnitCoreProvider.java:158)
	at org.apache.maven.surefire.booter.ForkedBooter.runSuitesInProcess(ForkedBooter.java:377)
	at org.apache.maven.surefire.booter.ForkedBooter.execute(ForkedBooter.java:138)
	at org.apache.maven.surefire.booter.ForkedBooter.run(ForkedBooter.java:465)
	at org.apache.maven.surefire.booter.ForkedBooter.main(ForkedBooter.java:451)
]]></failure>
    <system-err><![CDATA[2024-04-24T12:15:45,613  WARN [main] conf.HiveConf: HiveConf of name hive.dummyparam.test.server.specific.config.hivesite does not exist
2024-04-24T12:15:45,613  WARN [main] conf.HiveConf: HiveConf of name hive.llap.io.cache.orc.alloc.min does not exist
2024-04-24T12:15:45,613  WARN [main] conf.HiveConf: HiveConf of name hive.metastore.client.cache.recordStats does not exist
2024-04-24T12:15:45,613  WARN [main] conf.HiveConf: HiveConf of name hive.llap.io.cache.orc.alloc.max does not exist
2024-04-24T12:15:45,613  WARN [main] conf.HiveConf: HiveConf of name hive.stats.key.prefix.reserve.length does not exist
2024-04-24T12:15:45,613  WARN [main] conf.HiveConf: HiveConf of name hive.llap.io.cache.orc.arena.size does not exist
2024-04-24T12:15:45,613  WARN [main] conf.HiveConf: HiveConf of name hive.llap.io.cache.orc.size does not exist
2024-04-24T12:15:45,613  WARN [main] conf.HiveConf: HiveConf of name hive.dummyparam.test.server.specific.config.metastoresite does not exist
2024-04-24T12:15:45,613  WARN [main] conf.HiveConf: HiveConf of name hive.metastore.client.cache.maxSize does not exist
2024-04-24T12:15:45,613  WARN [main] conf.HiveConf: HiveConf of name hive.metastore.metadb.dir does not exist
2024-04-24T12:15:45,613  WARN [main] conf.HiveConf: HiveConf of name hive.dummyparam.test.server.specific.config.override does not exist
2024-04-24T12:15:45,613  INFO [main] common.HCatUtil: mapreduce.lib.hcatoutput.hive.conf not set. Generating configuration differences.
2024-04-24T12:15:45,615  INFO [main] common.HCatUtil: Configuration differences={datanucleus.schema.autoCreateAll=true, hive.exec.scratchdir=${test.tmp.dir}/scratchdir, hive.strict.timestamp.conversion=false, datanucleus.connectionPool.maxPoolSize=4, hive.ignore.mapjoin.hint=false, hive.query.reexecution.stats.persist.scope=query, hive.cbo.fallback.strategy=TEST, hive.users.in.admin.role=hive_admin_user, hive.metastore.warehouse.dir=${test.warehouse.dir}, hive.server2.operation.log.purgePolicy.timeToLive=5s, hive.llap.io.allocator.direct=false, hive.default.rcfile.serde=org.apache.hadoop.hive.serde2.columnar.ColumnarSerDe, javax.jdo.option.ConnectionURL=jdbc:derby:memory:${test.tmp.dir}/junit_metastore_db;create=true, hive.test.dummystats.aggregator=value2, hive.scheduled.queries.executor.enabled=false, hive.querylog.location=${test.tmp.dir}/tmp, hive.exec.local.scratchdir=${test.tmp.dir}/localscratchdir/, hive.jar.path=${maven.local.repository}/org/apache/hive/hive-exec/${hive.version}/hive-exec-${hive.version}.jar, hive.fetch.task.conversion=minimal, hive.security.authorization.manager=org.apache.hadoop.hive.ql.security.authorization.plugin.sqlstd.SQLStdHiveAuthorizerFactoryForTest, hive.mapjoin.max.gc.time.percentage=0.99, hive.in.test=true, hive.stats.fetch.bitvector=true, hive.metastore.client.cache.enabled=true, hive.query.results.cache.enabled=false, hive.auto.convert.join=false, hive.exec.submit.local.task.via.child=false, hive.conf.restricted.list=from.hivemetastore-site.xml, hive.metastore.schema.verification=false}
2024-04-24T12:15:45,615  WARN [main] metastore.HiveMetaStoreClient: Unexpected increment of user count beyond one: 3 HCatClient: thread: 1 users=3 expired=false closed=false
2024-04-24T12:15:45,616  INFO [TThreadPoolServer WorkerProcess-%d] HiveMetaStore.audit: ugi=alex	ip=127.0.0.1	cmd=source:127.0.0.1 get_databases: @hive#NonExistentDatabaseUsedForHealthCheck	
2024-04-24T12:15:45,617  INFO [TThreadPoolServer WorkerProcess-%d] HiveMetaStore.audit: ugi=alex	ip=127.0.0.1	cmd=source:127.0.0.1 get_database: myDb	
2024-04-24T12:15:45,619  INFO [TThreadPoolServer WorkerProcess-%d] HiveMetaStore.audit: ugi=alex	ip=127.0.0.1	cmd=source:127.0.0.1 get_tables_by_type: db=@hive#myDb pat=.*,type=MATERIALIZED_VIEW	
2024-04-24T12:15:45,619  INFO [TThreadPoolServer WorkerProcess-%d] HiveMetaStore.audit: ugi=alex	ip=127.0.0.1	cmd=source:127.0.0.1 getTablesByTypeCore: catName=hive: db=myDb pat=.*,type=MATERIALIZED_VIEW	
2024-04-24T12:15:45,623  INFO [TThreadPoolServer WorkerProcess-%d] HiveMetaStore.audit: ugi=alex	ip=127.0.0.1	cmd=source:127.0.0.1 get_all_tables: db=@hive#myDb	
2024-04-24T12:15:45,627  INFO [TThreadPoolServer WorkerProcess-%d] HiveMetaStore.audit: ugi=alex	ip=127.0.0.1	cmd=source:127.0.0.1 get_multi_table : db=myDb tbls=mytable	
2024-04-24T12:15:45,632  INFO [TThreadPoolServer WorkerProcess-%d] HiveMetaStore.audit: ugi=alex	ip=127.0.0.1	cmd=source:127.0.0.1 drop_database: @hive#myDb	
2024-04-24T12:15:45,633  INFO [TThreadPoolServer WorkerProcess-%d] HiveMetaStore.audit: ugi=alex	ip=127.0.0.1	cmd=source:127.0.0.1 get_all_tables: db=@hive#myDb	
2024-04-24T12:15:45,634  INFO [TThreadPoolServer WorkerProcess-%d] HiveMetaStore.audit: ugi=alex	ip=127.0.0.1	cmd=source:127.0.0.1 get_functions: db=@hive#myDb pat=*	
2024-04-24T12:15:45,645  INFO [TThreadPoolServer WorkerProcess-%d] HiveMetaStore.audit: ugi=alex	ip=127.0.0.1	cmd=source:127.0.0.1 get_all_stored_procedures	
2024-04-24T12:15:45,652  INFO [TThreadPoolServer WorkerProcess-%d] HiveMetaStore.audit: ugi=alex	ip=127.0.0.1	cmd=source:127.0.0.1 get_all_packages	
2024-04-24T12:15:45,694  INFO [TThreadPoolServer WorkerProcess-%d] HiveMetaStore.audit: ugi=alex	ip=127.0.0.1	cmd=source:127.0.0.1 getTablesByTypeCore: catName=hive: db=myDb pat=.*,type=MATERIALIZED_VIEW	
2024-04-24T12:15:45,698  INFO [TThreadPoolServer WorkerProcess-%d] metastore.ObjectStore: Dropping database hive.myDb along with all tables
2024-04-24T12:15:45,746 ERROR [TThreadPoolServer WorkerProcess-%d] metastore.RetryingHMSHandler: Retrying HMSHandler after 2000 ms (attempt 1 of 10) with error: javax.jdo.JDODataStoreException: Exception thrown flushing changes to datastore
	at org.datanucleus.api.jdo.NucleusJDOHelper.getJDOExceptionForNucleusException(NucleusJDOHelper.java:542)
	at org.datanucleus.api.jdo.JDOPersistenceManager.flush(JDOPersistenceManager.java:2081)
	at org.apache.hadoop.hive.metastore.ObjectStore.addNotificationEvent(ObjectStore.java:11639)
	at sun.reflect.GeneratedMethodAccessor68.invoke(Unknown Source)
	at sun.reflect.DelegatingMethodAccessorImpl.invoke(DelegatingMethodAccessorImpl.java:43)
	at java.lang.reflect.Method.invoke(Method.java:498)
	at org.apache.hadoop.hive.metastore.RawStoreProxy.invoke(RawStoreProxy.java:97)
	at com.sun.proxy.$Proxy32.addNotificationEvent(Unknown Source)
	at org.apache.hive.hcatalog.listener.DbNotificationListener.process(DbNotificationListener.java:1403)
	at org.apache.hive.hcatalog.listener.DbNotificationListener.onDropDatabase(DbNotificationListener.java:513)
	at org.apache.hadoop.hive.metastore.MetaStoreListenerNotifier$26.notify(MetaStoreListenerNotifier.java:99)
	at org.apache.hadoop.hive.metastore.MetaStoreListenerNotifier.notifyEvent(MetaStoreListenerNotifier.java:339)
	at org.apache.hadoop.hive.metastore.HMSHandler.drop_database_core(HMSHandler.java:1785)
	at org.apache.hadoop.hive.metastore.HMSHandler.drop_database(HMSHandler.java:1869)
	at sun.reflect.NativeMethodAccessorImpl.invoke0(Native Method)
	at sun.reflect.NativeMethodAccessorImpl.invoke(NativeMethodAccessorImpl.java:62)
	at sun.reflect.DelegatingMethodAccessorImpl.invoke(DelegatingMethodAccessorImpl.java:43)
	at java.lang.reflect.Method.invoke(Method.java:498)
	at org.apache.hadoop.hive.metastore.RetryingHMSHandler.invokeInternal(RetryingHMSHandler.java:147)
	at org.apache.hadoop.hive.metastore.RetryingHMSHandler.invoke(RetryingHMSHandler.java:108)
	at com.sun.proxy.$Proxy34.drop_database(Unknown Source)
	at org.apache.hadoop.hive.metastore.api.ThriftHiveMetastore$Processor$drop_database.getResult(ThriftHiveMetastore.java:18285)
	at org.apache.hadoop.hive.metastore.api.ThriftHiveMetastore$Processor$drop_database.getResult(ThriftHiveMetastore.java:18264)
	at org.apache.thrift.ProcessFunction.process(ProcessFunction.java:38)
	at org.apache.hadoop.hive.metastore.TUGIBasedProcessor$1.run(TUGIBasedProcessor.java:111)
	at org.apache.hadoop.hive.metastore.TUGIBasedProcessor$1.run(TUGIBasedProcessor.java:107)
	at java.security.AccessController.doPrivileged(Native Method)
	at javax.security.auth.Subject.doAs(Subject.java:422)
	at org.apache.hadoop.security.UserGroupInformation.doAs(UserGroupInformation.java:1682)
	at org.apache.hadoop.hive.metastore.TUGIBasedProcessor.process(TUGIBasedProcessor.java:119)
	at org.apache.thrift.server.TThreadPoolServer$WorkerProcess.run(TThreadPoolServer.java:248)
	at java.util.concurrent.ThreadPoolExecutor.runWorker(ThreadPoolExecutor.java:1149)
	at java.util.concurrent.ThreadPoolExecutor$Worker.run(ThreadPoolExecutor.java:624)
	at java.lang.Thread.run(Thread.java:750)
NestedThrowablesStackTrace:
java.sql.BatchUpdateException: DELETE on table 'DBS' caused a violation of foreign key constraint 'TBLS_FK1' for key (11).  The statement has been rolled back.
	at org.apache.derby.impl.jdbc.EmbedStatement.executeLargeBatch(Unknown Source)
	at org.apache.derby.impl.jdbc.EmbedStatement.executeBatch(Unknown Source)
	at com.zaxxer.hikari.pool.ProxyStatement.executeBatch(ProxyStatement.java:128)
	at com.zaxxer.hikari.pool.HikariProxyPreparedStatement.executeBatch(HikariProxyPreparedStatement.java)
	at org.datanucleus.store.rdbms.ParamLoggingPreparedStatement.executeBatch(ParamLoggingPreparedStatement.java:366)
	at org.datanucleus.store.rdbms.SQLController.processConnectionStatement(SQLController.java:675)
	at org.datanucleus.store.rdbms.SQLController.processStatementsForConnection(SQLController.java:643)
	at org.datanucleus.store.rdbms.SQLController$1.transactionFlushed(SQLController.java:729)
	at org.datanucleus.store.connection.AbstractManagedConnection.transactionFlushed(AbstractManagedConnection.java:95)
	at org.datanucleus.store.connection.ConnectionManagerImpl$2.transactionFlushed(ConnectionManagerImpl.java:528)
	at org.datanucleus.TransactionImpl.flush(TransactionImpl.java:222)
	at org.datanucleus.ExecutionContextImpl.flushInternal(ExecutionContextImpl.java:4068)
	at org.datanucleus.ExecutionContextThreadedImpl.flushInternal(ExecutionContextThreadedImpl.java:448)
	at org.datanucleus.ExecutionContextImpl.flush(ExecutionContextImpl.java:4009)
	at org.datanucleus.ExecutionContextThreadedImpl.flush(ExecutionContextThreadedImpl.java:434)
	at org.datanucleus.api.jdo.JDOPersistenceManager.flush(JDOPersistenceManager.java:2064)
	at org.apache.hadoop.hive.metastore.ObjectStore.addNotificationEvent(ObjectStore.java:11639)
	at sun.reflect.GeneratedMethodAccessor68.invoke(Unknown Source)
	at sun.reflect.DelegatingMethodAccessorImpl.invoke(DelegatingMethodAccessorImpl.java:43)
	at java.lang.reflect.Method.invoke(Method.java:498)
	at org.apache.hadoop.hive.metastore.RawStoreProxy.invoke(RawStoreProxy.java:97)
	at com.sun.proxy.$Proxy32.addNotificationEvent(Unknown Source)
	at org.apache.hive.hcatalog.listener.DbNotificationListener.process(DbNotificationListener.java:1403)
	at org.apache.hive.hcatalog.listener.DbNotificationListener.onDropDatabase(DbNotificationListener.java:513)
	at org.apache.hadoop.hive.metastore.MetaStoreListenerNotifier$26.notify(MetaStoreListenerNotifier.java:99)
	at org.apache.hadoop.hive.metastore.MetaStoreListenerNotifier.notifyEvent(MetaStoreListenerNotifier.java:339)
	at org.apache.hadoop.hive.metastore.HMSHandler.drop_database_core(HMSHandler.java:1785)
	at org.apache.hadoop.hive.metastore.HMSHandler.drop_database(HMSHandler.java:1869)
	at sun.reflect.NativeMethodAccessorImpl.invoke0(Native Method)
	at sun.reflect.NativeMethodAccessorImpl.invoke(NativeMethodAccessorImpl.java:62)
	at sun.reflect.DelegatingMethodAccessorImpl.invoke(DelegatingMethodAccessorImpl.java:43)
	at java.lang.reflect.Method.invoke(Method.java:498)
	at org.apache.hadoop.hive.metastore.RetryingHMSHandler.invokeInternal(RetryingHMSHandler.java:147)
	at org.apache.hadoop.hive.metastore.RetryingHMSHandler.invoke(RetryingHMSHandler.java:108)
	at com.sun.proxy.$Proxy34.drop_database(Unknown Source)
	at org.apache.hadoop.hive.metastore.api.ThriftHiveMetastore$Processor$drop_database.getResult(ThriftHiveMetastore.java:18285)
	at org.apache.hadoop.hive.metastore.api.ThriftHiveMetastore$Processor$drop_database.getResult(ThriftHiveMetastore.java:18264)
	at org.apache.thrift.ProcessFunction.process(ProcessFunction.java:38)
	at org.apache.hadoop.hive.metastore.TUGIBasedProcessor$1.run(TUGIBasedProcessor.java:111)
	at org.apache.hadoop.hive.metastore.TUGIBasedProcessor$1.run(TUGIBasedProcessor.java:107)
	at java.security.AccessController.doPrivileged(Native Method)
	at javax.security.auth.Subject.doAs(Subject.java:422)
	at org.apache.hadoop.security.UserGroupInformation.doAs(UserGroupInformation.java:1682)
	at org.apache.hadoop.hive.metastore.TUGIBasedProcessor.process(TUGIBasedProcessor.java:119)
	at org.apache.thrift.server.TThreadPoolServer$WorkerProcess.run(TThreadPoolServer.java:248)
	at java.util.concurrent.ThreadPoolExecutor.runWorker(ThreadPoolExecutor.java:1149)
	at java.util.concurrent.ThreadPoolExecutor$Worker.run(ThreadPoolExecutor.java:624)
	at java.lang.Thread.run(Thread.java:750)
Caused by: org.apache.derby.shared.common.error.DerbySQLIntegrityConstraintViolationException: DELETE on table 'DBS' caused a violation of foreign key constraint 'TBLS_FK1' for key (11).  The statement has been rolled back.
	at org.apache.derby.impl.jdbc.SQLExceptionFactory.getSQLException(Unknown Source)
	at org.apache.derby.impl.jdbc.Util.generateCsSQLException(Unknown Source)
	at org.apache.derby.impl.jdbc.TransactionResourceImpl.wrapInSQLException(Unknown Source)
	at org.apache.derby.impl.jdbc.TransactionResourceImpl.handleException(Unknown Source)
	at org.apache.derby.impl.jdbc.EmbedConnection.handleException(Unknown Source)
	at org.apache.derby.impl.jdbc.ConnectionChild.handleException(Unknown Source)
	at org.apache.derby.impl.jdbc.EmbedStatement.executeStatement(Unknown Source)
	at org.apache.derby.impl.jdbc.EmbedPreparedStatement.executeBatchElement(Unknown Source)
	... 48 more
Caused by: ERROR 23503: DELETE on table 'DBS' caused a violation of foreign key constraint 'TBLS_FK1' for key (11).  The statement has been rolled back.
	at org.apache.derby.iapi.error.StandardException.newException(Unknown Source)
	at org.apache.derby.iapi.error.StandardException.newException(Unknown Source)
	at org.apache.derby.impl.sql.execute.ReferencedKeyRIChecker.doCheck(Unknown Source)
	at org.apache.derby.impl.sql.execute.RISetChecker.doPKCheck(Unknown Source)
	at org.apache.derby.impl.sql.execute.DeleteResultSet.collectAffectedRows(Unknown Source)
	at org.apache.derby.impl.sql.execute.DeleteResultSet.open(Unknown Source)
	at org.apache.derby.impl.sql.GenericPreparedStatement.executeStmt(Unknown Source)
	at org.apache.derby.impl.sql.GenericPreparedStatement.execute(Unknown Source)
	... 50 more

2024-04-24T12:15:47,747  INFO [TThreadPoolServer WorkerProcess-%d] HiveMetaStore.audit: ugi=alex	ip=127.0.0.1	cmd=source:127.0.0.1 drop_database: @hive#myDb	
2024-04-24T12:15:47,750  INFO [TThreadPoolServer WorkerProcess-%d] HiveMetaStore.audit: ugi=alex	ip=127.0.0.1	cmd=source:127.0.0.1 get_all_tables: db=@hive#myDb	
2024-04-24T12:15:47,751  INFO [TThreadPoolServer WorkerProcess-%d] HiveMetaStore.audit: ugi=alex	ip=127.0.0.1	cmd=source:127.0.0.1 get_functions: db=@hive#myDb pat=*	
2024-04-24T12:15:47,753  INFO [TThreadPoolServer WorkerProcess-%d] HiveMetaStore.audit: ugi=alex	ip=127.0.0.1	cmd=source:127.0.0.1 get_all_stored_procedures	
2024-04-24T12:15:47,753  INFO [TThreadPoolServer WorkerProcess-%d] HiveMetaStore.audit: ugi=alex	ip=127.0.0.1	cmd=source:127.0.0.1 get_all_packages	
2024-04-24T12:15:47,754  INFO [TThreadPoolServer WorkerProcess-%d] HiveMetaStore.audit: ugi=alex	ip=127.0.0.1	cmd=source:127.0.0.1 getTablesByTypeCore: catName=hive: db=myDb pat=.*,type=MATERIALIZED_VIEW	
2024-04-24T12:15:47,757  INFO [TThreadPoolServer WorkerProcess-%d] metastore.ObjectStore: Dropping database hive.myDb along with all tables
2024-04-24T12:15:47,760 ERROR [TThreadPoolServer WorkerProcess-%d] metastore.RetryingHMSHandler: Retrying HMSHandler after 2000 ms (attempt 2 of 10) with error: javax.jdo.JDODataStoreException: Exception thrown flushing changes to datastore
	at org.datanucleus.api.jdo.NucleusJDOHelper.getJDOExceptionForNucleusException(NucleusJDOHelper.java:542)
	at org.datanucleus.api.jdo.JDOPersistenceManager.flush(JDOPersistenceManager.java:2081)
	at org.apache.hadoop.hive.metastore.ObjectStore.addNotificationEvent(ObjectStore.java:11639)
	at sun.reflect.GeneratedMethodAccessor68.invoke(Unknown Source)
	at sun.reflect.DelegatingMethodAccessorImpl.invoke(DelegatingMethodAccessorImpl.java:43)
	at java.lang.reflect.Method.invoke(Method.java:498)
	at org.apache.hadoop.hive.metastore.RawStoreProxy.invoke(RawStoreProxy.java:97)
	at com.sun.proxy.$Proxy32.addNotificationEvent(Unknown Source)
	at org.apache.hive.hcatalog.listener.DbNotificationListener.process(DbNotificationListener.java:1403)
	at org.apache.hive.hcatalog.listener.DbNotificationListener.onDropDatabase(DbNotificationListener.java:513)
	at org.apache.hadoop.hive.metastore.MetaStoreListenerNotifier$26.notify(MetaStoreListenerNotifier.java:99)
	at org.apache.hadoop.hive.metastore.MetaStoreListenerNotifier.notifyEvent(MetaStoreListenerNotifier.java:339)
	at org.apache.hadoop.hive.metastore.HMSHandler.drop_database_core(HMSHandler.java:1785)
	at org.apache.hadoop.hive.metastore.HMSHandler.drop_database(HMSHandler.java:1869)
	at sun.reflect.NativeMethodAccessorImpl.invoke0(Native Method)
	at sun.reflect.NativeMethodAccessorImpl.invoke(NativeMethodAccessorImpl.java:62)
	at sun.reflect.DelegatingMethodAccessorImpl.invoke(DelegatingMethodAccessorImpl.java:43)
	at java.lang.reflect.Method.invoke(Method.java:498)
	at org.apache.hadoop.hive.metastore.RetryingHMSHandler.invokeInternal(RetryingHMSHandler.java:147)
	at org.apache.hadoop.hive.metastore.RetryingHMSHandler.invoke(RetryingHMSHandler.java:108)
	at com.sun.proxy.$Proxy34.drop_database(Unknown Source)
	at org.apache.hadoop.hive.metastore.api.ThriftHiveMetastore$Processor$drop_database.getResult(ThriftHiveMetastore.java:18285)
	at org.apache.hadoop.hive.metastore.api.ThriftHiveMetastore$Processor$drop_database.getResult(ThriftHiveMetastore.java:18264)
	at org.apache.thrift.ProcessFunction.process(ProcessFunction.java:38)
	at org.apache.hadoop.hive.metastore.TUGIBasedProcessor$1.run(TUGIBasedProcessor.java:111)
	at org.apache.hadoop.hive.metastore.TUGIBasedProcessor$1.run(TUGIBasedProcessor.java:107)
	at java.security.AccessController.doPrivileged(Native Method)
	at javax.security.auth.Subject.doAs(Subject.java:422)
	at org.apache.hadoop.security.UserGroupInformation.doAs(UserGroupInformation.java:1682)
	at org.apache.hadoop.hive.metastore.TUGIBasedProcessor.process(TUGIBasedProcessor.java:119)
	at org.apache.thrift.server.TThreadPoolServer$WorkerProcess.run(TThreadPoolServer.java:248)
	at java.util.concurrent.ThreadPoolExecutor.runWorker(ThreadPoolExecutor.java:1149)
	at java.util.concurrent.ThreadPoolExecutor$Worker.run(ThreadPoolExecutor.java:624)
	at java.lang.Thread.run(Thread.java:750)
NestedThrowablesStackTrace:
java.sql.BatchUpdateException: DELETE on table 'DBS' caused a violation of foreign key constraint 'TBLS_FK1' for key (11).  The statement has been rolled back.
	at org.apache.derby.impl.jdbc.EmbedStatement.executeLargeBatch(Unknown Source)
	at org.apache.derby.impl.jdbc.EmbedStatement.executeBatch(Unknown Source)
	at com.zaxxer.hikari.pool.ProxyStatement.executeBatch(ProxyStatement.java:128)
	at com.zaxxer.hikari.pool.HikariProxyPreparedStatement.executeBatch(HikariProxyPreparedStatement.java)
	at org.datanucleus.store.rdbms.ParamLoggingPreparedStatement.executeBatch(ParamLoggingPreparedStatement.java:366)
	at org.datanucleus.store.rdbms.SQLController.processConnectionStatement(SQLController.java:675)
	at org.datanucleus.store.rdbms.SQLController.processStatementsForConnection(SQLController.java:643)
	at org.datanucleus.store.rdbms.SQLController$1.transactionFlushed(SQLController.java:729)
	at org.datanucleus.store.connection.AbstractManagedConnection.transactionFlushed(AbstractManagedConnection.java:95)
	at org.datanucleus.store.connection.ConnectionManagerImpl$2.transactionFlushed(ConnectionManagerImpl.java:528)
	at org.datanucleus.TransactionImpl.flush(TransactionImpl.java:222)
	at org.datanucleus.ExecutionContextImpl.flushInternal(ExecutionContextImpl.java:4068)
	at org.datanucleus.ExecutionContextThreadedImpl.flushInternal(ExecutionContextThreadedImpl.java:448)
	at org.datanucleus.ExecutionContextImpl.flush(ExecutionContextImpl.java:4009)
	at org.datanucleus.ExecutionContextThreadedImpl.flush(ExecutionContextThreadedImpl.java:434)
	at org.datanucleus.api.jdo.JDOPersistenceManager.flush(JDOPersistenceManager.java:2064)
	at org.apache.hadoop.hive.metastore.ObjectStore.addNotificationEvent(ObjectStore.java:11639)
	at sun.reflect.GeneratedMethodAccessor68.invoke(Unknown Source)
	at sun.reflect.DelegatingMethodAccessorImpl.invoke(DelegatingMethodAccessorImpl.java:43)
	at java.lang.reflect.Method.invoke(Method.java:498)
	at org.apache.hadoop.hive.metastore.RawStoreProxy.invoke(RawStoreProxy.java:97)
	at com.sun.proxy.$Proxy32.addNotificationEvent(Unknown Source)
	at org.apache.hive.hcatalog.listener.DbNotificationListener.process(DbNotificationListener.java:1403)
	at org.apache.hive.hcatalog.listener.DbNotificationListener.onDropDatabase(DbNotificationListener.java:513)
	at org.apache.hadoop.hive.metastore.MetaStoreListenerNotifier$26.notify(MetaStoreListenerNotifier.java:99)
	at org.apache.hadoop.hive.metastore.MetaStoreListenerNotifier.notifyEvent(MetaStoreListenerNotifier.java:339)
	at org.apache.hadoop.hive.metastore.HMSHandler.drop_database_core(HMSHandler.java:1785)
	at org.apache.hadoop.hive.metastore.HMSHandler.drop_database(HMSHandler.java:1869)
	at sun.reflect.NativeMethodAccessorImpl.invoke0(Native Method)
	at sun.reflect.NativeMethodAccessorImpl.invoke(NativeMethodAccessorImpl.java:62)
	at sun.reflect.DelegatingMethodAccessorImpl.invoke(DelegatingMethodAccessorImpl.java:43)
	at java.lang.reflect.Method.invoke(Method.java:498)
	at org.apache.hadoop.hive.metastore.RetryingHMSHandler.invokeInternal(RetryingHMSHandler.java:147)
	at org.apache.hadoop.hive.metastore.RetryingHMSHandler.invoke(RetryingHMSHandler.java:108)
	at com.sun.proxy.$Proxy34.drop_database(Unknown Source)
	at org.apache.hadoop.hive.metastore.api.ThriftHiveMetastore$Processor$drop_database.getResult(ThriftHiveMetastore.java:18285)
	at org.apache.hadoop.hive.metastore.api.ThriftHiveMetastore$Processor$drop_database.getResult(ThriftHiveMetastore.java:18264)
	at org.apache.thrift.ProcessFunction.process(ProcessFunction.java:38)
	at org.apache.hadoop.hive.metastore.TUGIBasedProcessor$1.run(TUGIBasedProcessor.java:111)
	at org.apache.hadoop.hive.metastore.TUGIBasedProcessor$1.run(TUGIBasedProcessor.java:107)
	at java.security.AccessController.doPrivileged(Native Method)
	at javax.security.auth.Subject.doAs(Subject.java:422)
	at org.apache.hadoop.security.UserGroupInformation.doAs(UserGroupInformation.java:1682)
	at org.apache.hadoop.hive.metastore.TUGIBasedProcessor.process(TUGIBasedProcessor.java:119)
	at org.apache.thrift.server.TThreadPoolServer$WorkerProcess.run(TThreadPoolServer.java:248)
	at java.util.concurrent.ThreadPoolExecutor.runWorker(ThreadPoolExecutor.java:1149)
	at java.util.concurrent.ThreadPoolExecutor$Worker.run(ThreadPoolExecutor.java:624)
	at java.lang.Thread.run(Thread.java:750)
Caused by: org.apache.derby.shared.common.error.DerbySQLIntegrityConstraintViolationException: DELETE on table 'DBS' caused a violation of foreign key constraint 'TBLS_FK1' for key (11).  The statement has been rolled back.
	at org.apache.derby.impl.jdbc.SQLExceptionFactory.getSQLException(Unknown Source)
	at org.apache.derby.impl.jdbc.Util.generateCsSQLException(Unknown Source)
	at org.apache.derby.impl.jdbc.TransactionResourceImpl.wrapInSQLException(Unknown Source)
	at org.apache.derby.impl.jdbc.TransactionResourceImpl.handleException(Unknown Source)
	at org.apache.derby.impl.jdbc.EmbedConnection.handleException(Unknown Source)
	at org.apache.derby.impl.jdbc.ConnectionChild.handleException(Unknown Source)
	at org.apache.derby.impl.jdbc.EmbedStatement.executeStatement(Unknown Source)
	at org.apache.derby.impl.jdbc.EmbedPreparedStatement.executeBatchElement(Unknown Source)
	... 48 more
Caused by: ERROR 23503: DELETE on table 'DBS' caused a violation of foreign key constraint 'TBLS_FK1' for key (11).  The statement has been rolled back.
	at org.apache.derby.iapi.error.StandardException.newException(Unknown Source)
	at org.apache.derby.iapi.error.StandardException.newException(Unknown Source)
	at org.apache.derby.impl.sql.execute.ReferencedKeyRIChecker.doCheck(Unknown Source)
	at org.apache.derby.impl.sql.execute.RISetChecker.doPKCheck(Unknown Source)
	at org.apache.derby.impl.sql.execute.DeleteResultSet.collectAffectedRows(Unknown Source)
	at org.apache.derby.impl.sql.execute.DeleteResultSet.open(Unknown Source)
	at org.apache.derby.impl.sql.GenericPreparedStatement.executeStmt(Unknown Source)
	at org.apache.derby.impl.sql.GenericPreparedStatement.execute(Unknown Source)
	... 50 more

2024-04-24T12:15:49,761  INFO [TThreadPoolServer WorkerProcess-%d] HiveMetaStore.audit: ugi=alex	ip=127.0.0.1	cmd=source:127.0.0.1 drop_database: @hive#myDb	
2024-04-24T12:15:49,764  INFO [TThreadPoolServer WorkerProcess-%d] HiveMetaStore.audit: ugi=alex	ip=127.0.0.1	cmd=source:127.0.0.1 get_all_tables: db=@hive#myDb	
2024-04-24T12:15:49,766  INFO [TThreadPoolServer WorkerProcess-%d] HiveMetaStore.audit: ugi=alex	ip=127.0.0.1	cmd=source:127.0.0.1 get_functions: db=@hive#myDb pat=*	
2024-04-24T12:15:49,768  INFO [TThreadPoolServer WorkerProcess-%d] HiveMetaStore.audit: ugi=alex	ip=127.0.0.1	cmd=source:127.0.0.1 get_all_stored_procedures	
2024-04-24T12:15:49,769  INFO [TThreadPoolServer WorkerProcess-%d] HiveMetaStore.audit: ugi=alex	ip=127.0.0.1	cmd=source:127.0.0.1 get_all_packages	
2024-04-24T12:15:49,770  INFO [TThreadPoolServer WorkerProcess-%d] HiveMetaStore.audit: ugi=alex	ip=127.0.0.1	cmd=source:127.0.0.1 getTablesByTypeCore: catName=hive: db=myDb pat=.*,type=MATERIALIZED_VIEW	
2024-04-24T12:15:49,775  INFO [TThreadPoolServer WorkerProcess-%d] metastore.ObjectStore: Dropping database hive.myDb along with all tables
2024-04-24T12:15:49,779 ERROR [TThreadPoolServer WorkerProcess-%d] metastore.RetryingHMSHandler: Retrying HMSHandler after 2000 ms (attempt 3 of 10) with error: javax.jdo.JDODataStoreException: Exception thrown flushing changes to datastore
	at org.datanucleus.api.jdo.NucleusJDOHelper.getJDOExceptionForNucleusException(NucleusJDOHelper.java:542)
	at org.datanucleus.api.jdo.JDOPersistenceManager.flush(JDOPersistenceManager.java:2081)
	at org.apache.hadoop.hive.metastore.ObjectStore.addNotificationEvent(ObjectStore.java:11639)
	at sun.reflect.GeneratedMethodAccessor68.invoke(Unknown Source)
	at sun.reflect.DelegatingMethodAccessorImpl.invoke(DelegatingMethodAccessorImpl.java:43)
	at java.lang.reflect.Method.invoke(Method.java:498)
	at org.apache.hadoop.hive.metastore.RawStoreProxy.invoke(RawStoreProxy.java:97)
	at com.sun.proxy.$Proxy32.addNotificationEvent(Unknown Source)
	at org.apache.hive.hcatalog.listener.DbNotificationListener.process(DbNotificationListener.java:1403)
	at org.apache.hive.hcatalog.listener.DbNotificationListener.onDropDatabase(DbNotificationListener.java:513)
	at org.apache.hadoop.hive.metastore.MetaStoreListenerNotifier$26.notify(MetaStoreListenerNotifier.java:99)
	at org.apache.hadoop.hive.metastore.MetaStoreListenerNotifier.notifyEvent(MetaStoreListenerNotifier.java:339)
	at org.apache.hadoop.hive.metastore.HMSHandler.drop_database_core(HMSHandler.java:1785)
	at org.apache.hadoop.hive.metastore.HMSHandler.drop_database(HMSHandler.java:1869)
	at sun.reflect.NativeMethodAccessorImpl.invoke0(Native Method)
	at sun.reflect.NativeMethodAccessorImpl.invoke(NativeMethodAccessorImpl.java:62)
	at sun.reflect.DelegatingMethodAccessorImpl.invoke(DelegatingMethodAccessorImpl.java:43)
	at java.lang.reflect.Method.invoke(Method.java:498)
	at org.apache.hadoop.hive.metastore.RetryingHMSHandler.invokeInternal(RetryingHMSHandler.java:147)
	at org.apache.hadoop.hive.metastore.RetryingHMSHandler.invoke(RetryingHMSHandler.java:108)
	at com.sun.proxy.$Proxy34.drop_database(Unknown Source)
	at org.apache.hadoop.hive.metastore.api.ThriftHiveMetastore$Processor$drop_database.getResult(ThriftHiveMetastore.java:18285)
	at org.apache.hadoop.hive.metastore.api.ThriftHiveMetastore$Processor$drop_database.getResult(ThriftHiveMetastore.java:18264)
	at org.apache.thrift.ProcessFunction.process(ProcessFunction.java:38)
	at org.apache.hadoop.hive.metastore.TUGIBasedProcessor$1.run(TUGIBasedProcessor.java:111)
	at org.apache.hadoop.hive.metastore.TUGIBasedProcessor$1.run(TUGIBasedProcessor.java:107)
	at java.security.AccessController.doPrivileged(Native Method)
	at javax.security.auth.Subject.doAs(Subject.java:422)
	at org.apache.hadoop.security.UserGroupInformation.doAs(UserGroupInformation.java:1682)
	at org.apache.hadoop.hive.metastore.TUGIBasedProcessor.process(TUGIBasedProcessor.java:119)
	at org.apache.thrift.server.TThreadPoolServer$WorkerProcess.run(TThreadPoolServer.java:248)
	at java.util.concurrent.ThreadPoolExecutor.runWorker(ThreadPoolExecutor.java:1149)
	at java.util.concurrent.ThreadPoolExecutor$Worker.run(ThreadPoolExecutor.java:624)
	at java.lang.Thread.run(Thread.java:750)
NestedThrowablesStackTrace:
java.sql.BatchUpdateException: DELETE on table 'DBS' caused a violation of foreign key constraint 'TBLS_FK1' for key (11).  The statement has been rolled back.
	at org.apache.derby.impl.jdbc.EmbedStatement.executeLargeBatch(Unknown Source)
	at org.apache.derby.impl.jdbc.EmbedStatement.executeBatch(Unknown Source)
	at com.zaxxer.hikari.pool.ProxyStatement.executeBatch(ProxyStatement.java:128)
	at com.zaxxer.hikari.pool.HikariProxyPreparedStatement.executeBatch(HikariProxyPreparedStatement.java)
	at org.datanucleus.store.rdbms.ParamLoggingPreparedStatement.executeBatch(ParamLoggingPreparedStatement.java:366)
	at org.datanucleus.store.rdbms.SQLController.processConnectionStatement(SQLController.java:675)
	at org.datanucleus.store.rdbms.SQLController.processStatementsForConnection(SQLController.java:643)
	at org.datanucleus.store.rdbms.SQLController$1.transactionFlushed(SQLController.java:729)
	at org.datanucleus.store.connection.AbstractManagedConnection.transactionFlushed(AbstractManagedConnection.java:95)
	at org.datanucleus.store.connection.ConnectionManagerImpl$2.transactionFlushed(ConnectionManagerImpl.java:528)
	at org.datanucleus.TransactionImpl.flush(TransactionImpl.java:222)
	at org.datanucleus.ExecutionContextImpl.flushInternal(ExecutionContextImpl.java:4068)
	at org.datanucleus.ExecutionContextThreadedImpl.flushInternal(ExecutionContextThreadedImpl.java:448)
	at org.datanucleus.ExecutionContextImpl.flush(ExecutionContextImpl.java:4009)
	at org.datanucleus.ExecutionContextThreadedImpl.flush(ExecutionContextThreadedImpl.java:434)
	at org.datanucleus.api.jdo.JDOPersistenceManager.flush(JDOPersistenceManager.java:2064)
	at org.apache.hadoop.hive.metastore.ObjectStore.addNotificationEvent(ObjectStore.java:11639)
	at sun.reflect.GeneratedMethodAccessor68.invoke(Unknown Source)
	at sun.reflect.DelegatingMethodAccessorImpl.invoke(DelegatingMethodAccessorImpl.java:43)
	at java.lang.reflect.Method.invoke(Method.java:498)
	at org.apache.hadoop.hive.metastore.RawStoreProxy.invoke(RawStoreProxy.java:97)
	at com.sun.proxy.$Proxy32.addNotificationEvent(Unknown Source)
	at org.apache.hive.hcatalog.listener.DbNotificationListener.process(DbNotificationListener.java:1403)
	at org.apache.hive.hcatalog.listener.DbNotificationListener.onDropDatabase(DbNotificationListener.java:513)
	at org.apache.hadoop.hive.metastore.MetaStoreListenerNotifier$26.notify(MetaStoreListenerNotifier.java:99)
	at org.apache.hadoop.hive.metastore.MetaStoreListenerNotifier.notifyEvent(MetaStoreListenerNotifier.java:339)
	at org.apache.hadoop.hive.metastore.HMSHandler.drop_database_core(HMSHandler.java:1785)
	at org.apache.hadoop.hive.metastore.HMSHandler.drop_database(HMSHandler.java:1869)
	at sun.reflect.NativeMethodAccessorImpl.invoke0(Native Method)
	at sun.reflect.NativeMethodAccessorImpl.invoke(NativeMethodAccessorImpl.java:62)
	at sun.reflect.DelegatingMethodAccessorImpl.invoke(DelegatingMethodAccessorImpl.java:43)
	at java.lang.reflect.Method.invoke(Method.java:498)
	at org.apache.hadoop.hive.metastore.RetryingHMSHandler.invokeInternal(RetryingHMSHandler.java:147)
	at org.apache.hadoop.hive.metastore.RetryingHMSHandler.invoke(RetryingHMSHandler.java:108)
	at com.sun.proxy.$Proxy34.drop_database(Unknown Source)
	at org.apache.hadoop.hive.metastore.api.ThriftHiveMetastore$Processor$drop_database.getResult(ThriftHiveMetastore.java:18285)
	at org.apache.hadoop.hive.metastore.api.ThriftHiveMetastore$Processor$drop_database.getResult(ThriftHiveMetastore.java:18264)
	at org.apache.thrift.ProcessFunction.process(ProcessFunction.java:38)
	at org.apache.hadoop.hive.metastore.TUGIBasedProcessor$1.run(TUGIBasedProcessor.java:111)
	at org.apache.hadoop.hive.metastore.TUGIBasedProcessor$1.run(TUGIBasedProcessor.java:107)
	at java.security.AccessController.doPrivileged(Native Method)
	at javax.security.auth.Subject.doAs(Subject.java:422)
	at org.apache.hadoop.security.UserGroupInformation.doAs(UserGroupInformation.java:1682)
	at org.apache.hadoop.hive.metastore.TUGIBasedProcessor.process(TUGIBasedProcessor.java:119)
	at org.apache.thrift.server.TThreadPoolServer$WorkerProcess.run(TThreadPoolServer.java:248)
	at java.util.concurrent.ThreadPoolExecutor.runWorker(ThreadPoolExecutor.java:1149)
	at java.util.concurrent.ThreadPoolExecutor$Worker.run(ThreadPoolExecutor.java:624)
	at java.lang.Thread.run(Thread.java:750)
Caused by: org.apache.derby.shared.common.error.DerbySQLIntegrityConstraintViolationException: DELETE on table 'DBS' caused a violation of foreign key constraint 'TBLS_FK1' for key (11).  The statement has been rolled back.
	at org.apache.derby.impl.jdbc.SQLExceptionFactory.getSQLException(Unknown Source)
	at org.apache.derby.impl.jdbc.Util.generateCsSQLException(Unknown Source)
	at org.apache.derby.impl.jdbc.TransactionResourceImpl.wrapInSQLException(Unknown Source)
	at org.apache.derby.impl.jdbc.TransactionResourceImpl.handleException(Unknown Source)
	at org.apache.derby.impl.jdbc.EmbedConnection.handleException(Unknown Source)
	at org.apache.derby.impl.jdbc.ConnectionChild.handleException(Unknown Source)
	at org.apache.derby.impl.jdbc.EmbedStatement.executeStatement(Unknown Source)
	at org.apache.derby.impl.jdbc.EmbedPreparedStatement.executeBatchElement(Unknown Source)
	... 48 more
Caused by: ERROR 23503: DELETE on table 'DBS' caused a violation of foreign key constraint 'TBLS_FK1' for key (11).  The statement has been rolled back.
	at org.apache.derby.iapi.error.StandardException.newException(Unknown Source)
	at org.apache.derby.iapi.error.StandardException.newException(Unknown Source)
	at org.apache.derby.impl.sql.execute.ReferencedKeyRIChecker.doCheck(Unknown Source)
	at org.apache.derby.impl.sql.execute.RISetChecker.doPKCheck(Unknown Source)
	at org.apache.derby.impl.sql.execute.DeleteResultSet.collectAffectedRows(Unknown Source)
	at org.apache.derby.impl.sql.execute.DeleteResultSet.open(Unknown Source)
	at org.apache.derby.impl.sql.GenericPreparedStatement.executeStmt(Unknown Source)
	at org.apache.derby.impl.sql.GenericPreparedStatement.execute(Unknown Source)
	... 50 more

2024-04-24T12:15:51,780  INFO [TThreadPoolServer WorkerProcess-%d] HiveMetaStore.audit: ugi=alex	ip=127.0.0.1	cmd=source:127.0.0.1 drop_database: @hive#myDb	
2024-04-24T12:15:51,784  INFO [TThreadPoolServer WorkerProcess-%d] HiveMetaStore.audit: ugi=alex	ip=127.0.0.1	cmd=source:127.0.0.1 get_all_tables: db=@hive#myDb	
2024-04-24T12:15:51,786  INFO [TThreadPoolServer WorkerProcess-%d] HiveMetaStore.audit: ugi=alex	ip=127.0.0.1	cmd=source:127.0.0.1 get_functions: db=@hive#myDb pat=*	
2024-04-24T12:15:51,787  INFO [TThreadPoolServer WorkerProcess-%d] HiveMetaStore.audit: ugi=alex	ip=127.0.0.1	cmd=source:127.0.0.1 get_all_stored_procedures	
2024-04-24T12:15:51,788  INFO [TThreadPoolServer WorkerProcess-%d] HiveMetaStore.audit: ugi=alex	ip=127.0.0.1	cmd=source:127.0.0.1 get_all_packages	
2024-04-24T12:15:51,789  INFO [TThreadPoolServer WorkerProcess-%d] HiveMetaStore.audit: ugi=alex	ip=127.0.0.1	cmd=source:127.0.0.1 getTablesByTypeCore: catName=hive: db=myDb pat=.*,type=MATERIALIZED_VIEW	
2024-04-24T12:15:51,792  INFO [TThreadPoolServer WorkerProcess-%d] metastore.ObjectStore: Dropping database hive.myDb along with all tables
2024-04-24T12:15:51,796 ERROR [TThreadPoolServer WorkerProcess-%d] metastore.RetryingHMSHandler: Retrying HMSHandler after 2000 ms (attempt 4 of 10) with error: javax.jdo.JDODataStoreException: Exception thrown flushing changes to datastore
	at org.datanucleus.api.jdo.NucleusJDOHelper.getJDOExceptionForNucleusException(NucleusJDOHelper.java:542)
	at org.datanucleus.api.jdo.JDOPersistenceManager.flush(JDOPersistenceManager.java:2081)
	at org.apache.hadoop.hive.metastore.ObjectStore.addNotificationEvent(ObjectStore.java:11639)
	at sun.reflect.GeneratedMethodAccessor68.invoke(Unknown Source)
	at sun.reflect.DelegatingMethodAccessorImpl.invoke(DelegatingMethodAccessorImpl.java:43)
	at java.lang.reflect.Method.invoke(Method.java:498)
	at org.apache.hadoop.hive.metastore.RawStoreProxy.invoke(RawStoreProxy.java:97)
	at com.sun.proxy.$Proxy32.addNotificationEvent(Unknown Source)
	at org.apache.hive.hcatalog.listener.DbNotificationListener.process(DbNotificationListener.java:1403)
	at org.apache.hive.hcatalog.listener.DbNotificationListener.onDropDatabase(DbNotificationListener.java:513)
	at org.apache.hadoop.hive.metastore.MetaStoreListenerNotifier$26.notify(MetaStoreListenerNotifier.java:99)
	at org.apache.hadoop.hive.metastore.MetaStoreListenerNotifier.notifyEvent(MetaStoreListenerNotifier.java:339)
	at org.apache.hadoop.hive.metastore.HMSHandler.drop_database_core(HMSHandler.java:1785)
	at org.apache.hadoop.hive.metastore.HMSHandler.drop_database(HMSHandler.java:1869)
	at sun.reflect.NativeMethodAccessorImpl.invoke0(Native Method)
	at sun.reflect.NativeMethodAccessorImpl.invoke(NativeMethodAccessorImpl.java:62)
	at sun.reflect.DelegatingMethodAccessorImpl.invoke(DelegatingMethodAccessorImpl.java:43)
	at java.lang.reflect.Method.invoke(Method.java:498)
	at org.apache.hadoop.hive.metastore.RetryingHMSHandler.invokeInternal(RetryingHMSHandler.java:147)
	at org.apache.hadoop.hive.metastore.RetryingHMSHandler.invoke(RetryingHMSHandler.java:108)
	at com.sun.proxy.$Proxy34.drop_database(Unknown Source)
	at org.apache.hadoop.hive.metastore.api.ThriftHiveMetastore$Processor$drop_database.getResult(ThriftHiveMetastore.java:18285)
	at org.apache.hadoop.hive.metastore.api.ThriftHiveMetastore$Processor$drop_database.getResult(ThriftHiveMetastore.java:18264)
	at org.apache.thrift.ProcessFunction.process(ProcessFunction.java:38)
	at org.apache.hadoop.hive.metastore.TUGIBasedProcessor$1.run(TUGIBasedProcessor.java:111)
	at org.apache.hadoop.hive.metastore.TUGIBasedProcessor$1.run(TUGIBasedProcessor.java:107)
	at java.security.AccessController.doPrivileged(Native Method)
	at javax.security.auth.Subject.doAs(Subject.java:422)
	at org.apache.hadoop.security.UserGroupInformation.doAs(UserGroupInformation.java:1682)
	at org.apache.hadoop.hive.metastore.TUGIBasedProcessor.process(TUGIBasedProcessor.java:119)
	at org.apache.thrift.server.TThreadPoolServer$WorkerProcess.run(TThreadPoolServer.java:248)
	at java.util.concurrent.ThreadPoolExecutor.runWorker(ThreadPoolExecutor.java:1149)
	at java.util.concurrent.ThreadPoolExecutor$Worker.run(ThreadPoolExecutor.java:624)
	at java.lang.Thread.run(Thread.java:750)
NestedThrowablesStackTrace:
java.sql.BatchUpdateException: DELETE on table 'DBS' caused a violation of foreign key constraint 'TBLS_FK1' for key (11).  The statement has been rolled back.
	at org.apache.derby.impl.jdbc.EmbedStatement.executeLargeBatch(Unknown Source)
	at org.apache.derby.impl.jdbc.EmbedStatement.executeBatch(Unknown Source)
	at com.zaxxer.hikari.pool.ProxyStatement.executeBatch(ProxyStatement.java:128)
	at com.zaxxer.hikari.pool.HikariProxyPreparedStatement.executeBatch(HikariProxyPreparedStatement.java)
	at org.datanucleus.store.rdbms.ParamLoggingPreparedStatement.executeBatch(ParamLoggingPreparedStatement.java:366)
	at org.datanucleus.store.rdbms.SQLController.processConnectionStatement(SQLController.java:675)
	at org.datanucleus.store.rdbms.SQLController.processStatementsForConnection(SQLController.java:643)
	at org.datanucleus.store.rdbms.SQLController$1.transactionFlushed(SQLController.java:729)
	at org.datanucleus.store.connection.AbstractManagedConnection.transactionFlushed(AbstractManagedConnection.java:95)
	at org.datanucleus.store.connection.ConnectionManagerImpl$2.transactionFlushed(ConnectionManagerImpl.java:528)
	at org.datanucleus.TransactionImpl.flush(TransactionImpl.java:222)
	at org.datanucleus.ExecutionContextImpl.flushInternal(ExecutionContextImpl.java:4068)
	at org.datanucleus.ExecutionContextThreadedImpl.flushInternal(ExecutionContextThreadedImpl.java:448)
	at org.datanucleus.ExecutionContextImpl.flush(ExecutionContextImpl.java:4009)
	at org.datanucleus.ExecutionContextThreadedImpl.flush(ExecutionContextThreadedImpl.java:434)
	at org.datanucleus.api.jdo.JDOPersistenceManager.flush(JDOPersistenceManager.java:2064)
	at org.apache.hadoop.hive.metastore.ObjectStore.addNotificationEvent(ObjectStore.java:11639)
	at sun.reflect.GeneratedMethodAccessor68.invoke(Unknown Source)
	at sun.reflect.DelegatingMethodAccessorImpl.invoke(DelegatingMethodAccessorImpl.java:43)
	at java.lang.reflect.Method.invoke(Method.java:498)
	at org.apache.hadoop.hive.metastore.RawStoreProxy.invoke(RawStoreProxy.java:97)
	at com.sun.proxy.$Proxy32.addNotificationEvent(Unknown Source)
	at org.apache.hive.hcatalog.listener.DbNotificationListener.process(DbNotificationListener.java:1403)
	at org.apache.hive.hcatalog.listener.DbNotificationListener.onDropDatabase(DbNotificationListener.java:513)
	at org.apache.hadoop.hive.metastore.MetaStoreListenerNotifier$26.notify(MetaStoreListenerNotifier.java:99)
	at org.apache.hadoop.hive.metastore.MetaStoreListenerNotifier.notifyEvent(MetaStoreListenerNotifier.java:339)
	at org.apache.hadoop.hive.metastore.HMSHandler.drop_database_core(HMSHandler.java:1785)
	at org.apache.hadoop.hive.metastore.HMSHandler.drop_database(HMSHandler.java:1869)
	at sun.reflect.NativeMethodAccessorImpl.invoke0(Native Method)
	at sun.reflect.NativeMethodAccessorImpl.invoke(NativeMethodAccessorImpl.java:62)
	at sun.reflect.DelegatingMethodAccessorImpl.invoke(DelegatingMethodAccessorImpl.java:43)
	at java.lang.reflect.Method.invoke(Method.java:498)
	at org.apache.hadoop.hive.metastore.RetryingHMSHandler.invokeInternal(RetryingHMSHandler.java:147)
	at org.apache.hadoop.hive.metastore.RetryingHMSHandler.invoke(RetryingHMSHandler.java:108)
	at com.sun.proxy.$Proxy34.drop_database(Unknown Source)
	at org.apache.hadoop.hive.metastore.api.ThriftHiveMetastore$Processor$drop_database.getResult(ThriftHiveMetastore.java:18285)
	at org.apache.hadoop.hive.metastore.api.ThriftHiveMetastore$Processor$drop_database.getResult(ThriftHiveMetastore.java:18264)
	at org.apache.thrift.ProcessFunction.process(ProcessFunction.java:38)
	at org.apache.hadoop.hive.metastore.TUGIBasedProcessor$1.run(TUGIBasedProcessor.java:111)
	at org.apache.hadoop.hive.metastore.TUGIBasedProcessor$1.run(TUGIBasedProcessor.java:107)
	at java.security.AccessController.doPrivileged(Native Method)
	at javax.security.auth.Subject.doAs(Subject.java:422)
	at org.apache.hadoop.security.UserGroupInformation.doAs(UserGroupInformation.java:1682)
	at org.apache.hadoop.hive.metastore.TUGIBasedProcessor.process(TUGIBasedProcessor.java:119)
	at org.apache.thrift.server.TThreadPoolServer$WorkerProcess.run(TThreadPoolServer.java:248)
	at java.util.concurrent.ThreadPoolExecutor.runWorker(ThreadPoolExecutor.java:1149)
	at java.util.concurrent.ThreadPoolExecutor$Worker.run(ThreadPoolExecutor.java:624)
	at java.lang.Thread.run(Thread.java:750)
Caused by: org.apache.derby.shared.common.error.DerbySQLIntegrityConstraintViolationException: DELETE on table 'DBS' caused a violation of foreign key constraint 'TBLS_FK1' for key (11).  The statement has been rolled back.
	at org.apache.derby.impl.jdbc.SQLExceptionFactory.getSQLException(Unknown Source)
	at org.apache.derby.impl.jdbc.Util.generateCsSQLException(Unknown Source)
	at org.apache.derby.impl.jdbc.TransactionResourceImpl.wrapInSQLException(Unknown Source)
	at org.apache.derby.impl.jdbc.TransactionResourceImpl.handleException(Unknown Source)
	at org.apache.derby.impl.jdbc.EmbedConnection.handleException(Unknown Source)
	at org.apache.derby.impl.jdbc.ConnectionChild.handleException(Unknown Source)
	at org.apache.derby.impl.jdbc.EmbedStatement.executeStatement(Unknown Source)
	at org.apache.derby.impl.jdbc.EmbedPreparedStatement.executeBatchElement(Unknown Source)
	... 48 more
Caused by: ERROR 23503: DELETE on table 'DBS' caused a violation of foreign key constraint 'TBLS_FK1' for key (11).  The statement has been rolled back.
	at org.apache.derby.iapi.error.StandardException.newException(Unknown Source)
	at org.apache.derby.iapi.error.StandardException.newException(Unknown Source)
	at org.apache.derby.impl.sql.execute.ReferencedKeyRIChecker.doCheck(Unknown Source)
	at org.apache.derby.impl.sql.execute.RISetChecker.doPKCheck(Unknown Source)
	at org.apache.derby.impl.sql.execute.DeleteResultSet.collectAffectedRows(Unknown Source)
	at org.apache.derby.impl.sql.execute.DeleteResultSet.open(Unknown Source)
	at org.apache.derby.impl.sql.GenericPreparedStatement.executeStmt(Unknown Source)
	at org.apache.derby.impl.sql.GenericPreparedStatement.execute(Unknown Source)
	... 50 more

2024-04-24T12:15:53,797  INFO [TThreadPoolServer WorkerProcess-%d] HiveMetaStore.audit: ugi=alex	ip=127.0.0.1	cmd=source:127.0.0.1 drop_database: @hive#myDb	
2024-04-24T12:15:53,801  INFO [TThreadPoolServer WorkerProcess-%d] HiveMetaStore.audit: ugi=alex	ip=127.0.0.1	cmd=source:127.0.0.1 get_all_tables: db=@hive#myDb	
2024-04-24T12:15:53,802  INFO [TThreadPoolServer WorkerProcess-%d] HiveMetaStore.audit: ugi=alex	ip=127.0.0.1	cmd=source:127.0.0.1 get_functions: db=@hive#myDb pat=*	
2024-04-24T12:15:53,804  INFO [TThreadPoolServer WorkerProcess-%d] HiveMetaStore.audit: ugi=alex	ip=127.0.0.1	cmd=source:127.0.0.1 get_all_stored_procedures	
2024-04-24T12:15:53,804  INFO [TThreadPoolServer WorkerProcess-%d] HiveMetaStore.audit: ugi=alex	ip=127.0.0.1	cmd=source:127.0.0.1 get_all_packages	
2024-04-24T12:15:53,805  INFO [TThreadPoolServer WorkerProcess-%d] HiveMetaStore.audit: ugi=alex	ip=127.0.0.1	cmd=source:127.0.0.1 getTablesByTypeCore: catName=hive: db=myDb pat=.*,type=MATERIALIZED_VIEW	
2024-04-24T12:15:53,808  INFO [TThreadPoolServer WorkerProcess-%d] metastore.ObjectStore: Dropping database hive.myDb along with all tables
2024-04-24T12:15:53,812 ERROR [TThreadPoolServer WorkerProcess-%d] metastore.RetryingHMSHandler: Retrying HMSHandler after 2000 ms (attempt 5 of 10) with error: javax.jdo.JDODataStoreException: Exception thrown flushing changes to datastore
	at org.datanucleus.api.jdo.NucleusJDOHelper.getJDOExceptionForNucleusException(NucleusJDOHelper.java:542)
	at org.datanucleus.api.jdo.JDOPersistenceManager.flush(JDOPersistenceManager.java:2081)
	at org.apache.hadoop.hive.metastore.ObjectStore.addNotificationEvent(ObjectStore.java:11639)
	at sun.reflect.GeneratedMethodAccessor68.invoke(Unknown Source)
	at sun.reflect.DelegatingMethodAccessorImpl.invoke(DelegatingMethodAccessorImpl.java:43)
	at java.lang.reflect.Method.invoke(Method.java:498)
	at org.apache.hadoop.hive.metastore.RawStoreProxy.invoke(RawStoreProxy.java:97)
	at com.sun.proxy.$Proxy32.addNotificationEvent(Unknown Source)
	at org.apache.hive.hcatalog.listener.DbNotificationListener.process(DbNotificationListener.java:1403)
	at org.apache.hive.hcatalog.listener.DbNotificationListener.onDropDatabase(DbNotificationListener.java:513)
	at org.apache.hadoop.hive.metastore.MetaStoreListenerNotifier$26.notify(MetaStoreListenerNotifier.java:99)
	at org.apache.hadoop.hive.metastore.MetaStoreListenerNotifier.notifyEvent(MetaStoreListenerNotifier.java:339)
	at org.apache.hadoop.hive.metastore.HMSHandler.drop_database_core(HMSHandler.java:1785)
	at org.apache.hadoop.hive.metastore.HMSHandler.drop_database(HMSHandler.java:1869)
	at sun.reflect.NativeMethodAccessorImpl.invoke0(Native Method)
	at sun.reflect.NativeMethodAccessorImpl.invoke(NativeMethodAccessorImpl.java:62)
	at sun.reflect.DelegatingMethodAccessorImpl.invoke(DelegatingMethodAccessorImpl.java:43)
	at java.lang.reflect.Method.invoke(Method.java:498)
	at org.apache.hadoop.hive.metastore.RetryingHMSHandler.invokeInternal(RetryingHMSHandler.java:147)
	at org.apache.hadoop.hive.metastore.RetryingHMSHandler.invoke(RetryingHMSHandler.java:108)
	at com.sun.proxy.$Proxy34.drop_database(Unknown Source)
	at org.apache.hadoop.hive.metastore.api.ThriftHiveMetastore$Processor$drop_database.getResult(ThriftHiveMetastore.java:18285)
	at org.apache.hadoop.hive.metastore.api.ThriftHiveMetastore$Processor$drop_database.getResult(ThriftHiveMetastore.java:18264)
	at org.apache.thrift.ProcessFunction.process(ProcessFunction.java:38)
	at org.apache.hadoop.hive.metastore.TUGIBasedProcessor$1.run(TUGIBasedProcessor.java:111)
	at org.apache.hadoop.hive.metastore.TUGIBasedProcessor$1.run(TUGIBasedProcessor.java:107)
	at java.security.AccessController.doPrivileged(Native Method)
	at javax.security.auth.Subject.doAs(Subject.java:422)
	at org.apache.hadoop.security.UserGroupInformation.doAs(UserGroupInformation.java:1682)
	at org.apache.hadoop.hive.metastore.TUGIBasedProcessor.process(TUGIBasedProcessor.java:119)
	at org.apache.thrift.server.TThreadPoolServer$WorkerProcess.run(TThreadPoolServer.java:248)
	at java.util.concurrent.ThreadPoolExecutor.runWorker(ThreadPoolExecutor.java:1149)
	at java.util.concurrent.ThreadPoolExecutor$Worker.run(ThreadPoolExecutor.java:624)
	at java.lang.Thread.run(Thread.java:750)
NestedThrowablesStackTrace:
java.sql.BatchUpdateException: DELETE on table 'DBS' caused a violation of foreign key constraint 'TBLS_FK1' for key (11).  The statement has been rolled back.
	at org.apache.derby.impl.jdbc.EmbedStatement.executeLargeBatch(Unknown Source)
	at org.apache.derby.impl.jdbc.EmbedStatement.executeBatch(Unknown Source)
	at com.zaxxer.hikari.pool.ProxyStatement.executeBatch(ProxyStatement.java:128)
	at com.zaxxer.hikari.pool.HikariProxyPreparedStatement.executeBatch(HikariProxyPreparedStatement.java)
	at org.datanucleus.store.rdbms.ParamLoggingPreparedStatement.executeBatch(ParamLoggingPreparedStatement.java:366)
	at org.datanucleus.store.rdbms.SQLController.processConnectionStatement(SQLController.java:675)
	at org.datanucleus.store.rdbms.SQLController.processStatementsForConnection(SQLController.java:643)
	at org.datanucleus.store.rdbms.SQLController$1.transactionFlushed(SQLController.java:729)
	at org.datanucleus.store.connection.AbstractManagedConnection.transactionFlushed(AbstractManagedConnection.java:95)
	at org.datanucleus.store.connection.ConnectionManagerImpl$2.transactionFlushed(ConnectionManagerImpl.java:528)
	at org.datanucleus.TransactionImpl.flush(TransactionImpl.java:222)
	at org.datanucleus.ExecutionContextImpl.flushInternal(ExecutionContextImpl.java:4068)
	at org.datanucleus.ExecutionContextThreadedImpl.flushInternal(ExecutionContextThreadedImpl.java:448)
	at org.datanucleus.ExecutionContextImpl.flush(ExecutionContextImpl.java:4009)
	at org.datanucleus.ExecutionContextThreadedImpl.flush(ExecutionContextThreadedImpl.java:434)
	at org.datanucleus.api.jdo.JDOPersistenceManager.flush(JDOPersistenceManager.java:2064)
	at org.apache.hadoop.hive.metastore.ObjectStore.addNotificationEvent(ObjectStore.java:11639)
	at sun.reflect.GeneratedMethodAccessor68.invoke(Unknown Source)
	at sun.reflect.DelegatingMethodAccessorImpl.invoke(DelegatingMethodAccessorImpl.java:43)
	at java.lang.reflect.Method.invoke(Method.java:498)
	at org.apache.hadoop.hive.metastore.RawStoreProxy.invoke(RawStoreProxy.java:97)
	at com.sun.proxy.$Proxy32.addNotificationEvent(Unknown Source)
	at org.apache.hive.hcatalog.listener.DbNotificationListener.process(DbNotificationListener.java:1403)
	at org.apache.hive.hcatalog.listener.DbNotificationListener.onDropDatabase(DbNotificationListener.java:513)
	at org.apache.hadoop.hive.metastore.MetaStoreListenerNotifier$26.notify(MetaStoreListenerNotifier.java:99)
	at org.apache.hadoop.hive.metastore.MetaStoreListenerNotifier.notifyEvent(MetaStoreListenerNotifier.java:339)
	at org.apache.hadoop.hive.metastore.HMSHandler.drop_database_core(HMSHandler.java:1785)
	at org.apache.hadoop.hive.metastore.HMSHandler.drop_database(HMSHandler.java:1869)
	at sun.reflect.NativeMethodAccessorImpl.invoke0(Native Method)
	at sun.reflect.NativeMethodAccessorImpl.invoke(NativeMethodAccessorImpl.java:62)
	at sun.reflect.DelegatingMethodAccessorImpl.invoke(DelegatingMethodAccessorImpl.java:43)
	at java.lang.reflect.Method.invoke(Method.java:498)
	at org.apache.hadoop.hive.metastore.RetryingHMSHandler.invokeInternal(RetryingHMSHandler.java:147)
	at org.apache.hadoop.hive.metastore.RetryingHMSHandler.invoke(RetryingHMSHandler.java:108)
	at com.sun.proxy.$Proxy34.drop_database(Unknown Source)
	at org.apache.hadoop.hive.metastore.api.ThriftHiveMetastore$Processor$drop_database.getResult(ThriftHiveMetastore.java:18285)
	at org.apache.hadoop.hive.metastore.api.ThriftHiveMetastore$Processor$drop_database.getResult(ThriftHiveMetastore.java:18264)
	at org.apache.thrift.ProcessFunction.process(ProcessFunction.java:38)
	at org.apache.hadoop.hive.metastore.TUGIBasedProcessor$1.run(TUGIBasedProcessor.java:111)
	at org.apache.hadoop.hive.metastore.TUGIBasedProcessor$1.run(TUGIBasedProcessor.java:107)
	at java.security.AccessController.doPrivileged(Native Method)
	at javax.security.auth.Subject.doAs(Subject.java:422)
	at org.apache.hadoop.security.UserGroupInformation.doAs(UserGroupInformation.java:1682)
	at org.apache.hadoop.hive.metastore.TUGIBasedProcessor.process(TUGIBasedProcessor.java:119)
	at org.apache.thrift.server.TThreadPoolServer$WorkerProcess.run(TThreadPoolServer.java:248)
	at java.util.concurrent.ThreadPoolExecutor.runWorker(ThreadPoolExecutor.java:1149)
	at java.util.concurrent.ThreadPoolExecutor$Worker.run(ThreadPoolExecutor.java:624)
	at java.lang.Thread.run(Thread.java:750)
Caused by: org.apache.derby.shared.common.error.DerbySQLIntegrityConstraintViolationException: DELETE on table 'DBS' caused a violation of foreign key constraint 'TBLS_FK1' for key (11).  The statement has been rolled back.
	at org.apache.derby.impl.jdbc.SQLExceptionFactory.getSQLException(Unknown Source)
	at org.apache.derby.impl.jdbc.Util.generateCsSQLException(Unknown Source)
	at org.apache.derby.impl.jdbc.TransactionResourceImpl.wrapInSQLException(Unknown Source)
	at org.apache.derby.impl.jdbc.TransactionResourceImpl.handleException(Unknown Source)
	at org.apache.derby.impl.jdbc.EmbedConnection.handleException(Unknown Source)
	at org.apache.derby.impl.jdbc.ConnectionChild.handleException(Unknown Source)
	at org.apache.derby.impl.jdbc.EmbedStatement.executeStatement(Unknown Source)
	at org.apache.derby.impl.jdbc.EmbedPreparedStatement.executeBatchElement(Unknown Source)
	... 48 more
Caused by: ERROR 23503: DELETE on table 'DBS' caused a violation of foreign key constraint 'TBLS_FK1' for key (11).  The statement has been rolled back.
	at org.apache.derby.iapi.error.StandardException.newException(Unknown Source)
	at org.apache.derby.iapi.error.StandardException.newException(Unknown Source)
	at org.apache.derby.impl.sql.execute.ReferencedKeyRIChecker.doCheck(Unknown Source)
	at org.apache.derby.impl.sql.execute.RISetChecker.doPKCheck(Unknown Source)
	at org.apache.derby.impl.sql.execute.DeleteResultSet.collectAffectedRows(Unknown Source)
	at org.apache.derby.impl.sql.execute.DeleteResultSet.open(Unknown Source)
	at org.apache.derby.impl.sql.GenericPreparedStatement.executeStmt(Unknown Source)
	at org.apache.derby.impl.sql.GenericPreparedStatement.execute(Unknown Source)
	... 50 more

2024-04-24T12:15:55,812  INFO [TThreadPoolServer WorkerProcess-%d] HiveMetaStore.audit: ugi=alex	ip=127.0.0.1	cmd=source:127.0.0.1 drop_database: @hive#myDb	
2024-04-24T12:15:55,813  INFO [TThreadPoolServer WorkerProcess-%d] HiveMetaStore.audit: ugi=alex	ip=127.0.0.1	cmd=source:127.0.0.1 get_all_tables: db=@hive#myDb	
2024-04-24T12:15:55,814  INFO [TThreadPoolServer WorkerProcess-%d] HiveMetaStore.audit: ugi=alex	ip=127.0.0.1	cmd=source:127.0.0.1 get_functions: db=@hive#myDb pat=*	
2024-04-24T12:15:55,815  INFO [TThreadPoolServer WorkerProcess-%d] HiveMetaStore.audit: ugi=alex	ip=127.0.0.1	cmd=source:127.0.0.1 get_all_stored_procedures	
2024-04-24T12:15:55,816  INFO [TThreadPoolServer WorkerProcess-%d] HiveMetaStore.audit: ugi=alex	ip=127.0.0.1	cmd=source:127.0.0.1 get_all_packages	
2024-04-24T12:15:55,817  INFO [TThreadPoolServer WorkerProcess-%d] HiveMetaStore.audit: ugi=alex	ip=127.0.0.1	cmd=source:127.0.0.1 getTablesByTypeCore: catName=hive: db=myDb pat=.*,type=MATERIALIZED_VIEW	
2024-04-24T12:15:55,819  INFO [TThreadPoolServer WorkerProcess-%d] metastore.ObjectStore: Dropping database hive.myDb along with all tables
2024-04-24T12:15:55,822 ERROR [TThreadPoolServer WorkerProcess-%d] metastore.RetryingHMSHandler: Retrying HMSHandler after 2000 ms (attempt 6 of 10) with error: javax.jdo.JDODataStoreException: Exception thrown flushing changes to datastore
	at org.datanucleus.api.jdo.NucleusJDOHelper.getJDOExceptionForNucleusException(NucleusJDOHelper.java:542)
	at org.datanucleus.api.jdo.JDOPersistenceManager.flush(JDOPersistenceManager.java:2081)
	at org.apache.hadoop.hive.metastore.ObjectStore.addNotificationEvent(ObjectStore.java:11639)
	at sun.reflect.GeneratedMethodAccessor68.invoke(Unknown Source)
	at sun.reflect.DelegatingMethodAccessorImpl.invoke(DelegatingMethodAccessorImpl.java:43)
	at java.lang.reflect.Method.invoke(Method.java:498)
	at org.apache.hadoop.hive.metastore.RawStoreProxy.invoke(RawStoreProxy.java:97)
	at com.sun.proxy.$Proxy32.addNotificationEvent(Unknown Source)
	at org.apache.hive.hcatalog.listener.DbNotificationListener.process(DbNotificationListener.java:1403)
	at org.apache.hive.hcatalog.listener.DbNotificationListener.onDropDatabase(DbNotificationListener.java:513)
	at org.apache.hadoop.hive.metastore.MetaStoreListenerNotifier$26.notify(MetaStoreListenerNotifier.java:99)
	at org.apache.hadoop.hive.metastore.MetaStoreListenerNotifier.notifyEvent(MetaStoreListenerNotifier.java:339)
	at org.apache.hadoop.hive.metastore.HMSHandler.drop_database_core(HMSHandler.java:1785)
	at org.apache.hadoop.hive.metastore.HMSHandler.drop_database(HMSHandler.java:1869)
	at sun.reflect.NativeMethodAccessorImpl.invoke0(Native Method)
	at sun.reflect.NativeMethodAccessorImpl.invoke(NativeMethodAccessorImpl.java:62)
	at sun.reflect.DelegatingMethodAccessorImpl.invoke(DelegatingMethodAccessorImpl.java:43)
	at java.lang.reflect.Method.invoke(Method.java:498)
	at org.apache.hadoop.hive.metastore.RetryingHMSHandler.invokeInternal(RetryingHMSHandler.java:147)
	at org.apache.hadoop.hive.metastore.RetryingHMSHandler.invoke(RetryingHMSHandler.java:108)
	at com.sun.proxy.$Proxy34.drop_database(Unknown Source)
	at org.apache.hadoop.hive.metastore.api.ThriftHiveMetastore$Processor$drop_database.getResult(ThriftHiveMetastore.java:18285)
	at org.apache.hadoop.hive.metastore.api.ThriftHiveMetastore$Processor$drop_database.getResult(ThriftHiveMetastore.java:18264)
	at org.apache.thrift.ProcessFunction.process(ProcessFunction.java:38)
	at org.apache.hadoop.hive.metastore.TUGIBasedProcessor$1.run(TUGIBasedProcessor.java:111)
	at org.apache.hadoop.hive.metastore.TUGIBasedProcessor$1.run(TUGIBasedProcessor.java:107)
	at java.security.AccessController.doPrivileged(Native Method)
	at javax.security.auth.Subject.doAs(Subject.java:422)
	at org.apache.hadoop.security.UserGroupInformation.doAs(UserGroupInformation.java:1682)
	at org.apache.hadoop.hive.metastore.TUGIBasedProcessor.process(TUGIBasedProcessor.java:119)
	at org.apache.thrift.server.TThreadPoolServer$WorkerProcess.run(TThreadPoolServer.java:248)
	at java.util.concurrent.ThreadPoolExecutor.runWorker(ThreadPoolExecutor.java:1149)
	at java.util.concurrent.ThreadPoolExecutor$Worker.run(ThreadPoolExecutor.java:624)
	at java.lang.Thread.run(Thread.java:750)
NestedThrowablesStackTrace:
java.sql.BatchUpdateException: DELETE on table 'DBS' caused a violation of foreign key constraint 'TBLS_FK1' for key (11).  The statement has been rolled back.
	at org.apache.derby.impl.jdbc.EmbedStatement.executeLargeBatch(Unknown Source)
	at org.apache.derby.impl.jdbc.EmbedStatement.executeBatch(Unknown Source)
	at com.zaxxer.hikari.pool.ProxyStatement.executeBatch(ProxyStatement.java:128)
	at com.zaxxer.hikari.pool.HikariProxyPreparedStatement.executeBatch(HikariProxyPreparedStatement.java)
	at org.datanucleus.store.rdbms.ParamLoggingPreparedStatement.executeBatch(ParamLoggingPreparedStatement.java:366)
	at org.datanucleus.store.rdbms.SQLController.processConnectionStatement(SQLController.java:675)
	at org.datanucleus.store.rdbms.SQLController.processStatementsForConnection(SQLController.java:643)
	at org.datanucleus.store.rdbms.SQLController$1.transactionFlushed(SQLController.java:729)
	at org.datanucleus.store.connection.AbstractManagedConnection.transactionFlushed(AbstractManagedConnection.java:95)
	at org.datanucleus.store.connection.ConnectionManagerImpl$2.transactionFlushed(ConnectionManagerImpl.java:528)
	at org.datanucleus.TransactionImpl.flush(TransactionImpl.java:222)
	at org.datanucleus.ExecutionContextImpl.flushInternal(ExecutionContextImpl.java:4068)
	at org.datanucleus.ExecutionContextThreadedImpl.flushInternal(ExecutionContextThreadedImpl.java:448)
	at org.datanucleus.ExecutionContextImpl.flush(ExecutionContextImpl.java:4009)
	at org.datanucleus.ExecutionContextThreadedImpl.flush(ExecutionContextThreadedImpl.java:434)
	at org.datanucleus.api.jdo.JDOPersistenceManager.flush(JDOPersistenceManager.java:2064)
	at org.apache.hadoop.hive.metastore.ObjectStore.addNotificationEvent(ObjectStore.java:11639)
	at sun.reflect.GeneratedMethodAccessor68.invoke(Unknown Source)
	at sun.reflect.DelegatingMethodAccessorImpl.invoke(DelegatingMethodAccessorImpl.java:43)
	at java.lang.reflect.Method.invoke(Method.java:498)
	at org.apache.hadoop.hive.metastore.RawStoreProxy.invoke(RawStoreProxy.java:97)
	at com.sun.proxy.$Proxy32.addNotificationEvent(Unknown Source)
	at org.apache.hive.hcatalog.listener.DbNotificationListener.process(DbNotificationListener.java:1403)
	at org.apache.hive.hcatalog.listener.DbNotificationListener.onDropDatabase(DbNotificationListener.java:513)
	at org.apache.hadoop.hive.metastore.MetaStoreListenerNotifier$26.notify(MetaStoreListenerNotifier.java:99)
	at org.apache.hadoop.hive.metastore.MetaStoreListenerNotifier.notifyEvent(MetaStoreListenerNotifier.java:339)
	at org.apache.hadoop.hive.metastore.HMSHandler.drop_database_core(HMSHandler.java:1785)
	at org.apache.hadoop.hive.metastore.HMSHandler.drop_database(HMSHandler.java:1869)
	at sun.reflect.NativeMethodAccessorImpl.invoke0(Native Method)
	at sun.reflect.NativeMethodAccessorImpl.invoke(NativeMethodAccessorImpl.java:62)
	at sun.reflect.DelegatingMethodAccessorImpl.invoke(DelegatingMethodAccessorImpl.java:43)
	at java.lang.reflect.Method.invoke(Method.java:498)
	at org.apache.hadoop.hive.metastore.RetryingHMSHandler.invokeInternal(RetryingHMSHandler.java:147)
	at org.apache.hadoop.hive.metastore.RetryingHMSHandler.invoke(RetryingHMSHandler.java:108)
	at com.sun.proxy.$Proxy34.drop_database(Unknown Source)
	at org.apache.hadoop.hive.metastore.api.ThriftHiveMetastore$Processor$drop_database.getResult(ThriftHiveMetastore.java:18285)
	at org.apache.hadoop.hive.metastore.api.ThriftHiveMetastore$Processor$drop_database.getResult(ThriftHiveMetastore.java:18264)
	at org.apache.thrift.ProcessFunction.process(ProcessFunction.java:38)
	at org.apache.hadoop.hive.metastore.TUGIBasedProcessor$1.run(TUGIBasedProcessor.java:111)
	at org.apache.hadoop.hive.metastore.TUGIBasedProcessor$1.run(TUGIBasedProcessor.java:107)
	at java.security.AccessController.doPrivileged(Native Method)
	at javax.security.auth.Subject.doAs(Subject.java:422)
	at org.apache.hadoop.security.UserGroupInformation.doAs(UserGroupInformation.java:1682)
	at org.apache.hadoop.hive.metastore.TUGIBasedProcessor.process(TUGIBasedProcessor.java:119)
	at org.apache.thrift.server.TThreadPoolServer$WorkerProcess.run(TThreadPoolServer.java:248)
	at java.util.concurrent.ThreadPoolExecutor.runWorker(ThreadPoolExecutor.java:1149)
	at java.util.concurrent.ThreadPoolExecutor$Worker.run(ThreadPoolExecutor.java:624)
	at java.lang.Thread.run(Thread.java:750)
Caused by: org.apache.derby.shared.common.error.DerbySQLIntegrityConstraintViolationException: DELETE on table 'DBS' caused a violation of foreign key constraint 'TBLS_FK1' for key (11).  The statement has been rolled back.
	at org.apache.derby.impl.jdbc.SQLExceptionFactory.getSQLException(Unknown Source)
	at org.apache.derby.impl.jdbc.Util.generateCsSQLException(Unknown Source)
	at org.apache.derby.impl.jdbc.TransactionResourceImpl.wrapInSQLException(Unknown Source)
	at org.apache.derby.impl.jdbc.TransactionResourceImpl.handleException(Unknown Source)
	at org.apache.derby.impl.jdbc.EmbedConnection.handleException(Unknown Source)
	at org.apache.derby.impl.jdbc.ConnectionChild.handleException(Unknown Source)
	at org.apache.derby.impl.jdbc.EmbedStatement.executeStatement(Unknown Source)
	at org.apache.derby.impl.jdbc.EmbedPreparedStatement.executeBatchElement(Unknown Source)
	... 48 more
Caused by: ERROR 23503: DELETE on table 'DBS' caused a violation of foreign key constraint 'TBLS_FK1' for key (11).  The statement has been rolled back.
	at org.apache.derby.iapi.error.StandardException.newException(Unknown Source)
	at org.apache.derby.iapi.error.StandardException.newException(Unknown Source)
	at org.apache.derby.impl.sql.execute.ReferencedKeyRIChecker.doCheck(Unknown Source)
	at org.apache.derby.impl.sql.execute.RISetChecker.doPKCheck(Unknown Source)
	at org.apache.derby.impl.sql.execute.DeleteResultSet.collectAffectedRows(Unknown Source)
	at org.apache.derby.impl.sql.execute.DeleteResultSet.open(Unknown Source)
	at org.apache.derby.impl.sql.GenericPreparedStatement.executeStmt(Unknown Source)
	at org.apache.derby.impl.sql.GenericPreparedStatement.execute(Unknown Source)
	... 50 more

2024-04-24T12:15:57,823  INFO [TThreadPoolServer WorkerProcess-%d] HiveMetaStore.audit: ugi=alex	ip=127.0.0.1	cmd=source:127.0.0.1 drop_database: @hive#myDb	
2024-04-24T12:15:57,827  INFO [TThreadPoolServer WorkerProcess-%d] HiveMetaStore.audit: ugi=alex	ip=127.0.0.1	cmd=source:127.0.0.1 get_all_tables: db=@hive#myDb	
2024-04-24T12:15:57,829  INFO [TThreadPoolServer WorkerProcess-%d] HiveMetaStore.audit: ugi=alex	ip=127.0.0.1	cmd=source:127.0.0.1 get_functions: db=@hive#myDb pat=*	
2024-04-24T12:15:57,830  INFO [TThreadPoolServer WorkerProcess-%d] HiveMetaStore.audit: ugi=alex	ip=127.0.0.1	cmd=source:127.0.0.1 get_all_stored_procedures	
2024-04-24T12:15:57,831  INFO [TThreadPoolServer WorkerProcess-%d] HiveMetaStore.audit: ugi=alex	ip=127.0.0.1	cmd=source:127.0.0.1 get_all_packages	
2024-04-24T12:15:57,831  INFO [TThreadPoolServer WorkerProcess-%d] HiveMetaStore.audit: ugi=alex	ip=127.0.0.1	cmd=source:127.0.0.1 getTablesByTypeCore: catName=hive: db=myDb pat=.*,type=MATERIALIZED_VIEW	
2024-04-24T12:15:57,834  INFO [TThreadPoolServer WorkerProcess-%d] metastore.ObjectStore: Dropping database hive.myDb along with all tables
2024-04-24T12:15:57,838 ERROR [TThreadPoolServer WorkerProcess-%d] metastore.RetryingHMSHandler: Retrying HMSHandler after 2000 ms (attempt 7 of 10) with error: javax.jdo.JDODataStoreException: Exception thrown flushing changes to datastore
	at org.datanucleus.api.jdo.NucleusJDOHelper.getJDOExceptionForNucleusException(NucleusJDOHelper.java:542)
	at org.datanucleus.api.jdo.JDOPersistenceManager.flush(JDOPersistenceManager.java:2081)
	at org.apache.hadoop.hive.metastore.ObjectStore.addNotificationEvent(ObjectStore.java:11639)
	at sun.reflect.GeneratedMethodAccessor68.invoke(Unknown Source)
	at sun.reflect.DelegatingMethodAccessorImpl.invoke(DelegatingMethodAccessorImpl.java:43)
	at java.lang.reflect.Method.invoke(Method.java:498)
	at org.apache.hadoop.hive.metastore.RawStoreProxy.invoke(RawStoreProxy.java:97)
	at com.sun.proxy.$Proxy32.addNotificationEvent(Unknown Source)
	at org.apache.hive.hcatalog.listener.DbNotificationListener.process(DbNotificationListener.java:1403)
	at org.apache.hive.hcatalog.listener.DbNotificationListener.onDropDatabase(DbNotificationListener.java:513)
	at org.apache.hadoop.hive.metastore.MetaStoreListenerNotifier$26.notify(MetaStoreListenerNotifier.java:99)
	at org.apache.hadoop.hive.metastore.MetaStoreListenerNotifier.notifyEvent(MetaStoreListenerNotifier.java:339)
	at org.apache.hadoop.hive.metastore.HMSHandler.drop_database_core(HMSHandler.java:1785)
	at org.apache.hadoop.hive.metastore.HMSHandler.drop_database(HMSHandler.java:1869)
	at sun.reflect.NativeMethodAccessorImpl.invoke0(Native Method)
	at sun.reflect.NativeMethodAccessorImpl.invoke(NativeMethodAccessorImpl.java:62)
	at sun.reflect.DelegatingMethodAccessorImpl.invoke(DelegatingMethodAccessorImpl.java:43)
	at java.lang.reflect.Method.invoke(Method.java:498)
	at org.apache.hadoop.hive.metastore.RetryingHMSHandler.invokeInternal(RetryingHMSHandler.java:147)
	at org.apache.hadoop.hive.metastore.RetryingHMSHandler.invoke(RetryingHMSHandler.java:108)
	at com.sun.proxy.$Proxy34.drop_database(Unknown Source)
	at org.apache.hadoop.hive.metastore.api.ThriftHiveMetastore$Processor$drop_database.getResult(ThriftHiveMetastore.java:18285)
	at org.apache.hadoop.hive.metastore.api.ThriftHiveMetastore$Processor$drop_database.getResult(ThriftHiveMetastore.java:18264)
	at org.apache.thrift.ProcessFunction.process(ProcessFunction.java:38)
	at org.apache.hadoop.hive.metastore.TUGIBasedProcessor$1.run(TUGIBasedProcessor.java:111)
	at org.apache.hadoop.hive.metastore.TUGIBasedProcessor$1.run(TUGIBasedProcessor.java:107)
	at java.security.AccessController.doPrivileged(Native Method)
	at javax.security.auth.Subject.doAs(Subject.java:422)
	at org.apache.hadoop.security.UserGroupInformation.doAs(UserGroupInformation.java:1682)
	at org.apache.hadoop.hive.metastore.TUGIBasedProcessor.process(TUGIBasedProcessor.java:119)
	at org.apache.thrift.server.TThreadPoolServer$WorkerProcess.run(TThreadPoolServer.java:248)
	at java.util.concurrent.ThreadPoolExecutor.runWorker(ThreadPoolExecutor.java:1149)
	at java.util.concurrent.ThreadPoolExecutor$Worker.run(ThreadPoolExecutor.java:624)
	at java.lang.Thread.run(Thread.java:750)
NestedThrowablesStackTrace:
java.sql.BatchUpdateException: DELETE on table 'DBS' caused a violation of foreign key constraint 'TBLS_FK1' for key (11).  The statement has been rolled back.
	at org.apache.derby.impl.jdbc.EmbedStatement.executeLargeBatch(Unknown Source)
	at org.apache.derby.impl.jdbc.EmbedStatement.executeBatch(Unknown Source)
	at com.zaxxer.hikari.pool.ProxyStatement.executeBatch(ProxyStatement.java:128)
	at com.zaxxer.hikari.pool.HikariProxyPreparedStatement.executeBatch(HikariProxyPreparedStatement.java)
	at org.datanucleus.store.rdbms.ParamLoggingPreparedStatement.executeBatch(ParamLoggingPreparedStatement.java:366)
	at org.datanucleus.store.rdbms.SQLController.processConnectionStatement(SQLController.java:675)
	at org.datanucleus.store.rdbms.SQLController.processStatementsForConnection(SQLController.java:643)
	at org.datanucleus.store.rdbms.SQLController$1.transactionFlushed(SQLController.java:729)
	at org.datanucleus.store.connection.AbstractManagedConnection.transactionFlushed(AbstractManagedConnection.java:95)
	at org.datanucleus.store.connection.ConnectionManagerImpl$2.transactionFlushed(ConnectionManagerImpl.java:528)
	at org.datanucleus.TransactionImpl.flush(TransactionImpl.java:222)
	at org.datanucleus.ExecutionContextImpl.flushInternal(ExecutionContextImpl.java:4068)
	at org.datanucleus.ExecutionContextThreadedImpl.flushInternal(ExecutionContextThreadedImpl.java:448)
	at org.datanucleus.ExecutionContextImpl.flush(ExecutionContextImpl.java:4009)
	at org.datanucleus.ExecutionContextThreadedImpl.flush(ExecutionContextThreadedImpl.java:434)
	at org.datanucleus.api.jdo.JDOPersistenceManager.flush(JDOPersistenceManager.java:2064)
	at org.apache.hadoop.hive.metastore.ObjectStore.addNotificationEvent(ObjectStore.java:11639)
	at sun.reflect.GeneratedMethodAccessor68.invoke(Unknown Source)
	at sun.reflect.DelegatingMethodAccessorImpl.invoke(DelegatingMethodAccessorImpl.java:43)
	at java.lang.reflect.Method.invoke(Method.java:498)
	at org.apache.hadoop.hive.metastore.RawStoreProxy.invoke(RawStoreProxy.java:97)
	at com.sun.proxy.$Proxy32.addNotificationEvent(Unknown Source)
	at org.apache.hive.hcatalog.listener.DbNotificationListener.process(DbNotificationListener.java:1403)
	at org.apache.hive.hcatalog.listener.DbNotificationListener.onDropDatabase(DbNotificationListener.java:513)
	at org.apache.hadoop.hive.metastore.MetaStoreListenerNotifier$26.notify(MetaStoreListenerNotifier.java:99)
	at org.apache.hadoop.hive.metastore.MetaStoreListenerNotifier.notifyEvent(MetaStoreListenerNotifier.java:339)
	at org.apache.hadoop.hive.metastore.HMSHandler.drop_database_core(HMSHandler.java:1785)
	at org.apache.hadoop.hive.metastore.HMSHandler.drop_database(HMSHandler.java:1869)
	at sun.reflect.NativeMethodAccessorImpl.invoke0(Native Method)
	at sun.reflect.NativeMethodAccessorImpl.invoke(NativeMethodAccessorImpl.java:62)
	at sun.reflect.DelegatingMethodAccessorImpl.invoke(DelegatingMethodAccessorImpl.java:43)
	at java.lang.reflect.Method.invoke(Method.java:498)
	at org.apache.hadoop.hive.metastore.RetryingHMSHandler.invokeInternal(RetryingHMSHandler.java:147)
	at org.apache.hadoop.hive.metastore.RetryingHMSHandler.invoke(RetryingHMSHandler.java:108)
	at com.sun.proxy.$Proxy34.drop_database(Unknown Source)
	at org.apache.hadoop.hive.metastore.api.ThriftHiveMetastore$Processor$drop_database.getResult(ThriftHiveMetastore.java:18285)
	at org.apache.hadoop.hive.metastore.api.ThriftHiveMetastore$Processor$drop_database.getResult(ThriftHiveMetastore.java:18264)
	at org.apache.thrift.ProcessFunction.process(ProcessFunction.java:38)
	at org.apache.hadoop.hive.metastore.TUGIBasedProcessor$1.run(TUGIBasedProcessor.java:111)
	at org.apache.hadoop.hive.metastore.TUGIBasedProcessor$1.run(TUGIBasedProcessor.java:107)
	at java.security.AccessController.doPrivileged(Native Method)
	at javax.security.auth.Subject.doAs(Subject.java:422)
	at org.apache.hadoop.security.UserGroupInformation.doAs(UserGroupInformation.java:1682)
	at org.apache.hadoop.hive.metastore.TUGIBasedProcessor.process(TUGIBasedProcessor.java:119)
	at org.apache.thrift.server.TThreadPoolServer$WorkerProcess.run(TThreadPoolServer.java:248)
	at java.util.concurrent.ThreadPoolExecutor.runWorker(ThreadPoolExecutor.java:1149)
	at java.util.concurrent.ThreadPoolExecutor$Worker.run(ThreadPoolExecutor.java:624)
	at java.lang.Thread.run(Thread.java:750)
Caused by: org.apache.derby.shared.common.error.DerbySQLIntegrityConstraintViolationException: DELETE on table 'DBS' caused a violation of foreign key constraint 'TBLS_FK1' for key (11).  The statement has been rolled back.
	at org.apache.derby.impl.jdbc.SQLExceptionFactory.getSQLException(Unknown Source)
	at org.apache.derby.impl.jdbc.Util.generateCsSQLException(Unknown Source)
	at org.apache.derby.impl.jdbc.TransactionResourceImpl.wrapInSQLException(Unknown Source)
	at org.apache.derby.impl.jdbc.TransactionResourceImpl.handleException(Unknown Source)
	at org.apache.derby.impl.jdbc.EmbedConnection.handleException(Unknown Source)
	at org.apache.derby.impl.jdbc.ConnectionChild.handleException(Unknown Source)
	at org.apache.derby.impl.jdbc.EmbedStatement.executeStatement(Unknown Source)
	at org.apache.derby.impl.jdbc.EmbedPreparedStatement.executeBatchElement(Unknown Source)
	... 48 more
Caused by: ERROR 23503: DELETE on table 'DBS' caused a violation of foreign key constraint 'TBLS_FK1' for key (11).  The statement has been rolled back.
	at org.apache.derby.iapi.error.StandardException.newException(Unknown Source)
	at org.apache.derby.iapi.error.StandardException.newException(Unknown Source)
	at org.apache.derby.impl.sql.execute.ReferencedKeyRIChecker.doCheck(Unknown Source)
	at org.apache.derby.impl.sql.execute.RISetChecker.doPKCheck(Unknown Source)
	at org.apache.derby.impl.sql.execute.DeleteResultSet.collectAffectedRows(Unknown Source)
	at org.apache.derby.impl.sql.execute.DeleteResultSet.open(Unknown Source)
	at org.apache.derby.impl.sql.GenericPreparedStatement.executeStmt(Unknown Source)
	at org.apache.derby.impl.sql.GenericPreparedStatement.execute(Unknown Source)
	... 50 more

2024-04-24T12:15:59,839  INFO [TThreadPoolServer WorkerProcess-%d] HiveMetaStore.audit: ugi=alex	ip=127.0.0.1	cmd=source:127.0.0.1 drop_database: @hive#myDb	
2024-04-24T12:15:59,840  INFO [TThreadPoolServer WorkerProcess-%d] HiveMetaStore.audit: ugi=alex	ip=127.0.0.1	cmd=source:127.0.0.1 get_all_tables: db=@hive#myDb	
2024-04-24T12:15:59,841  INFO [TThreadPoolServer WorkerProcess-%d] HiveMetaStore.audit: ugi=alex	ip=127.0.0.1	cmd=source:127.0.0.1 get_functions: db=@hive#myDb pat=*	
2024-04-24T12:15:59,842  INFO [TThreadPoolServer WorkerProcess-%d] HiveMetaStore.audit: ugi=alex	ip=127.0.0.1	cmd=source:127.0.0.1 get_all_stored_procedures	
2024-04-24T12:15:59,843  INFO [TThreadPoolServer WorkerProcess-%d] HiveMetaStore.audit: ugi=alex	ip=127.0.0.1	cmd=source:127.0.0.1 get_all_packages	
2024-04-24T12:15:59,844  INFO [TThreadPoolServer WorkerProcess-%d] HiveMetaStore.audit: ugi=alex	ip=127.0.0.1	cmd=source:127.0.0.1 getTablesByTypeCore: catName=hive: db=myDb pat=.*,type=MATERIALIZED_VIEW	
2024-04-24T12:15:59,847  INFO [TThreadPoolServer WorkerProcess-%d] metastore.ObjectStore: Dropping database hive.myDb along with all tables
2024-04-24T12:15:59,850 ERROR [TThreadPoolServer WorkerProcess-%d] metastore.RetryingHMSHandler: Retrying HMSHandler after 2000 ms (attempt 8 of 10) with error: javax.jdo.JDODataStoreException: Exception thrown flushing changes to datastore
	at org.datanucleus.api.jdo.NucleusJDOHelper.getJDOExceptionForNucleusException(NucleusJDOHelper.java:542)
	at org.datanucleus.api.jdo.JDOPersistenceManager.flush(JDOPersistenceManager.java:2081)
	at org.apache.hadoop.hive.metastore.ObjectStore.addNotificationEvent(ObjectStore.java:11639)
	at sun.reflect.GeneratedMethodAccessor68.invoke(Unknown Source)
	at sun.reflect.DelegatingMethodAccessorImpl.invoke(DelegatingMethodAccessorImpl.java:43)
	at java.lang.reflect.Method.invoke(Method.java:498)
	at org.apache.hadoop.hive.metastore.RawStoreProxy.invoke(RawStoreProxy.java:97)
	at com.sun.proxy.$Proxy32.addNotificationEvent(Unknown Source)
	at org.apache.hive.hcatalog.listener.DbNotificationListener.process(DbNotificationListener.java:1403)
	at org.apache.hive.hcatalog.listener.DbNotificationListener.onDropDatabase(DbNotificationListener.java:513)
	at org.apache.hadoop.hive.metastore.MetaStoreListenerNotifier$26.notify(MetaStoreListenerNotifier.java:99)
	at org.apache.hadoop.hive.metastore.MetaStoreListenerNotifier.notifyEvent(MetaStoreListenerNotifier.java:339)
	at org.apache.hadoop.hive.metastore.HMSHandler.drop_database_core(HMSHandler.java:1785)
	at org.apache.hadoop.hive.metastore.HMSHandler.drop_database(HMSHandler.java:1869)
	at sun.reflect.NativeMethodAccessorImpl.invoke0(Native Method)
	at sun.reflect.NativeMethodAccessorImpl.invoke(NativeMethodAccessorImpl.java:62)
	at sun.reflect.DelegatingMethodAccessorImpl.invoke(DelegatingMethodAccessorImpl.java:43)
	at java.lang.reflect.Method.invoke(Method.java:498)
	at org.apache.hadoop.hive.metastore.RetryingHMSHandler.invokeInternal(RetryingHMSHandler.java:147)
	at org.apache.hadoop.hive.metastore.RetryingHMSHandler.invoke(RetryingHMSHandler.java:108)
	at com.sun.proxy.$Proxy34.drop_database(Unknown Source)
	at org.apache.hadoop.hive.metastore.api.ThriftHiveMetastore$Processor$drop_database.getResult(ThriftHiveMetastore.java:18285)
	at org.apache.hadoop.hive.metastore.api.ThriftHiveMetastore$Processor$drop_database.getResult(ThriftHiveMetastore.java:18264)
	at org.apache.thrift.ProcessFunction.process(ProcessFunction.java:38)
	at org.apache.hadoop.hive.metastore.TUGIBasedProcessor$1.run(TUGIBasedProcessor.java:111)
	at org.apache.hadoop.hive.metastore.TUGIBasedProcessor$1.run(TUGIBasedProcessor.java:107)
	at java.security.AccessController.doPrivileged(Native Method)
	at javax.security.auth.Subject.doAs(Subject.java:422)
	at org.apache.hadoop.security.UserGroupInformation.doAs(UserGroupInformation.java:1682)
	at org.apache.hadoop.hive.metastore.TUGIBasedProcessor.process(TUGIBasedProcessor.java:119)
	at org.apache.thrift.server.TThreadPoolServer$WorkerProcess.run(TThreadPoolServer.java:248)
	at java.util.concurrent.ThreadPoolExecutor.runWorker(ThreadPoolExecutor.java:1149)
	at java.util.concurrent.ThreadPoolExecutor$Worker.run(ThreadPoolExecutor.java:624)
	at java.lang.Thread.run(Thread.java:750)
NestedThrowablesStackTrace:
java.sql.BatchUpdateException: DELETE on table 'DBS' caused a violation of foreign key constraint 'TBLS_FK1' for key (11).  The statement has been rolled back.
	at org.apache.derby.impl.jdbc.EmbedStatement.executeLargeBatch(Unknown Source)
	at org.apache.derby.impl.jdbc.EmbedStatement.executeBatch(Unknown Source)
	at com.zaxxer.hikari.pool.ProxyStatement.executeBatch(ProxyStatement.java:128)
	at com.zaxxer.hikari.pool.HikariProxyPreparedStatement.executeBatch(HikariProxyPreparedStatement.java)
	at org.datanucleus.store.rdbms.ParamLoggingPreparedStatement.executeBatch(ParamLoggingPreparedStatement.java:366)
	at org.datanucleus.store.rdbms.SQLController.processConnectionStatement(SQLController.java:675)
	at org.datanucleus.store.rdbms.SQLController.processStatementsForConnection(SQLController.java:643)
	at org.datanucleus.store.rdbms.SQLController$1.transactionFlushed(SQLController.java:729)
	at org.datanucleus.store.connection.AbstractManagedConnection.transactionFlushed(AbstractManagedConnection.java:95)
	at org.datanucleus.store.connection.ConnectionManagerImpl$2.transactionFlushed(ConnectionManagerImpl.java:528)
	at org.datanucleus.TransactionImpl.flush(TransactionImpl.java:222)
	at org.datanucleus.ExecutionContextImpl.flushInternal(ExecutionContextImpl.java:4068)
	at org.datanucleus.ExecutionContextThreadedImpl.flushInternal(ExecutionContextThreadedImpl.java:448)
	at org.datanucleus.ExecutionContextImpl.flush(ExecutionContextImpl.java:4009)
	at org.datanucleus.ExecutionContextThreadedImpl.flush(ExecutionContextThreadedImpl.java:434)
	at org.datanucleus.api.jdo.JDOPersistenceManager.flush(JDOPersistenceManager.java:2064)
	at org.apache.hadoop.hive.metastore.ObjectStore.addNotificationEvent(ObjectStore.java:11639)
	at sun.reflect.GeneratedMethodAccessor68.invoke(Unknown Source)
	at sun.reflect.DelegatingMethodAccessorImpl.invoke(DelegatingMethodAccessorImpl.java:43)
	at java.lang.reflect.Method.invoke(Method.java:498)
	at org.apache.hadoop.hive.metastore.RawStoreProxy.invoke(RawStoreProxy.java:97)
	at com.sun.proxy.$Proxy32.addNotificationEvent(Unknown Source)
	at org.apache.hive.hcatalog.listener.DbNotificationListener.process(DbNotificationListener.java:1403)
	at org.apache.hive.hcatalog.listener.DbNotificationListener.onDropDatabase(DbNotificationListener.java:513)
	at org.apache.hadoop.hive.metastore.MetaStoreListenerNotifier$26.notify(MetaStoreListenerNotifier.java:99)
	at org.apache.hadoop.hive.metastore.MetaStoreListenerNotifier.notifyEvent(MetaStoreListenerNotifier.java:339)
	at org.apache.hadoop.hive.metastore.HMSHandler.drop_database_core(HMSHandler.java:1785)
	at org.apache.hadoop.hive.metastore.HMSHandler.drop_database(HMSHandler.java:1869)
	at sun.reflect.NativeMethodAccessorImpl.invoke0(Native Method)
	at sun.reflect.NativeMethodAccessorImpl.invoke(NativeMethodAccessorImpl.java:62)
	at sun.reflect.DelegatingMethodAccessorImpl.invoke(DelegatingMethodAccessorImpl.java:43)
	at java.lang.reflect.Method.invoke(Method.java:498)
	at org.apache.hadoop.hive.metastore.RetryingHMSHandler.invokeInternal(RetryingHMSHandler.java:147)
	at org.apache.hadoop.hive.metastore.RetryingHMSHandler.invoke(RetryingHMSHandler.java:108)
	at com.sun.proxy.$Proxy34.drop_database(Unknown Source)
	at org.apache.hadoop.hive.metastore.api.ThriftHiveMetastore$Processor$drop_database.getResult(ThriftHiveMetastore.java:18285)
	at org.apache.hadoop.hive.metastore.api.ThriftHiveMetastore$Processor$drop_database.getResult(ThriftHiveMetastore.java:18264)
	at org.apache.thrift.ProcessFunction.process(ProcessFunction.java:38)
	at org.apache.hadoop.hive.metastore.TUGIBasedProcessor$1.run(TUGIBasedProcessor.java:111)
	at org.apache.hadoop.hive.metastore.TUGIBasedProcessor$1.run(TUGIBasedProcessor.java:107)
	at java.security.AccessController.doPrivileged(Native Method)
	at javax.security.auth.Subject.doAs(Subject.java:422)
	at org.apache.hadoop.security.UserGroupInformation.doAs(UserGroupInformation.java:1682)
	at org.apache.hadoop.hive.metastore.TUGIBasedProcessor.process(TUGIBasedProcessor.java:119)
	at org.apache.thrift.server.TThreadPoolServer$WorkerProcess.run(TThreadPoolServer.java:248)
	at java.util.concurrent.ThreadPoolExecutor.runWorker(ThreadPoolExecutor.java:1149)
	at java.util.concurrent.ThreadPoolExecutor$Worker.run(ThreadPoolExecutor.java:624)
	at java.lang.Thread.run(Thread.java:750)
Caused by: org.apache.derby.shared.common.error.DerbySQLIntegrityConstraintViolationException: DELETE on table 'DBS' caused a violation of foreign key constraint 'TBLS_FK1' for key (11).  The statement has been rolled back.
	at org.apache.derby.impl.jdbc.SQLExceptionFactory.getSQLException(Unknown Source)
	at org.apache.derby.impl.jdbc.Util.generateCsSQLException(Unknown Source)
	at org.apache.derby.impl.jdbc.TransactionResourceImpl.wrapInSQLException(Unknown Source)
	at org.apache.derby.impl.jdbc.TransactionResourceImpl.handleException(Unknown Source)
	at org.apache.derby.impl.jdbc.EmbedConnection.handleException(Unknown Source)
	at org.apache.derby.impl.jdbc.ConnectionChild.handleException(Unknown Source)
	at org.apache.derby.impl.jdbc.EmbedStatement.executeStatement(Unknown Source)
	at org.apache.derby.impl.jdbc.EmbedPreparedStatement.executeBatchElement(Unknown Source)
	... 48 more
Caused by: ERROR 23503: DELETE on table 'DBS' caused a violation of foreign key constraint 'TBLS_FK1' for key (11).  The statement has been rolled back.
	at org.apache.derby.iapi.error.StandardException.newException(Unknown Source)
	at org.apache.derby.iapi.error.StandardException.newException(Unknown Source)
	at org.apache.derby.impl.sql.execute.ReferencedKeyRIChecker.doCheck(Unknown Source)
	at org.apache.derby.impl.sql.execute.RISetChecker.doPKCheck(Unknown Source)
	at org.apache.derby.impl.sql.execute.DeleteResultSet.collectAffectedRows(Unknown Source)
	at org.apache.derby.impl.sql.execute.DeleteResultSet.open(Unknown Source)
	at org.apache.derby.impl.sql.GenericPreparedStatement.executeStmt(Unknown Source)
	at org.apache.derby.impl.sql.GenericPreparedStatement.execute(Unknown Source)
	... 50 more

2024-04-24T12:16:01,851  INFO [TThreadPoolServer WorkerProcess-%d] HiveMetaStore.audit: ugi=alex	ip=127.0.0.1	cmd=source:127.0.0.1 drop_database: @hive#myDb	
2024-04-24T12:16:01,854  INFO [TThreadPoolServer WorkerProcess-%d] HiveMetaStore.audit: ugi=alex	ip=127.0.0.1	cmd=source:127.0.0.1 get_all_tables: db=@hive#myDb	
2024-04-24T12:16:01,855  INFO [TThreadPoolServer WorkerProcess-%d] HiveMetaStore.audit: ugi=alex	ip=127.0.0.1	cmd=source:127.0.0.1 get_functions: db=@hive#myDb pat=*	
2024-04-24T12:16:01,856  INFO [TThreadPoolServer WorkerProcess-%d] HiveMetaStore.audit: ugi=alex	ip=127.0.0.1	cmd=source:127.0.0.1 get_all_stored_procedures	
2024-04-24T12:16:01,857  INFO [TThreadPoolServer WorkerProcess-%d] HiveMetaStore.audit: ugi=alex	ip=127.0.0.1	cmd=source:127.0.0.1 get_all_packages	
2024-04-24T12:16:01,858  INFO [TThreadPoolServer WorkerProcess-%d] HiveMetaStore.audit: ugi=alex	ip=127.0.0.1	cmd=source:127.0.0.1 getTablesByTypeCore: catName=hive: db=myDb pat=.*,type=MATERIALIZED_VIEW	
2024-04-24T12:16:01,861  INFO [TThreadPoolServer WorkerProcess-%d] metastore.ObjectStore: Dropping database hive.myDb along with all tables
2024-04-24T12:16:01,865 ERROR [TThreadPoolServer WorkerProcess-%d] metastore.RetryingHMSHandler: Retrying HMSHandler after 2000 ms (attempt 9 of 10) with error: javax.jdo.JDODataStoreException: Exception thrown flushing changes to datastore
	at org.datanucleus.api.jdo.NucleusJDOHelper.getJDOExceptionForNucleusException(NucleusJDOHelper.java:542)
	at org.datanucleus.api.jdo.JDOPersistenceManager.flush(JDOPersistenceManager.java:2081)
	at org.apache.hadoop.hive.metastore.ObjectStore.addNotificationEvent(ObjectStore.java:11639)
	at sun.reflect.GeneratedMethodAccessor68.invoke(Unknown Source)
	at sun.reflect.DelegatingMethodAccessorImpl.invoke(DelegatingMethodAccessorImpl.java:43)
	at java.lang.reflect.Method.invoke(Method.java:498)
	at org.apache.hadoop.hive.metastore.RawStoreProxy.invoke(RawStoreProxy.java:97)
	at com.sun.proxy.$Proxy32.addNotificationEvent(Unknown Source)
	at org.apache.hive.hcatalog.listener.DbNotificationListener.process(DbNotificationListener.java:1403)
	at org.apache.hive.hcatalog.listener.DbNotificationListener.onDropDatabase(DbNotificationListener.java:513)
	at org.apache.hadoop.hive.metastore.MetaStoreListenerNotifier$26.notify(MetaStoreListenerNotifier.java:99)
	at org.apache.hadoop.hive.metastore.MetaStoreListenerNotifier.notifyEvent(MetaStoreListenerNotifier.java:339)
	at org.apache.hadoop.hive.metastore.HMSHandler.drop_database_core(HMSHandler.java:1785)
	at org.apache.hadoop.hive.metastore.HMSHandler.drop_database(HMSHandler.java:1869)
	at sun.reflect.NativeMethodAccessorImpl.invoke0(Native Method)
	at sun.reflect.NativeMethodAccessorImpl.invoke(NativeMethodAccessorImpl.java:62)
	at sun.reflect.DelegatingMethodAccessorImpl.invoke(DelegatingMethodAccessorImpl.java:43)
	at java.lang.reflect.Method.invoke(Method.java:498)
	at org.apache.hadoop.hive.metastore.RetryingHMSHandler.invokeInternal(RetryingHMSHandler.java:147)
	at org.apache.hadoop.hive.metastore.RetryingHMSHandler.invoke(RetryingHMSHandler.java:108)
	at com.sun.proxy.$Proxy34.drop_database(Unknown Source)
	at org.apache.hadoop.hive.metastore.api.ThriftHiveMetastore$Processor$drop_database.getResult(ThriftHiveMetastore.java:18285)
	at org.apache.hadoop.hive.metastore.api.ThriftHiveMetastore$Processor$drop_database.getResult(ThriftHiveMetastore.java:18264)
	at org.apache.thrift.ProcessFunction.process(ProcessFunction.java:38)
	at org.apache.hadoop.hive.metastore.TUGIBasedProcessor$1.run(TUGIBasedProcessor.java:111)
	at org.apache.hadoop.hive.metastore.TUGIBasedProcessor$1.run(TUGIBasedProcessor.java:107)
	at java.security.AccessController.doPrivileged(Native Method)
	at javax.security.auth.Subject.doAs(Subject.java:422)
	at org.apache.hadoop.security.UserGroupInformation.doAs(UserGroupInformation.java:1682)
	at org.apache.hadoop.hive.metastore.TUGIBasedProcessor.process(TUGIBasedProcessor.java:119)
	at org.apache.thrift.server.TThreadPoolServer$WorkerProcess.run(TThreadPoolServer.java:248)
	at java.util.concurrent.ThreadPoolExecutor.runWorker(ThreadPoolExecutor.java:1149)
	at java.util.concurrent.ThreadPoolExecutor$Worker.run(ThreadPoolExecutor.java:624)
	at java.lang.Thread.run(Thread.java:750)
NestedThrowablesStackTrace:
java.sql.BatchUpdateException: DELETE on table 'DBS' caused a violation of foreign key constraint 'TBLS_FK1' for key (11).  The statement has been rolled back.
	at org.apache.derby.impl.jdbc.EmbedStatement.executeLargeBatch(Unknown Source)
	at org.apache.derby.impl.jdbc.EmbedStatement.executeBatch(Unknown Source)
	at com.zaxxer.hikari.pool.ProxyStatement.executeBatch(ProxyStatement.java:128)
	at com.zaxxer.hikari.pool.HikariProxyPreparedStatement.executeBatch(HikariProxyPreparedStatement.java)
	at org.datanucleus.store.rdbms.ParamLoggingPreparedStatement.executeBatch(ParamLoggingPreparedStatement.java:366)
	at org.datanucleus.store.rdbms.SQLController.processConnectionStatement(SQLController.java:675)
	at org.datanucleus.store.rdbms.SQLController.processStatementsForConnection(SQLController.java:643)
	at org.datanucleus.store.rdbms.SQLController$1.transactionFlushed(SQLController.java:729)
	at org.datanucleus.store.connection.AbstractManagedConnection.transactionFlushed(AbstractManagedConnection.java:95)
	at org.datanucleus.store.connection.ConnectionManagerImpl$2.transactionFlushed(ConnectionManagerImpl.java:528)
	at org.datanucleus.TransactionImpl.flush(TransactionImpl.java:222)
	at org.datanucleus.ExecutionContextImpl.flushInternal(ExecutionContextImpl.java:4068)
	at org.datanucleus.ExecutionContextThreadedImpl.flushInternal(ExecutionContextThreadedImpl.java:448)
	at org.datanucleus.ExecutionContextImpl.flush(ExecutionContextImpl.java:4009)
	at org.datanucleus.ExecutionContextThreadedImpl.flush(ExecutionContextThreadedImpl.java:434)
	at org.datanucleus.api.jdo.JDOPersistenceManager.flush(JDOPersistenceManager.java:2064)
	at org.apache.hadoop.hive.metastore.ObjectStore.addNotificationEvent(ObjectStore.java:11639)
	at sun.reflect.GeneratedMethodAccessor68.invoke(Unknown Source)
	at sun.reflect.DelegatingMethodAccessorImpl.invoke(DelegatingMethodAccessorImpl.java:43)
	at java.lang.reflect.Method.invoke(Method.java:498)
	at org.apache.hadoop.hive.metastore.RawStoreProxy.invoke(RawStoreProxy.java:97)
	at com.sun.proxy.$Proxy32.addNotificationEvent(Unknown Source)
	at org.apache.hive.hcatalog.listener.DbNotificationListener.process(DbNotificationListener.java:1403)
	at org.apache.hive.hcatalog.listener.DbNotificationListener.onDropDatabase(DbNotificationListener.java:513)
	at org.apache.hadoop.hive.metastore.MetaStoreListenerNotifier$26.notify(MetaStoreListenerNotifier.java:99)
	at org.apache.hadoop.hive.metastore.MetaStoreListenerNotifier.notifyEvent(MetaStoreListenerNotifier.java:339)
	at org.apache.hadoop.hive.metastore.HMSHandler.drop_database_core(HMSHandler.java:1785)
	at org.apache.hadoop.hive.metastore.HMSHandler.drop_database(HMSHandler.java:1869)
	at sun.reflect.NativeMethodAccessorImpl.invoke0(Native Method)
	at sun.reflect.NativeMethodAccessorImpl.invoke(NativeMethodAccessorImpl.java:62)
	at sun.reflect.DelegatingMethodAccessorImpl.invoke(DelegatingMethodAccessorImpl.java:43)
	at java.lang.reflect.Method.invoke(Method.java:498)
	at org.apache.hadoop.hive.metastore.RetryingHMSHandler.invokeInternal(RetryingHMSHandler.java:147)
	at org.apache.hadoop.hive.metastore.RetryingHMSHandler.invoke(RetryingHMSHandler.java:108)
	at com.sun.proxy.$Proxy34.drop_database(Unknown Source)
	at org.apache.hadoop.hive.metastore.api.ThriftHiveMetastore$Processor$drop_database.getResult(ThriftHiveMetastore.java:18285)
	at org.apache.hadoop.hive.metastore.api.ThriftHiveMetastore$Processor$drop_database.getResult(ThriftHiveMetastore.java:18264)
	at org.apache.thrift.ProcessFunction.process(ProcessFunction.java:38)
	at org.apache.hadoop.hive.metastore.TUGIBasedProcessor$1.run(TUGIBasedProcessor.java:111)
	at org.apache.hadoop.hive.metastore.TUGIBasedProcessor$1.run(TUGIBasedProcessor.java:107)
	at java.security.AccessController.doPrivileged(Native Method)
	at javax.security.auth.Subject.doAs(Subject.java:422)
	at org.apache.hadoop.security.UserGroupInformation.doAs(UserGroupInformation.java:1682)
	at org.apache.hadoop.hive.metastore.TUGIBasedProcessor.process(TUGIBasedProcessor.java:119)
	at org.apache.thrift.server.TThreadPoolServer$WorkerProcess.run(TThreadPoolServer.java:248)
	at java.util.concurrent.ThreadPoolExecutor.runWorker(ThreadPoolExecutor.java:1149)
	at java.util.concurrent.ThreadPoolExecutor$Worker.run(ThreadPoolExecutor.java:624)
	at java.lang.Thread.run(Thread.java:750)
Caused by: org.apache.derby.shared.common.error.DerbySQLIntegrityConstraintViolationException: DELETE on table 'DBS' caused a violation of foreign key constraint 'TBLS_FK1' for key (11).  The statement has been rolled back.
	at org.apache.derby.impl.jdbc.SQLExceptionFactory.getSQLException(Unknown Source)
	at org.apache.derby.impl.jdbc.Util.generateCsSQLException(Unknown Source)
	at org.apache.derby.impl.jdbc.TransactionResourceImpl.wrapInSQLException(Unknown Source)
	at org.apache.derby.impl.jdbc.TransactionResourceImpl.handleException(Unknown Source)
	at org.apache.derby.impl.jdbc.EmbedConnection.handleException(Unknown Source)
	at org.apache.derby.impl.jdbc.ConnectionChild.handleException(Unknown Source)
	at org.apache.derby.impl.jdbc.EmbedStatement.executeStatement(Unknown Source)
	at org.apache.derby.impl.jdbc.EmbedPreparedStatement.executeBatchElement(Unknown Source)
	... 48 more
Caused by: ERROR 23503: DELETE on table 'DBS' caused a violation of foreign key constraint 'TBLS_FK1' for key (11).  The statement has been rolled back.
	at org.apache.derby.iapi.error.StandardException.newException(Unknown Source)
	at org.apache.derby.iapi.error.StandardException.newException(Unknown Source)
	at org.apache.derby.impl.sql.execute.ReferencedKeyRIChecker.doCheck(Unknown Source)
	at org.apache.derby.impl.sql.execute.RISetChecker.doPKCheck(Unknown Source)
	at org.apache.derby.impl.sql.execute.DeleteResultSet.collectAffectedRows(Unknown Source)
	at org.apache.derby.impl.sql.execute.DeleteResultSet.open(Unknown Source)
	at org.apache.derby.impl.sql.GenericPreparedStatement.executeStmt(Unknown Source)
	at org.apache.derby.impl.sql.GenericPreparedStatement.execute(Unknown Source)
	... 50 more

2024-04-24T12:16:03,867  INFO [TThreadPoolServer WorkerProcess-%d] HiveMetaStore.audit: ugi=alex	ip=127.0.0.1	cmd=source:127.0.0.1 drop_database: @hive#myDb	
2024-04-24T12:16:03,870  INFO [TThreadPoolServer WorkerProcess-%d] HiveMetaStore.audit: ugi=alex	ip=127.0.0.1	cmd=source:127.0.0.1 get_all_tables: db=@hive#myDb	
2024-04-24T12:16:03,870  INFO [TThreadPoolServer WorkerProcess-%d] HiveMetaStore.audit: ugi=alex	ip=127.0.0.1	cmd=source:127.0.0.1 get_functions: db=@hive#myDb pat=*	
2024-04-24T12:16:03,871  INFO [TThreadPoolServer WorkerProcess-%d] HiveMetaStore.audit: ugi=alex	ip=127.0.0.1	cmd=source:127.0.0.1 get_all_stored_procedures	
2024-04-24T12:16:03,872  INFO [TThreadPoolServer WorkerProcess-%d] HiveMetaStore.audit: ugi=alex	ip=127.0.0.1	cmd=source:127.0.0.1 get_all_packages	
2024-04-24T12:16:03,873  INFO [TThreadPoolServer WorkerProcess-%d] HiveMetaStore.audit: ugi=alex	ip=127.0.0.1	cmd=source:127.0.0.1 getTablesByTypeCore: catName=hive: db=myDb pat=.*,type=MATERIALIZED_VIEW	
2024-04-24T12:16:03,876  INFO [TThreadPoolServer WorkerProcess-%d] metastore.ObjectStore: Dropping database hive.myDb along with all tables
2024-04-24T12:16:03,880 ERROR [TThreadPoolServer WorkerProcess-%d] metastore.RetryingHMSHandler: Retrying HMSHandler after 2000 ms (attempt 10 of 10) with error: javax.jdo.JDODataStoreException: Exception thrown flushing changes to datastore
	at org.datanucleus.api.jdo.NucleusJDOHelper.getJDOExceptionForNucleusException(NucleusJDOHelper.java:542)
	at org.datanucleus.api.jdo.JDOPersistenceManager.flush(JDOPersistenceManager.java:2081)
	at org.apache.hadoop.hive.metastore.ObjectStore.addNotificationEvent(ObjectStore.java:11639)
	at sun.reflect.GeneratedMethodAccessor68.invoke(Unknown Source)
	at sun.reflect.DelegatingMethodAccessorImpl.invoke(DelegatingMethodAccessorImpl.java:43)
	at java.lang.reflect.Method.invoke(Method.java:498)
	at org.apache.hadoop.hive.metastore.RawStoreProxy.invoke(RawStoreProxy.java:97)
	at com.sun.proxy.$Proxy32.addNotificationEvent(Unknown Source)
	at org.apache.hive.hcatalog.listener.DbNotificationListener.process(DbNotificationListener.java:1403)
	at org.apache.hive.hcatalog.listener.DbNotificationListener.onDropDatabase(DbNotificationListener.java:513)
	at org.apache.hadoop.hive.metastore.MetaStoreListenerNotifier$26.notify(MetaStoreListenerNotifier.java:99)
	at org.apache.hadoop.hive.metastore.MetaStoreListenerNotifier.notifyEvent(MetaStoreListenerNotifier.java:339)
	at org.apache.hadoop.hive.metastore.HMSHandler.drop_database_core(HMSHandler.java:1785)
	at org.apache.hadoop.hive.metastore.HMSHandler.drop_database(HMSHandler.java:1869)
	at sun.reflect.NativeMethodAccessorImpl.invoke0(Native Method)
	at sun.reflect.NativeMethodAccessorImpl.invoke(NativeMethodAccessorImpl.java:62)
	at sun.reflect.DelegatingMethodAccessorImpl.invoke(DelegatingMethodAccessorImpl.java:43)
	at java.lang.reflect.Method.invoke(Method.java:498)
	at org.apache.hadoop.hive.metastore.RetryingHMSHandler.invokeInternal(RetryingHMSHandler.java:147)
	at org.apache.hadoop.hive.metastore.RetryingHMSHandler.invoke(RetryingHMSHandler.java:108)
	at com.sun.proxy.$Proxy34.drop_database(Unknown Source)
	at org.apache.hadoop.hive.metastore.api.ThriftHiveMetastore$Processor$drop_database.getResult(ThriftHiveMetastore.java:18285)
	at org.apache.hadoop.hive.metastore.api.ThriftHiveMetastore$Processor$drop_database.getResult(ThriftHiveMetastore.java:18264)
	at org.apache.thrift.ProcessFunction.process(ProcessFunction.java:38)
	at org.apache.hadoop.hive.metastore.TUGIBasedProcessor$1.run(TUGIBasedProcessor.java:111)
	at org.apache.hadoop.hive.metastore.TUGIBasedProcessor$1.run(TUGIBasedProcessor.java:107)
	at java.security.AccessController.doPrivileged(Native Method)
	at javax.security.auth.Subject.doAs(Subject.java:422)
	at org.apache.hadoop.security.UserGroupInformation.doAs(UserGroupInformation.java:1682)
	at org.apache.hadoop.hive.metastore.TUGIBasedProcessor.process(TUGIBasedProcessor.java:119)
	at org.apache.thrift.server.TThreadPoolServer$WorkerProcess.run(TThreadPoolServer.java:248)
	at java.util.concurrent.ThreadPoolExecutor.runWorker(ThreadPoolExecutor.java:1149)
	at java.util.concurrent.ThreadPoolExecutor$Worker.run(ThreadPoolExecutor.java:624)
	at java.lang.Thread.run(Thread.java:750)
NestedThrowablesStackTrace:
java.sql.BatchUpdateException: DELETE on table 'DBS' caused a violation of foreign key constraint 'TBLS_FK1' for key (11).  The statement has been rolled back.
	at org.apache.derby.impl.jdbc.EmbedStatement.executeLargeBatch(Unknown Source)
	at org.apache.derby.impl.jdbc.EmbedStatement.executeBatch(Unknown Source)
	at com.zaxxer.hikari.pool.ProxyStatement.executeBatch(ProxyStatement.java:128)
	at com.zaxxer.hikari.pool.HikariProxyPreparedStatement.executeBatch(HikariProxyPreparedStatement.java)
	at org.datanucleus.store.rdbms.ParamLoggingPreparedStatement.executeBatch(ParamLoggingPreparedStatement.java:366)
	at org.datanucleus.store.rdbms.SQLController.processConnectionStatement(SQLController.java:675)
	at org.datanucleus.store.rdbms.SQLController.processStatementsForConnection(SQLController.java:643)
	at org.datanucleus.store.rdbms.SQLController$1.transactionFlushed(SQLController.java:729)
	at org.datanucleus.store.connection.AbstractManagedConnection.transactionFlushed(AbstractManagedConnection.java:95)
	at org.datanucleus.store.connection.ConnectionManagerImpl$2.transactionFlushed(ConnectionManagerImpl.java:528)
	at org.datanucleus.TransactionImpl.flush(TransactionImpl.java:222)
	at org.datanucleus.ExecutionContextImpl.flushInternal(ExecutionContextImpl.java:4068)
	at org.datanucleus.ExecutionContextThreadedImpl.flushInternal(ExecutionContextThreadedImpl.java:448)
	at org.datanucleus.ExecutionContextImpl.flush(ExecutionContextImpl.java:4009)
	at org.datanucleus.ExecutionContextThreadedImpl.flush(ExecutionContextThreadedImpl.java:434)
	at org.datanucleus.api.jdo.JDOPersistenceManager.flush(JDOPersistenceManager.java:2064)
	at org.apache.hadoop.hive.metastore.ObjectStore.addNotificationEvent(ObjectStore.java:11639)
	at sun.reflect.GeneratedMethodAccessor68.invoke(Unknown Source)
	at sun.reflect.DelegatingMethodAccessorImpl.invoke(DelegatingMethodAccessorImpl.java:43)
	at java.lang.reflect.Method.invoke(Method.java:498)
	at org.apache.hadoop.hive.metastore.RawStoreProxy.invoke(RawStoreProxy.java:97)
	at com.sun.proxy.$Proxy32.addNotificationEvent(Unknown Source)
	at org.apache.hive.hcatalog.listener.DbNotificationListener.process(DbNotificationListener.java:1403)
	at org.apache.hive.hcatalog.listener.DbNotificationListener.onDropDatabase(DbNotificationListener.java:513)
	at org.apache.hadoop.hive.metastore.MetaStoreListenerNotifier$26.notify(MetaStoreListenerNotifier.java:99)
	at org.apache.hadoop.hive.metastore.MetaStoreListenerNotifier.notifyEvent(MetaStoreListenerNotifier.java:339)
	at org.apache.hadoop.hive.metastore.HMSHandler.drop_database_core(HMSHandler.java:1785)
	at org.apache.hadoop.hive.metastore.HMSHandler.drop_database(HMSHandler.java:1869)
	at sun.reflect.NativeMethodAccessorImpl.invoke0(Native Method)
	at sun.reflect.NativeMethodAccessorImpl.invoke(NativeMethodAccessorImpl.java:62)
	at sun.reflect.DelegatingMethodAccessorImpl.invoke(DelegatingMethodAccessorImpl.java:43)
	at java.lang.reflect.Method.invoke(Method.java:498)
	at org.apache.hadoop.hive.metastore.RetryingHMSHandler.invokeInternal(RetryingHMSHandler.java:147)
	at org.apache.hadoop.hive.metastore.RetryingHMSHandler.invoke(RetryingHMSHandler.java:108)
	at com.sun.proxy.$Proxy34.drop_database(Unknown Source)
	at org.apache.hadoop.hive.metastore.api.ThriftHiveMetastore$Processor$drop_database.getResult(ThriftHiveMetastore.java:18285)
	at org.apache.hadoop.hive.metastore.api.ThriftHiveMetastore$Processor$drop_database.getResult(ThriftHiveMetastore.java:18264)
	at org.apache.thrift.ProcessFunction.process(ProcessFunction.java:38)
	at org.apache.hadoop.hive.metastore.TUGIBasedProcessor$1.run(TUGIBasedProcessor.java:111)
	at org.apache.hadoop.hive.metastore.TUGIBasedProcessor$1.run(TUGIBasedProcessor.java:107)
	at java.security.AccessController.doPrivileged(Native Method)
	at javax.security.auth.Subject.doAs(Subject.java:422)
	at org.apache.hadoop.security.UserGroupInformation.doAs(UserGroupInformation.java:1682)
	at org.apache.hadoop.hive.metastore.TUGIBasedProcessor.process(TUGIBasedProcessor.java:119)
	at org.apache.thrift.server.TThreadPoolServer$WorkerProcess.run(TThreadPoolServer.java:248)
	at java.util.concurrent.ThreadPoolExecutor.runWorker(ThreadPoolExecutor.java:1149)
	at java.util.concurrent.ThreadPoolExecutor$Worker.run(ThreadPoolExecutor.java:624)
	at java.lang.Thread.run(Thread.java:750)
Caused by: org.apache.derby.shared.common.error.DerbySQLIntegrityConstraintViolationException: DELETE on table 'DBS' caused a violation of foreign key constraint 'TBLS_FK1' for key (11).  The statement has been rolled back.
	at org.apache.derby.impl.jdbc.SQLExceptionFactory.getSQLException(Unknown Source)
	at org.apache.derby.impl.jdbc.Util.generateCsSQLException(Unknown Source)
	at org.apache.derby.impl.jdbc.TransactionResourceImpl.wrapInSQLException(Unknown Source)
	at org.apache.derby.impl.jdbc.TransactionResourceImpl.handleException(Unknown Source)
	at org.apache.derby.impl.jdbc.EmbedConnection.handleException(Unknown Source)
	at org.apache.derby.impl.jdbc.ConnectionChild.handleException(Unknown Source)
	at org.apache.derby.impl.jdbc.EmbedStatement.executeStatement(Unknown Source)
	at org.apache.derby.impl.jdbc.EmbedPreparedStatement.executeBatchElement(Unknown Source)
	... 48 more
Caused by: ERROR 23503: DELETE on table 'DBS' caused a violation of foreign key constraint 'TBLS_FK1' for key (11).  The statement has been rolled back.
	at org.apache.derby.iapi.error.StandardException.newException(Unknown Source)
	at org.apache.derby.iapi.error.StandardException.newException(Unknown Source)
	at org.apache.derby.impl.sql.execute.ReferencedKeyRIChecker.doCheck(Unknown Source)
	at org.apache.derby.impl.sql.execute.RISetChecker.doPKCheck(Unknown Source)
	at org.apache.derby.impl.sql.execute.DeleteResultSet.collectAffectedRows(Unknown Source)
	at org.apache.derby.impl.sql.execute.DeleteResultSet.open(Unknown Source)
	at org.apache.derby.impl.sql.GenericPreparedStatement.executeStmt(Unknown Source)
	at org.apache.derby.impl.sql.GenericPreparedStatement.execute(Unknown Source)
	... 50 more

2024-04-24T12:16:05,881  INFO [TThreadPoolServer WorkerProcess-%d] HiveMetaStore.audit: ugi=alex	ip=127.0.0.1	cmd=source:127.0.0.1 drop_database: @hive#myDb	
2024-04-24T12:16:05,883  INFO [TThreadPoolServer WorkerProcess-%d] HiveMetaStore.audit: ugi=alex	ip=127.0.0.1	cmd=source:127.0.0.1 get_all_tables: db=@hive#myDb	
2024-04-24T12:16:05,884  INFO [TThreadPoolServer WorkerProcess-%d] HiveMetaStore.audit: ugi=alex	ip=127.0.0.1	cmd=source:127.0.0.1 get_functions: db=@hive#myDb pat=*	
2024-04-24T12:16:05,885  INFO [TThreadPoolServer WorkerProcess-%d] HiveMetaStore.audit: ugi=alex	ip=127.0.0.1	cmd=source:127.0.0.1 get_all_stored_procedures	
2024-04-24T12:16:05,886  INFO [TThreadPoolServer WorkerProcess-%d] HiveMetaStore.audit: ugi=alex	ip=127.0.0.1	cmd=source:127.0.0.1 get_all_packages	
2024-04-24T12:16:05,887  INFO [TThreadPoolServer WorkerProcess-%d] HiveMetaStore.audit: ugi=alex	ip=127.0.0.1	cmd=source:127.0.0.1 getTablesByTypeCore: catName=hive: db=myDb pat=.*,type=MATERIALIZED_VIEW	
2024-04-24T12:16:05,889  INFO [TThreadPoolServer WorkerProcess-%d] metastore.ObjectStore: Dropping database hive.myDb along with all tables
2024-04-24T12:16:05,893 ERROR [TThreadPoolServer WorkerProcess-%d] metastore.RetryingHMSHandler: HMSHandler Fatal error: javax.jdo.JDODataStoreException: Exception thrown flushing changes to datastore
	at org.datanucleus.api.jdo.NucleusJDOHelper.getJDOExceptionForNucleusException(NucleusJDOHelper.java:542)
	at org.datanucleus.api.jdo.JDOPersistenceManager.flush(JDOPersistenceManager.java:2081)
	at org.apache.hadoop.hive.metastore.ObjectStore.addNotificationEvent(ObjectStore.java:11639)
	at sun.reflect.GeneratedMethodAccessor68.invoke(Unknown Source)
	at sun.reflect.DelegatingMethodAccessorImpl.invoke(DelegatingMethodAccessorImpl.java:43)
	at java.lang.reflect.Method.invoke(Method.java:498)
	at org.apache.hadoop.hive.metastore.RawStoreProxy.invoke(RawStoreProxy.java:97)
	at com.sun.proxy.$Proxy32.addNotificationEvent(Unknown Source)
	at org.apache.hive.hcatalog.listener.DbNotificationListener.process(DbNotificationListener.java:1403)
	at org.apache.hive.hcatalog.listener.DbNotificationListener.onDropDatabase(DbNotificationListener.java:513)
	at org.apache.hadoop.hive.metastore.MetaStoreListenerNotifier$26.notify(MetaStoreListenerNotifier.java:99)
	at org.apache.hadoop.hive.metastore.MetaStoreListenerNotifier.notifyEvent(MetaStoreListenerNotifier.java:339)
	at org.apache.hadoop.hive.metastore.HMSHandler.drop_database_core(HMSHandler.java:1785)
	at org.apache.hadoop.hive.metastore.HMSHandler.drop_database(HMSHandler.java:1869)
	at sun.reflect.GeneratedMethodAccessor288.invoke(Unknown Source)
	at sun.reflect.DelegatingMethodAccessorImpl.invoke(DelegatingMethodAccessorImpl.java:43)
	at java.lang.reflect.Method.invoke(Method.java:498)
	at org.apache.hadoop.hive.metastore.RetryingHMSHandler.invokeInternal(RetryingHMSHandler.java:147)
	at org.apache.hadoop.hive.metastore.RetryingHMSHandler.invoke(RetryingHMSHandler.java:108)
	at com.sun.proxy.$Proxy34.drop_database(Unknown Source)
	at org.apache.hadoop.hive.metastore.api.ThriftHiveMetastore$Processor$drop_database.getResult(ThriftHiveMetastore.java:18285)
	at org.apache.hadoop.hive.metastore.api.ThriftHiveMetastore$Processor$drop_database.getResult(ThriftHiveMetastore.java:18264)
	at org.apache.thrift.ProcessFunction.process(ProcessFunction.java:38)
	at org.apache.hadoop.hive.metastore.TUGIBasedProcessor$1.run(TUGIBasedProcessor.java:111)
	at org.apache.hadoop.hive.metastore.TUGIBasedProcessor$1.run(TUGIBasedProcessor.java:107)
	at java.security.AccessController.doPrivileged(Native Method)
	at javax.security.auth.Subject.doAs(Subject.java:422)
	at org.apache.hadoop.security.UserGroupInformation.doAs(UserGroupInformation.java:1682)
	at org.apache.hadoop.hive.metastore.TUGIBasedProcessor.process(TUGIBasedProcessor.java:119)
	at org.apache.thrift.server.TThreadPoolServer$WorkerProcess.run(TThreadPoolServer.java:248)
	at java.util.concurrent.ThreadPoolExecutor.runWorker(ThreadPoolExecutor.java:1149)
	at java.util.concurrent.ThreadPoolExecutor$Worker.run(ThreadPoolExecutor.java:624)
	at java.lang.Thread.run(Thread.java:750)
NestedThrowablesStackTrace:
java.sql.BatchUpdateException: DELETE on table 'DBS' caused a violation of foreign key constraint 'TBLS_FK1' for key (11).  The statement has been rolled back.
	at org.apache.derby.impl.jdbc.EmbedStatement.executeLargeBatch(Unknown Source)
	at org.apache.derby.impl.jdbc.EmbedStatement.executeBatch(Unknown Source)
	at com.zaxxer.hikari.pool.ProxyStatement.executeBatch(ProxyStatement.java:128)
	at com.zaxxer.hikari.pool.HikariProxyPreparedStatement.executeBatch(HikariProxyPreparedStatement.java)
	at org.datanucleus.store.rdbms.ParamLoggingPreparedStatement.executeBatch(ParamLoggingPreparedStatement.java:366)
	at org.datanucleus.store.rdbms.SQLController.processConnectionStatement(SQLController.java:675)
	at org.datanucleus.store.rdbms.SQLController.processStatementsForConnection(SQLController.java:643)
	at org.datanucleus.store.rdbms.SQLController$1.transactionFlushed(SQLController.java:729)
	at org.datanucleus.store.connection.AbstractManagedConnection.transactionFlushed(AbstractManagedConnection.java:95)
	at org.datanucleus.store.connection.ConnectionManagerImpl$2.transactionFlushed(ConnectionManagerImpl.java:528)
	at org.datanucleus.TransactionImpl.flush(TransactionImpl.java:222)
	at org.datanucleus.ExecutionContextImpl.flushInternal(ExecutionContextImpl.java:4068)
	at org.datanucleus.ExecutionContextThreadedImpl.flushInternal(ExecutionContextThreadedImpl.java:448)
	at org.datanucleus.ExecutionContextImpl.flush(ExecutionContextImpl.java:4009)
	at org.datanucleus.ExecutionContextThreadedImpl.flush(ExecutionContextThreadedImpl.java:434)
	at org.datanucleus.api.jdo.JDOPersistenceManager.flush(JDOPersistenceManager.java:2064)
	at org.apache.hadoop.hive.metastore.ObjectStore.addNotificationEvent(ObjectStore.java:11639)
	at sun.reflect.GeneratedMethodAccessor68.invoke(Unknown Source)
	at sun.reflect.DelegatingMethodAccessorImpl.invoke(DelegatingMethodAccessorImpl.java:43)
	at java.lang.reflect.Method.invoke(Method.java:498)
	at org.apache.hadoop.hive.metastore.RawStoreProxy.invoke(RawStoreProxy.java:97)
	at com.sun.proxy.$Proxy32.addNotificationEvent(Unknown Source)
	at org.apache.hive.hcatalog.listener.DbNotificationListener.process(DbNotificationListener.java:1403)
	at org.apache.hive.hcatalog.listener.DbNotificationListener.onDropDatabase(DbNotificationListener.java:513)
	at org.apache.hadoop.hive.metastore.MetaStoreListenerNotifier$26.notify(MetaStoreListenerNotifier.java:99)
	at org.apache.hadoop.hive.metastore.MetaStoreListenerNotifier.notifyEvent(MetaStoreListenerNotifier.java:339)
	at org.apache.hadoop.hive.metastore.HMSHandler.drop_database_core(HMSHandler.java:1785)
	at org.apache.hadoop.hive.metastore.HMSHandler.drop_database(HMSHandler.java:1869)
	at sun.reflect.GeneratedMethodAccessor288.invoke(Unknown Source)
	at sun.reflect.DelegatingMethodAccessorImpl.invoke(DelegatingMethodAccessorImpl.java:43)
	at java.lang.reflect.Method.invoke(Method.java:498)
	at org.apache.hadoop.hive.metastore.RetryingHMSHandler.invokeInternal(RetryingHMSHandler.java:147)
	at org.apache.hadoop.hive.metastore.RetryingHMSHandler.invoke(RetryingHMSHandler.java:108)
	at com.sun.proxy.$Proxy34.drop_database(Unknown Source)
	at org.apache.hadoop.hive.metastore.api.ThriftHiveMetastore$Processor$drop_database.getResult(ThriftHiveMetastore.java:18285)
	at org.apache.hadoop.hive.metastore.api.ThriftHiveMetastore$Processor$drop_database.getResult(ThriftHiveMetastore.java:18264)
	at org.apache.thrift.ProcessFunction.process(ProcessFunction.java:38)
	at org.apache.hadoop.hive.metastore.TUGIBasedProcessor$1.run(TUGIBasedProcessor.java:111)
	at org.apache.hadoop.hive.metastore.TUGIBasedProcessor$1.run(TUGIBasedProcessor.java:107)
	at java.security.AccessController.doPrivileged(Native Method)
	at javax.security.auth.Subject.doAs(Subject.java:422)
	at org.apache.hadoop.security.UserGroupInformation.doAs(UserGroupInformation.java:1682)
	at org.apache.hadoop.hive.metastore.TUGIBasedProcessor.process(TUGIBasedProcessor.java:119)
	at org.apache.thrift.server.TThreadPoolServer$WorkerProcess.run(TThreadPoolServer.java:248)
	at java.util.concurrent.ThreadPoolExecutor.runWorker(ThreadPoolExecutor.java:1149)
	at java.util.concurrent.ThreadPoolExecutor$Worker.run(ThreadPoolExecutor.java:624)
	at java.lang.Thread.run(Thread.java:750)
Caused by: org.apache.derby.shared.common.error.DerbySQLIntegrityConstraintViolationException: DELETE on table 'DBS' caused a violation of foreign key constraint 'TBLS_FK1' for key (11).  The statement has been rolled back.
	at org.apache.derby.impl.jdbc.SQLExceptionFactory.getSQLException(Unknown Source)
	at org.apache.derby.impl.jdbc.Util.generateCsSQLException(Unknown Source)
	at org.apache.derby.impl.jdbc.TransactionResourceImpl.wrapInSQLException(Unknown Source)
	at org.apache.derby.impl.jdbc.TransactionResourceImpl.handleException(Unknown Source)
	at org.apache.derby.impl.jdbc.EmbedConnection.handleException(Unknown Source)
	at org.apache.derby.impl.jdbc.ConnectionChild.handleException(Unknown Source)
	at org.apache.derby.impl.jdbc.EmbedStatement.executeStatement(Unknown Source)
	at org.apache.derby.impl.jdbc.EmbedPreparedStatement.executeBatchElement(Unknown Source)
	... 47 more
Caused by: ERROR 23503: DELETE on table 'DBS' caused a violation of foreign key constraint 'TBLS_FK1' for key (11).  The statement has been rolled back.
	at org.apache.derby.iapi.error.StandardException.newException(Unknown Source)
	at org.apache.derby.iapi.error.StandardException.newException(Unknown Source)
	at org.apache.derby.impl.sql.execute.ReferencedKeyRIChecker.doCheck(Unknown Source)
	at org.apache.derby.impl.sql.execute.RISetChecker.doPKCheck(Unknown Source)
	at org.apache.derby.impl.sql.execute.DeleteResultSet.collectAffectedRows(Unknown Source)
	at org.apache.derby.impl.sql.execute.DeleteResultSet.open(Unknown Source)
	at org.apache.derby.impl.sql.GenericPreparedStatement.executeStmt(Unknown Source)
	at org.apache.derby.impl.sql.GenericPreparedStatement.execute(Unknown Source)
	... 49 more

2024-04-24T12:16:05,893  WARN [main] metastore.RetryingMetaStoreClient: MetaStoreClient lost connection. Attempting to reconnect (1 of 1) after 1s. dropDatabase
org.apache.hadoop.hive.metastore.api.MetaException: javax.jdo.JDODataStoreException: Exception thrown flushing changes to datastore
NestedThrowables:
java.sql.BatchUpdateException: DELETE on table 'DBS' caused a violation of foreign key constraint 'TBLS_FK1' for key (11).  The statement has been rolled back.
	at org.apache.hadoop.hive.metastore.api.ThriftHiveMetastore$drop_database_result$drop_database_resultStandardScheme.read(ThriftHiveMetastore.java:54495) ~[classes/:?]
	at org.apache.hadoop.hive.metastore.api.ThriftHiveMetastore$drop_database_result$drop_database_resultStandardScheme.read(ThriftHiveMetastore.java:54463) ~[classes/:?]
	at org.apache.hadoop.hive.metastore.api.ThriftHiveMetastore$drop_database_result.read(ThriftHiveMetastore.java:54397) ~[classes/:?]
	at org.apache.thrift.TServiceClient.receiveBase(TServiceClient.java:88) ~[libthrift-0.14.1.jar:0.14.1]
	at org.apache.hadoop.hive.metastore.api.ThriftHiveMetastore$Client.recv_drop_database(ThriftHiveMetastore.java:1404) ~[classes/:?]
	at org.apache.hadoop.hive.metastore.api.ThriftHiveMetastore$Client.drop_database(ThriftHiveMetastore.java:1389) ~[classes/:?]
	at org.apache.hadoop.hive.metastore.HiveMetaStoreClient.dropDatabaseCascadePerDb(HiveMetaStoreClient.java:1601) ~[classes/:?]
	at org.apache.hadoop.hive.metastore.HiveMetaStoreClient.dropDatabase(HiveMetaStoreClient.java:1532) ~[classes/:?]
	at org.apache.hadoop.hive.metastore.HiveMetaStoreClient.dropDatabase(HiveMetaStoreClient.java:1485) ~[classes/:?]
	at sun.reflect.NativeMethodAccessorImpl.invoke0(Native Method) ~[?:1.8.0_402]
	at sun.reflect.NativeMethodAccessorImpl.invoke(NativeMethodAccessorImpl.java:62) ~[?:1.8.0_402]
	at sun.reflect.DelegatingMethodAccessorImpl.invoke(DelegatingMethodAccessorImpl.java:43) ~[?:1.8.0_402]
	at java.lang.reflect.Method.invoke(Method.java:498) ~[?:1.8.0_402]
	at org.apache.hadoop.hive.metastore.RetryingMetaStoreClient.invoke(RetryingMetaStoreClient.java:214) [classes/:?]
	at com.sun.proxy.$Proxy35.dropDatabase(Unknown Source) [?:?]
	at org.apache.hive.hcatalog.api.HCatClientHMSImpl.dropDatabase(HCatClientHMSImpl.java:154) [classes/:?]
	at org.apache.hive.hcatalog.api.TestHCatClient.testPartitionSpecRegistrationWithCustomSchema(TestHCatClient.java:1238) [test-classes/:?]
	at sun.reflect.NativeMethodAccessorImpl.invoke0(Native Method) ~[?:1.8.0_402]
	at sun.reflect.NativeMethodAccessorImpl.invoke(NativeMethodAccessorImpl.java:62) ~[?:1.8.0_402]
	at sun.reflect.DelegatingMethodAccessorImpl.invoke(DelegatingMethodAccessorImpl.java:43) ~[?:1.8.0_402]
	at java.lang.reflect.Method.invoke(Method.java:498) ~[?:1.8.0_402]
	at org.junit.runners.model.FrameworkMethod$1.runReflectiveCall(FrameworkMethod.java:59) [junit-4.13.jar:4.13]
	at org.junit.internal.runners.model.ReflectiveCallable.run(ReflectiveCallable.java:12) [junit-4.13.jar:4.13]
	at org.junit.runners.model.FrameworkMethod.invokeExplosively(FrameworkMethod.java:56) [junit-4.13.jar:4.13]
	at org.junit.internal.runners.statements.InvokeMethod.evaluate(InvokeMethod.java:17) [junit-4.13.jar:4.13]
	at org.junit.runners.ParentRunner$3.evaluate(ParentRunner.java:306) [junit-4.13.jar:4.13]
	at org.junit.runners.BlockJUnit4ClassRunner$1.evaluate(BlockJUnit4ClassRunner.java:100) [junit-4.13.jar:4.13]
	at org.junit.runners.ParentRunner.runLeaf(ParentRunner.java:366) [junit-4.13.jar:4.13]
	at org.junit.runners.BlockJUnit4ClassRunner.runChild(BlockJUnit4ClassRunner.java:103) [junit-4.13.jar:4.13]
	at org.junit.runners.BlockJUnit4ClassRunner.runChild(BlockJUnit4ClassRunner.java:63) [junit-4.13.jar:4.13]
	at org.junit.runners.ParentRunner$4.run(ParentRunner.java:331) [junit-4.13.jar:4.13]
	at org.junit.runners.ParentRunner$1.schedule(ParentRunner.java:79) [junit-4.13.jar:4.13]
	at org.junit.runners.ParentRunner.runChildren(ParentRunner.java:329) [junit-4.13.jar:4.13]
	at org.junit.runners.ParentRunner.access$100(ParentRunner.java:66) [junit-4.13.jar:4.13]
	at org.junit.runners.ParentRunner$2.evaluate(ParentRunner.java:293) [junit-4.13.jar:4.13]
	at org.junit.internal.runners.statements.RunBefores.evaluate(RunBefores.java:26) [junit-4.13.jar:4.13]
	at org.junit.internal.runners.statements.RunAfters.evaluate(RunAfters.java:27) [junit-4.13.jar:4.13]
	at org.junit.runners.ParentRunner$3.evaluate(ParentRunner.java:306) [junit-4.13.jar:4.13]
	at org.junit.runners.ParentRunner.run(ParentRunner.java:413) [junit-4.13.jar:4.13]
	at org.junit.runners.Suite.runChild(Suite.java:128) [junit-4.13.jar:4.13]
	at org.junit.runners.Suite.runChild(Suite.java:27) [junit-4.13.jar:4.13]
	at org.junit.runners.ParentRunner$4.run(ParentRunner.java:331) [junit-4.13.jar:4.13]
	at org.junit.runners.ParentRunner$1.schedule(ParentRunner.java:79) [junit-4.13.jar:4.13]
	at org.junit.runners.ParentRunner.runChildren(ParentRunner.java:329) [junit-4.13.jar:4.13]
	at org.junit.runners.ParentRunner.access$100(ParentRunner.java:66) [junit-4.13.jar:4.13]
	at org.junit.runners.ParentRunner$2.evaluate(ParentRunner.java:293) [junit-4.13.jar:4.13]
	at org.junit.runners.ParentRunner$3.evaluate(ParentRunner.java:306) [junit-4.13.jar:4.13]
	at org.junit.runners.ParentRunner.run(ParentRunner.java:413) [junit-4.13.jar:4.13]
	at org.apache.maven.surefire.junitcore.JUnitCore.run(JUnitCore.java:55) [surefire-junit47-3.0.0-M4.jar:3.0.0-M4]
	at org.apache.maven.surefire.junitcore.JUnitCoreWrapper.createRequestAndRun(JUnitCoreWrapper.java:137) [surefire-junit47-3.0.0-M4.jar:3.0.0-M4]
	at org.apache.maven.surefire.junitcore.JUnitCoreWrapper.executeEager(JUnitCoreWrapper.java:107) [surefire-junit47-3.0.0-M4.jar:3.0.0-M4]
	at org.apache.maven.surefire.junitcore.JUnitCoreWrapper.execute(JUnitCoreWrapper.java:83) [surefire-junit47-3.0.0-M4.jar:3.0.0-M4]
	at org.apache.maven.surefire.junitcore.JUnitCoreWrapper.execute(JUnitCoreWrapper.java:75) [surefire-junit47-3.0.0-M4.jar:3.0.0-M4]
	at org.apache.maven.surefire.junitcore.JUnitCoreProvider.invoke(JUnitCoreProvider.java:158) [surefire-junit47-3.0.0-M4.jar:3.0.0-M4]
	at org.apache.maven.surefire.booter.ForkedBooter.runSuitesInProcess(ForkedBooter.java:377) [surefire-booter-3.0.0-M4.jar:3.0.0-M4]
	at org.apache.maven.surefire.booter.ForkedBooter.execute(ForkedBooter.java:138) [surefire-booter-3.0.0-M4.jar:3.0.0-M4]
	at org.apache.maven.surefire.booter.ForkedBooter.run(ForkedBooter.java:465) [surefire-booter-3.0.0-M4.jar:3.0.0-M4]
	at org.apache.maven.surefire.booter.ForkedBooter.main(ForkedBooter.java:451) [surefire-booter-3.0.0-M4.jar:3.0.0-M4]
2024-04-24T12:16:06,894  INFO [main] metastore.RetryingMetaStoreClient: RetryingMetaStoreClient trying reconnect as alex (auth:SIMPLE)
2024-04-24T12:16:06,904  WARN [main] metastore.HiveMetaStoreClient: Non-zero user count preventing client tear down: users=2 expired=false
2024-04-24T12:16:06,904  INFO [main] metastore.HiveMetaStoreClient: Trying to connect to metastore with URI (thrift://localhost:45843)
2024-04-24T12:16:06,905  INFO [main] metastore.HiveMetaStoreClient: Opened a connection to metastore, URI (thrift://localhost:45843) current connections: 4
2024-04-24T12:16:06,908  INFO [TThreadPoolServer WorkerProcess-%d] HiveMetaStore.audit: ugi=alex	ip=127.0.0.1	cmd=source:127.0.0.1 get_database: myDb	
2024-04-24T12:16:06,910  INFO [TThreadPoolServer WorkerProcess-%d] metastore.HMSHandler: 10: Opening raw store with implementation class:org.apache.hadoop.hive.metastore.ObjectStore
2024-04-24T12:16:06,910  INFO [TThreadPoolServer WorkerProcess-%d] metastore.ObjectStore: RawStore: org.apache.hadoop.hive.metastore.ObjectStore@530b55a6, with PersistenceManager: null will be shutdown
2024-04-24T12:16:06,911  INFO [TThreadPoolServer WorkerProcess-%d] metastore.ObjectStore: RawStore: org.apache.hadoop.hive.metastore.ObjectStore@530b55a6, with PersistenceManager: org.datanucleus.api.jdo.JDOPersistenceManager@40326e11 created in the thread with id: 199
2024-04-24T12:16:06,932  INFO [TThreadPoolServer WorkerProcess-%d] metastore.HMSHandler: Created RawStore: org.apache.hadoop.hive.metastore.ObjectStore@530b55a6 from thread id: 199
2024-04-24T12:16:06,933  INFO [TThreadPoolServer WorkerProcess-%d] HiveMetaStore.audit: ugi=alex	ip=127.0.0.1	cmd=source:127.0.0.1 get_tables_by_type: db=@hive#myDb pat=.*,type=MATERIALIZED_VIEW	
2024-04-24T12:16:06,933  INFO [TThreadPoolServer WorkerProcess-%d] HiveMetaStore.audit: ugi=alex	ip=127.0.0.1	cmd=source:127.0.0.1 getTablesByTypeCore: catName=hive: db=myDb pat=.*,type=MATERIALIZED_VIEW	
2024-04-24T12:16:06,935  INFO [TThreadPoolServer WorkerProcess-%d] HiveMetaStore.audit: ugi=alex	ip=127.0.0.1	cmd=source:127.0.0.1 get_all_tables: db=@hive#myDb	
2024-04-24T12:16:06,937  INFO [TThreadPoolServer WorkerProcess-%d] HiveMetaStore.audit: ugi=alex	ip=127.0.0.1	cmd=source:127.0.0.1 get_multi_table : db=myDb tbls=mytable	
2024-04-24T12:16:06,939  INFO [TThreadPoolServer WorkerProcess-%d] HiveMetaStore.audit: ugi=alex	ip=127.0.0.1	cmd=source:127.0.0.1 drop_database: @hive#myDb	
2024-04-24T12:16:06,939  INFO [TThreadPoolServer WorkerProcess-%d] HiveMetaStore.audit: ugi=alex	ip=127.0.0.1	cmd=source:127.0.0.1 get_all_tables: db=@hive#myDb	
2024-04-24T12:16:06,940  INFO [TThreadPoolServer WorkerProcess-%d] HiveMetaStore.audit: ugi=alex	ip=127.0.0.1	cmd=source:127.0.0.1 get_functions: db=@hive#myDb pat=*	
2024-04-24T12:16:06,941  INFO [TThreadPoolServer WorkerProcess-%d] HiveMetaStore.audit: ugi=alex	ip=127.0.0.1	cmd=source:127.0.0.1 get_all_stored_procedures	
2024-04-24T12:16:06,942  INFO [TThreadPoolServer WorkerProcess-%d] HiveMetaStore.audit: ugi=alex	ip=127.0.0.1	cmd=source:127.0.0.1 get_all_packages	
2024-04-24T12:16:06,943  INFO [TThreadPoolServer WorkerProcess-%d] HiveMetaStore.audit: ugi=alex	ip=127.0.0.1	cmd=source:127.0.0.1 getTablesByTypeCore: catName=hive: db=myDb pat=.*,type=MATERIALIZED_VIEW	
2024-04-24T12:16:06,945  INFO [TThreadPoolServer WorkerProcess-%d] metastore.ObjectStore: Dropping database hive.myDb along with all tables
2024-04-24T12:16:06,951 ERROR [TThreadPoolServer WorkerProcess-%d] metastore.RetryingHMSHandler: Retrying HMSHandler after 2000 ms (attempt 1 of 10) with error: javax.jdo.JDODataStoreException: Exception thrown flushing changes to datastore
	at org.datanucleus.api.jdo.NucleusJDOHelper.getJDOExceptionForNucleusException(NucleusJDOHelper.java:542)
	at org.datanucleus.api.jdo.JDOPersistenceManager.flush(JDOPersistenceManager.java:2081)
	at org.apache.hadoop.hive.metastore.ObjectStore.addNotificationEvent(ObjectStore.java:11639)
	at sun.reflect.GeneratedMethodAccessor68.invoke(Unknown Source)
	at sun.reflect.DelegatingMethodAccessorImpl.invoke(DelegatingMethodAccessorImpl.java:43)
	at java.lang.reflect.Method.invoke(Method.java:498)
	at org.apache.hadoop.hive.metastore.RawStoreProxy.invoke(RawStoreProxy.java:97)
	at com.sun.proxy.$Proxy32.addNotificationEvent(Unknown Source)
	at org.apache.hive.hcatalog.listener.DbNotificationListener.process(DbNotificationListener.java:1403)
	at org.apache.hive.hcatalog.listener.DbNotificationListener.onDropDatabase(DbNotificationListener.java:513)
	at org.apache.hadoop.hive.metastore.MetaStoreListenerNotifier$26.notify(MetaStoreListenerNotifier.java:99)
	at org.apache.hadoop.hive.metastore.MetaStoreListenerNotifier.notifyEvent(MetaStoreListenerNotifier.java:339)
	at org.apache.hadoop.hive.metastore.HMSHandler.drop_database_core(HMSHandler.java:1785)
	at org.apache.hadoop.hive.metastore.HMSHandler.drop_database(HMSHandler.java:1869)
	at sun.reflect.GeneratedMethodAccessor288.invoke(Unknown Source)
	at sun.reflect.DelegatingMethodAccessorImpl.invoke(DelegatingMethodAccessorImpl.java:43)
	at java.lang.reflect.Method.invoke(Method.java:498)
	at org.apache.hadoop.hive.metastore.RetryingHMSHandler.invokeInternal(RetryingHMSHandler.java:147)
	at org.apache.hadoop.hive.metastore.RetryingHMSHandler.invoke(RetryingHMSHandler.java:108)
	at com.sun.proxy.$Proxy34.drop_database(Unknown Source)
	at org.apache.hadoop.hive.metastore.api.ThriftHiveMetastore$Processor$drop_database.getResult(ThriftHiveMetastore.java:18285)
	at org.apache.hadoop.hive.metastore.api.ThriftHiveMetastore$Processor$drop_database.getResult(ThriftHiveMetastore.java:18264)
	at org.apache.thrift.ProcessFunction.process(ProcessFunction.java:38)
	at org.apache.hadoop.hive.metastore.TUGIBasedProcessor$1.run(TUGIBasedProcessor.java:111)
	at org.apache.hadoop.hive.metastore.TUGIBasedProcessor$1.run(TUGIBasedProcessor.java:107)
	at java.security.AccessController.doPrivileged(Native Method)
	at javax.security.auth.Subject.doAs(Subject.java:422)
	at org.apache.hadoop.security.UserGroupInformation.doAs(UserGroupInformation.java:1682)
	at org.apache.hadoop.hive.metastore.TUGIBasedProcessor.process(TUGIBasedProcessor.java:119)
	at org.apache.thrift.server.TThreadPoolServer$WorkerProcess.run(TThreadPoolServer.java:248)
	at java.util.concurrent.ThreadPoolExecutor.runWorker(ThreadPoolExecutor.java:1149)
	at java.util.concurrent.ThreadPoolExecutor$Worker.run(ThreadPoolExecutor.java:624)
	at java.lang.Thread.run(Thread.java:750)
NestedThrowablesStackTrace:
java.sql.BatchUpdateException: DELETE on table 'DBS' caused a violation of foreign key constraint 'TBLS_FK1' for key (11).  The statement has been rolled back.
	at org.apache.derby.impl.jdbc.EmbedStatement.executeLargeBatch(Unknown Source)
	at org.apache.derby.impl.jdbc.EmbedStatement.executeBatch(Unknown Source)
	at com.zaxxer.hikari.pool.ProxyStatement.executeBatch(ProxyStatement.java:128)
	at com.zaxxer.hikari.pool.HikariProxyPreparedStatement.executeBatch(HikariProxyPreparedStatement.java)
	at org.datanucleus.store.rdbms.ParamLoggingPreparedStatement.executeBatch(ParamLoggingPreparedStatement.java:366)
	at org.datanucleus.store.rdbms.SQLController.processConnectionStatement(SQLController.java:675)
	at org.datanucleus.store.rdbms.SQLController.processStatementsForConnection(SQLController.java:643)
	at org.datanucleus.store.rdbms.SQLController$1.transactionFlushed(SQLController.java:729)
	at org.datanucleus.store.connection.AbstractManagedConnection.transactionFlushed(AbstractManagedConnection.java:95)
	at org.datanucleus.store.connection.ConnectionManagerImpl$2.transactionFlushed(ConnectionManagerImpl.java:528)
	at org.datanucleus.TransactionImpl.flush(TransactionImpl.java:222)
	at org.datanucleus.ExecutionContextImpl.flushInternal(ExecutionContextImpl.java:4068)
	at org.datanucleus.ExecutionContextThreadedImpl.flushInternal(ExecutionContextThreadedImpl.java:448)
	at org.datanucleus.ExecutionContextImpl.flush(ExecutionContextImpl.java:4009)
	at org.datanucleus.ExecutionContextThreadedImpl.flush(ExecutionContextThreadedImpl.java:434)
	at org.datanucleus.api.jdo.JDOPersistenceManager.flush(JDOPersistenceManager.java:2064)
	at org.apache.hadoop.hive.metastore.ObjectStore.addNotificationEvent(ObjectStore.java:11639)
	at sun.reflect.GeneratedMethodAccessor68.invoke(Unknown Source)
	at sun.reflect.DelegatingMethodAccessorImpl.invoke(DelegatingMethodAccessorImpl.java:43)
	at java.lang.reflect.Method.invoke(Method.java:498)
	at org.apache.hadoop.hive.metastore.RawStoreProxy.invoke(RawStoreProxy.java:97)
	at com.sun.proxy.$Proxy32.addNotificationEvent(Unknown Source)
	at org.apache.hive.hcatalog.listener.DbNotificationListener.process(DbNotificationListener.java:1403)
	at org.apache.hive.hcatalog.listener.DbNotificationListener.onDropDatabase(DbNotificationListener.java:513)
	at org.apache.hadoop.hive.metastore.MetaStoreListenerNotifier$26.notify(MetaStoreListenerNotifier.java:99)
	at org.apache.hadoop.hive.metastore.MetaStoreListenerNotifier.notifyEvent(MetaStoreListenerNotifier.java:339)
	at org.apache.hadoop.hive.metastore.HMSHandler.drop_database_core(HMSHandler.java:1785)
	at org.apache.hadoop.hive.metastore.HMSHandler.drop_database(HMSHandler.java:1869)
	at sun.reflect.GeneratedMethodAccessor288.invoke(Unknown Source)
	at sun.reflect.DelegatingMethodAccessorImpl.invoke(DelegatingMethodAccessorImpl.java:43)
	at java.lang.reflect.Method.invoke(Method.java:498)
	at org.apache.hadoop.hive.metastore.RetryingHMSHandler.invokeInternal(RetryingHMSHandler.java:147)
	at org.apache.hadoop.hive.metastore.RetryingHMSHandler.invoke(RetryingHMSHandler.java:108)
	at com.sun.proxy.$Proxy34.drop_database(Unknown Source)
	at org.apache.hadoop.hive.metastore.api.ThriftHiveMetastore$Processor$drop_database.getResult(ThriftHiveMetastore.java:18285)
	at org.apache.hadoop.hive.metastore.api.ThriftHiveMetastore$Processor$drop_database.getResult(ThriftHiveMetastore.java:18264)
	at org.apache.thrift.ProcessFunction.process(ProcessFunction.java:38)
	at org.apache.hadoop.hive.metastore.TUGIBasedProcessor$1.run(TUGIBasedProcessor.java:111)
	at org.apache.hadoop.hive.metastore.TUGIBasedProcessor$1.run(TUGIBasedProcessor.java:107)
	at java.security.AccessController.doPrivileged(Native Method)
	at javax.security.auth.Subject.doAs(Subject.java:422)
	at org.apache.hadoop.security.UserGroupInformation.doAs(UserGroupInformation.java:1682)
	at org.apache.hadoop.hive.metastore.TUGIBasedProcessor.process(TUGIBasedProcessor.java:119)
	at org.apache.thrift.server.TThreadPoolServer$WorkerProcess.run(TThreadPoolServer.java:248)
	at java.util.concurrent.ThreadPoolExecutor.runWorker(ThreadPoolExecutor.java:1149)
	at java.util.concurrent.ThreadPoolExecutor$Worker.run(ThreadPoolExecutor.java:624)
	at java.lang.Thread.run(Thread.java:750)
Caused by: org.apache.derby.shared.common.error.DerbySQLIntegrityConstraintViolationException: DELETE on table 'DBS' caused a violation of foreign key constraint 'TBLS_FK1' for key (11).  The statement has been rolled back.
	at org.apache.derby.impl.jdbc.SQLExceptionFactory.getSQLException(Unknown Source)
	at org.apache.derby.impl.jdbc.Util.generateCsSQLException(Unknown Source)
	at org.apache.derby.impl.jdbc.TransactionResourceImpl.wrapInSQLException(Unknown Source)
	at org.apache.derby.impl.jdbc.TransactionResourceImpl.handleException(Unknown Source)
	at org.apache.derby.impl.jdbc.EmbedConnection.handleException(Unknown Source)
	at org.apache.derby.impl.jdbc.ConnectionChild.handleException(Unknown Source)
	at org.apache.derby.impl.jdbc.EmbedStatement.executeStatement(Unknown Source)
	at org.apache.derby.impl.jdbc.EmbedPreparedStatement.executeBatchElement(Unknown Source)
	... 47 more
Caused by: ERROR 23503: DELETE on table 'DBS' caused a violation of foreign key constraint 'TBLS_FK1' for key (11).  The statement has been rolled back.
	at org.apache.derby.iapi.error.StandardException.newException(Unknown Source)
	at org.apache.derby.iapi.error.StandardException.newException(Unknown Source)
	at org.apache.derby.impl.sql.execute.ReferencedKeyRIChecker.doCheck(Unknown Source)
	at org.apache.derby.impl.sql.execute.RISetChecker.doPKCheck(Unknown Source)
	at org.apache.derby.impl.sql.execute.DeleteResultSet.collectAffectedRows(Unknown Source)
	at org.apache.derby.impl.sql.execute.DeleteResultSet.open(Unknown Source)
	at org.apache.derby.impl.sql.GenericPreparedStatement.executeStmt(Unknown Source)
	at org.apache.derby.impl.sql.GenericPreparedStatement.execute(Unknown Source)
	... 49 more

2024-04-24T12:16:08,951  INFO [TThreadPoolServer WorkerProcess-%d] HiveMetaStore.audit: ugi=alex	ip=127.0.0.1	cmd=source:127.0.0.1 drop_database: @hive#myDb	
2024-04-24T12:16:08,954  INFO [TThreadPoolServer WorkerProcess-%d] HiveMetaStore.audit: ugi=alex	ip=127.0.0.1	cmd=source:127.0.0.1 get_all_tables: db=@hive#myDb	
2024-04-24T12:16:08,955  INFO [TThreadPoolServer WorkerProcess-%d] HiveMetaStore.audit: ugi=alex	ip=127.0.0.1	cmd=source:127.0.0.1 get_functions: db=@hive#myDb pat=*	
2024-04-24T12:16:08,957  INFO [TThreadPoolServer WorkerProcess-%d] HiveMetaStore.audit: ugi=alex	ip=127.0.0.1	cmd=source:127.0.0.1 get_all_stored_procedures	
2024-04-24T12:16:08,958  INFO [TThreadPoolServer WorkerProcess-%d] HiveMetaStore.audit: ugi=alex	ip=127.0.0.1	cmd=source:127.0.0.1 get_all_packages	
2024-04-24T12:16:08,959  INFO [TThreadPoolServer WorkerProcess-%d] HiveMetaStore.audit: ugi=alex	ip=127.0.0.1	cmd=source:127.0.0.1 getTablesByTypeCore: catName=hive: db=myDb pat=.*,type=MATERIALIZED_VIEW	
2024-04-24T12:16:08,961  INFO [TThreadPoolServer WorkerProcess-%d] metastore.ObjectStore: Dropping database hive.myDb along with all tables
2024-04-24T12:16:08,964 ERROR [TThreadPoolServer WorkerProcess-%d] metastore.RetryingHMSHandler: Retrying HMSHandler after 2000 ms (attempt 2 of 10) with error: javax.jdo.JDODataStoreException: Exception thrown flushing changes to datastore
	at org.datanucleus.api.jdo.NucleusJDOHelper.getJDOExceptionForNucleusException(NucleusJDOHelper.java:542)
	at org.datanucleus.api.jdo.JDOPersistenceManager.flush(JDOPersistenceManager.java:2081)
	at org.apache.hadoop.hive.metastore.ObjectStore.addNotificationEvent(ObjectStore.java:11639)
	at sun.reflect.GeneratedMethodAccessor68.invoke(Unknown Source)
	at sun.reflect.DelegatingMethodAccessorImpl.invoke(DelegatingMethodAccessorImpl.java:43)
	at java.lang.reflect.Method.invoke(Method.java:498)
	at org.apache.hadoop.hive.metastore.RawStoreProxy.invoke(RawStoreProxy.java:97)
	at com.sun.proxy.$Proxy32.addNotificationEvent(Unknown Source)
	at org.apache.hive.hcatalog.listener.DbNotificationListener.process(DbNotificationListener.java:1403)
	at org.apache.hive.hcatalog.listener.DbNotificationListener.onDropDatabase(DbNotificationListener.java:513)
	at org.apache.hadoop.hive.metastore.MetaStoreListenerNotifier$26.notify(MetaStoreListenerNotifier.java:99)
	at org.apache.hadoop.hive.metastore.MetaStoreListenerNotifier.notifyEvent(MetaStoreListenerNotifier.java:339)
	at org.apache.hadoop.hive.metastore.HMSHandler.drop_database_core(HMSHandler.java:1785)
	at org.apache.hadoop.hive.metastore.HMSHandler.drop_database(HMSHandler.java:1869)
	at sun.reflect.GeneratedMethodAccessor288.invoke(Unknown Source)
	at sun.reflect.DelegatingMethodAccessorImpl.invoke(DelegatingMethodAccessorImpl.java:43)
	at java.lang.reflect.Method.invoke(Method.java:498)
	at org.apache.hadoop.hive.metastore.RetryingHMSHandler.invokeInternal(RetryingHMSHandler.java:147)
	at org.apache.hadoop.hive.metastore.RetryingHMSHandler.invoke(RetryingHMSHandler.java:108)
	at com.sun.proxy.$Proxy34.drop_database(Unknown Source)
	at org.apache.hadoop.hive.metastore.api.ThriftHiveMetastore$Processor$drop_database.getResult(ThriftHiveMetastore.java:18285)
	at org.apache.hadoop.hive.metastore.api.ThriftHiveMetastore$Processor$drop_database.getResult(ThriftHiveMetastore.java:18264)
	at org.apache.thrift.ProcessFunction.process(ProcessFunction.java:38)
	at org.apache.hadoop.hive.metastore.TUGIBasedProcessor$1.run(TUGIBasedProcessor.java:111)
	at org.apache.hadoop.hive.metastore.TUGIBasedProcessor$1.run(TUGIBasedProcessor.java:107)
	at java.security.AccessController.doPrivileged(Native Method)
	at javax.security.auth.Subject.doAs(Subject.java:422)
	at org.apache.hadoop.security.UserGroupInformation.doAs(UserGroupInformation.java:1682)
	at org.apache.hadoop.hive.metastore.TUGIBasedProcessor.process(TUGIBasedProcessor.java:119)
	at org.apache.thrift.server.TThreadPoolServer$WorkerProcess.run(TThreadPoolServer.java:248)
	at java.util.concurrent.ThreadPoolExecutor.runWorker(ThreadPoolExecutor.java:1149)
	at java.util.concurrent.ThreadPoolExecutor$Worker.run(ThreadPoolExecutor.java:624)
	at java.lang.Thread.run(Thread.java:750)
NestedThrowablesStackTrace:
java.sql.BatchUpdateException: DELETE on table 'DBS' caused a violation of foreign key constraint 'TBLS_FK1' for key (11).  The statement has been rolled back.
	at org.apache.derby.impl.jdbc.EmbedStatement.executeLargeBatch(Unknown Source)
	at org.apache.derby.impl.jdbc.EmbedStatement.executeBatch(Unknown Source)
	at com.zaxxer.hikari.pool.ProxyStatement.executeBatch(ProxyStatement.java:128)
	at com.zaxxer.hikari.pool.HikariProxyPreparedStatement.executeBatch(HikariProxyPreparedStatement.java)
	at org.datanucleus.store.rdbms.ParamLoggingPreparedStatement.executeBatch(ParamLoggingPreparedStatement.java:366)
	at org.datanucleus.store.rdbms.SQLController.processConnectionStatement(SQLController.java:675)
	at org.datanucleus.store.rdbms.SQLController.processStatementsForConnection(SQLController.java:643)
	at org.datanucleus.store.rdbms.SQLController$1.transactionFlushed(SQLController.java:729)
	at org.datanucleus.store.connection.AbstractManagedConnection.transactionFlushed(AbstractManagedConnection.java:95)
	at org.datanucleus.store.connection.ConnectionManagerImpl$2.transactionFlushed(ConnectionManagerImpl.java:528)
	at org.datanucleus.TransactionImpl.flush(TransactionImpl.java:222)
	at org.datanucleus.ExecutionContextImpl.flushInternal(ExecutionContextImpl.java:4068)
	at org.datanucleus.ExecutionContextThreadedImpl.flushInternal(ExecutionContextThreadedImpl.java:448)
	at org.datanucleus.ExecutionContextImpl.flush(ExecutionContextImpl.java:4009)
	at org.datanucleus.ExecutionContextThreadedImpl.flush(ExecutionContextThreadedImpl.java:434)
	at org.datanucleus.api.jdo.JDOPersistenceManager.flush(JDOPersistenceManager.java:2064)
	at org.apache.hadoop.hive.metastore.ObjectStore.addNotificationEvent(ObjectStore.java:11639)
	at sun.reflect.GeneratedMethodAccessor68.invoke(Unknown Source)
	at sun.reflect.DelegatingMethodAccessorImpl.invoke(DelegatingMethodAccessorImpl.java:43)
	at java.lang.reflect.Method.invoke(Method.java:498)
	at org.apache.hadoop.hive.metastore.RawStoreProxy.invoke(RawStoreProxy.java:97)
	at com.sun.proxy.$Proxy32.addNotificationEvent(Unknown Source)
	at org.apache.hive.hcatalog.listener.DbNotificationListener.process(DbNotificationListener.java:1403)
	at org.apache.hive.hcatalog.listener.DbNotificationListener.onDropDatabase(DbNotificationListener.java:513)
	at org.apache.hadoop.hive.metastore.MetaStoreListenerNotifier$26.notify(MetaStoreListenerNotifier.java:99)
	at org.apache.hadoop.hive.metastore.MetaStoreListenerNotifier.notifyEvent(MetaStoreListenerNotifier.java:339)
	at org.apache.hadoop.hive.metastore.HMSHandler.drop_database_core(HMSHandler.java:1785)
	at org.apache.hadoop.hive.metastore.HMSHandler.drop_database(HMSHandler.java:1869)
	at sun.reflect.GeneratedMethodAccessor288.invoke(Unknown Source)
	at sun.reflect.DelegatingMethodAccessorImpl.invoke(DelegatingMethodAccessorImpl.java:43)
	at java.lang.reflect.Method.invoke(Method.java:498)
	at org.apache.hadoop.hive.metastore.RetryingHMSHandler.invokeInternal(RetryingHMSHandler.java:147)
	at org.apache.hadoop.hive.metastore.RetryingHMSHandler.invoke(RetryingHMSHandler.java:108)
	at com.sun.proxy.$Proxy34.drop_database(Unknown Source)
	at org.apache.hadoop.hive.metastore.api.ThriftHiveMetastore$Processor$drop_database.getResult(ThriftHiveMetastore.java:18285)
	at org.apache.hadoop.hive.metastore.api.ThriftHiveMetastore$Processor$drop_database.getResult(ThriftHiveMetastore.java:18264)
	at org.apache.thrift.ProcessFunction.process(ProcessFunction.java:38)
	at org.apache.hadoop.hive.metastore.TUGIBasedProcessor$1.run(TUGIBasedProcessor.java:111)
	at org.apache.hadoop.hive.metastore.TUGIBasedProcessor$1.run(TUGIBasedProcessor.java:107)
	at java.security.AccessController.doPrivileged(Native Method)
	at javax.security.auth.Subject.doAs(Subject.java:422)
	at org.apache.hadoop.security.UserGroupInformation.doAs(UserGroupInformation.java:1682)
	at org.apache.hadoop.hive.metastore.TUGIBasedProcessor.process(TUGIBasedProcessor.java:119)
	at org.apache.thrift.server.TThreadPoolServer$WorkerProcess.run(TThreadPoolServer.java:248)
	at java.util.concurrent.ThreadPoolExecutor.runWorker(ThreadPoolExecutor.java:1149)
	at java.util.concurrent.ThreadPoolExecutor$Worker.run(ThreadPoolExecutor.java:624)
	at java.lang.Thread.run(Thread.java:750)
Caused by: org.apache.derby.shared.common.error.DerbySQLIntegrityConstraintViolationException: DELETE on table 'DBS' caused a violation of foreign key constraint 'TBLS_FK1' for key (11).  The statement has been rolled back.
	at org.apache.derby.impl.jdbc.SQLExceptionFactory.getSQLException(Unknown Source)
	at org.apache.derby.impl.jdbc.Util.generateCsSQLException(Unknown Source)
	at org.apache.derby.impl.jdbc.TransactionResourceImpl.wrapInSQLException(Unknown Source)
	at org.apache.derby.impl.jdbc.TransactionResourceImpl.handleException(Unknown Source)
	at org.apache.derby.impl.jdbc.EmbedConnection.handleException(Unknown Source)
	at org.apache.derby.impl.jdbc.ConnectionChild.handleException(Unknown Source)
	at org.apache.derby.impl.jdbc.EmbedStatement.executeStatement(Unknown Source)
	at org.apache.derby.impl.jdbc.EmbedPreparedStatement.executeBatchElement(Unknown Source)
	... 47 more
Caused by: ERROR 23503: DELETE on table 'DBS' caused a violation of foreign key constraint 'TBLS_FK1' for key (11).  The statement has been rolled back.
	at org.apache.derby.iapi.error.StandardException.newException(Unknown Source)
	at org.apache.derby.iapi.error.StandardException.newException(Unknown Source)
	at org.apache.derby.impl.sql.execute.ReferencedKeyRIChecker.doCheck(Unknown Source)
	at org.apache.derby.impl.sql.execute.RISetChecker.doPKCheck(Unknown Source)
	at org.apache.derby.impl.sql.execute.DeleteResultSet.collectAffectedRows(Unknown Source)
	at org.apache.derby.impl.sql.execute.DeleteResultSet.open(Unknown Source)
	at org.apache.derby.impl.sql.GenericPreparedStatement.executeStmt(Unknown Source)
	at org.apache.derby.impl.sql.GenericPreparedStatement.execute(Unknown Source)
	... 49 more

2024-04-24T12:16:10,964  INFO [TThreadPoolServer WorkerProcess-%d] HiveMetaStore.audit: ugi=alex	ip=127.0.0.1	cmd=source:127.0.0.1 drop_database: @hive#myDb	
2024-04-24T12:16:10,967  INFO [TThreadPoolServer WorkerProcess-%d] HiveMetaStore.audit: ugi=alex	ip=127.0.0.1	cmd=source:127.0.0.1 get_all_tables: db=@hive#myDb	
2024-04-24T12:16:10,969  INFO [TThreadPoolServer WorkerProcess-%d] HiveMetaStore.audit: ugi=alex	ip=127.0.0.1	cmd=source:127.0.0.1 get_functions: db=@hive#myDb pat=*	
2024-04-24T12:16:10,970  INFO [TThreadPoolServer WorkerProcess-%d] HiveMetaStore.audit: ugi=alex	ip=127.0.0.1	cmd=source:127.0.0.1 get_all_stored_procedures	
2024-04-24T12:16:10,970  INFO [TThreadPoolServer WorkerProcess-%d] HiveMetaStore.audit: ugi=alex	ip=127.0.0.1	cmd=source:127.0.0.1 get_all_packages	
2024-04-24T12:16:10,971  INFO [TThreadPoolServer WorkerProcess-%d] HiveMetaStore.audit: ugi=alex	ip=127.0.0.1	cmd=source:127.0.0.1 getTablesByTypeCore: catName=hive: db=myDb pat=.*,type=MATERIALIZED_VIEW	
2024-04-24T12:16:10,973  INFO [TThreadPoolServer WorkerProcess-%d] metastore.ObjectStore: Dropping database hive.myDb along with all tables
2024-04-24T12:16:10,976 ERROR [TThreadPoolServer WorkerProcess-%d] metastore.RetryingHMSHandler: Retrying HMSHandler after 2000 ms (attempt 3 of 10) with error: javax.jdo.JDODataStoreException: Exception thrown flushing changes to datastore
	at org.datanucleus.api.jdo.NucleusJDOHelper.getJDOExceptionForNucleusException(NucleusJDOHelper.java:542)
	at org.datanucleus.api.jdo.JDOPersistenceManager.flush(JDOPersistenceManager.java:2081)
	at org.apache.hadoop.hive.metastore.ObjectStore.addNotificationEvent(ObjectStore.java:11639)
	at sun.reflect.GeneratedMethodAccessor68.invoke(Unknown Source)
	at sun.reflect.DelegatingMethodAccessorImpl.invoke(DelegatingMethodAccessorImpl.java:43)
	at java.lang.reflect.Method.invoke(Method.java:498)
	at org.apache.hadoop.hive.metastore.RawStoreProxy.invoke(RawStoreProxy.java:97)
	at com.sun.proxy.$Proxy32.addNotificationEvent(Unknown Source)
	at org.apache.hive.hcatalog.listener.DbNotificationListener.process(DbNotificationListener.java:1403)
	at org.apache.hive.hcatalog.listener.DbNotificationListener.onDropDatabase(DbNotificationListener.java:513)
	at org.apache.hadoop.hive.metastore.MetaStoreListenerNotifier$26.notify(MetaStoreListenerNotifier.java:99)
	at org.apache.hadoop.hive.metastore.MetaStoreListenerNotifier.notifyEvent(MetaStoreListenerNotifier.java:339)
	at org.apache.hadoop.hive.metastore.HMSHandler.drop_database_core(HMSHandler.java:1785)
	at org.apache.hadoop.hive.metastore.HMSHandler.drop_database(HMSHandler.java:1869)
	at sun.reflect.GeneratedMethodAccessor288.invoke(Unknown Source)
	at sun.reflect.DelegatingMethodAccessorImpl.invoke(DelegatingMethodAccessorImpl.java:43)
	at java.lang.reflect.Method.invoke(Method.java:498)
	at org.apache.hadoop.hive.metastore.RetryingHMSHandler.invokeInternal(RetryingHMSHandler.java:147)
	at org.apache.hadoop.hive.metastore.RetryingHMSHandler.invoke(RetryingHMSHandler.java:108)
	at com.sun.proxy.$Proxy34.drop_database(Unknown Source)
	at org.apache.hadoop.hive.metastore.api.ThriftHiveMetastore$Processor$drop_database.getResult(ThriftHiveMetastore.java:18285)
	at org.apache.hadoop.hive.metastore.api.ThriftHiveMetastore$Processor$drop_database.getResult(ThriftHiveMetastore.java:18264)
	at org.apache.thrift.ProcessFunction.process(ProcessFunction.java:38)
	at org.apache.hadoop.hive.metastore.TUGIBasedProcessor$1.run(TUGIBasedProcessor.java:111)
	at org.apache.hadoop.hive.metastore.TUGIBasedProcessor$1.run(TUGIBasedProcessor.java:107)
	at java.security.AccessController.doPrivileged(Native Method)
	at javax.security.auth.Subject.doAs(Subject.java:422)
	at org.apache.hadoop.security.UserGroupInformation.doAs(UserGroupInformation.java:1682)
	at org.apache.hadoop.hive.metastore.TUGIBasedProcessor.process(TUGIBasedProcessor.java:119)
	at org.apache.thrift.server.TThreadPoolServer$WorkerProcess.run(TThreadPoolServer.java:248)
	at java.util.concurrent.ThreadPoolExecutor.runWorker(ThreadPoolExecutor.java:1149)
	at java.util.concurrent.ThreadPoolExecutor$Worker.run(ThreadPoolExecutor.java:624)
	at java.lang.Thread.run(Thread.java:750)
NestedThrowablesStackTrace:
java.sql.BatchUpdateException: DELETE on table 'DBS' caused a violation of foreign key constraint 'TBLS_FK1' for key (11).  The statement has been rolled back.
	at org.apache.derby.impl.jdbc.EmbedStatement.executeLargeBatch(Unknown Source)
	at org.apache.derby.impl.jdbc.EmbedStatement.executeBatch(Unknown Source)
	at com.zaxxer.hikari.pool.ProxyStatement.executeBatch(ProxyStatement.java:128)
	at com.zaxxer.hikari.pool.HikariProxyPreparedStatement.executeBatch(HikariProxyPreparedStatement.java)
	at org.datanucleus.store.rdbms.ParamLoggingPreparedStatement.executeBatch(ParamLoggingPreparedStatement.java:366)
	at org.datanucleus.store.rdbms.SQLController.processConnectionStatement(SQLController.java:675)
	at org.datanucleus.store.rdbms.SQLController.processStatementsForConnection(SQLController.java:643)
	at org.datanucleus.store.rdbms.SQLController$1.transactionFlushed(SQLController.java:729)
	at org.datanucleus.store.connection.AbstractManagedConnection.transactionFlushed(AbstractManagedConnection.java:95)
	at org.datanucleus.store.connection.ConnectionManagerImpl$2.transactionFlushed(ConnectionManagerImpl.java:528)
	at org.datanucleus.TransactionImpl.flush(TransactionImpl.java:222)
	at org.datanucleus.ExecutionContextImpl.flushInternal(ExecutionContextImpl.java:4068)
	at org.datanucleus.ExecutionContextThreadedImpl.flushInternal(ExecutionContextThreadedImpl.java:448)
	at org.datanucleus.ExecutionContextImpl.flush(ExecutionContextImpl.java:4009)
	at org.datanucleus.ExecutionContextThreadedImpl.flush(ExecutionContextThreadedImpl.java:434)
	at org.datanucleus.api.jdo.JDOPersistenceManager.flush(JDOPersistenceManager.java:2064)
	at org.apache.hadoop.hive.metastore.ObjectStore.addNotificationEvent(ObjectStore.java:11639)
	at sun.reflect.GeneratedMethodAccessor68.invoke(Unknown Source)
	at sun.reflect.DelegatingMethodAccessorImpl.invoke(DelegatingMethodAccessorImpl.java:43)
	at java.lang.reflect.Method.invoke(Method.java:498)
	at org.apache.hadoop.hive.metastore.RawStoreProxy.invoke(RawStoreProxy.java:97)
	at com.sun.proxy.$Proxy32.addNotificationEvent(Unknown Source)
	at org.apache.hive.hcatalog.listener.DbNotificationListener.process(DbNotificationListener.java:1403)
	at org.apache.hive.hcatalog.listener.DbNotificationListener.onDropDatabase(DbNotificationListener.java:513)
	at org.apache.hadoop.hive.metastore.MetaStoreListenerNotifier$26.notify(MetaStoreListenerNotifier.java:99)
	at org.apache.hadoop.hive.metastore.MetaStoreListenerNotifier.notifyEvent(MetaStoreListenerNotifier.java:339)
	at org.apache.hadoop.hive.metastore.HMSHandler.drop_database_core(HMSHandler.java:1785)
	at org.apache.hadoop.hive.metastore.HMSHandler.drop_database(HMSHandler.java:1869)
	at sun.reflect.GeneratedMethodAccessor288.invoke(Unknown Source)
	at sun.reflect.DelegatingMethodAccessorImpl.invoke(DelegatingMethodAccessorImpl.java:43)
	at java.lang.reflect.Method.invoke(Method.java:498)
	at org.apache.hadoop.hive.metastore.RetryingHMSHandler.invokeInternal(RetryingHMSHandler.java:147)
	at org.apache.hadoop.hive.metastore.RetryingHMSHandler.invoke(RetryingHMSHandler.java:108)
	at com.sun.proxy.$Proxy34.drop_database(Unknown Source)
	at org.apache.hadoop.hive.metastore.api.ThriftHiveMetastore$Processor$drop_database.getResult(ThriftHiveMetastore.java:18285)
	at org.apache.hadoop.hive.metastore.api.ThriftHiveMetastore$Processor$drop_database.getResult(ThriftHiveMetastore.java:18264)
	at org.apache.thrift.ProcessFunction.process(ProcessFunction.java:38)
	at org.apache.hadoop.hive.metastore.TUGIBasedProcessor$1.run(TUGIBasedProcessor.java:111)
	at org.apache.hadoop.hive.metastore.TUGIBasedProcessor$1.run(TUGIBasedProcessor.java:107)
	at java.security.AccessController.doPrivileged(Native Method)
	at javax.security.auth.Subject.doAs(Subject.java:422)
	at org.apache.hadoop.security.UserGroupInformation.doAs(UserGroupInformation.java:1682)
	at org.apache.hadoop.hive.metastore.TUGIBasedProcessor.process(TUGIBasedProcessor.java:119)
	at org.apache.thrift.server.TThreadPoolServer$WorkerProcess.run(TThreadPoolServer.java:248)
	at java.util.concurrent.ThreadPoolExecutor.runWorker(ThreadPoolExecutor.java:1149)
	at java.util.concurrent.ThreadPoolExecutor$Worker.run(ThreadPoolExecutor.java:624)
	at java.lang.Thread.run(Thread.java:750)
Caused by: org.apache.derby.shared.common.error.DerbySQLIntegrityConstraintViolationException: DELETE on table 'DBS' caused a violation of foreign key constraint 'TBLS_FK1' for key (11).  The statement has been rolled back.
	at org.apache.derby.impl.jdbc.SQLExceptionFactory.getSQLException(Unknown Source)
	at org.apache.derby.impl.jdbc.Util.generateCsSQLException(Unknown Source)
	at org.apache.derby.impl.jdbc.TransactionResourceImpl.wrapInSQLException(Unknown Source)
	at org.apache.derby.impl.jdbc.TransactionResourceImpl.handleException(Unknown Source)
	at org.apache.derby.impl.jdbc.EmbedConnection.handleException(Unknown Source)
	at org.apache.derby.impl.jdbc.ConnectionChild.handleException(Unknown Source)
	at org.apache.derby.impl.jdbc.EmbedStatement.executeStatement(Unknown Source)
	at org.apache.derby.impl.jdbc.EmbedPreparedStatement.executeBatchElement(Unknown Source)
	... 47 more
Caused by: ERROR 23503: DELETE on table 'DBS' caused a violation of foreign key constraint 'TBLS_FK1' for key (11).  The statement has been rolled back.
	at org.apache.derby.iapi.error.StandardException.newException(Unknown Source)
	at org.apache.derby.iapi.error.StandardException.newException(Unknown Source)
	at org.apache.derby.impl.sql.execute.ReferencedKeyRIChecker.doCheck(Unknown Source)
	at org.apache.derby.impl.sql.execute.RISetChecker.doPKCheck(Unknown Source)
	at org.apache.derby.impl.sql.execute.DeleteResultSet.collectAffectedRows(Unknown Source)
	at org.apache.derby.impl.sql.execute.DeleteResultSet.open(Unknown Source)
	at org.apache.derby.impl.sql.GenericPreparedStatement.executeStmt(Unknown Source)
	at org.apache.derby.impl.sql.GenericPreparedStatement.execute(Unknown Source)
	... 49 more

2024-04-24T12:16:12,977  INFO [TThreadPoolServer WorkerProcess-%d] HiveMetaStore.audit: ugi=alex	ip=127.0.0.1	cmd=source:127.0.0.1 drop_database: @hive#myDb	
2024-04-24T12:16:12,980  INFO [TThreadPoolServer WorkerProcess-%d] HiveMetaStore.audit: ugi=alex	ip=127.0.0.1	cmd=source:127.0.0.1 get_all_tables: db=@hive#myDb	
2024-04-24T12:16:12,982  INFO [TThreadPoolServer WorkerProcess-%d] HiveMetaStore.audit: ugi=alex	ip=127.0.0.1	cmd=source:127.0.0.1 get_functions: db=@hive#myDb pat=*	
2024-04-24T12:16:12,984  INFO [TThreadPoolServer WorkerProcess-%d] HiveMetaStore.audit: ugi=alex	ip=127.0.0.1	cmd=source:127.0.0.1 get_all_stored_procedures	
2024-04-24T12:16:12,984  INFO [TThreadPoolServer WorkerProcess-%d] HiveMetaStore.audit: ugi=alex	ip=127.0.0.1	cmd=source:127.0.0.1 get_all_packages	
2024-04-24T12:16:12,985  INFO [TThreadPoolServer WorkerProcess-%d] HiveMetaStore.audit: ugi=alex	ip=127.0.0.1	cmd=source:127.0.0.1 getTablesByTypeCore: catName=hive: db=myDb pat=.*,type=MATERIALIZED_VIEW	
2024-04-24T12:16:12,987  INFO [TThreadPoolServer WorkerProcess-%d] metastore.ObjectStore: Dropping database hive.myDb along with all tables
2024-04-24T12:16:12,990 ERROR [TThreadPoolServer WorkerProcess-%d] metastore.RetryingHMSHandler: Retrying HMSHandler after 2000 ms (attempt 4 of 10) with error: javax.jdo.JDODataStoreException: Exception thrown flushing changes to datastore
	at org.datanucleus.api.jdo.NucleusJDOHelper.getJDOExceptionForNucleusException(NucleusJDOHelper.java:542)
	at org.datanucleus.api.jdo.JDOPersistenceManager.flush(JDOPersistenceManager.java:2081)
	at org.apache.hadoop.hive.metastore.ObjectStore.addNotificationEvent(ObjectStore.java:11639)
	at sun.reflect.GeneratedMethodAccessor68.invoke(Unknown Source)
	at sun.reflect.DelegatingMethodAccessorImpl.invoke(DelegatingMethodAccessorImpl.java:43)
	at java.lang.reflect.Method.invoke(Method.java:498)
	at org.apache.hadoop.hive.metastore.RawStoreProxy.invoke(RawStoreProxy.java:97)
	at com.sun.proxy.$Proxy32.addNotificationEvent(Unknown Source)
	at org.apache.hive.hcatalog.listener.DbNotificationListener.process(DbNotificationListener.java:1403)
	at org.apache.hive.hcatalog.listener.DbNotificationListener.onDropDatabase(DbNotificationListener.java:513)
	at org.apache.hadoop.hive.metastore.MetaStoreListenerNotifier$26.notify(MetaStoreListenerNotifier.java:99)
	at org.apache.hadoop.hive.metastore.MetaStoreListenerNotifier.notifyEvent(MetaStoreListenerNotifier.java:339)
	at org.apache.hadoop.hive.metastore.HMSHandler.drop_database_core(HMSHandler.java:1785)
	at org.apache.hadoop.hive.metastore.HMSHandler.drop_database(HMSHandler.java:1869)
	at sun.reflect.GeneratedMethodAccessor288.invoke(Unknown Source)
	at sun.reflect.DelegatingMethodAccessorImpl.invoke(DelegatingMethodAccessorImpl.java:43)
	at java.lang.reflect.Method.invoke(Method.java:498)
	at org.apache.hadoop.hive.metastore.RetryingHMSHandler.invokeInternal(RetryingHMSHandler.java:147)
	at org.apache.hadoop.hive.metastore.RetryingHMSHandler.invoke(RetryingHMSHandler.java:108)
	at com.sun.proxy.$Proxy34.drop_database(Unknown Source)
	at org.apache.hadoop.hive.metastore.api.ThriftHiveMetastore$Processor$drop_database.getResult(ThriftHiveMetastore.java:18285)
	at org.apache.hadoop.hive.metastore.api.ThriftHiveMetastore$Processor$drop_database.getResult(ThriftHiveMetastore.java:18264)
	at org.apache.thrift.ProcessFunction.process(ProcessFunction.java:38)
	at org.apache.hadoop.hive.metastore.TUGIBasedProcessor$1.run(TUGIBasedProcessor.java:111)
	at org.apache.hadoop.hive.metastore.TUGIBasedProcessor$1.run(TUGIBasedProcessor.java:107)
	at java.security.AccessController.doPrivileged(Native Method)
	at javax.security.auth.Subject.doAs(Subject.java:422)
	at org.apache.hadoop.security.UserGroupInformation.doAs(UserGroupInformation.java:1682)
	at org.apache.hadoop.hive.metastore.TUGIBasedProcessor.process(TUGIBasedProcessor.java:119)
	at org.apache.thrift.server.TThreadPoolServer$WorkerProcess.run(TThreadPoolServer.java:248)
	at java.util.concurrent.ThreadPoolExecutor.runWorker(ThreadPoolExecutor.java:1149)
	at java.util.concurrent.ThreadPoolExecutor$Worker.run(ThreadPoolExecutor.java:624)
	at java.lang.Thread.run(Thread.java:750)
NestedThrowablesStackTrace:
java.sql.BatchUpdateException: DELETE on table 'DBS' caused a violation of foreign key constraint 'TBLS_FK1' for key (11).  The statement has been rolled back.
	at org.apache.derby.impl.jdbc.EmbedStatement.executeLargeBatch(Unknown Source)
	at org.apache.derby.impl.jdbc.EmbedStatement.executeBatch(Unknown Source)
	at com.zaxxer.hikari.pool.ProxyStatement.executeBatch(ProxyStatement.java:128)
	at com.zaxxer.hikari.pool.HikariProxyPreparedStatement.executeBatch(HikariProxyPreparedStatement.java)
	at org.datanucleus.store.rdbms.ParamLoggingPreparedStatement.executeBatch(ParamLoggingPreparedStatement.java:366)
	at org.datanucleus.store.rdbms.SQLController.processConnectionStatement(SQLController.java:675)
	at org.datanucleus.store.rdbms.SQLController.processStatementsForConnection(SQLController.java:643)
	at org.datanucleus.store.rdbms.SQLController$1.transactionFlushed(SQLController.java:729)
	at org.datanucleus.store.connection.AbstractManagedConnection.transactionFlushed(AbstractManagedConnection.java:95)
	at org.datanucleus.store.connection.ConnectionManagerImpl$2.transactionFlushed(ConnectionManagerImpl.java:528)
	at org.datanucleus.TransactionImpl.flush(TransactionImpl.java:222)
	at org.datanucleus.ExecutionContextImpl.flushInternal(ExecutionContextImpl.java:4068)
	at org.datanucleus.ExecutionContextThreadedImpl.flushInternal(ExecutionContextThreadedImpl.java:448)
	at org.datanucleus.ExecutionContextImpl.flush(ExecutionContextImpl.java:4009)
	at org.datanucleus.ExecutionContextThreadedImpl.flush(ExecutionContextThreadedImpl.java:434)
	at org.datanucleus.api.jdo.JDOPersistenceManager.flush(JDOPersistenceManager.java:2064)
	at org.apache.hadoop.hive.metastore.ObjectStore.addNotificationEvent(ObjectStore.java:11639)
	at sun.reflect.GeneratedMethodAccessor68.invoke(Unknown Source)
	at sun.reflect.DelegatingMethodAccessorImpl.invoke(DelegatingMethodAccessorImpl.java:43)
	at java.lang.reflect.Method.invoke(Method.java:498)
	at org.apache.hadoop.hive.metastore.RawStoreProxy.invoke(RawStoreProxy.java:97)
	at com.sun.proxy.$Proxy32.addNotificationEvent(Unknown Source)
	at org.apache.hive.hcatalog.listener.DbNotificationListener.process(DbNotificationListener.java:1403)
	at org.apache.hive.hcatalog.listener.DbNotificationListener.onDropDatabase(DbNotificationListener.java:513)
	at org.apache.hadoop.hive.metastore.MetaStoreListenerNotifier$26.notify(MetaStoreListenerNotifier.java:99)
	at org.apache.hadoop.hive.metastore.MetaStoreListenerNotifier.notifyEvent(MetaStoreListenerNotifier.java:339)
	at org.apache.hadoop.hive.metastore.HMSHandler.drop_database_core(HMSHandler.java:1785)
	at org.apache.hadoop.hive.metastore.HMSHandler.drop_database(HMSHandler.java:1869)
	at sun.reflect.GeneratedMethodAccessor288.invoke(Unknown Source)
	at sun.reflect.DelegatingMethodAccessorImpl.invoke(DelegatingMethodAccessorImpl.java:43)
	at java.lang.reflect.Method.invoke(Method.java:498)
	at org.apache.hadoop.hive.metastore.RetryingHMSHandler.invokeInternal(RetryingHMSHandler.java:147)
	at org.apache.hadoop.hive.metastore.RetryingHMSHandler.invoke(RetryingHMSHandler.java:108)
	at com.sun.proxy.$Proxy34.drop_database(Unknown Source)
	at org.apache.hadoop.hive.metastore.api.ThriftHiveMetastore$Processor$drop_database.getResult(ThriftHiveMetastore.java:18285)
	at org.apache.hadoop.hive.metastore.api.ThriftHiveMetastore$Processor$drop_database.getResult(ThriftHiveMetastore.java:18264)
	at org.apache.thrift.ProcessFunction.process(ProcessFunction.java:38)
	at org.apache.hadoop.hive.metastore.TUGIBasedProcessor$1.run(TUGIBasedProcessor.java:111)
	at org.apache.hadoop.hive.metastore.TUGIBasedProcessor$1.run(TUGIBasedProcessor.java:107)
	at java.security.AccessController.doPrivileged(Native Method)
	at javax.security.auth.Subject.doAs(Subject.java:422)
	at org.apache.hadoop.security.UserGroupInformation.doAs(UserGroupInformation.java:1682)
	at org.apache.hadoop.hive.metastore.TUGIBasedProcessor.process(TUGIBasedProcessor.java:119)
	at org.apache.thrift.server.TThreadPoolServer$WorkerProcess.run(TThreadPoolServer.java:248)
	at java.util.concurrent.ThreadPoolExecutor.runWorker(ThreadPoolExecutor.java:1149)
	at java.util.concurrent.ThreadPoolExecutor$Worker.run(ThreadPoolExecutor.java:624)
	at java.lang.Thread.run(Thread.java:750)
Caused by: org.apache.derby.shared.common.error.DerbySQLIntegrityConstraintViolationException: DELETE on table 'DBS' caused a violation of foreign key constraint 'TBLS_FK1' for key (11).  The statement has been rolled back.
	at org.apache.derby.impl.jdbc.SQLExceptionFactory.getSQLException(Unknown Source)
	at org.apache.derby.impl.jdbc.Util.generateCsSQLException(Unknown Source)
	at org.apache.derby.impl.jdbc.TransactionResourceImpl.wrapInSQLException(Unknown Source)
	at org.apache.derby.impl.jdbc.TransactionResourceImpl.handleException(Unknown Source)
	at org.apache.derby.impl.jdbc.EmbedConnection.handleException(Unknown Source)
	at org.apache.derby.impl.jdbc.ConnectionChild.handleException(Unknown Source)
	at org.apache.derby.impl.jdbc.EmbedStatement.executeStatement(Unknown Source)
	at org.apache.derby.impl.jdbc.EmbedPreparedStatement.executeBatchElement(Unknown Source)
	... 47 more
Caused by: ERROR 23503: DELETE on table 'DBS' caused a violation of foreign key constraint 'TBLS_FK1' for key (11).  The statement has been rolled back.
	at org.apache.derby.iapi.error.StandardException.newException(Unknown Source)
	at org.apache.derby.iapi.error.StandardException.newException(Unknown Source)
	at org.apache.derby.impl.sql.execute.ReferencedKeyRIChecker.doCheck(Unknown Source)
	at org.apache.derby.impl.sql.execute.RISetChecker.doPKCheck(Unknown Source)
	at org.apache.derby.impl.sql.execute.DeleteResultSet.collectAffectedRows(Unknown Source)
	at org.apache.derby.impl.sql.execute.DeleteResultSet.open(Unknown Source)
	at org.apache.derby.impl.sql.GenericPreparedStatement.executeStmt(Unknown Source)
	at org.apache.derby.impl.sql.GenericPreparedStatement.execute(Unknown Source)
	... 49 more

2024-04-24T12:16:14,991  INFO [TThreadPoolServer WorkerProcess-%d] HiveMetaStore.audit: ugi=alex	ip=127.0.0.1	cmd=source:127.0.0.1 drop_database: @hive#myDb	
2024-04-24T12:16:14,993  INFO [TThreadPoolServer WorkerProcess-%d] HiveMetaStore.audit: ugi=alex	ip=127.0.0.1	cmd=source:127.0.0.1 get_all_tables: db=@hive#myDb	
2024-04-24T12:16:14,995  INFO [TThreadPoolServer WorkerProcess-%d] HiveMetaStore.audit: ugi=alex	ip=127.0.0.1	cmd=source:127.0.0.1 get_functions: db=@hive#myDb pat=*	
2024-04-24T12:16:14,996  INFO [TThreadPoolServer WorkerProcess-%d] HiveMetaStore.audit: ugi=alex	ip=127.0.0.1	cmd=source:127.0.0.1 get_all_stored_procedures	
2024-04-24T12:16:14,997  INFO [TThreadPoolServer WorkerProcess-%d] HiveMetaStore.audit: ugi=alex	ip=127.0.0.1	cmd=source:127.0.0.1 get_all_packages	
2024-04-24T12:16:14,998  INFO [TThreadPoolServer WorkerProcess-%d] HiveMetaStore.audit: ugi=alex	ip=127.0.0.1	cmd=source:127.0.0.1 getTablesByTypeCore: catName=hive: db=myDb pat=.*,type=MATERIALIZED_VIEW	
2024-04-24T12:16:15,000  INFO [TThreadPoolServer WorkerProcess-%d] metastore.ObjectStore: Dropping database hive.myDb along with all tables
2024-04-24T12:16:15,006 ERROR [TThreadPoolServer WorkerProcess-%d] metastore.RetryingHMSHandler: Retrying HMSHandler after 2000 ms (attempt 5 of 10) with error: javax.jdo.JDODataStoreException: Exception thrown flushing changes to datastore
	at org.datanucleus.api.jdo.NucleusJDOHelper.getJDOExceptionForNucleusException(NucleusJDOHelper.java:542)
	at org.datanucleus.api.jdo.JDOPersistenceManager.flush(JDOPersistenceManager.java:2081)
	at org.apache.hadoop.hive.metastore.ObjectStore.addNotificationEvent(ObjectStore.java:11639)
	at sun.reflect.GeneratedMethodAccessor68.invoke(Unknown Source)
	at sun.reflect.DelegatingMethodAccessorImpl.invoke(DelegatingMethodAccessorImpl.java:43)
	at java.lang.reflect.Method.invoke(Method.java:498)
	at org.apache.hadoop.hive.metastore.RawStoreProxy.invoke(RawStoreProxy.java:97)
	at com.sun.proxy.$Proxy32.addNotificationEvent(Unknown Source)
	at org.apache.hive.hcatalog.listener.DbNotificationListener.process(DbNotificationListener.java:1403)
	at org.apache.hive.hcatalog.listener.DbNotificationListener.onDropDatabase(DbNotificationListener.java:513)
	at org.apache.hadoop.hive.metastore.MetaStoreListenerNotifier$26.notify(MetaStoreListenerNotifier.java:99)
	at org.apache.hadoop.hive.metastore.MetaStoreListenerNotifier.notifyEvent(MetaStoreListenerNotifier.java:339)
	at org.apache.hadoop.hive.metastore.HMSHandler.drop_database_core(HMSHandler.java:1785)
	at org.apache.hadoop.hive.metastore.HMSHandler.drop_database(HMSHandler.java:1869)
	at sun.reflect.GeneratedMethodAccessor288.invoke(Unknown Source)
	at sun.reflect.DelegatingMethodAccessorImpl.invoke(DelegatingMethodAccessorImpl.java:43)
	at java.lang.reflect.Method.invoke(Method.java:498)
	at org.apache.hadoop.hive.metastore.RetryingHMSHandler.invokeInternal(RetryingHMSHandler.java:147)
	at org.apache.hadoop.hive.metastore.RetryingHMSHandler.invoke(RetryingHMSHandler.java:108)
	at com.sun.proxy.$Proxy34.drop_database(Unknown Source)
	at org.apache.hadoop.hive.metastore.api.ThriftHiveMetastore$Processor$drop_database.getResult(ThriftHiveMetastore.java:18285)
	at org.apache.hadoop.hive.metastore.api.ThriftHiveMetastore$Processor$drop_database.getResult(ThriftHiveMetastore.java:18264)
	at org.apache.thrift.ProcessFunction.process(ProcessFunction.java:38)
	at org.apache.hadoop.hive.metastore.TUGIBasedProcessor$1.run(TUGIBasedProcessor.java:111)
	at org.apache.hadoop.hive.metastore.TUGIBasedProcessor$1.run(TUGIBasedProcessor.java:107)
	at java.security.AccessController.doPrivileged(Native Method)
	at javax.security.auth.Subject.doAs(Subject.java:422)
	at org.apache.hadoop.security.UserGroupInformation.doAs(UserGroupInformation.java:1682)
	at org.apache.hadoop.hive.metastore.TUGIBasedProcessor.process(TUGIBasedProcessor.java:119)
	at org.apache.thrift.server.TThreadPoolServer$WorkerProcess.run(TThreadPoolServer.java:248)
	at java.util.concurrent.ThreadPoolExecutor.runWorker(ThreadPoolExecutor.java:1149)
	at java.util.concurrent.ThreadPoolExecutor$Worker.run(ThreadPoolExecutor.java:624)
	at java.lang.Thread.run(Thread.java:750)
NestedThrowablesStackTrace:
java.sql.BatchUpdateException: DELETE on table 'DBS' caused a violation of foreign key constraint 'TBLS_FK1' for key (11).  The statement has been rolled back.
	at org.apache.derby.impl.jdbc.EmbedStatement.executeLargeBatch(Unknown Source)
	at org.apache.derby.impl.jdbc.EmbedStatement.executeBatch(Unknown Source)
	at com.zaxxer.hikari.pool.ProxyStatement.executeBatch(ProxyStatement.java:128)
	at com.zaxxer.hikari.pool.HikariProxyPreparedStatement.executeBatch(HikariProxyPreparedStatement.java)
	at org.datanucleus.store.rdbms.ParamLoggingPreparedStatement.executeBatch(ParamLoggingPreparedStatement.java:366)
	at org.datanucleus.store.rdbms.SQLController.processConnectionStatement(SQLController.java:675)
	at org.datanucleus.store.rdbms.SQLController.processStatementsForConnection(SQLController.java:643)
	at org.datanucleus.store.rdbms.SQLController$1.transactionFlushed(SQLController.java:729)
	at org.datanucleus.store.connection.AbstractManagedConnection.transactionFlushed(AbstractManagedConnection.java:95)
	at org.datanucleus.store.connection.ConnectionManagerImpl$2.transactionFlushed(ConnectionManagerImpl.java:528)
	at org.datanucleus.TransactionImpl.flush(TransactionImpl.java:222)
	at org.datanucleus.ExecutionContextImpl.flushInternal(ExecutionContextImpl.java:4068)
	at org.datanucleus.ExecutionContextThreadedImpl.flushInternal(ExecutionContextThreadedImpl.java:448)
	at org.datanucleus.ExecutionContextImpl.flush(ExecutionContextImpl.java:4009)
	at org.datanucleus.ExecutionContextThreadedImpl.flush(ExecutionContextThreadedImpl.java:434)
	at org.datanucleus.api.jdo.JDOPersistenceManager.flush(JDOPersistenceManager.java:2064)
	at org.apache.hadoop.hive.metastore.ObjectStore.addNotificationEvent(ObjectStore.java:11639)
	at sun.reflect.GeneratedMethodAccessor68.invoke(Unknown Source)
	at sun.reflect.DelegatingMethodAccessorImpl.invoke(DelegatingMethodAccessorImpl.java:43)
	at java.lang.reflect.Method.invoke(Method.java:498)
	at org.apache.hadoop.hive.metastore.RawStoreProxy.invoke(RawStoreProxy.java:97)
	at com.sun.proxy.$Proxy32.addNotificationEvent(Unknown Source)
	at org.apache.hive.hcatalog.listener.DbNotificationListener.process(DbNotificationListener.java:1403)
	at org.apache.hive.hcatalog.listener.DbNotificationListener.onDropDatabase(DbNotificationListener.java:513)
	at org.apache.hadoop.hive.metastore.MetaStoreListenerNotifier$26.notify(MetaStoreListenerNotifier.java:99)
	at org.apache.hadoop.hive.metastore.MetaStoreListenerNotifier.notifyEvent(MetaStoreListenerNotifier.java:339)
	at org.apache.hadoop.hive.metastore.HMSHandler.drop_database_core(HMSHandler.java:1785)
	at org.apache.hadoop.hive.metastore.HMSHandler.drop_database(HMSHandler.java:1869)
	at sun.reflect.GeneratedMethodAccessor288.invoke(Unknown Source)
	at sun.reflect.DelegatingMethodAccessorImpl.invoke(DelegatingMethodAccessorImpl.java:43)
	at java.lang.reflect.Method.invoke(Method.java:498)
	at org.apache.hadoop.hive.metastore.RetryingHMSHandler.invokeInternal(RetryingHMSHandler.java:147)
	at org.apache.hadoop.hive.metastore.RetryingHMSHandler.invoke(RetryingHMSHandler.java:108)
	at com.sun.proxy.$Proxy34.drop_database(Unknown Source)
	at org.apache.hadoop.hive.metastore.api.ThriftHiveMetastore$Processor$drop_database.getResult(ThriftHiveMetastore.java:18285)
	at org.apache.hadoop.hive.metastore.api.ThriftHiveMetastore$Processor$drop_database.getResult(ThriftHiveMetastore.java:18264)
	at org.apache.thrift.ProcessFunction.process(ProcessFunction.java:38)
	at org.apache.hadoop.hive.metastore.TUGIBasedProcessor$1.run(TUGIBasedProcessor.java:111)
	at org.apache.hadoop.hive.metastore.TUGIBasedProcessor$1.run(TUGIBasedProcessor.java:107)
	at java.security.AccessController.doPrivileged(Native Method)
	at javax.security.auth.Subject.doAs(Subject.java:422)
	at org.apache.hadoop.security.UserGroupInformation.doAs(UserGroupInformation.java:1682)
	at org.apache.hadoop.hive.metastore.TUGIBasedProcessor.process(TUGIBasedProcessor.java:119)
	at org.apache.thrift.server.TThreadPoolServer$WorkerProcess.run(TThreadPoolServer.java:248)
	at java.util.concurrent.ThreadPoolExecutor.runWorker(ThreadPoolExecutor.java:1149)
	at java.util.concurrent.ThreadPoolExecutor$Worker.run(ThreadPoolExecutor.java:624)
	at java.lang.Thread.run(Thread.java:750)
Caused by: org.apache.derby.shared.common.error.DerbySQLIntegrityConstraintViolationException: DELETE on table 'DBS' caused a violation of foreign key constraint 'TBLS_FK1' for key (11).  The statement has been rolled back.
	at org.apache.derby.impl.jdbc.SQLExceptionFactory.getSQLException(Unknown Source)
	at org.apache.derby.impl.jdbc.Util.generateCsSQLException(Unknown Source)
	at org.apache.derby.impl.jdbc.TransactionResourceImpl.wrapInSQLException(Unknown Source)
	at org.apache.derby.impl.jdbc.TransactionResourceImpl.handleException(Unknown Source)
	at org.apache.derby.impl.jdbc.EmbedConnection.handleException(Unknown Source)
	at org.apache.derby.impl.jdbc.ConnectionChild.handleException(Unknown Source)
	at org.apache.derby.impl.jdbc.EmbedStatement.executeStatement(Unknown Source)
	at org.apache.derby.impl.jdbc.EmbedPreparedStatement.executeBatchElement(Unknown Source)
	... 47 more
Caused by: ERROR 23503: DELETE on table 'DBS' caused a violation of foreign key constraint 'TBLS_FK1' for key (11).  The statement has been rolled back.
	at org.apache.derby.iapi.error.StandardException.newException(Unknown Source)
	at org.apache.derby.iapi.error.StandardException.newException(Unknown Source)
	at org.apache.derby.impl.sql.execute.ReferencedKeyRIChecker.doCheck(Unknown Source)
	at org.apache.derby.impl.sql.execute.RISetChecker.doPKCheck(Unknown Source)
	at org.apache.derby.impl.sql.execute.DeleteResultSet.collectAffectedRows(Unknown Source)
	at org.apache.derby.impl.sql.execute.DeleteResultSet.open(Unknown Source)
	at org.apache.derby.impl.sql.GenericPreparedStatement.executeStmt(Unknown Source)
	at org.apache.derby.impl.sql.GenericPreparedStatement.execute(Unknown Source)
	... 49 more

2024-04-24T12:16:17,007  INFO [TThreadPoolServer WorkerProcess-%d] HiveMetaStore.audit: ugi=alex	ip=127.0.0.1	cmd=source:127.0.0.1 drop_database: @hive#myDb	
2024-04-24T12:16:17,009  INFO [TThreadPoolServer WorkerProcess-%d] HiveMetaStore.audit: ugi=alex	ip=127.0.0.1	cmd=source:127.0.0.1 get_all_tables: db=@hive#myDb	
2024-04-24T12:16:17,010  INFO [TThreadPoolServer WorkerProcess-%d] HiveMetaStore.audit: ugi=alex	ip=127.0.0.1	cmd=source:127.0.0.1 get_functions: db=@hive#myDb pat=*	
2024-04-24T12:16:17,013  INFO [TThreadPoolServer WorkerProcess-%d] HiveMetaStore.audit: ugi=alex	ip=127.0.0.1	cmd=source:127.0.0.1 get_all_stored_procedures	
2024-04-24T12:16:17,013  INFO [TThreadPoolServer WorkerProcess-%d] HiveMetaStore.audit: ugi=alex	ip=127.0.0.1	cmd=source:127.0.0.1 get_all_packages	
2024-04-24T12:16:17,014  INFO [TThreadPoolServer WorkerProcess-%d] HiveMetaStore.audit: ugi=alex	ip=127.0.0.1	cmd=source:127.0.0.1 getTablesByTypeCore: catName=hive: db=myDb pat=.*,type=MATERIALIZED_VIEW	
2024-04-24T12:16:17,016  INFO [TThreadPoolServer WorkerProcess-%d] metastore.ObjectStore: Dropping database hive.myDb along with all tables
2024-04-24T12:16:17,018 ERROR [TThreadPoolServer WorkerProcess-%d] metastore.RetryingHMSHandler: Retrying HMSHandler after 2000 ms (attempt 6 of 10) with error: javax.jdo.JDODataStoreException: Exception thrown flushing changes to datastore
	at org.datanucleus.api.jdo.NucleusJDOHelper.getJDOExceptionForNucleusException(NucleusJDOHelper.java:542)
	at org.datanucleus.api.jdo.JDOPersistenceManager.flush(JDOPersistenceManager.java:2081)
	at org.apache.hadoop.hive.metastore.ObjectStore.addNotificationEvent(ObjectStore.java:11639)
	at sun.reflect.GeneratedMethodAccessor68.invoke(Unknown Source)
	at sun.reflect.DelegatingMethodAccessorImpl.invoke(DelegatingMethodAccessorImpl.java:43)
	at java.lang.reflect.Method.invoke(Method.java:498)
	at org.apache.hadoop.hive.metastore.RawStoreProxy.invoke(RawStoreProxy.java:97)
	at com.sun.proxy.$Proxy32.addNotificationEvent(Unknown Source)
	at org.apache.hive.hcatalog.listener.DbNotificationListener.process(DbNotificationListener.java:1403)
	at org.apache.hive.hcatalog.listener.DbNotificationListener.onDropDatabase(DbNotificationListener.java:513)
	at org.apache.hadoop.hive.metastore.MetaStoreListenerNotifier$26.notify(MetaStoreListenerNotifier.java:99)
	at org.apache.hadoop.hive.metastore.MetaStoreListenerNotifier.notifyEvent(MetaStoreListenerNotifier.java:339)
	at org.apache.hadoop.hive.metastore.HMSHandler.drop_database_core(HMSHandler.java:1785)
	at org.apache.hadoop.hive.metastore.HMSHandler.drop_database(HMSHandler.java:1869)
	at sun.reflect.GeneratedMethodAccessor288.invoke(Unknown Source)
	at sun.reflect.DelegatingMethodAccessorImpl.invoke(DelegatingMethodAccessorImpl.java:43)
	at java.lang.reflect.Method.invoke(Method.java:498)
	at org.apache.hadoop.hive.metastore.RetryingHMSHandler.invokeInternal(RetryingHMSHandler.java:147)
	at org.apache.hadoop.hive.metastore.RetryingHMSHandler.invoke(RetryingHMSHandler.java:108)
	at com.sun.proxy.$Proxy34.drop_database(Unknown Source)
	at org.apache.hadoop.hive.metastore.api.ThriftHiveMetastore$Processor$drop_database.getResult(ThriftHiveMetastore.java:18285)
	at org.apache.hadoop.hive.metastore.api.ThriftHiveMetastore$Processor$drop_database.getResult(ThriftHiveMetastore.java:18264)
	at org.apache.thrift.ProcessFunction.process(ProcessFunction.java:38)
	at org.apache.hadoop.hive.metastore.TUGIBasedProcessor$1.run(TUGIBasedProcessor.java:111)
	at org.apache.hadoop.hive.metastore.TUGIBasedProcessor$1.run(TUGIBasedProcessor.java:107)
	at java.security.AccessController.doPrivileged(Native Method)
	at javax.security.auth.Subject.doAs(Subject.java:422)
	at org.apache.hadoop.security.UserGroupInformation.doAs(UserGroupInformation.java:1682)
	at org.apache.hadoop.hive.metastore.TUGIBasedProcessor.process(TUGIBasedProcessor.java:119)
	at org.apache.thrift.server.TThreadPoolServer$WorkerProcess.run(TThreadPoolServer.java:248)
	at java.util.concurrent.ThreadPoolExecutor.runWorker(ThreadPoolExecutor.java:1149)
	at java.util.concurrent.ThreadPoolExecutor$Worker.run(ThreadPoolExecutor.java:624)
	at java.lang.Thread.run(Thread.java:750)
NestedThrowablesStackTrace:
java.sql.BatchUpdateException: DELETE on table 'DBS' caused a violation of foreign key constraint 'TBLS_FK1' for key (11).  The statement has been rolled back.
	at org.apache.derby.impl.jdbc.EmbedStatement.executeLargeBatch(Unknown Source)
	at org.apache.derby.impl.jdbc.EmbedStatement.executeBatch(Unknown Source)
	at com.zaxxer.hikari.pool.ProxyStatement.executeBatch(ProxyStatement.java:128)
	at com.zaxxer.hikari.pool.HikariProxyPreparedStatement.executeBatch(HikariProxyPreparedStatement.java)
	at org.datanucleus.store.rdbms.ParamLoggingPreparedStatement.executeBatch(ParamLoggingPreparedStatement.java:366)
	at org.datanucleus.store.rdbms.SQLController.processConnectionStatement(SQLController.java:675)
	at org.datanucleus.store.rdbms.SQLController.processStatementsForConnection(SQLController.java:643)
	at org.datanucleus.store.rdbms.SQLController$1.transactionFlushed(SQLController.java:729)
	at org.datanucleus.store.connection.AbstractManagedConnection.transactionFlushed(AbstractManagedConnection.java:95)
	at org.datanucleus.store.connection.ConnectionManagerImpl$2.transactionFlushed(ConnectionManagerImpl.java:528)
	at org.datanucleus.TransactionImpl.flush(TransactionImpl.java:222)
	at org.datanucleus.ExecutionContextImpl.flushInternal(ExecutionContextImpl.java:4068)
	at org.datanucleus.ExecutionContextThreadedImpl.flushInternal(ExecutionContextThreadedImpl.java:448)
	at org.datanucleus.ExecutionContextImpl.flush(ExecutionContextImpl.java:4009)
	at org.datanucleus.ExecutionContextThreadedImpl.flush(ExecutionContextThreadedImpl.java:434)
	at org.datanucleus.api.jdo.JDOPersistenceManager.flush(JDOPersistenceManager.java:2064)
	at org.apache.hadoop.hive.metastore.ObjectStore.addNotificationEvent(ObjectStore.java:11639)
	at sun.reflect.GeneratedMethodAccessor68.invoke(Unknown Source)
	at sun.reflect.DelegatingMethodAccessorImpl.invoke(DelegatingMethodAccessorImpl.java:43)
	at java.lang.reflect.Method.invoke(Method.java:498)
	at org.apache.hadoop.hive.metastore.RawStoreProxy.invoke(RawStoreProxy.java:97)
	at com.sun.proxy.$Proxy32.addNotificationEvent(Unknown Source)
	at org.apache.hive.hcatalog.listener.DbNotificationListener.process(DbNotificationListener.java:1403)
	at org.apache.hive.hcatalog.listener.DbNotificationListener.onDropDatabase(DbNotificationListener.java:513)
	at org.apache.hadoop.hive.metastore.MetaStoreListenerNotifier$26.notify(MetaStoreListenerNotifier.java:99)
	at org.apache.hadoop.hive.metastore.MetaStoreListenerNotifier.notifyEvent(MetaStoreListenerNotifier.java:339)
	at org.apache.hadoop.hive.metastore.HMSHandler.drop_database_core(HMSHandler.java:1785)
	at org.apache.hadoop.hive.metastore.HMSHandler.drop_database(HMSHandler.java:1869)
	at sun.reflect.GeneratedMethodAccessor288.invoke(Unknown Source)
	at sun.reflect.DelegatingMethodAccessorImpl.invoke(DelegatingMethodAccessorImpl.java:43)
	at java.lang.reflect.Method.invoke(Method.java:498)
	at org.apache.hadoop.hive.metastore.RetryingHMSHandler.invokeInternal(RetryingHMSHandler.java:147)
	at org.apache.hadoop.hive.metastore.RetryingHMSHandler.invoke(RetryingHMSHandler.java:108)
	at com.sun.proxy.$Proxy34.drop_database(Unknown Source)
	at org.apache.hadoop.hive.metastore.api.ThriftHiveMetastore$Processor$drop_database.getResult(ThriftHiveMetastore.java:18285)
	at org.apache.hadoop.hive.metastore.api.ThriftHiveMetastore$Processor$drop_database.getResult(ThriftHiveMetastore.java:18264)
	at org.apache.thrift.ProcessFunction.process(ProcessFunction.java:38)
	at org.apache.hadoop.hive.metastore.TUGIBasedProcessor$1.run(TUGIBasedProcessor.java:111)
	at org.apache.hadoop.hive.metastore.TUGIBasedProcessor$1.run(TUGIBasedProcessor.java:107)
	at java.security.AccessController.doPrivileged(Native Method)
	at javax.security.auth.Subject.doAs(Subject.java:422)
	at org.apache.hadoop.security.UserGroupInformation.doAs(UserGroupInformation.java:1682)
	at org.apache.hadoop.hive.metastore.TUGIBasedProcessor.process(TUGIBasedProcessor.java:119)
	at org.apache.thrift.server.TThreadPoolServer$WorkerProcess.run(TThreadPoolServer.java:248)
	at java.util.concurrent.ThreadPoolExecutor.runWorker(ThreadPoolExecutor.java:1149)
	at java.util.concurrent.ThreadPoolExecutor$Worker.run(ThreadPoolExecutor.java:624)
	at java.lang.Thread.run(Thread.java:750)
Caused by: org.apache.derby.shared.common.error.DerbySQLIntegrityConstraintViolationException: DELETE on table 'DBS' caused a violation of foreign key constraint 'TBLS_FK1' for key (11).  The statement has been rolled back.
	at org.apache.derby.impl.jdbc.SQLExceptionFactory.getSQLException(Unknown Source)
	at org.apache.derby.impl.jdbc.Util.generateCsSQLException(Unknown Source)
	at org.apache.derby.impl.jdbc.TransactionResourceImpl.wrapInSQLException(Unknown Source)
	at org.apache.derby.impl.jdbc.TransactionResourceImpl.handleException(Unknown Source)
	at org.apache.derby.impl.jdbc.EmbedConnection.handleException(Unknown Source)
	at org.apache.derby.impl.jdbc.ConnectionChild.handleException(Unknown Source)
	at org.apache.derby.impl.jdbc.EmbedStatement.executeStatement(Unknown Source)
	at org.apache.derby.impl.jdbc.EmbedPreparedStatement.executeBatchElement(Unknown Source)
	... 47 more
Caused by: ERROR 23503: DELETE on table 'DBS' caused a violation of foreign key constraint 'TBLS_FK1' for key (11).  The statement has been rolled back.
	at org.apache.derby.iapi.error.StandardException.newException(Unknown Source)
	at org.apache.derby.iapi.error.StandardException.newException(Unknown Source)
	at org.apache.derby.impl.sql.execute.ReferencedKeyRIChecker.doCheck(Unknown Source)
	at org.apache.derby.impl.sql.execute.RISetChecker.doPKCheck(Unknown Source)
	at org.apache.derby.impl.sql.execute.DeleteResultSet.collectAffectedRows(Unknown Source)
	at org.apache.derby.impl.sql.execute.DeleteResultSet.open(Unknown Source)
	at org.apache.derby.impl.sql.GenericPreparedStatement.executeStmt(Unknown Source)
	at org.apache.derby.impl.sql.GenericPreparedStatement.execute(Unknown Source)
	... 49 more

2024-04-24T12:16:19,019  INFO [TThreadPoolServer WorkerProcess-%d] HiveMetaStore.audit: ugi=alex	ip=127.0.0.1	cmd=source:127.0.0.1 drop_database: @hive#myDb	
2024-04-24T12:16:19,022  INFO [TThreadPoolServer WorkerProcess-%d] HiveMetaStore.audit: ugi=alex	ip=127.0.0.1	cmd=source:127.0.0.1 get_all_tables: db=@hive#myDb	
2024-04-24T12:16:19,023  INFO [TThreadPoolServer WorkerProcess-%d] HiveMetaStore.audit: ugi=alex	ip=127.0.0.1	cmd=source:127.0.0.1 get_functions: db=@hive#myDb pat=*	
2024-04-24T12:16:19,025  INFO [TThreadPoolServer WorkerProcess-%d] HiveMetaStore.audit: ugi=alex	ip=127.0.0.1	cmd=source:127.0.0.1 get_all_stored_procedures	
2024-04-24T12:16:19,026  INFO [TThreadPoolServer WorkerProcess-%d] HiveMetaStore.audit: ugi=alex	ip=127.0.0.1	cmd=source:127.0.0.1 get_all_packages	
2024-04-24T12:16:19,027  INFO [TThreadPoolServer WorkerProcess-%d] HiveMetaStore.audit: ugi=alex	ip=127.0.0.1	cmd=source:127.0.0.1 getTablesByTypeCore: catName=hive: db=myDb pat=.*,type=MATERIALIZED_VIEW	
2024-04-24T12:16:19,028  INFO [TThreadPoolServer WorkerProcess-%d] metastore.ObjectStore: Dropping database hive.myDb along with all tables
2024-04-24T12:16:19,031 ERROR [TThreadPoolServer WorkerProcess-%d] metastore.RetryingHMSHandler: Retrying HMSHandler after 2000 ms (attempt 7 of 10) with error: javax.jdo.JDODataStoreException: Exception thrown flushing changes to datastore
	at org.datanucleus.api.jdo.NucleusJDOHelper.getJDOExceptionForNucleusException(NucleusJDOHelper.java:542)
	at org.datanucleus.api.jdo.JDOPersistenceManager.flush(JDOPersistenceManager.java:2081)
	at org.apache.hadoop.hive.metastore.ObjectStore.addNotificationEvent(ObjectStore.java:11639)
	at sun.reflect.GeneratedMethodAccessor68.invoke(Unknown Source)
	at sun.reflect.DelegatingMethodAccessorImpl.invoke(DelegatingMethodAccessorImpl.java:43)
	at java.lang.reflect.Method.invoke(Method.java:498)
	at org.apache.hadoop.hive.metastore.RawStoreProxy.invoke(RawStoreProxy.java:97)
	at com.sun.proxy.$Proxy32.addNotificationEvent(Unknown Source)
	at org.apache.hive.hcatalog.listener.DbNotificationListener.process(DbNotificationListener.java:1403)
	at org.apache.hive.hcatalog.listener.DbNotificationListener.onDropDatabase(DbNotificationListener.java:513)
	at org.apache.hadoop.hive.metastore.MetaStoreListenerNotifier$26.notify(MetaStoreListenerNotifier.java:99)
	at org.apache.hadoop.hive.metastore.MetaStoreListenerNotifier.notifyEvent(MetaStoreListenerNotifier.java:339)
	at org.apache.hadoop.hive.metastore.HMSHandler.drop_database_core(HMSHandler.java:1785)
	at org.apache.hadoop.hive.metastore.HMSHandler.drop_database(HMSHandler.java:1869)
	at sun.reflect.GeneratedMethodAccessor288.invoke(Unknown Source)
	at sun.reflect.DelegatingMethodAccessorImpl.invoke(DelegatingMethodAccessorImpl.java:43)
	at java.lang.reflect.Method.invoke(Method.java:498)
	at org.apache.hadoop.hive.metastore.RetryingHMSHandler.invokeInternal(RetryingHMSHandler.java:147)
	at org.apache.hadoop.hive.metastore.RetryingHMSHandler.invoke(RetryingHMSHandler.java:108)
	at com.sun.proxy.$Proxy34.drop_database(Unknown Source)
	at org.apache.hadoop.hive.metastore.api.ThriftHiveMetastore$Processor$drop_database.getResult(ThriftHiveMetastore.java:18285)
	at org.apache.hadoop.hive.metastore.api.ThriftHiveMetastore$Processor$drop_database.getResult(ThriftHiveMetastore.java:18264)
	at org.apache.thrift.ProcessFunction.process(ProcessFunction.java:38)
	at org.apache.hadoop.hive.metastore.TUGIBasedProcessor$1.run(TUGIBasedProcessor.java:111)
	at org.apache.hadoop.hive.metastore.TUGIBasedProcessor$1.run(TUGIBasedProcessor.java:107)
	at java.security.AccessController.doPrivileged(Native Method)
	at javax.security.auth.Subject.doAs(Subject.java:422)
	at org.apache.hadoop.security.UserGroupInformation.doAs(UserGroupInformation.java:1682)
	at org.apache.hadoop.hive.metastore.TUGIBasedProcessor.process(TUGIBasedProcessor.java:119)
	at org.apache.thrift.server.TThreadPoolServer$WorkerProcess.run(TThreadPoolServer.java:248)
	at java.util.concurrent.ThreadPoolExecutor.runWorker(ThreadPoolExecutor.java:1149)
	at java.util.concurrent.ThreadPoolExecutor$Worker.run(ThreadPoolExecutor.java:624)
	at java.lang.Thread.run(Thread.java:750)
NestedThrowablesStackTrace:
java.sql.BatchUpdateException: DELETE on table 'DBS' caused a violation of foreign key constraint 'TBLS_FK1' for key (11).  The statement has been rolled back.
	at org.apache.derby.impl.jdbc.EmbedStatement.executeLargeBatch(Unknown Source)
	at org.apache.derby.impl.jdbc.EmbedStatement.executeBatch(Unknown Source)
	at com.zaxxer.hikari.pool.ProxyStatement.executeBatch(ProxyStatement.java:128)
	at com.zaxxer.hikari.pool.HikariProxyPreparedStatement.executeBatch(HikariProxyPreparedStatement.java)
	at org.datanucleus.store.rdbms.ParamLoggingPreparedStatement.executeBatch(ParamLoggingPreparedStatement.java:366)
	at org.datanucleus.store.rdbms.SQLController.processConnectionStatement(SQLController.java:675)
	at org.datanucleus.store.rdbms.SQLController.processStatementsForConnection(SQLController.java:643)
	at org.datanucleus.store.rdbms.SQLController$1.transactionFlushed(SQLController.java:729)
	at org.datanucleus.store.connection.AbstractManagedConnection.transactionFlushed(AbstractManagedConnection.java:95)
	at org.datanucleus.store.connection.ConnectionManagerImpl$2.transactionFlushed(ConnectionManagerImpl.java:528)
	at org.datanucleus.TransactionImpl.flush(TransactionImpl.java:222)
	at org.datanucleus.ExecutionContextImpl.flushInternal(ExecutionContextImpl.java:4068)
	at org.datanucleus.ExecutionContextThreadedImpl.flushInternal(ExecutionContextThreadedImpl.java:448)
	at org.datanucleus.ExecutionContextImpl.flush(ExecutionContextImpl.java:4009)
	at org.datanucleus.ExecutionContextThreadedImpl.flush(ExecutionContextThreadedImpl.java:434)
	at org.datanucleus.api.jdo.JDOPersistenceManager.flush(JDOPersistenceManager.java:2064)
	at org.apache.hadoop.hive.metastore.ObjectStore.addNotificationEvent(ObjectStore.java:11639)
	at sun.reflect.GeneratedMethodAccessor68.invoke(Unknown Source)
	at sun.reflect.DelegatingMethodAccessorImpl.invoke(DelegatingMethodAccessorImpl.java:43)
	at java.lang.reflect.Method.invoke(Method.java:498)
	at org.apache.hadoop.hive.metastore.RawStoreProxy.invoke(RawStoreProxy.java:97)
	at com.sun.proxy.$Proxy32.addNotificationEvent(Unknown Source)
	at org.apache.hive.hcatalog.listener.DbNotificationListener.process(DbNotificationListener.java:1403)
	at org.apache.hive.hcatalog.listener.DbNotificationListener.onDropDatabase(DbNotificationListener.java:513)
	at org.apache.hadoop.hive.metastore.MetaStoreListenerNotifier$26.notify(MetaStoreListenerNotifier.java:99)
	at org.apache.hadoop.hive.metastore.MetaStoreListenerNotifier.notifyEvent(MetaStoreListenerNotifier.java:339)
	at org.apache.hadoop.hive.metastore.HMSHandler.drop_database_core(HMSHandler.java:1785)
	at org.apache.hadoop.hive.metastore.HMSHandler.drop_database(HMSHandler.java:1869)
	at sun.reflect.GeneratedMethodAccessor288.invoke(Unknown Source)
	at sun.reflect.DelegatingMethodAccessorImpl.invoke(DelegatingMethodAccessorImpl.java:43)
	at java.lang.reflect.Method.invoke(Method.java:498)
	at org.apache.hadoop.hive.metastore.RetryingHMSHandler.invokeInternal(RetryingHMSHandler.java:147)
	at org.apache.hadoop.hive.metastore.RetryingHMSHandler.invoke(RetryingHMSHandler.java:108)
	at com.sun.proxy.$Proxy34.drop_database(Unknown Source)
	at org.apache.hadoop.hive.metastore.api.ThriftHiveMetastore$Processor$drop_database.getResult(ThriftHiveMetastore.java:18285)
	at org.apache.hadoop.hive.metastore.api.ThriftHiveMetastore$Processor$drop_database.getResult(ThriftHiveMetastore.java:18264)
	at org.apache.thrift.ProcessFunction.process(ProcessFunction.java:38)
	at org.apache.hadoop.hive.metastore.TUGIBasedProcessor$1.run(TUGIBasedProcessor.java:111)
	at org.apache.hadoop.hive.metastore.TUGIBasedProcessor$1.run(TUGIBasedProcessor.java:107)
	at java.security.AccessController.doPrivileged(Native Method)
	at javax.security.auth.Subject.doAs(Subject.java:422)
	at org.apache.hadoop.security.UserGroupInformation.doAs(UserGroupInformation.java:1682)
	at org.apache.hadoop.hive.metastore.TUGIBasedProcessor.process(TUGIBasedProcessor.java:119)
	at org.apache.thrift.server.TThreadPoolServer$WorkerProcess.run(TThreadPoolServer.java:248)
	at java.util.concurrent.ThreadPoolExecutor.runWorker(ThreadPoolExecutor.java:1149)
	at java.util.concurrent.ThreadPoolExecutor$Worker.run(ThreadPoolExecutor.java:624)
	at java.lang.Thread.run(Thread.java:750)
Caused by: org.apache.derby.shared.common.error.DerbySQLIntegrityConstraintViolationException: DELETE on table 'DBS' caused a violation of foreign key constraint 'TBLS_FK1' for key (11).  The statement has been rolled back.
	at org.apache.derby.impl.jdbc.SQLExceptionFactory.getSQLException(Unknown Source)
	at org.apache.derby.impl.jdbc.Util.generateCsSQLException(Unknown Source)
	at org.apache.derby.impl.jdbc.TransactionResourceImpl.wrapInSQLException(Unknown Source)
	at org.apache.derby.impl.jdbc.TransactionResourceImpl.handleException(Unknown Source)
	at org.apache.derby.impl.jdbc.EmbedConnection.handleException(Unknown Source)
	at org.apache.derby.impl.jdbc.ConnectionChild.handleException(Unknown Source)
	at org.apache.derby.impl.jdbc.EmbedStatement.executeStatement(Unknown Source)
	at org.apache.derby.impl.jdbc.EmbedPreparedStatement.executeBatchElement(Unknown Source)
	... 47 more
Caused by: ERROR 23503: DELETE on table 'DBS' caused a violation of foreign key constraint 'TBLS_FK1' for key (11).  The statement has been rolled back.
	at org.apache.derby.iapi.error.StandardException.newException(Unknown Source)
	at org.apache.derby.iapi.error.StandardException.newException(Unknown Source)
	at org.apache.derby.impl.sql.execute.ReferencedKeyRIChecker.doCheck(Unknown Source)
	at org.apache.derby.impl.sql.execute.RISetChecker.doPKCheck(Unknown Source)
	at org.apache.derby.impl.sql.execute.DeleteResultSet.collectAffectedRows(Unknown Source)
	at org.apache.derby.impl.sql.execute.DeleteResultSet.open(Unknown Source)
	at org.apache.derby.impl.sql.GenericPreparedStatement.executeStmt(Unknown Source)
	at org.apache.derby.impl.sql.GenericPreparedStatement.execute(Unknown Source)
	... 49 more

2024-04-24T12:16:21,032  INFO [TThreadPoolServer WorkerProcess-%d] HiveMetaStore.audit: ugi=alex	ip=127.0.0.1	cmd=source:127.0.0.1 drop_database: @hive#myDb	
2024-04-24T12:16:21,034  INFO [TThreadPoolServer WorkerProcess-%d] HiveMetaStore.audit: ugi=alex	ip=127.0.0.1	cmd=source:127.0.0.1 get_all_tables: db=@hive#myDb	
2024-04-24T12:16:21,036  INFO [TThreadPoolServer WorkerProcess-%d] HiveMetaStore.audit: ugi=alex	ip=127.0.0.1	cmd=source:127.0.0.1 get_functions: db=@hive#myDb pat=*	
2024-04-24T12:16:21,038  INFO [TThreadPoolServer WorkerProcess-%d] HiveMetaStore.audit: ugi=alex	ip=127.0.0.1	cmd=source:127.0.0.1 get_all_stored_procedures	
2024-04-24T12:16:21,038  INFO [TThreadPoolServer WorkerProcess-%d] HiveMetaStore.audit: ugi=alex	ip=127.0.0.1	cmd=source:127.0.0.1 get_all_packages	
2024-04-24T12:16:21,039  INFO [TThreadPoolServer WorkerProcess-%d] HiveMetaStore.audit: ugi=alex	ip=127.0.0.1	cmd=source:127.0.0.1 getTablesByTypeCore: catName=hive: db=myDb pat=.*,type=MATERIALIZED_VIEW	
2024-04-24T12:16:21,041  INFO [TThreadPoolServer WorkerProcess-%d] metastore.ObjectStore: Dropping database hive.myDb along with all tables
2024-04-24T12:16:21,044 ERROR [TThreadPoolServer WorkerProcess-%d] metastore.RetryingHMSHandler: Retrying HMSHandler after 2000 ms (attempt 8 of 10) with error: javax.jdo.JDODataStoreException: Exception thrown flushing changes to datastore
	at org.datanucleus.api.jdo.NucleusJDOHelper.getJDOExceptionForNucleusException(NucleusJDOHelper.java:542)
	at org.datanucleus.api.jdo.JDOPersistenceManager.flush(JDOPersistenceManager.java:2081)
	at org.apache.hadoop.hive.metastore.ObjectStore.addNotificationEvent(ObjectStore.java:11639)
	at sun.reflect.GeneratedMethodAccessor68.invoke(Unknown Source)
	at sun.reflect.DelegatingMethodAccessorImpl.invoke(DelegatingMethodAccessorImpl.java:43)
	at java.lang.reflect.Method.invoke(Method.java:498)
	at org.apache.hadoop.hive.metastore.RawStoreProxy.invoke(RawStoreProxy.java:97)
	at com.sun.proxy.$Proxy32.addNotificationEvent(Unknown Source)
	at org.apache.hive.hcatalog.listener.DbNotificationListener.process(DbNotificationListener.java:1403)
	at org.apache.hive.hcatalog.listener.DbNotificationListener.onDropDatabase(DbNotificationListener.java:513)
	at org.apache.hadoop.hive.metastore.MetaStoreListenerNotifier$26.notify(MetaStoreListenerNotifier.java:99)
	at org.apache.hadoop.hive.metastore.MetaStoreListenerNotifier.notifyEvent(MetaStoreListenerNotifier.java:339)
	at org.apache.hadoop.hive.metastore.HMSHandler.drop_database_core(HMSHandler.java:1785)
	at org.apache.hadoop.hive.metastore.HMSHandler.drop_database(HMSHandler.java:1869)
	at sun.reflect.GeneratedMethodAccessor288.invoke(Unknown Source)
	at sun.reflect.DelegatingMethodAccessorImpl.invoke(DelegatingMethodAccessorImpl.java:43)
	at java.lang.reflect.Method.invoke(Method.java:498)
	at org.apache.hadoop.hive.metastore.RetryingHMSHandler.invokeInternal(RetryingHMSHandler.java:147)
	at org.apache.hadoop.hive.metastore.RetryingHMSHandler.invoke(RetryingHMSHandler.java:108)
	at com.sun.proxy.$Proxy34.drop_database(Unknown Source)
	at org.apache.hadoop.hive.metastore.api.ThriftHiveMetastore$Processor$drop_database.getResult(ThriftHiveMetastore.java:18285)
	at org.apache.hadoop.hive.metastore.api.ThriftHiveMetastore$Processor$drop_database.getResult(ThriftHiveMetastore.java:18264)
	at org.apache.thrift.ProcessFunction.process(ProcessFunction.java:38)
	at org.apache.hadoop.hive.metastore.TUGIBasedProcessor$1.run(TUGIBasedProcessor.java:111)
	at org.apache.hadoop.hive.metastore.TUGIBasedProcessor$1.run(TUGIBasedProcessor.java:107)
	at java.security.AccessController.doPrivileged(Native Method)
	at javax.security.auth.Subject.doAs(Subject.java:422)
	at org.apache.hadoop.security.UserGroupInformation.doAs(UserGroupInformation.java:1682)
	at org.apache.hadoop.hive.metastore.TUGIBasedProcessor.process(TUGIBasedProcessor.java:119)
	at org.apache.thrift.server.TThreadPoolServer$WorkerProcess.run(TThreadPoolServer.java:248)
	at java.util.concurrent.ThreadPoolExecutor.runWorker(ThreadPoolExecutor.java:1149)
	at java.util.concurrent.ThreadPoolExecutor$Worker.run(ThreadPoolExecutor.java:624)
	at java.lang.Thread.run(Thread.java:750)
NestedThrowablesStackTrace:
java.sql.BatchUpdateException: DELETE on table 'DBS' caused a violation of foreign key constraint 'TBLS_FK1' for key (11).  The statement has been rolled back.
	at org.apache.derby.impl.jdbc.EmbedStatement.executeLargeBatch(Unknown Source)
	at org.apache.derby.impl.jdbc.EmbedStatement.executeBatch(Unknown Source)
	at com.zaxxer.hikari.pool.ProxyStatement.executeBatch(ProxyStatement.java:128)
	at com.zaxxer.hikari.pool.HikariProxyPreparedStatement.executeBatch(HikariProxyPreparedStatement.java)
	at org.datanucleus.store.rdbms.ParamLoggingPreparedStatement.executeBatch(ParamLoggingPreparedStatement.java:366)
	at org.datanucleus.store.rdbms.SQLController.processConnectionStatement(SQLController.java:675)
	at org.datanucleus.store.rdbms.SQLController.processStatementsForConnection(SQLController.java:643)
	at org.datanucleus.store.rdbms.SQLController$1.transactionFlushed(SQLController.java:729)
	at org.datanucleus.store.connection.AbstractManagedConnection.transactionFlushed(AbstractManagedConnection.java:95)
	at org.datanucleus.store.connection.ConnectionManagerImpl$2.transactionFlushed(ConnectionManagerImpl.java:528)
	at org.datanucleus.TransactionImpl.flush(TransactionImpl.java:222)
	at org.datanucleus.ExecutionContextImpl.flushInternal(ExecutionContextImpl.java:4068)
	at org.datanucleus.ExecutionContextThreadedImpl.flushInternal(ExecutionContextThreadedImpl.java:448)
	at org.datanucleus.ExecutionContextImpl.flush(ExecutionContextImpl.java:4009)
	at org.datanucleus.ExecutionContextThreadedImpl.flush(ExecutionContextThreadedImpl.java:434)
	at org.datanucleus.api.jdo.JDOPersistenceManager.flush(JDOPersistenceManager.java:2064)
	at org.apache.hadoop.hive.metastore.ObjectStore.addNotificationEvent(ObjectStore.java:11639)
	at sun.reflect.GeneratedMethodAccessor68.invoke(Unknown Source)
	at sun.reflect.DelegatingMethodAccessorImpl.invoke(DelegatingMethodAccessorImpl.java:43)
	at java.lang.reflect.Method.invoke(Method.java:498)
	at org.apache.hadoop.hive.metastore.RawStoreProxy.invoke(RawStoreProxy.java:97)
	at com.sun.proxy.$Proxy32.addNotificationEvent(Unknown Source)
	at org.apache.hive.hcatalog.listener.DbNotificationListener.process(DbNotificationListener.java:1403)
	at org.apache.hive.hcatalog.listener.DbNotificationListener.onDropDatabase(DbNotificationListener.java:513)
	at org.apache.hadoop.hive.metastore.MetaStoreListenerNotifier$26.notify(MetaStoreListenerNotifier.java:99)
	at org.apache.hadoop.hive.metastore.MetaStoreListenerNotifier.notifyEvent(MetaStoreListenerNotifier.java:339)
	at org.apache.hadoop.hive.metastore.HMSHandler.drop_database_core(HMSHandler.java:1785)
	at org.apache.hadoop.hive.metastore.HMSHandler.drop_database(HMSHandler.java:1869)
	at sun.reflect.GeneratedMethodAccessor288.invoke(Unknown Source)
	at sun.reflect.DelegatingMethodAccessorImpl.invoke(DelegatingMethodAccessorImpl.java:43)
	at java.lang.reflect.Method.invoke(Method.java:498)
	at org.apache.hadoop.hive.metastore.RetryingHMSHandler.invokeInternal(RetryingHMSHandler.java:147)
	at org.apache.hadoop.hive.metastore.RetryingHMSHandler.invoke(RetryingHMSHandler.java:108)
	at com.sun.proxy.$Proxy34.drop_database(Unknown Source)
	at org.apache.hadoop.hive.metastore.api.ThriftHiveMetastore$Processor$drop_database.getResult(ThriftHiveMetastore.java:18285)
	at org.apache.hadoop.hive.metastore.api.ThriftHiveMetastore$Processor$drop_database.getResult(ThriftHiveMetastore.java:18264)
	at org.apache.thrift.ProcessFunction.process(ProcessFunction.java:38)
	at org.apache.hadoop.hive.metastore.TUGIBasedProcessor$1.run(TUGIBasedProcessor.java:111)
	at org.apache.hadoop.hive.metastore.TUGIBasedProcessor$1.run(TUGIBasedProcessor.java:107)
	at java.security.AccessController.doPrivileged(Native Method)
	at javax.security.auth.Subject.doAs(Subject.java:422)
	at org.apache.hadoop.security.UserGroupInformation.doAs(UserGroupInformation.java:1682)
	at org.apache.hadoop.hive.metastore.TUGIBasedProcessor.process(TUGIBasedProcessor.java:119)
	at org.apache.thrift.server.TThreadPoolServer$WorkerProcess.run(TThreadPoolServer.java:248)
	at java.util.concurrent.ThreadPoolExecutor.runWorker(ThreadPoolExecutor.java:1149)
	at java.util.concurrent.ThreadPoolExecutor$Worker.run(ThreadPoolExecutor.java:624)
	at java.lang.Thread.run(Thread.java:750)
Caused by: org.apache.derby.shared.common.error.DerbySQLIntegrityConstraintViolationException: DELETE on table 'DBS' caused a violation of foreign key constraint 'TBLS_FK1' for key (11).  The statement has been rolled back.
	at org.apache.derby.impl.jdbc.SQLExceptionFactory.getSQLException(Unknown Source)
	at org.apache.derby.impl.jdbc.Util.generateCsSQLException(Unknown Source)
	at org.apache.derby.impl.jdbc.TransactionResourceImpl.wrapInSQLException(Unknown Source)
	at org.apache.derby.impl.jdbc.TransactionResourceImpl.handleException(Unknown Source)
	at org.apache.derby.impl.jdbc.EmbedConnection.handleException(Unknown Source)
	at org.apache.derby.impl.jdbc.ConnectionChild.handleException(Unknown Source)
	at org.apache.derby.impl.jdbc.EmbedStatement.executeStatement(Unknown Source)
	at org.apache.derby.impl.jdbc.EmbedPreparedStatement.executeBatchElement(Unknown Source)
	... 47 more
Caused by: ERROR 23503: DELETE on table 'DBS' caused a violation of foreign key constraint 'TBLS_FK1' for key (11).  The statement has been rolled back.
	at org.apache.derby.iapi.error.StandardException.newException(Unknown Source)
	at org.apache.derby.iapi.error.StandardException.newException(Unknown Source)
	at org.apache.derby.impl.sql.execute.ReferencedKeyRIChecker.doCheck(Unknown Source)
	at org.apache.derby.impl.sql.execute.RISetChecker.doPKCheck(Unknown Source)
	at org.apache.derby.impl.sql.execute.DeleteResultSet.collectAffectedRows(Unknown Source)
	at org.apache.derby.impl.sql.execute.DeleteResultSet.open(Unknown Source)
	at org.apache.derby.impl.sql.GenericPreparedStatement.executeStmt(Unknown Source)
	at org.apache.derby.impl.sql.GenericPreparedStatement.execute(Unknown Source)
	... 49 more

2024-04-24T12:16:23,044  INFO [TThreadPoolServer WorkerProcess-%d] HiveMetaStore.audit: ugi=alex	ip=127.0.0.1	cmd=source:127.0.0.1 drop_database: @hive#myDb	
2024-04-24T12:16:23,047  INFO [TThreadPoolServer WorkerProcess-%d] HiveMetaStore.audit: ugi=alex	ip=127.0.0.1	cmd=source:127.0.0.1 get_all_tables: db=@hive#myDb	
2024-04-24T12:16:23,048  INFO [TThreadPoolServer WorkerProcess-%d] HiveMetaStore.audit: ugi=alex	ip=127.0.0.1	cmd=source:127.0.0.1 get_functions: db=@hive#myDb pat=*	
2024-04-24T12:16:23,050  INFO [TThreadPoolServer WorkerProcess-%d] HiveMetaStore.audit: ugi=alex	ip=127.0.0.1	cmd=source:127.0.0.1 get_all_stored_procedures	
2024-04-24T12:16:23,050  INFO [TThreadPoolServer WorkerProcess-%d] HiveMetaStore.audit: ugi=alex	ip=127.0.0.1	cmd=source:127.0.0.1 get_all_packages	
2024-04-24T12:16:23,051  INFO [TThreadPoolServer WorkerProcess-%d] HiveMetaStore.audit: ugi=alex	ip=127.0.0.1	cmd=source:127.0.0.1 getTablesByTypeCore: catName=hive: db=myDb pat=.*,type=MATERIALIZED_VIEW	
2024-04-24T12:16:23,052  INFO [TThreadPoolServer WorkerProcess-%d] metastore.ObjectStore: Dropping database hive.myDb along with all tables
2024-04-24T12:16:23,055 ERROR [TThreadPoolServer WorkerProcess-%d] metastore.RetryingHMSHandler: Retrying HMSHandler after 2000 ms (attempt 9 of 10) with error: javax.jdo.JDODataStoreException: Exception thrown flushing changes to datastore
	at org.datanucleus.api.jdo.NucleusJDOHelper.getJDOExceptionForNucleusException(NucleusJDOHelper.java:542)
	at org.datanucleus.api.jdo.JDOPersistenceManager.flush(JDOPersistenceManager.java:2081)
	at org.apache.hadoop.hive.metastore.ObjectStore.addNotificationEvent(ObjectStore.java:11639)
	at sun.reflect.GeneratedMethodAccessor68.invoke(Unknown Source)
	at sun.reflect.DelegatingMethodAccessorImpl.invoke(DelegatingMethodAccessorImpl.java:43)
	at java.lang.reflect.Method.invoke(Method.java:498)
	at org.apache.hadoop.hive.metastore.RawStoreProxy.invoke(RawStoreProxy.java:97)
	at com.sun.proxy.$Proxy32.addNotificationEvent(Unknown Source)
	at org.apache.hive.hcatalog.listener.DbNotificationListener.process(DbNotificationListener.java:1403)
	at org.apache.hive.hcatalog.listener.DbNotificationListener.onDropDatabase(DbNotificationListener.java:513)
	at org.apache.hadoop.hive.metastore.MetaStoreListenerNotifier$26.notify(MetaStoreListenerNotifier.java:99)
	at org.apache.hadoop.hive.metastore.MetaStoreListenerNotifier.notifyEvent(MetaStoreListenerNotifier.java:339)
	at org.apache.hadoop.hive.metastore.HMSHandler.drop_database_core(HMSHandler.java:1785)
	at org.apache.hadoop.hive.metastore.HMSHandler.drop_database(HMSHandler.java:1869)
	at sun.reflect.GeneratedMethodAccessor288.invoke(Unknown Source)
	at sun.reflect.DelegatingMethodAccessorImpl.invoke(DelegatingMethodAccessorImpl.java:43)
	at java.lang.reflect.Method.invoke(Method.java:498)
	at org.apache.hadoop.hive.metastore.RetryingHMSHandler.invokeInternal(RetryingHMSHandler.java:147)
	at org.apache.hadoop.hive.metastore.RetryingHMSHandler.invoke(RetryingHMSHandler.java:108)
	at com.sun.proxy.$Proxy34.drop_database(Unknown Source)
	at org.apache.hadoop.hive.metastore.api.ThriftHiveMetastore$Processor$drop_database.getResult(ThriftHiveMetastore.java:18285)
	at org.apache.hadoop.hive.metastore.api.ThriftHiveMetastore$Processor$drop_database.getResult(ThriftHiveMetastore.java:18264)
	at org.apache.thrift.ProcessFunction.process(ProcessFunction.java:38)
	at org.apache.hadoop.hive.metastore.TUGIBasedProcessor$1.run(TUGIBasedProcessor.java:111)
	at org.apache.hadoop.hive.metastore.TUGIBasedProcessor$1.run(TUGIBasedProcessor.java:107)
	at java.security.AccessController.doPrivileged(Native Method)
	at javax.security.auth.Subject.doAs(Subject.java:422)
	at org.apache.hadoop.security.UserGroupInformation.doAs(UserGroupInformation.java:1682)
	at org.apache.hadoop.hive.metastore.TUGIBasedProcessor.process(TUGIBasedProcessor.java:119)
	at org.apache.thrift.server.TThreadPoolServer$WorkerProcess.run(TThreadPoolServer.java:248)
	at java.util.concurrent.ThreadPoolExecutor.runWorker(ThreadPoolExecutor.java:1149)
	at java.util.concurrent.ThreadPoolExecutor$Worker.run(ThreadPoolExecutor.java:624)
	at java.lang.Thread.run(Thread.java:750)
NestedThrowablesStackTrace:
java.sql.BatchUpdateException: DELETE on table 'DBS' caused a violation of foreign key constraint 'TBLS_FK1' for key (11).  The statement has been rolled back.
	at org.apache.derby.impl.jdbc.EmbedStatement.executeLargeBatch(Unknown Source)
	at org.apache.derby.impl.jdbc.EmbedStatement.executeBatch(Unknown Source)
	at com.zaxxer.hikari.pool.ProxyStatement.executeBatch(ProxyStatement.java:128)
	at com.zaxxer.hikari.pool.HikariProxyPreparedStatement.executeBatch(HikariProxyPreparedStatement.java)
	at org.datanucleus.store.rdbms.ParamLoggingPreparedStatement.executeBatch(ParamLoggingPreparedStatement.java:366)
	at org.datanucleus.store.rdbms.SQLController.processConnectionStatement(SQLController.java:675)
	at org.datanucleus.store.rdbms.SQLController.processStatementsForConnection(SQLController.java:643)
	at org.datanucleus.store.rdbms.SQLController$1.transactionFlushed(SQLController.java:729)
	at org.datanucleus.store.connection.AbstractManagedConnection.transactionFlushed(AbstractManagedConnection.java:95)
	at org.datanucleus.store.connection.ConnectionManagerImpl$2.transactionFlushed(ConnectionManagerImpl.java:528)
	at org.datanucleus.TransactionImpl.flush(TransactionImpl.java:222)
	at org.datanucleus.ExecutionContextImpl.flushInternal(ExecutionContextImpl.java:4068)
	at org.datanucleus.ExecutionContextThreadedImpl.flushInternal(ExecutionContextThreadedImpl.java:448)
	at org.datanucleus.ExecutionContextImpl.flush(ExecutionContextImpl.java:4009)
	at org.datanucleus.ExecutionContextThreadedImpl.flush(ExecutionContextThreadedImpl.java:434)
	at org.datanucleus.api.jdo.JDOPersistenceManager.flush(JDOPersistenceManager.java:2064)
	at org.apache.hadoop.hive.metastore.ObjectStore.addNotificationEvent(ObjectStore.java:11639)
	at sun.reflect.GeneratedMethodAccessor68.invoke(Unknown Source)
	at sun.reflect.DelegatingMethodAccessorImpl.invoke(DelegatingMethodAccessorImpl.java:43)
	at java.lang.reflect.Method.invoke(Method.java:498)
	at org.apache.hadoop.hive.metastore.RawStoreProxy.invoke(RawStoreProxy.java:97)
	at com.sun.proxy.$Proxy32.addNotificationEvent(Unknown Source)
	at org.apache.hive.hcatalog.listener.DbNotificationListener.process(DbNotificationListener.java:1403)
	at org.apache.hive.hcatalog.listener.DbNotificationListener.onDropDatabase(DbNotificationListener.java:513)
	at org.apache.hadoop.hive.metastore.MetaStoreListenerNotifier$26.notify(MetaStoreListenerNotifier.java:99)
	at org.apache.hadoop.hive.metastore.MetaStoreListenerNotifier.notifyEvent(MetaStoreListenerNotifier.java:339)
	at org.apache.hadoop.hive.metastore.HMSHandler.drop_database_core(HMSHandler.java:1785)
	at org.apache.hadoop.hive.metastore.HMSHandler.drop_database(HMSHandler.java:1869)
	at sun.reflect.GeneratedMethodAccessor288.invoke(Unknown Source)
	at sun.reflect.DelegatingMethodAccessorImpl.invoke(DelegatingMethodAccessorImpl.java:43)
	at java.lang.reflect.Method.invoke(Method.java:498)
	at org.apache.hadoop.hive.metastore.RetryingHMSHandler.invokeInternal(RetryingHMSHandler.java:147)
	at org.apache.hadoop.hive.metastore.RetryingHMSHandler.invoke(RetryingHMSHandler.java:108)
	at com.sun.proxy.$Proxy34.drop_database(Unknown Source)
	at org.apache.hadoop.hive.metastore.api.ThriftHiveMetastore$Processor$drop_database.getResult(ThriftHiveMetastore.java:18285)
	at org.apache.hadoop.hive.metastore.api.ThriftHiveMetastore$Processor$drop_database.getResult(ThriftHiveMetastore.java:18264)
	at org.apache.thrift.ProcessFunction.process(ProcessFunction.java:38)
	at org.apache.hadoop.hive.metastore.TUGIBasedProcessor$1.run(TUGIBasedProcessor.java:111)
	at org.apache.hadoop.hive.metastore.TUGIBasedProcessor$1.run(TUGIBasedProcessor.java:107)
	at java.security.AccessController.doPrivileged(Native Method)
	at javax.security.auth.Subject.doAs(Subject.java:422)
	at org.apache.hadoop.security.UserGroupInformation.doAs(UserGroupInformation.java:1682)
	at org.apache.hadoop.hive.metastore.TUGIBasedProcessor.process(TUGIBasedProcessor.java:119)
	at org.apache.thrift.server.TThreadPoolServer$WorkerProcess.run(TThreadPoolServer.java:248)
	at java.util.concurrent.ThreadPoolExecutor.runWorker(ThreadPoolExecutor.java:1149)
	at java.util.concurrent.ThreadPoolExecutor$Worker.run(ThreadPoolExecutor.java:624)
	at java.lang.Thread.run(Thread.java:750)
Caused by: org.apache.derby.shared.common.error.DerbySQLIntegrityConstraintViolationException: DELETE on table 'DBS' caused a violation of foreign key constraint 'TBLS_FK1' for key (11).  The statement has been rolled back.
	at org.apache.derby.impl.jdbc.SQLExceptionFactory.getSQLException(Unknown Source)
	at org.apache.derby.impl.jdbc.Util.generateCsSQLException(Unknown Source)
	at org.apache.derby.impl.jdbc.TransactionResourceImpl.wrapInSQLException(Unknown Source)
	at org.apache.derby.impl.jdbc.TransactionResourceImpl.handleException(Unknown Source)
	at org.apache.derby.impl.jdbc.EmbedConnection.handleException(Unknown Source)
	at org.apache.derby.impl.jdbc.ConnectionChild.handleException(Unknown Source)
	at org.apache.derby.impl.jdbc.EmbedStatement.executeStatement(Unknown Source)
	at org.apache.derby.impl.jdbc.EmbedPreparedStatement.executeBatchElement(Unknown Source)
	... 47 more
Caused by: ERROR 23503: DELETE on table 'DBS' caused a violation of foreign key constraint 'TBLS_FK1' for key (11).  The statement has been rolled back.
	at org.apache.derby.iapi.error.StandardException.newException(Unknown Source)
	at org.apache.derby.iapi.error.StandardException.newException(Unknown Source)
	at org.apache.derby.impl.sql.execute.ReferencedKeyRIChecker.doCheck(Unknown Source)
	at org.apache.derby.impl.sql.execute.RISetChecker.doPKCheck(Unknown Source)
	at org.apache.derby.impl.sql.execute.DeleteResultSet.collectAffectedRows(Unknown Source)
	at org.apache.derby.impl.sql.execute.DeleteResultSet.open(Unknown Source)
	at org.apache.derby.impl.sql.GenericPreparedStatement.executeStmt(Unknown Source)
	at org.apache.derby.impl.sql.GenericPreparedStatement.execute(Unknown Source)
	... 49 more

2024-04-24T12:16:25,056  INFO [TThreadPoolServer WorkerProcess-%d] HiveMetaStore.audit: ugi=alex	ip=127.0.0.1	cmd=source:127.0.0.1 drop_database: @hive#myDb	
2024-04-24T12:16:25,059  INFO [TThreadPoolServer WorkerProcess-%d] HiveMetaStore.audit: ugi=alex	ip=127.0.0.1	cmd=source:127.0.0.1 get_all_tables: db=@hive#myDb	
2024-04-24T12:16:25,060  INFO [TThreadPoolServer WorkerProcess-%d] HiveMetaStore.audit: ugi=alex	ip=127.0.0.1	cmd=source:127.0.0.1 get_functions: db=@hive#myDb pat=*	
2024-04-24T12:16:25,062  INFO [TThreadPoolServer WorkerProcess-%d] HiveMetaStore.audit: ugi=alex	ip=127.0.0.1	cmd=source:127.0.0.1 get_all_stored_procedures	
2024-04-24T12:16:25,062  INFO [TThreadPoolServer WorkerProcess-%d] HiveMetaStore.audit: ugi=alex	ip=127.0.0.1	cmd=source:127.0.0.1 get_all_packages	
2024-04-24T12:16:25,063  INFO [TThreadPoolServer WorkerProcess-%d] HiveMetaStore.audit: ugi=alex	ip=127.0.0.1	cmd=source:127.0.0.1 getTablesByTypeCore: catName=hive: db=myDb pat=.*,type=MATERIALIZED_VIEW	
2024-04-24T12:16:25,064  INFO [TThreadPoolServer WorkerProcess-%d] metastore.ObjectStore: Dropping database hive.myDb along with all tables
2024-04-24T12:16:25,067 ERROR [TThreadPoolServer WorkerProcess-%d] metastore.RetryingHMSHandler: Retrying HMSHandler after 2000 ms (attempt 10 of 10) with error: javax.jdo.JDODataStoreException: Exception thrown flushing changes to datastore
	at org.datanucleus.api.jdo.NucleusJDOHelper.getJDOExceptionForNucleusException(NucleusJDOHelper.java:542)
	at org.datanucleus.api.jdo.JDOPersistenceManager.flush(JDOPersistenceManager.java:2081)
	at org.apache.hadoop.hive.metastore.ObjectStore.addNotificationEvent(ObjectStore.java:11639)
	at sun.reflect.GeneratedMethodAccessor68.invoke(Unknown Source)
	at sun.reflect.DelegatingMethodAccessorImpl.invoke(DelegatingMethodAccessorImpl.java:43)
	at java.lang.reflect.Method.invoke(Method.java:498)
	at org.apache.hadoop.hive.metastore.RawStoreProxy.invoke(RawStoreProxy.java:97)
	at com.sun.proxy.$Proxy32.addNotificationEvent(Unknown Source)
	at org.apache.hive.hcatalog.listener.DbNotificationListener.process(DbNotificationListener.java:1403)
	at org.apache.hive.hcatalog.listener.DbNotificationListener.onDropDatabase(DbNotificationListener.java:513)
	at org.apache.hadoop.hive.metastore.MetaStoreListenerNotifier$26.notify(MetaStoreListenerNotifier.java:99)
	at org.apache.hadoop.hive.metastore.MetaStoreListenerNotifier.notifyEvent(MetaStoreListenerNotifier.java:339)
	at org.apache.hadoop.hive.metastore.HMSHandler.drop_database_core(HMSHandler.java:1785)
	at org.apache.hadoop.hive.metastore.HMSHandler.drop_database(HMSHandler.java:1869)
	at sun.reflect.GeneratedMethodAccessor288.invoke(Unknown Source)
	at sun.reflect.DelegatingMethodAccessorImpl.invoke(DelegatingMethodAccessorImpl.java:43)
	at java.lang.reflect.Method.invoke(Method.java:498)
	at org.apache.hadoop.hive.metastore.RetryingHMSHandler.invokeInternal(RetryingHMSHandler.java:147)
	at org.apache.hadoop.hive.metastore.RetryingHMSHandler.invoke(RetryingHMSHandler.java:108)
	at com.sun.proxy.$Proxy34.drop_database(Unknown Source)
	at org.apache.hadoop.hive.metastore.api.ThriftHiveMetastore$Processor$drop_database.getResult(ThriftHiveMetastore.java:18285)
	at org.apache.hadoop.hive.metastore.api.ThriftHiveMetastore$Processor$drop_database.getResult(ThriftHiveMetastore.java:18264)
	at org.apache.thrift.ProcessFunction.process(ProcessFunction.java:38)
	at org.apache.hadoop.hive.metastore.TUGIBasedProcessor$1.run(TUGIBasedProcessor.java:111)
	at org.apache.hadoop.hive.metastore.TUGIBasedProcessor$1.run(TUGIBasedProcessor.java:107)
	at java.security.AccessController.doPrivileged(Native Method)
	at javax.security.auth.Subject.doAs(Subject.java:422)
	at org.apache.hadoop.security.UserGroupInformation.doAs(UserGroupInformation.java:1682)
	at org.apache.hadoop.hive.metastore.TUGIBasedProcessor.process(TUGIBasedProcessor.java:119)
	at org.apache.thrift.server.TThreadPoolServer$WorkerProcess.run(TThreadPoolServer.java:248)
	at java.util.concurrent.ThreadPoolExecutor.runWorker(ThreadPoolExecutor.java:1149)
	at java.util.concurrent.ThreadPoolExecutor$Worker.run(ThreadPoolExecutor.java:624)
	at java.lang.Thread.run(Thread.java:750)
NestedThrowablesStackTrace:
java.sql.BatchUpdateException: DELETE on table 'DBS' caused a violation of foreign key constraint 'TBLS_FK1' for key (11).  The statement has been rolled back.
	at org.apache.derby.impl.jdbc.EmbedStatement.executeLargeBatch(Unknown Source)
	at org.apache.derby.impl.jdbc.EmbedStatement.executeBatch(Unknown Source)
	at com.zaxxer.hikari.pool.ProxyStatement.executeBatch(ProxyStatement.java:128)
	at com.zaxxer.hikari.pool.HikariProxyPreparedStatement.executeBatch(HikariProxyPreparedStatement.java)
	at org.datanucleus.store.rdbms.ParamLoggingPreparedStatement.executeBatch(ParamLoggingPreparedStatement.java:366)
	at org.datanucleus.store.rdbms.SQLController.processConnectionStatement(SQLController.java:675)
	at org.datanucleus.store.rdbms.SQLController.processStatementsForConnection(SQLController.java:643)
	at org.datanucleus.store.rdbms.SQLController$1.transactionFlushed(SQLController.java:729)
	at org.datanucleus.store.connection.AbstractManagedConnection.transactionFlushed(AbstractManagedConnection.java:95)
	at org.datanucleus.store.connection.ConnectionManagerImpl$2.transactionFlushed(ConnectionManagerImpl.java:528)
	at org.datanucleus.TransactionImpl.flush(TransactionImpl.java:222)
	at org.datanucleus.ExecutionContextImpl.flushInternal(ExecutionContextImpl.java:4068)
	at org.datanucleus.ExecutionContextThreadedImpl.flushInternal(ExecutionContextThreadedImpl.java:448)
	at org.datanucleus.ExecutionContextImpl.flush(ExecutionContextImpl.java:4009)
	at org.datanucleus.ExecutionContextThreadedImpl.flush(ExecutionContextThreadedImpl.java:434)
	at org.datanucleus.api.jdo.JDOPersistenceManager.flush(JDOPersistenceManager.java:2064)
	at org.apache.hadoop.hive.metastore.ObjectStore.addNotificationEvent(ObjectStore.java:11639)
	at sun.reflect.GeneratedMethodAccessor68.invoke(Unknown Source)
	at sun.reflect.DelegatingMethodAccessorImpl.invoke(DelegatingMethodAccessorImpl.java:43)
	at java.lang.reflect.Method.invoke(Method.java:498)
	at org.apache.hadoop.hive.metastore.RawStoreProxy.invoke(RawStoreProxy.java:97)
	at com.sun.proxy.$Proxy32.addNotificationEvent(Unknown Source)
	at org.apache.hive.hcatalog.listener.DbNotificationListener.process(DbNotificationListener.java:1403)
	at org.apache.hive.hcatalog.listener.DbNotificationListener.onDropDatabase(DbNotificationListener.java:513)
	at org.apache.hadoop.hive.metastore.MetaStoreListenerNotifier$26.notify(MetaStoreListenerNotifier.java:99)
	at org.apache.hadoop.hive.metastore.MetaStoreListenerNotifier.notifyEvent(MetaStoreListenerNotifier.java:339)
	at org.apache.hadoop.hive.metastore.HMSHandler.drop_database_core(HMSHandler.java:1785)
	at org.apache.hadoop.hive.metastore.HMSHandler.drop_database(HMSHandler.java:1869)
	at sun.reflect.GeneratedMethodAccessor288.invoke(Unknown Source)
	at sun.reflect.DelegatingMethodAccessorImpl.invoke(DelegatingMethodAccessorImpl.java:43)
	at java.lang.reflect.Method.invoke(Method.java:498)
	at org.apache.hadoop.hive.metastore.RetryingHMSHandler.invokeInternal(RetryingHMSHandler.java:147)
	at org.apache.hadoop.hive.metastore.RetryingHMSHandler.invoke(RetryingHMSHandler.java:108)
	at com.sun.proxy.$Proxy34.drop_database(Unknown Source)
	at org.apache.hadoop.hive.metastore.api.ThriftHiveMetastore$Processor$drop_database.getResult(ThriftHiveMetastore.java:18285)
	at org.apache.hadoop.hive.metastore.api.ThriftHiveMetastore$Processor$drop_database.getResult(ThriftHiveMetastore.java:18264)
	at org.apache.thrift.ProcessFunction.process(ProcessFunction.java:38)
	at org.apache.hadoop.hive.metastore.TUGIBasedProcessor$1.run(TUGIBasedProcessor.java:111)
	at org.apache.hadoop.hive.metastore.TUGIBasedProcessor$1.run(TUGIBasedProcessor.java:107)
	at java.security.AccessController.doPrivileged(Native Method)
	at javax.security.auth.Subject.doAs(Subject.java:422)
	at org.apache.hadoop.security.UserGroupInformation.doAs(UserGroupInformation.java:1682)
	at org.apache.hadoop.hive.metastore.TUGIBasedProcessor.process(TUGIBasedProcessor.java:119)
	at org.apache.thrift.server.TThreadPoolServer$WorkerProcess.run(TThreadPoolServer.java:248)
	at java.util.concurrent.ThreadPoolExecutor.runWorker(ThreadPoolExecutor.java:1149)
	at java.util.concurrent.ThreadPoolExecutor$Worker.run(ThreadPoolExecutor.java:624)
	at java.lang.Thread.run(Thread.java:750)
Caused by: org.apache.derby.shared.common.error.DerbySQLIntegrityConstraintViolationException: DELETE on table 'DBS' caused a violation of foreign key constraint 'TBLS_FK1' for key (11).  The statement has been rolled back.
	at org.apache.derby.impl.jdbc.SQLExceptionFactory.getSQLException(Unknown Source)
	at org.apache.derby.impl.jdbc.Util.generateCsSQLException(Unknown Source)
	at org.apache.derby.impl.jdbc.TransactionResourceImpl.wrapInSQLException(Unknown Source)
	at org.apache.derby.impl.jdbc.TransactionResourceImpl.handleException(Unknown Source)
	at org.apache.derby.impl.jdbc.EmbedConnection.handleException(Unknown Source)
	at org.apache.derby.impl.jdbc.ConnectionChild.handleException(Unknown Source)
	at org.apache.derby.impl.jdbc.EmbedStatement.executeStatement(Unknown Source)
	at org.apache.derby.impl.jdbc.EmbedPreparedStatement.executeBatchElement(Unknown Source)
	... 47 more
Caused by: ERROR 23503: DELETE on table 'DBS' caused a violation of foreign key constraint 'TBLS_FK1' for key (11).  The statement has been rolled back.
	at org.apache.derby.iapi.error.StandardException.newException(Unknown Source)
	at org.apache.derby.iapi.error.StandardException.newException(Unknown Source)
	at org.apache.derby.impl.sql.execute.ReferencedKeyRIChecker.doCheck(Unknown Source)
	at org.apache.derby.impl.sql.execute.RISetChecker.doPKCheck(Unknown Source)
	at org.apache.derby.impl.sql.execute.DeleteResultSet.collectAffectedRows(Unknown Source)
	at org.apache.derby.impl.sql.execute.DeleteResultSet.open(Unknown Source)
	at org.apache.derby.impl.sql.GenericPreparedStatement.executeStmt(Unknown Source)
	at org.apache.derby.impl.sql.GenericPreparedStatement.execute(Unknown Source)
	... 49 more

2024-04-24T12:16:27,068  INFO [TThreadPoolServer WorkerProcess-%d] HiveMetaStore.audit: ugi=alex	ip=127.0.0.1	cmd=source:127.0.0.1 drop_database: @hive#myDb	
2024-04-24T12:16:27,071  INFO [TThreadPoolServer WorkerProcess-%d] HiveMetaStore.audit: ugi=alex	ip=127.0.0.1	cmd=source:127.0.0.1 get_all_tables: db=@hive#myDb	
2024-04-24T12:16:27,072  INFO [TThreadPoolServer WorkerProcess-%d] HiveMetaStore.audit: ugi=alex	ip=127.0.0.1	cmd=source:127.0.0.1 get_functions: db=@hive#myDb pat=*	
2024-04-24T12:16:27,074  INFO [TThreadPoolServer WorkerProcess-%d] HiveMetaStore.audit: ugi=alex	ip=127.0.0.1	cmd=source:127.0.0.1 get_all_stored_procedures	
2024-04-24T12:16:27,075  INFO [TThreadPoolServer WorkerProcess-%d] HiveMetaStore.audit: ugi=alex	ip=127.0.0.1	cmd=source:127.0.0.1 get_all_packages	
2024-04-24T12:16:27,076  INFO [TThreadPoolServer WorkerProcess-%d] HiveMetaStore.audit: ugi=alex	ip=127.0.0.1	cmd=source:127.0.0.1 getTablesByTypeCore: catName=hive: db=myDb pat=.*,type=MATERIALIZED_VIEW	
2024-04-24T12:16:27,077  INFO [TThreadPoolServer WorkerProcess-%d] metastore.ObjectStore: Dropping database hive.myDb along with all tables
2024-04-24T12:16:27,080 ERROR [TThreadPoolServer WorkerProcess-%d] metastore.RetryingHMSHandler: HMSHandler Fatal error: javax.jdo.JDODataStoreException: Exception thrown flushing changes to datastore
	at org.datanucleus.api.jdo.NucleusJDOHelper.getJDOExceptionForNucleusException(NucleusJDOHelper.java:542)
	at org.datanucleus.api.jdo.JDOPersistenceManager.flush(JDOPersistenceManager.java:2081)
	at org.apache.hadoop.hive.metastore.ObjectStore.addNotificationEvent(ObjectStore.java:11639)
	at sun.reflect.GeneratedMethodAccessor68.invoke(Unknown Source)
	at sun.reflect.DelegatingMethodAccessorImpl.invoke(DelegatingMethodAccessorImpl.java:43)
	at java.lang.reflect.Method.invoke(Method.java:498)
	at org.apache.hadoop.hive.metastore.RawStoreProxy.invoke(RawStoreProxy.java:97)
	at com.sun.proxy.$Proxy32.addNotificationEvent(Unknown Source)
	at org.apache.hive.hcatalog.listener.DbNotificationListener.process(DbNotificationListener.java:1403)
	at org.apache.hive.hcatalog.listener.DbNotificationListener.onDropDatabase(DbNotificationListener.java:513)
	at org.apache.hadoop.hive.metastore.MetaStoreListenerNotifier$26.notify(MetaStoreListenerNotifier.java:99)
	at org.apache.hadoop.hive.metastore.MetaStoreListenerNotifier.notifyEvent(MetaStoreListenerNotifier.java:339)
	at org.apache.hadoop.hive.metastore.HMSHandler.drop_database_core(HMSHandler.java:1785)
	at org.apache.hadoop.hive.metastore.HMSHandler.drop_database(HMSHandler.java:1869)
	at sun.reflect.GeneratedMethodAccessor288.invoke(Unknown Source)
	at sun.reflect.DelegatingMethodAccessorImpl.invoke(DelegatingMethodAccessorImpl.java:43)
	at java.lang.reflect.Method.invoke(Method.java:498)
	at org.apache.hadoop.hive.metastore.RetryingHMSHandler.invokeInternal(RetryingHMSHandler.java:147)
	at org.apache.hadoop.hive.metastore.RetryingHMSHandler.invoke(RetryingHMSHandler.java:108)
	at com.sun.proxy.$Proxy34.drop_database(Unknown Source)
	at org.apache.hadoop.hive.metastore.api.ThriftHiveMetastore$Processor$drop_database.getResult(ThriftHiveMetastore.java:18285)
	at org.apache.hadoop.hive.metastore.api.ThriftHiveMetastore$Processor$drop_database.getResult(ThriftHiveMetastore.java:18264)
	at org.apache.thrift.ProcessFunction.process(ProcessFunction.java:38)
	at org.apache.hadoop.hive.metastore.TUGIBasedProcessor$1.run(TUGIBasedProcessor.java:111)
	at org.apache.hadoop.hive.metastore.TUGIBasedProcessor$1.run(TUGIBasedProcessor.java:107)
	at java.security.AccessController.doPrivileged(Native Method)
	at javax.security.auth.Subject.doAs(Subject.java:422)
	at org.apache.hadoop.security.UserGroupInformation.doAs(UserGroupInformation.java:1682)
	at org.apache.hadoop.hive.metastore.TUGIBasedProcessor.process(TUGIBasedProcessor.java:119)
	at org.apache.thrift.server.TThreadPoolServer$WorkerProcess.run(TThreadPoolServer.java:248)
	at java.util.concurrent.ThreadPoolExecutor.runWorker(ThreadPoolExecutor.java:1149)
	at java.util.concurrent.ThreadPoolExecutor$Worker.run(ThreadPoolExecutor.java:624)
	at java.lang.Thread.run(Thread.java:750)
NestedThrowablesStackTrace:
java.sql.BatchUpdateException: DELETE on table 'DBS' caused a violation of foreign key constraint 'TBLS_FK1' for key (11).  The statement has been rolled back.
	at org.apache.derby.impl.jdbc.EmbedStatement.executeLargeBatch(Unknown Source)
	at org.apache.derby.impl.jdbc.EmbedStatement.executeBatch(Unknown Source)
	at com.zaxxer.hikari.pool.ProxyStatement.executeBatch(ProxyStatement.java:128)
	at com.zaxxer.hikari.pool.HikariProxyPreparedStatement.executeBatch(HikariProxyPreparedStatement.java)
	at org.datanucleus.store.rdbms.ParamLoggingPreparedStatement.executeBatch(ParamLoggingPreparedStatement.java:366)
	at org.datanucleus.store.rdbms.SQLController.processConnectionStatement(SQLController.java:675)
	at org.datanucleus.store.rdbms.SQLController.processStatementsForConnection(SQLController.java:643)
	at org.datanucleus.store.rdbms.SQLController$1.transactionFlushed(SQLController.java:729)
	at org.datanucleus.store.connection.AbstractManagedConnection.transactionFlushed(AbstractManagedConnection.java:95)
	at org.datanucleus.store.connection.ConnectionManagerImpl$2.transactionFlushed(ConnectionManagerImpl.java:528)
	at org.datanucleus.TransactionImpl.flush(TransactionImpl.java:222)
	at org.datanucleus.ExecutionContextImpl.flushInternal(ExecutionContextImpl.java:4068)
	at org.datanucleus.ExecutionContextThreadedImpl.flushInternal(ExecutionContextThreadedImpl.java:448)
	at org.datanucleus.ExecutionContextImpl.flush(ExecutionContextImpl.java:4009)
	at org.datanucleus.ExecutionContextThreadedImpl.flush(ExecutionContextThreadedImpl.java:434)
	at org.datanucleus.api.jdo.JDOPersistenceManager.flush(JDOPersistenceManager.java:2064)
	at org.apache.hadoop.hive.metastore.ObjectStore.addNotificationEvent(ObjectStore.java:11639)
	at sun.reflect.GeneratedMethodAccessor68.invoke(Unknown Source)
	at sun.reflect.DelegatingMethodAccessorImpl.invoke(DelegatingMethodAccessorImpl.java:43)
	at java.lang.reflect.Method.invoke(Method.java:498)
	at org.apache.hadoop.hive.metastore.RawStoreProxy.invoke(RawStoreProxy.java:97)
	at com.sun.proxy.$Proxy32.addNotificationEvent(Unknown Source)
	at org.apache.hive.hcatalog.listener.DbNotificationListener.process(DbNotificationListener.java:1403)
	at org.apache.hive.hcatalog.listener.DbNotificationListener.onDropDatabase(DbNotificationListener.java:513)
	at org.apache.hadoop.hive.metastore.MetaStoreListenerNotifier$26.notify(MetaStoreListenerNotifier.java:99)
	at org.apache.hadoop.hive.metastore.MetaStoreListenerNotifier.notifyEvent(MetaStoreListenerNotifier.java:339)
	at org.apache.hadoop.hive.metastore.HMSHandler.drop_database_core(HMSHandler.java:1785)
	at org.apache.hadoop.hive.metastore.HMSHandler.drop_database(HMSHandler.java:1869)
	at sun.reflect.GeneratedMethodAccessor288.invoke(Unknown Source)
	at sun.reflect.DelegatingMethodAccessorImpl.invoke(DelegatingMethodAccessorImpl.java:43)
	at java.lang.reflect.Method.invoke(Method.java:498)
	at org.apache.hadoop.hive.metastore.RetryingHMSHandler.invokeInternal(RetryingHMSHandler.java:147)
	at org.apache.hadoop.hive.metastore.RetryingHMSHandler.invoke(RetryingHMSHandler.java:108)
	at com.sun.proxy.$Proxy34.drop_database(Unknown Source)
	at org.apache.hadoop.hive.metastore.api.ThriftHiveMetastore$Processor$drop_database.getResult(ThriftHiveMetastore.java:18285)
	at org.apache.hadoop.hive.metastore.api.ThriftHiveMetastore$Processor$drop_database.getResult(ThriftHiveMetastore.java:18264)
	at org.apache.thrift.ProcessFunction.process(ProcessFunction.java:38)
	at org.apache.hadoop.hive.metastore.TUGIBasedProcessor$1.run(TUGIBasedProcessor.java:111)
	at org.apache.hadoop.hive.metastore.TUGIBasedProcessor$1.run(TUGIBasedProcessor.java:107)
	at java.security.AccessController.doPrivileged(Native Method)
	at javax.security.auth.Subject.doAs(Subject.java:422)
	at org.apache.hadoop.security.UserGroupInformation.doAs(UserGroupInformation.java:1682)
	at org.apache.hadoop.hive.metastore.TUGIBasedProcessor.process(TUGIBasedProcessor.java:119)
	at org.apache.thrift.server.TThreadPoolServer$WorkerProcess.run(TThreadPoolServer.java:248)
	at java.util.concurrent.ThreadPoolExecutor.runWorker(ThreadPoolExecutor.java:1149)
	at java.util.concurrent.ThreadPoolExecutor$Worker.run(ThreadPoolExecutor.java:624)
	at java.lang.Thread.run(Thread.java:750)
Caused by: org.apache.derby.shared.common.error.DerbySQLIntegrityConstraintViolationException: DELETE on table 'DBS' caused a violation of foreign key constraint 'TBLS_FK1' for key (11).  The statement has been rolled back.
	at org.apache.derby.impl.jdbc.SQLExceptionFactory.getSQLException(Unknown Source)
	at org.apache.derby.impl.jdbc.Util.generateCsSQLException(Unknown Source)
	at org.apache.derby.impl.jdbc.TransactionResourceImpl.wrapInSQLException(Unknown Source)
	at org.apache.derby.impl.jdbc.TransactionResourceImpl.handleException(Unknown Source)
	at org.apache.derby.impl.jdbc.EmbedConnection.handleException(Unknown Source)
	at org.apache.derby.impl.jdbc.ConnectionChild.handleException(Unknown Source)
	at org.apache.derby.impl.jdbc.EmbedStatement.executeStatement(Unknown Source)
	at org.apache.derby.impl.jdbc.EmbedPreparedStatement.executeBatchElement(Unknown Source)
	... 47 more
Caused by: ERROR 23503: DELETE on table 'DBS' caused a violation of foreign key constraint 'TBLS_FK1' for key (11).  The statement has been rolled back.
	at org.apache.derby.iapi.error.StandardException.newException(Unknown Source)
	at org.apache.derby.iapi.error.StandardException.newException(Unknown Source)
	at org.apache.derby.impl.sql.execute.ReferencedKeyRIChecker.doCheck(Unknown Source)
	at org.apache.derby.impl.sql.execute.RISetChecker.doPKCheck(Unknown Source)
	at org.apache.derby.impl.sql.execute.DeleteResultSet.collectAffectedRows(Unknown Source)
	at org.apache.derby.impl.sql.execute.DeleteResultSet.open(Unknown Source)
	at org.apache.derby.impl.sql.GenericPreparedStatement.executeStmt(Unknown Source)
	at org.apache.derby.impl.sql.GenericPreparedStatement.execute(Unknown Source)
	... 49 more

2024-04-24T12:16:27,080 ERROR [main] api.TestHCatClient: Unexpected exception! 
org.apache.hive.hcatalog.common.HCatException: org.apache.hive.hcatalog.common.HCatException : 9001 : Exception occurred while processing HCat request : MetaException while dropping db.. Cause : MetaException(message:javax.jdo.JDODataStoreException: Exception thrown flushing changes to datastore
NestedThrowables:
java.sql.BatchUpdateException: DELETE on table 'DBS' caused a violation of foreign key constraint 'TBLS_FK1' for key (11).  The statement has been rolled back.)
	at org.apache.hive.hcatalog.api.HCatClientHMSImpl.dropDatabase(HCatClientHMSImpl.java:164) ~[classes/:?]
	at org.apache.hive.hcatalog.api.TestHCatClient.testPartitionSpecRegistrationWithCustomSchema(TestHCatClient.java:1238) [test-classes/:?]
	at sun.reflect.NativeMethodAccessorImpl.invoke0(Native Method) ~[?:1.8.0_402]
	at sun.reflect.NativeMethodAccessorImpl.invoke(NativeMethodAccessorImpl.java:62) ~[?:1.8.0_402]
	at sun.reflect.DelegatingMethodAccessorImpl.invoke(DelegatingMethodAccessorImpl.java:43) ~[?:1.8.0_402]
	at java.lang.reflect.Method.invoke(Method.java:498) ~[?:1.8.0_402]
	at org.junit.runners.model.FrameworkMethod$1.runReflectiveCall(FrameworkMethod.java:59) [junit-4.13.jar:4.13]
	at org.junit.internal.runners.model.ReflectiveCallable.run(ReflectiveCallable.java:12) [junit-4.13.jar:4.13]
	at org.junit.runners.model.FrameworkMethod.invokeExplosively(FrameworkMethod.java:56) [junit-4.13.jar:4.13]
	at org.junit.internal.runners.statements.InvokeMethod.evaluate(InvokeMethod.java:17) [junit-4.13.jar:4.13]
	at org.junit.runners.ParentRunner$3.evaluate(ParentRunner.java:306) [junit-4.13.jar:4.13]
	at org.junit.runners.BlockJUnit4ClassRunner$1.evaluate(BlockJUnit4ClassRunner.java:100) [junit-4.13.jar:4.13]
	at org.junit.runners.ParentRunner.runLeaf(ParentRunner.java:366) [junit-4.13.jar:4.13]
	at org.junit.runners.BlockJUnit4ClassRunner.runChild(BlockJUnit4ClassRunner.java:103) [junit-4.13.jar:4.13]
	at org.junit.runners.BlockJUnit4ClassRunner.runChild(BlockJUnit4ClassRunner.java:63) [junit-4.13.jar:4.13]
	at org.junit.runners.ParentRunner$4.run(ParentRunner.java:331) [junit-4.13.jar:4.13]
	at org.junit.runners.ParentRunner$1.schedule(ParentRunner.java:79) [junit-4.13.jar:4.13]
	at org.junit.runners.ParentRunner.runChildren(ParentRunner.java:329) [junit-4.13.jar:4.13]
	at org.junit.runners.ParentRunner.access$100(ParentRunner.java:66) [junit-4.13.jar:4.13]
	at org.junit.runners.ParentRunner$2.evaluate(ParentRunner.java:293) [junit-4.13.jar:4.13]
	at org.junit.internal.runners.statements.RunBefores.evaluate(RunBefores.java:26) [junit-4.13.jar:4.13]
	at org.junit.internal.runners.statements.RunAfters.evaluate(RunAfters.java:27) [junit-4.13.jar:4.13]
	at org.junit.runners.ParentRunner$3.evaluate(ParentRunner.java:306) [junit-4.13.jar:4.13]
	at org.junit.runners.ParentRunner.run(ParentRunner.java:413) [junit-4.13.jar:4.13]
	at org.junit.runners.Suite.runChild(Suite.java:128) [junit-4.13.jar:4.13]
	at org.junit.runners.Suite.runChild(Suite.java:27) [junit-4.13.jar:4.13]
	at org.junit.runners.ParentRunner$4.run(ParentRunner.java:331) [junit-4.13.jar:4.13]
	at org.junit.runners.ParentRunner$1.schedule(ParentRunner.java:79) [junit-4.13.jar:4.13]
	at org.junit.runners.ParentRunner.runChildren(ParentRunner.java:329) [junit-4.13.jar:4.13]
	at org.junit.runners.ParentRunner.access$100(ParentRunner.java:66) [junit-4.13.jar:4.13]
	at org.junit.runners.ParentRunner$2.evaluate(ParentRunner.java:293) [junit-4.13.jar:4.13]
	at org.junit.runners.ParentRunner$3.evaluate(ParentRunner.java:306) [junit-4.13.jar:4.13]
	at org.junit.runners.ParentRunner.run(ParentRunner.java:413) [junit-4.13.jar:4.13]
	at org.apache.maven.surefire.junitcore.JUnitCore.run(JUnitCore.java:55) [surefire-junit47-3.0.0-M4.jar:3.0.0-M4]
	at org.apache.maven.surefire.junitcore.JUnitCoreWrapper.createRequestAndRun(JUnitCoreWrapper.java:137) [surefire-junit47-3.0.0-M4.jar:3.0.0-M4]
	at org.apache.maven.surefire.junitcore.JUnitCoreWrapper.executeEager(JUnitCoreWrapper.java:107) [surefire-junit47-3.0.0-M4.jar:3.0.0-M4]
	at org.apache.maven.surefire.junitcore.JUnitCoreWrapper.execute(JUnitCoreWrapper.java:83) [surefire-junit47-3.0.0-M4.jar:3.0.0-M4]
	at org.apache.maven.surefire.junitcore.JUnitCoreWrapper.execute(JUnitCoreWrapper.java:75) [surefire-junit47-3.0.0-M4.jar:3.0.0-M4]
	at org.apache.maven.surefire.junitcore.JUnitCoreProvider.invoke(JUnitCoreProvider.java:158) [surefire-junit47-3.0.0-M4.jar:3.0.0-M4]
	at org.apache.maven.surefire.booter.ForkedBooter.runSuitesInProcess(ForkedBooter.java:377) [surefire-booter-3.0.0-M4.jar:3.0.0-M4]
	at org.apache.maven.surefire.booter.ForkedBooter.execute(ForkedBooter.java:138) [surefire-booter-3.0.0-M4.jar:3.0.0-M4]
	at org.apache.maven.surefire.booter.ForkedBooter.run(ForkedBooter.java:465) [surefire-booter-3.0.0-M4.jar:3.0.0-M4]
	at org.apache.maven.surefire.booter.ForkedBooter.main(ForkedBooter.java:451) [surefire-booter-3.0.0-M4.jar:3.0.0-M4]
Caused by: org.apache.hadoop.hive.metastore.api.MetaException: javax.jdo.JDODataStoreException: Exception thrown flushing changes to datastore
NestedThrowables:
java.sql.BatchUpdateException: DELETE on table 'DBS' caused a violation of foreign key constraint 'TBLS_FK1' for key (11).  The statement has been rolled back.
	at org.apache.hadoop.hive.metastore.api.ThriftHiveMetastore$drop_database_result$drop_database_resultStandardScheme.read(ThriftHiveMetastore.java:54495) ~[classes/:?]
	at org.apache.hadoop.hive.metastore.api.ThriftHiveMetastore$drop_database_result$drop_database_resultStandardScheme.read(ThriftHiveMetastore.java:54463) ~[classes/:?]
	at org.apache.hadoop.hive.metastore.api.ThriftHiveMetastore$drop_database_result.read(ThriftHiveMetastore.java:54397) ~[classes/:?]
	at org.apache.thrift.TServiceClient.receiveBase(TServiceClient.java:88) ~[libthrift-0.14.1.jar:0.14.1]
	at org.apache.hadoop.hive.metastore.api.ThriftHiveMetastore$Client.recv_drop_database(ThriftHiveMetastore.java:1404) ~[classes/:?]
	at org.apache.hadoop.hive.metastore.api.ThriftHiveMetastore$Client.drop_database(ThriftHiveMetastore.java:1389) ~[classes/:?]
	at org.apache.hadoop.hive.metastore.HiveMetaStoreClient.dropDatabaseCascadePerDb(HiveMetaStoreClient.java:1601) ~[classes/:?]
	at org.apache.hadoop.hive.metastore.HiveMetaStoreClient.dropDatabase(HiveMetaStoreClient.java:1532) ~[classes/:?]
	at org.apache.hadoop.hive.metastore.HiveMetaStoreClient.dropDatabase(HiveMetaStoreClient.java:1485) ~[classes/:?]
	at sun.reflect.NativeMethodAccessorImpl.invoke0(Native Method) ~[?:1.8.0_402]
	at sun.reflect.NativeMethodAccessorImpl.invoke(NativeMethodAccessorImpl.java:62) ~[?:1.8.0_402]
	at sun.reflect.DelegatingMethodAccessorImpl.invoke(DelegatingMethodAccessorImpl.java:43) ~[?:1.8.0_402]
	at java.lang.reflect.Method.invoke(Method.java:498) ~[?:1.8.0_402]
	at org.apache.hadoop.hive.metastore.RetryingMetaStoreClient.invoke(RetryingMetaStoreClient.java:214) ~[classes/:?]
	at com.sun.proxy.$Proxy35.dropDatabase(Unknown Source) ~[?:?]
	at org.apache.hive.hcatalog.api.HCatClientHMSImpl.dropDatabase(HCatClientHMSImpl.java:154) ~[classes/:?]
	... 42 more
]]></system-err>
  </testcase>
  <testcase name="testUpdateTableSchema" classname="org.apache.hive.hcatalog.api.TestHCatClient" time="35.614"/>
  <testcase name="testGetMessageBusTopicName" classname="org.apache.hive.hcatalog.api.TestHCatClient" time="41.642">
    <failure message="Unexpected exception:org.apache.hive.hcatalog.common.HCatException : 9001 : Exception occurred while processing HCat request : MetaException while dropping db.. Cause : MetaException(message:javax.jdo.JDODataStoreException: Exception thrown flushing changes to datastore&#10;NestedThrowables:&#10;java.sql.BatchUpdateException: DELETE on table &apos;DBS&apos; caused a violation of foreign key constraint &apos;TBLS_FK1&apos; for key (23).  The statement has been rolled back.)" type="java.lang.AssertionError"><![CDATA[java.lang.AssertionError: 
Unexpected exception:org.apache.hive.hcatalog.common.HCatException : 9001 : Exception occurred while processing HCat request : MetaException while dropping db.. Cause : MetaException(message:javax.jdo.JDODataStoreException: Exception thrown flushing changes to datastore
NestedThrowables:
java.sql.BatchUpdateException: DELETE on table 'DBS' caused a violation of foreign key constraint 'TBLS_FK1' for key (23).  The statement has been rolled back.)
	at org.junit.Assert.fail(Assert.java:89)
	at org.junit.Assert.assertTrue(Assert.java:42)
	at org.apache.hive.hcatalog.api.TestHCatClient.testGetMessageBusTopicName(TestHCatClient.java:657)
	at sun.reflect.NativeMethodAccessorImpl.invoke0(Native Method)
	at sun.reflect.NativeMethodAccessorImpl.invoke(NativeMethodAccessorImpl.java:62)
	at sun.reflect.DelegatingMethodAccessorImpl.invoke(DelegatingMethodAccessorImpl.java:43)
	at java.lang.reflect.Method.invoke(Method.java:498)
	at org.junit.runners.model.FrameworkMethod$1.runReflectiveCall(FrameworkMethod.java:59)
	at org.junit.internal.runners.model.ReflectiveCallable.run(ReflectiveCallable.java:12)
	at org.junit.runners.model.FrameworkMethod.invokeExplosively(FrameworkMethod.java:56)
	at org.junit.internal.runners.statements.InvokeMethod.evaluate(InvokeMethod.java:17)
	at org.junit.runners.ParentRunner$3.evaluate(ParentRunner.java:306)
	at org.junit.runners.BlockJUnit4ClassRunner$1.evaluate(BlockJUnit4ClassRunner.java:100)
	at org.junit.runners.ParentRunner.runLeaf(ParentRunner.java:366)
	at org.junit.runners.BlockJUnit4ClassRunner.runChild(BlockJUnit4ClassRunner.java:103)
	at org.junit.runners.BlockJUnit4ClassRunner.runChild(BlockJUnit4ClassRunner.java:63)
	at org.junit.runners.ParentRunner$4.run(ParentRunner.java:331)
	at org.junit.runners.ParentRunner$1.schedule(ParentRunner.java:79)
	at org.junit.runners.ParentRunner.runChildren(ParentRunner.java:329)
	at org.junit.runners.ParentRunner.access$100(ParentRunner.java:66)
	at org.junit.runners.ParentRunner$2.evaluate(ParentRunner.java:293)
	at org.junit.internal.runners.statements.RunBefores.evaluate(RunBefores.java:26)
	at org.junit.internal.runners.statements.RunAfters.evaluate(RunAfters.java:27)
	at org.junit.runners.ParentRunner$3.evaluate(ParentRunner.java:306)
	at org.junit.runners.ParentRunner.run(ParentRunner.java:413)
	at org.junit.runners.Suite.runChild(Suite.java:128)
	at org.junit.runners.Suite.runChild(Suite.java:27)
	at org.junit.runners.ParentRunner$4.run(ParentRunner.java:331)
	at org.junit.runners.ParentRunner$1.schedule(ParentRunner.java:79)
	at org.junit.runners.ParentRunner.runChildren(ParentRunner.java:329)
	at org.junit.runners.ParentRunner.access$100(ParentRunner.java:66)
	at org.junit.runners.ParentRunner$2.evaluate(ParentRunner.java:293)
	at org.junit.runners.ParentRunner$3.evaluate(ParentRunner.java:306)
	at org.junit.runners.ParentRunner.run(ParentRunner.java:413)
	at org.apache.maven.surefire.junitcore.JUnitCore.run(JUnitCore.java:55)
	at org.apache.maven.surefire.junitcore.JUnitCoreWrapper.createRequestAndRun(JUnitCoreWrapper.java:137)
	at org.apache.maven.surefire.junitcore.JUnitCoreWrapper.executeEager(JUnitCoreWrapper.java:107)
	at org.apache.maven.surefire.junitcore.JUnitCoreWrapper.execute(JUnitCoreWrapper.java:83)
	at org.apache.maven.surefire.junitcore.JUnitCoreWrapper.execute(JUnitCoreWrapper.java:75)
	at org.apache.maven.surefire.junitcore.JUnitCoreProvider.invoke(JUnitCoreProvider.java:158)
	at org.apache.maven.surefire.booter.ForkedBooter.runSuitesInProcess(ForkedBooter.java:377)
	at org.apache.maven.surefire.booter.ForkedBooter.execute(ForkedBooter.java:138)
	at org.apache.maven.surefire.booter.ForkedBooter.run(ForkedBooter.java:465)
	at org.apache.maven.surefire.booter.ForkedBooter.main(ForkedBooter.java:451)
]]></failure>
    <system-err><![CDATA[2024-04-24T12:17:02,774  WARN [main] conf.HiveConf: HiveConf of name hive.stats.key.prefix.reserve.length does not exist
2024-04-24T12:17:02,774  WARN [main] conf.HiveConf: HiveConf of name hive.llap.io.cache.orc.alloc.min does not exist
2024-04-24T12:17:02,774  WARN [main] conf.HiveConf: HiveConf of name hive.metastore.client.cache.maxSize does not exist
2024-04-24T12:17:02,774  WARN [main] conf.HiveConf: HiveConf of name hive.dummyparam.test.server.specific.config.override does not exist
2024-04-24T12:17:02,774  WARN [main] conf.HiveConf: HiveConf of name hive.metastore.client.cache.recordStats does not exist
2024-04-24T12:17:02,774  WARN [main] conf.HiveConf: HiveConf of name hive.llap.io.cache.orc.alloc.max does not exist
2024-04-24T12:17:02,775  WARN [main] conf.HiveConf: HiveConf of name hive.metastore.metadb.dir does not exist
2024-04-24T12:17:02,775  WARN [main] conf.HiveConf: HiveConf of name hive.llap.io.cache.orc.size does not exist
2024-04-24T12:17:02,775  WARN [main] conf.HiveConf: HiveConf of name hive.dummyparam.test.server.specific.config.metastoresite does not exist
2024-04-24T12:17:02,775  WARN [main] conf.HiveConf: HiveConf of name hive.llap.io.cache.orc.arena.size does not exist
2024-04-24T12:17:02,775  WARN [main] conf.HiveConf: HiveConf of name hive.dummyparam.test.server.specific.config.hivesite does not exist
2024-04-24T12:17:02,775  INFO [main] common.HCatUtil: mapreduce.lib.hcatoutput.hive.conf not set. Generating configuration differences.
2024-04-24T12:17:02,777  INFO [main] common.HCatUtil: Configuration differences={datanucleus.schema.autoCreateAll=true, hive.exec.scratchdir=${test.tmp.dir}/scratchdir, hive.strict.timestamp.conversion=false, datanucleus.connectionPool.maxPoolSize=4, hive.ignore.mapjoin.hint=false, hive.query.reexecution.stats.persist.scope=query, hive.cbo.fallback.strategy=TEST, hive.users.in.admin.role=hive_admin_user, hive.metastore.warehouse.dir=${test.warehouse.dir}, hive.server2.operation.log.purgePolicy.timeToLive=5s, hive.llap.io.allocator.direct=false, hive.default.rcfile.serde=org.apache.hadoop.hive.serde2.columnar.ColumnarSerDe, javax.jdo.option.ConnectionURL=jdbc:derby:memory:${test.tmp.dir}/junit_metastore_db;create=true, hive.test.dummystats.aggregator=value2, hive.scheduled.queries.executor.enabled=false, hive.querylog.location=${test.tmp.dir}/tmp, hive.jar.path=${maven.local.repository}/org/apache/hive/hive-exec/${hive.version}/hive-exec-${hive.version}.jar, hive.exec.local.scratchdir=${test.tmp.dir}/localscratchdir/, hive.fetch.task.conversion=minimal, hive.security.authorization.manager=org.apache.hadoop.hive.ql.security.authorization.plugin.sqlstd.SQLStdHiveAuthorizerFactoryForTest, hive.mapjoin.max.gc.time.percentage=0.99, hive.in.test=true, hive.stats.fetch.bitvector=true, hive.query.results.cache.enabled=false, hive.metastore.client.cache.enabled=true, hive.auto.convert.join=false, hive.exec.submit.local.task.via.child=false, hive.metastore.schema.verification=false, hive.conf.restricted.list=from.hivemetastore-site.xml}
2024-04-24T12:17:02,777  WARN [main] metastore.HiveMetaStoreClient: Unexpected increment of user count beyond one: 3 HCatClient: thread: 1 users=3 expired=false closed=false
2024-04-24T12:17:02,777  INFO [TThreadPoolServer WorkerProcess-%d] HiveMetaStore.audit: ugi=alex	ip=127.0.0.1	cmd=source:127.0.0.1 get_databases: @hive#NonExistentDatabaseUsedForHealthCheck	
2024-04-24T12:17:02,781  INFO [TThreadPoolServer WorkerProcess-%d] HiveMetaStore.audit: ugi=alex	ip=127.0.0.1	cmd=source:127.0.0.1 get_database: testGetMessageBusTopicName_DBName	
2024-04-24T12:17:02,782  INFO [TThreadPoolServer WorkerProcess-%d] HiveMetaStore.audit: ugi=alex	ip=127.0.0.1	cmd=source:127.0.0.1 create_database: Database(name:testGetMessageBusTopicName_DBName, description:null, locationUri:null, parameters:null, catalogName:hive)	
2024-04-24T12:17:02,784  INFO [TThreadPoolServer WorkerProcess-%d] metastore.HMSHandler: Creating database path in external directory pfile:/home/alex/Repositories/hive/hcatalog/webhcat/java-client/target/warehouse/45843/testgetmessagebustopicname_dbname.db
2024-04-24T12:17:02,784  INFO [TThreadPoolServer WorkerProcess-%d] utils.FileUtils: Creating directory if it doesn't exist: pfile:/home/alex/Repositories/hive/hcatalog/webhcat/java-client/target/warehouse/45843/testgetmessagebustopicname_dbname.db
2024-04-24T12:17:02,787  INFO [TThreadPoolServer WorkerProcess-%d] metastore.HMSHandler: Created database path in external directory pfile:/home/alex/Repositories/hive/hcatalog/webhcat/java-client/target/warehouse/45843/testgetmessagebustopicname_dbname.db
2024-04-24T12:17:02,790  WARN [main] api.HCatTable: Conf hasn't been set yet. Using defaults.
2024-04-24T12:17:02,874  WARN [main] conf.HiveConf: HiveConf of name hive.llap.io.cache.orc.alloc.min does not exist
2024-04-24T12:17:02,874  WARN [main] conf.HiveConf: HiveConf of name hive.llap.io.cache.orc.size does not exist
2024-04-24T12:17:02,874  WARN [main] conf.HiveConf: HiveConf of name hive.metastore.metadb.dir does not exist
2024-04-24T12:17:02,874  WARN [main] conf.HiveConf: HiveConf of name hive.dummyparam.test.server.specific.config.metastoresite does not exist
2024-04-24T12:17:02,874  WARN [main] conf.HiveConf: HiveConf of name hive.metastore.client.cache.maxSize does not exist
2024-04-24T12:17:02,874  WARN [main] conf.HiveConf: HiveConf of name hive.llap.io.cache.orc.arena.size does not exist
2024-04-24T12:17:02,874  WARN [main] conf.HiveConf: HiveConf of name hive.dummyparam.test.server.specific.config.override does not exist
2024-04-24T12:17:02,874  WARN [main] conf.HiveConf: HiveConf of name hive.dummyparam.test.server.specific.config.hivesite does not exist
2024-04-24T12:17:02,874  WARN [main] conf.HiveConf: HiveConf of name hive.stats.key.prefix.reserve.length does not exist
2024-04-24T12:17:02,874  WARN [main] conf.HiveConf: HiveConf of name hive.metastore.client.cache.recordStats does not exist
2024-04-24T12:17:02,874  WARN [main] conf.HiveConf: HiveConf of name hive.llap.io.cache.orc.alloc.max does not exist
2024-04-24T12:17:02,875  INFO [TThreadPoolServer WorkerProcess-%d] HiveMetaStore.audit: ugi=alex	ip=127.0.0.1	cmd=source:127.0.0.1 create_table_req: Table(tableName:testGetMessageBusTopicName_TableName, dbName:testGetMessageBusTopicName_DBName, owner:alex, createTime:1713986222, lastAccessTime:0, retention:0, sd:StorageDescriptor(cols:[FieldSchema(name:foo, type:string, comment:)], location:null, inputFormat:org.apache.hadoop.mapred.TextInputFormat, outputFormat:org.apache.hadoop.hive.ql.io.HiveIgnoreKeyTextOutputFormat, compressed:false, numBuckets:0, serdeInfo:SerDeInfo(name:null, serializationLib:org.apache.hadoop.hive.serde2.lazy.LazySimpleSerDe, parameters:{serialization.format=1}), bucketCols:null, sortCols:null, parameters:null), partitionKeys:[], parameters:{bucketing_version=2, hcat.msgbus.topic.name=MY.topic.name}, viewOriginalText:null, viewExpandedText:null, tableType:MANAGED_TABLE, catName:hive, ownerType:USER)	
2024-04-24T12:17:02,878  INFO [TThreadPoolServer WorkerProcess-%d] utils.FileUtils: Creating directory if it doesn't exist: pfile:/home/alex/Repositories/hive/hcatalog/webhcat/java-client/target/warehouse/45843/testgetmessagebustopicname_dbname.db/testgetmessagebustopicname_tablename
2024-04-24T12:17:02,919  INFO [TThreadPoolServer WorkerProcess-%d] HiveMetaStore.audit: ugi=alex	ip=127.0.0.1	cmd=source:127.0.0.1 get_table : tbl=hive.testGetMessageBusTopicName_DBName.testGetMessageBusTopicName_TableName	
2024-04-24T12:17:02,935  INFO [TThreadPoolServer WorkerProcess-%d] metastore.HMSHandler: Skipping translation for processor with null
2024-04-24T12:17:02,935  INFO [TThreadPoolServer WorkerProcess-%d] HiveMetaStore.audit: ugi=alex	ip=127.0.0.1	cmd=source:127.0.0.1 get_database: testGetMessageBusTopicName_DBName	
2024-04-24T12:17:02,936  INFO [TThreadPoolServer WorkerProcess-%d] HiveMetaStore.audit: ugi=alex	ip=127.0.0.1	cmd=source:127.0.0.1 get_tables_by_type: db=@hive#testGetMessageBusTopicName_DBName pat=.*,type=MATERIALIZED_VIEW	
2024-04-24T12:17:02,936  INFO [TThreadPoolServer WorkerProcess-%d] HiveMetaStore.audit: ugi=alex	ip=127.0.0.1	cmd=source:127.0.0.1 getTablesByTypeCore: catName=hive: db=testGetMessageBusTopicName_DBName pat=.*,type=MATERIALIZED_VIEW	
2024-04-24T12:17:02,940  INFO [TThreadPoolServer WorkerProcess-%d] HiveMetaStore.audit: ugi=alex	ip=127.0.0.1	cmd=source:127.0.0.1 get_all_tables: db=@hive#testGetMessageBusTopicName_DBName	
2024-04-24T12:17:02,944  INFO [TThreadPoolServer WorkerProcess-%d] HiveMetaStore.audit: ugi=alex	ip=127.0.0.1	cmd=source:127.0.0.1 get_multi_table : db=testGetMessageBusTopicName_DBName tbls=testgetmessagebustopicname_tablename	
2024-04-24T12:17:02,949  INFO [TThreadPoolServer WorkerProcess-%d] HiveMetaStore.audit: ugi=alex	ip=127.0.0.1	cmd=source:127.0.0.1 drop_database: @hive#testGetMessageBusTopicName_DBName	
2024-04-24T12:17:02,950  INFO [TThreadPoolServer WorkerProcess-%d] HiveMetaStore.audit: ugi=alex	ip=127.0.0.1	cmd=source:127.0.0.1 get_all_tables: db=@hive#testGetMessageBusTopicName_DBName	
2024-04-24T12:17:02,950  INFO [TThreadPoolServer WorkerProcess-%d] HiveMetaStore.audit: ugi=alex	ip=127.0.0.1	cmd=source:127.0.0.1 get_functions: db=@hive#testGetMessageBusTopicName_DBName pat=*	
2024-04-24T12:17:02,957  INFO [TThreadPoolServer WorkerProcess-%d] HiveMetaStore.audit: ugi=alex	ip=127.0.0.1	cmd=source:127.0.0.1 get_all_stored_procedures	
2024-04-24T12:17:02,960  INFO [TThreadPoolServer WorkerProcess-%d] HiveMetaStore.audit: ugi=alex	ip=127.0.0.1	cmd=source:127.0.0.1 get_all_packages	
2024-04-24T12:17:02,964  INFO [TThreadPoolServer WorkerProcess-%d] HiveMetaStore.audit: ugi=alex	ip=127.0.0.1	cmd=source:127.0.0.1 getTablesByTypeCore: catName=hive: db=testGetMessageBusTopicName_DBName pat=.*,type=MATERIALIZED_VIEW	
2024-04-24T12:17:02,967  INFO [TThreadPoolServer WorkerProcess-%d] metastore.ObjectStore: Dropping database hive.testGetMessageBusTopicName_DBName along with all tables
2024-04-24T12:17:02,980 ERROR [TThreadPoolServer WorkerProcess-%d] metastore.RetryingHMSHandler: Retrying HMSHandler after 2000 ms (attempt 1 of 10) with error: javax.jdo.JDODataStoreException: Exception thrown flushing changes to datastore
	at org.datanucleus.api.jdo.NucleusJDOHelper.getJDOExceptionForNucleusException(NucleusJDOHelper.java:542)
	at org.datanucleus.api.jdo.JDOPersistenceManager.flush(JDOPersistenceManager.java:2081)
	at org.apache.hadoop.hive.metastore.ObjectStore.addNotificationEvent(ObjectStore.java:11639)
	at sun.reflect.GeneratedMethodAccessor68.invoke(Unknown Source)
	at sun.reflect.DelegatingMethodAccessorImpl.invoke(DelegatingMethodAccessorImpl.java:43)
	at java.lang.reflect.Method.invoke(Method.java:498)
	at org.apache.hadoop.hive.metastore.RawStoreProxy.invoke(RawStoreProxy.java:97)
	at com.sun.proxy.$Proxy32.addNotificationEvent(Unknown Source)
	at org.apache.hive.hcatalog.listener.DbNotificationListener.process(DbNotificationListener.java:1403)
	at org.apache.hive.hcatalog.listener.DbNotificationListener.onDropDatabase(DbNotificationListener.java:513)
	at org.apache.hadoop.hive.metastore.MetaStoreListenerNotifier$26.notify(MetaStoreListenerNotifier.java:99)
	at org.apache.hadoop.hive.metastore.MetaStoreListenerNotifier.notifyEvent(MetaStoreListenerNotifier.java:339)
	at org.apache.hadoop.hive.metastore.HMSHandler.drop_database_core(HMSHandler.java:1785)
	at org.apache.hadoop.hive.metastore.HMSHandler.drop_database(HMSHandler.java:1869)
	at sun.reflect.GeneratedMethodAccessor288.invoke(Unknown Source)
	at sun.reflect.DelegatingMethodAccessorImpl.invoke(DelegatingMethodAccessorImpl.java:43)
	at java.lang.reflect.Method.invoke(Method.java:498)
	at org.apache.hadoop.hive.metastore.RetryingHMSHandler.invokeInternal(RetryingHMSHandler.java:147)
	at org.apache.hadoop.hive.metastore.RetryingHMSHandler.invoke(RetryingHMSHandler.java:108)
	at com.sun.proxy.$Proxy34.drop_database(Unknown Source)
	at org.apache.hadoop.hive.metastore.api.ThriftHiveMetastore$Processor$drop_database.getResult(ThriftHiveMetastore.java:18285)
	at org.apache.hadoop.hive.metastore.api.ThriftHiveMetastore$Processor$drop_database.getResult(ThriftHiveMetastore.java:18264)
	at org.apache.thrift.ProcessFunction.process(ProcessFunction.java:38)
	at org.apache.hadoop.hive.metastore.TUGIBasedProcessor$1.run(TUGIBasedProcessor.java:111)
	at org.apache.hadoop.hive.metastore.TUGIBasedProcessor$1.run(TUGIBasedProcessor.java:107)
	at java.security.AccessController.doPrivileged(Native Method)
	at javax.security.auth.Subject.doAs(Subject.java:422)
	at org.apache.hadoop.security.UserGroupInformation.doAs(UserGroupInformation.java:1682)
	at org.apache.hadoop.hive.metastore.TUGIBasedProcessor.process(TUGIBasedProcessor.java:119)
	at org.apache.thrift.server.TThreadPoolServer$WorkerProcess.run(TThreadPoolServer.java:248)
	at java.util.concurrent.ThreadPoolExecutor.runWorker(ThreadPoolExecutor.java:1149)
	at java.util.concurrent.ThreadPoolExecutor$Worker.run(ThreadPoolExecutor.java:624)
	at java.lang.Thread.run(Thread.java:750)
NestedThrowablesStackTrace:
java.sql.BatchUpdateException: DELETE on table 'DBS' caused a violation of foreign key constraint 'TBLS_FK1' for key (23).  The statement has been rolled back.
	at org.apache.derby.impl.jdbc.EmbedStatement.executeLargeBatch(Unknown Source)
	at org.apache.derby.impl.jdbc.EmbedStatement.executeBatch(Unknown Source)
	at com.zaxxer.hikari.pool.ProxyStatement.executeBatch(ProxyStatement.java:128)
	at com.zaxxer.hikari.pool.HikariProxyPreparedStatement.executeBatch(HikariProxyPreparedStatement.java)
	at org.datanucleus.store.rdbms.ParamLoggingPreparedStatement.executeBatch(ParamLoggingPreparedStatement.java:366)
	at org.datanucleus.store.rdbms.SQLController.processConnectionStatement(SQLController.java:675)
	at org.datanucleus.store.rdbms.SQLController.processStatementsForConnection(SQLController.java:643)
	at org.datanucleus.store.rdbms.SQLController$1.transactionFlushed(SQLController.java:729)
	at org.datanucleus.store.connection.AbstractManagedConnection.transactionFlushed(AbstractManagedConnection.java:95)
	at org.datanucleus.store.connection.ConnectionManagerImpl$2.transactionFlushed(ConnectionManagerImpl.java:528)
	at org.datanucleus.TransactionImpl.flush(TransactionImpl.java:222)
	at org.datanucleus.ExecutionContextImpl.flushInternal(ExecutionContextImpl.java:4068)
	at org.datanucleus.ExecutionContextThreadedImpl.flushInternal(ExecutionContextThreadedImpl.java:448)
	at org.datanucleus.ExecutionContextImpl.flush(ExecutionContextImpl.java:4009)
	at org.datanucleus.ExecutionContextThreadedImpl.flush(ExecutionContextThreadedImpl.java:434)
	at org.datanucleus.api.jdo.JDOPersistenceManager.flush(JDOPersistenceManager.java:2064)
	at org.apache.hadoop.hive.metastore.ObjectStore.addNotificationEvent(ObjectStore.java:11639)
	at sun.reflect.GeneratedMethodAccessor68.invoke(Unknown Source)
	at sun.reflect.DelegatingMethodAccessorImpl.invoke(DelegatingMethodAccessorImpl.java:43)
	at java.lang.reflect.Method.invoke(Method.java:498)
	at org.apache.hadoop.hive.metastore.RawStoreProxy.invoke(RawStoreProxy.java:97)
	at com.sun.proxy.$Proxy32.addNotificationEvent(Unknown Source)
	at org.apache.hive.hcatalog.listener.DbNotificationListener.process(DbNotificationListener.java:1403)
	at org.apache.hive.hcatalog.listener.DbNotificationListener.onDropDatabase(DbNotificationListener.java:513)
	at org.apache.hadoop.hive.metastore.MetaStoreListenerNotifier$26.notify(MetaStoreListenerNotifier.java:99)
	at org.apache.hadoop.hive.metastore.MetaStoreListenerNotifier.notifyEvent(MetaStoreListenerNotifier.java:339)
	at org.apache.hadoop.hive.metastore.HMSHandler.drop_database_core(HMSHandler.java:1785)
	at org.apache.hadoop.hive.metastore.HMSHandler.drop_database(HMSHandler.java:1869)
	at sun.reflect.GeneratedMethodAccessor288.invoke(Unknown Source)
	at sun.reflect.DelegatingMethodAccessorImpl.invoke(DelegatingMethodAccessorImpl.java:43)
	at java.lang.reflect.Method.invoke(Method.java:498)
	at org.apache.hadoop.hive.metastore.RetryingHMSHandler.invokeInternal(RetryingHMSHandler.java:147)
	at org.apache.hadoop.hive.metastore.RetryingHMSHandler.invoke(RetryingHMSHandler.java:108)
	at com.sun.proxy.$Proxy34.drop_database(Unknown Source)
	at org.apache.hadoop.hive.metastore.api.ThriftHiveMetastore$Processor$drop_database.getResult(ThriftHiveMetastore.java:18285)
	at org.apache.hadoop.hive.metastore.api.ThriftHiveMetastore$Processor$drop_database.getResult(ThriftHiveMetastore.java:18264)
	at org.apache.thrift.ProcessFunction.process(ProcessFunction.java:38)
	at org.apache.hadoop.hive.metastore.TUGIBasedProcessor$1.run(TUGIBasedProcessor.java:111)
	at org.apache.hadoop.hive.metastore.TUGIBasedProcessor$1.run(TUGIBasedProcessor.java:107)
	at java.security.AccessController.doPrivileged(Native Method)
	at javax.security.auth.Subject.doAs(Subject.java:422)
	at org.apache.hadoop.security.UserGroupInformation.doAs(UserGroupInformation.java:1682)
	at org.apache.hadoop.hive.metastore.TUGIBasedProcessor.process(TUGIBasedProcessor.java:119)
	at org.apache.thrift.server.TThreadPoolServer$WorkerProcess.run(TThreadPoolServer.java:248)
	at java.util.concurrent.ThreadPoolExecutor.runWorker(ThreadPoolExecutor.java:1149)
	at java.util.concurrent.ThreadPoolExecutor$Worker.run(ThreadPoolExecutor.java:624)
	at java.lang.Thread.run(Thread.java:750)
Caused by: org.apache.derby.shared.common.error.DerbySQLIntegrityConstraintViolationException: DELETE on table 'DBS' caused a violation of foreign key constraint 'TBLS_FK1' for key (23).  The statement has been rolled back.
	at org.apache.derby.impl.jdbc.SQLExceptionFactory.getSQLException(Unknown Source)
	at org.apache.derby.impl.jdbc.Util.generateCsSQLException(Unknown Source)
	at org.apache.derby.impl.jdbc.TransactionResourceImpl.wrapInSQLException(Unknown Source)
	at org.apache.derby.impl.jdbc.TransactionResourceImpl.handleException(Unknown Source)
	at org.apache.derby.impl.jdbc.EmbedConnection.handleException(Unknown Source)
	at org.apache.derby.impl.jdbc.ConnectionChild.handleException(Unknown Source)
	at org.apache.derby.impl.jdbc.EmbedStatement.executeStatement(Unknown Source)
	at org.apache.derby.impl.jdbc.EmbedPreparedStatement.executeBatchElement(Unknown Source)
	... 47 more
Caused by: ERROR 23503: DELETE on table 'DBS' caused a violation of foreign key constraint 'TBLS_FK1' for key (23).  The statement has been rolled back.
	at org.apache.derby.iapi.error.StandardException.newException(Unknown Source)
	at org.apache.derby.iapi.error.StandardException.newException(Unknown Source)
	at org.apache.derby.impl.sql.execute.ReferencedKeyRIChecker.doCheck(Unknown Source)
	at org.apache.derby.impl.sql.execute.RISetChecker.doPKCheck(Unknown Source)
	at org.apache.derby.impl.sql.execute.DeleteResultSet.collectAffectedRows(Unknown Source)
	at org.apache.derby.impl.sql.execute.DeleteResultSet.open(Unknown Source)
	at org.apache.derby.impl.sql.GenericPreparedStatement.executeStmt(Unknown Source)
	at org.apache.derby.impl.sql.GenericPreparedStatement.execute(Unknown Source)
	... 49 more

2024-04-24T12:17:04,981  INFO [TThreadPoolServer WorkerProcess-%d] HiveMetaStore.audit: ugi=alex	ip=127.0.0.1	cmd=source:127.0.0.1 drop_database: @hive#testGetMessageBusTopicName_DBName	
2024-04-24T12:17:04,985  INFO [TThreadPoolServer WorkerProcess-%d] HiveMetaStore.audit: ugi=alex	ip=127.0.0.1	cmd=source:127.0.0.1 get_all_tables: db=@hive#testGetMessageBusTopicName_DBName	
2024-04-24T12:17:04,987  INFO [TThreadPoolServer WorkerProcess-%d] HiveMetaStore.audit: ugi=alex	ip=127.0.0.1	cmd=source:127.0.0.1 get_functions: db=@hive#testGetMessageBusTopicName_DBName pat=*	
2024-04-24T12:17:04,988  INFO [TThreadPoolServer WorkerProcess-%d] HiveMetaStore.audit: ugi=alex	ip=127.0.0.1	cmd=source:127.0.0.1 get_all_stored_procedures	
2024-04-24T12:17:04,989  INFO [TThreadPoolServer WorkerProcess-%d] HiveMetaStore.audit: ugi=alex	ip=127.0.0.1	cmd=source:127.0.0.1 get_all_packages	
2024-04-24T12:17:04,990  INFO [TThreadPoolServer WorkerProcess-%d] HiveMetaStore.audit: ugi=alex	ip=127.0.0.1	cmd=source:127.0.0.1 getTablesByTypeCore: catName=hive: db=testGetMessageBusTopicName_DBName pat=.*,type=MATERIALIZED_VIEW	
2024-04-24T12:17:04,992  INFO [TThreadPoolServer WorkerProcess-%d] metastore.ObjectStore: Dropping database hive.testGetMessageBusTopicName_DBName along with all tables
2024-04-24T12:17:04,995 ERROR [TThreadPoolServer WorkerProcess-%d] metastore.RetryingHMSHandler: Retrying HMSHandler after 2000 ms (attempt 2 of 10) with error: javax.jdo.JDODataStoreException: Exception thrown flushing changes to datastore
	at org.datanucleus.api.jdo.NucleusJDOHelper.getJDOExceptionForNucleusException(NucleusJDOHelper.java:542)
	at org.datanucleus.api.jdo.JDOPersistenceManager.flush(JDOPersistenceManager.java:2081)
	at org.apache.hadoop.hive.metastore.ObjectStore.addNotificationEvent(ObjectStore.java:11639)
	at sun.reflect.GeneratedMethodAccessor68.invoke(Unknown Source)
	at sun.reflect.DelegatingMethodAccessorImpl.invoke(DelegatingMethodAccessorImpl.java:43)
	at java.lang.reflect.Method.invoke(Method.java:498)
	at org.apache.hadoop.hive.metastore.RawStoreProxy.invoke(RawStoreProxy.java:97)
	at com.sun.proxy.$Proxy32.addNotificationEvent(Unknown Source)
	at org.apache.hive.hcatalog.listener.DbNotificationListener.process(DbNotificationListener.java:1403)
	at org.apache.hive.hcatalog.listener.DbNotificationListener.onDropDatabase(DbNotificationListener.java:513)
	at org.apache.hadoop.hive.metastore.MetaStoreListenerNotifier$26.notify(MetaStoreListenerNotifier.java:99)
	at org.apache.hadoop.hive.metastore.MetaStoreListenerNotifier.notifyEvent(MetaStoreListenerNotifier.java:339)
	at org.apache.hadoop.hive.metastore.HMSHandler.drop_database_core(HMSHandler.java:1785)
	at org.apache.hadoop.hive.metastore.HMSHandler.drop_database(HMSHandler.java:1869)
	at sun.reflect.GeneratedMethodAccessor288.invoke(Unknown Source)
	at sun.reflect.DelegatingMethodAccessorImpl.invoke(DelegatingMethodAccessorImpl.java:43)
	at java.lang.reflect.Method.invoke(Method.java:498)
	at org.apache.hadoop.hive.metastore.RetryingHMSHandler.invokeInternal(RetryingHMSHandler.java:147)
	at org.apache.hadoop.hive.metastore.RetryingHMSHandler.invoke(RetryingHMSHandler.java:108)
	at com.sun.proxy.$Proxy34.drop_database(Unknown Source)
	at org.apache.hadoop.hive.metastore.api.ThriftHiveMetastore$Processor$drop_database.getResult(ThriftHiveMetastore.java:18285)
	at org.apache.hadoop.hive.metastore.api.ThriftHiveMetastore$Processor$drop_database.getResult(ThriftHiveMetastore.java:18264)
	at org.apache.thrift.ProcessFunction.process(ProcessFunction.java:38)
	at org.apache.hadoop.hive.metastore.TUGIBasedProcessor$1.run(TUGIBasedProcessor.java:111)
	at org.apache.hadoop.hive.metastore.TUGIBasedProcessor$1.run(TUGIBasedProcessor.java:107)
	at java.security.AccessController.doPrivileged(Native Method)
	at javax.security.auth.Subject.doAs(Subject.java:422)
	at org.apache.hadoop.security.UserGroupInformation.doAs(UserGroupInformation.java:1682)
	at org.apache.hadoop.hive.metastore.TUGIBasedProcessor.process(TUGIBasedProcessor.java:119)
	at org.apache.thrift.server.TThreadPoolServer$WorkerProcess.run(TThreadPoolServer.java:248)
	at java.util.concurrent.ThreadPoolExecutor.runWorker(ThreadPoolExecutor.java:1149)
	at java.util.concurrent.ThreadPoolExecutor$Worker.run(ThreadPoolExecutor.java:624)
	at java.lang.Thread.run(Thread.java:750)
NestedThrowablesStackTrace:
java.sql.BatchUpdateException: DELETE on table 'DBS' caused a violation of foreign key constraint 'TBLS_FK1' for key (23).  The statement has been rolled back.
	at org.apache.derby.impl.jdbc.EmbedStatement.executeLargeBatch(Unknown Source)
	at org.apache.derby.impl.jdbc.EmbedStatement.executeBatch(Unknown Source)
	at com.zaxxer.hikari.pool.ProxyStatement.executeBatch(ProxyStatement.java:128)
	at com.zaxxer.hikari.pool.HikariProxyPreparedStatement.executeBatch(HikariProxyPreparedStatement.java)
	at org.datanucleus.store.rdbms.ParamLoggingPreparedStatement.executeBatch(ParamLoggingPreparedStatement.java:366)
	at org.datanucleus.store.rdbms.SQLController.processConnectionStatement(SQLController.java:675)
	at org.datanucleus.store.rdbms.SQLController.processStatementsForConnection(SQLController.java:643)
	at org.datanucleus.store.rdbms.SQLController$1.transactionFlushed(SQLController.java:729)
	at org.datanucleus.store.connection.AbstractManagedConnection.transactionFlushed(AbstractManagedConnection.java:95)
	at org.datanucleus.store.connection.ConnectionManagerImpl$2.transactionFlushed(ConnectionManagerImpl.java:528)
	at org.datanucleus.TransactionImpl.flush(TransactionImpl.java:222)
	at org.datanucleus.ExecutionContextImpl.flushInternal(ExecutionContextImpl.java:4068)
	at org.datanucleus.ExecutionContextThreadedImpl.flushInternal(ExecutionContextThreadedImpl.java:448)
	at org.datanucleus.ExecutionContextImpl.flush(ExecutionContextImpl.java:4009)
	at org.datanucleus.ExecutionContextThreadedImpl.flush(ExecutionContextThreadedImpl.java:434)
	at org.datanucleus.api.jdo.JDOPersistenceManager.flush(JDOPersistenceManager.java:2064)
	at org.apache.hadoop.hive.metastore.ObjectStore.addNotificationEvent(ObjectStore.java:11639)
	at sun.reflect.GeneratedMethodAccessor68.invoke(Unknown Source)
	at sun.reflect.DelegatingMethodAccessorImpl.invoke(DelegatingMethodAccessorImpl.java:43)
	at java.lang.reflect.Method.invoke(Method.java:498)
	at org.apache.hadoop.hive.metastore.RawStoreProxy.invoke(RawStoreProxy.java:97)
	at com.sun.proxy.$Proxy32.addNotificationEvent(Unknown Source)
	at org.apache.hive.hcatalog.listener.DbNotificationListener.process(DbNotificationListener.java:1403)
	at org.apache.hive.hcatalog.listener.DbNotificationListener.onDropDatabase(DbNotificationListener.java:513)
	at org.apache.hadoop.hive.metastore.MetaStoreListenerNotifier$26.notify(MetaStoreListenerNotifier.java:99)
	at org.apache.hadoop.hive.metastore.MetaStoreListenerNotifier.notifyEvent(MetaStoreListenerNotifier.java:339)
	at org.apache.hadoop.hive.metastore.HMSHandler.drop_database_core(HMSHandler.java:1785)
	at org.apache.hadoop.hive.metastore.HMSHandler.drop_database(HMSHandler.java:1869)
	at sun.reflect.GeneratedMethodAccessor288.invoke(Unknown Source)
	at sun.reflect.DelegatingMethodAccessorImpl.invoke(DelegatingMethodAccessorImpl.java:43)
	at java.lang.reflect.Method.invoke(Method.java:498)
	at org.apache.hadoop.hive.metastore.RetryingHMSHandler.invokeInternal(RetryingHMSHandler.java:147)
	at org.apache.hadoop.hive.metastore.RetryingHMSHandler.invoke(RetryingHMSHandler.java:108)
	at com.sun.proxy.$Proxy34.drop_database(Unknown Source)
	at org.apache.hadoop.hive.metastore.api.ThriftHiveMetastore$Processor$drop_database.getResult(ThriftHiveMetastore.java:18285)
	at org.apache.hadoop.hive.metastore.api.ThriftHiveMetastore$Processor$drop_database.getResult(ThriftHiveMetastore.java:18264)
	at org.apache.thrift.ProcessFunction.process(ProcessFunction.java:38)
	at org.apache.hadoop.hive.metastore.TUGIBasedProcessor$1.run(TUGIBasedProcessor.java:111)
	at org.apache.hadoop.hive.metastore.TUGIBasedProcessor$1.run(TUGIBasedProcessor.java:107)
	at java.security.AccessController.doPrivileged(Native Method)
	at javax.security.auth.Subject.doAs(Subject.java:422)
	at org.apache.hadoop.security.UserGroupInformation.doAs(UserGroupInformation.java:1682)
	at org.apache.hadoop.hive.metastore.TUGIBasedProcessor.process(TUGIBasedProcessor.java:119)
	at org.apache.thrift.server.TThreadPoolServer$WorkerProcess.run(TThreadPoolServer.java:248)
	at java.util.concurrent.ThreadPoolExecutor.runWorker(ThreadPoolExecutor.java:1149)
	at java.util.concurrent.ThreadPoolExecutor$Worker.run(ThreadPoolExecutor.java:624)
	at java.lang.Thread.run(Thread.java:750)
Caused by: org.apache.derby.shared.common.error.DerbySQLIntegrityConstraintViolationException: DELETE on table 'DBS' caused a violation of foreign key constraint 'TBLS_FK1' for key (23).  The statement has been rolled back.
	at org.apache.derby.impl.jdbc.SQLExceptionFactory.getSQLException(Unknown Source)
	at org.apache.derby.impl.jdbc.Util.generateCsSQLException(Unknown Source)
	at org.apache.derby.impl.jdbc.TransactionResourceImpl.wrapInSQLException(Unknown Source)
	at org.apache.derby.impl.jdbc.TransactionResourceImpl.handleException(Unknown Source)
	at org.apache.derby.impl.jdbc.EmbedConnection.handleException(Unknown Source)
	at org.apache.derby.impl.jdbc.ConnectionChild.handleException(Unknown Source)
	at org.apache.derby.impl.jdbc.EmbedStatement.executeStatement(Unknown Source)
	at org.apache.derby.impl.jdbc.EmbedPreparedStatement.executeBatchElement(Unknown Source)
	... 47 more
Caused by: ERROR 23503: DELETE on table 'DBS' caused a violation of foreign key constraint 'TBLS_FK1' for key (23).  The statement has been rolled back.
	at org.apache.derby.iapi.error.StandardException.newException(Unknown Source)
	at org.apache.derby.iapi.error.StandardException.newException(Unknown Source)
	at org.apache.derby.impl.sql.execute.ReferencedKeyRIChecker.doCheck(Unknown Source)
	at org.apache.derby.impl.sql.execute.RISetChecker.doPKCheck(Unknown Source)
	at org.apache.derby.impl.sql.execute.DeleteResultSet.collectAffectedRows(Unknown Source)
	at org.apache.derby.impl.sql.execute.DeleteResultSet.open(Unknown Source)
	at org.apache.derby.impl.sql.GenericPreparedStatement.executeStmt(Unknown Source)
	at org.apache.derby.impl.sql.GenericPreparedStatement.execute(Unknown Source)
	... 49 more

2024-04-24T12:17:06,996  INFO [TThreadPoolServer WorkerProcess-%d] HiveMetaStore.audit: ugi=alex	ip=127.0.0.1	cmd=source:127.0.0.1 drop_database: @hive#testGetMessageBusTopicName_DBName	
2024-04-24T12:17:06,999  INFO [TThreadPoolServer WorkerProcess-%d] HiveMetaStore.audit: ugi=alex	ip=127.0.0.1	cmd=source:127.0.0.1 get_all_tables: db=@hive#testGetMessageBusTopicName_DBName	
2024-04-24T12:17:07,000  INFO [TThreadPoolServer WorkerProcess-%d] HiveMetaStore.audit: ugi=alex	ip=127.0.0.1	cmd=source:127.0.0.1 get_functions: db=@hive#testGetMessageBusTopicName_DBName pat=*	
2024-04-24T12:17:07,001  INFO [TThreadPoolServer WorkerProcess-%d] HiveMetaStore.audit: ugi=alex	ip=127.0.0.1	cmd=source:127.0.0.1 get_all_stored_procedures	
2024-04-24T12:17:07,002  INFO [TThreadPoolServer WorkerProcess-%d] HiveMetaStore.audit: ugi=alex	ip=127.0.0.1	cmd=source:127.0.0.1 get_all_packages	
2024-04-24T12:17:07,002  INFO [TThreadPoolServer WorkerProcess-%d] HiveMetaStore.audit: ugi=alex	ip=127.0.0.1	cmd=source:127.0.0.1 getTablesByTypeCore: catName=hive: db=testGetMessageBusTopicName_DBName pat=.*,type=MATERIALIZED_VIEW	
2024-04-24T12:17:07,005  INFO [TThreadPoolServer WorkerProcess-%d] metastore.ObjectStore: Dropping database hive.testGetMessageBusTopicName_DBName along with all tables
2024-04-24T12:17:07,007 ERROR [TThreadPoolServer WorkerProcess-%d] metastore.RetryingHMSHandler: Retrying HMSHandler after 2000 ms (attempt 3 of 10) with error: javax.jdo.JDODataStoreException: Exception thrown flushing changes to datastore
	at org.datanucleus.api.jdo.NucleusJDOHelper.getJDOExceptionForNucleusException(NucleusJDOHelper.java:542)
	at org.datanucleus.api.jdo.JDOPersistenceManager.flush(JDOPersistenceManager.java:2081)
	at org.apache.hadoop.hive.metastore.ObjectStore.addNotificationEvent(ObjectStore.java:11639)
	at sun.reflect.GeneratedMethodAccessor68.invoke(Unknown Source)
	at sun.reflect.DelegatingMethodAccessorImpl.invoke(DelegatingMethodAccessorImpl.java:43)
	at java.lang.reflect.Method.invoke(Method.java:498)
	at org.apache.hadoop.hive.metastore.RawStoreProxy.invoke(RawStoreProxy.java:97)
	at com.sun.proxy.$Proxy32.addNotificationEvent(Unknown Source)
	at org.apache.hive.hcatalog.listener.DbNotificationListener.process(DbNotificationListener.java:1403)
	at org.apache.hive.hcatalog.listener.DbNotificationListener.onDropDatabase(DbNotificationListener.java:513)
	at org.apache.hadoop.hive.metastore.MetaStoreListenerNotifier$26.notify(MetaStoreListenerNotifier.java:99)
	at org.apache.hadoop.hive.metastore.MetaStoreListenerNotifier.notifyEvent(MetaStoreListenerNotifier.java:339)
	at org.apache.hadoop.hive.metastore.HMSHandler.drop_database_core(HMSHandler.java:1785)
	at org.apache.hadoop.hive.metastore.HMSHandler.drop_database(HMSHandler.java:1869)
	at sun.reflect.GeneratedMethodAccessor288.invoke(Unknown Source)
	at sun.reflect.DelegatingMethodAccessorImpl.invoke(DelegatingMethodAccessorImpl.java:43)
	at java.lang.reflect.Method.invoke(Method.java:498)
	at org.apache.hadoop.hive.metastore.RetryingHMSHandler.invokeInternal(RetryingHMSHandler.java:147)
	at org.apache.hadoop.hive.metastore.RetryingHMSHandler.invoke(RetryingHMSHandler.java:108)
	at com.sun.proxy.$Proxy34.drop_database(Unknown Source)
	at org.apache.hadoop.hive.metastore.api.ThriftHiveMetastore$Processor$drop_database.getResult(ThriftHiveMetastore.java:18285)
	at org.apache.hadoop.hive.metastore.api.ThriftHiveMetastore$Processor$drop_database.getResult(ThriftHiveMetastore.java:18264)
	at org.apache.thrift.ProcessFunction.process(ProcessFunction.java:38)
	at org.apache.hadoop.hive.metastore.TUGIBasedProcessor$1.run(TUGIBasedProcessor.java:111)
	at org.apache.hadoop.hive.metastore.TUGIBasedProcessor$1.run(TUGIBasedProcessor.java:107)
	at java.security.AccessController.doPrivileged(Native Method)
	at javax.security.auth.Subject.doAs(Subject.java:422)
	at org.apache.hadoop.security.UserGroupInformation.doAs(UserGroupInformation.java:1682)
	at org.apache.hadoop.hive.metastore.TUGIBasedProcessor.process(TUGIBasedProcessor.java:119)
	at org.apache.thrift.server.TThreadPoolServer$WorkerProcess.run(TThreadPoolServer.java:248)
	at java.util.concurrent.ThreadPoolExecutor.runWorker(ThreadPoolExecutor.java:1149)
	at java.util.concurrent.ThreadPoolExecutor$Worker.run(ThreadPoolExecutor.java:624)
	at java.lang.Thread.run(Thread.java:750)
NestedThrowablesStackTrace:
java.sql.BatchUpdateException: DELETE on table 'DBS' caused a violation of foreign key constraint 'TBLS_FK1' for key (23).  The statement has been rolled back.
	at org.apache.derby.impl.jdbc.EmbedStatement.executeLargeBatch(Unknown Source)
	at org.apache.derby.impl.jdbc.EmbedStatement.executeBatch(Unknown Source)
	at com.zaxxer.hikari.pool.ProxyStatement.executeBatch(ProxyStatement.java:128)
	at com.zaxxer.hikari.pool.HikariProxyPreparedStatement.executeBatch(HikariProxyPreparedStatement.java)
	at org.datanucleus.store.rdbms.ParamLoggingPreparedStatement.executeBatch(ParamLoggingPreparedStatement.java:366)
	at org.datanucleus.store.rdbms.SQLController.processConnectionStatement(SQLController.java:675)
	at org.datanucleus.store.rdbms.SQLController.processStatementsForConnection(SQLController.java:643)
	at org.datanucleus.store.rdbms.SQLController$1.transactionFlushed(SQLController.java:729)
	at org.datanucleus.store.connection.AbstractManagedConnection.transactionFlushed(AbstractManagedConnection.java:95)
	at org.datanucleus.store.connection.ConnectionManagerImpl$2.transactionFlushed(ConnectionManagerImpl.java:528)
	at org.datanucleus.TransactionImpl.flush(TransactionImpl.java:222)
	at org.datanucleus.ExecutionContextImpl.flushInternal(ExecutionContextImpl.java:4068)
	at org.datanucleus.ExecutionContextThreadedImpl.flushInternal(ExecutionContextThreadedImpl.java:448)
	at org.datanucleus.ExecutionContextImpl.flush(ExecutionContextImpl.java:4009)
	at org.datanucleus.ExecutionContextThreadedImpl.flush(ExecutionContextThreadedImpl.java:434)
	at org.datanucleus.api.jdo.JDOPersistenceManager.flush(JDOPersistenceManager.java:2064)
	at org.apache.hadoop.hive.metastore.ObjectStore.addNotificationEvent(ObjectStore.java:11639)
	at sun.reflect.GeneratedMethodAccessor68.invoke(Unknown Source)
	at sun.reflect.DelegatingMethodAccessorImpl.invoke(DelegatingMethodAccessorImpl.java:43)
	at java.lang.reflect.Method.invoke(Method.java:498)
	at org.apache.hadoop.hive.metastore.RawStoreProxy.invoke(RawStoreProxy.java:97)
	at com.sun.proxy.$Proxy32.addNotificationEvent(Unknown Source)
	at org.apache.hive.hcatalog.listener.DbNotificationListener.process(DbNotificationListener.java:1403)
	at org.apache.hive.hcatalog.listener.DbNotificationListener.onDropDatabase(DbNotificationListener.java:513)
	at org.apache.hadoop.hive.metastore.MetaStoreListenerNotifier$26.notify(MetaStoreListenerNotifier.java:99)
	at org.apache.hadoop.hive.metastore.MetaStoreListenerNotifier.notifyEvent(MetaStoreListenerNotifier.java:339)
	at org.apache.hadoop.hive.metastore.HMSHandler.drop_database_core(HMSHandler.java:1785)
	at org.apache.hadoop.hive.metastore.HMSHandler.drop_database(HMSHandler.java:1869)
	at sun.reflect.GeneratedMethodAccessor288.invoke(Unknown Source)
	at sun.reflect.DelegatingMethodAccessorImpl.invoke(DelegatingMethodAccessorImpl.java:43)
	at java.lang.reflect.Method.invoke(Method.java:498)
	at org.apache.hadoop.hive.metastore.RetryingHMSHandler.invokeInternal(RetryingHMSHandler.java:147)
	at org.apache.hadoop.hive.metastore.RetryingHMSHandler.invoke(RetryingHMSHandler.java:108)
	at com.sun.proxy.$Proxy34.drop_database(Unknown Source)
	at org.apache.hadoop.hive.metastore.api.ThriftHiveMetastore$Processor$drop_database.getResult(ThriftHiveMetastore.java:18285)
	at org.apache.hadoop.hive.metastore.api.ThriftHiveMetastore$Processor$drop_database.getResult(ThriftHiveMetastore.java:18264)
	at org.apache.thrift.ProcessFunction.process(ProcessFunction.java:38)
	at org.apache.hadoop.hive.metastore.TUGIBasedProcessor$1.run(TUGIBasedProcessor.java:111)
	at org.apache.hadoop.hive.metastore.TUGIBasedProcessor$1.run(TUGIBasedProcessor.java:107)
	at java.security.AccessController.doPrivileged(Native Method)
	at javax.security.auth.Subject.doAs(Subject.java:422)
	at org.apache.hadoop.security.UserGroupInformation.doAs(UserGroupInformation.java:1682)
	at org.apache.hadoop.hive.metastore.TUGIBasedProcessor.process(TUGIBasedProcessor.java:119)
	at org.apache.thrift.server.TThreadPoolServer$WorkerProcess.run(TThreadPoolServer.java:248)
	at java.util.concurrent.ThreadPoolExecutor.runWorker(ThreadPoolExecutor.java:1149)
	at java.util.concurrent.ThreadPoolExecutor$Worker.run(ThreadPoolExecutor.java:624)
	at java.lang.Thread.run(Thread.java:750)
Caused by: org.apache.derby.shared.common.error.DerbySQLIntegrityConstraintViolationException: DELETE on table 'DBS' caused a violation of foreign key constraint 'TBLS_FK1' for key (23).  The statement has been rolled back.
	at org.apache.derby.impl.jdbc.SQLExceptionFactory.getSQLException(Unknown Source)
	at org.apache.derby.impl.jdbc.Util.generateCsSQLException(Unknown Source)
	at org.apache.derby.impl.jdbc.TransactionResourceImpl.wrapInSQLException(Unknown Source)
	at org.apache.derby.impl.jdbc.TransactionResourceImpl.handleException(Unknown Source)
	at org.apache.derby.impl.jdbc.EmbedConnection.handleException(Unknown Source)
	at org.apache.derby.impl.jdbc.ConnectionChild.handleException(Unknown Source)
	at org.apache.derby.impl.jdbc.EmbedStatement.executeStatement(Unknown Source)
	at org.apache.derby.impl.jdbc.EmbedPreparedStatement.executeBatchElement(Unknown Source)
	... 47 more
Caused by: ERROR 23503: DELETE on table 'DBS' caused a violation of foreign key constraint 'TBLS_FK1' for key (23).  The statement has been rolled back.
	at org.apache.derby.iapi.error.StandardException.newException(Unknown Source)
	at org.apache.derby.iapi.error.StandardException.newException(Unknown Source)
	at org.apache.derby.impl.sql.execute.ReferencedKeyRIChecker.doCheck(Unknown Source)
	at org.apache.derby.impl.sql.execute.RISetChecker.doPKCheck(Unknown Source)
	at org.apache.derby.impl.sql.execute.DeleteResultSet.collectAffectedRows(Unknown Source)
	at org.apache.derby.impl.sql.execute.DeleteResultSet.open(Unknown Source)
	at org.apache.derby.impl.sql.GenericPreparedStatement.executeStmt(Unknown Source)
	at org.apache.derby.impl.sql.GenericPreparedStatement.execute(Unknown Source)
	... 49 more

2024-04-24T12:17:09,008  INFO [TThreadPoolServer WorkerProcess-%d] HiveMetaStore.audit: ugi=alex	ip=127.0.0.1	cmd=source:127.0.0.1 drop_database: @hive#testGetMessageBusTopicName_DBName	
2024-04-24T12:17:09,012  INFO [TThreadPoolServer WorkerProcess-%d] HiveMetaStore.audit: ugi=alex	ip=127.0.0.1	cmd=source:127.0.0.1 get_all_tables: db=@hive#testGetMessageBusTopicName_DBName	
2024-04-24T12:17:09,013  INFO [TThreadPoolServer WorkerProcess-%d] HiveMetaStore.audit: ugi=alex	ip=127.0.0.1	cmd=source:127.0.0.1 get_functions: db=@hive#testGetMessageBusTopicName_DBName pat=*	
2024-04-24T12:17:09,014  INFO [TThreadPoolServer WorkerProcess-%d] HiveMetaStore.audit: ugi=alex	ip=127.0.0.1	cmd=source:127.0.0.1 get_all_stored_procedures	
2024-04-24T12:17:09,015  INFO [TThreadPoolServer WorkerProcess-%d] HiveMetaStore.audit: ugi=alex	ip=127.0.0.1	cmd=source:127.0.0.1 get_all_packages	
2024-04-24T12:17:09,016  INFO [TThreadPoolServer WorkerProcess-%d] HiveMetaStore.audit: ugi=alex	ip=127.0.0.1	cmd=source:127.0.0.1 getTablesByTypeCore: catName=hive: db=testGetMessageBusTopicName_DBName pat=.*,type=MATERIALIZED_VIEW	
2024-04-24T12:17:09,018  INFO [TThreadPoolServer WorkerProcess-%d] metastore.ObjectStore: Dropping database hive.testGetMessageBusTopicName_DBName along with all tables
2024-04-24T12:17:09,021 ERROR [TThreadPoolServer WorkerProcess-%d] metastore.RetryingHMSHandler: Retrying HMSHandler after 2000 ms (attempt 4 of 10) with error: javax.jdo.JDODataStoreException: Exception thrown flushing changes to datastore
	at org.datanucleus.api.jdo.NucleusJDOHelper.getJDOExceptionForNucleusException(NucleusJDOHelper.java:542)
	at org.datanucleus.api.jdo.JDOPersistenceManager.flush(JDOPersistenceManager.java:2081)
	at org.apache.hadoop.hive.metastore.ObjectStore.addNotificationEvent(ObjectStore.java:11639)
	at sun.reflect.GeneratedMethodAccessor68.invoke(Unknown Source)
	at sun.reflect.DelegatingMethodAccessorImpl.invoke(DelegatingMethodAccessorImpl.java:43)
	at java.lang.reflect.Method.invoke(Method.java:498)
	at org.apache.hadoop.hive.metastore.RawStoreProxy.invoke(RawStoreProxy.java:97)
	at com.sun.proxy.$Proxy32.addNotificationEvent(Unknown Source)
	at org.apache.hive.hcatalog.listener.DbNotificationListener.process(DbNotificationListener.java:1403)
	at org.apache.hive.hcatalog.listener.DbNotificationListener.onDropDatabase(DbNotificationListener.java:513)
	at org.apache.hadoop.hive.metastore.MetaStoreListenerNotifier$26.notify(MetaStoreListenerNotifier.java:99)
	at org.apache.hadoop.hive.metastore.MetaStoreListenerNotifier.notifyEvent(MetaStoreListenerNotifier.java:339)
	at org.apache.hadoop.hive.metastore.HMSHandler.drop_database_core(HMSHandler.java:1785)
	at org.apache.hadoop.hive.metastore.HMSHandler.drop_database(HMSHandler.java:1869)
	at sun.reflect.GeneratedMethodAccessor288.invoke(Unknown Source)
	at sun.reflect.DelegatingMethodAccessorImpl.invoke(DelegatingMethodAccessorImpl.java:43)
	at java.lang.reflect.Method.invoke(Method.java:498)
	at org.apache.hadoop.hive.metastore.RetryingHMSHandler.invokeInternal(RetryingHMSHandler.java:147)
	at org.apache.hadoop.hive.metastore.RetryingHMSHandler.invoke(RetryingHMSHandler.java:108)
	at com.sun.proxy.$Proxy34.drop_database(Unknown Source)
	at org.apache.hadoop.hive.metastore.api.ThriftHiveMetastore$Processor$drop_database.getResult(ThriftHiveMetastore.java:18285)
	at org.apache.hadoop.hive.metastore.api.ThriftHiveMetastore$Processor$drop_database.getResult(ThriftHiveMetastore.java:18264)
	at org.apache.thrift.ProcessFunction.process(ProcessFunction.java:38)
	at org.apache.hadoop.hive.metastore.TUGIBasedProcessor$1.run(TUGIBasedProcessor.java:111)
	at org.apache.hadoop.hive.metastore.TUGIBasedProcessor$1.run(TUGIBasedProcessor.java:107)
	at java.security.AccessController.doPrivileged(Native Method)
	at javax.security.auth.Subject.doAs(Subject.java:422)
	at org.apache.hadoop.security.UserGroupInformation.doAs(UserGroupInformation.java:1682)
	at org.apache.hadoop.hive.metastore.TUGIBasedProcessor.process(TUGIBasedProcessor.java:119)
	at org.apache.thrift.server.TThreadPoolServer$WorkerProcess.run(TThreadPoolServer.java:248)
	at java.util.concurrent.ThreadPoolExecutor.runWorker(ThreadPoolExecutor.java:1149)
	at java.util.concurrent.ThreadPoolExecutor$Worker.run(ThreadPoolExecutor.java:624)
	at java.lang.Thread.run(Thread.java:750)
NestedThrowablesStackTrace:
java.sql.BatchUpdateException: DELETE on table 'DBS' caused a violation of foreign key constraint 'TBLS_FK1' for key (23).  The statement has been rolled back.
	at org.apache.derby.impl.jdbc.EmbedStatement.executeLargeBatch(Unknown Source)
	at org.apache.derby.impl.jdbc.EmbedStatement.executeBatch(Unknown Source)
	at com.zaxxer.hikari.pool.ProxyStatement.executeBatch(ProxyStatement.java:128)
	at com.zaxxer.hikari.pool.HikariProxyPreparedStatement.executeBatch(HikariProxyPreparedStatement.java)
	at org.datanucleus.store.rdbms.ParamLoggingPreparedStatement.executeBatch(ParamLoggingPreparedStatement.java:366)
	at org.datanucleus.store.rdbms.SQLController.processConnectionStatement(SQLController.java:675)
	at org.datanucleus.store.rdbms.SQLController.processStatementsForConnection(SQLController.java:643)
	at org.datanucleus.store.rdbms.SQLController$1.transactionFlushed(SQLController.java:729)
	at org.datanucleus.store.connection.AbstractManagedConnection.transactionFlushed(AbstractManagedConnection.java:95)
	at org.datanucleus.store.connection.ConnectionManagerImpl$2.transactionFlushed(ConnectionManagerImpl.java:528)
	at org.datanucleus.TransactionImpl.flush(TransactionImpl.java:222)
	at org.datanucleus.ExecutionContextImpl.flushInternal(ExecutionContextImpl.java:4068)
	at org.datanucleus.ExecutionContextThreadedImpl.flushInternal(ExecutionContextThreadedImpl.java:448)
	at org.datanucleus.ExecutionContextImpl.flush(ExecutionContextImpl.java:4009)
	at org.datanucleus.ExecutionContextThreadedImpl.flush(ExecutionContextThreadedImpl.java:434)
	at org.datanucleus.api.jdo.JDOPersistenceManager.flush(JDOPersistenceManager.java:2064)
	at org.apache.hadoop.hive.metastore.ObjectStore.addNotificationEvent(ObjectStore.java:11639)
	at sun.reflect.GeneratedMethodAccessor68.invoke(Unknown Source)
	at sun.reflect.DelegatingMethodAccessorImpl.invoke(DelegatingMethodAccessorImpl.java:43)
	at java.lang.reflect.Method.invoke(Method.java:498)
	at org.apache.hadoop.hive.metastore.RawStoreProxy.invoke(RawStoreProxy.java:97)
	at com.sun.proxy.$Proxy32.addNotificationEvent(Unknown Source)
	at org.apache.hive.hcatalog.listener.DbNotificationListener.process(DbNotificationListener.java:1403)
	at org.apache.hive.hcatalog.listener.DbNotificationListener.onDropDatabase(DbNotificationListener.java:513)
	at org.apache.hadoop.hive.metastore.MetaStoreListenerNotifier$26.notify(MetaStoreListenerNotifier.java:99)
	at org.apache.hadoop.hive.metastore.MetaStoreListenerNotifier.notifyEvent(MetaStoreListenerNotifier.java:339)
	at org.apache.hadoop.hive.metastore.HMSHandler.drop_database_core(HMSHandler.java:1785)
	at org.apache.hadoop.hive.metastore.HMSHandler.drop_database(HMSHandler.java:1869)
	at sun.reflect.GeneratedMethodAccessor288.invoke(Unknown Source)
	at sun.reflect.DelegatingMethodAccessorImpl.invoke(DelegatingMethodAccessorImpl.java:43)
	at java.lang.reflect.Method.invoke(Method.java:498)
	at org.apache.hadoop.hive.metastore.RetryingHMSHandler.invokeInternal(RetryingHMSHandler.java:147)
	at org.apache.hadoop.hive.metastore.RetryingHMSHandler.invoke(RetryingHMSHandler.java:108)
	at com.sun.proxy.$Proxy34.drop_database(Unknown Source)
	at org.apache.hadoop.hive.metastore.api.ThriftHiveMetastore$Processor$drop_database.getResult(ThriftHiveMetastore.java:18285)
	at org.apache.hadoop.hive.metastore.api.ThriftHiveMetastore$Processor$drop_database.getResult(ThriftHiveMetastore.java:18264)
	at org.apache.thrift.ProcessFunction.process(ProcessFunction.java:38)
	at org.apache.hadoop.hive.metastore.TUGIBasedProcessor$1.run(TUGIBasedProcessor.java:111)
	at org.apache.hadoop.hive.metastore.TUGIBasedProcessor$1.run(TUGIBasedProcessor.java:107)
	at java.security.AccessController.doPrivileged(Native Method)
	at javax.security.auth.Subject.doAs(Subject.java:422)
	at org.apache.hadoop.security.UserGroupInformation.doAs(UserGroupInformation.java:1682)
	at org.apache.hadoop.hive.metastore.TUGIBasedProcessor.process(TUGIBasedProcessor.java:119)
	at org.apache.thrift.server.TThreadPoolServer$WorkerProcess.run(TThreadPoolServer.java:248)
	at java.util.concurrent.ThreadPoolExecutor.runWorker(ThreadPoolExecutor.java:1149)
	at java.util.concurrent.ThreadPoolExecutor$Worker.run(ThreadPoolExecutor.java:624)
	at java.lang.Thread.run(Thread.java:750)
Caused by: org.apache.derby.shared.common.error.DerbySQLIntegrityConstraintViolationException: DELETE on table 'DBS' caused a violation of foreign key constraint 'TBLS_FK1' for key (23).  The statement has been rolled back.
	at org.apache.derby.impl.jdbc.SQLExceptionFactory.getSQLException(Unknown Source)
	at org.apache.derby.impl.jdbc.Util.generateCsSQLException(Unknown Source)
	at org.apache.derby.impl.jdbc.TransactionResourceImpl.wrapInSQLException(Unknown Source)
	at org.apache.derby.impl.jdbc.TransactionResourceImpl.handleException(Unknown Source)
	at org.apache.derby.impl.jdbc.EmbedConnection.handleException(Unknown Source)
	at org.apache.derby.impl.jdbc.ConnectionChild.handleException(Unknown Source)
	at org.apache.derby.impl.jdbc.EmbedStatement.executeStatement(Unknown Source)
	at org.apache.derby.impl.jdbc.EmbedPreparedStatement.executeBatchElement(Unknown Source)
	... 47 more
Caused by: ERROR 23503: DELETE on table 'DBS' caused a violation of foreign key constraint 'TBLS_FK1' for key (23).  The statement has been rolled back.
	at org.apache.derby.iapi.error.StandardException.newException(Unknown Source)
	at org.apache.derby.iapi.error.StandardException.newException(Unknown Source)
	at org.apache.derby.impl.sql.execute.ReferencedKeyRIChecker.doCheck(Unknown Source)
	at org.apache.derby.impl.sql.execute.RISetChecker.doPKCheck(Unknown Source)
	at org.apache.derby.impl.sql.execute.DeleteResultSet.collectAffectedRows(Unknown Source)
	at org.apache.derby.impl.sql.execute.DeleteResultSet.open(Unknown Source)
	at org.apache.derby.impl.sql.GenericPreparedStatement.executeStmt(Unknown Source)
	at org.apache.derby.impl.sql.GenericPreparedStatement.execute(Unknown Source)
	... 49 more

2024-04-24T12:17:11,022  INFO [TThreadPoolServer WorkerProcess-%d] HiveMetaStore.audit: ugi=alex	ip=127.0.0.1	cmd=source:127.0.0.1 drop_database: @hive#testGetMessageBusTopicName_DBName	
2024-04-24T12:17:11,026  INFO [TThreadPoolServer WorkerProcess-%d] HiveMetaStore.audit: ugi=alex	ip=127.0.0.1	cmd=source:127.0.0.1 get_all_tables: db=@hive#testGetMessageBusTopicName_DBName	
2024-04-24T12:17:11,027  INFO [TThreadPoolServer WorkerProcess-%d] HiveMetaStore.audit: ugi=alex	ip=127.0.0.1	cmd=source:127.0.0.1 get_functions: db=@hive#testGetMessageBusTopicName_DBName pat=*	
2024-04-24T12:17:11,028  INFO [TThreadPoolServer WorkerProcess-%d] HiveMetaStore.audit: ugi=alex	ip=127.0.0.1	cmd=source:127.0.0.1 get_all_stored_procedures	
2024-04-24T12:17:11,029  INFO [TThreadPoolServer WorkerProcess-%d] HiveMetaStore.audit: ugi=alex	ip=127.0.0.1	cmd=source:127.0.0.1 get_all_packages	
2024-04-24T12:17:11,030  INFO [TThreadPoolServer WorkerProcess-%d] HiveMetaStore.audit: ugi=alex	ip=127.0.0.1	cmd=source:127.0.0.1 getTablesByTypeCore: catName=hive: db=testGetMessageBusTopicName_DBName pat=.*,type=MATERIALIZED_VIEW	
2024-04-24T12:17:11,032  INFO [TThreadPoolServer WorkerProcess-%d] metastore.ObjectStore: Dropping database hive.testGetMessageBusTopicName_DBName along with all tables
2024-04-24T12:17:11,035 ERROR [TThreadPoolServer WorkerProcess-%d] metastore.RetryingHMSHandler: Retrying HMSHandler after 2000 ms (attempt 5 of 10) with error: javax.jdo.JDODataStoreException: Exception thrown flushing changes to datastore
	at org.datanucleus.api.jdo.NucleusJDOHelper.getJDOExceptionForNucleusException(NucleusJDOHelper.java:542)
	at org.datanucleus.api.jdo.JDOPersistenceManager.flush(JDOPersistenceManager.java:2081)
	at org.apache.hadoop.hive.metastore.ObjectStore.addNotificationEvent(ObjectStore.java:11639)
	at sun.reflect.GeneratedMethodAccessor68.invoke(Unknown Source)
	at sun.reflect.DelegatingMethodAccessorImpl.invoke(DelegatingMethodAccessorImpl.java:43)
	at java.lang.reflect.Method.invoke(Method.java:498)
	at org.apache.hadoop.hive.metastore.RawStoreProxy.invoke(RawStoreProxy.java:97)
	at com.sun.proxy.$Proxy32.addNotificationEvent(Unknown Source)
	at org.apache.hive.hcatalog.listener.DbNotificationListener.process(DbNotificationListener.java:1403)
	at org.apache.hive.hcatalog.listener.DbNotificationListener.onDropDatabase(DbNotificationListener.java:513)
	at org.apache.hadoop.hive.metastore.MetaStoreListenerNotifier$26.notify(MetaStoreListenerNotifier.java:99)
	at org.apache.hadoop.hive.metastore.MetaStoreListenerNotifier.notifyEvent(MetaStoreListenerNotifier.java:339)
	at org.apache.hadoop.hive.metastore.HMSHandler.drop_database_core(HMSHandler.java:1785)
	at org.apache.hadoop.hive.metastore.HMSHandler.drop_database(HMSHandler.java:1869)
	at sun.reflect.GeneratedMethodAccessor288.invoke(Unknown Source)
	at sun.reflect.DelegatingMethodAccessorImpl.invoke(DelegatingMethodAccessorImpl.java:43)
	at java.lang.reflect.Method.invoke(Method.java:498)
	at org.apache.hadoop.hive.metastore.RetryingHMSHandler.invokeInternal(RetryingHMSHandler.java:147)
	at org.apache.hadoop.hive.metastore.RetryingHMSHandler.invoke(RetryingHMSHandler.java:108)
	at com.sun.proxy.$Proxy34.drop_database(Unknown Source)
	at org.apache.hadoop.hive.metastore.api.ThriftHiveMetastore$Processor$drop_database.getResult(ThriftHiveMetastore.java:18285)
	at org.apache.hadoop.hive.metastore.api.ThriftHiveMetastore$Processor$drop_database.getResult(ThriftHiveMetastore.java:18264)
	at org.apache.thrift.ProcessFunction.process(ProcessFunction.java:38)
	at org.apache.hadoop.hive.metastore.TUGIBasedProcessor$1.run(TUGIBasedProcessor.java:111)
	at org.apache.hadoop.hive.metastore.TUGIBasedProcessor$1.run(TUGIBasedProcessor.java:107)
	at java.security.AccessController.doPrivileged(Native Method)
	at javax.security.auth.Subject.doAs(Subject.java:422)
	at org.apache.hadoop.security.UserGroupInformation.doAs(UserGroupInformation.java:1682)
	at org.apache.hadoop.hive.metastore.TUGIBasedProcessor.process(TUGIBasedProcessor.java:119)
	at org.apache.thrift.server.TThreadPoolServer$WorkerProcess.run(TThreadPoolServer.java:248)
	at java.util.concurrent.ThreadPoolExecutor.runWorker(ThreadPoolExecutor.java:1149)
	at java.util.concurrent.ThreadPoolExecutor$Worker.run(ThreadPoolExecutor.java:624)
	at java.lang.Thread.run(Thread.java:750)
NestedThrowablesStackTrace:
java.sql.BatchUpdateException: DELETE on table 'DBS' caused a violation of foreign key constraint 'TBLS_FK1' for key (23).  The statement has been rolled back.
	at org.apache.derby.impl.jdbc.EmbedStatement.executeLargeBatch(Unknown Source)
	at org.apache.derby.impl.jdbc.EmbedStatement.executeBatch(Unknown Source)
	at com.zaxxer.hikari.pool.ProxyStatement.executeBatch(ProxyStatement.java:128)
	at com.zaxxer.hikari.pool.HikariProxyPreparedStatement.executeBatch(HikariProxyPreparedStatement.java)
	at org.datanucleus.store.rdbms.ParamLoggingPreparedStatement.executeBatch(ParamLoggingPreparedStatement.java:366)
	at org.datanucleus.store.rdbms.SQLController.processConnectionStatement(SQLController.java:675)
	at org.datanucleus.store.rdbms.SQLController.processStatementsForConnection(SQLController.java:643)
	at org.datanucleus.store.rdbms.SQLController$1.transactionFlushed(SQLController.java:729)
	at org.datanucleus.store.connection.AbstractManagedConnection.transactionFlushed(AbstractManagedConnection.java:95)
	at org.datanucleus.store.connection.ConnectionManagerImpl$2.transactionFlushed(ConnectionManagerImpl.java:528)
	at org.datanucleus.TransactionImpl.flush(TransactionImpl.java:222)
	at org.datanucleus.ExecutionContextImpl.flushInternal(ExecutionContextImpl.java:4068)
	at org.datanucleus.ExecutionContextThreadedImpl.flushInternal(ExecutionContextThreadedImpl.java:448)
	at org.datanucleus.ExecutionContextImpl.flush(ExecutionContextImpl.java:4009)
	at org.datanucleus.ExecutionContextThreadedImpl.flush(ExecutionContextThreadedImpl.java:434)
	at org.datanucleus.api.jdo.JDOPersistenceManager.flush(JDOPersistenceManager.java:2064)
	at org.apache.hadoop.hive.metastore.ObjectStore.addNotificationEvent(ObjectStore.java:11639)
	at sun.reflect.GeneratedMethodAccessor68.invoke(Unknown Source)
	at sun.reflect.DelegatingMethodAccessorImpl.invoke(DelegatingMethodAccessorImpl.java:43)
	at java.lang.reflect.Method.invoke(Method.java:498)
	at org.apache.hadoop.hive.metastore.RawStoreProxy.invoke(RawStoreProxy.java:97)
	at com.sun.proxy.$Proxy32.addNotificationEvent(Unknown Source)
	at org.apache.hive.hcatalog.listener.DbNotificationListener.process(DbNotificationListener.java:1403)
	at org.apache.hive.hcatalog.listener.DbNotificationListener.onDropDatabase(DbNotificationListener.java:513)
	at org.apache.hadoop.hive.metastore.MetaStoreListenerNotifier$26.notify(MetaStoreListenerNotifier.java:99)
	at org.apache.hadoop.hive.metastore.MetaStoreListenerNotifier.notifyEvent(MetaStoreListenerNotifier.java:339)
	at org.apache.hadoop.hive.metastore.HMSHandler.drop_database_core(HMSHandler.java:1785)
	at org.apache.hadoop.hive.metastore.HMSHandler.drop_database(HMSHandler.java:1869)
	at sun.reflect.GeneratedMethodAccessor288.invoke(Unknown Source)
	at sun.reflect.DelegatingMethodAccessorImpl.invoke(DelegatingMethodAccessorImpl.java:43)
	at java.lang.reflect.Method.invoke(Method.java:498)
	at org.apache.hadoop.hive.metastore.RetryingHMSHandler.invokeInternal(RetryingHMSHandler.java:147)
	at org.apache.hadoop.hive.metastore.RetryingHMSHandler.invoke(RetryingHMSHandler.java:108)
	at com.sun.proxy.$Proxy34.drop_database(Unknown Source)
	at org.apache.hadoop.hive.metastore.api.ThriftHiveMetastore$Processor$drop_database.getResult(ThriftHiveMetastore.java:18285)
	at org.apache.hadoop.hive.metastore.api.ThriftHiveMetastore$Processor$drop_database.getResult(ThriftHiveMetastore.java:18264)
	at org.apache.thrift.ProcessFunction.process(ProcessFunction.java:38)
	at org.apache.hadoop.hive.metastore.TUGIBasedProcessor$1.run(TUGIBasedProcessor.java:111)
	at org.apache.hadoop.hive.metastore.TUGIBasedProcessor$1.run(TUGIBasedProcessor.java:107)
	at java.security.AccessController.doPrivileged(Native Method)
	at javax.security.auth.Subject.doAs(Subject.java:422)
	at org.apache.hadoop.security.UserGroupInformation.doAs(UserGroupInformation.java:1682)
	at org.apache.hadoop.hive.metastore.TUGIBasedProcessor.process(TUGIBasedProcessor.java:119)
	at org.apache.thrift.server.TThreadPoolServer$WorkerProcess.run(TThreadPoolServer.java:248)
	at java.util.concurrent.ThreadPoolExecutor.runWorker(ThreadPoolExecutor.java:1149)
	at java.util.concurrent.ThreadPoolExecutor$Worker.run(ThreadPoolExecutor.java:624)
	at java.lang.Thread.run(Thread.java:750)
Caused by: org.apache.derby.shared.common.error.DerbySQLIntegrityConstraintViolationException: DELETE on table 'DBS' caused a violation of foreign key constraint 'TBLS_FK1' for key (23).  The statement has been rolled back.
	at org.apache.derby.impl.jdbc.SQLExceptionFactory.getSQLException(Unknown Source)
	at org.apache.derby.impl.jdbc.Util.generateCsSQLException(Unknown Source)
	at org.apache.derby.impl.jdbc.TransactionResourceImpl.wrapInSQLException(Unknown Source)
	at org.apache.derby.impl.jdbc.TransactionResourceImpl.handleException(Unknown Source)
	at org.apache.derby.impl.jdbc.EmbedConnection.handleException(Unknown Source)
	at org.apache.derby.impl.jdbc.ConnectionChild.handleException(Unknown Source)
	at org.apache.derby.impl.jdbc.EmbedStatement.executeStatement(Unknown Source)
	at org.apache.derby.impl.jdbc.EmbedPreparedStatement.executeBatchElement(Unknown Source)
	... 47 more
Caused by: ERROR 23503: DELETE on table 'DBS' caused a violation of foreign key constraint 'TBLS_FK1' for key (23).  The statement has been rolled back.
	at org.apache.derby.iapi.error.StandardException.newException(Unknown Source)
	at org.apache.derby.iapi.error.StandardException.newException(Unknown Source)
	at org.apache.derby.impl.sql.execute.ReferencedKeyRIChecker.doCheck(Unknown Source)
	at org.apache.derby.impl.sql.execute.RISetChecker.doPKCheck(Unknown Source)
	at org.apache.derby.impl.sql.execute.DeleteResultSet.collectAffectedRows(Unknown Source)
	at org.apache.derby.impl.sql.execute.DeleteResultSet.open(Unknown Source)
	at org.apache.derby.impl.sql.GenericPreparedStatement.executeStmt(Unknown Source)
	at org.apache.derby.impl.sql.GenericPreparedStatement.execute(Unknown Source)
	... 49 more

2024-04-24T12:17:13,036  INFO [TThreadPoolServer WorkerProcess-%d] HiveMetaStore.audit: ugi=alex	ip=127.0.0.1	cmd=source:127.0.0.1 drop_database: @hive#testGetMessageBusTopicName_DBName	
2024-04-24T12:17:13,039  INFO [TThreadPoolServer WorkerProcess-%d] HiveMetaStore.audit: ugi=alex	ip=127.0.0.1	cmd=source:127.0.0.1 get_all_tables: db=@hive#testGetMessageBusTopicName_DBName	
2024-04-24T12:17:13,041  INFO [TThreadPoolServer WorkerProcess-%d] HiveMetaStore.audit: ugi=alex	ip=127.0.0.1	cmd=source:127.0.0.1 get_functions: db=@hive#testGetMessageBusTopicName_DBName pat=*	
2024-04-24T12:17:13,042  INFO [TThreadPoolServer WorkerProcess-%d] HiveMetaStore.audit: ugi=alex	ip=127.0.0.1	cmd=source:127.0.0.1 get_all_stored_procedures	
2024-04-24T12:17:13,042  INFO [TThreadPoolServer WorkerProcess-%d] HiveMetaStore.audit: ugi=alex	ip=127.0.0.1	cmd=source:127.0.0.1 get_all_packages	
2024-04-24T12:17:13,043  INFO [TThreadPoolServer WorkerProcess-%d] HiveMetaStore.audit: ugi=alex	ip=127.0.0.1	cmd=source:127.0.0.1 getTablesByTypeCore: catName=hive: db=testGetMessageBusTopicName_DBName pat=.*,type=MATERIALIZED_VIEW	
2024-04-24T12:17:13,046  INFO [TThreadPoolServer WorkerProcess-%d] metastore.ObjectStore: Dropping database hive.testGetMessageBusTopicName_DBName along with all tables
2024-04-24T12:17:13,048 ERROR [TThreadPoolServer WorkerProcess-%d] metastore.RetryingHMSHandler: Retrying HMSHandler after 2000 ms (attempt 6 of 10) with error: javax.jdo.JDODataStoreException: Exception thrown flushing changes to datastore
	at org.datanucleus.api.jdo.NucleusJDOHelper.getJDOExceptionForNucleusException(NucleusJDOHelper.java:542)
	at org.datanucleus.api.jdo.JDOPersistenceManager.flush(JDOPersistenceManager.java:2081)
	at org.apache.hadoop.hive.metastore.ObjectStore.addNotificationEvent(ObjectStore.java:11639)
	at sun.reflect.GeneratedMethodAccessor68.invoke(Unknown Source)
	at sun.reflect.DelegatingMethodAccessorImpl.invoke(DelegatingMethodAccessorImpl.java:43)
	at java.lang.reflect.Method.invoke(Method.java:498)
	at org.apache.hadoop.hive.metastore.RawStoreProxy.invoke(RawStoreProxy.java:97)
	at com.sun.proxy.$Proxy32.addNotificationEvent(Unknown Source)
	at org.apache.hive.hcatalog.listener.DbNotificationListener.process(DbNotificationListener.java:1403)
	at org.apache.hive.hcatalog.listener.DbNotificationListener.onDropDatabase(DbNotificationListener.java:513)
	at org.apache.hadoop.hive.metastore.MetaStoreListenerNotifier$26.notify(MetaStoreListenerNotifier.java:99)
	at org.apache.hadoop.hive.metastore.MetaStoreListenerNotifier.notifyEvent(MetaStoreListenerNotifier.java:339)
	at org.apache.hadoop.hive.metastore.HMSHandler.drop_database_core(HMSHandler.java:1785)
	at org.apache.hadoop.hive.metastore.HMSHandler.drop_database(HMSHandler.java:1869)
	at sun.reflect.GeneratedMethodAccessor288.invoke(Unknown Source)
	at sun.reflect.DelegatingMethodAccessorImpl.invoke(DelegatingMethodAccessorImpl.java:43)
	at java.lang.reflect.Method.invoke(Method.java:498)
	at org.apache.hadoop.hive.metastore.RetryingHMSHandler.invokeInternal(RetryingHMSHandler.java:147)
	at org.apache.hadoop.hive.metastore.RetryingHMSHandler.invoke(RetryingHMSHandler.java:108)
	at com.sun.proxy.$Proxy34.drop_database(Unknown Source)
	at org.apache.hadoop.hive.metastore.api.ThriftHiveMetastore$Processor$drop_database.getResult(ThriftHiveMetastore.java:18285)
	at org.apache.hadoop.hive.metastore.api.ThriftHiveMetastore$Processor$drop_database.getResult(ThriftHiveMetastore.java:18264)
	at org.apache.thrift.ProcessFunction.process(ProcessFunction.java:38)
	at org.apache.hadoop.hive.metastore.TUGIBasedProcessor$1.run(TUGIBasedProcessor.java:111)
	at org.apache.hadoop.hive.metastore.TUGIBasedProcessor$1.run(TUGIBasedProcessor.java:107)
	at java.security.AccessController.doPrivileged(Native Method)
	at javax.security.auth.Subject.doAs(Subject.java:422)
	at org.apache.hadoop.security.UserGroupInformation.doAs(UserGroupInformation.java:1682)
	at org.apache.hadoop.hive.metastore.TUGIBasedProcessor.process(TUGIBasedProcessor.java:119)
	at org.apache.thrift.server.TThreadPoolServer$WorkerProcess.run(TThreadPoolServer.java:248)
	at java.util.concurrent.ThreadPoolExecutor.runWorker(ThreadPoolExecutor.java:1149)
	at java.util.concurrent.ThreadPoolExecutor$Worker.run(ThreadPoolExecutor.java:624)
	at java.lang.Thread.run(Thread.java:750)
NestedThrowablesStackTrace:
java.sql.BatchUpdateException: DELETE on table 'DBS' caused a violation of foreign key constraint 'TBLS_FK1' for key (23).  The statement has been rolled back.
	at org.apache.derby.impl.jdbc.EmbedStatement.executeLargeBatch(Unknown Source)
	at org.apache.derby.impl.jdbc.EmbedStatement.executeBatch(Unknown Source)
	at com.zaxxer.hikari.pool.ProxyStatement.executeBatch(ProxyStatement.java:128)
	at com.zaxxer.hikari.pool.HikariProxyPreparedStatement.executeBatch(HikariProxyPreparedStatement.java)
	at org.datanucleus.store.rdbms.ParamLoggingPreparedStatement.executeBatch(ParamLoggingPreparedStatement.java:366)
	at org.datanucleus.store.rdbms.SQLController.processConnectionStatement(SQLController.java:675)
	at org.datanucleus.store.rdbms.SQLController.processStatementsForConnection(SQLController.java:643)
	at org.datanucleus.store.rdbms.SQLController$1.transactionFlushed(SQLController.java:729)
	at org.datanucleus.store.connection.AbstractManagedConnection.transactionFlushed(AbstractManagedConnection.java:95)
	at org.datanucleus.store.connection.ConnectionManagerImpl$2.transactionFlushed(ConnectionManagerImpl.java:528)
	at org.datanucleus.TransactionImpl.flush(TransactionImpl.java:222)
	at org.datanucleus.ExecutionContextImpl.flushInternal(ExecutionContextImpl.java:4068)
	at org.datanucleus.ExecutionContextThreadedImpl.flushInternal(ExecutionContextThreadedImpl.java:448)
	at org.datanucleus.ExecutionContextImpl.flush(ExecutionContextImpl.java:4009)
	at org.datanucleus.ExecutionContextThreadedImpl.flush(ExecutionContextThreadedImpl.java:434)
	at org.datanucleus.api.jdo.JDOPersistenceManager.flush(JDOPersistenceManager.java:2064)
	at org.apache.hadoop.hive.metastore.ObjectStore.addNotificationEvent(ObjectStore.java:11639)
	at sun.reflect.GeneratedMethodAccessor68.invoke(Unknown Source)
	at sun.reflect.DelegatingMethodAccessorImpl.invoke(DelegatingMethodAccessorImpl.java:43)
	at java.lang.reflect.Method.invoke(Method.java:498)
	at org.apache.hadoop.hive.metastore.RawStoreProxy.invoke(RawStoreProxy.java:97)
	at com.sun.proxy.$Proxy32.addNotificationEvent(Unknown Source)
	at org.apache.hive.hcatalog.listener.DbNotificationListener.process(DbNotificationListener.java:1403)
	at org.apache.hive.hcatalog.listener.DbNotificationListener.onDropDatabase(DbNotificationListener.java:513)
	at org.apache.hadoop.hive.metastore.MetaStoreListenerNotifier$26.notify(MetaStoreListenerNotifier.java:99)
	at org.apache.hadoop.hive.metastore.MetaStoreListenerNotifier.notifyEvent(MetaStoreListenerNotifier.java:339)
	at org.apache.hadoop.hive.metastore.HMSHandler.drop_database_core(HMSHandler.java:1785)
	at org.apache.hadoop.hive.metastore.HMSHandler.drop_database(HMSHandler.java:1869)
	at sun.reflect.GeneratedMethodAccessor288.invoke(Unknown Source)
	at sun.reflect.DelegatingMethodAccessorImpl.invoke(DelegatingMethodAccessorImpl.java:43)
	at java.lang.reflect.Method.invoke(Method.java:498)
	at org.apache.hadoop.hive.metastore.RetryingHMSHandler.invokeInternal(RetryingHMSHandler.java:147)
	at org.apache.hadoop.hive.metastore.RetryingHMSHandler.invoke(RetryingHMSHandler.java:108)
	at com.sun.proxy.$Proxy34.drop_database(Unknown Source)
	at org.apache.hadoop.hive.metastore.api.ThriftHiveMetastore$Processor$drop_database.getResult(ThriftHiveMetastore.java:18285)
	at org.apache.hadoop.hive.metastore.api.ThriftHiveMetastore$Processor$drop_database.getResult(ThriftHiveMetastore.java:18264)
	at org.apache.thrift.ProcessFunction.process(ProcessFunction.java:38)
	at org.apache.hadoop.hive.metastore.TUGIBasedProcessor$1.run(TUGIBasedProcessor.java:111)
	at org.apache.hadoop.hive.metastore.TUGIBasedProcessor$1.run(TUGIBasedProcessor.java:107)
	at java.security.AccessController.doPrivileged(Native Method)
	at javax.security.auth.Subject.doAs(Subject.java:422)
	at org.apache.hadoop.security.UserGroupInformation.doAs(UserGroupInformation.java:1682)
	at org.apache.hadoop.hive.metastore.TUGIBasedProcessor.process(TUGIBasedProcessor.java:119)
	at org.apache.thrift.server.TThreadPoolServer$WorkerProcess.run(TThreadPoolServer.java:248)
	at java.util.concurrent.ThreadPoolExecutor.runWorker(ThreadPoolExecutor.java:1149)
	at java.util.concurrent.ThreadPoolExecutor$Worker.run(ThreadPoolExecutor.java:624)
	at java.lang.Thread.run(Thread.java:750)
Caused by: org.apache.derby.shared.common.error.DerbySQLIntegrityConstraintViolationException: DELETE on table 'DBS' caused a violation of foreign key constraint 'TBLS_FK1' for key (23).  The statement has been rolled back.
	at org.apache.derby.impl.jdbc.SQLExceptionFactory.getSQLException(Unknown Source)
	at org.apache.derby.impl.jdbc.Util.generateCsSQLException(Unknown Source)
	at org.apache.derby.impl.jdbc.TransactionResourceImpl.wrapInSQLException(Unknown Source)
	at org.apache.derby.impl.jdbc.TransactionResourceImpl.handleException(Unknown Source)
	at org.apache.derby.impl.jdbc.EmbedConnection.handleException(Unknown Source)
	at org.apache.derby.impl.jdbc.ConnectionChild.handleException(Unknown Source)
	at org.apache.derby.impl.jdbc.EmbedStatement.executeStatement(Unknown Source)
	at org.apache.derby.impl.jdbc.EmbedPreparedStatement.executeBatchElement(Unknown Source)
	... 47 more
Caused by: ERROR 23503: DELETE on table 'DBS' caused a violation of foreign key constraint 'TBLS_FK1' for key (23).  The statement has been rolled back.
	at org.apache.derby.iapi.error.StandardException.newException(Unknown Source)
	at org.apache.derby.iapi.error.StandardException.newException(Unknown Source)
	at org.apache.derby.impl.sql.execute.ReferencedKeyRIChecker.doCheck(Unknown Source)
	at org.apache.derby.impl.sql.execute.RISetChecker.doPKCheck(Unknown Source)
	at org.apache.derby.impl.sql.execute.DeleteResultSet.collectAffectedRows(Unknown Source)
	at org.apache.derby.impl.sql.execute.DeleteResultSet.open(Unknown Source)
	at org.apache.derby.impl.sql.GenericPreparedStatement.executeStmt(Unknown Source)
	at org.apache.derby.impl.sql.GenericPreparedStatement.execute(Unknown Source)
	... 49 more

2024-04-24T12:17:15,049  INFO [TThreadPoolServer WorkerProcess-%d] HiveMetaStore.audit: ugi=alex	ip=127.0.0.1	cmd=source:127.0.0.1 drop_database: @hive#testGetMessageBusTopicName_DBName	
2024-04-24T12:17:15,053  INFO [TThreadPoolServer WorkerProcess-%d] HiveMetaStore.audit: ugi=alex	ip=127.0.0.1	cmd=source:127.0.0.1 get_all_tables: db=@hive#testGetMessageBusTopicName_DBName	
2024-04-24T12:17:15,054  INFO [TThreadPoolServer WorkerProcess-%d] HiveMetaStore.audit: ugi=alex	ip=127.0.0.1	cmd=source:127.0.0.1 get_functions: db=@hive#testGetMessageBusTopicName_DBName pat=*	
2024-04-24T12:17:15,055  INFO [TThreadPoolServer WorkerProcess-%d] HiveMetaStore.audit: ugi=alex	ip=127.0.0.1	cmd=source:127.0.0.1 get_all_stored_procedures	
2024-04-24T12:17:15,056  INFO [TThreadPoolServer WorkerProcess-%d] HiveMetaStore.audit: ugi=alex	ip=127.0.0.1	cmd=source:127.0.0.1 get_all_packages	
2024-04-24T12:17:15,057  INFO [TThreadPoolServer WorkerProcess-%d] HiveMetaStore.audit: ugi=alex	ip=127.0.0.1	cmd=source:127.0.0.1 getTablesByTypeCore: catName=hive: db=testGetMessageBusTopicName_DBName pat=.*,type=MATERIALIZED_VIEW	
2024-04-24T12:17:15,060  INFO [TThreadPoolServer WorkerProcess-%d] metastore.ObjectStore: Dropping database hive.testGetMessageBusTopicName_DBName along with all tables
2024-04-24T12:17:15,063 ERROR [TThreadPoolServer WorkerProcess-%d] metastore.RetryingHMSHandler: Retrying HMSHandler after 2000 ms (attempt 7 of 10) with error: javax.jdo.JDODataStoreException: Exception thrown flushing changes to datastore
	at org.datanucleus.api.jdo.NucleusJDOHelper.getJDOExceptionForNucleusException(NucleusJDOHelper.java:542)
	at org.datanucleus.api.jdo.JDOPersistenceManager.flush(JDOPersistenceManager.java:2081)
	at org.apache.hadoop.hive.metastore.ObjectStore.addNotificationEvent(ObjectStore.java:11639)
	at sun.reflect.GeneratedMethodAccessor68.invoke(Unknown Source)
	at sun.reflect.DelegatingMethodAccessorImpl.invoke(DelegatingMethodAccessorImpl.java:43)
	at java.lang.reflect.Method.invoke(Method.java:498)
	at org.apache.hadoop.hive.metastore.RawStoreProxy.invoke(RawStoreProxy.java:97)
	at com.sun.proxy.$Proxy32.addNotificationEvent(Unknown Source)
	at org.apache.hive.hcatalog.listener.DbNotificationListener.process(DbNotificationListener.java:1403)
	at org.apache.hive.hcatalog.listener.DbNotificationListener.onDropDatabase(DbNotificationListener.java:513)
	at org.apache.hadoop.hive.metastore.MetaStoreListenerNotifier$26.notify(MetaStoreListenerNotifier.java:99)
	at org.apache.hadoop.hive.metastore.MetaStoreListenerNotifier.notifyEvent(MetaStoreListenerNotifier.java:339)
	at org.apache.hadoop.hive.metastore.HMSHandler.drop_database_core(HMSHandler.java:1785)
	at org.apache.hadoop.hive.metastore.HMSHandler.drop_database(HMSHandler.java:1869)
	at sun.reflect.GeneratedMethodAccessor288.invoke(Unknown Source)
	at sun.reflect.DelegatingMethodAccessorImpl.invoke(DelegatingMethodAccessorImpl.java:43)
	at java.lang.reflect.Method.invoke(Method.java:498)
	at org.apache.hadoop.hive.metastore.RetryingHMSHandler.invokeInternal(RetryingHMSHandler.java:147)
	at org.apache.hadoop.hive.metastore.RetryingHMSHandler.invoke(RetryingHMSHandler.java:108)
	at com.sun.proxy.$Proxy34.drop_database(Unknown Source)
	at org.apache.hadoop.hive.metastore.api.ThriftHiveMetastore$Processor$drop_database.getResult(ThriftHiveMetastore.java:18285)
	at org.apache.hadoop.hive.metastore.api.ThriftHiveMetastore$Processor$drop_database.getResult(ThriftHiveMetastore.java:18264)
	at org.apache.thrift.ProcessFunction.process(ProcessFunction.java:38)
	at org.apache.hadoop.hive.metastore.TUGIBasedProcessor$1.run(TUGIBasedProcessor.java:111)
	at org.apache.hadoop.hive.metastore.TUGIBasedProcessor$1.run(TUGIBasedProcessor.java:107)
	at java.security.AccessController.doPrivileged(Native Method)
	at javax.security.auth.Subject.doAs(Subject.java:422)
	at org.apache.hadoop.security.UserGroupInformation.doAs(UserGroupInformation.java:1682)
	at org.apache.hadoop.hive.metastore.TUGIBasedProcessor.process(TUGIBasedProcessor.java:119)
	at org.apache.thrift.server.TThreadPoolServer$WorkerProcess.run(TThreadPoolServer.java:248)
	at java.util.concurrent.ThreadPoolExecutor.runWorker(ThreadPoolExecutor.java:1149)
	at java.util.concurrent.ThreadPoolExecutor$Worker.run(ThreadPoolExecutor.java:624)
	at java.lang.Thread.run(Thread.java:750)
NestedThrowablesStackTrace:
java.sql.BatchUpdateException: DELETE on table 'DBS' caused a violation of foreign key constraint 'TBLS_FK1' for key (23).  The statement has been rolled back.
	at org.apache.derby.impl.jdbc.EmbedStatement.executeLargeBatch(Unknown Source)
	at org.apache.derby.impl.jdbc.EmbedStatement.executeBatch(Unknown Source)
	at com.zaxxer.hikari.pool.ProxyStatement.executeBatch(ProxyStatement.java:128)
	at com.zaxxer.hikari.pool.HikariProxyPreparedStatement.executeBatch(HikariProxyPreparedStatement.java)
	at org.datanucleus.store.rdbms.ParamLoggingPreparedStatement.executeBatch(ParamLoggingPreparedStatement.java:366)
	at org.datanucleus.store.rdbms.SQLController.processConnectionStatement(SQLController.java:675)
	at org.datanucleus.store.rdbms.SQLController.processStatementsForConnection(SQLController.java:643)
	at org.datanucleus.store.rdbms.SQLController$1.transactionFlushed(SQLController.java:729)
	at org.datanucleus.store.connection.AbstractManagedConnection.transactionFlushed(AbstractManagedConnection.java:95)
	at org.datanucleus.store.connection.ConnectionManagerImpl$2.transactionFlushed(ConnectionManagerImpl.java:528)
	at org.datanucleus.TransactionImpl.flush(TransactionImpl.java:222)
	at org.datanucleus.ExecutionContextImpl.flushInternal(ExecutionContextImpl.java:4068)
	at org.datanucleus.ExecutionContextThreadedImpl.flushInternal(ExecutionContextThreadedImpl.java:448)
	at org.datanucleus.ExecutionContextImpl.flush(ExecutionContextImpl.java:4009)
	at org.datanucleus.ExecutionContextThreadedImpl.flush(ExecutionContextThreadedImpl.java:434)
	at org.datanucleus.api.jdo.JDOPersistenceManager.flush(JDOPersistenceManager.java:2064)
	at org.apache.hadoop.hive.metastore.ObjectStore.addNotificationEvent(ObjectStore.java:11639)
	at sun.reflect.GeneratedMethodAccessor68.invoke(Unknown Source)
	at sun.reflect.DelegatingMethodAccessorImpl.invoke(DelegatingMethodAccessorImpl.java:43)
	at java.lang.reflect.Method.invoke(Method.java:498)
	at org.apache.hadoop.hive.metastore.RawStoreProxy.invoke(RawStoreProxy.java:97)
	at com.sun.proxy.$Proxy32.addNotificationEvent(Unknown Source)
	at org.apache.hive.hcatalog.listener.DbNotificationListener.process(DbNotificationListener.java:1403)
	at org.apache.hive.hcatalog.listener.DbNotificationListener.onDropDatabase(DbNotificationListener.java:513)
	at org.apache.hadoop.hive.metastore.MetaStoreListenerNotifier$26.notify(MetaStoreListenerNotifier.java:99)
	at org.apache.hadoop.hive.metastore.MetaStoreListenerNotifier.notifyEvent(MetaStoreListenerNotifier.java:339)
	at org.apache.hadoop.hive.metastore.HMSHandler.drop_database_core(HMSHandler.java:1785)
	at org.apache.hadoop.hive.metastore.HMSHandler.drop_database(HMSHandler.java:1869)
	at sun.reflect.GeneratedMethodAccessor288.invoke(Unknown Source)
	at sun.reflect.DelegatingMethodAccessorImpl.invoke(DelegatingMethodAccessorImpl.java:43)
	at java.lang.reflect.Method.invoke(Method.java:498)
	at org.apache.hadoop.hive.metastore.RetryingHMSHandler.invokeInternal(RetryingHMSHandler.java:147)
	at org.apache.hadoop.hive.metastore.RetryingHMSHandler.invoke(RetryingHMSHandler.java:108)
	at com.sun.proxy.$Proxy34.drop_database(Unknown Source)
	at org.apache.hadoop.hive.metastore.api.ThriftHiveMetastore$Processor$drop_database.getResult(ThriftHiveMetastore.java:18285)
	at org.apache.hadoop.hive.metastore.api.ThriftHiveMetastore$Processor$drop_database.getResult(ThriftHiveMetastore.java:18264)
	at org.apache.thrift.ProcessFunction.process(ProcessFunction.java:38)
	at org.apache.hadoop.hive.metastore.TUGIBasedProcessor$1.run(TUGIBasedProcessor.java:111)
	at org.apache.hadoop.hive.metastore.TUGIBasedProcessor$1.run(TUGIBasedProcessor.java:107)
	at java.security.AccessController.doPrivileged(Native Method)
	at javax.security.auth.Subject.doAs(Subject.java:422)
	at org.apache.hadoop.security.UserGroupInformation.doAs(UserGroupInformation.java:1682)
	at org.apache.hadoop.hive.metastore.TUGIBasedProcessor.process(TUGIBasedProcessor.java:119)
	at org.apache.thrift.server.TThreadPoolServer$WorkerProcess.run(TThreadPoolServer.java:248)
	at java.util.concurrent.ThreadPoolExecutor.runWorker(ThreadPoolExecutor.java:1149)
	at java.util.concurrent.ThreadPoolExecutor$Worker.run(ThreadPoolExecutor.java:624)
	at java.lang.Thread.run(Thread.java:750)
Caused by: org.apache.derby.shared.common.error.DerbySQLIntegrityConstraintViolationException: DELETE on table 'DBS' caused a violation of foreign key constraint 'TBLS_FK1' for key (23).  The statement has been rolled back.
	at org.apache.derby.impl.jdbc.SQLExceptionFactory.getSQLException(Unknown Source)
	at org.apache.derby.impl.jdbc.Util.generateCsSQLException(Unknown Source)
	at org.apache.derby.impl.jdbc.TransactionResourceImpl.wrapInSQLException(Unknown Source)
	at org.apache.derby.impl.jdbc.TransactionResourceImpl.handleException(Unknown Source)
	at org.apache.derby.impl.jdbc.EmbedConnection.handleException(Unknown Source)
	at org.apache.derby.impl.jdbc.ConnectionChild.handleException(Unknown Source)
	at org.apache.derby.impl.jdbc.EmbedStatement.executeStatement(Unknown Source)
	at org.apache.derby.impl.jdbc.EmbedPreparedStatement.executeBatchElement(Unknown Source)
	... 47 more
Caused by: ERROR 23503: DELETE on table 'DBS' caused a violation of foreign key constraint 'TBLS_FK1' for key (23).  The statement has been rolled back.
	at org.apache.derby.iapi.error.StandardException.newException(Unknown Source)
	at org.apache.derby.iapi.error.StandardException.newException(Unknown Source)
	at org.apache.derby.impl.sql.execute.ReferencedKeyRIChecker.doCheck(Unknown Source)
	at org.apache.derby.impl.sql.execute.RISetChecker.doPKCheck(Unknown Source)
	at org.apache.derby.impl.sql.execute.DeleteResultSet.collectAffectedRows(Unknown Source)
	at org.apache.derby.impl.sql.execute.DeleteResultSet.open(Unknown Source)
	at org.apache.derby.impl.sql.GenericPreparedStatement.executeStmt(Unknown Source)
	at org.apache.derby.impl.sql.GenericPreparedStatement.execute(Unknown Source)
	... 49 more

2024-04-24T12:17:17,064  INFO [TThreadPoolServer WorkerProcess-%d] HiveMetaStore.audit: ugi=alex	ip=127.0.0.1	cmd=source:127.0.0.1 drop_database: @hive#testGetMessageBusTopicName_DBName	
2024-04-24T12:17:17,067  INFO [TThreadPoolServer WorkerProcess-%d] HiveMetaStore.audit: ugi=alex	ip=127.0.0.1	cmd=source:127.0.0.1 get_all_tables: db=@hive#testGetMessageBusTopicName_DBName	
2024-04-24T12:17:17,069  INFO [TThreadPoolServer WorkerProcess-%d] HiveMetaStore.audit: ugi=alex	ip=127.0.0.1	cmd=source:127.0.0.1 get_functions: db=@hive#testGetMessageBusTopicName_DBName pat=*	
2024-04-24T12:17:17,070  INFO [TThreadPoolServer WorkerProcess-%d] HiveMetaStore.audit: ugi=alex	ip=127.0.0.1	cmd=source:127.0.0.1 get_all_stored_procedures	
2024-04-24T12:17:17,071  INFO [TThreadPoolServer WorkerProcess-%d] HiveMetaStore.audit: ugi=alex	ip=127.0.0.1	cmd=source:127.0.0.1 get_all_packages	
2024-04-24T12:17:17,072  INFO [TThreadPoolServer WorkerProcess-%d] HiveMetaStore.audit: ugi=alex	ip=127.0.0.1	cmd=source:127.0.0.1 getTablesByTypeCore: catName=hive: db=testGetMessageBusTopicName_DBName pat=.*,type=MATERIALIZED_VIEW	
2024-04-24T12:17:17,074  INFO [TThreadPoolServer WorkerProcess-%d] metastore.ObjectStore: Dropping database hive.testGetMessageBusTopicName_DBName along with all tables
2024-04-24T12:17:17,078 ERROR [TThreadPoolServer WorkerProcess-%d] metastore.RetryingHMSHandler: Retrying HMSHandler after 2000 ms (attempt 8 of 10) with error: javax.jdo.JDODataStoreException: Exception thrown flushing changes to datastore
	at org.datanucleus.api.jdo.NucleusJDOHelper.getJDOExceptionForNucleusException(NucleusJDOHelper.java:542)
	at org.datanucleus.api.jdo.JDOPersistenceManager.flush(JDOPersistenceManager.java:2081)
	at org.apache.hadoop.hive.metastore.ObjectStore.addNotificationEvent(ObjectStore.java:11639)
	at sun.reflect.GeneratedMethodAccessor68.invoke(Unknown Source)
	at sun.reflect.DelegatingMethodAccessorImpl.invoke(DelegatingMethodAccessorImpl.java:43)
	at java.lang.reflect.Method.invoke(Method.java:498)
	at org.apache.hadoop.hive.metastore.RawStoreProxy.invoke(RawStoreProxy.java:97)
	at com.sun.proxy.$Proxy32.addNotificationEvent(Unknown Source)
	at org.apache.hive.hcatalog.listener.DbNotificationListener.process(DbNotificationListener.java:1403)
	at org.apache.hive.hcatalog.listener.DbNotificationListener.onDropDatabase(DbNotificationListener.java:513)
	at org.apache.hadoop.hive.metastore.MetaStoreListenerNotifier$26.notify(MetaStoreListenerNotifier.java:99)
	at org.apache.hadoop.hive.metastore.MetaStoreListenerNotifier.notifyEvent(MetaStoreListenerNotifier.java:339)
	at org.apache.hadoop.hive.metastore.HMSHandler.drop_database_core(HMSHandler.java:1785)
	at org.apache.hadoop.hive.metastore.HMSHandler.drop_database(HMSHandler.java:1869)
	at sun.reflect.GeneratedMethodAccessor288.invoke(Unknown Source)
	at sun.reflect.DelegatingMethodAccessorImpl.invoke(DelegatingMethodAccessorImpl.java:43)
	at java.lang.reflect.Method.invoke(Method.java:498)
	at org.apache.hadoop.hive.metastore.RetryingHMSHandler.invokeInternal(RetryingHMSHandler.java:147)
	at org.apache.hadoop.hive.metastore.RetryingHMSHandler.invoke(RetryingHMSHandler.java:108)
	at com.sun.proxy.$Proxy34.drop_database(Unknown Source)
	at org.apache.hadoop.hive.metastore.api.ThriftHiveMetastore$Processor$drop_database.getResult(ThriftHiveMetastore.java:18285)
	at org.apache.hadoop.hive.metastore.api.ThriftHiveMetastore$Processor$drop_database.getResult(ThriftHiveMetastore.java:18264)
	at org.apache.thrift.ProcessFunction.process(ProcessFunction.java:38)
	at org.apache.hadoop.hive.metastore.TUGIBasedProcessor$1.run(TUGIBasedProcessor.java:111)
	at org.apache.hadoop.hive.metastore.TUGIBasedProcessor$1.run(TUGIBasedProcessor.java:107)
	at java.security.AccessController.doPrivileged(Native Method)
	at javax.security.auth.Subject.doAs(Subject.java:422)
	at org.apache.hadoop.security.UserGroupInformation.doAs(UserGroupInformation.java:1682)
	at org.apache.hadoop.hive.metastore.TUGIBasedProcessor.process(TUGIBasedProcessor.java:119)
	at org.apache.thrift.server.TThreadPoolServer$WorkerProcess.run(TThreadPoolServer.java:248)
	at java.util.concurrent.ThreadPoolExecutor.runWorker(ThreadPoolExecutor.java:1149)
	at java.util.concurrent.ThreadPoolExecutor$Worker.run(ThreadPoolExecutor.java:624)
	at java.lang.Thread.run(Thread.java:750)
NestedThrowablesStackTrace:
java.sql.BatchUpdateException: DELETE on table 'DBS' caused a violation of foreign key constraint 'TBLS_FK1' for key (23).  The statement has been rolled back.
	at org.apache.derby.impl.jdbc.EmbedStatement.executeLargeBatch(Unknown Source)
	at org.apache.derby.impl.jdbc.EmbedStatement.executeBatch(Unknown Source)
	at com.zaxxer.hikari.pool.ProxyStatement.executeBatch(ProxyStatement.java:128)
	at com.zaxxer.hikari.pool.HikariProxyPreparedStatement.executeBatch(HikariProxyPreparedStatement.java)
	at org.datanucleus.store.rdbms.ParamLoggingPreparedStatement.executeBatch(ParamLoggingPreparedStatement.java:366)
	at org.datanucleus.store.rdbms.SQLController.processConnectionStatement(SQLController.java:675)
	at org.datanucleus.store.rdbms.SQLController.processStatementsForConnection(SQLController.java:643)
	at org.datanucleus.store.rdbms.SQLController$1.transactionFlushed(SQLController.java:729)
	at org.datanucleus.store.connection.AbstractManagedConnection.transactionFlushed(AbstractManagedConnection.java:95)
	at org.datanucleus.store.connection.ConnectionManagerImpl$2.transactionFlushed(ConnectionManagerImpl.java:528)
	at org.datanucleus.TransactionImpl.flush(TransactionImpl.java:222)
	at org.datanucleus.ExecutionContextImpl.flushInternal(ExecutionContextImpl.java:4068)
	at org.datanucleus.ExecutionContextThreadedImpl.flushInternal(ExecutionContextThreadedImpl.java:448)
	at org.datanucleus.ExecutionContextImpl.flush(ExecutionContextImpl.java:4009)
	at org.datanucleus.ExecutionContextThreadedImpl.flush(ExecutionContextThreadedImpl.java:434)
	at org.datanucleus.api.jdo.JDOPersistenceManager.flush(JDOPersistenceManager.java:2064)
	at org.apache.hadoop.hive.metastore.ObjectStore.addNotificationEvent(ObjectStore.java:11639)
	at sun.reflect.GeneratedMethodAccessor68.invoke(Unknown Source)
	at sun.reflect.DelegatingMethodAccessorImpl.invoke(DelegatingMethodAccessorImpl.java:43)
	at java.lang.reflect.Method.invoke(Method.java:498)
	at org.apache.hadoop.hive.metastore.RawStoreProxy.invoke(RawStoreProxy.java:97)
	at com.sun.proxy.$Proxy32.addNotificationEvent(Unknown Source)
	at org.apache.hive.hcatalog.listener.DbNotificationListener.process(DbNotificationListener.java:1403)
	at org.apache.hive.hcatalog.listener.DbNotificationListener.onDropDatabase(DbNotificationListener.java:513)
	at org.apache.hadoop.hive.metastore.MetaStoreListenerNotifier$26.notify(MetaStoreListenerNotifier.java:99)
	at org.apache.hadoop.hive.metastore.MetaStoreListenerNotifier.notifyEvent(MetaStoreListenerNotifier.java:339)
	at org.apache.hadoop.hive.metastore.HMSHandler.drop_database_core(HMSHandler.java:1785)
	at org.apache.hadoop.hive.metastore.HMSHandler.drop_database(HMSHandler.java:1869)
	at sun.reflect.GeneratedMethodAccessor288.invoke(Unknown Source)
	at sun.reflect.DelegatingMethodAccessorImpl.invoke(DelegatingMethodAccessorImpl.java:43)
	at java.lang.reflect.Method.invoke(Method.java:498)
	at org.apache.hadoop.hive.metastore.RetryingHMSHandler.invokeInternal(RetryingHMSHandler.java:147)
	at org.apache.hadoop.hive.metastore.RetryingHMSHandler.invoke(RetryingHMSHandler.java:108)
	at com.sun.proxy.$Proxy34.drop_database(Unknown Source)
	at org.apache.hadoop.hive.metastore.api.ThriftHiveMetastore$Processor$drop_database.getResult(ThriftHiveMetastore.java:18285)
	at org.apache.hadoop.hive.metastore.api.ThriftHiveMetastore$Processor$drop_database.getResult(ThriftHiveMetastore.java:18264)
	at org.apache.thrift.ProcessFunction.process(ProcessFunction.java:38)
	at org.apache.hadoop.hive.metastore.TUGIBasedProcessor$1.run(TUGIBasedProcessor.java:111)
	at org.apache.hadoop.hive.metastore.TUGIBasedProcessor$1.run(TUGIBasedProcessor.java:107)
	at java.security.AccessController.doPrivileged(Native Method)
	at javax.security.auth.Subject.doAs(Subject.java:422)
	at org.apache.hadoop.security.UserGroupInformation.doAs(UserGroupInformation.java:1682)
	at org.apache.hadoop.hive.metastore.TUGIBasedProcessor.process(TUGIBasedProcessor.java:119)
	at org.apache.thrift.server.TThreadPoolServer$WorkerProcess.run(TThreadPoolServer.java:248)
	at java.util.concurrent.ThreadPoolExecutor.runWorker(ThreadPoolExecutor.java:1149)
	at java.util.concurrent.ThreadPoolExecutor$Worker.run(ThreadPoolExecutor.java:624)
	at java.lang.Thread.run(Thread.java:750)
Caused by: org.apache.derby.shared.common.error.DerbySQLIntegrityConstraintViolationException: DELETE on table 'DBS' caused a violation of foreign key constraint 'TBLS_FK1' for key (23).  The statement has been rolled back.
	at org.apache.derby.impl.jdbc.SQLExceptionFactory.getSQLException(Unknown Source)
	at org.apache.derby.impl.jdbc.Util.generateCsSQLException(Unknown Source)
	at org.apache.derby.impl.jdbc.TransactionResourceImpl.wrapInSQLException(Unknown Source)
	at org.apache.derby.impl.jdbc.TransactionResourceImpl.handleException(Unknown Source)
	at org.apache.derby.impl.jdbc.EmbedConnection.handleException(Unknown Source)
	at org.apache.derby.impl.jdbc.ConnectionChild.handleException(Unknown Source)
	at org.apache.derby.impl.jdbc.EmbedStatement.executeStatement(Unknown Source)
	at org.apache.derby.impl.jdbc.EmbedPreparedStatement.executeBatchElement(Unknown Source)
	... 47 more
Caused by: ERROR 23503: DELETE on table 'DBS' caused a violation of foreign key constraint 'TBLS_FK1' for key (23).  The statement has been rolled back.
	at org.apache.derby.iapi.error.StandardException.newException(Unknown Source)
	at org.apache.derby.iapi.error.StandardException.newException(Unknown Source)
	at org.apache.derby.impl.sql.execute.ReferencedKeyRIChecker.doCheck(Unknown Source)
	at org.apache.derby.impl.sql.execute.RISetChecker.doPKCheck(Unknown Source)
	at org.apache.derby.impl.sql.execute.DeleteResultSet.collectAffectedRows(Unknown Source)
	at org.apache.derby.impl.sql.execute.DeleteResultSet.open(Unknown Source)
	at org.apache.derby.impl.sql.GenericPreparedStatement.executeStmt(Unknown Source)
	at org.apache.derby.impl.sql.GenericPreparedStatement.execute(Unknown Source)
	... 49 more

2024-04-24T12:17:19,079  INFO [TThreadPoolServer WorkerProcess-%d] HiveMetaStore.audit: ugi=alex	ip=127.0.0.1	cmd=source:127.0.0.1 drop_database: @hive#testGetMessageBusTopicName_DBName	
2024-04-24T12:17:19,082  INFO [TThreadPoolServer WorkerProcess-%d] HiveMetaStore.audit: ugi=alex	ip=127.0.0.1	cmd=source:127.0.0.1 get_all_tables: db=@hive#testGetMessageBusTopicName_DBName	
2024-04-24T12:17:19,083  INFO [TThreadPoolServer WorkerProcess-%d] HiveMetaStore.audit: ugi=alex	ip=127.0.0.1	cmd=source:127.0.0.1 get_functions: db=@hive#testGetMessageBusTopicName_DBName pat=*	
2024-04-24T12:17:19,084  INFO [TThreadPoolServer WorkerProcess-%d] HiveMetaStore.audit: ugi=alex	ip=127.0.0.1	cmd=source:127.0.0.1 get_all_stored_procedures	
2024-04-24T12:17:19,084  INFO [TThreadPoolServer WorkerProcess-%d] HiveMetaStore.audit: ugi=alex	ip=127.0.0.1	cmd=source:127.0.0.1 get_all_packages	
2024-04-24T12:17:19,085  INFO [TThreadPoolServer WorkerProcess-%d] HiveMetaStore.audit: ugi=alex	ip=127.0.0.1	cmd=source:127.0.0.1 getTablesByTypeCore: catName=hive: db=testGetMessageBusTopicName_DBName pat=.*,type=MATERIALIZED_VIEW	
2024-04-24T12:17:19,088  INFO [TThreadPoolServer WorkerProcess-%d] metastore.ObjectStore: Dropping database hive.testGetMessageBusTopicName_DBName along with all tables
2024-04-24T12:17:19,092 ERROR [TThreadPoolServer WorkerProcess-%d] metastore.RetryingHMSHandler: Retrying HMSHandler after 2000 ms (attempt 9 of 10) with error: javax.jdo.JDODataStoreException: Exception thrown flushing changes to datastore
	at org.datanucleus.api.jdo.NucleusJDOHelper.getJDOExceptionForNucleusException(NucleusJDOHelper.java:542)
	at org.datanucleus.api.jdo.JDOPersistenceManager.flush(JDOPersistenceManager.java:2081)
	at org.apache.hadoop.hive.metastore.ObjectStore.addNotificationEvent(ObjectStore.java:11639)
	at sun.reflect.GeneratedMethodAccessor68.invoke(Unknown Source)
	at sun.reflect.DelegatingMethodAccessorImpl.invoke(DelegatingMethodAccessorImpl.java:43)
	at java.lang.reflect.Method.invoke(Method.java:498)
	at org.apache.hadoop.hive.metastore.RawStoreProxy.invoke(RawStoreProxy.java:97)
	at com.sun.proxy.$Proxy32.addNotificationEvent(Unknown Source)
	at org.apache.hive.hcatalog.listener.DbNotificationListener.process(DbNotificationListener.java:1403)
	at org.apache.hive.hcatalog.listener.DbNotificationListener.onDropDatabase(DbNotificationListener.java:513)
	at org.apache.hadoop.hive.metastore.MetaStoreListenerNotifier$26.notify(MetaStoreListenerNotifier.java:99)
	at org.apache.hadoop.hive.metastore.MetaStoreListenerNotifier.notifyEvent(MetaStoreListenerNotifier.java:339)
	at org.apache.hadoop.hive.metastore.HMSHandler.drop_database_core(HMSHandler.java:1785)
	at org.apache.hadoop.hive.metastore.HMSHandler.drop_database(HMSHandler.java:1869)
	at sun.reflect.GeneratedMethodAccessor288.invoke(Unknown Source)
	at sun.reflect.DelegatingMethodAccessorImpl.invoke(DelegatingMethodAccessorImpl.java:43)
	at java.lang.reflect.Method.invoke(Method.java:498)
	at org.apache.hadoop.hive.metastore.RetryingHMSHandler.invokeInternal(RetryingHMSHandler.java:147)
	at org.apache.hadoop.hive.metastore.RetryingHMSHandler.invoke(RetryingHMSHandler.java:108)
	at com.sun.proxy.$Proxy34.drop_database(Unknown Source)
	at org.apache.hadoop.hive.metastore.api.ThriftHiveMetastore$Processor$drop_database.getResult(ThriftHiveMetastore.java:18285)
	at org.apache.hadoop.hive.metastore.api.ThriftHiveMetastore$Processor$drop_database.getResult(ThriftHiveMetastore.java:18264)
	at org.apache.thrift.ProcessFunction.process(ProcessFunction.java:38)
	at org.apache.hadoop.hive.metastore.TUGIBasedProcessor$1.run(TUGIBasedProcessor.java:111)
	at org.apache.hadoop.hive.metastore.TUGIBasedProcessor$1.run(TUGIBasedProcessor.java:107)
	at java.security.AccessController.doPrivileged(Native Method)
	at javax.security.auth.Subject.doAs(Subject.java:422)
	at org.apache.hadoop.security.UserGroupInformation.doAs(UserGroupInformation.java:1682)
	at org.apache.hadoop.hive.metastore.TUGIBasedProcessor.process(TUGIBasedProcessor.java:119)
	at org.apache.thrift.server.TThreadPoolServer$WorkerProcess.run(TThreadPoolServer.java:248)
	at java.util.concurrent.ThreadPoolExecutor.runWorker(ThreadPoolExecutor.java:1149)
	at java.util.concurrent.ThreadPoolExecutor$Worker.run(ThreadPoolExecutor.java:624)
	at java.lang.Thread.run(Thread.java:750)
NestedThrowablesStackTrace:
java.sql.BatchUpdateException: DELETE on table 'DBS' caused a violation of foreign key constraint 'TBLS_FK1' for key (23).  The statement has been rolled back.
	at org.apache.derby.impl.jdbc.EmbedStatement.executeLargeBatch(Unknown Source)
	at org.apache.derby.impl.jdbc.EmbedStatement.executeBatch(Unknown Source)
	at com.zaxxer.hikari.pool.ProxyStatement.executeBatch(ProxyStatement.java:128)
	at com.zaxxer.hikari.pool.HikariProxyPreparedStatement.executeBatch(HikariProxyPreparedStatement.java)
	at org.datanucleus.store.rdbms.ParamLoggingPreparedStatement.executeBatch(ParamLoggingPreparedStatement.java:366)
	at org.datanucleus.store.rdbms.SQLController.processConnectionStatement(SQLController.java:675)
	at org.datanucleus.store.rdbms.SQLController.processStatementsForConnection(SQLController.java:643)
	at org.datanucleus.store.rdbms.SQLController$1.transactionFlushed(SQLController.java:729)
	at org.datanucleus.store.connection.AbstractManagedConnection.transactionFlushed(AbstractManagedConnection.java:95)
	at org.datanucleus.store.connection.ConnectionManagerImpl$2.transactionFlushed(ConnectionManagerImpl.java:528)
	at org.datanucleus.TransactionImpl.flush(TransactionImpl.java:222)
	at org.datanucleus.ExecutionContextImpl.flushInternal(ExecutionContextImpl.java:4068)
	at org.datanucleus.ExecutionContextThreadedImpl.flushInternal(ExecutionContextThreadedImpl.java:448)
	at org.datanucleus.ExecutionContextImpl.flush(ExecutionContextImpl.java:4009)
	at org.datanucleus.ExecutionContextThreadedImpl.flush(ExecutionContextThreadedImpl.java:434)
	at org.datanucleus.api.jdo.JDOPersistenceManager.flush(JDOPersistenceManager.java:2064)
	at org.apache.hadoop.hive.metastore.ObjectStore.addNotificationEvent(ObjectStore.java:11639)
	at sun.reflect.GeneratedMethodAccessor68.invoke(Unknown Source)
	at sun.reflect.DelegatingMethodAccessorImpl.invoke(DelegatingMethodAccessorImpl.java:43)
	at java.lang.reflect.Method.invoke(Method.java:498)
	at org.apache.hadoop.hive.metastore.RawStoreProxy.invoke(RawStoreProxy.java:97)
	at com.sun.proxy.$Proxy32.addNotificationEvent(Unknown Source)
	at org.apache.hive.hcatalog.listener.DbNotificationListener.process(DbNotificationListener.java:1403)
	at org.apache.hive.hcatalog.listener.DbNotificationListener.onDropDatabase(DbNotificationListener.java:513)
	at org.apache.hadoop.hive.metastore.MetaStoreListenerNotifier$26.notify(MetaStoreListenerNotifier.java:99)
	at org.apache.hadoop.hive.metastore.MetaStoreListenerNotifier.notifyEvent(MetaStoreListenerNotifier.java:339)
	at org.apache.hadoop.hive.metastore.HMSHandler.drop_database_core(HMSHandler.java:1785)
	at org.apache.hadoop.hive.metastore.HMSHandler.drop_database(HMSHandler.java:1869)
	at sun.reflect.GeneratedMethodAccessor288.invoke(Unknown Source)
	at sun.reflect.DelegatingMethodAccessorImpl.invoke(DelegatingMethodAccessorImpl.java:43)
	at java.lang.reflect.Method.invoke(Method.java:498)
	at org.apache.hadoop.hive.metastore.RetryingHMSHandler.invokeInternal(RetryingHMSHandler.java:147)
	at org.apache.hadoop.hive.metastore.RetryingHMSHandler.invoke(RetryingHMSHandler.java:108)
	at com.sun.proxy.$Proxy34.drop_database(Unknown Source)
	at org.apache.hadoop.hive.metastore.api.ThriftHiveMetastore$Processor$drop_database.getResult(ThriftHiveMetastore.java:18285)
	at org.apache.hadoop.hive.metastore.api.ThriftHiveMetastore$Processor$drop_database.getResult(ThriftHiveMetastore.java:18264)
	at org.apache.thrift.ProcessFunction.process(ProcessFunction.java:38)
	at org.apache.hadoop.hive.metastore.TUGIBasedProcessor$1.run(TUGIBasedProcessor.java:111)
	at org.apache.hadoop.hive.metastore.TUGIBasedProcessor$1.run(TUGIBasedProcessor.java:107)
	at java.security.AccessController.doPrivileged(Native Method)
	at javax.security.auth.Subject.doAs(Subject.java:422)
	at org.apache.hadoop.security.UserGroupInformation.doAs(UserGroupInformation.java:1682)
	at org.apache.hadoop.hive.metastore.TUGIBasedProcessor.process(TUGIBasedProcessor.java:119)
	at org.apache.thrift.server.TThreadPoolServer$WorkerProcess.run(TThreadPoolServer.java:248)
	at java.util.concurrent.ThreadPoolExecutor.runWorker(ThreadPoolExecutor.java:1149)
	at java.util.concurrent.ThreadPoolExecutor$Worker.run(ThreadPoolExecutor.java:624)
	at java.lang.Thread.run(Thread.java:750)
Caused by: org.apache.derby.shared.common.error.DerbySQLIntegrityConstraintViolationException: DELETE on table 'DBS' caused a violation of foreign key constraint 'TBLS_FK1' for key (23).  The statement has been rolled back.
	at org.apache.derby.impl.jdbc.SQLExceptionFactory.getSQLException(Unknown Source)
	at org.apache.derby.impl.jdbc.Util.generateCsSQLException(Unknown Source)
	at org.apache.derby.impl.jdbc.TransactionResourceImpl.wrapInSQLException(Unknown Source)
	at org.apache.derby.impl.jdbc.TransactionResourceImpl.handleException(Unknown Source)
	at org.apache.derby.impl.jdbc.EmbedConnection.handleException(Unknown Source)
	at org.apache.derby.impl.jdbc.ConnectionChild.handleException(Unknown Source)
	at org.apache.derby.impl.jdbc.EmbedStatement.executeStatement(Unknown Source)
	at org.apache.derby.impl.jdbc.EmbedPreparedStatement.executeBatchElement(Unknown Source)
	... 47 more
Caused by: ERROR 23503: DELETE on table 'DBS' caused a violation of foreign key constraint 'TBLS_FK1' for key (23).  The statement has been rolled back.
	at org.apache.derby.iapi.error.StandardException.newException(Unknown Source)
	at org.apache.derby.iapi.error.StandardException.newException(Unknown Source)
	at org.apache.derby.impl.sql.execute.ReferencedKeyRIChecker.doCheck(Unknown Source)
	at org.apache.derby.impl.sql.execute.RISetChecker.doPKCheck(Unknown Source)
	at org.apache.derby.impl.sql.execute.DeleteResultSet.collectAffectedRows(Unknown Source)
	at org.apache.derby.impl.sql.execute.DeleteResultSet.open(Unknown Source)
	at org.apache.derby.impl.sql.GenericPreparedStatement.executeStmt(Unknown Source)
	at org.apache.derby.impl.sql.GenericPreparedStatement.execute(Unknown Source)
	... 49 more

2024-04-24T12:17:21,093  INFO [TThreadPoolServer WorkerProcess-%d] HiveMetaStore.audit: ugi=alex	ip=127.0.0.1	cmd=source:127.0.0.1 drop_database: @hive#testGetMessageBusTopicName_DBName	
2024-04-24T12:17:21,096  INFO [TThreadPoolServer WorkerProcess-%d] HiveMetaStore.audit: ugi=alex	ip=127.0.0.1	cmd=source:127.0.0.1 get_all_tables: db=@hive#testGetMessageBusTopicName_DBName	
2024-04-24T12:17:21,098  INFO [TThreadPoolServer WorkerProcess-%d] HiveMetaStore.audit: ugi=alex	ip=127.0.0.1	cmd=source:127.0.0.1 get_functions: db=@hive#testGetMessageBusTopicName_DBName pat=*	
2024-04-24T12:17:21,099  INFO [TThreadPoolServer WorkerProcess-%d] HiveMetaStore.audit: ugi=alex	ip=127.0.0.1	cmd=source:127.0.0.1 get_all_stored_procedures	
2024-04-24T12:17:21,100  INFO [TThreadPoolServer WorkerProcess-%d] HiveMetaStore.audit: ugi=alex	ip=127.0.0.1	cmd=source:127.0.0.1 get_all_packages	
2024-04-24T12:17:21,101  INFO [TThreadPoolServer WorkerProcess-%d] HiveMetaStore.audit: ugi=alex	ip=127.0.0.1	cmd=source:127.0.0.1 getTablesByTypeCore: catName=hive: db=testGetMessageBusTopicName_DBName pat=.*,type=MATERIALIZED_VIEW	
2024-04-24T12:17:21,103  INFO [TThreadPoolServer WorkerProcess-%d] metastore.ObjectStore: Dropping database hive.testGetMessageBusTopicName_DBName along with all tables
2024-04-24T12:17:21,106 ERROR [TThreadPoolServer WorkerProcess-%d] metastore.RetryingHMSHandler: Retrying HMSHandler after 2000 ms (attempt 10 of 10) with error: javax.jdo.JDODataStoreException: Exception thrown flushing changes to datastore
	at org.datanucleus.api.jdo.NucleusJDOHelper.getJDOExceptionForNucleusException(NucleusJDOHelper.java:542)
	at org.datanucleus.api.jdo.JDOPersistenceManager.flush(JDOPersistenceManager.java:2081)
	at org.apache.hadoop.hive.metastore.ObjectStore.addNotificationEvent(ObjectStore.java:11639)
	at sun.reflect.GeneratedMethodAccessor68.invoke(Unknown Source)
	at sun.reflect.DelegatingMethodAccessorImpl.invoke(DelegatingMethodAccessorImpl.java:43)
	at java.lang.reflect.Method.invoke(Method.java:498)
	at org.apache.hadoop.hive.metastore.RawStoreProxy.invoke(RawStoreProxy.java:97)
	at com.sun.proxy.$Proxy32.addNotificationEvent(Unknown Source)
	at org.apache.hive.hcatalog.listener.DbNotificationListener.process(DbNotificationListener.java:1403)
	at org.apache.hive.hcatalog.listener.DbNotificationListener.onDropDatabase(DbNotificationListener.java:513)
	at org.apache.hadoop.hive.metastore.MetaStoreListenerNotifier$26.notify(MetaStoreListenerNotifier.java:99)
	at org.apache.hadoop.hive.metastore.MetaStoreListenerNotifier.notifyEvent(MetaStoreListenerNotifier.java:339)
	at org.apache.hadoop.hive.metastore.HMSHandler.drop_database_core(HMSHandler.java:1785)
	at org.apache.hadoop.hive.metastore.HMSHandler.drop_database(HMSHandler.java:1869)
	at sun.reflect.GeneratedMethodAccessor288.invoke(Unknown Source)
	at sun.reflect.DelegatingMethodAccessorImpl.invoke(DelegatingMethodAccessorImpl.java:43)
	at java.lang.reflect.Method.invoke(Method.java:498)
	at org.apache.hadoop.hive.metastore.RetryingHMSHandler.invokeInternal(RetryingHMSHandler.java:147)
	at org.apache.hadoop.hive.metastore.RetryingHMSHandler.invoke(RetryingHMSHandler.java:108)
	at com.sun.proxy.$Proxy34.drop_database(Unknown Source)
	at org.apache.hadoop.hive.metastore.api.ThriftHiveMetastore$Processor$drop_database.getResult(ThriftHiveMetastore.java:18285)
	at org.apache.hadoop.hive.metastore.api.ThriftHiveMetastore$Processor$drop_database.getResult(ThriftHiveMetastore.java:18264)
	at org.apache.thrift.ProcessFunction.process(ProcessFunction.java:38)
	at org.apache.hadoop.hive.metastore.TUGIBasedProcessor$1.run(TUGIBasedProcessor.java:111)
	at org.apache.hadoop.hive.metastore.TUGIBasedProcessor$1.run(TUGIBasedProcessor.java:107)
	at java.security.AccessController.doPrivileged(Native Method)
	at javax.security.auth.Subject.doAs(Subject.java:422)
	at org.apache.hadoop.security.UserGroupInformation.doAs(UserGroupInformation.java:1682)
	at org.apache.hadoop.hive.metastore.TUGIBasedProcessor.process(TUGIBasedProcessor.java:119)
	at org.apache.thrift.server.TThreadPoolServer$WorkerProcess.run(TThreadPoolServer.java:248)
	at java.util.concurrent.ThreadPoolExecutor.runWorker(ThreadPoolExecutor.java:1149)
	at java.util.concurrent.ThreadPoolExecutor$Worker.run(ThreadPoolExecutor.java:624)
	at java.lang.Thread.run(Thread.java:750)
NestedThrowablesStackTrace:
java.sql.BatchUpdateException: DELETE on table 'DBS' caused a violation of foreign key constraint 'TBLS_FK1' for key (23).  The statement has been rolled back.
	at org.apache.derby.impl.jdbc.EmbedStatement.executeLargeBatch(Unknown Source)
	at org.apache.derby.impl.jdbc.EmbedStatement.executeBatch(Unknown Source)
	at com.zaxxer.hikari.pool.ProxyStatement.executeBatch(ProxyStatement.java:128)
	at com.zaxxer.hikari.pool.HikariProxyPreparedStatement.executeBatch(HikariProxyPreparedStatement.java)
	at org.datanucleus.store.rdbms.ParamLoggingPreparedStatement.executeBatch(ParamLoggingPreparedStatement.java:366)
	at org.datanucleus.store.rdbms.SQLController.processConnectionStatement(SQLController.java:675)
	at org.datanucleus.store.rdbms.SQLController.processStatementsForConnection(SQLController.java:643)
	at org.datanucleus.store.rdbms.SQLController$1.transactionFlushed(SQLController.java:729)
	at org.datanucleus.store.connection.AbstractManagedConnection.transactionFlushed(AbstractManagedConnection.java:95)
	at org.datanucleus.store.connection.ConnectionManagerImpl$2.transactionFlushed(ConnectionManagerImpl.java:528)
	at org.datanucleus.TransactionImpl.flush(TransactionImpl.java:222)
	at org.datanucleus.ExecutionContextImpl.flushInternal(ExecutionContextImpl.java:4068)
	at org.datanucleus.ExecutionContextThreadedImpl.flushInternal(ExecutionContextThreadedImpl.java:448)
	at org.datanucleus.ExecutionContextImpl.flush(ExecutionContextImpl.java:4009)
	at org.datanucleus.ExecutionContextThreadedImpl.flush(ExecutionContextThreadedImpl.java:434)
	at org.datanucleus.api.jdo.JDOPersistenceManager.flush(JDOPersistenceManager.java:2064)
	at org.apache.hadoop.hive.metastore.ObjectStore.addNotificationEvent(ObjectStore.java:11639)
	at sun.reflect.GeneratedMethodAccessor68.invoke(Unknown Source)
	at sun.reflect.DelegatingMethodAccessorImpl.invoke(DelegatingMethodAccessorImpl.java:43)
	at java.lang.reflect.Method.invoke(Method.java:498)
	at org.apache.hadoop.hive.metastore.RawStoreProxy.invoke(RawStoreProxy.java:97)
	at com.sun.proxy.$Proxy32.addNotificationEvent(Unknown Source)
	at org.apache.hive.hcatalog.listener.DbNotificationListener.process(DbNotificationListener.java:1403)
	at org.apache.hive.hcatalog.listener.DbNotificationListener.onDropDatabase(DbNotificationListener.java:513)
	at org.apache.hadoop.hive.metastore.MetaStoreListenerNotifier$26.notify(MetaStoreListenerNotifier.java:99)
	at org.apache.hadoop.hive.metastore.MetaStoreListenerNotifier.notifyEvent(MetaStoreListenerNotifier.java:339)
	at org.apache.hadoop.hive.metastore.HMSHandler.drop_database_core(HMSHandler.java:1785)
	at org.apache.hadoop.hive.metastore.HMSHandler.drop_database(HMSHandler.java:1869)
	at sun.reflect.GeneratedMethodAccessor288.invoke(Unknown Source)
	at sun.reflect.DelegatingMethodAccessorImpl.invoke(DelegatingMethodAccessorImpl.java:43)
	at java.lang.reflect.Method.invoke(Method.java:498)
	at org.apache.hadoop.hive.metastore.RetryingHMSHandler.invokeInternal(RetryingHMSHandler.java:147)
	at org.apache.hadoop.hive.metastore.RetryingHMSHandler.invoke(RetryingHMSHandler.java:108)
	at com.sun.proxy.$Proxy34.drop_database(Unknown Source)
	at org.apache.hadoop.hive.metastore.api.ThriftHiveMetastore$Processor$drop_database.getResult(ThriftHiveMetastore.java:18285)
	at org.apache.hadoop.hive.metastore.api.ThriftHiveMetastore$Processor$drop_database.getResult(ThriftHiveMetastore.java:18264)
	at org.apache.thrift.ProcessFunction.process(ProcessFunction.java:38)
	at org.apache.hadoop.hive.metastore.TUGIBasedProcessor$1.run(TUGIBasedProcessor.java:111)
	at org.apache.hadoop.hive.metastore.TUGIBasedProcessor$1.run(TUGIBasedProcessor.java:107)
	at java.security.AccessController.doPrivileged(Native Method)
	at javax.security.auth.Subject.doAs(Subject.java:422)
	at org.apache.hadoop.security.UserGroupInformation.doAs(UserGroupInformation.java:1682)
	at org.apache.hadoop.hive.metastore.TUGIBasedProcessor.process(TUGIBasedProcessor.java:119)
	at org.apache.thrift.server.TThreadPoolServer$WorkerProcess.run(TThreadPoolServer.java:248)
	at java.util.concurrent.ThreadPoolExecutor.runWorker(ThreadPoolExecutor.java:1149)
	at java.util.concurrent.ThreadPoolExecutor$Worker.run(ThreadPoolExecutor.java:624)
	at java.lang.Thread.run(Thread.java:750)
Caused by: org.apache.derby.shared.common.error.DerbySQLIntegrityConstraintViolationException: DELETE on table 'DBS' caused a violation of foreign key constraint 'TBLS_FK1' for key (23).  The statement has been rolled back.
	at org.apache.derby.impl.jdbc.SQLExceptionFactory.getSQLException(Unknown Source)
	at org.apache.derby.impl.jdbc.Util.generateCsSQLException(Unknown Source)
	at org.apache.derby.impl.jdbc.TransactionResourceImpl.wrapInSQLException(Unknown Source)
	at org.apache.derby.impl.jdbc.TransactionResourceImpl.handleException(Unknown Source)
	at org.apache.derby.impl.jdbc.EmbedConnection.handleException(Unknown Source)
	at org.apache.derby.impl.jdbc.ConnectionChild.handleException(Unknown Source)
	at org.apache.derby.impl.jdbc.EmbedStatement.executeStatement(Unknown Source)
	at org.apache.derby.impl.jdbc.EmbedPreparedStatement.executeBatchElement(Unknown Source)
	... 47 more
Caused by: ERROR 23503: DELETE on table 'DBS' caused a violation of foreign key constraint 'TBLS_FK1' for key (23).  The statement has been rolled back.
	at org.apache.derby.iapi.error.StandardException.newException(Unknown Source)
	at org.apache.derby.iapi.error.StandardException.newException(Unknown Source)
	at org.apache.derby.impl.sql.execute.ReferencedKeyRIChecker.doCheck(Unknown Source)
	at org.apache.derby.impl.sql.execute.RISetChecker.doPKCheck(Unknown Source)
	at org.apache.derby.impl.sql.execute.DeleteResultSet.collectAffectedRows(Unknown Source)
	at org.apache.derby.impl.sql.execute.DeleteResultSet.open(Unknown Source)
	at org.apache.derby.impl.sql.GenericPreparedStatement.executeStmt(Unknown Source)
	at org.apache.derby.impl.sql.GenericPreparedStatement.execute(Unknown Source)
	... 49 more

2024-04-24T12:17:23,107  INFO [TThreadPoolServer WorkerProcess-%d] HiveMetaStore.audit: ugi=alex	ip=127.0.0.1	cmd=source:127.0.0.1 drop_database: @hive#testGetMessageBusTopicName_DBName	
2024-04-24T12:17:23,112  INFO [TThreadPoolServer WorkerProcess-%d] HiveMetaStore.audit: ugi=alex	ip=127.0.0.1	cmd=source:127.0.0.1 get_all_tables: db=@hive#testGetMessageBusTopicName_DBName	
2024-04-24T12:17:23,113  INFO [TThreadPoolServer WorkerProcess-%d] HiveMetaStore.audit: ugi=alex	ip=127.0.0.1	cmd=source:127.0.0.1 get_functions: db=@hive#testGetMessageBusTopicName_DBName pat=*	
2024-04-24T12:17:23,114  INFO [TThreadPoolServer WorkerProcess-%d] HiveMetaStore.audit: ugi=alex	ip=127.0.0.1	cmd=source:127.0.0.1 get_all_stored_procedures	
2024-04-24T12:17:23,115  INFO [TThreadPoolServer WorkerProcess-%d] HiveMetaStore.audit: ugi=alex	ip=127.0.0.1	cmd=source:127.0.0.1 get_all_packages	
2024-04-24T12:17:23,116  INFO [TThreadPoolServer WorkerProcess-%d] HiveMetaStore.audit: ugi=alex	ip=127.0.0.1	cmd=source:127.0.0.1 getTablesByTypeCore: catName=hive: db=testGetMessageBusTopicName_DBName pat=.*,type=MATERIALIZED_VIEW	
2024-04-24T12:17:23,118  INFO [TThreadPoolServer WorkerProcess-%d] metastore.ObjectStore: Dropping database hive.testGetMessageBusTopicName_DBName along with all tables
2024-04-24T12:17:23,121 ERROR [TThreadPoolServer WorkerProcess-%d] metastore.RetryingHMSHandler: HMSHandler Fatal error: javax.jdo.JDODataStoreException: Exception thrown flushing changes to datastore
	at org.datanucleus.api.jdo.NucleusJDOHelper.getJDOExceptionForNucleusException(NucleusJDOHelper.java:542)
	at org.datanucleus.api.jdo.JDOPersistenceManager.flush(JDOPersistenceManager.java:2081)
	at org.apache.hadoop.hive.metastore.ObjectStore.addNotificationEvent(ObjectStore.java:11639)
	at sun.reflect.GeneratedMethodAccessor68.invoke(Unknown Source)
	at sun.reflect.DelegatingMethodAccessorImpl.invoke(DelegatingMethodAccessorImpl.java:43)
	at java.lang.reflect.Method.invoke(Method.java:498)
	at org.apache.hadoop.hive.metastore.RawStoreProxy.invoke(RawStoreProxy.java:97)
	at com.sun.proxy.$Proxy32.addNotificationEvent(Unknown Source)
	at org.apache.hive.hcatalog.listener.DbNotificationListener.process(DbNotificationListener.java:1403)
	at org.apache.hive.hcatalog.listener.DbNotificationListener.onDropDatabase(DbNotificationListener.java:513)
	at org.apache.hadoop.hive.metastore.MetaStoreListenerNotifier$26.notify(MetaStoreListenerNotifier.java:99)
	at org.apache.hadoop.hive.metastore.MetaStoreListenerNotifier.notifyEvent(MetaStoreListenerNotifier.java:339)
	at org.apache.hadoop.hive.metastore.HMSHandler.drop_database_core(HMSHandler.java:1785)
	at org.apache.hadoop.hive.metastore.HMSHandler.drop_database(HMSHandler.java:1869)
	at sun.reflect.GeneratedMethodAccessor288.invoke(Unknown Source)
	at sun.reflect.DelegatingMethodAccessorImpl.invoke(DelegatingMethodAccessorImpl.java:43)
	at java.lang.reflect.Method.invoke(Method.java:498)
	at org.apache.hadoop.hive.metastore.RetryingHMSHandler.invokeInternal(RetryingHMSHandler.java:147)
	at org.apache.hadoop.hive.metastore.RetryingHMSHandler.invoke(RetryingHMSHandler.java:108)
	at com.sun.proxy.$Proxy34.drop_database(Unknown Source)
	at org.apache.hadoop.hive.metastore.api.ThriftHiveMetastore$Processor$drop_database.getResult(ThriftHiveMetastore.java:18285)
	at org.apache.hadoop.hive.metastore.api.ThriftHiveMetastore$Processor$drop_database.getResult(ThriftHiveMetastore.java:18264)
	at org.apache.thrift.ProcessFunction.process(ProcessFunction.java:38)
	at org.apache.hadoop.hive.metastore.TUGIBasedProcessor$1.run(TUGIBasedProcessor.java:111)
	at org.apache.hadoop.hive.metastore.TUGIBasedProcessor$1.run(TUGIBasedProcessor.java:107)
	at java.security.AccessController.doPrivileged(Native Method)
	at javax.security.auth.Subject.doAs(Subject.java:422)
	at org.apache.hadoop.security.UserGroupInformation.doAs(UserGroupInformation.java:1682)
	at org.apache.hadoop.hive.metastore.TUGIBasedProcessor.process(TUGIBasedProcessor.java:119)
	at org.apache.thrift.server.TThreadPoolServer$WorkerProcess.run(TThreadPoolServer.java:248)
	at java.util.concurrent.ThreadPoolExecutor.runWorker(ThreadPoolExecutor.java:1149)
	at java.util.concurrent.ThreadPoolExecutor$Worker.run(ThreadPoolExecutor.java:624)
	at java.lang.Thread.run(Thread.java:750)
NestedThrowablesStackTrace:
java.sql.BatchUpdateException: DELETE on table 'DBS' caused a violation of foreign key constraint 'TBLS_FK1' for key (23).  The statement has been rolled back.
	at org.apache.derby.impl.jdbc.EmbedStatement.executeLargeBatch(Unknown Source)
	at org.apache.derby.impl.jdbc.EmbedStatement.executeBatch(Unknown Source)
	at com.zaxxer.hikari.pool.ProxyStatement.executeBatch(ProxyStatement.java:128)
	at com.zaxxer.hikari.pool.HikariProxyPreparedStatement.executeBatch(HikariProxyPreparedStatement.java)
	at org.datanucleus.store.rdbms.ParamLoggingPreparedStatement.executeBatch(ParamLoggingPreparedStatement.java:366)
	at org.datanucleus.store.rdbms.SQLController.processConnectionStatement(SQLController.java:675)
	at org.datanucleus.store.rdbms.SQLController.processStatementsForConnection(SQLController.java:643)
	at org.datanucleus.store.rdbms.SQLController$1.transactionFlushed(SQLController.java:729)
	at org.datanucleus.store.connection.AbstractManagedConnection.transactionFlushed(AbstractManagedConnection.java:95)
	at org.datanucleus.store.connection.ConnectionManagerImpl$2.transactionFlushed(ConnectionManagerImpl.java:528)
	at org.datanucleus.TransactionImpl.flush(TransactionImpl.java:222)
	at org.datanucleus.ExecutionContextImpl.flushInternal(ExecutionContextImpl.java:4068)
	at org.datanucleus.ExecutionContextThreadedImpl.flushInternal(ExecutionContextThreadedImpl.java:448)
	at org.datanucleus.ExecutionContextImpl.flush(ExecutionContextImpl.java:4009)
	at org.datanucleus.ExecutionContextThreadedImpl.flush(ExecutionContextThreadedImpl.java:434)
	at org.datanucleus.api.jdo.JDOPersistenceManager.flush(JDOPersistenceManager.java:2064)
	at org.apache.hadoop.hive.metastore.ObjectStore.addNotificationEvent(ObjectStore.java:11639)
	at sun.reflect.GeneratedMethodAccessor68.invoke(Unknown Source)
	at sun.reflect.DelegatingMethodAccessorImpl.invoke(DelegatingMethodAccessorImpl.java:43)
	at java.lang.reflect.Method.invoke(Method.java:498)
	at org.apache.hadoop.hive.metastore.RawStoreProxy.invoke(RawStoreProxy.java:97)
	at com.sun.proxy.$Proxy32.addNotificationEvent(Unknown Source)
	at org.apache.hive.hcatalog.listener.DbNotificationListener.process(DbNotificationListener.java:1403)
	at org.apache.hive.hcatalog.listener.DbNotificationListener.onDropDatabase(DbNotificationListener.java:513)
	at org.apache.hadoop.hive.metastore.MetaStoreListenerNotifier$26.notify(MetaStoreListenerNotifier.java:99)
	at org.apache.hadoop.hive.metastore.MetaStoreListenerNotifier.notifyEvent(MetaStoreListenerNotifier.java:339)
	at org.apache.hadoop.hive.metastore.HMSHandler.drop_database_core(HMSHandler.java:1785)
	at org.apache.hadoop.hive.metastore.HMSHandler.drop_database(HMSHandler.java:1869)
	at sun.reflect.GeneratedMethodAccessor288.invoke(Unknown Source)
	at sun.reflect.DelegatingMethodAccessorImpl.invoke(DelegatingMethodAccessorImpl.java:43)
	at java.lang.reflect.Method.invoke(Method.java:498)
	at org.apache.hadoop.hive.metastore.RetryingHMSHandler.invokeInternal(RetryingHMSHandler.java:147)
	at org.apache.hadoop.hive.metastore.RetryingHMSHandler.invoke(RetryingHMSHandler.java:108)
	at com.sun.proxy.$Proxy34.drop_database(Unknown Source)
	at org.apache.hadoop.hive.metastore.api.ThriftHiveMetastore$Processor$drop_database.getResult(ThriftHiveMetastore.java:18285)
	at org.apache.hadoop.hive.metastore.api.ThriftHiveMetastore$Processor$drop_database.getResult(ThriftHiveMetastore.java:18264)
	at org.apache.thrift.ProcessFunction.process(ProcessFunction.java:38)
	at org.apache.hadoop.hive.metastore.TUGIBasedProcessor$1.run(TUGIBasedProcessor.java:111)
	at org.apache.hadoop.hive.metastore.TUGIBasedProcessor$1.run(TUGIBasedProcessor.java:107)
	at java.security.AccessController.doPrivileged(Native Method)
	at javax.security.auth.Subject.doAs(Subject.java:422)
	at org.apache.hadoop.security.UserGroupInformation.doAs(UserGroupInformation.java:1682)
	at org.apache.hadoop.hive.metastore.TUGIBasedProcessor.process(TUGIBasedProcessor.java:119)
	at org.apache.thrift.server.TThreadPoolServer$WorkerProcess.run(TThreadPoolServer.java:248)
	at java.util.concurrent.ThreadPoolExecutor.runWorker(ThreadPoolExecutor.java:1149)
	at java.util.concurrent.ThreadPoolExecutor$Worker.run(ThreadPoolExecutor.java:624)
	at java.lang.Thread.run(Thread.java:750)
Caused by: org.apache.derby.shared.common.error.DerbySQLIntegrityConstraintViolationException: DELETE on table 'DBS' caused a violation of foreign key constraint 'TBLS_FK1' for key (23).  The statement has been rolled back.
	at org.apache.derby.impl.jdbc.SQLExceptionFactory.getSQLException(Unknown Source)
	at org.apache.derby.impl.jdbc.Util.generateCsSQLException(Unknown Source)
	at org.apache.derby.impl.jdbc.TransactionResourceImpl.wrapInSQLException(Unknown Source)
	at org.apache.derby.impl.jdbc.TransactionResourceImpl.handleException(Unknown Source)
	at org.apache.derby.impl.jdbc.EmbedConnection.handleException(Unknown Source)
	at org.apache.derby.impl.jdbc.ConnectionChild.handleException(Unknown Source)
	at org.apache.derby.impl.jdbc.EmbedStatement.executeStatement(Unknown Source)
	at org.apache.derby.impl.jdbc.EmbedPreparedStatement.executeBatchElement(Unknown Source)
	... 47 more
Caused by: ERROR 23503: DELETE on table 'DBS' caused a violation of foreign key constraint 'TBLS_FK1' for key (23).  The statement has been rolled back.
	at org.apache.derby.iapi.error.StandardException.newException(Unknown Source)
	at org.apache.derby.iapi.error.StandardException.newException(Unknown Source)
	at org.apache.derby.impl.sql.execute.ReferencedKeyRIChecker.doCheck(Unknown Source)
	at org.apache.derby.impl.sql.execute.RISetChecker.doPKCheck(Unknown Source)
	at org.apache.derby.impl.sql.execute.DeleteResultSet.collectAffectedRows(Unknown Source)
	at org.apache.derby.impl.sql.execute.DeleteResultSet.open(Unknown Source)
	at org.apache.derby.impl.sql.GenericPreparedStatement.executeStmt(Unknown Source)
	at org.apache.derby.impl.sql.GenericPreparedStatement.execute(Unknown Source)
	... 49 more

2024-04-24T12:17:23,121  WARN [main] metastore.RetryingMetaStoreClient: MetaStoreClient lost connection. Attempting to reconnect (1 of 1) after 1s. dropDatabase
org.apache.hadoop.hive.metastore.api.MetaException: javax.jdo.JDODataStoreException: Exception thrown flushing changes to datastore
NestedThrowables:
java.sql.BatchUpdateException: DELETE on table 'DBS' caused a violation of foreign key constraint 'TBLS_FK1' for key (23).  The statement has been rolled back.
	at org.apache.hadoop.hive.metastore.api.ThriftHiveMetastore$drop_database_result$drop_database_resultStandardScheme.read(ThriftHiveMetastore.java:54495) ~[classes/:?]
	at org.apache.hadoop.hive.metastore.api.ThriftHiveMetastore$drop_database_result$drop_database_resultStandardScheme.read(ThriftHiveMetastore.java:54463) ~[classes/:?]
	at org.apache.hadoop.hive.metastore.api.ThriftHiveMetastore$drop_database_result.read(ThriftHiveMetastore.java:54397) ~[classes/:?]
	at org.apache.thrift.TServiceClient.receiveBase(TServiceClient.java:88) ~[libthrift-0.14.1.jar:0.14.1]
	at org.apache.hadoop.hive.metastore.api.ThriftHiveMetastore$Client.recv_drop_database(ThriftHiveMetastore.java:1404) ~[classes/:?]
	at org.apache.hadoop.hive.metastore.api.ThriftHiveMetastore$Client.drop_database(ThriftHiveMetastore.java:1389) ~[classes/:?]
	at org.apache.hadoop.hive.metastore.HiveMetaStoreClient.dropDatabaseCascadePerDb(HiveMetaStoreClient.java:1601) ~[classes/:?]
	at org.apache.hadoop.hive.metastore.HiveMetaStoreClient.dropDatabase(HiveMetaStoreClient.java:1532) ~[classes/:?]
	at org.apache.hadoop.hive.metastore.HiveMetaStoreClient.dropDatabase(HiveMetaStoreClient.java:1485) ~[classes/:?]
	at sun.reflect.GeneratedMethodAccessor296.invoke(Unknown Source) ~[?:?]
	at sun.reflect.DelegatingMethodAccessorImpl.invoke(DelegatingMethodAccessorImpl.java:43) ~[?:1.8.0_402]
	at java.lang.reflect.Method.invoke(Method.java:498) ~[?:1.8.0_402]
	at org.apache.hadoop.hive.metastore.RetryingMetaStoreClient.invoke(RetryingMetaStoreClient.java:214) [classes/:?]
	at com.sun.proxy.$Proxy35.dropDatabase(Unknown Source) [?:?]
	at org.apache.hive.hcatalog.api.HCatClientHMSImpl.dropDatabase(HCatClientHMSImpl.java:154) [classes/:?]
	at org.apache.hive.hcatalog.api.TestHCatClient.testGetMessageBusTopicName(TestHCatClient.java:652) [test-classes/:?]
	at sun.reflect.NativeMethodAccessorImpl.invoke0(Native Method) ~[?:1.8.0_402]
	at sun.reflect.NativeMethodAccessorImpl.invoke(NativeMethodAccessorImpl.java:62) ~[?:1.8.0_402]
	at sun.reflect.DelegatingMethodAccessorImpl.invoke(DelegatingMethodAccessorImpl.java:43) ~[?:1.8.0_402]
	at java.lang.reflect.Method.invoke(Method.java:498) ~[?:1.8.0_402]
	at org.junit.runners.model.FrameworkMethod$1.runReflectiveCall(FrameworkMethod.java:59) [junit-4.13.jar:4.13]
	at org.junit.internal.runners.model.ReflectiveCallable.run(ReflectiveCallable.java:12) [junit-4.13.jar:4.13]
	at org.junit.runners.model.FrameworkMethod.invokeExplosively(FrameworkMethod.java:56) [junit-4.13.jar:4.13]
	at org.junit.internal.runners.statements.InvokeMethod.evaluate(InvokeMethod.java:17) [junit-4.13.jar:4.13]
	at org.junit.runners.ParentRunner$3.evaluate(ParentRunner.java:306) [junit-4.13.jar:4.13]
	at org.junit.runners.BlockJUnit4ClassRunner$1.evaluate(BlockJUnit4ClassRunner.java:100) [junit-4.13.jar:4.13]
	at org.junit.runners.ParentRunner.runLeaf(ParentRunner.java:366) [junit-4.13.jar:4.13]
	at org.junit.runners.BlockJUnit4ClassRunner.runChild(BlockJUnit4ClassRunner.java:103) [junit-4.13.jar:4.13]
	at org.junit.runners.BlockJUnit4ClassRunner.runChild(BlockJUnit4ClassRunner.java:63) [junit-4.13.jar:4.13]
	at org.junit.runners.ParentRunner$4.run(ParentRunner.java:331) [junit-4.13.jar:4.13]
	at org.junit.runners.ParentRunner$1.schedule(ParentRunner.java:79) [junit-4.13.jar:4.13]
	at org.junit.runners.ParentRunner.runChildren(ParentRunner.java:329) [junit-4.13.jar:4.13]
	at org.junit.runners.ParentRunner.access$100(ParentRunner.java:66) [junit-4.13.jar:4.13]
	at org.junit.runners.ParentRunner$2.evaluate(ParentRunner.java:293) [junit-4.13.jar:4.13]
	at org.junit.internal.runners.statements.RunBefores.evaluate(RunBefores.java:26) [junit-4.13.jar:4.13]
	at org.junit.internal.runners.statements.RunAfters.evaluate(RunAfters.java:27) [junit-4.13.jar:4.13]
	at org.junit.runners.ParentRunner$3.evaluate(ParentRunner.java:306) [junit-4.13.jar:4.13]
	at org.junit.runners.ParentRunner.run(ParentRunner.java:413) [junit-4.13.jar:4.13]
	at org.junit.runners.Suite.runChild(Suite.java:128) [junit-4.13.jar:4.13]
	at org.junit.runners.Suite.runChild(Suite.java:27) [junit-4.13.jar:4.13]
	at org.junit.runners.ParentRunner$4.run(ParentRunner.java:331) [junit-4.13.jar:4.13]
	at org.junit.runners.ParentRunner$1.schedule(ParentRunner.java:79) [junit-4.13.jar:4.13]
	at org.junit.runners.ParentRunner.runChildren(ParentRunner.java:329) [junit-4.13.jar:4.13]
	at org.junit.runners.ParentRunner.access$100(ParentRunner.java:66) [junit-4.13.jar:4.13]
	at org.junit.runners.ParentRunner$2.evaluate(ParentRunner.java:293) [junit-4.13.jar:4.13]
	at org.junit.runners.ParentRunner$3.evaluate(ParentRunner.java:306) [junit-4.13.jar:4.13]
	at org.junit.runners.ParentRunner.run(ParentRunner.java:413) [junit-4.13.jar:4.13]
	at org.apache.maven.surefire.junitcore.JUnitCore.run(JUnitCore.java:55) [surefire-junit47-3.0.0-M4.jar:3.0.0-M4]
	at org.apache.maven.surefire.junitcore.JUnitCoreWrapper.createRequestAndRun(JUnitCoreWrapper.java:137) [surefire-junit47-3.0.0-M4.jar:3.0.0-M4]
	at org.apache.maven.surefire.junitcore.JUnitCoreWrapper.executeEager(JUnitCoreWrapper.java:107) [surefire-junit47-3.0.0-M4.jar:3.0.0-M4]
	at org.apache.maven.surefire.junitcore.JUnitCoreWrapper.execute(JUnitCoreWrapper.java:83) [surefire-junit47-3.0.0-M4.jar:3.0.0-M4]
	at org.apache.maven.surefire.junitcore.JUnitCoreWrapper.execute(JUnitCoreWrapper.java:75) [surefire-junit47-3.0.0-M4.jar:3.0.0-M4]
	at org.apache.maven.surefire.junitcore.JUnitCoreProvider.invoke(JUnitCoreProvider.java:158) [surefire-junit47-3.0.0-M4.jar:3.0.0-M4]
	at org.apache.maven.surefire.booter.ForkedBooter.runSuitesInProcess(ForkedBooter.java:377) [surefire-booter-3.0.0-M4.jar:3.0.0-M4]
	at org.apache.maven.surefire.booter.ForkedBooter.execute(ForkedBooter.java:138) [surefire-booter-3.0.0-M4.jar:3.0.0-M4]
	at org.apache.maven.surefire.booter.ForkedBooter.run(ForkedBooter.java:465) [surefire-booter-3.0.0-M4.jar:3.0.0-M4]
	at org.apache.maven.surefire.booter.ForkedBooter.main(ForkedBooter.java:451) [surefire-booter-3.0.0-M4.jar:3.0.0-M4]
2024-04-24T12:17:24,125  INFO [main] metastore.RetryingMetaStoreClient: RetryingMetaStoreClient trying reconnect as alex (auth:SIMPLE)
2024-04-24T12:17:24,126  WARN [main] metastore.HiveMetaStoreClient: Non-zero user count preventing client tear down: users=2 expired=false
2024-04-24T12:17:24,126  INFO [main] metastore.HiveMetaStoreClient: Trying to connect to metastore with URI (thrift://localhost:45843)
2024-04-24T12:17:24,127  INFO [main] metastore.HiveMetaStoreClient: Opened a connection to metastore, URI (thrift://localhost:45843) current connections: 6
2024-04-24T12:17:24,129  INFO [TThreadPoolServer WorkerProcess-%d] HiveMetaStore.audit: ugi=alex	ip=127.0.0.1	cmd=source:127.0.0.1 get_database: testGetMessageBusTopicName_DBName	
2024-04-24T12:17:24,131  INFO [TThreadPoolServer WorkerProcess-%d] metastore.HMSHandler: 12: Opening raw store with implementation class:org.apache.hadoop.hive.metastore.ObjectStore
2024-04-24T12:17:24,132  INFO [TThreadPoolServer WorkerProcess-%d] metastore.ObjectStore: RawStore: org.apache.hadoop.hive.metastore.ObjectStore@533bca72, with PersistenceManager: null will be shutdown
2024-04-24T12:17:24,133  INFO [TThreadPoolServer WorkerProcess-%d] metastore.ObjectStore: RawStore: org.apache.hadoop.hive.metastore.ObjectStore@533bca72, with PersistenceManager: org.datanucleus.api.jdo.JDOPersistenceManager@4602c981 created in the thread with id: 207
2024-04-24T12:17:24,152  INFO [TThreadPoolServer WorkerProcess-%d] metastore.HMSHandler: Created RawStore: org.apache.hadoop.hive.metastore.ObjectStore@533bca72 from thread id: 207
2024-04-24T12:17:24,153  INFO [TThreadPoolServer WorkerProcess-%d] HiveMetaStore.audit: ugi=alex	ip=127.0.0.1	cmd=source:127.0.0.1 get_tables_by_type: db=@hive#testGetMessageBusTopicName_DBName pat=.*,type=MATERIALIZED_VIEW	
2024-04-24T12:17:24,153  INFO [TThreadPoolServer WorkerProcess-%d] HiveMetaStore.audit: ugi=alex	ip=127.0.0.1	cmd=source:127.0.0.1 getTablesByTypeCore: catName=hive: db=testGetMessageBusTopicName_DBName pat=.*,type=MATERIALIZED_VIEW	
2024-04-24T12:17:24,155  INFO [TThreadPoolServer WorkerProcess-%d] HiveMetaStore.audit: ugi=alex	ip=127.0.0.1	cmd=source:127.0.0.1 get_all_tables: db=@hive#testGetMessageBusTopicName_DBName	
2024-04-24T12:17:24,156  INFO [TThreadPoolServer WorkerProcess-%d] HiveMetaStore.audit: ugi=alex	ip=127.0.0.1	cmd=source:127.0.0.1 get_multi_table : db=testGetMessageBusTopicName_DBName tbls=testgetmessagebustopicname_tablename	
2024-04-24T12:17:24,165  INFO [TThreadPoolServer WorkerProcess-%d] HiveMetaStore.audit: ugi=alex	ip=127.0.0.1	cmd=source:127.0.0.1 drop_database: @hive#testGetMessageBusTopicName_DBName	
2024-04-24T12:17:24,166  INFO [TThreadPoolServer WorkerProcess-%d] HiveMetaStore.audit: ugi=alex	ip=127.0.0.1	cmd=source:127.0.0.1 get_all_tables: db=@hive#testGetMessageBusTopicName_DBName	
2024-04-24T12:17:24,167  INFO [TThreadPoolServer WorkerProcess-%d] HiveMetaStore.audit: ugi=alex	ip=127.0.0.1	cmd=source:127.0.0.1 get_functions: db=@hive#testGetMessageBusTopicName_DBName pat=*	
2024-04-24T12:17:24,168  INFO [TThreadPoolServer WorkerProcess-%d] HiveMetaStore.audit: ugi=alex	ip=127.0.0.1	cmd=source:127.0.0.1 get_all_stored_procedures	
2024-04-24T12:17:24,169  INFO [TThreadPoolServer WorkerProcess-%d] HiveMetaStore.audit: ugi=alex	ip=127.0.0.1	cmd=source:127.0.0.1 get_all_packages	
2024-04-24T12:17:24,171  INFO [TThreadPoolServer WorkerProcess-%d] HiveMetaStore.audit: ugi=alex	ip=127.0.0.1	cmd=source:127.0.0.1 getTablesByTypeCore: catName=hive: db=testGetMessageBusTopicName_DBName pat=.*,type=MATERIALIZED_VIEW	
2024-04-24T12:17:24,173  INFO [TThreadPoolServer WorkerProcess-%d] metastore.ObjectStore: Dropping database hive.testGetMessageBusTopicName_DBName along with all tables
2024-04-24T12:17:24,177 ERROR [TThreadPoolServer WorkerProcess-%d] metastore.RetryingHMSHandler: Retrying HMSHandler after 2000 ms (attempt 1 of 10) with error: javax.jdo.JDODataStoreException: Exception thrown flushing changes to datastore
	at org.datanucleus.api.jdo.NucleusJDOHelper.getJDOExceptionForNucleusException(NucleusJDOHelper.java:542)
	at org.datanucleus.api.jdo.JDOPersistenceManager.flush(JDOPersistenceManager.java:2081)
	at org.apache.hadoop.hive.metastore.ObjectStore.addNotificationEvent(ObjectStore.java:11639)
	at sun.reflect.GeneratedMethodAccessor68.invoke(Unknown Source)
	at sun.reflect.DelegatingMethodAccessorImpl.invoke(DelegatingMethodAccessorImpl.java:43)
	at java.lang.reflect.Method.invoke(Method.java:498)
	at org.apache.hadoop.hive.metastore.RawStoreProxy.invoke(RawStoreProxy.java:97)
	at com.sun.proxy.$Proxy32.addNotificationEvent(Unknown Source)
	at org.apache.hive.hcatalog.listener.DbNotificationListener.process(DbNotificationListener.java:1403)
	at org.apache.hive.hcatalog.listener.DbNotificationListener.onDropDatabase(DbNotificationListener.java:513)
	at org.apache.hadoop.hive.metastore.MetaStoreListenerNotifier$26.notify(MetaStoreListenerNotifier.java:99)
	at org.apache.hadoop.hive.metastore.MetaStoreListenerNotifier.notifyEvent(MetaStoreListenerNotifier.java:339)
	at org.apache.hadoop.hive.metastore.HMSHandler.drop_database_core(HMSHandler.java:1785)
	at org.apache.hadoop.hive.metastore.HMSHandler.drop_database(HMSHandler.java:1869)
	at sun.reflect.GeneratedMethodAccessor288.invoke(Unknown Source)
	at sun.reflect.DelegatingMethodAccessorImpl.invoke(DelegatingMethodAccessorImpl.java:43)
	at java.lang.reflect.Method.invoke(Method.java:498)
	at org.apache.hadoop.hive.metastore.RetryingHMSHandler.invokeInternal(RetryingHMSHandler.java:147)
	at org.apache.hadoop.hive.metastore.RetryingHMSHandler.invoke(RetryingHMSHandler.java:108)
	at com.sun.proxy.$Proxy34.drop_database(Unknown Source)
	at org.apache.hadoop.hive.metastore.api.ThriftHiveMetastore$Processor$drop_database.getResult(ThriftHiveMetastore.java:18285)
	at org.apache.hadoop.hive.metastore.api.ThriftHiveMetastore$Processor$drop_database.getResult(ThriftHiveMetastore.java:18264)
	at org.apache.thrift.ProcessFunction.process(ProcessFunction.java:38)
	at org.apache.hadoop.hive.metastore.TUGIBasedProcessor$1.run(TUGIBasedProcessor.java:111)
	at org.apache.hadoop.hive.metastore.TUGIBasedProcessor$1.run(TUGIBasedProcessor.java:107)
	at java.security.AccessController.doPrivileged(Native Method)
	at javax.security.auth.Subject.doAs(Subject.java:422)
	at org.apache.hadoop.security.UserGroupInformation.doAs(UserGroupInformation.java:1682)
	at org.apache.hadoop.hive.metastore.TUGIBasedProcessor.process(TUGIBasedProcessor.java:119)
	at org.apache.thrift.server.TThreadPoolServer$WorkerProcess.run(TThreadPoolServer.java:248)
	at java.util.concurrent.ThreadPoolExecutor.runWorker(ThreadPoolExecutor.java:1149)
	at java.util.concurrent.ThreadPoolExecutor$Worker.run(ThreadPoolExecutor.java:624)
	at java.lang.Thread.run(Thread.java:750)
NestedThrowablesStackTrace:
java.sql.BatchUpdateException: DELETE on table 'DBS' caused a violation of foreign key constraint 'TBLS_FK1' for key (23).  The statement has been rolled back.
	at org.apache.derby.impl.jdbc.EmbedStatement.executeLargeBatch(Unknown Source)
	at org.apache.derby.impl.jdbc.EmbedStatement.executeBatch(Unknown Source)
	at com.zaxxer.hikari.pool.ProxyStatement.executeBatch(ProxyStatement.java:128)
	at com.zaxxer.hikari.pool.HikariProxyPreparedStatement.executeBatch(HikariProxyPreparedStatement.java)
	at org.datanucleus.store.rdbms.ParamLoggingPreparedStatement.executeBatch(ParamLoggingPreparedStatement.java:366)
	at org.datanucleus.store.rdbms.SQLController.processConnectionStatement(SQLController.java:675)
	at org.datanucleus.store.rdbms.SQLController.processStatementsForConnection(SQLController.java:643)
	at org.datanucleus.store.rdbms.SQLController$1.transactionFlushed(SQLController.java:729)
	at org.datanucleus.store.connection.AbstractManagedConnection.transactionFlushed(AbstractManagedConnection.java:95)
	at org.datanucleus.store.connection.ConnectionManagerImpl$2.transactionFlushed(ConnectionManagerImpl.java:528)
	at org.datanucleus.TransactionImpl.flush(TransactionImpl.java:222)
	at org.datanucleus.ExecutionContextImpl.flushInternal(ExecutionContextImpl.java:4068)
	at org.datanucleus.ExecutionContextThreadedImpl.flushInternal(ExecutionContextThreadedImpl.java:448)
	at org.datanucleus.ExecutionContextImpl.flush(ExecutionContextImpl.java:4009)
	at org.datanucleus.ExecutionContextThreadedImpl.flush(ExecutionContextThreadedImpl.java:434)
	at org.datanucleus.api.jdo.JDOPersistenceManager.flush(JDOPersistenceManager.java:2064)
	at org.apache.hadoop.hive.metastore.ObjectStore.addNotificationEvent(ObjectStore.java:11639)
	at sun.reflect.GeneratedMethodAccessor68.invoke(Unknown Source)
	at sun.reflect.DelegatingMethodAccessorImpl.invoke(DelegatingMethodAccessorImpl.java:43)
	at java.lang.reflect.Method.invoke(Method.java:498)
	at org.apache.hadoop.hive.metastore.RawStoreProxy.invoke(RawStoreProxy.java:97)
	at com.sun.proxy.$Proxy32.addNotificationEvent(Unknown Source)
	at org.apache.hive.hcatalog.listener.DbNotificationListener.process(DbNotificationListener.java:1403)
	at org.apache.hive.hcatalog.listener.DbNotificationListener.onDropDatabase(DbNotificationListener.java:513)
	at org.apache.hadoop.hive.metastore.MetaStoreListenerNotifier$26.notify(MetaStoreListenerNotifier.java:99)
	at org.apache.hadoop.hive.metastore.MetaStoreListenerNotifier.notifyEvent(MetaStoreListenerNotifier.java:339)
	at org.apache.hadoop.hive.metastore.HMSHandler.drop_database_core(HMSHandler.java:1785)
	at org.apache.hadoop.hive.metastore.HMSHandler.drop_database(HMSHandler.java:1869)
	at sun.reflect.GeneratedMethodAccessor288.invoke(Unknown Source)
	at sun.reflect.DelegatingMethodAccessorImpl.invoke(DelegatingMethodAccessorImpl.java:43)
	at java.lang.reflect.Method.invoke(Method.java:498)
	at org.apache.hadoop.hive.metastore.RetryingHMSHandler.invokeInternal(RetryingHMSHandler.java:147)
	at org.apache.hadoop.hive.metastore.RetryingHMSHandler.invoke(RetryingHMSHandler.java:108)
	at com.sun.proxy.$Proxy34.drop_database(Unknown Source)
	at org.apache.hadoop.hive.metastore.api.ThriftHiveMetastore$Processor$drop_database.getResult(ThriftHiveMetastore.java:18285)
	at org.apache.hadoop.hive.metastore.api.ThriftHiveMetastore$Processor$drop_database.getResult(ThriftHiveMetastore.java:18264)
	at org.apache.thrift.ProcessFunction.process(ProcessFunction.java:38)
	at org.apache.hadoop.hive.metastore.TUGIBasedProcessor$1.run(TUGIBasedProcessor.java:111)
	at org.apache.hadoop.hive.metastore.TUGIBasedProcessor$1.run(TUGIBasedProcessor.java:107)
	at java.security.AccessController.doPrivileged(Native Method)
	at javax.security.auth.Subject.doAs(Subject.java:422)
	at org.apache.hadoop.security.UserGroupInformation.doAs(UserGroupInformation.java:1682)
	at org.apache.hadoop.hive.metastore.TUGIBasedProcessor.process(TUGIBasedProcessor.java:119)
	at org.apache.thrift.server.TThreadPoolServer$WorkerProcess.run(TThreadPoolServer.java:248)
	at java.util.concurrent.ThreadPoolExecutor.runWorker(ThreadPoolExecutor.java:1149)
	at java.util.concurrent.ThreadPoolExecutor$Worker.run(ThreadPoolExecutor.java:624)
	at java.lang.Thread.run(Thread.java:750)
Caused by: org.apache.derby.shared.common.error.DerbySQLIntegrityConstraintViolationException: DELETE on table 'DBS' caused a violation of foreign key constraint 'TBLS_FK1' for key (23).  The statement has been rolled back.
	at org.apache.derby.impl.jdbc.SQLExceptionFactory.getSQLException(Unknown Source)
	at org.apache.derby.impl.jdbc.Util.generateCsSQLException(Unknown Source)
	at org.apache.derby.impl.jdbc.TransactionResourceImpl.wrapInSQLException(Unknown Source)
	at org.apache.derby.impl.jdbc.TransactionResourceImpl.handleException(Unknown Source)
	at org.apache.derby.impl.jdbc.EmbedConnection.handleException(Unknown Source)
	at org.apache.derby.impl.jdbc.ConnectionChild.handleException(Unknown Source)
	at org.apache.derby.impl.jdbc.EmbedStatement.executeStatement(Unknown Source)
	at org.apache.derby.impl.jdbc.EmbedPreparedStatement.executeBatchElement(Unknown Source)
	... 47 more
Caused by: ERROR 23503: DELETE on table 'DBS' caused a violation of foreign key constraint 'TBLS_FK1' for key (23).  The statement has been rolled back.
	at org.apache.derby.iapi.error.StandardException.newException(Unknown Source)
	at org.apache.derby.iapi.error.StandardException.newException(Unknown Source)
	at org.apache.derby.impl.sql.execute.ReferencedKeyRIChecker.doCheck(Unknown Source)
	at org.apache.derby.impl.sql.execute.RISetChecker.doPKCheck(Unknown Source)
	at org.apache.derby.impl.sql.execute.DeleteResultSet.collectAffectedRows(Unknown Source)
	at org.apache.derby.impl.sql.execute.DeleteResultSet.open(Unknown Source)
	at org.apache.derby.impl.sql.GenericPreparedStatement.executeStmt(Unknown Source)
	at org.apache.derby.impl.sql.GenericPreparedStatement.execute(Unknown Source)
	... 49 more

2024-04-24T12:17:26,177  INFO [TThreadPoolServer WorkerProcess-%d] HiveMetaStore.audit: ugi=alex	ip=127.0.0.1	cmd=source:127.0.0.1 drop_database: @hive#testGetMessageBusTopicName_DBName	
2024-04-24T12:17:26,180  INFO [TThreadPoolServer WorkerProcess-%d] HiveMetaStore.audit: ugi=alex	ip=127.0.0.1	cmd=source:127.0.0.1 get_all_tables: db=@hive#testGetMessageBusTopicName_DBName	
2024-04-24T12:17:26,181  INFO [TThreadPoolServer WorkerProcess-%d] HiveMetaStore.audit: ugi=alex	ip=127.0.0.1	cmd=source:127.0.0.1 get_functions: db=@hive#testGetMessageBusTopicName_DBName pat=*	
2024-04-24T12:17:26,182  INFO [TThreadPoolServer WorkerProcess-%d] HiveMetaStore.audit: ugi=alex	ip=127.0.0.1	cmd=source:127.0.0.1 get_all_stored_procedures	
2024-04-24T12:17:26,182  INFO [TThreadPoolServer WorkerProcess-%d] HiveMetaStore.audit: ugi=alex	ip=127.0.0.1	cmd=source:127.0.0.1 get_all_packages	
2024-04-24T12:17:26,183  INFO [TThreadPoolServer WorkerProcess-%d] HiveMetaStore.audit: ugi=alex	ip=127.0.0.1	cmd=source:127.0.0.1 getTablesByTypeCore: catName=hive: db=testGetMessageBusTopicName_DBName pat=.*,type=MATERIALIZED_VIEW	
2024-04-24T12:17:26,185  INFO [TThreadPoolServer WorkerProcess-%d] metastore.ObjectStore: Dropping database hive.testGetMessageBusTopicName_DBName along with all tables
2024-04-24T12:17:26,188 ERROR [TThreadPoolServer WorkerProcess-%d] metastore.RetryingHMSHandler: Retrying HMSHandler after 2000 ms (attempt 2 of 10) with error: javax.jdo.JDODataStoreException: Exception thrown flushing changes to datastore
	at org.datanucleus.api.jdo.NucleusJDOHelper.getJDOExceptionForNucleusException(NucleusJDOHelper.java:542)
	at org.datanucleus.api.jdo.JDOPersistenceManager.flush(JDOPersistenceManager.java:2081)
	at org.apache.hadoop.hive.metastore.ObjectStore.addNotificationEvent(ObjectStore.java:11639)
	at sun.reflect.GeneratedMethodAccessor68.invoke(Unknown Source)
	at sun.reflect.DelegatingMethodAccessorImpl.invoke(DelegatingMethodAccessorImpl.java:43)
	at java.lang.reflect.Method.invoke(Method.java:498)
	at org.apache.hadoop.hive.metastore.RawStoreProxy.invoke(RawStoreProxy.java:97)
	at com.sun.proxy.$Proxy32.addNotificationEvent(Unknown Source)
	at org.apache.hive.hcatalog.listener.DbNotificationListener.process(DbNotificationListener.java:1403)
	at org.apache.hive.hcatalog.listener.DbNotificationListener.onDropDatabase(DbNotificationListener.java:513)
	at org.apache.hadoop.hive.metastore.MetaStoreListenerNotifier$26.notify(MetaStoreListenerNotifier.java:99)
	at org.apache.hadoop.hive.metastore.MetaStoreListenerNotifier.notifyEvent(MetaStoreListenerNotifier.java:339)
	at org.apache.hadoop.hive.metastore.HMSHandler.drop_database_core(HMSHandler.java:1785)
	at org.apache.hadoop.hive.metastore.HMSHandler.drop_database(HMSHandler.java:1869)
	at sun.reflect.GeneratedMethodAccessor288.invoke(Unknown Source)
	at sun.reflect.DelegatingMethodAccessorImpl.invoke(DelegatingMethodAccessorImpl.java:43)
	at java.lang.reflect.Method.invoke(Method.java:498)
	at org.apache.hadoop.hive.metastore.RetryingHMSHandler.invokeInternal(RetryingHMSHandler.java:147)
	at org.apache.hadoop.hive.metastore.RetryingHMSHandler.invoke(RetryingHMSHandler.java:108)
	at com.sun.proxy.$Proxy34.drop_database(Unknown Source)
	at org.apache.hadoop.hive.metastore.api.ThriftHiveMetastore$Processor$drop_database.getResult(ThriftHiveMetastore.java:18285)
	at org.apache.hadoop.hive.metastore.api.ThriftHiveMetastore$Processor$drop_database.getResult(ThriftHiveMetastore.java:18264)
	at org.apache.thrift.ProcessFunction.process(ProcessFunction.java:38)
	at org.apache.hadoop.hive.metastore.TUGIBasedProcessor$1.run(TUGIBasedProcessor.java:111)
	at org.apache.hadoop.hive.metastore.TUGIBasedProcessor$1.run(TUGIBasedProcessor.java:107)
	at java.security.AccessController.doPrivileged(Native Method)
	at javax.security.auth.Subject.doAs(Subject.java:422)
	at org.apache.hadoop.security.UserGroupInformation.doAs(UserGroupInformation.java:1682)
	at org.apache.hadoop.hive.metastore.TUGIBasedProcessor.process(TUGIBasedProcessor.java:119)
	at org.apache.thrift.server.TThreadPoolServer$WorkerProcess.run(TThreadPoolServer.java:248)
	at java.util.concurrent.ThreadPoolExecutor.runWorker(ThreadPoolExecutor.java:1149)
	at java.util.concurrent.ThreadPoolExecutor$Worker.run(ThreadPoolExecutor.java:624)
	at java.lang.Thread.run(Thread.java:750)
NestedThrowablesStackTrace:
java.sql.BatchUpdateException: DELETE on table 'DBS' caused a violation of foreign key constraint 'TBLS_FK1' for key (23).  The statement has been rolled back.
	at org.apache.derby.impl.jdbc.EmbedStatement.executeLargeBatch(Unknown Source)
	at org.apache.derby.impl.jdbc.EmbedStatement.executeBatch(Unknown Source)
	at com.zaxxer.hikari.pool.ProxyStatement.executeBatch(ProxyStatement.java:128)
	at com.zaxxer.hikari.pool.HikariProxyPreparedStatement.executeBatch(HikariProxyPreparedStatement.java)
	at org.datanucleus.store.rdbms.ParamLoggingPreparedStatement.executeBatch(ParamLoggingPreparedStatement.java:366)
	at org.datanucleus.store.rdbms.SQLController.processConnectionStatement(SQLController.java:675)
	at org.datanucleus.store.rdbms.SQLController.processStatementsForConnection(SQLController.java:643)
	at org.datanucleus.store.rdbms.SQLController$1.transactionFlushed(SQLController.java:729)
	at org.datanucleus.store.connection.AbstractManagedConnection.transactionFlushed(AbstractManagedConnection.java:95)
	at org.datanucleus.store.connection.ConnectionManagerImpl$2.transactionFlushed(ConnectionManagerImpl.java:528)
	at org.datanucleus.TransactionImpl.flush(TransactionImpl.java:222)
	at org.datanucleus.ExecutionContextImpl.flushInternal(ExecutionContextImpl.java:4068)
	at org.datanucleus.ExecutionContextThreadedImpl.flushInternal(ExecutionContextThreadedImpl.java:448)
	at org.datanucleus.ExecutionContextImpl.flush(ExecutionContextImpl.java:4009)
	at org.datanucleus.ExecutionContextThreadedImpl.flush(ExecutionContextThreadedImpl.java:434)
	at org.datanucleus.api.jdo.JDOPersistenceManager.flush(JDOPersistenceManager.java:2064)
	at org.apache.hadoop.hive.metastore.ObjectStore.addNotificationEvent(ObjectStore.java:11639)
	at sun.reflect.GeneratedMethodAccessor68.invoke(Unknown Source)
	at sun.reflect.DelegatingMethodAccessorImpl.invoke(DelegatingMethodAccessorImpl.java:43)
	at java.lang.reflect.Method.invoke(Method.java:498)
	at org.apache.hadoop.hive.metastore.RawStoreProxy.invoke(RawStoreProxy.java:97)
	at com.sun.proxy.$Proxy32.addNotificationEvent(Unknown Source)
	at org.apache.hive.hcatalog.listener.DbNotificationListener.process(DbNotificationListener.java:1403)
	at org.apache.hive.hcatalog.listener.DbNotificationListener.onDropDatabase(DbNotificationListener.java:513)
	at org.apache.hadoop.hive.metastore.MetaStoreListenerNotifier$26.notify(MetaStoreListenerNotifier.java:99)
	at org.apache.hadoop.hive.metastore.MetaStoreListenerNotifier.notifyEvent(MetaStoreListenerNotifier.java:339)
	at org.apache.hadoop.hive.metastore.HMSHandler.drop_database_core(HMSHandler.java:1785)
	at org.apache.hadoop.hive.metastore.HMSHandler.drop_database(HMSHandler.java:1869)
	at sun.reflect.GeneratedMethodAccessor288.invoke(Unknown Source)
	at sun.reflect.DelegatingMethodAccessorImpl.invoke(DelegatingMethodAccessorImpl.java:43)
	at java.lang.reflect.Method.invoke(Method.java:498)
	at org.apache.hadoop.hive.metastore.RetryingHMSHandler.invokeInternal(RetryingHMSHandler.java:147)
	at org.apache.hadoop.hive.metastore.RetryingHMSHandler.invoke(RetryingHMSHandler.java:108)
	at com.sun.proxy.$Proxy34.drop_database(Unknown Source)
	at org.apache.hadoop.hive.metastore.api.ThriftHiveMetastore$Processor$drop_database.getResult(ThriftHiveMetastore.java:18285)
	at org.apache.hadoop.hive.metastore.api.ThriftHiveMetastore$Processor$drop_database.getResult(ThriftHiveMetastore.java:18264)
	at org.apache.thrift.ProcessFunction.process(ProcessFunction.java:38)
	at org.apache.hadoop.hive.metastore.TUGIBasedProcessor$1.run(TUGIBasedProcessor.java:111)
	at org.apache.hadoop.hive.metastore.TUGIBasedProcessor$1.run(TUGIBasedProcessor.java:107)
	at java.security.AccessController.doPrivileged(Native Method)
	at javax.security.auth.Subject.doAs(Subject.java:422)
	at org.apache.hadoop.security.UserGroupInformation.doAs(UserGroupInformation.java:1682)
	at org.apache.hadoop.hive.metastore.TUGIBasedProcessor.process(TUGIBasedProcessor.java:119)
	at org.apache.thrift.server.TThreadPoolServer$WorkerProcess.run(TThreadPoolServer.java:248)
	at java.util.concurrent.ThreadPoolExecutor.runWorker(ThreadPoolExecutor.java:1149)
	at java.util.concurrent.ThreadPoolExecutor$Worker.run(ThreadPoolExecutor.java:624)
	at java.lang.Thread.run(Thread.java:750)
Caused by: org.apache.derby.shared.common.error.DerbySQLIntegrityConstraintViolationException: DELETE on table 'DBS' caused a violation of foreign key constraint 'TBLS_FK1' for key (23).  The statement has been rolled back.
	at org.apache.derby.impl.jdbc.SQLExceptionFactory.getSQLException(Unknown Source)
	at org.apache.derby.impl.jdbc.Util.generateCsSQLException(Unknown Source)
	at org.apache.derby.impl.jdbc.TransactionResourceImpl.wrapInSQLException(Unknown Source)
	at org.apache.derby.impl.jdbc.TransactionResourceImpl.handleException(Unknown Source)
	at org.apache.derby.impl.jdbc.EmbedConnection.handleException(Unknown Source)
	at org.apache.derby.impl.jdbc.ConnectionChild.handleException(Unknown Source)
	at org.apache.derby.impl.jdbc.EmbedStatement.executeStatement(Unknown Source)
	at org.apache.derby.impl.jdbc.EmbedPreparedStatement.executeBatchElement(Unknown Source)
	... 47 more
Caused by: ERROR 23503: DELETE on table 'DBS' caused a violation of foreign key constraint 'TBLS_FK1' for key (23).  The statement has been rolled back.
	at org.apache.derby.iapi.error.StandardException.newException(Unknown Source)
	at org.apache.derby.iapi.error.StandardException.newException(Unknown Source)
	at org.apache.derby.impl.sql.execute.ReferencedKeyRIChecker.doCheck(Unknown Source)
	at org.apache.derby.impl.sql.execute.RISetChecker.doPKCheck(Unknown Source)
	at org.apache.derby.impl.sql.execute.DeleteResultSet.collectAffectedRows(Unknown Source)
	at org.apache.derby.impl.sql.execute.DeleteResultSet.open(Unknown Source)
	at org.apache.derby.impl.sql.GenericPreparedStatement.executeStmt(Unknown Source)
	at org.apache.derby.impl.sql.GenericPreparedStatement.execute(Unknown Source)
	... 49 more

2024-04-24T12:17:28,189  INFO [TThreadPoolServer WorkerProcess-%d] HiveMetaStore.audit: ugi=alex	ip=127.0.0.1	cmd=source:127.0.0.1 drop_database: @hive#testGetMessageBusTopicName_DBName	
2024-04-24T12:17:28,193  INFO [TThreadPoolServer WorkerProcess-%d] HiveMetaStore.audit: ugi=alex	ip=127.0.0.1	cmd=source:127.0.0.1 get_all_tables: db=@hive#testGetMessageBusTopicName_DBName	
2024-04-24T12:17:28,195  INFO [TThreadPoolServer WorkerProcess-%d] HiveMetaStore.audit: ugi=alex	ip=127.0.0.1	cmd=source:127.0.0.1 get_functions: db=@hive#testGetMessageBusTopicName_DBName pat=*	
2024-04-24T12:17:28,196  INFO [TThreadPoolServer WorkerProcess-%d] HiveMetaStore.audit: ugi=alex	ip=127.0.0.1	cmd=source:127.0.0.1 get_all_stored_procedures	
2024-04-24T12:17:28,197  INFO [TThreadPoolServer WorkerProcess-%d] HiveMetaStore.audit: ugi=alex	ip=127.0.0.1	cmd=source:127.0.0.1 get_all_packages	
2024-04-24T12:17:28,198  INFO [TThreadPoolServer WorkerProcess-%d] HiveMetaStore.audit: ugi=alex	ip=127.0.0.1	cmd=source:127.0.0.1 getTablesByTypeCore: catName=hive: db=testGetMessageBusTopicName_DBName pat=.*,type=MATERIALIZED_VIEW	
2024-04-24T12:17:28,201  INFO [TThreadPoolServer WorkerProcess-%d] metastore.ObjectStore: Dropping database hive.testGetMessageBusTopicName_DBName along with all tables
2024-04-24T12:17:28,204 ERROR [TThreadPoolServer WorkerProcess-%d] metastore.RetryingHMSHandler: Retrying HMSHandler after 2000 ms (attempt 3 of 10) with error: javax.jdo.JDODataStoreException: Exception thrown flushing changes to datastore
	at org.datanucleus.api.jdo.NucleusJDOHelper.getJDOExceptionForNucleusException(NucleusJDOHelper.java:542)
	at org.datanucleus.api.jdo.JDOPersistenceManager.flush(JDOPersistenceManager.java:2081)
	at org.apache.hadoop.hive.metastore.ObjectStore.addNotificationEvent(ObjectStore.java:11639)
	at sun.reflect.GeneratedMethodAccessor68.invoke(Unknown Source)
	at sun.reflect.DelegatingMethodAccessorImpl.invoke(DelegatingMethodAccessorImpl.java:43)
	at java.lang.reflect.Method.invoke(Method.java:498)
	at org.apache.hadoop.hive.metastore.RawStoreProxy.invoke(RawStoreProxy.java:97)
	at com.sun.proxy.$Proxy32.addNotificationEvent(Unknown Source)
	at org.apache.hive.hcatalog.listener.DbNotificationListener.process(DbNotificationListener.java:1403)
	at org.apache.hive.hcatalog.listener.DbNotificationListener.onDropDatabase(DbNotificationListener.java:513)
	at org.apache.hadoop.hive.metastore.MetaStoreListenerNotifier$26.notify(MetaStoreListenerNotifier.java:99)
	at org.apache.hadoop.hive.metastore.MetaStoreListenerNotifier.notifyEvent(MetaStoreListenerNotifier.java:339)
	at org.apache.hadoop.hive.metastore.HMSHandler.drop_database_core(HMSHandler.java:1785)
	at org.apache.hadoop.hive.metastore.HMSHandler.drop_database(HMSHandler.java:1869)
	at sun.reflect.GeneratedMethodAccessor288.invoke(Unknown Source)
	at sun.reflect.DelegatingMethodAccessorImpl.invoke(DelegatingMethodAccessorImpl.java:43)
	at java.lang.reflect.Method.invoke(Method.java:498)
	at org.apache.hadoop.hive.metastore.RetryingHMSHandler.invokeInternal(RetryingHMSHandler.java:147)
	at org.apache.hadoop.hive.metastore.RetryingHMSHandler.invoke(RetryingHMSHandler.java:108)
	at com.sun.proxy.$Proxy34.drop_database(Unknown Source)
	at org.apache.hadoop.hive.metastore.api.ThriftHiveMetastore$Processor$drop_database.getResult(ThriftHiveMetastore.java:18285)
	at org.apache.hadoop.hive.metastore.api.ThriftHiveMetastore$Processor$drop_database.getResult(ThriftHiveMetastore.java:18264)
	at org.apache.thrift.ProcessFunction.process(ProcessFunction.java:38)
	at org.apache.hadoop.hive.metastore.TUGIBasedProcessor$1.run(TUGIBasedProcessor.java:111)
	at org.apache.hadoop.hive.metastore.TUGIBasedProcessor$1.run(TUGIBasedProcessor.java:107)
	at java.security.AccessController.doPrivileged(Native Method)
	at javax.security.auth.Subject.doAs(Subject.java:422)
	at org.apache.hadoop.security.UserGroupInformation.doAs(UserGroupInformation.java:1682)
	at org.apache.hadoop.hive.metastore.TUGIBasedProcessor.process(TUGIBasedProcessor.java:119)
	at org.apache.thrift.server.TThreadPoolServer$WorkerProcess.run(TThreadPoolServer.java:248)
	at java.util.concurrent.ThreadPoolExecutor.runWorker(ThreadPoolExecutor.java:1149)
	at java.util.concurrent.ThreadPoolExecutor$Worker.run(ThreadPoolExecutor.java:624)
	at java.lang.Thread.run(Thread.java:750)
NestedThrowablesStackTrace:
java.sql.BatchUpdateException: DELETE on table 'DBS' caused a violation of foreign key constraint 'TBLS_FK1' for key (23).  The statement has been rolled back.
	at org.apache.derby.impl.jdbc.EmbedStatement.executeLargeBatch(Unknown Source)
	at org.apache.derby.impl.jdbc.EmbedStatement.executeBatch(Unknown Source)
	at com.zaxxer.hikari.pool.ProxyStatement.executeBatch(ProxyStatement.java:128)
	at com.zaxxer.hikari.pool.HikariProxyPreparedStatement.executeBatch(HikariProxyPreparedStatement.java)
	at org.datanucleus.store.rdbms.ParamLoggingPreparedStatement.executeBatch(ParamLoggingPreparedStatement.java:366)
	at org.datanucleus.store.rdbms.SQLController.processConnectionStatement(SQLController.java:675)
	at org.datanucleus.store.rdbms.SQLController.processStatementsForConnection(SQLController.java:643)
	at org.datanucleus.store.rdbms.SQLController$1.transactionFlushed(SQLController.java:729)
	at org.datanucleus.store.connection.AbstractManagedConnection.transactionFlushed(AbstractManagedConnection.java:95)
	at org.datanucleus.store.connection.ConnectionManagerImpl$2.transactionFlushed(ConnectionManagerImpl.java:528)
	at org.datanucleus.TransactionImpl.flush(TransactionImpl.java:222)
	at org.datanucleus.ExecutionContextImpl.flushInternal(ExecutionContextImpl.java:4068)
	at org.datanucleus.ExecutionContextThreadedImpl.flushInternal(ExecutionContextThreadedImpl.java:448)
	at org.datanucleus.ExecutionContextImpl.flush(ExecutionContextImpl.java:4009)
	at org.datanucleus.ExecutionContextThreadedImpl.flush(ExecutionContextThreadedImpl.java:434)
	at org.datanucleus.api.jdo.JDOPersistenceManager.flush(JDOPersistenceManager.java:2064)
	at org.apache.hadoop.hive.metastore.ObjectStore.addNotificationEvent(ObjectStore.java:11639)
	at sun.reflect.GeneratedMethodAccessor68.invoke(Unknown Source)
	at sun.reflect.DelegatingMethodAccessorImpl.invoke(DelegatingMethodAccessorImpl.java:43)
	at java.lang.reflect.Method.invoke(Method.java:498)
	at org.apache.hadoop.hive.metastore.RawStoreProxy.invoke(RawStoreProxy.java:97)
	at com.sun.proxy.$Proxy32.addNotificationEvent(Unknown Source)
	at org.apache.hive.hcatalog.listener.DbNotificationListener.process(DbNotificationListener.java:1403)
	at org.apache.hive.hcatalog.listener.DbNotificationListener.onDropDatabase(DbNotificationListener.java:513)
	at org.apache.hadoop.hive.metastore.MetaStoreListenerNotifier$26.notify(MetaStoreListenerNotifier.java:99)
	at org.apache.hadoop.hive.metastore.MetaStoreListenerNotifier.notifyEvent(MetaStoreListenerNotifier.java:339)
	at org.apache.hadoop.hive.metastore.HMSHandler.drop_database_core(HMSHandler.java:1785)
	at org.apache.hadoop.hive.metastore.HMSHandler.drop_database(HMSHandler.java:1869)
	at sun.reflect.GeneratedMethodAccessor288.invoke(Unknown Source)
	at sun.reflect.DelegatingMethodAccessorImpl.invoke(DelegatingMethodAccessorImpl.java:43)
	at java.lang.reflect.Method.invoke(Method.java:498)
	at org.apache.hadoop.hive.metastore.RetryingHMSHandler.invokeInternal(RetryingHMSHandler.java:147)
	at org.apache.hadoop.hive.metastore.RetryingHMSHandler.invoke(RetryingHMSHandler.java:108)
	at com.sun.proxy.$Proxy34.drop_database(Unknown Source)
	at org.apache.hadoop.hive.metastore.api.ThriftHiveMetastore$Processor$drop_database.getResult(ThriftHiveMetastore.java:18285)
	at org.apache.hadoop.hive.metastore.api.ThriftHiveMetastore$Processor$drop_database.getResult(ThriftHiveMetastore.java:18264)
	at org.apache.thrift.ProcessFunction.process(ProcessFunction.java:38)
	at org.apache.hadoop.hive.metastore.TUGIBasedProcessor$1.run(TUGIBasedProcessor.java:111)
	at org.apache.hadoop.hive.metastore.TUGIBasedProcessor$1.run(TUGIBasedProcessor.java:107)
	at java.security.AccessController.doPrivileged(Native Method)
	at javax.security.auth.Subject.doAs(Subject.java:422)
	at org.apache.hadoop.security.UserGroupInformation.doAs(UserGroupInformation.java:1682)
	at org.apache.hadoop.hive.metastore.TUGIBasedProcessor.process(TUGIBasedProcessor.java:119)
	at org.apache.thrift.server.TThreadPoolServer$WorkerProcess.run(TThreadPoolServer.java:248)
	at java.util.concurrent.ThreadPoolExecutor.runWorker(ThreadPoolExecutor.java:1149)
	at java.util.concurrent.ThreadPoolExecutor$Worker.run(ThreadPoolExecutor.java:624)
	at java.lang.Thread.run(Thread.java:750)
Caused by: org.apache.derby.shared.common.error.DerbySQLIntegrityConstraintViolationException: DELETE on table 'DBS' caused a violation of foreign key constraint 'TBLS_FK1' for key (23).  The statement has been rolled back.
	at org.apache.derby.impl.jdbc.SQLExceptionFactory.getSQLException(Unknown Source)
	at org.apache.derby.impl.jdbc.Util.generateCsSQLException(Unknown Source)
	at org.apache.derby.impl.jdbc.TransactionResourceImpl.wrapInSQLException(Unknown Source)
	at org.apache.derby.impl.jdbc.TransactionResourceImpl.handleException(Unknown Source)
	at org.apache.derby.impl.jdbc.EmbedConnection.handleException(Unknown Source)
	at org.apache.derby.impl.jdbc.ConnectionChild.handleException(Unknown Source)
	at org.apache.derby.impl.jdbc.EmbedStatement.executeStatement(Unknown Source)
	at org.apache.derby.impl.jdbc.EmbedPreparedStatement.executeBatchElement(Unknown Source)
	... 47 more
Caused by: ERROR 23503: DELETE on table 'DBS' caused a violation of foreign key constraint 'TBLS_FK1' for key (23).  The statement has been rolled back.
	at org.apache.derby.iapi.error.StandardException.newException(Unknown Source)
	at org.apache.derby.iapi.error.StandardException.newException(Unknown Source)
	at org.apache.derby.impl.sql.execute.ReferencedKeyRIChecker.doCheck(Unknown Source)
	at org.apache.derby.impl.sql.execute.RISetChecker.doPKCheck(Unknown Source)
	at org.apache.derby.impl.sql.execute.DeleteResultSet.collectAffectedRows(Unknown Source)
	at org.apache.derby.impl.sql.execute.DeleteResultSet.open(Unknown Source)
	at org.apache.derby.impl.sql.GenericPreparedStatement.executeStmt(Unknown Source)
	at org.apache.derby.impl.sql.GenericPreparedStatement.execute(Unknown Source)
	... 49 more

2024-04-24T12:17:30,204  INFO [TThreadPoolServer WorkerProcess-%d] HiveMetaStore.audit: ugi=alex	ip=127.0.0.1	cmd=source:127.0.0.1 drop_database: @hive#testGetMessageBusTopicName_DBName	
2024-04-24T12:17:30,207  INFO [TThreadPoolServer WorkerProcess-%d] HiveMetaStore.audit: ugi=alex	ip=127.0.0.1	cmd=source:127.0.0.1 get_all_tables: db=@hive#testGetMessageBusTopicName_DBName	
2024-04-24T12:17:30,209  INFO [TThreadPoolServer WorkerProcess-%d] HiveMetaStore.audit: ugi=alex	ip=127.0.0.1	cmd=source:127.0.0.1 get_functions: db=@hive#testGetMessageBusTopicName_DBName pat=*	
2024-04-24T12:17:30,214  INFO [TThreadPoolServer WorkerProcess-%d] HiveMetaStore.audit: ugi=alex	ip=127.0.0.1	cmd=source:127.0.0.1 get_all_stored_procedures	
2024-04-24T12:17:30,216  INFO [TThreadPoolServer WorkerProcess-%d] HiveMetaStore.audit: ugi=alex	ip=127.0.0.1	cmd=source:127.0.0.1 get_all_packages	
2024-04-24T12:17:30,219  INFO [TThreadPoolServer WorkerProcess-%d] HiveMetaStore.audit: ugi=alex	ip=127.0.0.1	cmd=source:127.0.0.1 getTablesByTypeCore: catName=hive: db=testGetMessageBusTopicName_DBName pat=.*,type=MATERIALIZED_VIEW	
2024-04-24T12:17:30,228  INFO [TThreadPoolServer WorkerProcess-%d] metastore.ObjectStore: Dropping database hive.testGetMessageBusTopicName_DBName along with all tables
2024-04-24T12:17:30,238 ERROR [TThreadPoolServer WorkerProcess-%d] metastore.RetryingHMSHandler: Retrying HMSHandler after 2000 ms (attempt 4 of 10) with error: javax.jdo.JDODataStoreException: Exception thrown flushing changes to datastore
	at org.datanucleus.api.jdo.NucleusJDOHelper.getJDOExceptionForNucleusException(NucleusJDOHelper.java:542)
	at org.datanucleus.api.jdo.JDOPersistenceManager.flush(JDOPersistenceManager.java:2081)
	at org.apache.hadoop.hive.metastore.ObjectStore.addNotificationEvent(ObjectStore.java:11639)
	at sun.reflect.GeneratedMethodAccessor68.invoke(Unknown Source)
	at sun.reflect.DelegatingMethodAccessorImpl.invoke(DelegatingMethodAccessorImpl.java:43)
	at java.lang.reflect.Method.invoke(Method.java:498)
	at org.apache.hadoop.hive.metastore.RawStoreProxy.invoke(RawStoreProxy.java:97)
	at com.sun.proxy.$Proxy32.addNotificationEvent(Unknown Source)
	at org.apache.hive.hcatalog.listener.DbNotificationListener.process(DbNotificationListener.java:1403)
	at org.apache.hive.hcatalog.listener.DbNotificationListener.onDropDatabase(DbNotificationListener.java:513)
	at org.apache.hadoop.hive.metastore.MetaStoreListenerNotifier$26.notify(MetaStoreListenerNotifier.java:99)
	at org.apache.hadoop.hive.metastore.MetaStoreListenerNotifier.notifyEvent(MetaStoreListenerNotifier.java:339)
	at org.apache.hadoop.hive.metastore.HMSHandler.drop_database_core(HMSHandler.java:1785)
	at org.apache.hadoop.hive.metastore.HMSHandler.drop_database(HMSHandler.java:1869)
	at sun.reflect.GeneratedMethodAccessor288.invoke(Unknown Source)
	at sun.reflect.DelegatingMethodAccessorImpl.invoke(DelegatingMethodAccessorImpl.java:43)
	at java.lang.reflect.Method.invoke(Method.java:498)
	at org.apache.hadoop.hive.metastore.RetryingHMSHandler.invokeInternal(RetryingHMSHandler.java:147)
	at org.apache.hadoop.hive.metastore.RetryingHMSHandler.invoke(RetryingHMSHandler.java:108)
	at com.sun.proxy.$Proxy34.drop_database(Unknown Source)
	at org.apache.hadoop.hive.metastore.api.ThriftHiveMetastore$Processor$drop_database.getResult(ThriftHiveMetastore.java:18285)
	at org.apache.hadoop.hive.metastore.api.ThriftHiveMetastore$Processor$drop_database.getResult(ThriftHiveMetastore.java:18264)
	at org.apache.thrift.ProcessFunction.process(ProcessFunction.java:38)
	at org.apache.hadoop.hive.metastore.TUGIBasedProcessor$1.run(TUGIBasedProcessor.java:111)
	at org.apache.hadoop.hive.metastore.TUGIBasedProcessor$1.run(TUGIBasedProcessor.java:107)
	at java.security.AccessController.doPrivileged(Native Method)
	at javax.security.auth.Subject.doAs(Subject.java:422)
	at org.apache.hadoop.security.UserGroupInformation.doAs(UserGroupInformation.java:1682)
	at org.apache.hadoop.hive.metastore.TUGIBasedProcessor.process(TUGIBasedProcessor.java:119)
	at org.apache.thrift.server.TThreadPoolServer$WorkerProcess.run(TThreadPoolServer.java:248)
	at java.util.concurrent.ThreadPoolExecutor.runWorker(ThreadPoolExecutor.java:1149)
	at java.util.concurrent.ThreadPoolExecutor$Worker.run(ThreadPoolExecutor.java:624)
	at java.lang.Thread.run(Thread.java:750)
NestedThrowablesStackTrace:
java.sql.BatchUpdateException: DELETE on table 'DBS' caused a violation of foreign key constraint 'TBLS_FK1' for key (23).  The statement has been rolled back.
	at org.apache.derby.impl.jdbc.EmbedStatement.executeLargeBatch(Unknown Source)
	at org.apache.derby.impl.jdbc.EmbedStatement.executeBatch(Unknown Source)
	at com.zaxxer.hikari.pool.ProxyStatement.executeBatch(ProxyStatement.java:128)
	at com.zaxxer.hikari.pool.HikariProxyPreparedStatement.executeBatch(HikariProxyPreparedStatement.java)
	at org.datanucleus.store.rdbms.ParamLoggingPreparedStatement.executeBatch(ParamLoggingPreparedStatement.java:366)
	at org.datanucleus.store.rdbms.SQLController.processConnectionStatement(SQLController.java:675)
	at org.datanucleus.store.rdbms.SQLController.processStatementsForConnection(SQLController.java:643)
	at org.datanucleus.store.rdbms.SQLController$1.transactionFlushed(SQLController.java:729)
	at org.datanucleus.store.connection.AbstractManagedConnection.transactionFlushed(AbstractManagedConnection.java:95)
	at org.datanucleus.store.connection.ConnectionManagerImpl$2.transactionFlushed(ConnectionManagerImpl.java:528)
	at org.datanucleus.TransactionImpl.flush(TransactionImpl.java:222)
	at org.datanucleus.ExecutionContextImpl.flushInternal(ExecutionContextImpl.java:4068)
	at org.datanucleus.ExecutionContextThreadedImpl.flushInternal(ExecutionContextThreadedImpl.java:448)
	at org.datanucleus.ExecutionContextImpl.flush(ExecutionContextImpl.java:4009)
	at org.datanucleus.ExecutionContextThreadedImpl.flush(ExecutionContextThreadedImpl.java:434)
	at org.datanucleus.api.jdo.JDOPersistenceManager.flush(JDOPersistenceManager.java:2064)
	at org.apache.hadoop.hive.metastore.ObjectStore.addNotificationEvent(ObjectStore.java:11639)
	at sun.reflect.GeneratedMethodAccessor68.invoke(Unknown Source)
	at sun.reflect.DelegatingMethodAccessorImpl.invoke(DelegatingMethodAccessorImpl.java:43)
	at java.lang.reflect.Method.invoke(Method.java:498)
	at org.apache.hadoop.hive.metastore.RawStoreProxy.invoke(RawStoreProxy.java:97)
	at com.sun.proxy.$Proxy32.addNotificationEvent(Unknown Source)
	at org.apache.hive.hcatalog.listener.DbNotificationListener.process(DbNotificationListener.java:1403)
	at org.apache.hive.hcatalog.listener.DbNotificationListener.onDropDatabase(DbNotificationListener.java:513)
	at org.apache.hadoop.hive.metastore.MetaStoreListenerNotifier$26.notify(MetaStoreListenerNotifier.java:99)
	at org.apache.hadoop.hive.metastore.MetaStoreListenerNotifier.notifyEvent(MetaStoreListenerNotifier.java:339)
	at org.apache.hadoop.hive.metastore.HMSHandler.drop_database_core(HMSHandler.java:1785)
	at org.apache.hadoop.hive.metastore.HMSHandler.drop_database(HMSHandler.java:1869)
	at sun.reflect.GeneratedMethodAccessor288.invoke(Unknown Source)
	at sun.reflect.DelegatingMethodAccessorImpl.invoke(DelegatingMethodAccessorImpl.java:43)
	at java.lang.reflect.Method.invoke(Method.java:498)
	at org.apache.hadoop.hive.metastore.RetryingHMSHandler.invokeInternal(RetryingHMSHandler.java:147)
	at org.apache.hadoop.hive.metastore.RetryingHMSHandler.invoke(RetryingHMSHandler.java:108)
	at com.sun.proxy.$Proxy34.drop_database(Unknown Source)
	at org.apache.hadoop.hive.metastore.api.ThriftHiveMetastore$Processor$drop_database.getResult(ThriftHiveMetastore.java:18285)
	at org.apache.hadoop.hive.metastore.api.ThriftHiveMetastore$Processor$drop_database.getResult(ThriftHiveMetastore.java:18264)
	at org.apache.thrift.ProcessFunction.process(ProcessFunction.java:38)
	at org.apache.hadoop.hive.metastore.TUGIBasedProcessor$1.run(TUGIBasedProcessor.java:111)
	at org.apache.hadoop.hive.metastore.TUGIBasedProcessor$1.run(TUGIBasedProcessor.java:107)
	at java.security.AccessController.doPrivileged(Native Method)
	at javax.security.auth.Subject.doAs(Subject.java:422)
	at org.apache.hadoop.security.UserGroupInformation.doAs(UserGroupInformation.java:1682)
	at org.apache.hadoop.hive.metastore.TUGIBasedProcessor.process(TUGIBasedProcessor.java:119)
	at org.apache.thrift.server.TThreadPoolServer$WorkerProcess.run(TThreadPoolServer.java:248)
	at java.util.concurrent.ThreadPoolExecutor.runWorker(ThreadPoolExecutor.java:1149)
	at java.util.concurrent.ThreadPoolExecutor$Worker.run(ThreadPoolExecutor.java:624)
	at java.lang.Thread.run(Thread.java:750)
Caused by: org.apache.derby.shared.common.error.DerbySQLIntegrityConstraintViolationException: DELETE on table 'DBS' caused a violation of foreign key constraint 'TBLS_FK1' for key (23).  The statement has been rolled back.
	at org.apache.derby.impl.jdbc.SQLExceptionFactory.getSQLException(Unknown Source)
	at org.apache.derby.impl.jdbc.Util.generateCsSQLException(Unknown Source)
	at org.apache.derby.impl.jdbc.TransactionResourceImpl.wrapInSQLException(Unknown Source)
	at org.apache.derby.impl.jdbc.TransactionResourceImpl.handleException(Unknown Source)
	at org.apache.derby.impl.jdbc.EmbedConnection.handleException(Unknown Source)
	at org.apache.derby.impl.jdbc.ConnectionChild.handleException(Unknown Source)
	at org.apache.derby.impl.jdbc.EmbedStatement.executeStatement(Unknown Source)
	at org.apache.derby.impl.jdbc.EmbedPreparedStatement.executeBatchElement(Unknown Source)
	... 47 more
Caused by: ERROR 23503: DELETE on table 'DBS' caused a violation of foreign key constraint 'TBLS_FK1' for key (23).  The statement has been rolled back.
	at org.apache.derby.iapi.error.StandardException.newException(Unknown Source)
	at org.apache.derby.iapi.error.StandardException.newException(Unknown Source)
	at org.apache.derby.impl.sql.execute.ReferencedKeyRIChecker.doCheck(Unknown Source)
	at org.apache.derby.impl.sql.execute.RISetChecker.doPKCheck(Unknown Source)
	at org.apache.derby.impl.sql.execute.DeleteResultSet.collectAffectedRows(Unknown Source)
	at org.apache.derby.impl.sql.execute.DeleteResultSet.open(Unknown Source)
	at org.apache.derby.impl.sql.GenericPreparedStatement.executeStmt(Unknown Source)
	at org.apache.derby.impl.sql.GenericPreparedStatement.execute(Unknown Source)
	... 49 more

2024-04-24T12:17:32,239  INFO [TThreadPoolServer WorkerProcess-%d] HiveMetaStore.audit: ugi=alex	ip=127.0.0.1	cmd=source:127.0.0.1 drop_database: @hive#testGetMessageBusTopicName_DBName	
2024-04-24T12:17:32,243  INFO [TThreadPoolServer WorkerProcess-%d] HiveMetaStore.audit: ugi=alex	ip=127.0.0.1	cmd=source:127.0.0.1 get_all_tables: db=@hive#testGetMessageBusTopicName_DBName	
2024-04-24T12:17:32,244  INFO [TThreadPoolServer WorkerProcess-%d] HiveMetaStore.audit: ugi=alex	ip=127.0.0.1	cmd=source:127.0.0.1 get_functions: db=@hive#testGetMessageBusTopicName_DBName pat=*	
2024-04-24T12:17:32,246  INFO [TThreadPoolServer WorkerProcess-%d] HiveMetaStore.audit: ugi=alex	ip=127.0.0.1	cmd=source:127.0.0.1 get_all_stored_procedures	
2024-04-24T12:17:32,247  INFO [TThreadPoolServer WorkerProcess-%d] HiveMetaStore.audit: ugi=alex	ip=127.0.0.1	cmd=source:127.0.0.1 get_all_packages	
2024-04-24T12:17:32,247  INFO [TThreadPoolServer WorkerProcess-%d] HiveMetaStore.audit: ugi=alex	ip=127.0.0.1	cmd=source:127.0.0.1 getTablesByTypeCore: catName=hive: db=testGetMessageBusTopicName_DBName pat=.*,type=MATERIALIZED_VIEW	
2024-04-24T12:17:32,250  INFO [TThreadPoolServer WorkerProcess-%d] metastore.ObjectStore: Dropping database hive.testGetMessageBusTopicName_DBName along with all tables
2024-04-24T12:17:32,254 ERROR [TThreadPoolServer WorkerProcess-%d] metastore.RetryingHMSHandler: Retrying HMSHandler after 2000 ms (attempt 5 of 10) with error: javax.jdo.JDODataStoreException: Exception thrown flushing changes to datastore
	at org.datanucleus.api.jdo.NucleusJDOHelper.getJDOExceptionForNucleusException(NucleusJDOHelper.java:542)
	at org.datanucleus.api.jdo.JDOPersistenceManager.flush(JDOPersistenceManager.java:2081)
	at org.apache.hadoop.hive.metastore.ObjectStore.addNotificationEvent(ObjectStore.java:11639)
	at sun.reflect.GeneratedMethodAccessor68.invoke(Unknown Source)
	at sun.reflect.DelegatingMethodAccessorImpl.invoke(DelegatingMethodAccessorImpl.java:43)
	at java.lang.reflect.Method.invoke(Method.java:498)
	at org.apache.hadoop.hive.metastore.RawStoreProxy.invoke(RawStoreProxy.java:97)
	at com.sun.proxy.$Proxy32.addNotificationEvent(Unknown Source)
	at org.apache.hive.hcatalog.listener.DbNotificationListener.process(DbNotificationListener.java:1403)
	at org.apache.hive.hcatalog.listener.DbNotificationListener.onDropDatabase(DbNotificationListener.java:513)
	at org.apache.hadoop.hive.metastore.MetaStoreListenerNotifier$26.notify(MetaStoreListenerNotifier.java:99)
	at org.apache.hadoop.hive.metastore.MetaStoreListenerNotifier.notifyEvent(MetaStoreListenerNotifier.java:339)
	at org.apache.hadoop.hive.metastore.HMSHandler.drop_database_core(HMSHandler.java:1785)
	at org.apache.hadoop.hive.metastore.HMSHandler.drop_database(HMSHandler.java:1869)
	at sun.reflect.GeneratedMethodAccessor288.invoke(Unknown Source)
	at sun.reflect.DelegatingMethodAccessorImpl.invoke(DelegatingMethodAccessorImpl.java:43)
	at java.lang.reflect.Method.invoke(Method.java:498)
	at org.apache.hadoop.hive.metastore.RetryingHMSHandler.invokeInternal(RetryingHMSHandler.java:147)
	at org.apache.hadoop.hive.metastore.RetryingHMSHandler.invoke(RetryingHMSHandler.java:108)
	at com.sun.proxy.$Proxy34.drop_database(Unknown Source)
	at org.apache.hadoop.hive.metastore.api.ThriftHiveMetastore$Processor$drop_database.getResult(ThriftHiveMetastore.java:18285)
	at org.apache.hadoop.hive.metastore.api.ThriftHiveMetastore$Processor$drop_database.getResult(ThriftHiveMetastore.java:18264)
	at org.apache.thrift.ProcessFunction.process(ProcessFunction.java:38)
	at org.apache.hadoop.hive.metastore.TUGIBasedProcessor$1.run(TUGIBasedProcessor.java:111)
	at org.apache.hadoop.hive.metastore.TUGIBasedProcessor$1.run(TUGIBasedProcessor.java:107)
	at java.security.AccessController.doPrivileged(Native Method)
	at javax.security.auth.Subject.doAs(Subject.java:422)
	at org.apache.hadoop.security.UserGroupInformation.doAs(UserGroupInformation.java:1682)
	at org.apache.hadoop.hive.metastore.TUGIBasedProcessor.process(TUGIBasedProcessor.java:119)
	at org.apache.thrift.server.TThreadPoolServer$WorkerProcess.run(TThreadPoolServer.java:248)
	at java.util.concurrent.ThreadPoolExecutor.runWorker(ThreadPoolExecutor.java:1149)
	at java.util.concurrent.ThreadPoolExecutor$Worker.run(ThreadPoolExecutor.java:624)
	at java.lang.Thread.run(Thread.java:750)
NestedThrowablesStackTrace:
java.sql.BatchUpdateException: DELETE on table 'DBS' caused a violation of foreign key constraint 'TBLS_FK1' for key (23).  The statement has been rolled back.
	at org.apache.derby.impl.jdbc.EmbedStatement.executeLargeBatch(Unknown Source)
	at org.apache.derby.impl.jdbc.EmbedStatement.executeBatch(Unknown Source)
	at com.zaxxer.hikari.pool.ProxyStatement.executeBatch(ProxyStatement.java:128)
	at com.zaxxer.hikari.pool.HikariProxyPreparedStatement.executeBatch(HikariProxyPreparedStatement.java)
	at org.datanucleus.store.rdbms.ParamLoggingPreparedStatement.executeBatch(ParamLoggingPreparedStatement.java:366)
	at org.datanucleus.store.rdbms.SQLController.processConnectionStatement(SQLController.java:675)
	at org.datanucleus.store.rdbms.SQLController.processStatementsForConnection(SQLController.java:643)
	at org.datanucleus.store.rdbms.SQLController$1.transactionFlushed(SQLController.java:729)
	at org.datanucleus.store.connection.AbstractManagedConnection.transactionFlushed(AbstractManagedConnection.java:95)
	at org.datanucleus.store.connection.ConnectionManagerImpl$2.transactionFlushed(ConnectionManagerImpl.java:528)
	at org.datanucleus.TransactionImpl.flush(TransactionImpl.java:222)
	at org.datanucleus.ExecutionContextImpl.flushInternal(ExecutionContextImpl.java:4068)
	at org.datanucleus.ExecutionContextThreadedImpl.flushInternal(ExecutionContextThreadedImpl.java:448)
	at org.datanucleus.ExecutionContextImpl.flush(ExecutionContextImpl.java:4009)
	at org.datanucleus.ExecutionContextThreadedImpl.flush(ExecutionContextThreadedImpl.java:434)
	at org.datanucleus.api.jdo.JDOPersistenceManager.flush(JDOPersistenceManager.java:2064)
	at org.apache.hadoop.hive.metastore.ObjectStore.addNotificationEvent(ObjectStore.java:11639)
	at sun.reflect.GeneratedMethodAccessor68.invoke(Unknown Source)
	at sun.reflect.DelegatingMethodAccessorImpl.invoke(DelegatingMethodAccessorImpl.java:43)
	at java.lang.reflect.Method.invoke(Method.java:498)
	at org.apache.hadoop.hive.metastore.RawStoreProxy.invoke(RawStoreProxy.java:97)
	at com.sun.proxy.$Proxy32.addNotificationEvent(Unknown Source)
	at org.apache.hive.hcatalog.listener.DbNotificationListener.process(DbNotificationListener.java:1403)
	at org.apache.hive.hcatalog.listener.DbNotificationListener.onDropDatabase(DbNotificationListener.java:513)
	at org.apache.hadoop.hive.metastore.MetaStoreListenerNotifier$26.notify(MetaStoreListenerNotifier.java:99)
	at org.apache.hadoop.hive.metastore.MetaStoreListenerNotifier.notifyEvent(MetaStoreListenerNotifier.java:339)
	at org.apache.hadoop.hive.metastore.HMSHandler.drop_database_core(HMSHandler.java:1785)
	at org.apache.hadoop.hive.metastore.HMSHandler.drop_database(HMSHandler.java:1869)
	at sun.reflect.GeneratedMethodAccessor288.invoke(Unknown Source)
	at sun.reflect.DelegatingMethodAccessorImpl.invoke(DelegatingMethodAccessorImpl.java:43)
	at java.lang.reflect.Method.invoke(Method.java:498)
	at org.apache.hadoop.hive.metastore.RetryingHMSHandler.invokeInternal(RetryingHMSHandler.java:147)
	at org.apache.hadoop.hive.metastore.RetryingHMSHandler.invoke(RetryingHMSHandler.java:108)
	at com.sun.proxy.$Proxy34.drop_database(Unknown Source)
	at org.apache.hadoop.hive.metastore.api.ThriftHiveMetastore$Processor$drop_database.getResult(ThriftHiveMetastore.java:18285)
	at org.apache.hadoop.hive.metastore.api.ThriftHiveMetastore$Processor$drop_database.getResult(ThriftHiveMetastore.java:18264)
	at org.apache.thrift.ProcessFunction.process(ProcessFunction.java:38)
	at org.apache.hadoop.hive.metastore.TUGIBasedProcessor$1.run(TUGIBasedProcessor.java:111)
	at org.apache.hadoop.hive.metastore.TUGIBasedProcessor$1.run(TUGIBasedProcessor.java:107)
	at java.security.AccessController.doPrivileged(Native Method)
	at javax.security.auth.Subject.doAs(Subject.java:422)
	at org.apache.hadoop.security.UserGroupInformation.doAs(UserGroupInformation.java:1682)
	at org.apache.hadoop.hive.metastore.TUGIBasedProcessor.process(TUGIBasedProcessor.java:119)
	at org.apache.thrift.server.TThreadPoolServer$WorkerProcess.run(TThreadPoolServer.java:248)
	at java.util.concurrent.ThreadPoolExecutor.runWorker(ThreadPoolExecutor.java:1149)
	at java.util.concurrent.ThreadPoolExecutor$Worker.run(ThreadPoolExecutor.java:624)
	at java.lang.Thread.run(Thread.java:750)
Caused by: org.apache.derby.shared.common.error.DerbySQLIntegrityConstraintViolationException: DELETE on table 'DBS' caused a violation of foreign key constraint 'TBLS_FK1' for key (23).  The statement has been rolled back.
	at org.apache.derby.impl.jdbc.SQLExceptionFactory.getSQLException(Unknown Source)
	at org.apache.derby.impl.jdbc.Util.generateCsSQLException(Unknown Source)
	at org.apache.derby.impl.jdbc.TransactionResourceImpl.wrapInSQLException(Unknown Source)
	at org.apache.derby.impl.jdbc.TransactionResourceImpl.handleException(Unknown Source)
	at org.apache.derby.impl.jdbc.EmbedConnection.handleException(Unknown Source)
	at org.apache.derby.impl.jdbc.ConnectionChild.handleException(Unknown Source)
	at org.apache.derby.impl.jdbc.EmbedStatement.executeStatement(Unknown Source)
	at org.apache.derby.impl.jdbc.EmbedPreparedStatement.executeBatchElement(Unknown Source)
	... 47 more
Caused by: ERROR 23503: DELETE on table 'DBS' caused a violation of foreign key constraint 'TBLS_FK1' for key (23).  The statement has been rolled back.
	at org.apache.derby.iapi.error.StandardException.newException(Unknown Source)
	at org.apache.derby.iapi.error.StandardException.newException(Unknown Source)
	at org.apache.derby.impl.sql.execute.ReferencedKeyRIChecker.doCheck(Unknown Source)
	at org.apache.derby.impl.sql.execute.RISetChecker.doPKCheck(Unknown Source)
	at org.apache.derby.impl.sql.execute.DeleteResultSet.collectAffectedRows(Unknown Source)
	at org.apache.derby.impl.sql.execute.DeleteResultSet.open(Unknown Source)
	at org.apache.derby.impl.sql.GenericPreparedStatement.executeStmt(Unknown Source)
	at org.apache.derby.impl.sql.GenericPreparedStatement.execute(Unknown Source)
	... 49 more

2024-04-24T12:17:34,255  INFO [TThreadPoolServer WorkerProcess-%d] HiveMetaStore.audit: ugi=alex	ip=127.0.0.1	cmd=source:127.0.0.1 drop_database: @hive#testGetMessageBusTopicName_DBName	
2024-04-24T12:17:34,258  INFO [TThreadPoolServer WorkerProcess-%d] HiveMetaStore.audit: ugi=alex	ip=127.0.0.1	cmd=source:127.0.0.1 get_all_tables: db=@hive#testGetMessageBusTopicName_DBName	
2024-04-24T12:17:34,259  INFO [TThreadPoolServer WorkerProcess-%d] HiveMetaStore.audit: ugi=alex	ip=127.0.0.1	cmd=source:127.0.0.1 get_functions: db=@hive#testGetMessageBusTopicName_DBName pat=*	
2024-04-24T12:17:34,260  INFO [TThreadPoolServer WorkerProcess-%d] HiveMetaStore.audit: ugi=alex	ip=127.0.0.1	cmd=source:127.0.0.1 get_all_stored_procedures	
2024-04-24T12:17:34,261  INFO [TThreadPoolServer WorkerProcess-%d] HiveMetaStore.audit: ugi=alex	ip=127.0.0.1	cmd=source:127.0.0.1 get_all_packages	
2024-04-24T12:17:34,261  INFO [TThreadPoolServer WorkerProcess-%d] HiveMetaStore.audit: ugi=alex	ip=127.0.0.1	cmd=source:127.0.0.1 getTablesByTypeCore: catName=hive: db=testGetMessageBusTopicName_DBName pat=.*,type=MATERIALIZED_VIEW	
2024-04-24T12:17:34,264  INFO [TThreadPoolServer WorkerProcess-%d] metastore.ObjectStore: Dropping database hive.testGetMessageBusTopicName_DBName along with all tables
2024-04-24T12:17:34,267 ERROR [TThreadPoolServer WorkerProcess-%d] metastore.RetryingHMSHandler: Retrying HMSHandler after 2000 ms (attempt 6 of 10) with error: javax.jdo.JDODataStoreException: Exception thrown flushing changes to datastore
	at org.datanucleus.api.jdo.NucleusJDOHelper.getJDOExceptionForNucleusException(NucleusJDOHelper.java:542)
	at org.datanucleus.api.jdo.JDOPersistenceManager.flush(JDOPersistenceManager.java:2081)
	at org.apache.hadoop.hive.metastore.ObjectStore.addNotificationEvent(ObjectStore.java:11639)
	at sun.reflect.GeneratedMethodAccessor68.invoke(Unknown Source)
	at sun.reflect.DelegatingMethodAccessorImpl.invoke(DelegatingMethodAccessorImpl.java:43)
	at java.lang.reflect.Method.invoke(Method.java:498)
	at org.apache.hadoop.hive.metastore.RawStoreProxy.invoke(RawStoreProxy.java:97)
	at com.sun.proxy.$Proxy32.addNotificationEvent(Unknown Source)
	at org.apache.hive.hcatalog.listener.DbNotificationListener.process(DbNotificationListener.java:1403)
	at org.apache.hive.hcatalog.listener.DbNotificationListener.onDropDatabase(DbNotificationListener.java:513)
	at org.apache.hadoop.hive.metastore.MetaStoreListenerNotifier$26.notify(MetaStoreListenerNotifier.java:99)
	at org.apache.hadoop.hive.metastore.MetaStoreListenerNotifier.notifyEvent(MetaStoreListenerNotifier.java:339)
	at org.apache.hadoop.hive.metastore.HMSHandler.drop_database_core(HMSHandler.java:1785)
	at org.apache.hadoop.hive.metastore.HMSHandler.drop_database(HMSHandler.java:1869)
	at sun.reflect.GeneratedMethodAccessor288.invoke(Unknown Source)
	at sun.reflect.DelegatingMethodAccessorImpl.invoke(DelegatingMethodAccessorImpl.java:43)
	at java.lang.reflect.Method.invoke(Method.java:498)
	at org.apache.hadoop.hive.metastore.RetryingHMSHandler.invokeInternal(RetryingHMSHandler.java:147)
	at org.apache.hadoop.hive.metastore.RetryingHMSHandler.invoke(RetryingHMSHandler.java:108)
	at com.sun.proxy.$Proxy34.drop_database(Unknown Source)
	at org.apache.hadoop.hive.metastore.api.ThriftHiveMetastore$Processor$drop_database.getResult(ThriftHiveMetastore.java:18285)
	at org.apache.hadoop.hive.metastore.api.ThriftHiveMetastore$Processor$drop_database.getResult(ThriftHiveMetastore.java:18264)
	at org.apache.thrift.ProcessFunction.process(ProcessFunction.java:38)
	at org.apache.hadoop.hive.metastore.TUGIBasedProcessor$1.run(TUGIBasedProcessor.java:111)
	at org.apache.hadoop.hive.metastore.TUGIBasedProcessor$1.run(TUGIBasedProcessor.java:107)
	at java.security.AccessController.doPrivileged(Native Method)
	at javax.security.auth.Subject.doAs(Subject.java:422)
	at org.apache.hadoop.security.UserGroupInformation.doAs(UserGroupInformation.java:1682)
	at org.apache.hadoop.hive.metastore.TUGIBasedProcessor.process(TUGIBasedProcessor.java:119)
	at org.apache.thrift.server.TThreadPoolServer$WorkerProcess.run(TThreadPoolServer.java:248)
	at java.util.concurrent.ThreadPoolExecutor.runWorker(ThreadPoolExecutor.java:1149)
	at java.util.concurrent.ThreadPoolExecutor$Worker.run(ThreadPoolExecutor.java:624)
	at java.lang.Thread.run(Thread.java:750)
NestedThrowablesStackTrace:
java.sql.BatchUpdateException: DELETE on table 'DBS' caused a violation of foreign key constraint 'TBLS_FK1' for key (23).  The statement has been rolled back.
	at org.apache.derby.impl.jdbc.EmbedStatement.executeLargeBatch(Unknown Source)
	at org.apache.derby.impl.jdbc.EmbedStatement.executeBatch(Unknown Source)
	at com.zaxxer.hikari.pool.ProxyStatement.executeBatch(ProxyStatement.java:128)
	at com.zaxxer.hikari.pool.HikariProxyPreparedStatement.executeBatch(HikariProxyPreparedStatement.java)
	at org.datanucleus.store.rdbms.ParamLoggingPreparedStatement.executeBatch(ParamLoggingPreparedStatement.java:366)
	at org.datanucleus.store.rdbms.SQLController.processConnectionStatement(SQLController.java:675)
	at org.datanucleus.store.rdbms.SQLController.processStatementsForConnection(SQLController.java:643)
	at org.datanucleus.store.rdbms.SQLController$1.transactionFlushed(SQLController.java:729)
	at org.datanucleus.store.connection.AbstractManagedConnection.transactionFlushed(AbstractManagedConnection.java:95)
	at org.datanucleus.store.connection.ConnectionManagerImpl$2.transactionFlushed(ConnectionManagerImpl.java:528)
	at org.datanucleus.TransactionImpl.flush(TransactionImpl.java:222)
	at org.datanucleus.ExecutionContextImpl.flushInternal(ExecutionContextImpl.java:4068)
	at org.datanucleus.ExecutionContextThreadedImpl.flushInternal(ExecutionContextThreadedImpl.java:448)
	at org.datanucleus.ExecutionContextImpl.flush(ExecutionContextImpl.java:4009)
	at org.datanucleus.ExecutionContextThreadedImpl.flush(ExecutionContextThreadedImpl.java:434)
	at org.datanucleus.api.jdo.JDOPersistenceManager.flush(JDOPersistenceManager.java:2064)
	at org.apache.hadoop.hive.metastore.ObjectStore.addNotificationEvent(ObjectStore.java:11639)
	at sun.reflect.GeneratedMethodAccessor68.invoke(Unknown Source)
	at sun.reflect.DelegatingMethodAccessorImpl.invoke(DelegatingMethodAccessorImpl.java:43)
	at java.lang.reflect.Method.invoke(Method.java:498)
	at org.apache.hadoop.hive.metastore.RawStoreProxy.invoke(RawStoreProxy.java:97)
	at com.sun.proxy.$Proxy32.addNotificationEvent(Unknown Source)
	at org.apache.hive.hcatalog.listener.DbNotificationListener.process(DbNotificationListener.java:1403)
	at org.apache.hive.hcatalog.listener.DbNotificationListener.onDropDatabase(DbNotificationListener.java:513)
	at org.apache.hadoop.hive.metastore.MetaStoreListenerNotifier$26.notify(MetaStoreListenerNotifier.java:99)
	at org.apache.hadoop.hive.metastore.MetaStoreListenerNotifier.notifyEvent(MetaStoreListenerNotifier.java:339)
	at org.apache.hadoop.hive.metastore.HMSHandler.drop_database_core(HMSHandler.java:1785)
	at org.apache.hadoop.hive.metastore.HMSHandler.drop_database(HMSHandler.java:1869)
	at sun.reflect.GeneratedMethodAccessor288.invoke(Unknown Source)
	at sun.reflect.DelegatingMethodAccessorImpl.invoke(DelegatingMethodAccessorImpl.java:43)
	at java.lang.reflect.Method.invoke(Method.java:498)
	at org.apache.hadoop.hive.metastore.RetryingHMSHandler.invokeInternal(RetryingHMSHandler.java:147)
	at org.apache.hadoop.hive.metastore.RetryingHMSHandler.invoke(RetryingHMSHandler.java:108)
	at com.sun.proxy.$Proxy34.drop_database(Unknown Source)
	at org.apache.hadoop.hive.metastore.api.ThriftHiveMetastore$Processor$drop_database.getResult(ThriftHiveMetastore.java:18285)
	at org.apache.hadoop.hive.metastore.api.ThriftHiveMetastore$Processor$drop_database.getResult(ThriftHiveMetastore.java:18264)
	at org.apache.thrift.ProcessFunction.process(ProcessFunction.java:38)
	at org.apache.hadoop.hive.metastore.TUGIBasedProcessor$1.run(TUGIBasedProcessor.java:111)
	at org.apache.hadoop.hive.metastore.TUGIBasedProcessor$1.run(TUGIBasedProcessor.java:107)
	at java.security.AccessController.doPrivileged(Native Method)
	at javax.security.auth.Subject.doAs(Subject.java:422)
	at org.apache.hadoop.security.UserGroupInformation.doAs(UserGroupInformation.java:1682)
	at org.apache.hadoop.hive.metastore.TUGIBasedProcessor.process(TUGIBasedProcessor.java:119)
	at org.apache.thrift.server.TThreadPoolServer$WorkerProcess.run(TThreadPoolServer.java:248)
	at java.util.concurrent.ThreadPoolExecutor.runWorker(ThreadPoolExecutor.java:1149)
	at java.util.concurrent.ThreadPoolExecutor$Worker.run(ThreadPoolExecutor.java:624)
	at java.lang.Thread.run(Thread.java:750)
Caused by: org.apache.derby.shared.common.error.DerbySQLIntegrityConstraintViolationException: DELETE on table 'DBS' caused a violation of foreign key constraint 'TBLS_FK1' for key (23).  The statement has been rolled back.
	at org.apache.derby.impl.jdbc.SQLExceptionFactory.getSQLException(Unknown Source)
	at org.apache.derby.impl.jdbc.Util.generateCsSQLException(Unknown Source)
	at org.apache.derby.impl.jdbc.TransactionResourceImpl.wrapInSQLException(Unknown Source)
	at org.apache.derby.impl.jdbc.TransactionResourceImpl.handleException(Unknown Source)
	at org.apache.derby.impl.jdbc.EmbedConnection.handleException(Unknown Source)
	at org.apache.derby.impl.jdbc.ConnectionChild.handleException(Unknown Source)
	at org.apache.derby.impl.jdbc.EmbedStatement.executeStatement(Unknown Source)
	at org.apache.derby.impl.jdbc.EmbedPreparedStatement.executeBatchElement(Unknown Source)
	... 47 more
Caused by: ERROR 23503: DELETE on table 'DBS' caused a violation of foreign key constraint 'TBLS_FK1' for key (23).  The statement has been rolled back.
	at org.apache.derby.iapi.error.StandardException.newException(Unknown Source)
	at org.apache.derby.iapi.error.StandardException.newException(Unknown Source)
	at org.apache.derby.impl.sql.execute.ReferencedKeyRIChecker.doCheck(Unknown Source)
	at org.apache.derby.impl.sql.execute.RISetChecker.doPKCheck(Unknown Source)
	at org.apache.derby.impl.sql.execute.DeleteResultSet.collectAffectedRows(Unknown Source)
	at org.apache.derby.impl.sql.execute.DeleteResultSet.open(Unknown Source)
	at org.apache.derby.impl.sql.GenericPreparedStatement.executeStmt(Unknown Source)
	at org.apache.derby.impl.sql.GenericPreparedStatement.execute(Unknown Source)
	... 49 more

2024-04-24T12:17:36,267  INFO [TThreadPoolServer WorkerProcess-%d] HiveMetaStore.audit: ugi=alex	ip=127.0.0.1	cmd=source:127.0.0.1 drop_database: @hive#testGetMessageBusTopicName_DBName	
2024-04-24T12:17:36,270  INFO [TThreadPoolServer WorkerProcess-%d] HiveMetaStore.audit: ugi=alex	ip=127.0.0.1	cmd=source:127.0.0.1 get_all_tables: db=@hive#testGetMessageBusTopicName_DBName	
2024-04-24T12:17:36,272  INFO [TThreadPoolServer WorkerProcess-%d] HiveMetaStore.audit: ugi=alex	ip=127.0.0.1	cmd=source:127.0.0.1 get_functions: db=@hive#testGetMessageBusTopicName_DBName pat=*	
2024-04-24T12:17:36,273  INFO [TThreadPoolServer WorkerProcess-%d] HiveMetaStore.audit: ugi=alex	ip=127.0.0.1	cmd=source:127.0.0.1 get_all_stored_procedures	
2024-04-24T12:17:36,274  INFO [TThreadPoolServer WorkerProcess-%d] HiveMetaStore.audit: ugi=alex	ip=127.0.0.1	cmd=source:127.0.0.1 get_all_packages	
2024-04-24T12:17:36,275  INFO [TThreadPoolServer WorkerProcess-%d] HiveMetaStore.audit: ugi=alex	ip=127.0.0.1	cmd=source:127.0.0.1 getTablesByTypeCore: catName=hive: db=testGetMessageBusTopicName_DBName pat=.*,type=MATERIALIZED_VIEW	
2024-04-24T12:17:36,277  INFO [TThreadPoolServer WorkerProcess-%d] metastore.ObjectStore: Dropping database hive.testGetMessageBusTopicName_DBName along with all tables
2024-04-24T12:17:36,280 ERROR [TThreadPoolServer WorkerProcess-%d] metastore.RetryingHMSHandler: Retrying HMSHandler after 2000 ms (attempt 7 of 10) with error: javax.jdo.JDODataStoreException: Exception thrown flushing changes to datastore
	at org.datanucleus.api.jdo.NucleusJDOHelper.getJDOExceptionForNucleusException(NucleusJDOHelper.java:542)
	at org.datanucleus.api.jdo.JDOPersistenceManager.flush(JDOPersistenceManager.java:2081)
	at org.apache.hadoop.hive.metastore.ObjectStore.addNotificationEvent(ObjectStore.java:11639)
	at sun.reflect.GeneratedMethodAccessor68.invoke(Unknown Source)
	at sun.reflect.DelegatingMethodAccessorImpl.invoke(DelegatingMethodAccessorImpl.java:43)
	at java.lang.reflect.Method.invoke(Method.java:498)
	at org.apache.hadoop.hive.metastore.RawStoreProxy.invoke(RawStoreProxy.java:97)
	at com.sun.proxy.$Proxy32.addNotificationEvent(Unknown Source)
	at org.apache.hive.hcatalog.listener.DbNotificationListener.process(DbNotificationListener.java:1403)
	at org.apache.hive.hcatalog.listener.DbNotificationListener.onDropDatabase(DbNotificationListener.java:513)
	at org.apache.hadoop.hive.metastore.MetaStoreListenerNotifier$26.notify(MetaStoreListenerNotifier.java:99)
	at org.apache.hadoop.hive.metastore.MetaStoreListenerNotifier.notifyEvent(MetaStoreListenerNotifier.java:339)
	at org.apache.hadoop.hive.metastore.HMSHandler.drop_database_core(HMSHandler.java:1785)
	at org.apache.hadoop.hive.metastore.HMSHandler.drop_database(HMSHandler.java:1869)
	at sun.reflect.GeneratedMethodAccessor288.invoke(Unknown Source)
	at sun.reflect.DelegatingMethodAccessorImpl.invoke(DelegatingMethodAccessorImpl.java:43)
	at java.lang.reflect.Method.invoke(Method.java:498)
	at org.apache.hadoop.hive.metastore.RetryingHMSHandler.invokeInternal(RetryingHMSHandler.java:147)
	at org.apache.hadoop.hive.metastore.RetryingHMSHandler.invoke(RetryingHMSHandler.java:108)
	at com.sun.proxy.$Proxy34.drop_database(Unknown Source)
	at org.apache.hadoop.hive.metastore.api.ThriftHiveMetastore$Processor$drop_database.getResult(ThriftHiveMetastore.java:18285)
	at org.apache.hadoop.hive.metastore.api.ThriftHiveMetastore$Processor$drop_database.getResult(ThriftHiveMetastore.java:18264)
	at org.apache.thrift.ProcessFunction.process(ProcessFunction.java:38)
	at org.apache.hadoop.hive.metastore.TUGIBasedProcessor$1.run(TUGIBasedProcessor.java:111)
	at org.apache.hadoop.hive.metastore.TUGIBasedProcessor$1.run(TUGIBasedProcessor.java:107)
	at java.security.AccessController.doPrivileged(Native Method)
	at javax.security.auth.Subject.doAs(Subject.java:422)
	at org.apache.hadoop.security.UserGroupInformation.doAs(UserGroupInformation.java:1682)
	at org.apache.hadoop.hive.metastore.TUGIBasedProcessor.process(TUGIBasedProcessor.java:119)
	at org.apache.thrift.server.TThreadPoolServer$WorkerProcess.run(TThreadPoolServer.java:248)
	at java.util.concurrent.ThreadPoolExecutor.runWorker(ThreadPoolExecutor.java:1149)
	at java.util.concurrent.ThreadPoolExecutor$Worker.run(ThreadPoolExecutor.java:624)
	at java.lang.Thread.run(Thread.java:750)
NestedThrowablesStackTrace:
java.sql.BatchUpdateException: DELETE on table 'DBS' caused a violation of foreign key constraint 'TBLS_FK1' for key (23).  The statement has been rolled back.
	at org.apache.derby.impl.jdbc.EmbedStatement.executeLargeBatch(Unknown Source)
	at org.apache.derby.impl.jdbc.EmbedStatement.executeBatch(Unknown Source)
	at com.zaxxer.hikari.pool.ProxyStatement.executeBatch(ProxyStatement.java:128)
	at com.zaxxer.hikari.pool.HikariProxyPreparedStatement.executeBatch(HikariProxyPreparedStatement.java)
	at org.datanucleus.store.rdbms.ParamLoggingPreparedStatement.executeBatch(ParamLoggingPreparedStatement.java:366)
	at org.datanucleus.store.rdbms.SQLController.processConnectionStatement(SQLController.java:675)
	at org.datanucleus.store.rdbms.SQLController.processStatementsForConnection(SQLController.java:643)
	at org.datanucleus.store.rdbms.SQLController$1.transactionFlushed(SQLController.java:729)
	at org.datanucleus.store.connection.AbstractManagedConnection.transactionFlushed(AbstractManagedConnection.java:95)
	at org.datanucleus.store.connection.ConnectionManagerImpl$2.transactionFlushed(ConnectionManagerImpl.java:528)
	at org.datanucleus.TransactionImpl.flush(TransactionImpl.java:222)
	at org.datanucleus.ExecutionContextImpl.flushInternal(ExecutionContextImpl.java:4068)
	at org.datanucleus.ExecutionContextThreadedImpl.flushInternal(ExecutionContextThreadedImpl.java:448)
	at org.datanucleus.ExecutionContextImpl.flush(ExecutionContextImpl.java:4009)
	at org.datanucleus.ExecutionContextThreadedImpl.flush(ExecutionContextThreadedImpl.java:434)
	at org.datanucleus.api.jdo.JDOPersistenceManager.flush(JDOPersistenceManager.java:2064)
	at org.apache.hadoop.hive.metastore.ObjectStore.addNotificationEvent(ObjectStore.java:11639)
	at sun.reflect.GeneratedMethodAccessor68.invoke(Unknown Source)
	at sun.reflect.DelegatingMethodAccessorImpl.invoke(DelegatingMethodAccessorImpl.java:43)
	at java.lang.reflect.Method.invoke(Method.java:498)
	at org.apache.hadoop.hive.metastore.RawStoreProxy.invoke(RawStoreProxy.java:97)
	at com.sun.proxy.$Proxy32.addNotificationEvent(Unknown Source)
	at org.apache.hive.hcatalog.listener.DbNotificationListener.process(DbNotificationListener.java:1403)
	at org.apache.hive.hcatalog.listener.DbNotificationListener.onDropDatabase(DbNotificationListener.java:513)
	at org.apache.hadoop.hive.metastore.MetaStoreListenerNotifier$26.notify(MetaStoreListenerNotifier.java:99)
	at org.apache.hadoop.hive.metastore.MetaStoreListenerNotifier.notifyEvent(MetaStoreListenerNotifier.java:339)
	at org.apache.hadoop.hive.metastore.HMSHandler.drop_database_core(HMSHandler.java:1785)
	at org.apache.hadoop.hive.metastore.HMSHandler.drop_database(HMSHandler.java:1869)
	at sun.reflect.GeneratedMethodAccessor288.invoke(Unknown Source)
	at sun.reflect.DelegatingMethodAccessorImpl.invoke(DelegatingMethodAccessorImpl.java:43)
	at java.lang.reflect.Method.invoke(Method.java:498)
	at org.apache.hadoop.hive.metastore.RetryingHMSHandler.invokeInternal(RetryingHMSHandler.java:147)
	at org.apache.hadoop.hive.metastore.RetryingHMSHandler.invoke(RetryingHMSHandler.java:108)
	at com.sun.proxy.$Proxy34.drop_database(Unknown Source)
	at org.apache.hadoop.hive.metastore.api.ThriftHiveMetastore$Processor$drop_database.getResult(ThriftHiveMetastore.java:18285)
	at org.apache.hadoop.hive.metastore.api.ThriftHiveMetastore$Processor$drop_database.getResult(ThriftHiveMetastore.java:18264)
	at org.apache.thrift.ProcessFunction.process(ProcessFunction.java:38)
	at org.apache.hadoop.hive.metastore.TUGIBasedProcessor$1.run(TUGIBasedProcessor.java:111)
	at org.apache.hadoop.hive.metastore.TUGIBasedProcessor$1.run(TUGIBasedProcessor.java:107)
	at java.security.AccessController.doPrivileged(Native Method)
	at javax.security.auth.Subject.doAs(Subject.java:422)
	at org.apache.hadoop.security.UserGroupInformation.doAs(UserGroupInformation.java:1682)
	at org.apache.hadoop.hive.metastore.TUGIBasedProcessor.process(TUGIBasedProcessor.java:119)
	at org.apache.thrift.server.TThreadPoolServer$WorkerProcess.run(TThreadPoolServer.java:248)
	at java.util.concurrent.ThreadPoolExecutor.runWorker(ThreadPoolExecutor.java:1149)
	at java.util.concurrent.ThreadPoolExecutor$Worker.run(ThreadPoolExecutor.java:624)
	at java.lang.Thread.run(Thread.java:750)
Caused by: org.apache.derby.shared.common.error.DerbySQLIntegrityConstraintViolationException: DELETE on table 'DBS' caused a violation of foreign key constraint 'TBLS_FK1' for key (23).  The statement has been rolled back.
	at org.apache.derby.impl.jdbc.SQLExceptionFactory.getSQLException(Unknown Source)
	at org.apache.derby.impl.jdbc.Util.generateCsSQLException(Unknown Source)
	at org.apache.derby.impl.jdbc.TransactionResourceImpl.wrapInSQLException(Unknown Source)
	at org.apache.derby.impl.jdbc.TransactionResourceImpl.handleException(Unknown Source)
	at org.apache.derby.impl.jdbc.EmbedConnection.handleException(Unknown Source)
	at org.apache.derby.impl.jdbc.ConnectionChild.handleException(Unknown Source)
	at org.apache.derby.impl.jdbc.EmbedStatement.executeStatement(Unknown Source)
	at org.apache.derby.impl.jdbc.EmbedPreparedStatement.executeBatchElement(Unknown Source)
	... 47 more
Caused by: ERROR 23503: DELETE on table 'DBS' caused a violation of foreign key constraint 'TBLS_FK1' for key (23).  The statement has been rolled back.
	at org.apache.derby.iapi.error.StandardException.newException(Unknown Source)
	at org.apache.derby.iapi.error.StandardException.newException(Unknown Source)
	at org.apache.derby.impl.sql.execute.ReferencedKeyRIChecker.doCheck(Unknown Source)
	at org.apache.derby.impl.sql.execute.RISetChecker.doPKCheck(Unknown Source)
	at org.apache.derby.impl.sql.execute.DeleteResultSet.collectAffectedRows(Unknown Source)
	at org.apache.derby.impl.sql.execute.DeleteResultSet.open(Unknown Source)
	at org.apache.derby.impl.sql.GenericPreparedStatement.executeStmt(Unknown Source)
	at org.apache.derby.impl.sql.GenericPreparedStatement.execute(Unknown Source)
	... 49 more

2024-04-24T12:17:38,281  INFO [TThreadPoolServer WorkerProcess-%d] HiveMetaStore.audit: ugi=alex	ip=127.0.0.1	cmd=source:127.0.0.1 drop_database: @hive#testGetMessageBusTopicName_DBName	
2024-04-24T12:17:38,285  INFO [TThreadPoolServer WorkerProcess-%d] HiveMetaStore.audit: ugi=alex	ip=127.0.0.1	cmd=source:127.0.0.1 get_all_tables: db=@hive#testGetMessageBusTopicName_DBName	
2024-04-24T12:17:38,286  INFO [TThreadPoolServer WorkerProcess-%d] HiveMetaStore.audit: ugi=alex	ip=127.0.0.1	cmd=source:127.0.0.1 get_functions: db=@hive#testGetMessageBusTopicName_DBName pat=*	
2024-04-24T12:17:38,287  INFO [TThreadPoolServer WorkerProcess-%d] HiveMetaStore.audit: ugi=alex	ip=127.0.0.1	cmd=source:127.0.0.1 get_all_stored_procedures	
2024-04-24T12:17:38,288  INFO [TThreadPoolServer WorkerProcess-%d] HiveMetaStore.audit: ugi=alex	ip=127.0.0.1	cmd=source:127.0.0.1 get_all_packages	
2024-04-24T12:17:38,288  INFO [TThreadPoolServer WorkerProcess-%d] HiveMetaStore.audit: ugi=alex	ip=127.0.0.1	cmd=source:127.0.0.1 getTablesByTypeCore: catName=hive: db=testGetMessageBusTopicName_DBName pat=.*,type=MATERIALIZED_VIEW	
2024-04-24T12:17:38,291  INFO [TThreadPoolServer WorkerProcess-%d] metastore.ObjectStore: Dropping database hive.testGetMessageBusTopicName_DBName along with all tables
2024-04-24T12:17:38,294 ERROR [TThreadPoolServer WorkerProcess-%d] metastore.RetryingHMSHandler: Retrying HMSHandler after 2000 ms (attempt 8 of 10) with error: javax.jdo.JDODataStoreException: Exception thrown flushing changes to datastore
	at org.datanucleus.api.jdo.NucleusJDOHelper.getJDOExceptionForNucleusException(NucleusJDOHelper.java:542)
	at org.datanucleus.api.jdo.JDOPersistenceManager.flush(JDOPersistenceManager.java:2081)
	at org.apache.hadoop.hive.metastore.ObjectStore.addNotificationEvent(ObjectStore.java:11639)
	at sun.reflect.GeneratedMethodAccessor68.invoke(Unknown Source)
	at sun.reflect.DelegatingMethodAccessorImpl.invoke(DelegatingMethodAccessorImpl.java:43)
	at java.lang.reflect.Method.invoke(Method.java:498)
	at org.apache.hadoop.hive.metastore.RawStoreProxy.invoke(RawStoreProxy.java:97)
	at com.sun.proxy.$Proxy32.addNotificationEvent(Unknown Source)
	at org.apache.hive.hcatalog.listener.DbNotificationListener.process(DbNotificationListener.java:1403)
	at org.apache.hive.hcatalog.listener.DbNotificationListener.onDropDatabase(DbNotificationListener.java:513)
	at org.apache.hadoop.hive.metastore.MetaStoreListenerNotifier$26.notify(MetaStoreListenerNotifier.java:99)
	at org.apache.hadoop.hive.metastore.MetaStoreListenerNotifier.notifyEvent(MetaStoreListenerNotifier.java:339)
	at org.apache.hadoop.hive.metastore.HMSHandler.drop_database_core(HMSHandler.java:1785)
	at org.apache.hadoop.hive.metastore.HMSHandler.drop_database(HMSHandler.java:1869)
	at sun.reflect.GeneratedMethodAccessor288.invoke(Unknown Source)
	at sun.reflect.DelegatingMethodAccessorImpl.invoke(DelegatingMethodAccessorImpl.java:43)
	at java.lang.reflect.Method.invoke(Method.java:498)
	at org.apache.hadoop.hive.metastore.RetryingHMSHandler.invokeInternal(RetryingHMSHandler.java:147)
	at org.apache.hadoop.hive.metastore.RetryingHMSHandler.invoke(RetryingHMSHandler.java:108)
	at com.sun.proxy.$Proxy34.drop_database(Unknown Source)
	at org.apache.hadoop.hive.metastore.api.ThriftHiveMetastore$Processor$drop_database.getResult(ThriftHiveMetastore.java:18285)
	at org.apache.hadoop.hive.metastore.api.ThriftHiveMetastore$Processor$drop_database.getResult(ThriftHiveMetastore.java:18264)
	at org.apache.thrift.ProcessFunction.process(ProcessFunction.java:38)
	at org.apache.hadoop.hive.metastore.TUGIBasedProcessor$1.run(TUGIBasedProcessor.java:111)
	at org.apache.hadoop.hive.metastore.TUGIBasedProcessor$1.run(TUGIBasedProcessor.java:107)
	at java.security.AccessController.doPrivileged(Native Method)
	at javax.security.auth.Subject.doAs(Subject.java:422)
	at org.apache.hadoop.security.UserGroupInformation.doAs(UserGroupInformation.java:1682)
	at org.apache.hadoop.hive.metastore.TUGIBasedProcessor.process(TUGIBasedProcessor.java:119)
	at org.apache.thrift.server.TThreadPoolServer$WorkerProcess.run(TThreadPoolServer.java:248)
	at java.util.concurrent.ThreadPoolExecutor.runWorker(ThreadPoolExecutor.java:1149)
	at java.util.concurrent.ThreadPoolExecutor$Worker.run(ThreadPoolExecutor.java:624)
	at java.lang.Thread.run(Thread.java:750)
NestedThrowablesStackTrace:
java.sql.BatchUpdateException: DELETE on table 'DBS' caused a violation of foreign key constraint 'TBLS_FK1' for key (23).  The statement has been rolled back.
	at org.apache.derby.impl.jdbc.EmbedStatement.executeLargeBatch(Unknown Source)
	at org.apache.derby.impl.jdbc.EmbedStatement.executeBatch(Unknown Source)
	at com.zaxxer.hikari.pool.ProxyStatement.executeBatch(ProxyStatement.java:128)
	at com.zaxxer.hikari.pool.HikariProxyPreparedStatement.executeBatch(HikariProxyPreparedStatement.java)
	at org.datanucleus.store.rdbms.ParamLoggingPreparedStatement.executeBatch(ParamLoggingPreparedStatement.java:366)
	at org.datanucleus.store.rdbms.SQLController.processConnectionStatement(SQLController.java:675)
	at org.datanucleus.store.rdbms.SQLController.processStatementsForConnection(SQLController.java:643)
	at org.datanucleus.store.rdbms.SQLController$1.transactionFlushed(SQLController.java:729)
	at org.datanucleus.store.connection.AbstractManagedConnection.transactionFlushed(AbstractManagedConnection.java:95)
	at org.datanucleus.store.connection.ConnectionManagerImpl$2.transactionFlushed(ConnectionManagerImpl.java:528)
	at org.datanucleus.TransactionImpl.flush(TransactionImpl.java:222)
	at org.datanucleus.ExecutionContextImpl.flushInternal(ExecutionContextImpl.java:4068)
	at org.datanucleus.ExecutionContextThreadedImpl.flushInternal(ExecutionContextThreadedImpl.java:448)
	at org.datanucleus.ExecutionContextImpl.flush(ExecutionContextImpl.java:4009)
	at org.datanucleus.ExecutionContextThreadedImpl.flush(ExecutionContextThreadedImpl.java:434)
	at org.datanucleus.api.jdo.JDOPersistenceManager.flush(JDOPersistenceManager.java:2064)
	at org.apache.hadoop.hive.metastore.ObjectStore.addNotificationEvent(ObjectStore.java:11639)
	at sun.reflect.GeneratedMethodAccessor68.invoke(Unknown Source)
	at sun.reflect.DelegatingMethodAccessorImpl.invoke(DelegatingMethodAccessorImpl.java:43)
	at java.lang.reflect.Method.invoke(Method.java:498)
	at org.apache.hadoop.hive.metastore.RawStoreProxy.invoke(RawStoreProxy.java:97)
	at com.sun.proxy.$Proxy32.addNotificationEvent(Unknown Source)
	at org.apache.hive.hcatalog.listener.DbNotificationListener.process(DbNotificationListener.java:1403)
	at org.apache.hive.hcatalog.listener.DbNotificationListener.onDropDatabase(DbNotificationListener.java:513)
	at org.apache.hadoop.hive.metastore.MetaStoreListenerNotifier$26.notify(MetaStoreListenerNotifier.java:99)
	at org.apache.hadoop.hive.metastore.MetaStoreListenerNotifier.notifyEvent(MetaStoreListenerNotifier.java:339)
	at org.apache.hadoop.hive.metastore.HMSHandler.drop_database_core(HMSHandler.java:1785)
	at org.apache.hadoop.hive.metastore.HMSHandler.drop_database(HMSHandler.java:1869)
	at sun.reflect.GeneratedMethodAccessor288.invoke(Unknown Source)
	at sun.reflect.DelegatingMethodAccessorImpl.invoke(DelegatingMethodAccessorImpl.java:43)
	at java.lang.reflect.Method.invoke(Method.java:498)
	at org.apache.hadoop.hive.metastore.RetryingHMSHandler.invokeInternal(RetryingHMSHandler.java:147)
	at org.apache.hadoop.hive.metastore.RetryingHMSHandler.invoke(RetryingHMSHandler.java:108)
	at com.sun.proxy.$Proxy34.drop_database(Unknown Source)
	at org.apache.hadoop.hive.metastore.api.ThriftHiveMetastore$Processor$drop_database.getResult(ThriftHiveMetastore.java:18285)
	at org.apache.hadoop.hive.metastore.api.ThriftHiveMetastore$Processor$drop_database.getResult(ThriftHiveMetastore.java:18264)
	at org.apache.thrift.ProcessFunction.process(ProcessFunction.java:38)
	at org.apache.hadoop.hive.metastore.TUGIBasedProcessor$1.run(TUGIBasedProcessor.java:111)
	at org.apache.hadoop.hive.metastore.TUGIBasedProcessor$1.run(TUGIBasedProcessor.java:107)
	at java.security.AccessController.doPrivileged(Native Method)
	at javax.security.auth.Subject.doAs(Subject.java:422)
	at org.apache.hadoop.security.UserGroupInformation.doAs(UserGroupInformation.java:1682)
	at org.apache.hadoop.hive.metastore.TUGIBasedProcessor.process(TUGIBasedProcessor.java:119)
	at org.apache.thrift.server.TThreadPoolServer$WorkerProcess.run(TThreadPoolServer.java:248)
	at java.util.concurrent.ThreadPoolExecutor.runWorker(ThreadPoolExecutor.java:1149)
	at java.util.concurrent.ThreadPoolExecutor$Worker.run(ThreadPoolExecutor.java:624)
	at java.lang.Thread.run(Thread.java:750)
Caused by: org.apache.derby.shared.common.error.DerbySQLIntegrityConstraintViolationException: DELETE on table 'DBS' caused a violation of foreign key constraint 'TBLS_FK1' for key (23).  The statement has been rolled back.
	at org.apache.derby.impl.jdbc.SQLExceptionFactory.getSQLException(Unknown Source)
	at org.apache.derby.impl.jdbc.Util.generateCsSQLException(Unknown Source)
	at org.apache.derby.impl.jdbc.TransactionResourceImpl.wrapInSQLException(Unknown Source)
	at org.apache.derby.impl.jdbc.TransactionResourceImpl.handleException(Unknown Source)
	at org.apache.derby.impl.jdbc.EmbedConnection.handleException(Unknown Source)
	at org.apache.derby.impl.jdbc.ConnectionChild.handleException(Unknown Source)
	at org.apache.derby.impl.jdbc.EmbedStatement.executeStatement(Unknown Source)
	at org.apache.derby.impl.jdbc.EmbedPreparedStatement.executeBatchElement(Unknown Source)
	... 47 more
Caused by: ERROR 23503: DELETE on table 'DBS' caused a violation of foreign key constraint 'TBLS_FK1' for key (23).  The statement has been rolled back.
	at org.apache.derby.iapi.error.StandardException.newException(Unknown Source)
	at org.apache.derby.iapi.error.StandardException.newException(Unknown Source)
	at org.apache.derby.impl.sql.execute.ReferencedKeyRIChecker.doCheck(Unknown Source)
	at org.apache.derby.impl.sql.execute.RISetChecker.doPKCheck(Unknown Source)
	at org.apache.derby.impl.sql.execute.DeleteResultSet.collectAffectedRows(Unknown Source)
	at org.apache.derby.impl.sql.execute.DeleteResultSet.open(Unknown Source)
	at org.apache.derby.impl.sql.GenericPreparedStatement.executeStmt(Unknown Source)
	at org.apache.derby.impl.sql.GenericPreparedStatement.execute(Unknown Source)
	... 49 more

2024-04-24T12:17:40,294  INFO [TThreadPoolServer WorkerProcess-%d] HiveMetaStore.audit: ugi=alex	ip=127.0.0.1	cmd=source:127.0.0.1 drop_database: @hive#testGetMessageBusTopicName_DBName	
2024-04-24T12:17:40,298  INFO [TThreadPoolServer WorkerProcess-%d] HiveMetaStore.audit: ugi=alex	ip=127.0.0.1	cmd=source:127.0.0.1 get_all_tables: db=@hive#testGetMessageBusTopicName_DBName	
2024-04-24T12:17:40,299  INFO [TThreadPoolServer WorkerProcess-%d] HiveMetaStore.audit: ugi=alex	ip=127.0.0.1	cmd=source:127.0.0.1 get_functions: db=@hive#testGetMessageBusTopicName_DBName pat=*	
2024-04-24T12:17:40,300  INFO [TThreadPoolServer WorkerProcess-%d] HiveMetaStore.audit: ugi=alex	ip=127.0.0.1	cmd=source:127.0.0.1 get_all_stored_procedures	
2024-04-24T12:17:40,301  INFO [TThreadPoolServer WorkerProcess-%d] HiveMetaStore.audit: ugi=alex	ip=127.0.0.1	cmd=source:127.0.0.1 get_all_packages	
2024-04-24T12:17:40,302  INFO [TThreadPoolServer WorkerProcess-%d] HiveMetaStore.audit: ugi=alex	ip=127.0.0.1	cmd=source:127.0.0.1 getTablesByTypeCore: catName=hive: db=testGetMessageBusTopicName_DBName pat=.*,type=MATERIALIZED_VIEW	
2024-04-24T12:17:40,304  INFO [TThreadPoolServer WorkerProcess-%d] metastore.ObjectStore: Dropping database hive.testGetMessageBusTopicName_DBName along with all tables
2024-04-24T12:17:40,308 ERROR [TThreadPoolServer WorkerProcess-%d] metastore.RetryingHMSHandler: Retrying HMSHandler after 2000 ms (attempt 9 of 10) with error: javax.jdo.JDODataStoreException: Exception thrown flushing changes to datastore
	at org.datanucleus.api.jdo.NucleusJDOHelper.getJDOExceptionForNucleusException(NucleusJDOHelper.java:542)
	at org.datanucleus.api.jdo.JDOPersistenceManager.flush(JDOPersistenceManager.java:2081)
	at org.apache.hadoop.hive.metastore.ObjectStore.addNotificationEvent(ObjectStore.java:11639)
	at sun.reflect.GeneratedMethodAccessor68.invoke(Unknown Source)
	at sun.reflect.DelegatingMethodAccessorImpl.invoke(DelegatingMethodAccessorImpl.java:43)
	at java.lang.reflect.Method.invoke(Method.java:498)
	at org.apache.hadoop.hive.metastore.RawStoreProxy.invoke(RawStoreProxy.java:97)
	at com.sun.proxy.$Proxy32.addNotificationEvent(Unknown Source)
	at org.apache.hive.hcatalog.listener.DbNotificationListener.process(DbNotificationListener.java:1403)
	at org.apache.hive.hcatalog.listener.DbNotificationListener.onDropDatabase(DbNotificationListener.java:513)
	at org.apache.hadoop.hive.metastore.MetaStoreListenerNotifier$26.notify(MetaStoreListenerNotifier.java:99)
	at org.apache.hadoop.hive.metastore.MetaStoreListenerNotifier.notifyEvent(MetaStoreListenerNotifier.java:339)
	at org.apache.hadoop.hive.metastore.HMSHandler.drop_database_core(HMSHandler.java:1785)
	at org.apache.hadoop.hive.metastore.HMSHandler.drop_database(HMSHandler.java:1869)
	at sun.reflect.GeneratedMethodAccessor288.invoke(Unknown Source)
	at sun.reflect.DelegatingMethodAccessorImpl.invoke(DelegatingMethodAccessorImpl.java:43)
	at java.lang.reflect.Method.invoke(Method.java:498)
	at org.apache.hadoop.hive.metastore.RetryingHMSHandler.invokeInternal(RetryingHMSHandler.java:147)
	at org.apache.hadoop.hive.metastore.RetryingHMSHandler.invoke(RetryingHMSHandler.java:108)
	at com.sun.proxy.$Proxy34.drop_database(Unknown Source)
	at org.apache.hadoop.hive.metastore.api.ThriftHiveMetastore$Processor$drop_database.getResult(ThriftHiveMetastore.java:18285)
	at org.apache.hadoop.hive.metastore.api.ThriftHiveMetastore$Processor$drop_database.getResult(ThriftHiveMetastore.java:18264)
	at org.apache.thrift.ProcessFunction.process(ProcessFunction.java:38)
	at org.apache.hadoop.hive.metastore.TUGIBasedProcessor$1.run(TUGIBasedProcessor.java:111)
	at org.apache.hadoop.hive.metastore.TUGIBasedProcessor$1.run(TUGIBasedProcessor.java:107)
	at java.security.AccessController.doPrivileged(Native Method)
	at javax.security.auth.Subject.doAs(Subject.java:422)
	at org.apache.hadoop.security.UserGroupInformation.doAs(UserGroupInformation.java:1682)
	at org.apache.hadoop.hive.metastore.TUGIBasedProcessor.process(TUGIBasedProcessor.java:119)
	at org.apache.thrift.server.TThreadPoolServer$WorkerProcess.run(TThreadPoolServer.java:248)
	at java.util.concurrent.ThreadPoolExecutor.runWorker(ThreadPoolExecutor.java:1149)
	at java.util.concurrent.ThreadPoolExecutor$Worker.run(ThreadPoolExecutor.java:624)
	at java.lang.Thread.run(Thread.java:750)
NestedThrowablesStackTrace:
java.sql.BatchUpdateException: DELETE on table 'DBS' caused a violation of foreign key constraint 'TBLS_FK1' for key (23).  The statement has been rolled back.
	at org.apache.derby.impl.jdbc.EmbedStatement.executeLargeBatch(Unknown Source)
	at org.apache.derby.impl.jdbc.EmbedStatement.executeBatch(Unknown Source)
	at com.zaxxer.hikari.pool.ProxyStatement.executeBatch(ProxyStatement.java:128)
	at com.zaxxer.hikari.pool.HikariProxyPreparedStatement.executeBatch(HikariProxyPreparedStatement.java)
	at org.datanucleus.store.rdbms.ParamLoggingPreparedStatement.executeBatch(ParamLoggingPreparedStatement.java:366)
	at org.datanucleus.store.rdbms.SQLController.processConnectionStatement(SQLController.java:675)
	at org.datanucleus.store.rdbms.SQLController.processStatementsForConnection(SQLController.java:643)
	at org.datanucleus.store.rdbms.SQLController$1.transactionFlushed(SQLController.java:729)
	at org.datanucleus.store.connection.AbstractManagedConnection.transactionFlushed(AbstractManagedConnection.java:95)
	at org.datanucleus.store.connection.ConnectionManagerImpl$2.transactionFlushed(ConnectionManagerImpl.java:528)
	at org.datanucleus.TransactionImpl.flush(TransactionImpl.java:222)
	at org.datanucleus.ExecutionContextImpl.flushInternal(ExecutionContextImpl.java:4068)
	at org.datanucleus.ExecutionContextThreadedImpl.flushInternal(ExecutionContextThreadedImpl.java:448)
	at org.datanucleus.ExecutionContextImpl.flush(ExecutionContextImpl.java:4009)
	at org.datanucleus.ExecutionContextThreadedImpl.flush(ExecutionContextThreadedImpl.java:434)
	at org.datanucleus.api.jdo.JDOPersistenceManager.flush(JDOPersistenceManager.java:2064)
	at org.apache.hadoop.hive.metastore.ObjectStore.addNotificationEvent(ObjectStore.java:11639)
	at sun.reflect.GeneratedMethodAccessor68.invoke(Unknown Source)
	at sun.reflect.DelegatingMethodAccessorImpl.invoke(DelegatingMethodAccessorImpl.java:43)
	at java.lang.reflect.Method.invoke(Method.java:498)
	at org.apache.hadoop.hive.metastore.RawStoreProxy.invoke(RawStoreProxy.java:97)
	at com.sun.proxy.$Proxy32.addNotificationEvent(Unknown Source)
	at org.apache.hive.hcatalog.listener.DbNotificationListener.process(DbNotificationListener.java:1403)
	at org.apache.hive.hcatalog.listener.DbNotificationListener.onDropDatabase(DbNotificationListener.java:513)
	at org.apache.hadoop.hive.metastore.MetaStoreListenerNotifier$26.notify(MetaStoreListenerNotifier.java:99)
	at org.apache.hadoop.hive.metastore.MetaStoreListenerNotifier.notifyEvent(MetaStoreListenerNotifier.java:339)
	at org.apache.hadoop.hive.metastore.HMSHandler.drop_database_core(HMSHandler.java:1785)
	at org.apache.hadoop.hive.metastore.HMSHandler.drop_database(HMSHandler.java:1869)
	at sun.reflect.GeneratedMethodAccessor288.invoke(Unknown Source)
	at sun.reflect.DelegatingMethodAccessorImpl.invoke(DelegatingMethodAccessorImpl.java:43)
	at java.lang.reflect.Method.invoke(Method.java:498)
	at org.apache.hadoop.hive.metastore.RetryingHMSHandler.invokeInternal(RetryingHMSHandler.java:147)
	at org.apache.hadoop.hive.metastore.RetryingHMSHandler.invoke(RetryingHMSHandler.java:108)
	at com.sun.proxy.$Proxy34.drop_database(Unknown Source)
	at org.apache.hadoop.hive.metastore.api.ThriftHiveMetastore$Processor$drop_database.getResult(ThriftHiveMetastore.java:18285)
	at org.apache.hadoop.hive.metastore.api.ThriftHiveMetastore$Processor$drop_database.getResult(ThriftHiveMetastore.java:18264)
	at org.apache.thrift.ProcessFunction.process(ProcessFunction.java:38)
	at org.apache.hadoop.hive.metastore.TUGIBasedProcessor$1.run(TUGIBasedProcessor.java:111)
	at org.apache.hadoop.hive.metastore.TUGIBasedProcessor$1.run(TUGIBasedProcessor.java:107)
	at java.security.AccessController.doPrivileged(Native Method)
	at javax.security.auth.Subject.doAs(Subject.java:422)
	at org.apache.hadoop.security.UserGroupInformation.doAs(UserGroupInformation.java:1682)
	at org.apache.hadoop.hive.metastore.TUGIBasedProcessor.process(TUGIBasedProcessor.java:119)
	at org.apache.thrift.server.TThreadPoolServer$WorkerProcess.run(TThreadPoolServer.java:248)
	at java.util.concurrent.ThreadPoolExecutor.runWorker(ThreadPoolExecutor.java:1149)
	at java.util.concurrent.ThreadPoolExecutor$Worker.run(ThreadPoolExecutor.java:624)
	at java.lang.Thread.run(Thread.java:750)
Caused by: org.apache.derby.shared.common.error.DerbySQLIntegrityConstraintViolationException: DELETE on table 'DBS' caused a violation of foreign key constraint 'TBLS_FK1' for key (23).  The statement has been rolled back.
	at org.apache.derby.impl.jdbc.SQLExceptionFactory.getSQLException(Unknown Source)
	at org.apache.derby.impl.jdbc.Util.generateCsSQLException(Unknown Source)
	at org.apache.derby.impl.jdbc.TransactionResourceImpl.wrapInSQLException(Unknown Source)
	at org.apache.derby.impl.jdbc.TransactionResourceImpl.handleException(Unknown Source)
	at org.apache.derby.impl.jdbc.EmbedConnection.handleException(Unknown Source)
	at org.apache.derby.impl.jdbc.ConnectionChild.handleException(Unknown Source)
	at org.apache.derby.impl.jdbc.EmbedStatement.executeStatement(Unknown Source)
	at org.apache.derby.impl.jdbc.EmbedPreparedStatement.executeBatchElement(Unknown Source)
	... 47 more
Caused by: ERROR 23503: DELETE on table 'DBS' caused a violation of foreign key constraint 'TBLS_FK1' for key (23).  The statement has been rolled back.
	at org.apache.derby.iapi.error.StandardException.newException(Unknown Source)
	at org.apache.derby.iapi.error.StandardException.newException(Unknown Source)
	at org.apache.derby.impl.sql.execute.ReferencedKeyRIChecker.doCheck(Unknown Source)
	at org.apache.derby.impl.sql.execute.RISetChecker.doPKCheck(Unknown Source)
	at org.apache.derby.impl.sql.execute.DeleteResultSet.collectAffectedRows(Unknown Source)
	at org.apache.derby.impl.sql.execute.DeleteResultSet.open(Unknown Source)
	at org.apache.derby.impl.sql.GenericPreparedStatement.executeStmt(Unknown Source)
	at org.apache.derby.impl.sql.GenericPreparedStatement.execute(Unknown Source)
	... 49 more

2024-04-24T12:17:42,308  INFO [TThreadPoolServer WorkerProcess-%d] HiveMetaStore.audit: ugi=alex	ip=127.0.0.1	cmd=source:127.0.0.1 drop_database: @hive#testGetMessageBusTopicName_DBName	
2024-04-24T12:17:42,311  INFO [TThreadPoolServer WorkerProcess-%d] HiveMetaStore.audit: ugi=alex	ip=127.0.0.1	cmd=source:127.0.0.1 get_all_tables: db=@hive#testGetMessageBusTopicName_DBName	
2024-04-24T12:17:42,313  INFO [TThreadPoolServer WorkerProcess-%d] HiveMetaStore.audit: ugi=alex	ip=127.0.0.1	cmd=source:127.0.0.1 get_functions: db=@hive#testGetMessageBusTopicName_DBName pat=*	
2024-04-24T12:17:42,314  INFO [TThreadPoolServer WorkerProcess-%d] HiveMetaStore.audit: ugi=alex	ip=127.0.0.1	cmd=source:127.0.0.1 get_all_stored_procedures	
2024-04-24T12:17:42,315  INFO [TThreadPoolServer WorkerProcess-%d] HiveMetaStore.audit: ugi=alex	ip=127.0.0.1	cmd=source:127.0.0.1 get_all_packages	
2024-04-24T12:17:42,316  INFO [TThreadPoolServer WorkerProcess-%d] HiveMetaStore.audit: ugi=alex	ip=127.0.0.1	cmd=source:127.0.0.1 getTablesByTypeCore: catName=hive: db=testGetMessageBusTopicName_DBName pat=.*,type=MATERIALIZED_VIEW	
2024-04-24T12:17:42,318  INFO [TThreadPoolServer WorkerProcess-%d] metastore.ObjectStore: Dropping database hive.testGetMessageBusTopicName_DBName along with all tables
2024-04-24T12:17:42,321 ERROR [TThreadPoolServer WorkerProcess-%d] metastore.RetryingHMSHandler: Retrying HMSHandler after 2000 ms (attempt 10 of 10) with error: javax.jdo.JDODataStoreException: Exception thrown flushing changes to datastore
	at org.datanucleus.api.jdo.NucleusJDOHelper.getJDOExceptionForNucleusException(NucleusJDOHelper.java:542)
	at org.datanucleus.api.jdo.JDOPersistenceManager.flush(JDOPersistenceManager.java:2081)
	at org.apache.hadoop.hive.metastore.ObjectStore.addNotificationEvent(ObjectStore.java:11639)
	at sun.reflect.GeneratedMethodAccessor68.invoke(Unknown Source)
	at sun.reflect.DelegatingMethodAccessorImpl.invoke(DelegatingMethodAccessorImpl.java:43)
	at java.lang.reflect.Method.invoke(Method.java:498)
	at org.apache.hadoop.hive.metastore.RawStoreProxy.invoke(RawStoreProxy.java:97)
	at com.sun.proxy.$Proxy32.addNotificationEvent(Unknown Source)
	at org.apache.hive.hcatalog.listener.DbNotificationListener.process(DbNotificationListener.java:1403)
	at org.apache.hive.hcatalog.listener.DbNotificationListener.onDropDatabase(DbNotificationListener.java:513)
	at org.apache.hadoop.hive.metastore.MetaStoreListenerNotifier$26.notify(MetaStoreListenerNotifier.java:99)
	at org.apache.hadoop.hive.metastore.MetaStoreListenerNotifier.notifyEvent(MetaStoreListenerNotifier.java:339)
	at org.apache.hadoop.hive.metastore.HMSHandler.drop_database_core(HMSHandler.java:1785)
	at org.apache.hadoop.hive.metastore.HMSHandler.drop_database(HMSHandler.java:1869)
	at sun.reflect.GeneratedMethodAccessor288.invoke(Unknown Source)
	at sun.reflect.DelegatingMethodAccessorImpl.invoke(DelegatingMethodAccessorImpl.java:43)
	at java.lang.reflect.Method.invoke(Method.java:498)
	at org.apache.hadoop.hive.metastore.RetryingHMSHandler.invokeInternal(RetryingHMSHandler.java:147)
	at org.apache.hadoop.hive.metastore.RetryingHMSHandler.invoke(RetryingHMSHandler.java:108)
	at com.sun.proxy.$Proxy34.drop_database(Unknown Source)
	at org.apache.hadoop.hive.metastore.api.ThriftHiveMetastore$Processor$drop_database.getResult(ThriftHiveMetastore.java:18285)
	at org.apache.hadoop.hive.metastore.api.ThriftHiveMetastore$Processor$drop_database.getResult(ThriftHiveMetastore.java:18264)
	at org.apache.thrift.ProcessFunction.process(ProcessFunction.java:38)
	at org.apache.hadoop.hive.metastore.TUGIBasedProcessor$1.run(TUGIBasedProcessor.java:111)
	at org.apache.hadoop.hive.metastore.TUGIBasedProcessor$1.run(TUGIBasedProcessor.java:107)
	at java.security.AccessController.doPrivileged(Native Method)
	at javax.security.auth.Subject.doAs(Subject.java:422)
	at org.apache.hadoop.security.UserGroupInformation.doAs(UserGroupInformation.java:1682)
	at org.apache.hadoop.hive.metastore.TUGIBasedProcessor.process(TUGIBasedProcessor.java:119)
	at org.apache.thrift.server.TThreadPoolServer$WorkerProcess.run(TThreadPoolServer.java:248)
	at java.util.concurrent.ThreadPoolExecutor.runWorker(ThreadPoolExecutor.java:1149)
	at java.util.concurrent.ThreadPoolExecutor$Worker.run(ThreadPoolExecutor.java:624)
	at java.lang.Thread.run(Thread.java:750)
NestedThrowablesStackTrace:
java.sql.BatchUpdateException: DELETE on table 'DBS' caused a violation of foreign key constraint 'TBLS_FK1' for key (23).  The statement has been rolled back.
	at org.apache.derby.impl.jdbc.EmbedStatement.executeLargeBatch(Unknown Source)
	at org.apache.derby.impl.jdbc.EmbedStatement.executeBatch(Unknown Source)
	at com.zaxxer.hikari.pool.ProxyStatement.executeBatch(ProxyStatement.java:128)
	at com.zaxxer.hikari.pool.HikariProxyPreparedStatement.executeBatch(HikariProxyPreparedStatement.java)
	at org.datanucleus.store.rdbms.ParamLoggingPreparedStatement.executeBatch(ParamLoggingPreparedStatement.java:366)
	at org.datanucleus.store.rdbms.SQLController.processConnectionStatement(SQLController.java:675)
	at org.datanucleus.store.rdbms.SQLController.processStatementsForConnection(SQLController.java:643)
	at org.datanucleus.store.rdbms.SQLController$1.transactionFlushed(SQLController.java:729)
	at org.datanucleus.store.connection.AbstractManagedConnection.transactionFlushed(AbstractManagedConnection.java:95)
	at org.datanucleus.store.connection.ConnectionManagerImpl$2.transactionFlushed(ConnectionManagerImpl.java:528)
	at org.datanucleus.TransactionImpl.flush(TransactionImpl.java:222)
	at org.datanucleus.ExecutionContextImpl.flushInternal(ExecutionContextImpl.java:4068)
	at org.datanucleus.ExecutionContextThreadedImpl.flushInternal(ExecutionContextThreadedImpl.java:448)
	at org.datanucleus.ExecutionContextImpl.flush(ExecutionContextImpl.java:4009)
	at org.datanucleus.ExecutionContextThreadedImpl.flush(ExecutionContextThreadedImpl.java:434)
	at org.datanucleus.api.jdo.JDOPersistenceManager.flush(JDOPersistenceManager.java:2064)
	at org.apache.hadoop.hive.metastore.ObjectStore.addNotificationEvent(ObjectStore.java:11639)
	at sun.reflect.GeneratedMethodAccessor68.invoke(Unknown Source)
	at sun.reflect.DelegatingMethodAccessorImpl.invoke(DelegatingMethodAccessorImpl.java:43)
	at java.lang.reflect.Method.invoke(Method.java:498)
	at org.apache.hadoop.hive.metastore.RawStoreProxy.invoke(RawStoreProxy.java:97)
	at com.sun.proxy.$Proxy32.addNotificationEvent(Unknown Source)
	at org.apache.hive.hcatalog.listener.DbNotificationListener.process(DbNotificationListener.java:1403)
	at org.apache.hive.hcatalog.listener.DbNotificationListener.onDropDatabase(DbNotificationListener.java:513)
	at org.apache.hadoop.hive.metastore.MetaStoreListenerNotifier$26.notify(MetaStoreListenerNotifier.java:99)
	at org.apache.hadoop.hive.metastore.MetaStoreListenerNotifier.notifyEvent(MetaStoreListenerNotifier.java:339)
	at org.apache.hadoop.hive.metastore.HMSHandler.drop_database_core(HMSHandler.java:1785)
	at org.apache.hadoop.hive.metastore.HMSHandler.drop_database(HMSHandler.java:1869)
	at sun.reflect.GeneratedMethodAccessor288.invoke(Unknown Source)
	at sun.reflect.DelegatingMethodAccessorImpl.invoke(DelegatingMethodAccessorImpl.java:43)
	at java.lang.reflect.Method.invoke(Method.java:498)
	at org.apache.hadoop.hive.metastore.RetryingHMSHandler.invokeInternal(RetryingHMSHandler.java:147)
	at org.apache.hadoop.hive.metastore.RetryingHMSHandler.invoke(RetryingHMSHandler.java:108)
	at com.sun.proxy.$Proxy34.drop_database(Unknown Source)
	at org.apache.hadoop.hive.metastore.api.ThriftHiveMetastore$Processor$drop_database.getResult(ThriftHiveMetastore.java:18285)
	at org.apache.hadoop.hive.metastore.api.ThriftHiveMetastore$Processor$drop_database.getResult(ThriftHiveMetastore.java:18264)
	at org.apache.thrift.ProcessFunction.process(ProcessFunction.java:38)
	at org.apache.hadoop.hive.metastore.TUGIBasedProcessor$1.run(TUGIBasedProcessor.java:111)
	at org.apache.hadoop.hive.metastore.TUGIBasedProcessor$1.run(TUGIBasedProcessor.java:107)
	at java.security.AccessController.doPrivileged(Native Method)
	at javax.security.auth.Subject.doAs(Subject.java:422)
	at org.apache.hadoop.security.UserGroupInformation.doAs(UserGroupInformation.java:1682)
	at org.apache.hadoop.hive.metastore.TUGIBasedProcessor.process(TUGIBasedProcessor.java:119)
	at org.apache.thrift.server.TThreadPoolServer$WorkerProcess.run(TThreadPoolServer.java:248)
	at java.util.concurrent.ThreadPoolExecutor.runWorker(ThreadPoolExecutor.java:1149)
	at java.util.concurrent.ThreadPoolExecutor$Worker.run(ThreadPoolExecutor.java:624)
	at java.lang.Thread.run(Thread.java:750)
Caused by: org.apache.derby.shared.common.error.DerbySQLIntegrityConstraintViolationException: DELETE on table 'DBS' caused a violation of foreign key constraint 'TBLS_FK1' for key (23).  The statement has been rolled back.
	at org.apache.derby.impl.jdbc.SQLExceptionFactory.getSQLException(Unknown Source)
	at org.apache.derby.impl.jdbc.Util.generateCsSQLException(Unknown Source)
	at org.apache.derby.impl.jdbc.TransactionResourceImpl.wrapInSQLException(Unknown Source)
	at org.apache.derby.impl.jdbc.TransactionResourceImpl.handleException(Unknown Source)
	at org.apache.derby.impl.jdbc.EmbedConnection.handleException(Unknown Source)
	at org.apache.derby.impl.jdbc.ConnectionChild.handleException(Unknown Source)
	at org.apache.derby.impl.jdbc.EmbedStatement.executeStatement(Unknown Source)
	at org.apache.derby.impl.jdbc.EmbedPreparedStatement.executeBatchElement(Unknown Source)
	... 47 more
Caused by: ERROR 23503: DELETE on table 'DBS' caused a violation of foreign key constraint 'TBLS_FK1' for key (23).  The statement has been rolled back.
	at org.apache.derby.iapi.error.StandardException.newException(Unknown Source)
	at org.apache.derby.iapi.error.StandardException.newException(Unknown Source)
	at org.apache.derby.impl.sql.execute.ReferencedKeyRIChecker.doCheck(Unknown Source)
	at org.apache.derby.impl.sql.execute.RISetChecker.doPKCheck(Unknown Source)
	at org.apache.derby.impl.sql.execute.DeleteResultSet.collectAffectedRows(Unknown Source)
	at org.apache.derby.impl.sql.execute.DeleteResultSet.open(Unknown Source)
	at org.apache.derby.impl.sql.GenericPreparedStatement.executeStmt(Unknown Source)
	at org.apache.derby.impl.sql.GenericPreparedStatement.execute(Unknown Source)
	... 49 more

2024-04-24T12:17:44,322  INFO [TThreadPoolServer WorkerProcess-%d] HiveMetaStore.audit: ugi=alex	ip=127.0.0.1	cmd=source:127.0.0.1 drop_database: @hive#testGetMessageBusTopicName_DBName	
2024-04-24T12:17:44,323  INFO [TThreadPoolServer WorkerProcess-%d] HiveMetaStore.audit: ugi=alex	ip=127.0.0.1	cmd=source:127.0.0.1 get_all_tables: db=@hive#testGetMessageBusTopicName_DBName	
2024-04-24T12:17:44,324  INFO [TThreadPoolServer WorkerProcess-%d] HiveMetaStore.audit: ugi=alex	ip=127.0.0.1	cmd=source:127.0.0.1 get_functions: db=@hive#testGetMessageBusTopicName_DBName pat=*	
2024-04-24T12:17:44,325  INFO [TThreadPoolServer WorkerProcess-%d] HiveMetaStore.audit: ugi=alex	ip=127.0.0.1	cmd=source:127.0.0.1 get_all_stored_procedures	
2024-04-24T12:17:44,326  INFO [TThreadPoolServer WorkerProcess-%d] HiveMetaStore.audit: ugi=alex	ip=127.0.0.1	cmd=source:127.0.0.1 get_all_packages	
2024-04-24T12:17:44,328  INFO [TThreadPoolServer WorkerProcess-%d] HiveMetaStore.audit: ugi=alex	ip=127.0.0.1	cmd=source:127.0.0.1 getTablesByTypeCore: catName=hive: db=testGetMessageBusTopicName_DBName pat=.*,type=MATERIALIZED_VIEW	
2024-04-24T12:17:44,332  INFO [TThreadPoolServer WorkerProcess-%d] metastore.ObjectStore: Dropping database hive.testGetMessageBusTopicName_DBName along with all tables
2024-04-24T12:17:44,335 ERROR [TThreadPoolServer WorkerProcess-%d] metastore.RetryingHMSHandler: HMSHandler Fatal error: javax.jdo.JDODataStoreException: Exception thrown flushing changes to datastore
	at org.datanucleus.api.jdo.NucleusJDOHelper.getJDOExceptionForNucleusException(NucleusJDOHelper.java:542)
	at org.datanucleus.api.jdo.JDOPersistenceManager.flush(JDOPersistenceManager.java:2081)
	at org.apache.hadoop.hive.metastore.ObjectStore.addNotificationEvent(ObjectStore.java:11639)
	at sun.reflect.GeneratedMethodAccessor68.invoke(Unknown Source)
	at sun.reflect.DelegatingMethodAccessorImpl.invoke(DelegatingMethodAccessorImpl.java:43)
	at java.lang.reflect.Method.invoke(Method.java:498)
	at org.apache.hadoop.hive.metastore.RawStoreProxy.invoke(RawStoreProxy.java:97)
	at com.sun.proxy.$Proxy32.addNotificationEvent(Unknown Source)
	at org.apache.hive.hcatalog.listener.DbNotificationListener.process(DbNotificationListener.java:1403)
	at org.apache.hive.hcatalog.listener.DbNotificationListener.onDropDatabase(DbNotificationListener.java:513)
	at org.apache.hadoop.hive.metastore.MetaStoreListenerNotifier$26.notify(MetaStoreListenerNotifier.java:99)
	at org.apache.hadoop.hive.metastore.MetaStoreListenerNotifier.notifyEvent(MetaStoreListenerNotifier.java:339)
	at org.apache.hadoop.hive.metastore.HMSHandler.drop_database_core(HMSHandler.java:1785)
	at org.apache.hadoop.hive.metastore.HMSHandler.drop_database(HMSHandler.java:1869)
	at sun.reflect.GeneratedMethodAccessor288.invoke(Unknown Source)
	at sun.reflect.DelegatingMethodAccessorImpl.invoke(DelegatingMethodAccessorImpl.java:43)
	at java.lang.reflect.Method.invoke(Method.java:498)
	at org.apache.hadoop.hive.metastore.RetryingHMSHandler.invokeInternal(RetryingHMSHandler.java:147)
	at org.apache.hadoop.hive.metastore.RetryingHMSHandler.invoke(RetryingHMSHandler.java:108)
	at com.sun.proxy.$Proxy34.drop_database(Unknown Source)
	at org.apache.hadoop.hive.metastore.api.ThriftHiveMetastore$Processor$drop_database.getResult(ThriftHiveMetastore.java:18285)
	at org.apache.hadoop.hive.metastore.api.ThriftHiveMetastore$Processor$drop_database.getResult(ThriftHiveMetastore.java:18264)
	at org.apache.thrift.ProcessFunction.process(ProcessFunction.java:38)
	at org.apache.hadoop.hive.metastore.TUGIBasedProcessor$1.run(TUGIBasedProcessor.java:111)
	at org.apache.hadoop.hive.metastore.TUGIBasedProcessor$1.run(TUGIBasedProcessor.java:107)
	at java.security.AccessController.doPrivileged(Native Method)
	at javax.security.auth.Subject.doAs(Subject.java:422)
	at org.apache.hadoop.security.UserGroupInformation.doAs(UserGroupInformation.java:1682)
	at org.apache.hadoop.hive.metastore.TUGIBasedProcessor.process(TUGIBasedProcessor.java:119)
	at org.apache.thrift.server.TThreadPoolServer$WorkerProcess.run(TThreadPoolServer.java:248)
	at java.util.concurrent.ThreadPoolExecutor.runWorker(ThreadPoolExecutor.java:1149)
	at java.util.concurrent.ThreadPoolExecutor$Worker.run(ThreadPoolExecutor.java:624)
	at java.lang.Thread.run(Thread.java:750)
NestedThrowablesStackTrace:
java.sql.BatchUpdateException: DELETE on table 'DBS' caused a violation of foreign key constraint 'TBLS_FK1' for key (23).  The statement has been rolled back.
	at org.apache.derby.impl.jdbc.EmbedStatement.executeLargeBatch(Unknown Source)
	at org.apache.derby.impl.jdbc.EmbedStatement.executeBatch(Unknown Source)
	at com.zaxxer.hikari.pool.ProxyStatement.executeBatch(ProxyStatement.java:128)
	at com.zaxxer.hikari.pool.HikariProxyPreparedStatement.executeBatch(HikariProxyPreparedStatement.java)
	at org.datanucleus.store.rdbms.ParamLoggingPreparedStatement.executeBatch(ParamLoggingPreparedStatement.java:366)
	at org.datanucleus.store.rdbms.SQLController.processConnectionStatement(SQLController.java:675)
	at org.datanucleus.store.rdbms.SQLController.processStatementsForConnection(SQLController.java:643)
	at org.datanucleus.store.rdbms.SQLController$1.transactionFlushed(SQLController.java:729)
	at org.datanucleus.store.connection.AbstractManagedConnection.transactionFlushed(AbstractManagedConnection.java:95)
	at org.datanucleus.store.connection.ConnectionManagerImpl$2.transactionFlushed(ConnectionManagerImpl.java:528)
	at org.datanucleus.TransactionImpl.flush(TransactionImpl.java:222)
	at org.datanucleus.ExecutionContextImpl.flushInternal(ExecutionContextImpl.java:4068)
	at org.datanucleus.ExecutionContextThreadedImpl.flushInternal(ExecutionContextThreadedImpl.java:448)
	at org.datanucleus.ExecutionContextImpl.flush(ExecutionContextImpl.java:4009)
	at org.datanucleus.ExecutionContextThreadedImpl.flush(ExecutionContextThreadedImpl.java:434)
	at org.datanucleus.api.jdo.JDOPersistenceManager.flush(JDOPersistenceManager.java:2064)
	at org.apache.hadoop.hive.metastore.ObjectStore.addNotificationEvent(ObjectStore.java:11639)
	at sun.reflect.GeneratedMethodAccessor68.invoke(Unknown Source)
	at sun.reflect.DelegatingMethodAccessorImpl.invoke(DelegatingMethodAccessorImpl.java:43)
	at java.lang.reflect.Method.invoke(Method.java:498)
	at org.apache.hadoop.hive.metastore.RawStoreProxy.invoke(RawStoreProxy.java:97)
	at com.sun.proxy.$Proxy32.addNotificationEvent(Unknown Source)
	at org.apache.hive.hcatalog.listener.DbNotificationListener.process(DbNotificationListener.java:1403)
	at org.apache.hive.hcatalog.listener.DbNotificationListener.onDropDatabase(DbNotificationListener.java:513)
	at org.apache.hadoop.hive.metastore.MetaStoreListenerNotifier$26.notify(MetaStoreListenerNotifier.java:99)
	at org.apache.hadoop.hive.metastore.MetaStoreListenerNotifier.notifyEvent(MetaStoreListenerNotifier.java:339)
	at org.apache.hadoop.hive.metastore.HMSHandler.drop_database_core(HMSHandler.java:1785)
	at org.apache.hadoop.hive.metastore.HMSHandler.drop_database(HMSHandler.java:1869)
	at sun.reflect.GeneratedMethodAccessor288.invoke(Unknown Source)
	at sun.reflect.DelegatingMethodAccessorImpl.invoke(DelegatingMethodAccessorImpl.java:43)
	at java.lang.reflect.Method.invoke(Method.java:498)
	at org.apache.hadoop.hive.metastore.RetryingHMSHandler.invokeInternal(RetryingHMSHandler.java:147)
	at org.apache.hadoop.hive.metastore.RetryingHMSHandler.invoke(RetryingHMSHandler.java:108)
	at com.sun.proxy.$Proxy34.drop_database(Unknown Source)
	at org.apache.hadoop.hive.metastore.api.ThriftHiveMetastore$Processor$drop_database.getResult(ThriftHiveMetastore.java:18285)
	at org.apache.hadoop.hive.metastore.api.ThriftHiveMetastore$Processor$drop_database.getResult(ThriftHiveMetastore.java:18264)
	at org.apache.thrift.ProcessFunction.process(ProcessFunction.java:38)
	at org.apache.hadoop.hive.metastore.TUGIBasedProcessor$1.run(TUGIBasedProcessor.java:111)
	at org.apache.hadoop.hive.metastore.TUGIBasedProcessor$1.run(TUGIBasedProcessor.java:107)
	at java.security.AccessController.doPrivileged(Native Method)
	at javax.security.auth.Subject.doAs(Subject.java:422)
	at org.apache.hadoop.security.UserGroupInformation.doAs(UserGroupInformation.java:1682)
	at org.apache.hadoop.hive.metastore.TUGIBasedProcessor.process(TUGIBasedProcessor.java:119)
	at org.apache.thrift.server.TThreadPoolServer$WorkerProcess.run(TThreadPoolServer.java:248)
	at java.util.concurrent.ThreadPoolExecutor.runWorker(ThreadPoolExecutor.java:1149)
	at java.util.concurrent.ThreadPoolExecutor$Worker.run(ThreadPoolExecutor.java:624)
	at java.lang.Thread.run(Thread.java:750)
Caused by: org.apache.derby.shared.common.error.DerbySQLIntegrityConstraintViolationException: DELETE on table 'DBS' caused a violation of foreign key constraint 'TBLS_FK1' for key (23).  The statement has been rolled back.
	at org.apache.derby.impl.jdbc.SQLExceptionFactory.getSQLException(Unknown Source)
	at org.apache.derby.impl.jdbc.Util.generateCsSQLException(Unknown Source)
	at org.apache.derby.impl.jdbc.TransactionResourceImpl.wrapInSQLException(Unknown Source)
	at org.apache.derby.impl.jdbc.TransactionResourceImpl.handleException(Unknown Source)
	at org.apache.derby.impl.jdbc.EmbedConnection.handleException(Unknown Source)
	at org.apache.derby.impl.jdbc.ConnectionChild.handleException(Unknown Source)
	at org.apache.derby.impl.jdbc.EmbedStatement.executeStatement(Unknown Source)
	at org.apache.derby.impl.jdbc.EmbedPreparedStatement.executeBatchElement(Unknown Source)
	... 47 more
Caused by: ERROR 23503: DELETE on table 'DBS' caused a violation of foreign key constraint 'TBLS_FK1' for key (23).  The statement has been rolled back.
	at org.apache.derby.iapi.error.StandardException.newException(Unknown Source)
	at org.apache.derby.iapi.error.StandardException.newException(Unknown Source)
	at org.apache.derby.impl.sql.execute.ReferencedKeyRIChecker.doCheck(Unknown Source)
	at org.apache.derby.impl.sql.execute.RISetChecker.doPKCheck(Unknown Source)
	at org.apache.derby.impl.sql.execute.DeleteResultSet.collectAffectedRows(Unknown Source)
	at org.apache.derby.impl.sql.execute.DeleteResultSet.open(Unknown Source)
	at org.apache.derby.impl.sql.GenericPreparedStatement.executeStmt(Unknown Source)
	at org.apache.derby.impl.sql.GenericPreparedStatement.execute(Unknown Source)
	... 49 more

2024-04-24T12:17:44,336 ERROR [main] api.TestHCatClient: Unexpected exception.
org.apache.hive.hcatalog.common.HCatException: org.apache.hive.hcatalog.common.HCatException : 9001 : Exception occurred while processing HCat request : MetaException while dropping db.. Cause : MetaException(message:javax.jdo.JDODataStoreException: Exception thrown flushing changes to datastore
NestedThrowables:
java.sql.BatchUpdateException: DELETE on table 'DBS' caused a violation of foreign key constraint 'TBLS_FK1' for key (23).  The statement has been rolled back.)
	at org.apache.hive.hcatalog.api.HCatClientHMSImpl.dropDatabase(HCatClientHMSImpl.java:164) ~[classes/:?]
	at org.apache.hive.hcatalog.api.TestHCatClient.testGetMessageBusTopicName(TestHCatClient.java:652) [test-classes/:?]
	at sun.reflect.NativeMethodAccessorImpl.invoke0(Native Method) ~[?:1.8.0_402]
	at sun.reflect.NativeMethodAccessorImpl.invoke(NativeMethodAccessorImpl.java:62) ~[?:1.8.0_402]
	at sun.reflect.DelegatingMethodAccessorImpl.invoke(DelegatingMethodAccessorImpl.java:43) ~[?:1.8.0_402]
	at java.lang.reflect.Method.invoke(Method.java:498) ~[?:1.8.0_402]
	at org.junit.runners.model.FrameworkMethod$1.runReflectiveCall(FrameworkMethod.java:59) [junit-4.13.jar:4.13]
	at org.junit.internal.runners.model.ReflectiveCallable.run(ReflectiveCallable.java:12) [junit-4.13.jar:4.13]
	at org.junit.runners.model.FrameworkMethod.invokeExplosively(FrameworkMethod.java:56) [junit-4.13.jar:4.13]
	at org.junit.internal.runners.statements.InvokeMethod.evaluate(InvokeMethod.java:17) [junit-4.13.jar:4.13]
	at org.junit.runners.ParentRunner$3.evaluate(ParentRunner.java:306) [junit-4.13.jar:4.13]
	at org.junit.runners.BlockJUnit4ClassRunner$1.evaluate(BlockJUnit4ClassRunner.java:100) [junit-4.13.jar:4.13]
	at org.junit.runners.ParentRunner.runLeaf(ParentRunner.java:366) [junit-4.13.jar:4.13]
	at org.junit.runners.BlockJUnit4ClassRunner.runChild(BlockJUnit4ClassRunner.java:103) [junit-4.13.jar:4.13]
	at org.junit.runners.BlockJUnit4ClassRunner.runChild(BlockJUnit4ClassRunner.java:63) [junit-4.13.jar:4.13]
	at org.junit.runners.ParentRunner$4.run(ParentRunner.java:331) [junit-4.13.jar:4.13]
	at org.junit.runners.ParentRunner$1.schedule(ParentRunner.java:79) [junit-4.13.jar:4.13]
	at org.junit.runners.ParentRunner.runChildren(ParentRunner.java:329) [junit-4.13.jar:4.13]
	at org.junit.runners.ParentRunner.access$100(ParentRunner.java:66) [junit-4.13.jar:4.13]
	at org.junit.runners.ParentRunner$2.evaluate(ParentRunner.java:293) [junit-4.13.jar:4.13]
	at org.junit.internal.runners.statements.RunBefores.evaluate(RunBefores.java:26) [junit-4.13.jar:4.13]
	at org.junit.internal.runners.statements.RunAfters.evaluate(RunAfters.java:27) [junit-4.13.jar:4.13]
	at org.junit.runners.ParentRunner$3.evaluate(ParentRunner.java:306) [junit-4.13.jar:4.13]
	at org.junit.runners.ParentRunner.run(ParentRunner.java:413) [junit-4.13.jar:4.13]
	at org.junit.runners.Suite.runChild(Suite.java:128) [junit-4.13.jar:4.13]
	at org.junit.runners.Suite.runChild(Suite.java:27) [junit-4.13.jar:4.13]
	at org.junit.runners.ParentRunner$4.run(ParentRunner.java:331) [junit-4.13.jar:4.13]
	at org.junit.runners.ParentRunner$1.schedule(ParentRunner.java:79) [junit-4.13.jar:4.13]
	at org.junit.runners.ParentRunner.runChildren(ParentRunner.java:329) [junit-4.13.jar:4.13]
	at org.junit.runners.ParentRunner.access$100(ParentRunner.java:66) [junit-4.13.jar:4.13]
	at org.junit.runners.ParentRunner$2.evaluate(ParentRunner.java:293) [junit-4.13.jar:4.13]
	at org.junit.runners.ParentRunner$3.evaluate(ParentRunner.java:306) [junit-4.13.jar:4.13]
	at org.junit.runners.ParentRunner.run(ParentRunner.java:413) [junit-4.13.jar:4.13]
	at org.apache.maven.surefire.junitcore.JUnitCore.run(JUnitCore.java:55) [surefire-junit47-3.0.0-M4.jar:3.0.0-M4]
	at org.apache.maven.surefire.junitcore.JUnitCoreWrapper.createRequestAndRun(JUnitCoreWrapper.java:137) [surefire-junit47-3.0.0-M4.jar:3.0.0-M4]
	at org.apache.maven.surefire.junitcore.JUnitCoreWrapper.executeEager(JUnitCoreWrapper.java:107) [surefire-junit47-3.0.0-M4.jar:3.0.0-M4]
	at org.apache.maven.surefire.junitcore.JUnitCoreWrapper.execute(JUnitCoreWrapper.java:83) [surefire-junit47-3.0.0-M4.jar:3.0.0-M4]
	at org.apache.maven.surefire.junitcore.JUnitCoreWrapper.execute(JUnitCoreWrapper.java:75) [surefire-junit47-3.0.0-M4.jar:3.0.0-M4]
	at org.apache.maven.surefire.junitcore.JUnitCoreProvider.invoke(JUnitCoreProvider.java:158) [surefire-junit47-3.0.0-M4.jar:3.0.0-M4]
	at org.apache.maven.surefire.booter.ForkedBooter.runSuitesInProcess(ForkedBooter.java:377) [surefire-booter-3.0.0-M4.jar:3.0.0-M4]
	at org.apache.maven.surefire.booter.ForkedBooter.execute(ForkedBooter.java:138) [surefire-booter-3.0.0-M4.jar:3.0.0-M4]
	at org.apache.maven.surefire.booter.ForkedBooter.run(ForkedBooter.java:465) [surefire-booter-3.0.0-M4.jar:3.0.0-M4]
	at org.apache.maven.surefire.booter.ForkedBooter.main(ForkedBooter.java:451) [surefire-booter-3.0.0-M4.jar:3.0.0-M4]
Caused by: org.apache.hadoop.hive.metastore.api.MetaException: javax.jdo.JDODataStoreException: Exception thrown flushing changes to datastore
NestedThrowables:
java.sql.BatchUpdateException: DELETE on table 'DBS' caused a violation of foreign key constraint 'TBLS_FK1' for key (23).  The statement has been rolled back.
	at org.apache.hadoop.hive.metastore.api.ThriftHiveMetastore$drop_database_result$drop_database_resultStandardScheme.read(ThriftHiveMetastore.java:54495) ~[classes/:?]
	at org.apache.hadoop.hive.metastore.api.ThriftHiveMetastore$drop_database_result$drop_database_resultStandardScheme.read(ThriftHiveMetastore.java:54463) ~[classes/:?]
	at org.apache.hadoop.hive.metastore.api.ThriftHiveMetastore$drop_database_result.read(ThriftHiveMetastore.java:54397) ~[classes/:?]
	at org.apache.thrift.TServiceClient.receiveBase(TServiceClient.java:88) ~[libthrift-0.14.1.jar:0.14.1]
	at org.apache.hadoop.hive.metastore.api.ThriftHiveMetastore$Client.recv_drop_database(ThriftHiveMetastore.java:1404) ~[classes/:?]
	at org.apache.hadoop.hive.metastore.api.ThriftHiveMetastore$Client.drop_database(ThriftHiveMetastore.java:1389) ~[classes/:?]
	at org.apache.hadoop.hive.metastore.HiveMetaStoreClient.dropDatabaseCascadePerDb(HiveMetaStoreClient.java:1601) ~[classes/:?]
	at org.apache.hadoop.hive.metastore.HiveMetaStoreClient.dropDatabase(HiveMetaStoreClient.java:1532) ~[classes/:?]
	at org.apache.hadoop.hive.metastore.HiveMetaStoreClient.dropDatabase(HiveMetaStoreClient.java:1485) ~[classes/:?]
	at sun.reflect.GeneratedMethodAccessor296.invoke(Unknown Source) ~[?:?]
	at sun.reflect.DelegatingMethodAccessorImpl.invoke(DelegatingMethodAccessorImpl.java:43) ~[?:1.8.0_402]
	at java.lang.reflect.Method.invoke(Method.java:498) ~[?:1.8.0_402]
	at org.apache.hadoop.hive.metastore.RetryingMetaStoreClient.invoke(RetryingMetaStoreClient.java:214) ~[classes/:?]
	at com.sun.proxy.$Proxy35.dropDatabase(Unknown Source) ~[?:?]
	at org.apache.hive.hcatalog.api.HCatClientHMSImpl.dropDatabase(HCatClientHMSImpl.java:154) ~[classes/:?]
	... 42 more
]]></system-err>
  </testcase>
  <testcase name="testPartitionRegistrationWithCustomSchema" classname="org.apache.hive.hcatalog.api.TestHCatClient" time="83.088"/>
  <testcase name="testPartitionSchema" classname="org.apache.hive.hcatalog.api.TestHCatClient" time="28.449"/>
</testsuite>