<?xml version="1.0" encoding="UTF-8"?>
<testsuite xmlns:xsi="http://www.w3.org/2001/XMLSchema-instance" xsi:noNamespaceSchemaLocation="https://maven.apache.org/surefire/maven-surefire-plugin/xsd/surefire-test-report.xsd" name="org.springframework.cloud.kubernetes.client.loadbalancer.KubernetesClientLoadBalancerPodModeTests" time="4.817" tests="1" errors="0" skipped="0" failures="0">
  <properties>
    <property name="sun.desktop" value="gnome"/>
    <property name="awt.toolkit" value="sun.awt.X11.XToolkit"/>
    <property name="file.encoding.pkg" value="sun.io"/>
    <property name="java.specification.version" value="1.8"/>
    <property name="sun.cpu.isalist" value=""/>
    <property name="sun.jnu.encoding" value="UTF-8"/>
    <property name="java.class.path" value="/home/alex/.m2/repository/org/apache/maven/surefire/surefire-booter/2.22.2/surefire-booter-2.22.2.jar:/home/alex/.m2/repository/org/apache/maven/surefire/surefire-api/2.22.2/surefire-api-2.22.2.jar:/home/alex/.m2/repository/org/apache/maven/surefire/surefire-logger-api/2.22.2/surefire-logger-api-2.22.2.jar:/home/alex/Repositories/spring-cloud-kubernetes/spring-cloud-kubernetes-client-loadbalancer/target/test-classes:/home/alex/Repositories/spring-cloud-kubernetes/spring-cloud-kubernetes-client-loadbalancer/target/classes:/home/alex/.m2/repository/org/springframework/cloud/spring-cloud-starter-loadbalancer/3.1.1-SNAPSHOT/spring-cloud-starter-loadbalancer-3.1.1-SNAPSHOT.jar:/home/alex/.m2/repository/org/springframework/cloud/spring-cloud-starter/3.1.1-SNAPSHOT/spring-cloud-starter-3.1.1-SNAPSHOT.jar:/home/alex/.m2/repository/org/springframework/cloud/spring-cloud-context/3.1.1-SNAPSHOT/spring-cloud-context-3.1.1-SNAPSHOT.jar:/home/alex/.m2/repository/org/springframework/security/spring-security-rsa/1.0.10.RELEASE/spring-security-rsa-1.0.10.RELEASE.jar:/home/alex/.m2/repository/org/bouncycastle/bcpkix-jdk15on/1.68/bcpkix-jdk15on-1.68.jar:/home/alex/.m2/repository/org/bouncycastle/bcprov-jdk15on/1.68/bcprov-jdk15on-1.68.jar:/home/alex/.m2/repository/org/springframework/cloud/spring-cloud-loadbalancer/3.1.1-SNAPSHOT/spring-cloud-loadbalancer-3.1.1-SNAPSHOT.jar:/home/alex/.m2/repository/io/projectreactor/addons/reactor-extra/3.4.6/reactor-extra-3.4.6.jar:/home/alex/.m2/repository/org/springframework/boot/spring-boot-starter-cache/2.6.3/spring-boot-starter-cache-2.6.3.jar:/home/alex/.m2/repository/org/springframework/spring-context-support/5.3.15/spring-context-support-5.3.15.jar:/home/alex/.m2/repository/com/stoyanr/evictor/1.0.0/evictor-1.0.0.jar:/home/alex/Repositories/spring-cloud-kubernetes/spring-cloud-kubernetes-client-discovery/target/classes:/home/alex/Repositories/spring-cloud-kubernetes/spring-cloud-kubernetes-client-autoconfig/target/classes:/home/alex/Repositories/spring-cloud-kubernetes/spring-cloud-kubernetes-commons/target/classes:/home/alex/.m2/repository/javax/annotation/javax.annotation-api/1.3.2/javax.annotation-api-1.3.2.jar:/home/alex/.m2/repository/io/kubernetes/client-java/13.0.0/client-java-13.0.0.jar:/home/alex/.m2/repository/io/prometheus/simpleclient/0.12.0/simpleclient-0.12.0.jar:/home/alex/.m2/repository/io/prometheus/simpleclient_tracer_otel/0.12.0/simpleclient_tracer_otel-0.12.0.jar:/home/alex/.m2/repository/io/prometheus/simpleclient_tracer_common/0.12.0/simpleclient_tracer_common-0.12.0.jar:/home/alex/.m2/repository/io/prometheus/simpleclient_tracer_otel_agent/0.12.0/simpleclient_tracer_otel_agent-0.12.0.jar:/home/alex/.m2/repository/io/prometheus/simpleclient_httpserver/0.12.0/simpleclient_httpserver-0.12.0.jar:/home/alex/.m2/repository/io/prometheus/simpleclient_common/0.12.0/simpleclient_common-0.12.0.jar:/home/alex/.m2/repository/io/kubernetes/client-java-api/13.0.0/client-java-api-13.0.0.jar:/home/alex/.m2/repository/io/swagger/swagger-annotations/1.6.2/swagger-annotations-1.6.2.jar:/home/alex/.m2/repository/com/squareup/okhttp3/okhttp/3.14.9/okhttp-3.14.9.jar:/home/alex/.m2/repository/com/squareup/okio/okio/1.17.2/okio-1.17.2.jar:/home/alex/.m2/repository/com/squareup/okhttp3/logging-interceptor/3.14.9/logging-interceptor-3.14.9.jar:/home/alex/.m2/repository/com/google/code/gson/gson/2.8.9/gson-2.8.9.jar:/home/alex/.m2/repository/io/gsonfire/gson-fire/1.8.5/gson-fire-1.8.5.jar:/home/alex/.m2/repository/io/kubernetes/client-java-proto/13.0.0/client-java-proto-13.0.0.jar:/home/alex/.m2/repository/org/apache/commons/commons-compress/1.21/commons-compress-1.21.jar:/home/alex/.m2/repository/org/bouncycastle/bcprov-ext-jdk15on/1.69/bcprov-ext-jdk15on-1.69.jar:/home/alex/.m2/repository/com/google/protobuf/protobuf-java/3.17.3/protobuf-java-3.17.3.jar:/home/alex/.m2/repository/org/apache/commons/commons-collections4/4.4/commons-collections4-4.4.jar:/home/alex/.m2/repository/org/bitbucket/b_c/jose4j/0.7.8/jose4j-0.7.8.jar:/home/alex/.m2/repository/io/kubernetes/client-java-extended/13.0.0/client-java-extended-13.0.0.jar:/home/alex/.m2/repository/io/kubernetes/client-java-api-fluent/13.0.0/client-java-api-fluent-13.0.0.jar:/home/alex/.m2/repository/com/github/vladimir-bukhtoyarov/bucket4j-core/6.2.0/bucket4j-core-6.2.0.jar:/home/alex/.m2/repository/com/github/ben-manes/caffeine/caffeine/2.9.3/caffeine-2.9.3.jar:/home/alex/.m2/repository/io/kubernetes/client-java-spring-integration/13.0.0/client-java-spring-integration-13.0.0.jar:/home/alex/.m2/repository/org/springframework/boot/spring-boot-autoconfigure/2.6.3/spring-boot-autoconfigure-2.6.3.jar:/home/alex/.m2/repository/org/springframework/cloud/spring-cloud-commons/3.1.1-SNAPSHOT/spring-cloud-commons-3.1.1-SNAPSHOT.jar:/home/alex/.m2/repository/org/springframework/security/spring-security-crypto/5.6.1/spring-security-crypto-5.6.1.jar:/home/alex/.m2/repository/org/springframework/boot/spring-boot-starter-actuator/2.6.3/spring-boot-starter-actuator-2.6.3.jar:/home/alex/.m2/repository/org/springframework/boot/spring-boot-starter/2.6.3/spring-boot-starter-2.6.3.jar:/home/alex/.m2/repository/org/springframework/boot/spring-boot/2.6.3/spring-boot-2.6.3.jar:/home/alex/.m2/repository/org/springframework/boot/spring-boot-starter-logging/2.6.3/spring-boot-starter-logging-2.6.3.jar:/home/alex/.m2/repository/ch/qos/logback/logback-classic/1.2.10/logback-classic-1.2.10.jar:/home/alex/.m2/repository/ch/qos/logback/logback-core/1.2.10/logback-core-1.2.10.jar:/home/alex/.m2/repository/org/apache/logging/log4j/log4j-to-slf4j/2.17.1/log4j-to-slf4j-2.17.1.jar:/home/alex/.m2/repository/org/apache/logging/log4j/log4j-api/2.17.1/log4j-api-2.17.1.jar:/home/alex/.m2/repository/org/slf4j/jul-to-slf4j/1.7.33/jul-to-slf4j-1.7.33.jar:/home/alex/.m2/repository/jakarta/annotation/jakarta.annotation-api/1.3.5/jakarta.annotation-api-1.3.5.jar:/home/alex/.m2/repository/org/yaml/snakeyaml/1.29/snakeyaml-1.29.jar:/home/alex/.m2/repository/org/springframework/boot/spring-boot-actuator-autoconfigure/2.6.3/spring-boot-actuator-autoconfigure-2.6.3.jar:/home/alex/.m2/repository/org/springframework/boot/spring-boot-actuator/2.6.3/spring-boot-actuator-2.6.3.jar:/home/alex/.m2/repository/com/fasterxml/jackson/datatype/jackson-datatype-jsr310/2.13.1/jackson-datatype-jsr310-2.13.1.jar:/home/alex/.m2/repository/io/micrometer/micrometer-core/1.8.2/micrometer-core-1.8.2.jar:/home/alex/.m2/repository/org/hdrhistogram/HdrHistogram/2.1.12/HdrHistogram-2.1.12.jar:/home/alex/.m2/repository/org/latencyutils/LatencyUtils/2.0.3/LatencyUtils-2.0.3.jar:/home/alex/.m2/repository/org/springframework/boot/spring-boot-configuration-processor/2.6.3/spring-boot-configuration-processor-2.6.3.jar:/home/alex/.m2/repository/org/springframework/boot/spring-boot-starter-test/2.6.3/spring-boot-starter-test-2.6.3.jar:/home/alex/.m2/repository/org/springframework/boot/spring-boot-test/2.6.3/spring-boot-test-2.6.3.jar:/home/alex/.m2/repository/org/springframework/boot/spring-boot-test-autoconfigure/2.6.3/spring-boot-test-autoconfigure-2.6.3.jar:/home/alex/.m2/repository/com/jayway/jsonpath/json-path/2.6.0/json-path-2.6.0.jar:/home/alex/.m2/repository/net/minidev/json-smart/2.4.7/json-smart-2.4.7.jar:/home/alex/.m2/repository/net/minidev/accessors-smart/2.4.7/accessors-smart-2.4.7.jar:/home/alex/.m2/repository/jakarta/xml/bind/jakarta.xml.bind-api/2.3.3/jakarta.xml.bind-api-2.3.3.jar:/home/alex/.m2/repository/jakarta/activation/jakarta.activation-api/1.2.2/jakarta.activation-api-1.2.2.jar:/home/alex/.m2/repository/org/assertj/assertj-core/3.21.0/assertj-core-3.21.0.jar:/home/alex/.m2/repository/org/hamcrest/hamcrest/2.2/hamcrest-2.2.jar:/home/alex/.m2/repository/org/junit/jupiter/junit-jupiter/5.8.2/junit-jupiter-5.8.2.jar:/home/alex/.m2/repository/org/junit/jupiter/junit-jupiter-api/5.8.2/junit-jupiter-api-5.8.2.jar:/home/alex/.m2/repository/org/junit/jupiter/junit-jupiter-params/5.8.2/junit-jupiter-params-5.8.2.jar:/home/alex/.m2/repository/org/junit/jupiter/junit-jupiter-engine/5.8.2/junit-jupiter-engine-5.8.2.jar:/home/alex/.m2/repository/org/mockito/mockito-core/4.0.0/mockito-core-4.0.0.jar:/home/alex/.m2/repository/net/bytebuddy/byte-buddy/1.11.22/byte-buddy-1.11.22.jar:/home/alex/.m2/repository/net/bytebuddy/byte-buddy-agent/1.11.22/byte-buddy-agent-1.11.22.jar:/home/alex/.m2/repository/org/objenesis/objenesis/3.2/objenesis-3.2.jar:/home/alex/.m2/repository/org/mockito/mockito-junit-jupiter/4.0.0/mockito-junit-jupiter-4.0.0.jar:/home/alex/.m2/repository/org/skyscreamer/jsonassert/1.5.0/jsonassert-1.5.0.jar:/home/alex/.m2/repository/com/vaadin/external/google/android-json/0.0.20131108.vaadin1/android-json-0.0.20131108.vaadin1.jar:/home/alex/.m2/repository/org/springframework/spring-core/5.3.15/spring-core-5.3.15.jar:/home/alex/.m2/repository/org/springframework/spring-jcl/5.3.15/spring-jcl-5.3.15.jar:/home/alex/.m2/repository/org/springframework/spring-test/5.3.15/spring-test-5.3.15.jar:/home/alex/.m2/repository/org/xmlunit/xmlunit-core/2.8.4/xmlunit-core-2.8.4.jar:/home/alex/.m2/repository/com/github/tomakehurst/wiremock-jre8/2.26.3/wiremock-jre8-2.26.3.jar:/home/alex/.m2/repository/org/eclipse/jetty/jetty-server/9.4.44.v20210927/jetty-server-9.4.44.v20210927.jar:/home/alex/.m2/repository/javax/servlet/javax.servlet-api/4.0.1/javax.servlet-api-4.0.1.jar:/home/alex/.m2/repository/org/eclipse/jetty/jetty-http/9.4.44.v20210927/jetty-http-9.4.44.v20210927.jar:/home/alex/.m2/repository/org/eclipse/jetty/jetty-io/9.4.44.v20210927/jetty-io-9.4.44.v20210927.jar:/home/alex/.m2/repository/org/eclipse/jetty/jetty-servlet/9.4.44.v20210927/jetty-servlet-9.4.44.v20210927.jar:/home/alex/.m2/repository/org/eclipse/jetty/jetty-security/9.4.44.v20210927/jetty-security-9.4.44.v20210927.jar:/home/alex/.m2/repository/org/eclipse/jetty/jetty-util-ajax/9.4.44.v20210927/jetty-util-ajax-9.4.44.v20210927.jar:/home/alex/.m2/repository/org/eclipse/jetty/jetty-servlets/9.4.44.v20210927/jetty-servlets-9.4.44.v20210927.jar:/home/alex/.m2/repository/org/eclipse/jetty/jetty-continuation/9.4.44.v20210927/jetty-continuation-9.4.44.v20210927.jar:/home/alex/.m2/repository/org/eclipse/jetty/jetty-util/9.4.44.v20210927/jetty-util-9.4.44.v20210927.jar:/home/alex/.m2/repository/org/eclipse/jetty/jetty-webapp/9.4.44.v20210927/jetty-webapp-9.4.44.v20210927.jar:/home/alex/.m2/repository/org/eclipse/jetty/jetty-xml/9.4.44.v20210927/jetty-xml-9.4.44.v20210927.jar:/home/alex/.m2/repository/com/google/guava/guava/27.0.1-jre/guava-27.0.1-jre.jar:/home/alex/.m2/repository/com/google/guava/failureaccess/1.0.1/failureaccess-1.0.1.jar:/home/alex/.m2/repository/com/google/guava/listenablefuture/9999.0-empty-to-avoid-conflict-with-guava/listenablefuture-9999.0-empty-to-avoid-conflict-with-guava.jar:/home/alex/.m2/repository/com/google/code/findbugs/jsr305/3.0.2/jsr305-3.0.2.jar:/home/alex/.m2/repository/org/checkerframework/checker-qual/2.5.2/checker-qual-2.5.2.jar:/home/alex/.m2/repository/com/google/errorprone/error_prone_annotations/2.2.0/error_prone_annotations-2.2.0.jar:/home/alex/.m2/repository/com/google/j2objc/j2objc-annotations/1.1/j2objc-annotations-1.1.jar:/home/alex/.m2/repository/org/codehaus/mojo/animal-sniffer-annotations/1.17/animal-sniffer-annotations-1.17.jar:/home/alex/.m2/repository/com/fasterxml/jackson/core/jackson-core/2.13.1/jackson-core-2.13.1.jar:/home/alex/.m2/repository/com/fasterxml/jackson/core/jackson-annotations/2.13.1/jackson-annotations-2.13.1.jar:/home/alex/.m2/repository/com/fasterxml/jackson/core/jackson-databind/2.13.1/jackson-databind-2.13.1.jar:/home/alex/.m2/repository/org/apache/httpcomponents/httpclient/4.5.13/httpclient-4.5.13.jar:/home/alex/.m2/repository/org/apache/httpcomponents/httpcore/4.4.15/httpcore-4.4.15.jar:/home/alex/.m2/repository/commons-codec/commons-codec/1.15/commons-codec-1.15.jar:/home/alex/.m2/repository/org/xmlunit/xmlunit-legacy/2.8.4/xmlunit-legacy-2.8.4.jar:/home/alex/.m2/repository/org/xmlunit/xmlunit-placeholders/2.8.4/xmlunit-placeholders-2.8.4.jar:/home/alex/.m2/repository/org/ow2/asm/asm/7.0/asm-7.0.jar:/home/alex/.m2/repository/org/slf4j/slf4j-api/1.7.33/slf4j-api-1.7.33.jar:/home/alex/.m2/repository/net/sf/jopt-simple/jopt-simple/5.0.3/jopt-simple-5.0.3.jar:/home/alex/.m2/repository/org/apache/commons/commons-lang3/3.12.0/commons-lang3-3.12.0.jar:/home/alex/.m2/repository/com/github/jknack/handlebars/4.1.2/handlebars-4.1.2.jar:/home/alex/.m2/repository/com/github/jknack/handlebars-helpers/4.1.2/handlebars-helpers-4.1.2.jar:/home/alex/.m2/repository/com/flipkart/zjsonpatch/zjsonpatch/0.4.4/zjsonpatch-0.4.4.jar:/home/alex/.m2/repository/commons-fileupload/commons-fileupload/1.4/commons-fileupload-1.4.jar:/home/alex/.m2/repository/commons-io/commons-io/2.2/commons-io-2.2.jar:/home/alex/.m2/repository/org/eclipse/jetty/http2/http2-server/9.4.44.v20210927/http2-server-9.4.44.v20210927.jar:/home/alex/.m2/repository/org/eclipse/jetty/http2/http2-common/9.4.44.v20210927/http2-common-9.4.44.v20210927.jar:/home/alex/.m2/repository/org/eclipse/jetty/http2/http2-hpack/9.4.44.v20210927/http2-hpack-9.4.44.v20210927.jar:/home/alex/.m2/repository/org/eclipse/jetty/jetty-alpn-server/9.4.44.v20210927/jetty-alpn-server-9.4.44.v20210927.jar:/home/alex/.m2/repository/org/eclipse/jetty/jetty-alpn-conscrypt-server/9.4.44.v20210927/jetty-alpn-conscrypt-server-9.4.44.v20210927.jar:/home/alex/.m2/repository/org/conscrypt/conscrypt-openjdk-uber/2.5.2/conscrypt-openjdk-uber-2.5.2.jar:/home/alex/.m2/repository/org/eclipse/jetty/jetty-alpn-conscrypt-client/9.4.44.v20210927/jetty-alpn-conscrypt-client-9.4.44.v20210927.jar:/home/alex/.m2/repository/org/eclipse/jetty/jetty-alpn-client/9.4.44.v20210927/jetty-alpn-client-9.4.44.v20210927.jar:/home/alex/.m2/repository/net/javacrumbs/json-unit/json-unit-core/2.12.0/json-unit-core-2.12.0.jar:/home/alex/.m2/repository/org/opentest4j/opentest4j/1.1.1/opentest4j-1.1.1.jar:/home/alex/.m2/repository/org/hamcrest/hamcrest-core/2.2/hamcrest-core-2.2.jar:/home/alex/.m2/repository/io/projectreactor/reactor-test/3.4.14/reactor-test-3.4.14.jar:/home/alex/.m2/repository/io/projectreactor/reactor-core/3.4.14/reactor-core-3.4.14.jar:/home/alex/.m2/repository/org/reactivestreams/reactive-streams/1.0.3/reactive-streams-1.0.3.jar:/home/alex/.m2/repository/org/springframework/boot/spring-boot-starter-web/2.6.3/spring-boot-starter-web-2.6.3.jar:/home/alex/.m2/repository/org/springframework/boot/spring-boot-starter-json/2.6.3/spring-boot-starter-json-2.6.3.jar:/home/alex/.m2/repository/com/fasterxml/jackson/datatype/jackson-datatype-jdk8/2.13.1/jackson-datatype-jdk8-2.13.1.jar:/home/alex/.m2/repository/com/fasterxml/jackson/module/jackson-module-parameter-names/2.13.1/jackson-module-parameter-names-2.13.1.jar:/home/alex/.m2/repository/org/springframework/boot/spring-boot-starter-tomcat/2.6.3/spring-boot-starter-tomcat-2.6.3.jar:/home/alex/.m2/repository/org/apache/tomcat/embed/tomcat-embed-core/9.0.56/tomcat-embed-core-9.0.56.jar:/home/alex/.m2/repository/org/apache/tomcat/embed/tomcat-embed-el/9.0.56/tomcat-embed-el-9.0.56.jar:/home/alex/.m2/repository/org/apache/tomcat/embed/tomcat-embed-websocket/9.0.56/tomcat-embed-websocket-9.0.56.jar:/home/alex/.m2/repository/org/springframework/spring-web/5.3.15/spring-web-5.3.15.jar:/home/alex/.m2/repository/org/springframework/spring-beans/5.3.15/spring-beans-5.3.15.jar:/home/alex/.m2/repository/org/springframework/spring-webmvc/5.3.15/spring-webmvc-5.3.15.jar:/home/alex/.m2/repository/org/springframework/spring-aop/5.3.15/spring-aop-5.3.15.jar:/home/alex/.m2/repository/org/springframework/spring-context/5.3.15/spring-context-5.3.15.jar:/home/alex/.m2/repository/org/springframework/spring-expression/5.3.15/spring-expression-5.3.15.jar:/home/alex/.m2/repository/org/junit/vintage/junit-vintage-engine/5.8.2/junit-vintage-engine-5.8.2.jar:/home/alex/.m2/repository/org/junit/platform/junit-platform-engine/1.8.2/junit-platform-engine-1.8.2.jar:/home/alex/.m2/repository/org/junit/platform/junit-platform-commons/1.8.2/junit-platform-commons-1.8.2.jar:/home/alex/.m2/repository/junit/junit/4.13.2/junit-4.13.2.jar:/home/alex/.m2/repository/org/apiguardian/apiguardian-api/1.1.2/apiguardian-api-1.1.2.jar:/home/alex/.m2/repository/org/apache/maven/surefire/surefire-junit-platform/2.22.2/surefire-junit-platform-2.22.2.jar:/home/alex/.m2/repository/org/junit/platform/junit-platform-launcher/1.3.1/junit-platform-launcher-1.3.1.jar"/>
    <property name="java.vm.vendor" value="Private Build"/>
    <property name="sun.arch.data.model" value="64"/>
    <property name="java.vendor.url" value="http://java.oracle.com/"/>
    <property name="user.timezone" value=""/>
    <property name="user.country.format" value="PT"/>
    <property name="java.vm.specification.version" value="1.8"/>
    <property name="os.name" value="Linux"/>
    <property name="user.country" value="US"/>
    <property name="sun.java.launcher" value="SUN_STANDARD"/>
    <property name="sun.boot.library.path" value="/usr/lib/jvm/java-8-openjdk-amd64/jre/lib/amd64"/>
    <property name="sun.java.command" value="org.apache.maven.surefire.booter.ForkedBooter /home/alex/Repositories/spring-cloud-kubernetes/spring-cloud-kubernetes-client-loadbalancer/target/surefire 2024-05-02T15-45-30_724-jvmRun1 surefire6626858718878146786tmp surefire_413062947763835547970tmp"/>
    <property name="surefire.test.class.path" value="/home/alex/Repositories/spring-cloud-kubernetes/spring-cloud-kubernetes-client-loadbalancer/target/test-classes:/home/alex/Repositories/spring-cloud-kubernetes/spring-cloud-kubernetes-client-loadbalancer/target/classes:/home/alex/.m2/repository/org/springframework/cloud/spring-cloud-starter-loadbalancer/3.1.1-SNAPSHOT/spring-cloud-starter-loadbalancer-3.1.1-SNAPSHOT.jar:/home/alex/.m2/repository/org/springframework/cloud/spring-cloud-starter/3.1.1-SNAPSHOT/spring-cloud-starter-3.1.1-SNAPSHOT.jar:/home/alex/.m2/repository/org/springframework/cloud/spring-cloud-context/3.1.1-SNAPSHOT/spring-cloud-context-3.1.1-SNAPSHOT.jar:/home/alex/.m2/repository/org/springframework/security/spring-security-rsa/1.0.10.RELEASE/spring-security-rsa-1.0.10.RELEASE.jar:/home/alex/.m2/repository/org/bouncycastle/bcpkix-jdk15on/1.68/bcpkix-jdk15on-1.68.jar:/home/alex/.m2/repository/org/bouncycastle/bcprov-jdk15on/1.68/bcprov-jdk15on-1.68.jar:/home/alex/.m2/repository/org/springframework/cloud/spring-cloud-loadbalancer/3.1.1-SNAPSHOT/spring-cloud-loadbalancer-3.1.1-SNAPSHOT.jar:/home/alex/.m2/repository/io/projectreactor/addons/reactor-extra/3.4.6/reactor-extra-3.4.6.jar:/home/alex/.m2/repository/org/springframework/boot/spring-boot-starter-cache/2.6.3/spring-boot-starter-cache-2.6.3.jar:/home/alex/.m2/repository/org/springframework/spring-context-support/5.3.15/spring-context-support-5.3.15.jar:/home/alex/.m2/repository/com/stoyanr/evictor/1.0.0/evictor-1.0.0.jar:/home/alex/Repositories/spring-cloud-kubernetes/spring-cloud-kubernetes-client-discovery/target/classes:/home/alex/Repositories/spring-cloud-kubernetes/spring-cloud-kubernetes-client-autoconfig/target/classes:/home/alex/Repositories/spring-cloud-kubernetes/spring-cloud-kubernetes-commons/target/classes:/home/alex/.m2/repository/javax/annotation/javax.annotation-api/1.3.2/javax.annotation-api-1.3.2.jar:/home/alex/.m2/repository/io/kubernetes/client-java/13.0.0/client-java-13.0.0.jar:/home/alex/.m2/repository/io/prometheus/simpleclient/0.12.0/simpleclient-0.12.0.jar:/home/alex/.m2/repository/io/prometheus/simpleclient_tracer_otel/0.12.0/simpleclient_tracer_otel-0.12.0.jar:/home/alex/.m2/repository/io/prometheus/simpleclient_tracer_common/0.12.0/simpleclient_tracer_common-0.12.0.jar:/home/alex/.m2/repository/io/prometheus/simpleclient_tracer_otel_agent/0.12.0/simpleclient_tracer_otel_agent-0.12.0.jar:/home/alex/.m2/repository/io/prometheus/simpleclient_httpserver/0.12.0/simpleclient_httpserver-0.12.0.jar:/home/alex/.m2/repository/io/prometheus/simpleclient_common/0.12.0/simpleclient_common-0.12.0.jar:/home/alex/.m2/repository/io/kubernetes/client-java-api/13.0.0/client-java-api-13.0.0.jar:/home/alex/.m2/repository/io/swagger/swagger-annotations/1.6.2/swagger-annotations-1.6.2.jar:/home/alex/.m2/repository/com/squareup/okhttp3/okhttp/3.14.9/okhttp-3.14.9.jar:/home/alex/.m2/repository/com/squareup/okio/okio/1.17.2/okio-1.17.2.jar:/home/alex/.m2/repository/com/squareup/okhttp3/logging-interceptor/3.14.9/logging-interceptor-3.14.9.jar:/home/alex/.m2/repository/com/google/code/gson/gson/2.8.9/gson-2.8.9.jar:/home/alex/.m2/repository/io/gsonfire/gson-fire/1.8.5/gson-fire-1.8.5.jar:/home/alex/.m2/repository/io/kubernetes/client-java-proto/13.0.0/client-java-proto-13.0.0.jar:/home/alex/.m2/repository/org/apache/commons/commons-compress/1.21/commons-compress-1.21.jar:/home/alex/.m2/repository/org/bouncycastle/bcprov-ext-jdk15on/1.69/bcprov-ext-jdk15on-1.69.jar:/home/alex/.m2/repository/com/google/protobuf/protobuf-java/3.17.3/protobuf-java-3.17.3.jar:/home/alex/.m2/repository/org/apache/commons/commons-collections4/4.4/commons-collections4-4.4.jar:/home/alex/.m2/repository/org/bitbucket/b_c/jose4j/0.7.8/jose4j-0.7.8.jar:/home/alex/.m2/repository/io/kubernetes/client-java-extended/13.0.0/client-java-extended-13.0.0.jar:/home/alex/.m2/repository/io/kubernetes/client-java-api-fluent/13.0.0/client-java-api-fluent-13.0.0.jar:/home/alex/.m2/repository/com/github/vladimir-bukhtoyarov/bucket4j-core/6.2.0/bucket4j-core-6.2.0.jar:/home/alex/.m2/repository/com/github/ben-manes/caffeine/caffeine/2.9.3/caffeine-2.9.3.jar:/home/alex/.m2/repository/io/kubernetes/client-java-spring-integration/13.0.0/client-java-spring-integration-13.0.0.jar:/home/alex/.m2/repository/org/springframework/boot/spring-boot-autoconfigure/2.6.3/spring-boot-autoconfigure-2.6.3.jar:/home/alex/.m2/repository/org/springframework/cloud/spring-cloud-commons/3.1.1-SNAPSHOT/spring-cloud-commons-3.1.1-SNAPSHOT.jar:/home/alex/.m2/repository/org/springframework/security/spring-security-crypto/5.6.1/spring-security-crypto-5.6.1.jar:/home/alex/.m2/repository/org/springframework/boot/spring-boot-starter-actuator/2.6.3/spring-boot-starter-actuator-2.6.3.jar:/home/alex/.m2/repository/org/springframework/boot/spring-boot-starter/2.6.3/spring-boot-starter-2.6.3.jar:/home/alex/.m2/repository/org/springframework/boot/spring-boot/2.6.3/spring-boot-2.6.3.jar:/home/alex/.m2/repository/org/springframework/boot/spring-boot-starter-logging/2.6.3/spring-boot-starter-logging-2.6.3.jar:/home/alex/.m2/repository/ch/qos/logback/logback-classic/1.2.10/logback-classic-1.2.10.jar:/home/alex/.m2/repository/ch/qos/logback/logback-core/1.2.10/logback-core-1.2.10.jar:/home/alex/.m2/repository/org/apache/logging/log4j/log4j-to-slf4j/2.17.1/log4j-to-slf4j-2.17.1.jar:/home/alex/.m2/repository/org/apache/logging/log4j/log4j-api/2.17.1/log4j-api-2.17.1.jar:/home/alex/.m2/repository/org/slf4j/jul-to-slf4j/1.7.33/jul-to-slf4j-1.7.33.jar:/home/alex/.m2/repository/jakarta/annotation/jakarta.annotation-api/1.3.5/jakarta.annotation-api-1.3.5.jar:/home/alex/.m2/repository/org/yaml/snakeyaml/1.29/snakeyaml-1.29.jar:/home/alex/.m2/repository/org/springframework/boot/spring-boot-actuator-autoconfigure/2.6.3/spring-boot-actuator-autoconfigure-2.6.3.jar:/home/alex/.m2/repository/org/springframework/boot/spring-boot-actuator/2.6.3/spring-boot-actuator-2.6.3.jar:/home/alex/.m2/repository/com/fasterxml/jackson/datatype/jackson-datatype-jsr310/2.13.1/jackson-datatype-jsr310-2.13.1.jar:/home/alex/.m2/repository/io/micrometer/micrometer-core/1.8.2/micrometer-core-1.8.2.jar:/home/alex/.m2/repository/org/hdrhistogram/HdrHistogram/2.1.12/HdrHistogram-2.1.12.jar:/home/alex/.m2/repository/org/latencyutils/LatencyUtils/2.0.3/LatencyUtils-2.0.3.jar:/home/alex/.m2/repository/org/springframework/boot/spring-boot-configuration-processor/2.6.3/spring-boot-configuration-processor-2.6.3.jar:/home/alex/.m2/repository/org/springframework/boot/spring-boot-starter-test/2.6.3/spring-boot-starter-test-2.6.3.jar:/home/alex/.m2/repository/org/springframework/boot/spring-boot-test/2.6.3/spring-boot-test-2.6.3.jar:/home/alex/.m2/repository/org/springframework/boot/spring-boot-test-autoconfigure/2.6.3/spring-boot-test-autoconfigure-2.6.3.jar:/home/alex/.m2/repository/com/jayway/jsonpath/json-path/2.6.0/json-path-2.6.0.jar:/home/alex/.m2/repository/net/minidev/json-smart/2.4.7/json-smart-2.4.7.jar:/home/alex/.m2/repository/net/minidev/accessors-smart/2.4.7/accessors-smart-2.4.7.jar:/home/alex/.m2/repository/jakarta/xml/bind/jakarta.xml.bind-api/2.3.3/jakarta.xml.bind-api-2.3.3.jar:/home/alex/.m2/repository/jakarta/activation/jakarta.activation-api/1.2.2/jakarta.activation-api-1.2.2.jar:/home/alex/.m2/repository/org/assertj/assertj-core/3.21.0/assertj-core-3.21.0.jar:/home/alex/.m2/repository/org/hamcrest/hamcrest/2.2/hamcrest-2.2.jar:/home/alex/.m2/repository/org/junit/jupiter/junit-jupiter/5.8.2/junit-jupiter-5.8.2.jar:/home/alex/.m2/repository/org/junit/jupiter/junit-jupiter-api/5.8.2/junit-jupiter-api-5.8.2.jar:/home/alex/.m2/repository/org/junit/jupiter/junit-jupiter-params/5.8.2/junit-jupiter-params-5.8.2.jar:/home/alex/.m2/repository/org/junit/jupiter/junit-jupiter-engine/5.8.2/junit-jupiter-engine-5.8.2.jar:/home/alex/.m2/repository/org/mockito/mockito-core/4.0.0/mockito-core-4.0.0.jar:/home/alex/.m2/repository/net/bytebuddy/byte-buddy/1.11.22/byte-buddy-1.11.22.jar:/home/alex/.m2/repository/net/bytebuddy/byte-buddy-agent/1.11.22/byte-buddy-agent-1.11.22.jar:/home/alex/.m2/repository/org/objenesis/objenesis/3.2/objenesis-3.2.jar:/home/alex/.m2/repository/org/mockito/mockito-junit-jupiter/4.0.0/mockito-junit-jupiter-4.0.0.jar:/home/alex/.m2/repository/org/skyscreamer/jsonassert/1.5.0/jsonassert-1.5.0.jar:/home/alex/.m2/repository/com/vaadin/external/google/android-json/0.0.20131108.vaadin1/android-json-0.0.20131108.vaadin1.jar:/home/alex/.m2/repository/org/springframework/spring-core/5.3.15/spring-core-5.3.15.jar:/home/alex/.m2/repository/org/springframework/spring-jcl/5.3.15/spring-jcl-5.3.15.jar:/home/alex/.m2/repository/org/springframework/spring-test/5.3.15/spring-test-5.3.15.jar:/home/alex/.m2/repository/org/xmlunit/xmlunit-core/2.8.4/xmlunit-core-2.8.4.jar:/home/alex/.m2/repository/com/github/tomakehurst/wiremock-jre8/2.26.3/wiremock-jre8-2.26.3.jar:/home/alex/.m2/repository/org/eclipse/jetty/jetty-server/9.4.44.v20210927/jetty-server-9.4.44.v20210927.jar:/home/alex/.m2/repository/javax/servlet/javax.servlet-api/4.0.1/javax.servlet-api-4.0.1.jar:/home/alex/.m2/repository/org/eclipse/jetty/jetty-http/9.4.44.v20210927/jetty-http-9.4.44.v20210927.jar:/home/alex/.m2/repository/org/eclipse/jetty/jetty-io/9.4.44.v20210927/jetty-io-9.4.44.v20210927.jar:/home/alex/.m2/repository/org/eclipse/jetty/jetty-servlet/9.4.44.v20210927/jetty-servlet-9.4.44.v20210927.jar:/home/alex/.m2/repository/org/eclipse/jetty/jetty-security/9.4.44.v20210927/jetty-security-9.4.44.v20210927.jar:/home/alex/.m2/repository/org/eclipse/jetty/jetty-util-ajax/9.4.44.v20210927/jetty-util-ajax-9.4.44.v20210927.jar:/home/alex/.m2/repository/org/eclipse/jetty/jetty-servlets/9.4.44.v20210927/jetty-servlets-9.4.44.v20210927.jar:/home/alex/.m2/repository/org/eclipse/jetty/jetty-continuation/9.4.44.v20210927/jetty-continuation-9.4.44.v20210927.jar:/home/alex/.m2/repository/org/eclipse/jetty/jetty-util/9.4.44.v20210927/jetty-util-9.4.44.v20210927.jar:/home/alex/.m2/repository/org/eclipse/jetty/jetty-webapp/9.4.44.v20210927/jetty-webapp-9.4.44.v20210927.jar:/home/alex/.m2/repository/org/eclipse/jetty/jetty-xml/9.4.44.v20210927/jetty-xml-9.4.44.v20210927.jar:/home/alex/.m2/repository/com/google/guava/guava/27.0.1-jre/guava-27.0.1-jre.jar:/home/alex/.m2/repository/com/google/guava/failureaccess/1.0.1/failureaccess-1.0.1.jar:/home/alex/.m2/repository/com/google/guava/listenablefuture/9999.0-empty-to-avoid-conflict-with-guava/listenablefuture-9999.0-empty-to-avoid-conflict-with-guava.jar:/home/alex/.m2/repository/com/google/code/findbugs/jsr305/3.0.2/jsr305-3.0.2.jar:/home/alex/.m2/repository/org/checkerframework/checker-qual/2.5.2/checker-qual-2.5.2.jar:/home/alex/.m2/repository/com/google/errorprone/error_prone_annotations/2.2.0/error_prone_annotations-2.2.0.jar:/home/alex/.m2/repository/com/google/j2objc/j2objc-annotations/1.1/j2objc-annotations-1.1.jar:/home/alex/.m2/repository/org/codehaus/mojo/animal-sniffer-annotations/1.17/animal-sniffer-annotations-1.17.jar:/home/alex/.m2/repository/com/fasterxml/jackson/core/jackson-core/2.13.1/jackson-core-2.13.1.jar:/home/alex/.m2/repository/com/fasterxml/jackson/core/jackson-annotations/2.13.1/jackson-annotations-2.13.1.jar:/home/alex/.m2/repository/com/fasterxml/jackson/core/jackson-databind/2.13.1/jackson-databind-2.13.1.jar:/home/alex/.m2/repository/org/apache/httpcomponents/httpclient/4.5.13/httpclient-4.5.13.jar:/home/alex/.m2/repository/org/apache/httpcomponents/httpcore/4.4.15/httpcore-4.4.15.jar:/home/alex/.m2/repository/commons-codec/commons-codec/1.15/commons-codec-1.15.jar:/home/alex/.m2/repository/org/xmlunit/xmlunit-legacy/2.8.4/xmlunit-legacy-2.8.4.jar:/home/alex/.m2/repository/org/xmlunit/xmlunit-placeholders/2.8.4/xmlunit-placeholders-2.8.4.jar:/home/alex/.m2/repository/org/ow2/asm/asm/7.0/asm-7.0.jar:/home/alex/.m2/repository/org/slf4j/slf4j-api/1.7.33/slf4j-api-1.7.33.jar:/home/alex/.m2/repository/net/sf/jopt-simple/jopt-simple/5.0.3/jopt-simple-5.0.3.jar:/home/alex/.m2/repository/org/apache/commons/commons-lang3/3.12.0/commons-lang3-3.12.0.jar:/home/alex/.m2/repository/com/github/jknack/handlebars/4.1.2/handlebars-4.1.2.jar:/home/alex/.m2/repository/com/github/jknack/handlebars-helpers/4.1.2/handlebars-helpers-4.1.2.jar:/home/alex/.m2/repository/com/flipkart/zjsonpatch/zjsonpatch/0.4.4/zjsonpatch-0.4.4.jar:/home/alex/.m2/repository/commons-fileupload/commons-fileupload/1.4/commons-fileupload-1.4.jar:/home/alex/.m2/repository/commons-io/commons-io/2.2/commons-io-2.2.jar:/home/alex/.m2/repository/org/eclipse/jetty/http2/http2-server/9.4.44.v20210927/http2-server-9.4.44.v20210927.jar:/home/alex/.m2/repository/org/eclipse/jetty/http2/http2-common/9.4.44.v20210927/http2-common-9.4.44.v20210927.jar:/home/alex/.m2/repository/org/eclipse/jetty/http2/http2-hpack/9.4.44.v20210927/http2-hpack-9.4.44.v20210927.jar:/home/alex/.m2/repository/org/eclipse/jetty/jetty-alpn-server/9.4.44.v20210927/jetty-alpn-server-9.4.44.v20210927.jar:/home/alex/.m2/repository/org/eclipse/jetty/jetty-alpn-conscrypt-server/9.4.44.v20210927/jetty-alpn-conscrypt-server-9.4.44.v20210927.jar:/home/alex/.m2/repository/org/conscrypt/conscrypt-openjdk-uber/2.5.2/conscrypt-openjdk-uber-2.5.2.jar:/home/alex/.m2/repository/org/eclipse/jetty/jetty-alpn-conscrypt-client/9.4.44.v20210927/jetty-alpn-conscrypt-client-9.4.44.v20210927.jar:/home/alex/.m2/repository/org/eclipse/jetty/jetty-alpn-client/9.4.44.v20210927/jetty-alpn-client-9.4.44.v20210927.jar:/home/alex/.m2/repository/net/javacrumbs/json-unit/json-unit-core/2.12.0/json-unit-core-2.12.0.jar:/home/alex/.m2/repository/org/opentest4j/opentest4j/1.1.1/opentest4j-1.1.1.jar:/home/alex/.m2/repository/org/hamcrest/hamcrest-core/2.2/hamcrest-core-2.2.jar:/home/alex/.m2/repository/io/projectreactor/reactor-test/3.4.14/reactor-test-3.4.14.jar:/home/alex/.m2/repository/io/projectreactor/reactor-core/3.4.14/reactor-core-3.4.14.jar:/home/alex/.m2/repository/org/reactivestreams/reactive-streams/1.0.3/reactive-streams-1.0.3.jar:/home/alex/.m2/repository/org/springframework/boot/spring-boot-starter-web/2.6.3/spring-boot-starter-web-2.6.3.jar:/home/alex/.m2/repository/org/springframework/boot/spring-boot-starter-json/2.6.3/spring-boot-starter-json-2.6.3.jar:/home/alex/.m2/repository/com/fasterxml/jackson/datatype/jackson-datatype-jdk8/2.13.1/jackson-datatype-jdk8-2.13.1.jar:/home/alex/.m2/repository/com/fasterxml/jackson/module/jackson-module-parameter-names/2.13.1/jackson-module-parameter-names-2.13.1.jar:/home/alex/.m2/repository/org/springframework/boot/spring-boot-starter-tomcat/2.6.3/spring-boot-starter-tomcat-2.6.3.jar:/home/alex/.m2/repository/org/apache/tomcat/embed/tomcat-embed-core/9.0.56/tomcat-embed-core-9.0.56.jar:/home/alex/.m2/repository/org/apache/tomcat/embed/tomcat-embed-el/9.0.56/tomcat-embed-el-9.0.56.jar:/home/alex/.m2/repository/org/apache/tomcat/embed/tomcat-embed-websocket/9.0.56/tomcat-embed-websocket-9.0.56.jar:/home/alex/.m2/repository/org/springframework/spring-web/5.3.15/spring-web-5.3.15.jar:/home/alex/.m2/repository/org/springframework/spring-beans/5.3.15/spring-beans-5.3.15.jar:/home/alex/.m2/repository/org/springframework/spring-webmvc/5.3.15/spring-webmvc-5.3.15.jar:/home/alex/.m2/repository/org/springframework/spring-aop/5.3.15/spring-aop-5.3.15.jar:/home/alex/.m2/repository/org/springframework/spring-context/5.3.15/spring-context-5.3.15.jar:/home/alex/.m2/repository/org/springframework/spring-expression/5.3.15/spring-expression-5.3.15.jar:/home/alex/.m2/repository/org/junit/vintage/junit-vintage-engine/5.8.2/junit-vintage-engine-5.8.2.jar:/home/alex/.m2/repository/org/junit/platform/junit-platform-engine/1.8.2/junit-platform-engine-1.8.2.jar:/home/alex/.m2/repository/org/junit/platform/junit-platform-commons/1.8.2/junit-platform-commons-1.8.2.jar:/home/alex/.m2/repository/junit/junit/4.13.2/junit-4.13.2.jar:/home/alex/.m2/repository/org/apiguardian/apiguardian-api/1.1.2/apiguardian-api-1.1.2.jar:"/>
    <property name="sun.cpu.endian" value="little"/>
    <property name="user.home" value="/home/alex"/>
    <property name="user.language" value="en"/>
    <property name="java.specification.vendor" value="Oracle Corporation"/>
    <property name="java.home" value="/usr/lib/jvm/java-8-openjdk-amd64/jre"/>
    <property name="basedir" value="/home/alex/Repositories/spring-cloud-kubernetes/spring-cloud-kubernetes-client-loadbalancer"/>
    <property name="file.separator" value="/"/>
    <property name="line.separator" value="&#10;"/>
    <property name="java.vm.specification.vendor" value="Oracle Corporation"/>
    <property name="java.specification.name" value="Java Platform API Specification"/>
    <property name="java.awt.graphicsenv" value="sun.awt.X11GraphicsEnvironment"/>
    <property name="sun.boot.class.path" value="/usr/lib/jvm/java-8-openjdk-amd64/jre/lib/resources.jar:/usr/lib/jvm/java-8-openjdk-amd64/jre/lib/rt.jar:/usr/lib/jvm/java-8-openjdk-amd64/jre/lib/sunrsasign.jar:/usr/lib/jvm/java-8-openjdk-amd64/jre/lib/jsse.jar:/usr/lib/jvm/java-8-openjdk-amd64/jre/lib/jce.jar:/usr/lib/jvm/java-8-openjdk-amd64/jre/lib/charsets.jar:/usr/lib/jvm/java-8-openjdk-amd64/jre/lib/jfr.jar:/usr/lib/jvm/java-8-openjdk-amd64/jre/classes"/>
    <property name="sun.management.compiler" value="HotSpot 64-Bit Tiered Compilers"/>
    <property name="java.runtime.version" value="1.8.0_402-8u402-ga-2ubuntu1~22.04-b06"/>
    <property name="user.name" value="alex"/>
    <property name="path.separator" value=":"/>
    <property name="os.version" value="6.5.0-28-generic"/>
    <property name="java.endorsed.dirs" value="/usr/lib/jvm/java-8-openjdk-amd64/jre/lib/endorsed"/>
    <property name="java.runtime.name" value="OpenJDK Runtime Environment"/>
    <property name="altSnapshotDeploymentRepository" value="repo.spring.io::default::https://repo.spring.io/libs-snapshot-local"/>
    <property name="file.encoding" value="UTF-8"/>
    <property name="java.vm.name" value="OpenJDK 64-Bit Server VM"/>
    <property name="localRepository" value="/home/alex/.m2/repository"/>
    <property name="java.vendor.url.bug" value="http://bugreport.sun.com/bugreport/"/>
    <property name="java.io.tmpdir" value="/tmp"/>
    <property name="java.version" value="1.8.0_402"/>
    <property name="user.dir" value="/home/alex/Repositories/spring-cloud-kubernetes/spring-cloud-kubernetes-client-loadbalancer"/>
    <property name="os.arch" value="amd64"/>
    <property name="java.vm.specification.name" value="Java Virtual Machine Specification"/>
    <property name="java.awt.printerjob" value="sun.print.PSPrinterJob"/>
    <property name="user.language.format" value="pt"/>
    <property name="sun.os.patch.level" value="unknown"/>
    <property name="java.library.path" value="/usr/java/packages/lib/amd64:/usr/lib/x86_64-linux-gnu/jni:/lib/x86_64-linux-gnu:/usr/lib/x86_64-linux-gnu:/usr/lib/jni:/lib:/usr/lib"/>
    <property name="java.vm.info" value="mixed mode"/>
    <property name="java.vendor" value="Private Build"/>
    <property name="java.vm.version" value="25.402-b06"/>
    <property name="java.specification.maintenance.version" value="5"/>
    <property name="java.ext.dirs" value="/usr/lib/jvm/java-8-openjdk-amd64/jre/lib/ext:/usr/java/packages/lib/ext"/>
    <property name="sun.io.unicode.encoding" value="UnicodeLittle"/>
    <property name="java.class.version" value="52.0"/>
  </properties>
  <testcase name="testLoadBalancer" classname="org.springframework.cloud.kubernetes.client.loadbalancer.KubernetesClientLoadBalancerPodModeTests" time="0.114"/>
</testsuite>