<?xml version="1.0" encoding="UTF-8"?>
<testsuite xmlns:xsi="http://www.w3.org/2001/XMLSchema-instance" xsi:noNamespaceSchemaLocation="https://maven.apache.org/surefire/maven-surefire-plugin/xsd/surefire-test-report-3.0.xsd" version="3.0" name="org.apache.nifi.security.util.crypto.AESKeyedCipherProviderGroovyTest" time="0.073" tests="11" errors="0" skipped="0" failures="0">
  <properties>
    <property name="sun.desktop" value="gnome"/>
    <property name="awt.toolkit" value="sun.awt.X11.XToolkit"/>
    <property name="java.specification.version" value="1.8"/>
    <property name="nondexStart" value="0"/>
    <property name="file.encoding.pkg" value="sun.io"/>
    <property name="sun.cpu.isalist" value=""/>
    <property name="sun.jnu.encoding" value="UTF-8"/>
    <property name="java.class.path" value="/home/alex/Repositories/nifi/nifi-commons/nifi-security-utils/target/test-classes:/home/alex/Repositories/nifi/nifi-commons/nifi-security-utils/target/classes:/home/alex/Repositories/nifi/nifi-api/target/classes:/home/alex/Repositories/nifi/nifi-commons/nifi-utils/target/classes:/home/alex/Repositories/nifi/nifi-commons/nifi-security-utils-api/target/classes:/home/alex/Repositories/nifi/nifi-commons/nifi-security-kms/target/classes:/home/alex/.m2/repository/org/apache/commons/commons-lang3/3.12.0/commons-lang3-3.12.0.jar:/home/alex/.m2/repository/commons-codec/commons-codec/1.14/commons-codec-1.14.jar:/home/alex/.m2/repository/org/bouncycastle/bcprov-jdk15on/1.69/bcprov-jdk15on-1.69.jar:/home/alex/.m2/repository/org/bouncycastle/bcpkix-jdk15on/1.69/bcpkix-jdk15on-1.69.jar:/home/alex/.m2/repository/org/bouncycastle/bcutil-jdk15on/1.69/bcutil-jdk15on-1.69.jar:/home/alex/Repositories/nifi/nifi-commons/nifi-properties/target/classes:/home/alex/Repositories/nifi/nifi-commons/nifi-property-utils/target/classes:/home/alex/.m2/repository/at/favre/lib/bcrypt/0.9.0/bcrypt-0.9.0.jar:/home/alex/.m2/repository/at/favre/lib/bytes/1.3.0/bytes-1.3.0.jar:/home/alex/.m2/repository/org/apache/commons/commons-configuration2/2.7/commons-configuration2-2.7.jar:/home/alex/.m2/repository/org/apache/commons/commons-text/1.8/commons-text-1.8.jar:/home/alex/.m2/repository/org/slf4j/jcl-over-slf4j/1.7.32/jcl-over-slf4j-1.7.32.jar:/home/alex/.m2/repository/org/slf4j/slf4j-api/1.7.32/slf4j-api-1.7.32.jar:/home/alex/.m2/repository/org/junit/jupiter/junit-jupiter-api/5.7.2/junit-jupiter-api-5.7.2.jar:/home/alex/.m2/repository/org/apiguardian/apiguardian-api/1.1.0/apiguardian-api-1.1.0.jar:/home/alex/.m2/repository/org/opentest4j/opentest4j/1.2.0/opentest4j-1.2.0.jar:/home/alex/.m2/repository/org/junit/platform/junit-platform-commons/1.7.2/junit-platform-commons-1.7.2.jar:/home/alex/.m2/repository/org/junit/jupiter/junit-jupiter-engine/5.7.2/junit-jupiter-engine-5.7.2.jar:/home/alex/.m2/repository/org/junit/platform/junit-platform-engine/1.7.2/junit-platform-engine-1.7.2.jar:/home/alex/.m2/repository/org/junit/vintage/junit-vintage-engine/5.7.2/junit-vintage-engine-5.7.2.jar:/home/alex/.m2/repository/junit/junit/4.13.2/junit-4.13.2.jar:/home/alex/.m2/repository/org/hamcrest/hamcrest-core/1.3/hamcrest-core-1.3.jar:/home/alex/.m2/repository/org/junit/jupiter/junit-jupiter-params/5.7.2/junit-jupiter-params-5.7.2.jar:/home/alex/.m2/repository/org/mockito/mockito-core/3.11.2/mockito-core-3.11.2.jar:/home/alex/.m2/repository/net/bytebuddy/byte-buddy/1.11.3/byte-buddy-1.11.3.jar:/home/alex/.m2/repository/net/bytebuddy/byte-buddy-agent/1.11.3/byte-buddy-agent-1.11.3.jar:/home/alex/.m2/repository/org/objenesis/objenesis/3.2/objenesis-3.2.jar:/home/alex/.m2/repository/org/mockito/mockito-junit-jupiter/3.11.2/mockito-junit-jupiter-3.11.2.jar:/home/alex/.m2/repository/org/slf4j/slf4j-simple/1.7.32/slf4j-simple-1.7.32.jar:/home/alex/.m2/repository/org/codehaus/groovy/groovy-test/2.5.14/groovy-test-2.5.14.jar:/home/alex/.m2/repository/org/codehaus/groovy/groovy/2.5.14/groovy-2.5.14.jar:"/>
    <property name="java.vm.vendor" value="Private Build"/>
    <property name="nondexPrintstack" value="false"/>
    <property name="sun.arch.data.model" value="64"/>
    <property name="java.vendor.url" value="http://java.oracle.com/"/>
    <property name="user.timezone" value=""/>
    <property name="os.name" value="Linux"/>
    <property name="java.vm.specification.version" value="1.8"/>
    <property name="sun.java.launcher" value="SUN_STANDARD"/>
    <property name="user.country" value="US"/>
    <property name="sun.boot.library.path" value="/usr/lib/jvm/java-8-openjdk-amd64/jre/lib/amd64"/>
    <property name="sun.java.command" value="/home/alex/Repositories/nifi/nifi-commons/nifi-security-utils/target/surefire/surefirebooter7579396203104784523.jar /home/alex/Repositories/nifi/nifi-commons/nifi-security-utils/target/surefire 2024-04-23T18-28-02_696-jvmRun1 surefire5925963840165176462tmp surefire_267588126220771147898tmp"/>
    <property name="nondexLogging" value="CONFIG"/>
    <property name="surefire.test.class.path" value="/home/alex/Repositories/nifi/nifi-commons/nifi-security-utils/target/test-classes:/home/alex/Repositories/nifi/nifi-commons/nifi-security-utils/target/classes:/home/alex/Repositories/nifi/nifi-api/target/classes:/home/alex/Repositories/nifi/nifi-commons/nifi-utils/target/classes:/home/alex/Repositories/nifi/nifi-commons/nifi-security-utils-api/target/classes:/home/alex/Repositories/nifi/nifi-commons/nifi-security-kms/target/classes:/home/alex/.m2/repository/org/apache/commons/commons-lang3/3.12.0/commons-lang3-3.12.0.jar:/home/alex/.m2/repository/commons-codec/commons-codec/1.14/commons-codec-1.14.jar:/home/alex/.m2/repository/org/bouncycastle/bcprov-jdk15on/1.69/bcprov-jdk15on-1.69.jar:/home/alex/.m2/repository/org/bouncycastle/bcpkix-jdk15on/1.69/bcpkix-jdk15on-1.69.jar:/home/alex/.m2/repository/org/bouncycastle/bcutil-jdk15on/1.69/bcutil-jdk15on-1.69.jar:/home/alex/Repositories/nifi/nifi-commons/nifi-properties/target/classes:/home/alex/Repositories/nifi/nifi-commons/nifi-property-utils/target/classes:/home/alex/.m2/repository/at/favre/lib/bcrypt/0.9.0/bcrypt-0.9.0.jar:/home/alex/.m2/repository/at/favre/lib/bytes/1.3.0/bytes-1.3.0.jar:/home/alex/.m2/repository/org/apache/commons/commons-configuration2/2.7/commons-configuration2-2.7.jar:/home/alex/.m2/repository/org/apache/commons/commons-text/1.8/commons-text-1.8.jar:/home/alex/.m2/repository/org/slf4j/jcl-over-slf4j/1.7.32/jcl-over-slf4j-1.7.32.jar:/home/alex/.m2/repository/org/slf4j/slf4j-api/1.7.32/slf4j-api-1.7.32.jar:/home/alex/.m2/repository/org/junit/jupiter/junit-jupiter-api/5.7.2/junit-jupiter-api-5.7.2.jar:/home/alex/.m2/repository/org/apiguardian/apiguardian-api/1.1.0/apiguardian-api-1.1.0.jar:/home/alex/.m2/repository/org/opentest4j/opentest4j/1.2.0/opentest4j-1.2.0.jar:/home/alex/.m2/repository/org/junit/platform/junit-platform-commons/1.7.2/junit-platform-commons-1.7.2.jar:/home/alex/.m2/repository/org/junit/jupiter/junit-jupiter-engine/5.7.2/junit-jupiter-engine-5.7.2.jar:/home/alex/.m2/repository/org/junit/platform/junit-platform-engine/1.7.2/junit-platform-engine-1.7.2.jar:/home/alex/.m2/repository/org/junit/vintage/junit-vintage-engine/5.7.2/junit-vintage-engine-5.7.2.jar:/home/alex/.m2/repository/junit/junit/4.13.2/junit-4.13.2.jar:/home/alex/.m2/repository/org/hamcrest/hamcrest-core/1.3/hamcrest-core-1.3.jar:/home/alex/.m2/repository/org/junit/jupiter/junit-jupiter-params/5.7.2/junit-jupiter-params-5.7.2.jar:/home/alex/.m2/repository/org/mockito/mockito-core/3.11.2/mockito-core-3.11.2.jar:/home/alex/.m2/repository/net/bytebuddy/byte-buddy/1.11.3/byte-buddy-1.11.3.jar:/home/alex/.m2/repository/net/bytebuddy/byte-buddy-agent/1.11.3/byte-buddy-agent-1.11.3.jar:/home/alex/.m2/repository/org/objenesis/objenesis/3.2/objenesis-3.2.jar:/home/alex/.m2/repository/org/mockito/mockito-junit-jupiter/3.11.2/mockito-junit-jupiter-3.11.2.jar:/home/alex/.m2/repository/org/slf4j/slf4j-simple/1.7.32/slf4j-simple-1.7.32.jar:/home/alex/.m2/repository/org/codehaus/groovy/groovy-test/2.5.14/groovy-test-2.5.14.jar:/home/alex/.m2/repository/org/codehaus/groovy/groovy/2.5.14/groovy-2.5.14.jar:"/>
    <property name="nondexExecid" value="vXT09CktV88u7n2XJrF2diYkzLvB0i7IGVDn2M6NiY="/>
    <property name="sun.cpu.endian" value="little"/>
    <property name="user.home" value="/home/alex"/>
    <property name="user.language" value="en"/>
    <property name="java.specification.vendor" value="Oracle Corporation"/>
    <property name="java.home" value="/usr/lib/jvm/java-8-openjdk-amd64/jre"/>
    <property name="file.separator" value="/"/>
    <property name="basedir" value="/home/alex/Repositories/nifi/nifi-commons/nifi-security-utils"/>
    <property name="nondexEnd" value="9223372036854775807"/>
    <property name="line.separator" value="&#10;"/>
    <property name="java.vm.specification.vendor" value="Oracle Corporation"/>
    <property name="java.specification.name" value="Java Platform API Specification"/>
    <property name="java.awt.graphicsenv" value="sun.awt.X11GraphicsEnvironment"/>
    <property name="java.awt.headless" value="true"/>
    <property name="nondexFilter" value=".*"/>
    <property name="nondexSeed" value="974622"/>
    <property name="surefire.real.class.path" value="/home/alex/Repositories/nifi/nifi-commons/nifi-security-utils/target/surefire/surefirebooter7579396203104784523.jar"/>
    <property name="sun.boot.class.path" value="/home/alex/Repositories/nifi/nifi-commons/nifi-security-utils/.nondex/nondex-instr.jar:/home/alex/.m2/repository/edu/illinois/nondex-common/2.1.7/nondex-common-2.1.7.jar:/home/alex/.m2/repository/edu/illinois/nondex-annotations/2.1.7/nondex-annotations-2.1.7.jar:/usr/lib/jvm/java-8-openjdk-amd64/jre/lib/resources.jar:/usr/lib/jvm/java-8-openjdk-amd64/jre/lib/rt.jar:/usr/lib/jvm/java-8-openjdk-amd64/jre/lib/sunrsasign.jar:/usr/lib/jvm/java-8-openjdk-amd64/jre/lib/jsse.jar:/usr/lib/jvm/java-8-openjdk-amd64/jre/lib/jce.jar:/usr/lib/jvm/java-8-openjdk-amd64/jre/lib/charsets.jar:/usr/lib/jvm/java-8-openjdk-amd64/jre/lib/jfr.jar:/usr/lib/jvm/java-8-openjdk-amd64/jre/classes"/>
    <property name="sun.management.compiler" value="HotSpot 64-Bit Tiered Compilers"/>
    <property name="java.runtime.version" value="1.8.0_402-8u402-ga-2ubuntu1~22.04-b06"/>
    <property name="user.name" value="alex"/>
    <property name="java.net.preferIPv4Stack" value="true"/>
    <property name="path.separator" value=":"/>
    <property name="os.version" value="6.5.0-28-generic"/>
    <property name="java.endorsed.dirs" value="/usr/lib/jvm/java-8-openjdk-amd64/jre/lib/endorsed"/>
    <property name="java.runtime.name" value="OpenJDK Runtime Environment"/>
    <property name="file.encoding" value="UTF-8"/>
    <property name="java.vm.name" value="OpenJDK 64-Bit Server VM"/>
    <property name="localRepository" value="/home/alex/.m2/repository"/>
    <property name="nondexDir" value="/home/alex/Repositories/nifi/nifi-commons/nifi-security-utils/.nondex"/>
    <property name="java.vendor.url.bug" value="http://bugreport.sun.com/bugreport/"/>
    <property name="nondexJarDir" value="/home/alex/Repositories/nifi/nifi-commons/nifi-security-utils/.nondex"/>
    <property name="java.io.tmpdir" value="/tmp"/>
    <property name="java.version" value="1.8.0_402"/>
    <property name="user.dir" value="/home/alex/Repositories/nifi/nifi-commons/nifi-security-utils"/>
    <property name="os.arch" value="amd64"/>
    <property name="nondexMode" value="FULL"/>
    <property name="java.vm.specification.name" value="Java Virtual Machine Specification"/>
    <property name="java.awt.printerjob" value="sun.print.PSPrinterJob"/>
    <property name="sun.os.patch.level" value="unknown"/>
    <property name="java.library.path" value="/usr/java/packages/lib/amd64:/usr/lib/x86_64-linux-gnu/jni:/lib/x86_64-linux-gnu:/usr/lib/x86_64-linux-gnu:/usr/lib/jni:/lib:/usr/lib"/>
    <property name="java.vendor" value="Private Build"/>
    <property name="java.vm.info" value="mixed mode"/>
    <property name="java.vm.version" value="25.402-b06"/>
    <property name="java.specification.maintenance.version" value="5"/>
    <property name="java.ext.dirs" value="/usr/lib/jvm/java-8-openjdk-amd64/jre/lib/ext:/usr/java/packages/lib/ext"/>
    <property name="sun.io.unicode.encoding" value="UnicodeLittle"/>
    <property name="java.class.version" value="52.0"/>
  </properties>
  <testcase name="testGetCipherForDecryptShouldRequireIV" classname="org.apache.nifi.security.util.crypto.AESKeyedCipherProviderGroovyTest" time="0.008">
    <system-err><![CDATA[[main] INFO org.apache.nifi.security.util.crypto.AESKeyedCipherProviderGroovyTest - Using algorithm: AES/CBC/NoPadding
[main] INFO org.apache.nifi.security.util.crypto.AESKeyedCipherProviderGroovyTest - IV: 5ccab0731d4a10c047a4c0e87204933f
[main] INFO org.apache.nifi.security.util.crypto.AESKeyedCipherProviderGroovyTest - Cipher text: 3f32408cc2b010109e519ea035440f5b036f2cf664d3bd48034111b79da393a2 32
[main] WARN org.apache.nifi.security.util.crypto.AESKeyedCipherProvider - An IV was provided of length 0 bytes for decryption but should be 16 bytes
[main] INFO org.apache.nifi.security.util.crypto.AESKeyedCipherProviderGroovyTest - Using algorithm: AES/CBC/PKCS7Padding
[main] INFO org.apache.nifi.security.util.crypto.AESKeyedCipherProviderGroovyTest - IV: 6bc72f5c7fd73ca064d7aa5dec8c99c1
[main] INFO org.apache.nifi.security.util.crypto.AESKeyedCipherProviderGroovyTest - Cipher text: 14a421b3354112f00d63014443ecb327e9aaf07da6fb0d4555dd3289c1a6906d70b83cd5a67b3f3b9df7256c079cda0b 48
[main] WARN org.apache.nifi.security.util.crypto.AESKeyedCipherProvider - An IV was provided of length 0 bytes for decryption but should be 16 bytes
[main] INFO org.apache.nifi.security.util.crypto.AESKeyedCipherProviderGroovyTest - Using algorithm: AES/CTR/NoPadding
[main] INFO org.apache.nifi.security.util.crypto.AESKeyedCipherProviderGroovyTest - IV: 4388742a3e027def99ffb489f1045e7d
[main] INFO org.apache.nifi.security.util.crypto.AESKeyedCipherProviderGroovyTest - Cipher text: b61038354a90b58908ca4fdf15f5d40d6d5dbc673f63550c7f68c40d917e31a3 32
[main] WARN org.apache.nifi.security.util.crypto.AESKeyedCipherProvider - An IV was provided of length 0 bytes for decryption but should be 16 bytes
[main] INFO org.apache.nifi.security.util.crypto.AESKeyedCipherProviderGroovyTest - Using algorithm: AES/GCM/NoPadding
[main] INFO org.apache.nifi.security.util.crypto.AESKeyedCipherProviderGroovyTest - IV: 919a9fb252b0502c530e1569b64492a7
[main] INFO org.apache.nifi.security.util.crypto.AESKeyedCipherProviderGroovyTest - Cipher text: 8807bc5f3e6834524807879671e6fa1c47774343e192f80de1e329e347252e4c8e289db2e01afd3d97c75e8828bf430f 48
[main] WARN org.apache.nifi.security.util.crypto.AESKeyedCipherProvider - An IV was provided of length 0 bytes for decryption but should be 16 bytes
]]></system-err>
  </testcase>
  <testcase name="testGetCipherShouldSupportExternalCompatibility" classname="org.apache.nifi.security.util.crypto.AESKeyedCipherProviderGroovyTest" time="0.002">
    <system-err><![CDATA[[main] INFO org.apache.nifi.security.util.crypto.AESKeyedCipherProviderGroovyTest - Using algorithm: AES/CBC/PKCS7Padding
[main] INFO org.apache.nifi.security.util.crypto.AESKeyedCipherProviderGroovyTest - Cipher text: a2725ea55c7dd717664d044cab0f0b5f763653e322c27df21954f5be394efb1b 32
[main] INFO org.apache.nifi.security.util.crypto.AESKeyedCipherProviderGroovyTest - Recovered: This is a plaintext message.
]]></system-err>
  </testcase>
  <testcase name="testGetCipherWithUnlimitedStrengthShouldBeInternallyConsistent" classname="org.apache.nifi.security.util.crypto.AESKeyedCipherProviderGroovyTest" time="0.009">
    <system-err><![CDATA[[main] INFO org.apache.nifi.security.util.crypto.AESKeyedCipherProviderGroovyTest - IV: 773158e68552957521c51dd25cb89520
[main] INFO org.apache.nifi.security.util.crypto.AESKeyedCipherProviderGroovyTest - Using algorithm: AES/CBC/NoPadding with key length 192
[main] INFO org.apache.nifi.security.util.crypto.AESKeyedCipherProviderGroovyTest - Key: c3af1b384fb65d314e6e4272ae1f0977f7a3f4f2817410c4 24
[main] INFO org.apache.nifi.security.util.crypto.AESKeyedCipherProviderGroovyTest - Cipher text: fdd39eb107482d605458c3707ea7e0be2d69379d8709e86e4c3379957057a1d6 32
[main] INFO org.apache.nifi.security.util.crypto.AESKeyedCipherProviderGroovyTest - Recovered: ExactBlockSizeRequiredForProcess
[main] INFO org.apache.nifi.security.util.crypto.AESKeyedCipherProviderGroovyTest - Using algorithm: AES/CBC/NoPadding with key length 256
[main] INFO org.apache.nifi.security.util.crypto.AESKeyedCipherProviderGroovyTest - Key: b8c282b67ac9b6e557401ab2f071b52023404ba79ab8cfe75e94efb9f8f32ab1 32
[main] INFO org.apache.nifi.security.util.crypto.AESKeyedCipherProviderGroovyTest - Cipher text: 01f88b7fdfa3537b9b6d61b19b3efd64fe27e7e60a4c69890ff2293a191269b3 32
[main] INFO org.apache.nifi.security.util.crypto.AESKeyedCipherProviderGroovyTest - Recovered: ExactBlockSizeRequiredForProcess
[main] INFO org.apache.nifi.security.util.crypto.AESKeyedCipherProviderGroovyTest - IV: 7a551f26c46d8978e93bfb74502600ad
[main] INFO org.apache.nifi.security.util.crypto.AESKeyedCipherProviderGroovyTest - Using algorithm: AES/CBC/PKCS7Padding with key length 192
[main] INFO org.apache.nifi.security.util.crypto.AESKeyedCipherProviderGroovyTest - Key: 1edacc73436252d5833f15fd32b221678d654db3c86ca030 24
[main] INFO org.apache.nifi.security.util.crypto.AESKeyedCipherProviderGroovyTest - Cipher text: 52216538d64c5792170c1abfed6790ef7c013711d01a3875226a8106a91d71b6672ba2030915a18a4e4359482a3bf299 48
[main] INFO org.apache.nifi.security.util.crypto.AESKeyedCipherProviderGroovyTest - Recovered: ExactBlockSizeRequiredForProcess
[main] INFO org.apache.nifi.security.util.crypto.AESKeyedCipherProviderGroovyTest - Using algorithm: AES/CBC/PKCS7Padding with key length 256
[main] INFO org.apache.nifi.security.util.crypto.AESKeyedCipherProviderGroovyTest - Key: 0a15ec46a78fa5bb6eb70ecffeb069632bed793131429efe56434227af240d8a 32
[main] INFO org.apache.nifi.security.util.crypto.AESKeyedCipherProviderGroovyTest - Cipher text: 53196fdd996f76c1a8a2558fdb71c9f3a0d9c3a18fda77d76eb4adac10bb2b3d7ef6d34182ef56e4dd84486227738938 48
[main] INFO org.apache.nifi.security.util.crypto.AESKeyedCipherProviderGroovyTest - Recovered: ExactBlockSizeRequiredForProcess
[main] INFO org.apache.nifi.security.util.crypto.AESKeyedCipherProviderGroovyTest - IV: c7cd15b247d3be9e8073c0d7865dc527
[main] INFO org.apache.nifi.security.util.crypto.AESKeyedCipherProviderGroovyTest - Using algorithm: AES/CTR/NoPadding with key length 192
[main] INFO org.apache.nifi.security.util.crypto.AESKeyedCipherProviderGroovyTest - Key: 6867771ed43a485949452956cbcd2c51e02973bcdf8631b3 24
[main] INFO org.apache.nifi.security.util.crypto.AESKeyedCipherProviderGroovyTest - Cipher text: a1f2507d8ece750a62e2497ef6b76dcebb15f9d2d547dfb9247db8a80ae28084 32
[main] INFO org.apache.nifi.security.util.crypto.AESKeyedCipherProviderGroovyTest - Recovered: ExactBlockSizeRequiredForProcess
[main] INFO org.apache.nifi.security.util.crypto.AESKeyedCipherProviderGroovyTest - Using algorithm: AES/CTR/NoPadding with key length 256
[main] INFO org.apache.nifi.security.util.crypto.AESKeyedCipherProviderGroovyTest - Key: a70181d4b25282db28e0e97af25f1199fb46ff5df07faa9eefdea9045cbb192a 32
[main] INFO org.apache.nifi.security.util.crypto.AESKeyedCipherProviderGroovyTest - Cipher text: ba64111ada3fc008303047cd85e31e016d185f536dffefe2b38a1c05ab86c83d 32
[main] INFO org.apache.nifi.security.util.crypto.AESKeyedCipherProviderGroovyTest - Recovered: ExactBlockSizeRequiredForProcess
[main] INFO org.apache.nifi.security.util.crypto.AESKeyedCipherProviderGroovyTest - IV: 2a4bf42c41c07a188b24e6393fea3f17
[main] INFO org.apache.nifi.security.util.crypto.AESKeyedCipherProviderGroovyTest - Using algorithm: AES/GCM/NoPadding with key length 192
[main] INFO org.apache.nifi.security.util.crypto.AESKeyedCipherProviderGroovyTest - Key: 1dcd3b42eea343d5ba3b235cf94fd0937a28551a1c92018c 24
[main] INFO org.apache.nifi.security.util.crypto.AESKeyedCipherProviderGroovyTest - Cipher text: e2b3513805a32082916c99923ae493cc7ed4ef5d82914679c1e3bdd2540a5e9d111b6032ea74751bc2365bb3c9784001 48
[main] INFO org.apache.nifi.security.util.crypto.AESKeyedCipherProviderGroovyTest - Recovered: ExactBlockSizeRequiredForProcess
[main] INFO org.apache.nifi.security.util.crypto.AESKeyedCipherProviderGroovyTest - Using algorithm: AES/GCM/NoPadding with key length 256
[main] INFO org.apache.nifi.security.util.crypto.AESKeyedCipherProviderGroovyTest - Key: 04f946123bf977348b0124ab2d22a630ac48f8bd4e8337dd27f0edac21731f1c 32
[main] INFO org.apache.nifi.security.util.crypto.AESKeyedCipherProviderGroovyTest - Cipher text: db1f90e1bb35a1e222679219465cd29fd25e1e3699c452e36bff0d6ea1a89610869493fda4c40bfbf9cb4d39964ac5de 48
[main] INFO org.apache.nifi.security.util.crypto.AESKeyedCipherProviderGroovyTest - Recovered: ExactBlockSizeRequiredForProcess
]]></system-err>
  </testcase>
  <testcase name="testGetCipherShouldBeInternallyConsistent" classname="org.apache.nifi.security.util.crypto.AESKeyedCipherProviderGroovyTest" time="0.002">
    <system-err><![CDATA[[main] INFO org.apache.nifi.security.util.crypto.AESKeyedCipherProviderGroovyTest - Using algorithm: AES/CBC/NoPadding
[main] WARN org.apache.nifi.security.util.crypto.AESKeyedCipherProvider - An IV was provided of length 0 bytes for encryption but should be 16 bytes
[main] WARN org.apache.nifi.security.util.crypto.AESKeyedCipherProvider - Generating new IV. The value can be obtained in the calling code by invoking 'cipher.getIV()';
[main] INFO org.apache.nifi.security.util.crypto.AESKeyedCipherProviderGroovyTest - IV: 0607e3a71ffb129f4fb7f465d470179f
[main] INFO org.apache.nifi.security.util.crypto.AESKeyedCipherProviderGroovyTest - Cipher text: 2a9c24cdcb57a086ac90dcd44748d195acc4f905c743a16a530031ec350ec678 32
[main] INFO org.apache.nifi.security.util.crypto.AESKeyedCipherProviderGroovyTest - Recovered: ExactBlockSizeRequiredForProcess
[main] INFO org.apache.nifi.security.util.crypto.AESKeyedCipherProviderGroovyTest - Using algorithm: AES/CBC/PKCS7Padding
[main] WARN org.apache.nifi.security.util.crypto.AESKeyedCipherProvider - An IV was provided of length 0 bytes for encryption but should be 16 bytes
[main] WARN org.apache.nifi.security.util.crypto.AESKeyedCipherProvider - Generating new IV. The value can be obtained in the calling code by invoking 'cipher.getIV()';
[main] INFO org.apache.nifi.security.util.crypto.AESKeyedCipherProviderGroovyTest - IV: bc7a45f8fe684585e82f75aeb5dd8582
[main] INFO org.apache.nifi.security.util.crypto.AESKeyedCipherProviderGroovyTest - Cipher text: 34ea78c595c9725ad0bdcaf30bafd8f361b6daa167cb0584204216e3e65a7603f897d0871ab0457e0c8dba6342224881 48
[main] INFO org.apache.nifi.security.util.crypto.AESKeyedCipherProviderGroovyTest - Recovered: ExactBlockSizeRequiredForProcess
[main] INFO org.apache.nifi.security.util.crypto.AESKeyedCipherProviderGroovyTest - Using algorithm: AES/CTR/NoPadding
[main] WARN org.apache.nifi.security.util.crypto.AESKeyedCipherProvider - An IV was provided of length 0 bytes for encryption but should be 16 bytes
[main] WARN org.apache.nifi.security.util.crypto.AESKeyedCipherProvider - Generating new IV. The value can be obtained in the calling code by invoking 'cipher.getIV()';
[main] INFO org.apache.nifi.security.util.crypto.AESKeyedCipherProviderGroovyTest - IV: 2235667dc4c363661fdabe82ac387641
[main] INFO org.apache.nifi.security.util.crypto.AESKeyedCipherProviderGroovyTest - Cipher text: e1bd22837a2303a600cc4659c196113de99e704f801f51fbc4426a8dafabf361 32
[main] INFO org.apache.nifi.security.util.crypto.AESKeyedCipherProviderGroovyTest - Recovered: ExactBlockSizeRequiredForProcess
[main] INFO org.apache.nifi.security.util.crypto.AESKeyedCipherProviderGroovyTest - Using algorithm: AES/GCM/NoPadding
[main] WARN org.apache.nifi.security.util.crypto.AESKeyedCipherProvider - An IV was provided of length 0 bytes for encryption but should be 16 bytes
[main] WARN org.apache.nifi.security.util.crypto.AESKeyedCipherProvider - Generating new IV. The value can be obtained in the calling code by invoking 'cipher.getIV()';
[main] INFO org.apache.nifi.security.util.crypto.AESKeyedCipherProviderGroovyTest - IV: 068e9bc36eec86fa710ec96d20ff3af4
[main] INFO org.apache.nifi.security.util.crypto.AESKeyedCipherProviderGroovyTest - Cipher text: f8a97e648c3e82a572ebabf88f4ac365cc02df2a395836ce88161fadd8d181eb43b45679e2422777522894d429084f35 48
[main] INFO org.apache.nifi.security.util.crypto.AESKeyedCipherProviderGroovyTest - Recovered: ExactBlockSizeRequiredForProcess
]]></system-err>
  </testcase>
  <testcase name="testShouldRejectIncorrectLengthKey" classname="org.apache.nifi.security.util.crypto.AESKeyedCipherProviderGroovyTest" time="0.003"/>
  <testcase name="testShouldRejectEmptyKey" classname="org.apache.nifi.security.util.crypto.AESKeyedCipherProviderGroovyTest" time="0.002"/>
  <testcase name="testGetCipherShouldRejectEmptyIV" classname="org.apache.nifi.security.util.crypto.AESKeyedCipherProviderGroovyTest" time="0.004">
    <system-err><![CDATA[[main] INFO org.apache.nifi.security.util.crypto.AESKeyedCipherProviderGroovyTest - IV: 00000000000000000000000000000000 16
[main] WARN org.apache.nifi.security.util.crypto.AESKeyedCipherProvider - An empty IV was provided of length 16 for encryption
[main] WARN org.apache.nifi.security.util.crypto.AESKeyedCipherProvider - Generating new IV. The value can be obtained in the calling code by invoking 'cipher.getIV()';
[main] INFO org.apache.nifi.security.util.crypto.AESKeyedCipherProviderGroovyTest - IV after encrypt: 27c1cd05cdbbd952f7c6192e5c3c1dc7
[main] WARN org.apache.nifi.security.util.crypto.AESKeyedCipherProvider - An empty IV was provided of length 16 for decryption
[main] INFO org.apache.nifi.security.util.crypto.AESKeyedCipherProviderGroovyTest - [EXPECTED] java.lang.IllegalArgumentException: Cannot decrypt without a valid IV
]]></system-err>
  </testcase>
  <testcase name="testGetCipherShouldRejectInvalidIVLengths" classname="org.apache.nifi.security.util.crypto.AESKeyedCipherProviderGroovyTest" time="0.01">
    <system-err><![CDATA[[main] INFO org.apache.nifi.security.util.crypto.AESKeyedCipherProviderGroovyTest - IV:  0
[main] WARN org.apache.nifi.security.util.crypto.AESKeyedCipherProvider - An IV was provided of length 0 bytes for encryption but should be 16 bytes
[main] WARN org.apache.nifi.security.util.crypto.AESKeyedCipherProvider - Generating new IV. The value can be obtained in the calling code by invoking 'cipher.getIV()';
[main] WARN org.apache.nifi.security.util.crypto.AESKeyedCipherProvider - An IV was provided of length 0 bytes for decryption but should be 16 bytes
[main] INFO org.apache.nifi.security.util.crypto.AESKeyedCipherProviderGroovyTest - [EXPECTED] java.lang.IllegalArgumentException: Cannot decrypt without a valid IV
[main] INFO org.apache.nifi.security.util.crypto.AESKeyedCipherProviderGroovyTest - IV: 00 1
[main] WARN org.apache.nifi.security.util.crypto.AESKeyedCipherProvider - An IV was provided of length 1 bytes for encryption but should be 16 bytes
[main] WARN org.apache.nifi.security.util.crypto.AESKeyedCipherProvider - Generating new IV. The value can be obtained in the calling code by invoking 'cipher.getIV()';
[main] WARN org.apache.nifi.security.util.crypto.AESKeyedCipherProvider - An IV was provided of length 1 bytes for decryption but should be 16 bytes
[main] INFO org.apache.nifi.security.util.crypto.AESKeyedCipherProviderGroovyTest - [EXPECTED] java.lang.IllegalArgumentException: Cannot decrypt without a valid IV
[main] INFO org.apache.nifi.security.util.crypto.AESKeyedCipherProviderGroovyTest - IV: 0000 2
[main] WARN org.apache.nifi.security.util.crypto.AESKeyedCipherProvider - An IV was provided of length 2 bytes for encryption but should be 16 bytes
[main] WARN org.apache.nifi.security.util.crypto.AESKeyedCipherProvider - Generating new IV. The value can be obtained in the calling code by invoking 'cipher.getIV()';
[main] WARN org.apache.nifi.security.util.crypto.AESKeyedCipherProvider - An IV was provided of length 2 bytes for decryption but should be 16 bytes
[main] INFO org.apache.nifi.security.util.crypto.AESKeyedCipherProviderGroovyTest - [EXPECTED] java.lang.IllegalArgumentException: Cannot decrypt without a valid IV
[main] INFO org.apache.nifi.security.util.crypto.AESKeyedCipherProviderGroovyTest - IV: 000000 3
[main] WARN org.apache.nifi.security.util.crypto.AESKeyedCipherProvider - An IV was provided of length 3 bytes for encryption but should be 16 bytes
[main] WARN org.apache.nifi.security.util.crypto.AESKeyedCipherProvider - Generating new IV. The value can be obtained in the calling code by invoking 'cipher.getIV()';
[main] WARN org.apache.nifi.security.util.crypto.AESKeyedCipherProvider - An IV was provided of length 3 bytes for decryption but should be 16 bytes
[main] INFO org.apache.nifi.security.util.crypto.AESKeyedCipherProviderGroovyTest - [EXPECTED] java.lang.IllegalArgumentException: Cannot decrypt without a valid IV
[main] INFO org.apache.nifi.security.util.crypto.AESKeyedCipherProviderGroovyTest - IV: 00000000 4
[main] WARN org.apache.nifi.security.util.crypto.AESKeyedCipherProvider - An IV was provided of length 4 bytes for encryption but should be 16 bytes
[main] WARN org.apache.nifi.security.util.crypto.AESKeyedCipherProvider - Generating new IV. The value can be obtained in the calling code by invoking 'cipher.getIV()';
[main] WARN org.apache.nifi.security.util.crypto.AESKeyedCipherProvider - An IV was provided of length 4 bytes for decryption but should be 16 bytes
[main] INFO org.apache.nifi.security.util.crypto.AESKeyedCipherProviderGroovyTest - [EXPECTED] java.lang.IllegalArgumentException: Cannot decrypt without a valid IV
[main] INFO org.apache.nifi.security.util.crypto.AESKeyedCipherProviderGroovyTest - IV: 0000000000 5
[main] WARN org.apache.nifi.security.util.crypto.AESKeyedCipherProvider - An IV was provided of length 5 bytes for encryption but should be 16 bytes
[main] WARN org.apache.nifi.security.util.crypto.AESKeyedCipherProvider - Generating new IV. The value can be obtained in the calling code by invoking 'cipher.getIV()';
[main] WARN org.apache.nifi.security.util.crypto.AESKeyedCipherProvider - An IV was provided of length 5 bytes for decryption but should be 16 bytes
[main] INFO org.apache.nifi.security.util.crypto.AESKeyedCipherProviderGroovyTest - [EXPECTED] java.lang.IllegalArgumentException: Cannot decrypt without a valid IV
[main] INFO org.apache.nifi.security.util.crypto.AESKeyedCipherProviderGroovyTest - IV: 000000000000 6
[main] WARN org.apache.nifi.security.util.crypto.AESKeyedCipherProvider - An IV was provided of length 6 bytes for encryption but should be 16 bytes
[main] WARN org.apache.nifi.security.util.crypto.AESKeyedCipherProvider - Generating new IV. The value can be obtained in the calling code by invoking 'cipher.getIV()';
[main] WARN org.apache.nifi.security.util.crypto.AESKeyedCipherProvider - An IV was provided of length 6 bytes for decryption but should be 16 bytes
[main] INFO org.apache.nifi.security.util.crypto.AESKeyedCipherProviderGroovyTest - [EXPECTED] java.lang.IllegalArgumentException: Cannot decrypt without a valid IV
[main] INFO org.apache.nifi.security.util.crypto.AESKeyedCipherProviderGroovyTest - IV: 00000000000000 7
[main] WARN org.apache.nifi.security.util.crypto.AESKeyedCipherProvider - An IV was provided of length 7 bytes for encryption but should be 16 bytes
[main] WARN org.apache.nifi.security.util.crypto.AESKeyedCipherProvider - Generating new IV. The value can be obtained in the calling code by invoking 'cipher.getIV()';
[main] WARN org.apache.nifi.security.util.crypto.AESKeyedCipherProvider - An IV was provided of length 7 bytes for decryption but should be 16 bytes
[main] INFO org.apache.nifi.security.util.crypto.AESKeyedCipherProviderGroovyTest - [EXPECTED] java.lang.IllegalArgumentException: Cannot decrypt without a valid IV
[main] INFO org.apache.nifi.security.util.crypto.AESKeyedCipherProviderGroovyTest - IV: 0000000000000000 8
[main] WARN org.apache.nifi.security.util.crypto.AESKeyedCipherProvider - An IV was provided of length 8 bytes for encryption but should be 16 bytes
[main] WARN org.apache.nifi.security.util.crypto.AESKeyedCipherProvider - Generating new IV. The value can be obtained in the calling code by invoking 'cipher.getIV()';
[main] WARN org.apache.nifi.security.util.crypto.AESKeyedCipherProvider - An IV was provided of length 8 bytes for decryption but should be 16 bytes
[main] INFO org.apache.nifi.security.util.crypto.AESKeyedCipherProviderGroovyTest - [EXPECTED] java.lang.IllegalArgumentException: Cannot decrypt without a valid IV
[main] INFO org.apache.nifi.security.util.crypto.AESKeyedCipherProviderGroovyTest - IV: 000000000000000000 9
[main] WARN org.apache.nifi.security.util.crypto.AESKeyedCipherProvider - An IV was provided of length 9 bytes for encryption but should be 16 bytes
[main] WARN org.apache.nifi.security.util.crypto.AESKeyedCipherProvider - Generating new IV. The value can be obtained in the calling code by invoking 'cipher.getIV()';
[main] WARN org.apache.nifi.security.util.crypto.AESKeyedCipherProvider - An IV was provided of length 9 bytes for decryption but should be 16 bytes
[main] INFO org.apache.nifi.security.util.crypto.AESKeyedCipherProviderGroovyTest - [EXPECTED] java.lang.IllegalArgumentException: Cannot decrypt without a valid IV
[main] INFO org.apache.nifi.security.util.crypto.AESKeyedCipherProviderGroovyTest - IV: 00000000000000000000 10
[main] WARN org.apache.nifi.security.util.crypto.AESKeyedCipherProvider - An IV was provided of length 10 bytes for encryption but should be 16 bytes
[main] WARN org.apache.nifi.security.util.crypto.AESKeyedCipherProvider - Generating new IV. The value can be obtained in the calling code by invoking 'cipher.getIV()';
[main] WARN org.apache.nifi.security.util.crypto.AESKeyedCipherProvider - An IV was provided of length 10 bytes for decryption but should be 16 bytes
[main] INFO org.apache.nifi.security.util.crypto.AESKeyedCipherProviderGroovyTest - [EXPECTED] java.lang.IllegalArgumentException: Cannot decrypt without a valid IV
[main] INFO org.apache.nifi.security.util.crypto.AESKeyedCipherProviderGroovyTest - IV: 0000000000000000000000 11
[main] WARN org.apache.nifi.security.util.crypto.AESKeyedCipherProvider - An IV was provided of length 11 bytes for encryption but should be 16 bytes
[main] WARN org.apache.nifi.security.util.crypto.AESKeyedCipherProvider - Generating new IV. The value can be obtained in the calling code by invoking 'cipher.getIV()';
[main] WARN org.apache.nifi.security.util.crypto.AESKeyedCipherProvider - An IV was provided of length 11 bytes for decryption but should be 16 bytes
[main] INFO org.apache.nifi.security.util.crypto.AESKeyedCipherProviderGroovyTest - [EXPECTED] java.lang.IllegalArgumentException: Cannot decrypt without a valid IV
[main] INFO org.apache.nifi.security.util.crypto.AESKeyedCipherProviderGroovyTest - IV: 000000000000000000000000 12
[main] WARN org.apache.nifi.security.util.crypto.AESKeyedCipherProvider - An IV was provided of length 12 bytes for encryption but should be 16 bytes
[main] WARN org.apache.nifi.security.util.crypto.AESKeyedCipherProvider - Generating new IV. The value can be obtained in the calling code by invoking 'cipher.getIV()';
[main] WARN org.apache.nifi.security.util.crypto.AESKeyedCipherProvider - An IV was provided of length 12 bytes for decryption but should be 16 bytes
[main] INFO org.apache.nifi.security.util.crypto.AESKeyedCipherProviderGroovyTest - [EXPECTED] java.lang.IllegalArgumentException: Cannot decrypt without a valid IV
[main] INFO org.apache.nifi.security.util.crypto.AESKeyedCipherProviderGroovyTest - IV: 00000000000000000000000000 13
[main] WARN org.apache.nifi.security.util.crypto.AESKeyedCipherProvider - An IV was provided of length 13 bytes for encryption but should be 16 bytes
[main] WARN org.apache.nifi.security.util.crypto.AESKeyedCipherProvider - Generating new IV. The value can be obtained in the calling code by invoking 'cipher.getIV()';
[main] WARN org.apache.nifi.security.util.crypto.AESKeyedCipherProvider - An IV was provided of length 13 bytes for decryption but should be 16 bytes
[main] INFO org.apache.nifi.security.util.crypto.AESKeyedCipherProviderGroovyTest - [EXPECTED] java.lang.IllegalArgumentException: Cannot decrypt without a valid IV
[main] INFO org.apache.nifi.security.util.crypto.AESKeyedCipherProviderGroovyTest - IV: 0000000000000000000000000000 14
[main] WARN org.apache.nifi.security.util.crypto.AESKeyedCipherProvider - An IV was provided of length 14 bytes for encryption but should be 16 bytes
[main] WARN org.apache.nifi.security.util.crypto.AESKeyedCipherProvider - Generating new IV. The value can be obtained in the calling code by invoking 'cipher.getIV()';
[main] WARN org.apache.nifi.security.util.crypto.AESKeyedCipherProvider - An IV was provided of length 14 bytes for decryption but should be 16 bytes
[main] INFO org.apache.nifi.security.util.crypto.AESKeyedCipherProviderGroovyTest - [EXPECTED] java.lang.IllegalArgumentException: Cannot decrypt without a valid IV
[main] INFO org.apache.nifi.security.util.crypto.AESKeyedCipherProviderGroovyTest - IV: 000000000000000000000000000000 15
[main] WARN org.apache.nifi.security.util.crypto.AESKeyedCipherProvider - An IV was provided of length 15 bytes for encryption but should be 16 bytes
[main] WARN org.apache.nifi.security.util.crypto.AESKeyedCipherProvider - Generating new IV. The value can be obtained in the calling code by invoking 'cipher.getIV()';
[main] WARN org.apache.nifi.security.util.crypto.AESKeyedCipherProvider - An IV was provided of length 15 bytes for decryption but should be 16 bytes
[main] INFO org.apache.nifi.security.util.crypto.AESKeyedCipherProviderGroovyTest - [EXPECTED] java.lang.IllegalArgumentException: Cannot decrypt without a valid IV
]]></system-err>
  </testcase>
  <testcase name="testShouldRejectUnsupportedEncryptionMethod" classname="org.apache.nifi.security.util.crypto.AESKeyedCipherProviderGroovyTest" time="0.002"/>
  <testcase name="testGetCipherWithExternalIVShouldBeInternallyConsistent" classname="org.apache.nifi.security.util.crypto.AESKeyedCipherProviderGroovyTest" time="0.003">
    <system-err><![CDATA[[main] INFO org.apache.nifi.security.util.crypto.AESKeyedCipherProviderGroovyTest - Using algorithm: AES/CBC/NoPadding
[main] INFO org.apache.nifi.security.util.crypto.AESKeyedCipherProviderGroovyTest - IV: 5f00f543725846296a0ece1c0f0671ae
[main] INFO org.apache.nifi.security.util.crypto.AESKeyedCipherProviderGroovyTest - Cipher text: ffd1edafb16d7e7b9d89d289e269d51d5404a4ee80b75e234df762f6ea6f6f41 32
[main] INFO org.apache.nifi.security.util.crypto.AESKeyedCipherProviderGroovyTest - Recovered: ExactBlockSizeRequiredForProcess
[main] INFO org.apache.nifi.security.util.crypto.AESKeyedCipherProviderGroovyTest - Using algorithm: AES/CBC/PKCS7Padding
[main] INFO org.apache.nifi.security.util.crypto.AESKeyedCipherProviderGroovyTest - IV: c261d1b8e42cb8f8c9021f0b9cfbf8bc
[main] INFO org.apache.nifi.security.util.crypto.AESKeyedCipherProviderGroovyTest - Cipher text: ab27e22dce0acc271840c302819392ff55380f66e246c70054eda36b53042cb046d4e477f4a2a5aaae8a02121369ba9c 48
[main] INFO org.apache.nifi.security.util.crypto.AESKeyedCipherProviderGroovyTest - Recovered: ExactBlockSizeRequiredForProcess
[main] INFO org.apache.nifi.security.util.crypto.AESKeyedCipherProviderGroovyTest - Using algorithm: AES/CTR/NoPadding
[main] INFO org.apache.nifi.security.util.crypto.AESKeyedCipherProviderGroovyTest - IV: 51bb7235bcdeece04e9585b14b121a1f
[main] INFO org.apache.nifi.security.util.crypto.AESKeyedCipherProviderGroovyTest - Cipher text: 7b605ee3f5110b27226b12138bb2217e488c6c08cdd250845506a3958e60ed04 32
[main] INFO org.apache.nifi.security.util.crypto.AESKeyedCipherProviderGroovyTest - Recovered: ExactBlockSizeRequiredForProcess
[main] INFO org.apache.nifi.security.util.crypto.AESKeyedCipherProviderGroovyTest - Using algorithm: AES/GCM/NoPadding
[main] INFO org.apache.nifi.security.util.crypto.AESKeyedCipherProviderGroovyTest - IV: 08b233d4a9dc967a09122f583c0cccc8
[main] INFO org.apache.nifi.security.util.crypto.AESKeyedCipherProviderGroovyTest - Cipher text: 6ecae8e79390db9e4d3349cd1ab3635825cf8a0b1878d11a526fe70541976de7c61bdbd891c4440ecd44fa7a6255c192 48
[main] INFO org.apache.nifi.security.util.crypto.AESKeyedCipherProviderGroovyTest - Recovered: ExactBlockSizeRequiredForProcess
]]></system-err>
  </testcase>
  <testcase name="testShouldRejectEmptyEncryptionMethod" classname="org.apache.nifi.security.util.crypto.AESKeyedCipherProviderGroovyTest" time="0.002"/>
</testsuite>