<?xml version="1.0" encoding="UTF-8"?>
<testsuite xmlns:xsi="http://www.w3.org/2001/XMLSchema-instance" xsi:noNamespaceSchemaLocation="https://maven.apache.org/surefire/maven-surefire-plugin/xsd/surefire-test-report-3.0.xsd" version="3.0" name="org.apache.nifi.security.util.crypto.NiFiLegacyCipherProviderGroovyTest" time="0.168" tests="6" errors="0" skipped="1" failures="0">
  <properties>
    <property name="sun.desktop" value="gnome"/>
    <property name="awt.toolkit" value="sun.awt.X11.XToolkit"/>
    <property name="java.specification.version" value="1.8"/>
    <property name="nondexStart" value="0"/>
    <property name="file.encoding.pkg" value="sun.io"/>
    <property name="sun.cpu.isalist" value=""/>
    <property name="sun.jnu.encoding" value="UTF-8"/>
    <property name="java.class.path" value="/home/alex/Repositories/nifi/nifi-commons/nifi-security-utils/target/test-classes:/home/alex/Repositories/nifi/nifi-commons/nifi-security-utils/target/classes:/home/alex/Repositories/nifi/nifi-api/target/classes:/home/alex/Repositories/nifi/nifi-commons/nifi-utils/target/classes:/home/alex/Repositories/nifi/nifi-commons/nifi-security-utils-api/target/classes:/home/alex/Repositories/nifi/nifi-commons/nifi-security-kms/target/classes:/home/alex/.m2/repository/org/apache/commons/commons-lang3/3.12.0/commons-lang3-3.12.0.jar:/home/alex/.m2/repository/commons-codec/commons-codec/1.14/commons-codec-1.14.jar:/home/alex/.m2/repository/org/bouncycastle/bcprov-jdk15on/1.69/bcprov-jdk15on-1.69.jar:/home/alex/.m2/repository/org/bouncycastle/bcpkix-jdk15on/1.69/bcpkix-jdk15on-1.69.jar:/home/alex/.m2/repository/org/bouncycastle/bcutil-jdk15on/1.69/bcutil-jdk15on-1.69.jar:/home/alex/Repositories/nifi/nifi-commons/nifi-properties/target/classes:/home/alex/Repositories/nifi/nifi-commons/nifi-property-utils/target/classes:/home/alex/.m2/repository/at/favre/lib/bcrypt/0.9.0/bcrypt-0.9.0.jar:/home/alex/.m2/repository/at/favre/lib/bytes/1.3.0/bytes-1.3.0.jar:/home/alex/.m2/repository/org/apache/commons/commons-configuration2/2.7/commons-configuration2-2.7.jar:/home/alex/.m2/repository/org/apache/commons/commons-text/1.8/commons-text-1.8.jar:/home/alex/.m2/repository/org/slf4j/jcl-over-slf4j/1.7.32/jcl-over-slf4j-1.7.32.jar:/home/alex/.m2/repository/org/slf4j/slf4j-api/1.7.32/slf4j-api-1.7.32.jar:/home/alex/.m2/repository/org/junit/jupiter/junit-jupiter-api/5.7.2/junit-jupiter-api-5.7.2.jar:/home/alex/.m2/repository/org/apiguardian/apiguardian-api/1.1.0/apiguardian-api-1.1.0.jar:/home/alex/.m2/repository/org/opentest4j/opentest4j/1.2.0/opentest4j-1.2.0.jar:/home/alex/.m2/repository/org/junit/platform/junit-platform-commons/1.7.2/junit-platform-commons-1.7.2.jar:/home/alex/.m2/repository/org/junit/jupiter/junit-jupiter-engine/5.7.2/junit-jupiter-engine-5.7.2.jar:/home/alex/.m2/repository/org/junit/platform/junit-platform-engine/1.7.2/junit-platform-engine-1.7.2.jar:/home/alex/.m2/repository/org/junit/vintage/junit-vintage-engine/5.7.2/junit-vintage-engine-5.7.2.jar:/home/alex/.m2/repository/junit/junit/4.13.2/junit-4.13.2.jar:/home/alex/.m2/repository/org/hamcrest/hamcrest-core/1.3/hamcrest-core-1.3.jar:/home/alex/.m2/repository/org/junit/jupiter/junit-jupiter-params/5.7.2/junit-jupiter-params-5.7.2.jar:/home/alex/.m2/repository/org/mockito/mockito-core/3.11.2/mockito-core-3.11.2.jar:/home/alex/.m2/repository/net/bytebuddy/byte-buddy/1.11.3/byte-buddy-1.11.3.jar:/home/alex/.m2/repository/net/bytebuddy/byte-buddy-agent/1.11.3/byte-buddy-agent-1.11.3.jar:/home/alex/.m2/repository/org/objenesis/objenesis/3.2/objenesis-3.2.jar:/home/alex/.m2/repository/org/mockito/mockito-junit-jupiter/3.11.2/mockito-junit-jupiter-3.11.2.jar:/home/alex/.m2/repository/org/slf4j/slf4j-simple/1.7.32/slf4j-simple-1.7.32.jar:/home/alex/.m2/repository/org/codehaus/groovy/groovy-test/2.5.14/groovy-test-2.5.14.jar:/home/alex/.m2/repository/org/codehaus/groovy/groovy/2.5.14/groovy-2.5.14.jar:"/>
    <property name="java.vm.vendor" value="Private Build"/>
    <property name="nondexPrintstack" value="false"/>
    <property name="sun.arch.data.model" value="64"/>
    <property name="java.vendor.url" value="http://java.oracle.com/"/>
    <property name="user.timezone" value=""/>
    <property name="os.name" value="Linux"/>
    <property name="java.vm.specification.version" value="1.8"/>
    <property name="sun.java.launcher" value="SUN_STANDARD"/>
    <property name="user.country" value="US"/>
    <property name="sun.boot.library.path" value="/usr/lib/jvm/java-8-openjdk-amd64/jre/lib/amd64"/>
    <property name="sun.java.command" value="/home/alex/Repositories/nifi/nifi-commons/nifi-security-utils/target/surefire/surefirebooter7579396203104784523.jar /home/alex/Repositories/nifi/nifi-commons/nifi-security-utils/target/surefire 2024-04-23T18-28-02_696-jvmRun1 surefire5925963840165176462tmp surefire_267588126220771147898tmp"/>
    <property name="nondexLogging" value="CONFIG"/>
    <property name="surefire.test.class.path" value="/home/alex/Repositories/nifi/nifi-commons/nifi-security-utils/target/test-classes:/home/alex/Repositories/nifi/nifi-commons/nifi-security-utils/target/classes:/home/alex/Repositories/nifi/nifi-api/target/classes:/home/alex/Repositories/nifi/nifi-commons/nifi-utils/target/classes:/home/alex/Repositories/nifi/nifi-commons/nifi-security-utils-api/target/classes:/home/alex/Repositories/nifi/nifi-commons/nifi-security-kms/target/classes:/home/alex/.m2/repository/org/apache/commons/commons-lang3/3.12.0/commons-lang3-3.12.0.jar:/home/alex/.m2/repository/commons-codec/commons-codec/1.14/commons-codec-1.14.jar:/home/alex/.m2/repository/org/bouncycastle/bcprov-jdk15on/1.69/bcprov-jdk15on-1.69.jar:/home/alex/.m2/repository/org/bouncycastle/bcpkix-jdk15on/1.69/bcpkix-jdk15on-1.69.jar:/home/alex/.m2/repository/org/bouncycastle/bcutil-jdk15on/1.69/bcutil-jdk15on-1.69.jar:/home/alex/Repositories/nifi/nifi-commons/nifi-properties/target/classes:/home/alex/Repositories/nifi/nifi-commons/nifi-property-utils/target/classes:/home/alex/.m2/repository/at/favre/lib/bcrypt/0.9.0/bcrypt-0.9.0.jar:/home/alex/.m2/repository/at/favre/lib/bytes/1.3.0/bytes-1.3.0.jar:/home/alex/.m2/repository/org/apache/commons/commons-configuration2/2.7/commons-configuration2-2.7.jar:/home/alex/.m2/repository/org/apache/commons/commons-text/1.8/commons-text-1.8.jar:/home/alex/.m2/repository/org/slf4j/jcl-over-slf4j/1.7.32/jcl-over-slf4j-1.7.32.jar:/home/alex/.m2/repository/org/slf4j/slf4j-api/1.7.32/slf4j-api-1.7.32.jar:/home/alex/.m2/repository/org/junit/jupiter/junit-jupiter-api/5.7.2/junit-jupiter-api-5.7.2.jar:/home/alex/.m2/repository/org/apiguardian/apiguardian-api/1.1.0/apiguardian-api-1.1.0.jar:/home/alex/.m2/repository/org/opentest4j/opentest4j/1.2.0/opentest4j-1.2.0.jar:/home/alex/.m2/repository/org/junit/platform/junit-platform-commons/1.7.2/junit-platform-commons-1.7.2.jar:/home/alex/.m2/repository/org/junit/jupiter/junit-jupiter-engine/5.7.2/junit-jupiter-engine-5.7.2.jar:/home/alex/.m2/repository/org/junit/platform/junit-platform-engine/1.7.2/junit-platform-engine-1.7.2.jar:/home/alex/.m2/repository/org/junit/vintage/junit-vintage-engine/5.7.2/junit-vintage-engine-5.7.2.jar:/home/alex/.m2/repository/junit/junit/4.13.2/junit-4.13.2.jar:/home/alex/.m2/repository/org/hamcrest/hamcrest-core/1.3/hamcrest-core-1.3.jar:/home/alex/.m2/repository/org/junit/jupiter/junit-jupiter-params/5.7.2/junit-jupiter-params-5.7.2.jar:/home/alex/.m2/repository/org/mockito/mockito-core/3.11.2/mockito-core-3.11.2.jar:/home/alex/.m2/repository/net/bytebuddy/byte-buddy/1.11.3/byte-buddy-1.11.3.jar:/home/alex/.m2/repository/net/bytebuddy/byte-buddy-agent/1.11.3/byte-buddy-agent-1.11.3.jar:/home/alex/.m2/repository/org/objenesis/objenesis/3.2/objenesis-3.2.jar:/home/alex/.m2/repository/org/mockito/mockito-junit-jupiter/3.11.2/mockito-junit-jupiter-3.11.2.jar:/home/alex/.m2/repository/org/slf4j/slf4j-simple/1.7.32/slf4j-simple-1.7.32.jar:/home/alex/.m2/repository/org/codehaus/groovy/groovy-test/2.5.14/groovy-test-2.5.14.jar:/home/alex/.m2/repository/org/codehaus/groovy/groovy/2.5.14/groovy-2.5.14.jar:"/>
    <property name="nondexExecid" value="vXT09CktV88u7n2XJrF2diYkzLvB0i7IGVDn2M6NiY="/>
    <property name="sun.cpu.endian" value="little"/>
    <property name="user.home" value="/home/alex"/>
    <property name="user.language" value="en"/>
    <property name="java.specification.vendor" value="Oracle Corporation"/>
    <property name="java.home" value="/usr/lib/jvm/java-8-openjdk-amd64/jre"/>
    <property name="file.separator" value="/"/>
    <property name="basedir" value="/home/alex/Repositories/nifi/nifi-commons/nifi-security-utils"/>
    <property name="nondexEnd" value="9223372036854775807"/>
    <property name="line.separator" value="&#10;"/>
    <property name="java.vm.specification.vendor" value="Oracle Corporation"/>
    <property name="java.specification.name" value="Java Platform API Specification"/>
    <property name="java.awt.graphicsenv" value="sun.awt.X11GraphicsEnvironment"/>
    <property name="java.awt.headless" value="true"/>
    <property name="nondexFilter" value=".*"/>
    <property name="nondexSeed" value="974622"/>
    <property name="surefire.real.class.path" value="/home/alex/Repositories/nifi/nifi-commons/nifi-security-utils/target/surefire/surefirebooter7579396203104784523.jar"/>
    <property name="sun.boot.class.path" value="/home/alex/Repositories/nifi/nifi-commons/nifi-security-utils/.nondex/nondex-instr.jar:/home/alex/.m2/repository/edu/illinois/nondex-common/2.1.7/nondex-common-2.1.7.jar:/home/alex/.m2/repository/edu/illinois/nondex-annotations/2.1.7/nondex-annotations-2.1.7.jar:/usr/lib/jvm/java-8-openjdk-amd64/jre/lib/resources.jar:/usr/lib/jvm/java-8-openjdk-amd64/jre/lib/rt.jar:/usr/lib/jvm/java-8-openjdk-amd64/jre/lib/sunrsasign.jar:/usr/lib/jvm/java-8-openjdk-amd64/jre/lib/jsse.jar:/usr/lib/jvm/java-8-openjdk-amd64/jre/lib/jce.jar:/usr/lib/jvm/java-8-openjdk-amd64/jre/lib/charsets.jar:/usr/lib/jvm/java-8-openjdk-amd64/jre/lib/jfr.jar:/usr/lib/jvm/java-8-openjdk-amd64/jre/classes"/>
    <property name="sun.management.compiler" value="HotSpot 64-Bit Tiered Compilers"/>
    <property name="java.runtime.version" value="1.8.0_402-8u402-ga-2ubuntu1~22.04-b06"/>
    <property name="user.name" value="alex"/>
    <property name="java.net.preferIPv4Stack" value="true"/>
    <property name="path.separator" value=":"/>
    <property name="os.version" value="6.5.0-28-generic"/>
    <property name="java.endorsed.dirs" value="/usr/lib/jvm/java-8-openjdk-amd64/jre/lib/endorsed"/>
    <property name="java.runtime.name" value="OpenJDK Runtime Environment"/>
    <property name="file.encoding" value="UTF-8"/>
    <property name="java.vm.name" value="OpenJDK 64-Bit Server VM"/>
    <property name="localRepository" value="/home/alex/.m2/repository"/>
    <property name="nondexDir" value="/home/alex/Repositories/nifi/nifi-commons/nifi-security-utils/.nondex"/>
    <property name="java.vendor.url.bug" value="http://bugreport.sun.com/bugreport/"/>
    <property name="nondexJarDir" value="/home/alex/Repositories/nifi/nifi-commons/nifi-security-utils/.nondex"/>
    <property name="java.io.tmpdir" value="/tmp"/>
    <property name="java.version" value="1.8.0_402"/>
    <property name="user.dir" value="/home/alex/Repositories/nifi/nifi-commons/nifi-security-utils"/>
    <property name="os.arch" value="amd64"/>
    <property name="nondexMode" value="FULL"/>
    <property name="java.vm.specification.name" value="Java Virtual Machine Specification"/>
    <property name="java.awt.printerjob" value="sun.print.PSPrinterJob"/>
    <property name="sun.os.patch.level" value="unknown"/>
    <property name="java.library.path" value="/usr/java/packages/lib/amd64:/usr/lib/x86_64-linux-gnu/jni:/lib/x86_64-linux-gnu:/usr/lib/x86_64-linux-gnu:/usr/lib/jni:/lib:/usr/lib"/>
    <property name="java.vendor" value="Private Build"/>
    <property name="java.vm.info" value="mixed mode"/>
    <property name="java.vm.version" value="25.402-b06"/>
    <property name="java.specification.maintenance.version" value="5"/>
    <property name="java.ext.dirs" value="/usr/lib/jvm/java-8-openjdk-amd64/jre/lib/ext:/usr/java/packages/lib/ext"/>
    <property name="sun.io.unicode.encoding" value="UnicodeLittle"/>
    <property name="java.class.version" value="52.0"/>
  </properties>
  <testcase name="testGetCipherShouldSupportLegacyCode" classname="org.apache.nifi.security.util.crypto.NiFiLegacyCipherProviderGroovyTest" time="0.078">
    <system-err><![CDATA[[main] INFO org.apache.nifi.security.util.crypto.NiFiLegacyCipherProviderGroovyTest - Using algorithm: PBEWITHMD5AND128BITAES-CBC-OPENSSL
[main] INFO org.apache.nifi.security.util.crypto.NiFiLegacyCipherProviderGroovyTest - Generated salt 7b1d6f6d7f27d2a5c7f452a1f99fbe5b (16)
[main] INFO org.apache.nifi.security.util.crypto.NiFiLegacyCipherProviderGroovyTest - Cipher text: 2c0732945692f5e2ed3a65c8398775cac664e60c2be61b20d64a02ffac9002ef 32
[main] INFO org.apache.nifi.security.util.crypto.NiFiLegacyCipherProviderGroovyTest - Using algorithm: PBEWITHMD5ANDDES
[main] INFO org.apache.nifi.security.util.crypto.NiFiLegacyCipherProviderGroovyTest - Generated salt 355733a5f092844f (8)
[main] INFO org.apache.nifi.security.util.crypto.NiFiLegacyCipherProviderGroovyTest - Cipher text: f90790ba3ed8e40cf5f124d5dc3e9ade432b536751e5f7ced99cd603a7c3f968 32
[main] INFO org.apache.nifi.security.util.crypto.NiFiLegacyCipherProviderGroovyTest - Using algorithm: PBEWITHMD5ANDRC2
[main] INFO org.apache.nifi.security.util.crypto.NiFiLegacyCipherProviderGroovyTest - Generated salt 5959ea88ce250d5f (8)
[main] INFO org.apache.nifi.security.util.crypto.NiFiLegacyCipherProviderGroovyTest - Cipher text: 947e831876641f4e303ec0d4446f0ca1eeff5c7a2e297fff013d19fc4857e0c3 32
[main] INFO org.apache.nifi.security.util.crypto.NiFiLegacyCipherProviderGroovyTest - Using algorithm: PBEWITHSHA1ANDRC2
[main] INFO org.apache.nifi.security.util.crypto.NiFiLegacyCipherProviderGroovyTest - Generated salt d69dd4d0cd70223c (8)
[main] INFO org.apache.nifi.security.util.crypto.NiFiLegacyCipherProviderGroovyTest - Cipher text: 1c0478520db207e62e4a6dcc517ae5fadedf3ac46d7d1793fcfbe3369548e484 32
[main] INFO org.apache.nifi.security.util.crypto.NiFiLegacyCipherProviderGroovyTest - Using algorithm: PBEWITHSHA1ANDDES
[main] INFO org.apache.nifi.security.util.crypto.NiFiLegacyCipherProviderGroovyTest - Generated salt f6040f01cca3b536 (8)
[main] INFO org.apache.nifi.security.util.crypto.NiFiLegacyCipherProviderGroovyTest - Cipher text: 1df3ff3246525fa98ba082b8c7568242aef7cba240867da86a45365d34885364 32
[main] INFO org.apache.nifi.security.util.crypto.NiFiLegacyCipherProviderGroovyTest - Using algorithm: PBEWITHSHAAND128BITAES-CBC-BC
[main] INFO org.apache.nifi.security.util.crypto.NiFiLegacyCipherProviderGroovyTest - Generated salt 53df65cf422ae3b78c427291dd725e74 (16)
[main] INFO org.apache.nifi.security.util.crypto.NiFiLegacyCipherProviderGroovyTest - Cipher text: 8ae62a5e4215fe5a3f4e4ede086265124060bdc62b128f115610fc5f43cba524 32
[main] INFO org.apache.nifi.security.util.crypto.NiFiLegacyCipherProviderGroovyTest - Using algorithm: PBEWITHSHAAND40BITRC2-CBC
[main] INFO org.apache.nifi.security.util.crypto.NiFiLegacyCipherProviderGroovyTest - Generated salt 36c22094c7064de8 (8)
[main] INFO org.apache.nifi.security.util.crypto.NiFiLegacyCipherProviderGroovyTest - Cipher text: 28b6364f858eef06a64c29fec949674fb3955372758be1dfcde0af5cfe097c55 32
[main] INFO org.apache.nifi.security.util.crypto.NiFiLegacyCipherProviderGroovyTest - Using algorithm: PBEWITHSHAAND128BITRC2-CBC
[main] INFO org.apache.nifi.security.util.crypto.NiFiLegacyCipherProviderGroovyTest - Generated salt 27ae987de0216288 (8)
[main] INFO org.apache.nifi.security.util.crypto.NiFiLegacyCipherProviderGroovyTest - Cipher text: 60bd5f78ad494b1669afa4c07bafe45af2ce6bdceb071fa88213d02fff7e3c5c 32
[main] INFO org.apache.nifi.security.util.crypto.NiFiLegacyCipherProviderGroovyTest - Using algorithm: PBEWITHSHAAND40BITRC4
[main] INFO org.apache.nifi.security.util.crypto.NiFiLegacyCipherProviderGroovyTest - Generated salt cb7813a799c5c5d0 (8)
[main] INFO org.apache.nifi.security.util.crypto.NiFiLegacyCipherProviderGroovyTest - Cipher text: 860f0ff81e5083fab2cf057771877d97f1487e67b22226e3efecee96 28
[main] INFO org.apache.nifi.security.util.crypto.NiFiLegacyCipherProviderGroovyTest - Using algorithm: PBEWITHSHAAND128BITRC4
[main] INFO org.apache.nifi.security.util.crypto.NiFiLegacyCipherProviderGroovyTest - Generated salt 53fa35523c05b2fd (8)
[main] INFO org.apache.nifi.security.util.crypto.NiFiLegacyCipherProviderGroovyTest - Cipher text: d30069b5e8ff9467075a6214dacee6563190027e8fde6aa114a44ad4 28
[main] INFO org.apache.nifi.security.util.crypto.NiFiLegacyCipherProviderGroovyTest - Using algorithm: PBEWITHSHA256AND128BITAES-CBC-BC
[main] INFO org.apache.nifi.security.util.crypto.NiFiLegacyCipherProviderGroovyTest - Generated salt 99cf613b13624ad0f0d00c18d109ab3c (16)
[main] INFO org.apache.nifi.security.util.crypto.NiFiLegacyCipherProviderGroovyTest - Cipher text: d17483d1734aea6d82065beb73d63f7e4e9010e14c3ab0d79f6eb11ae00783c0 32
[main] INFO org.apache.nifi.security.util.crypto.NiFiLegacyCipherProviderGroovyTest - Using algorithm: PBEWITHSHAAND2-KEYTRIPLEDES-CBC
[main] INFO org.apache.nifi.security.util.crypto.NiFiLegacyCipherProviderGroovyTest - Generated salt 9842bc94c9f0c32b (8)
[main] INFO org.apache.nifi.security.util.crypto.NiFiLegacyCipherProviderGroovyTest - Cipher text: 4c061d9ed92de496c8207487334c07f3ede228fbfe058ee82a4169615fd93053 32
[main] INFO org.apache.nifi.security.util.crypto.NiFiLegacyCipherProviderGroovyTest - Using algorithm: PBEWITHSHAAND3-KEYTRIPLEDES-CBC
[main] INFO org.apache.nifi.security.util.crypto.NiFiLegacyCipherProviderGroovyTest - Generated salt 457d13d433e991ea (8)
[main] INFO org.apache.nifi.security.util.crypto.NiFiLegacyCipherProviderGroovyTest - Cipher text: 66d637c91b61fa3baa76898f9976152efa302403afbd7207bda8e86096f99347 32
[main] INFO org.apache.nifi.security.util.crypto.NiFiLegacyCipherProviderGroovyTest - Using algorithm: PBEWITHSHAANDTWOFISH-CBC
[main] INFO org.apache.nifi.security.util.crypto.NiFiLegacyCipherProviderGroovyTest - Generated salt 0195df63175f75aa321ca1c22a6707d1 (16)
[main] INFO org.apache.nifi.security.util.crypto.NiFiLegacyCipherProviderGroovyTest - Cipher text: 01bf2a59e5c3fae578fc62231cd01e71d098e40719e8c921a0f4b47be5ead351 32
]]></system-err>
  </testcase>
  <testcase name="testGetCipherWithUnlimitedStrengthShouldBeInternallyConsistent" classname="org.apache.nifi.security.util.crypto.NiFiLegacyCipherProviderGroovyTest" time="0.036">
    <system-err><![CDATA[[main] INFO org.apache.nifi.security.util.crypto.NiFiLegacyCipherProviderGroovyTest - Using algorithm: PBEWITHMD5AND128BITAES-CBC-OPENSSL
[main] INFO org.apache.nifi.security.util.crypto.NiFiLegacyCipherProviderGroovyTest - Generated salt 1f71381a9eb5b18584b8220b96210c3e (16)
[main] INFO org.apache.nifi.security.util.crypto.NiFiLegacyCipherProviderGroovyTest - Cipher text: cbdc8b11d4d85a9019cec18d0d52411dcf904172ee24b3e7fb3ff25eb6f2177b 32
[main] INFO org.apache.nifi.security.util.crypto.NiFiLegacyCipherProviderGroovyTest - Using algorithm: PBEWITHMD5AND192BITAES-CBC-OPENSSL
[main] INFO org.apache.nifi.security.util.crypto.NiFiLegacyCipherProviderGroovyTest - Generated salt f400180bb4594715c9e518e0e78fd584 (16)
[main] INFO org.apache.nifi.security.util.crypto.NiFiLegacyCipherProviderGroovyTest - Cipher text: 2f6bc0621474ab3c5aaeddccd2ec6a0493b65f624bc1ba77b16bae7c6350253e 32
[main] INFO org.apache.nifi.security.util.crypto.NiFiLegacyCipherProviderGroovyTest - Using algorithm: PBEWITHMD5AND256BITAES-CBC-OPENSSL
[main] INFO org.apache.nifi.security.util.crypto.NiFiLegacyCipherProviderGroovyTest - Generated salt 6bdab77cbb6be5f2efd53021c71798b8 (16)
[main] INFO org.apache.nifi.security.util.crypto.NiFiLegacyCipherProviderGroovyTest - Cipher text: c04005ffa1fe0d46d74191a03f27f921faca278ce49c2c8c3f92f297e1700160 32
[main] INFO org.apache.nifi.security.util.crypto.NiFiLegacyCipherProviderGroovyTest - Using algorithm: PBEWITHMD5ANDDES
[main] INFO org.apache.nifi.security.util.crypto.NiFiLegacyCipherProviderGroovyTest - Generated salt 593ecfe6872d3df6 (8)
[main] INFO org.apache.nifi.security.util.crypto.NiFiLegacyCipherProviderGroovyTest - Cipher text: 44cac13a4a02befe278413ec49fe67994459ed024b940f67439979475dc1992d 32
[main] INFO org.apache.nifi.security.util.crypto.NiFiLegacyCipherProviderGroovyTest - Using algorithm: PBEWITHMD5ANDRC2
[main] INFO org.apache.nifi.security.util.crypto.NiFiLegacyCipherProviderGroovyTest - Generated salt a25fe18805b20b64 (8)
[main] INFO org.apache.nifi.security.util.crypto.NiFiLegacyCipherProviderGroovyTest - Cipher text: 8ff2f320e1d7cae8c424e0e50ddac447823cd914b74f2141ce8074e116c8f81a 32
[main] INFO org.apache.nifi.security.util.crypto.NiFiLegacyCipherProviderGroovyTest - Using algorithm: PBEWITHSHA1ANDRC2
[main] INFO org.apache.nifi.security.util.crypto.NiFiLegacyCipherProviderGroovyTest - Generated salt 4a9662c74746c198 (8)
[main] INFO org.apache.nifi.security.util.crypto.NiFiLegacyCipherProviderGroovyTest - Cipher text: d9ca1ae91738c65146f5c3b5b07d05891c84307fde468a374ff883ce1788630a 32
[main] INFO org.apache.nifi.security.util.crypto.NiFiLegacyCipherProviderGroovyTest - Using algorithm: PBEWITHSHA1ANDDES
[main] INFO org.apache.nifi.security.util.crypto.NiFiLegacyCipherProviderGroovyTest - Generated salt aaa37462fda3220d (8)
[main] INFO org.apache.nifi.security.util.crypto.NiFiLegacyCipherProviderGroovyTest - Cipher text: 8eb3e702c2d92097d58db514a8632d0da42db31229e5435ee43591854d1257a4 32
[main] INFO org.apache.nifi.security.util.crypto.NiFiLegacyCipherProviderGroovyTest - Using algorithm: PBEWITHSHAAND128BITAES-CBC-BC
[main] INFO org.apache.nifi.security.util.crypto.NiFiLegacyCipherProviderGroovyTest - Generated salt 5d18e6987f7c02c32523496e37042d22 (16)
[main] INFO org.apache.nifi.security.util.crypto.NiFiLegacyCipherProviderGroovyTest - Cipher text: 9219a7bb352bc817569d5a12e9e747121076a321ae52084a6599c8e481fe2a79 32
[main] INFO org.apache.nifi.security.util.crypto.NiFiLegacyCipherProviderGroovyTest - Using algorithm: PBEWITHSHAAND192BITAES-CBC-BC
[main] INFO org.apache.nifi.security.util.crypto.NiFiLegacyCipherProviderGroovyTest - Generated salt a411497fee85944cf564a08669221cfc (16)
[main] INFO org.apache.nifi.security.util.crypto.NiFiLegacyCipherProviderGroovyTest - Cipher text: eaf9cfe7aeaa53b0cb5996e6f0165847c98c72ab5dc7b74a7477a16c88671f27 32
[main] INFO org.apache.nifi.security.util.crypto.NiFiLegacyCipherProviderGroovyTest - Using algorithm: PBEWITHSHAAND256BITAES-CBC-BC
[main] INFO org.apache.nifi.security.util.crypto.NiFiLegacyCipherProviderGroovyTest - Generated salt 9541cf03bdd330df4a73480a2f575525 (16)
[main] INFO org.apache.nifi.security.util.crypto.NiFiLegacyCipherProviderGroovyTest - Cipher text: 017f623957059d0a909e6a24a067024bccf6d9dac0720bf44daf60ea9f8af1ea 32
[main] INFO org.apache.nifi.security.util.crypto.NiFiLegacyCipherProviderGroovyTest - Using algorithm: PBEWITHSHAAND40BITRC2-CBC
[main] INFO org.apache.nifi.security.util.crypto.NiFiLegacyCipherProviderGroovyTest - Generated salt 50c00cfef1b0bd47 (8)
[main] INFO org.apache.nifi.security.util.crypto.NiFiLegacyCipherProviderGroovyTest - Cipher text: 2be33391ddb2fb7ad76078c5d35e6a8a3d03330e5e08f11f38cf25db107cb45a 32
[main] INFO org.apache.nifi.security.util.crypto.NiFiLegacyCipherProviderGroovyTest - Using algorithm: PBEWITHSHAAND128BITRC2-CBC
[main] INFO org.apache.nifi.security.util.crypto.NiFiLegacyCipherProviderGroovyTest - Generated salt be969875cf829408 (8)
[main] INFO org.apache.nifi.security.util.crypto.NiFiLegacyCipherProviderGroovyTest - Cipher text: 6abe71eff9078bb4a4ba35230acc29398365e63b1ad69c07d45e67bf28b339b2 32
[main] INFO org.apache.nifi.security.util.crypto.NiFiLegacyCipherProviderGroovyTest - Using algorithm: PBEWITHSHAAND40BITRC4
[main] INFO org.apache.nifi.security.util.crypto.NiFiLegacyCipherProviderGroovyTest - Generated salt 9ad341d2de8a0abb (8)
[main] INFO org.apache.nifi.security.util.crypto.NiFiLegacyCipherProviderGroovyTest - Cipher text: 716857cca9f40c3b8135712d456ee69e851b5994efc84c2977a0db92 28
[main] INFO org.apache.nifi.security.util.crypto.NiFiLegacyCipherProviderGroovyTest - Using algorithm: PBEWITHSHAAND128BITRC4
[main] INFO org.apache.nifi.security.util.crypto.NiFiLegacyCipherProviderGroovyTest - Generated salt 076795ac43d7049f (8)
[main] INFO org.apache.nifi.security.util.crypto.NiFiLegacyCipherProviderGroovyTest - Cipher text: dad1f57e74aab15f2e7fa81b7874f9c058631855524465b6ea002d63 28
[main] INFO org.apache.nifi.security.util.crypto.NiFiLegacyCipherProviderGroovyTest - Using algorithm: PBEWITHSHA256AND128BITAES-CBC-BC
[main] INFO org.apache.nifi.security.util.crypto.NiFiLegacyCipherProviderGroovyTest - Generated salt 7eefe29261a35f76547496d2bc05a1db (16)
[main] INFO org.apache.nifi.security.util.crypto.NiFiLegacyCipherProviderGroovyTest - Cipher text: 92dabbdd7fc1b9d3f46758c8ccbc59c18b536d49b9c658d2ebcee60dd4c907ba 32
[main] INFO org.apache.nifi.security.util.crypto.NiFiLegacyCipherProviderGroovyTest - Using algorithm: PBEWITHSHA256AND192BITAES-CBC-BC
[main] INFO org.apache.nifi.security.util.crypto.NiFiLegacyCipherProviderGroovyTest - Generated salt 7058995b6bc20a7ca33039daaef2ab2a (16)
[main] INFO org.apache.nifi.security.util.crypto.NiFiLegacyCipherProviderGroovyTest - Cipher text: 085b8c393bbb5092b3b4f3eb2909a8f90fdca73342ac7a3a5b9fb047080226a1 32
[main] INFO org.apache.nifi.security.util.crypto.NiFiLegacyCipherProviderGroovyTest - Using algorithm: PBEWITHSHA256AND256BITAES-CBC-BC
[main] INFO org.apache.nifi.security.util.crypto.NiFiLegacyCipherProviderGroovyTest - Generated salt b96bc369dfe3242de2361ed4e3acfcdd (16)
[main] INFO org.apache.nifi.security.util.crypto.NiFiLegacyCipherProviderGroovyTest - Cipher text: 04829d206d6884abcd776f88d1ddde515821a2fd29ff2191e010ee47a310fda2 32
[main] INFO org.apache.nifi.security.util.crypto.NiFiLegacyCipherProviderGroovyTest - Using algorithm: PBEWITHSHAAND2-KEYTRIPLEDES-CBC
[main] INFO org.apache.nifi.security.util.crypto.NiFiLegacyCipherProviderGroovyTest - Generated salt 73f9cdeeb7a021a5 (8)
[main] INFO org.apache.nifi.security.util.crypto.NiFiLegacyCipherProviderGroovyTest - Cipher text: b78818e9ba1acd9a97363f3cd00147e2d0b774f6f08a24918e23ac26d5e2fa7d 32
[main] INFO org.apache.nifi.security.util.crypto.NiFiLegacyCipherProviderGroovyTest - Using algorithm: PBEWITHSHAAND3-KEYTRIPLEDES-CBC
[main] INFO org.apache.nifi.security.util.crypto.NiFiLegacyCipherProviderGroovyTest - Generated salt 8ff795a19c17cdb5 (8)
[main] INFO org.apache.nifi.security.util.crypto.NiFiLegacyCipherProviderGroovyTest - Cipher text: b6eb3399eba2487d153e9f3dc2b0c58d939fecda66d166279214ea2fd34f6d99 32
[main] INFO org.apache.nifi.security.util.crypto.NiFiLegacyCipherProviderGroovyTest - Using algorithm: PBEWITHSHAANDTWOFISH-CBC
[main] INFO org.apache.nifi.security.util.crypto.NiFiLegacyCipherProviderGroovyTest - Generated salt a01fd22293a8b7625ffaab2a5d245e06 (16)
[main] INFO org.apache.nifi.security.util.crypto.NiFiLegacyCipherProviderGroovyTest - Cipher text: d4c319aa7ff1554c2f6e68f29c61108896042b036980f2c71d240a280652a015 32
]]></system-err>
  </testcase>
  <testcase name="testGetCipherWithoutSaltShouldSupportLegacyCode" classname="org.apache.nifi.security.util.crypto.NiFiLegacyCipherProviderGroovyTest" time="0.027">
    <system-err><![CDATA[[main] INFO org.apache.nifi.security.util.crypto.NiFiLegacyCipherProviderGroovyTest - Using algorithm: PBEWITHMD5AND128BITAES-CBC-OPENSSL
[main] INFO org.apache.nifi.security.util.crypto.NiFiLegacyCipherProviderGroovyTest - Cipher text: b29275ae7f922502db83b1d1481274e4968562614236068154cb3f8a8535ef43 32
[main] INFO org.apache.nifi.security.util.crypto.NiFiLegacyCipherProviderGroovyTest - Using algorithm: PBEWITHMD5ANDDES
[main] INFO org.apache.nifi.security.util.crypto.NiFiLegacyCipherProviderGroovyTest - Cipher text: 9bfccd12e615fbd8fddb97079d871aa2da57947df6ae3f567598af5b0224037a 32
[main] INFO org.apache.nifi.security.util.crypto.NiFiLegacyCipherProviderGroovyTest - Using algorithm: PBEWITHMD5ANDRC2
[main] INFO org.apache.nifi.security.util.crypto.NiFiLegacyCipherProviderGroovyTest - Cipher text: 9438426d7406a7924c170f5f46899cbf9537fdf8da488dda856995c59b794294 32
[main] INFO org.apache.nifi.security.util.crypto.NiFiLegacyCipherProviderGroovyTest - Using algorithm: PBEWITHSHA1ANDRC2
[main] INFO org.apache.nifi.security.util.crypto.NiFiLegacyCipherProviderGroovyTest - Cipher text: f125b3e44d52f6de912a5751e83925c450ba2705158a95f6460939cf80f1afe7 32
[main] INFO org.apache.nifi.security.util.crypto.NiFiLegacyCipherProviderGroovyTest - Using algorithm: PBEWITHSHA1ANDDES
[main] INFO org.apache.nifi.security.util.crypto.NiFiLegacyCipherProviderGroovyTest - Cipher text: f162ad673ec43f24b3272bc2d37757e1ef80167ce76e611c374194d6a2cc2adf 32
[main] INFO org.apache.nifi.security.util.crypto.NiFiLegacyCipherProviderGroovyTest - Using algorithm: PBEWITHSHAAND128BITAES-CBC-BC
[main] INFO org.apache.nifi.security.util.crypto.NiFiLegacyCipherProviderGroovyTest - Cipher text: 58914107a592186a2397643c13cce17fad69110343252c5f873eaf739128d9e8 32
[main] INFO org.apache.nifi.security.util.crypto.NiFiLegacyCipherProviderGroovyTest - Using algorithm: PBEWITHSHAAND40BITRC2-CBC
[main] INFO org.apache.nifi.security.util.crypto.NiFiLegacyCipherProviderGroovyTest - Cipher text: d73a888b83d6c26c8be6cc9cba0162a37799cd3147299724a1c350da7d190924 32
[main] INFO org.apache.nifi.security.util.crypto.NiFiLegacyCipherProviderGroovyTest - Using algorithm: PBEWITHSHAAND128BITRC2-CBC
[main] INFO org.apache.nifi.security.util.crypto.NiFiLegacyCipherProviderGroovyTest - Cipher text: b9da62e30531556f9c2fbcba2b78c3e17973253bb96ce9d358af723825287ecd 32
[main] INFO org.apache.nifi.security.util.crypto.NiFiLegacyCipherProviderGroovyTest - Using algorithm: PBEWITHSHAAND40BITRC4
[main] INFO org.apache.nifi.security.util.crypto.NiFiLegacyCipherProviderGroovyTest - Cipher text: bd33da32fa5689232f115824753a01cecd4eafda8d4472e0180df20d 28
[main] INFO org.apache.nifi.security.util.crypto.NiFiLegacyCipherProviderGroovyTest - Using algorithm: PBEWITHSHAAND128BITRC4
[main] INFO org.apache.nifi.security.util.crypto.NiFiLegacyCipherProviderGroovyTest - Cipher text: 26b98ca6599319387ef636aef6f9b249f7fffc414a28264982d88faf 28
[main] INFO org.apache.nifi.security.util.crypto.NiFiLegacyCipherProviderGroovyTest - Using algorithm: PBEWITHSHA256AND128BITAES-CBC-BC
[main] INFO org.apache.nifi.security.util.crypto.NiFiLegacyCipherProviderGroovyTest - Cipher text: 7660f73f0a670e36864ea9a4740662e44fc0992be09a284de74cd41ccbce9b6a 32
[main] INFO org.apache.nifi.security.util.crypto.NiFiLegacyCipherProviderGroovyTest - Using algorithm: PBEWITHSHAAND2-KEYTRIPLEDES-CBC
[main] INFO org.apache.nifi.security.util.crypto.NiFiLegacyCipherProviderGroovyTest - Cipher text: ce6b9b5cc554409b7574a6f4e10b5b53cab1f436ba4d3b1af7299a4c5909069b 32
[main] INFO org.apache.nifi.security.util.crypto.NiFiLegacyCipherProviderGroovyTest - Using algorithm: PBEWITHSHAAND3-KEYTRIPLEDES-CBC
[main] INFO org.apache.nifi.security.util.crypto.NiFiLegacyCipherProviderGroovyTest - Cipher text: d3e41c3241ff7a0c238a7d73317a8a7b0ad1664855df1e722c5e6b89682c3cc4 32
[main] INFO org.apache.nifi.security.util.crypto.NiFiLegacyCipherProviderGroovyTest - Using algorithm: PBEWITHSHAANDTWOFISH-CBC
[main] INFO org.apache.nifi.security.util.crypto.NiFiLegacyCipherProviderGroovyTest - Cipher text: 4ca0e3f6e62cbc0f1ea7f00c2659b524ba3c357b5ad03f23a400ff83b4a57453 32
]]></system-err>
  </testcase>
  <testcase name="testGetCipherShouldBeInternallyConsistent" classname="org.apache.nifi.security.util.crypto.NiFiLegacyCipherProviderGroovyTest" time="0.005">
    <system-err><![CDATA[[main] INFO org.apache.nifi.security.util.crypto.NiFiLegacyCipherProviderGroovyTest - Using algorithm: PBEWITHMD5AND128BITAES-CBC-OPENSSL
[main] INFO org.apache.nifi.security.util.crypto.NiFiLegacyCipherProviderGroovyTest - Generated salt 72cffc4ef0c9f1a7c22d6716fef93065 (16)
[main] INFO org.apache.nifi.security.util.crypto.NiFiLegacyCipherProviderGroovyTest - Cipher text: 926a8ece9922a714a728e499f9ece843b9d25523b29542fc8fb9d4f86ffc8720 32
[main] INFO org.apache.nifi.security.util.crypto.NiFiLegacyCipherProviderGroovyTest - Using algorithm: PBEWITHMD5ANDDES
[main] INFO org.apache.nifi.security.util.crypto.NiFiLegacyCipherProviderGroovyTest - Generated salt 28720409d0131d59 (8)
[main] INFO org.apache.nifi.security.util.crypto.NiFiLegacyCipherProviderGroovyTest - Cipher text: 20f6fefff4623193e91f84851f4ed64bb10680e5cdfce27fafc7a0f0a3685500 32
[main] INFO org.apache.nifi.security.util.crypto.NiFiLegacyCipherProviderGroovyTest - Using algorithm: PBEWITHMD5ANDRC2
[main] INFO org.apache.nifi.security.util.crypto.NiFiLegacyCipherProviderGroovyTest - Generated salt bdaed4de04900e42 (8)
[main] INFO org.apache.nifi.security.util.crypto.NiFiLegacyCipherProviderGroovyTest - Cipher text: db865facb3bd2eae3e86022a2670fb32bfaa15cd174bd88d83b302d3e072cade 32
[main] INFO org.apache.nifi.security.util.crypto.NiFiLegacyCipherProviderGroovyTest - Using algorithm: PBEWITHSHA1ANDRC2
[main] INFO org.apache.nifi.security.util.crypto.NiFiLegacyCipherProviderGroovyTest - Generated salt d0e8adc364ffdeba (8)
[main] INFO org.apache.nifi.security.util.crypto.NiFiLegacyCipherProviderGroovyTest - Cipher text: a72dc6b689ea51f96645553210e03326c4a5972cd0789842ca03597da5521da4 32
[main] INFO org.apache.nifi.security.util.crypto.NiFiLegacyCipherProviderGroovyTest - Using algorithm: PBEWITHSHA1ANDDES
[main] INFO org.apache.nifi.security.util.crypto.NiFiLegacyCipherProviderGroovyTest - Generated salt 4ef70db63618c774 (8)
[main] INFO org.apache.nifi.security.util.crypto.NiFiLegacyCipherProviderGroovyTest - Cipher text: c97ed713894956ef4b9ea75d477f745c38283d55398044c8c93ef50df63ddb55 32
[main] INFO org.apache.nifi.security.util.crypto.NiFiLegacyCipherProviderGroovyTest - Using algorithm: PBEWITHSHAAND128BITAES-CBC-BC
[main] WARN org.apache.nifi.security.util.crypto.NiFiLegacyCipherProviderGroovyTest - This test is skipped because the password length exceeds the undocumented limit BouncyCastle imposes on a JVM with limited strength crypto policies
[main] INFO org.apache.nifi.security.util.crypto.NiFiLegacyCipherProviderGroovyTest - Using algorithm: PBEWITHSHAAND40BITRC2-CBC
[main] WARN org.apache.nifi.security.util.crypto.NiFiLegacyCipherProviderGroovyTest - This test is skipped because the password length exceeds the undocumented limit BouncyCastle imposes on a JVM with limited strength crypto policies
[main] INFO org.apache.nifi.security.util.crypto.NiFiLegacyCipherProviderGroovyTest - Using algorithm: PBEWITHSHAAND128BITRC2-CBC
[main] WARN org.apache.nifi.security.util.crypto.NiFiLegacyCipherProviderGroovyTest - This test is skipped because the password length exceeds the undocumented limit BouncyCastle imposes on a JVM with limited strength crypto policies
[main] INFO org.apache.nifi.security.util.crypto.NiFiLegacyCipherProviderGroovyTest - Using algorithm: PBEWITHSHAAND40BITRC4
[main] WARN org.apache.nifi.security.util.crypto.NiFiLegacyCipherProviderGroovyTest - This test is skipped because the password length exceeds the undocumented limit BouncyCastle imposes on a JVM with limited strength crypto policies
[main] INFO org.apache.nifi.security.util.crypto.NiFiLegacyCipherProviderGroovyTest - Using algorithm: PBEWITHSHAAND128BITRC4
[main] WARN org.apache.nifi.security.util.crypto.NiFiLegacyCipherProviderGroovyTest - This test is skipped because the password length exceeds the undocumented limit BouncyCastle imposes on a JVM with limited strength crypto policies
[main] INFO org.apache.nifi.security.util.crypto.NiFiLegacyCipherProviderGroovyTest - Using algorithm: PBEWITHSHA256AND128BITAES-CBC-BC
[main] WARN org.apache.nifi.security.util.crypto.NiFiLegacyCipherProviderGroovyTest - This test is skipped because the password length exceeds the undocumented limit BouncyCastle imposes on a JVM with limited strength crypto policies
[main] INFO org.apache.nifi.security.util.crypto.NiFiLegacyCipherProviderGroovyTest - Using algorithm: PBEWITHSHAAND2-KEYTRIPLEDES-CBC
[main] WARN org.apache.nifi.security.util.crypto.NiFiLegacyCipherProviderGroovyTest - This test is skipped because the password length exceeds the undocumented limit BouncyCastle imposes on a JVM with limited strength crypto policies
[main] INFO org.apache.nifi.security.util.crypto.NiFiLegacyCipherProviderGroovyTest - Using algorithm: PBEWITHSHAAND3-KEYTRIPLEDES-CBC
[main] WARN org.apache.nifi.security.util.crypto.NiFiLegacyCipherProviderGroovyTest - This test is skipped because the password length exceeds the undocumented limit BouncyCastle imposes on a JVM with limited strength crypto policies
[main] INFO org.apache.nifi.security.util.crypto.NiFiLegacyCipherProviderGroovyTest - Using algorithm: PBEWITHSHAANDTWOFISH-CBC
[main] WARN org.apache.nifi.security.util.crypto.NiFiLegacyCipherProviderGroovyTest - This test is skipped because the password length exceeds the undocumented limit BouncyCastle imposes on a JVM with limited strength crypto policies
]]></system-err>
  </testcase>
  <testcase name="testShouldDetermineDependenceOnUnlimitedStrengthCrypto" classname="org.apache.nifi.security.util.crypto.NiFiLegacyCipherProviderGroovyTest" time="0">
    <skipped message="System property [legacyCipherTest] does not exist ==&gt; Only needed once to determine max supported password lengths"/>
  </testcase>
  <testcase name="testGetCipherShouldIgnoreKeyLength" classname="org.apache.nifi.security.util.crypto.NiFiLegacyCipherProviderGroovyTest" time="0.003">
    <system-err><![CDATA[[main] INFO org.apache.nifi.security.util.crypto.NiFiLegacyCipherProviderGroovyTest - Cipher text: 4b47f5f25c4f90db7b609e2d3afa0b6fcee3eb0aa7719ef71c295f9cf54d5033 32
[main] INFO org.apache.nifi.security.util.crypto.NiFiLegacyCipherProviderGroovyTest - Decrypting with 'requested' key length: -1
[main] INFO org.apache.nifi.security.util.crypto.NiFiLegacyCipherProviderGroovyTest - Decrypting with 'requested' key length: 40
[main] INFO org.apache.nifi.security.util.crypto.NiFiLegacyCipherProviderGroovyTest - Decrypting with 'requested' key length: 64
[main] INFO org.apache.nifi.security.util.crypto.NiFiLegacyCipherProviderGroovyTest - Decrypting with 'requested' key length: 128
[main] INFO org.apache.nifi.security.util.crypto.NiFiLegacyCipherProviderGroovyTest - Decrypting with 'requested' key length: 192
[main] INFO org.apache.nifi.security.util.crypto.NiFiLegacyCipherProviderGroovyTest - Decrypting with 'requested' key length: 256
]]></system-err>
  </testcase>
</testsuite>