<?xml version="1.0" encoding="UTF-8"?>
<testsuite xmlns:xsi="http://www.w3.org/2001/XMLSchema-instance" xsi:noNamespaceSchemaLocation="https://maven.apache.org/surefire/maven-surefire-plugin/xsd/surefire-test-report-3.0.xsd" version="3.0" name="org.apache.nifi.security.util.crypto.Argon2SecureHasherTest" time="0.167" tests="19" errors="0" skipped="1" failures="0">
  <properties>
    <property name="sun.desktop" value="gnome"/>
    <property name="awt.toolkit" value="sun.awt.X11.XToolkit"/>
    <property name="java.specification.version" value="1.8"/>
    <property name="nondexStart" value="0"/>
    <property name="file.encoding.pkg" value="sun.io"/>
    <property name="sun.cpu.isalist" value=""/>
    <property name="sun.jnu.encoding" value="UTF-8"/>
    <property name="java.class.path" value="/home/alex/Repositories/nifi/nifi-commons/nifi-security-utils/target/test-classes:/home/alex/Repositories/nifi/nifi-commons/nifi-security-utils/target/classes:/home/alex/Repositories/nifi/nifi-api/target/classes:/home/alex/Repositories/nifi/nifi-commons/nifi-utils/target/classes:/home/alex/Repositories/nifi/nifi-commons/nifi-security-utils-api/target/classes:/home/alex/Repositories/nifi/nifi-commons/nifi-security-kms/target/classes:/home/alex/.m2/repository/org/apache/commons/commons-lang3/3.12.0/commons-lang3-3.12.0.jar:/home/alex/.m2/repository/commons-codec/commons-codec/1.14/commons-codec-1.14.jar:/home/alex/.m2/repository/org/bouncycastle/bcprov-jdk15on/1.69/bcprov-jdk15on-1.69.jar:/home/alex/.m2/repository/org/bouncycastle/bcpkix-jdk15on/1.69/bcpkix-jdk15on-1.69.jar:/home/alex/.m2/repository/org/bouncycastle/bcutil-jdk15on/1.69/bcutil-jdk15on-1.69.jar:/home/alex/Repositories/nifi/nifi-commons/nifi-properties/target/classes:/home/alex/Repositories/nifi/nifi-commons/nifi-property-utils/target/classes:/home/alex/.m2/repository/at/favre/lib/bcrypt/0.9.0/bcrypt-0.9.0.jar:/home/alex/.m2/repository/at/favre/lib/bytes/1.3.0/bytes-1.3.0.jar:/home/alex/.m2/repository/org/apache/commons/commons-configuration2/2.7/commons-configuration2-2.7.jar:/home/alex/.m2/repository/org/apache/commons/commons-text/1.8/commons-text-1.8.jar:/home/alex/.m2/repository/org/slf4j/jcl-over-slf4j/1.7.32/jcl-over-slf4j-1.7.32.jar:/home/alex/.m2/repository/org/slf4j/slf4j-api/1.7.32/slf4j-api-1.7.32.jar:/home/alex/.m2/repository/org/junit/jupiter/junit-jupiter-api/5.7.2/junit-jupiter-api-5.7.2.jar:/home/alex/.m2/repository/org/apiguardian/apiguardian-api/1.1.0/apiguardian-api-1.1.0.jar:/home/alex/.m2/repository/org/opentest4j/opentest4j/1.2.0/opentest4j-1.2.0.jar:/home/alex/.m2/repository/org/junit/platform/junit-platform-commons/1.7.2/junit-platform-commons-1.7.2.jar:/home/alex/.m2/repository/org/junit/jupiter/junit-jupiter-engine/5.7.2/junit-jupiter-engine-5.7.2.jar:/home/alex/.m2/repository/org/junit/platform/junit-platform-engine/1.7.2/junit-platform-engine-1.7.2.jar:/home/alex/.m2/repository/org/junit/vintage/junit-vintage-engine/5.7.2/junit-vintage-engine-5.7.2.jar:/home/alex/.m2/repository/junit/junit/4.13.2/junit-4.13.2.jar:/home/alex/.m2/repository/org/hamcrest/hamcrest-core/1.3/hamcrest-core-1.3.jar:/home/alex/.m2/repository/org/junit/jupiter/junit-jupiter-params/5.7.2/junit-jupiter-params-5.7.2.jar:/home/alex/.m2/repository/org/mockito/mockito-core/3.11.2/mockito-core-3.11.2.jar:/home/alex/.m2/repository/net/bytebuddy/byte-buddy/1.11.3/byte-buddy-1.11.3.jar:/home/alex/.m2/repository/net/bytebuddy/byte-buddy-agent/1.11.3/byte-buddy-agent-1.11.3.jar:/home/alex/.m2/repository/org/objenesis/objenesis/3.2/objenesis-3.2.jar:/home/alex/.m2/repository/org/mockito/mockito-junit-jupiter/3.11.2/mockito-junit-jupiter-3.11.2.jar:/home/alex/.m2/repository/org/slf4j/slf4j-simple/1.7.32/slf4j-simple-1.7.32.jar:/home/alex/.m2/repository/org/codehaus/groovy/groovy-test/2.5.14/groovy-test-2.5.14.jar:/home/alex/.m2/repository/org/codehaus/groovy/groovy/2.5.14/groovy-2.5.14.jar:"/>
    <property name="java.vm.vendor" value="Private Build"/>
    <property name="nondexPrintstack" value="false"/>
    <property name="sun.arch.data.model" value="64"/>
    <property name="java.vendor.url" value="http://java.oracle.com/"/>
    <property name="user.timezone" value=""/>
    <property name="os.name" value="Linux"/>
    <property name="java.vm.specification.version" value="1.8"/>
    <property name="sun.java.launcher" value="SUN_STANDARD"/>
    <property name="user.country" value="US"/>
    <property name="sun.boot.library.path" value="/usr/lib/jvm/java-8-openjdk-amd64/jre/lib/amd64"/>
    <property name="sun.java.command" value="/home/alex/Repositories/nifi/nifi-commons/nifi-security-utils/target/surefire/surefirebooter7579396203104784523.jar /home/alex/Repositories/nifi/nifi-commons/nifi-security-utils/target/surefire 2024-04-23T18-28-02_696-jvmRun1 surefire5925963840165176462tmp surefire_267588126220771147898tmp"/>
    <property name="nondexLogging" value="CONFIG"/>
    <property name="surefire.test.class.path" value="/home/alex/Repositories/nifi/nifi-commons/nifi-security-utils/target/test-classes:/home/alex/Repositories/nifi/nifi-commons/nifi-security-utils/target/classes:/home/alex/Repositories/nifi/nifi-api/target/classes:/home/alex/Repositories/nifi/nifi-commons/nifi-utils/target/classes:/home/alex/Repositories/nifi/nifi-commons/nifi-security-utils-api/target/classes:/home/alex/Repositories/nifi/nifi-commons/nifi-security-kms/target/classes:/home/alex/.m2/repository/org/apache/commons/commons-lang3/3.12.0/commons-lang3-3.12.0.jar:/home/alex/.m2/repository/commons-codec/commons-codec/1.14/commons-codec-1.14.jar:/home/alex/.m2/repository/org/bouncycastle/bcprov-jdk15on/1.69/bcprov-jdk15on-1.69.jar:/home/alex/.m2/repository/org/bouncycastle/bcpkix-jdk15on/1.69/bcpkix-jdk15on-1.69.jar:/home/alex/.m2/repository/org/bouncycastle/bcutil-jdk15on/1.69/bcutil-jdk15on-1.69.jar:/home/alex/Repositories/nifi/nifi-commons/nifi-properties/target/classes:/home/alex/Repositories/nifi/nifi-commons/nifi-property-utils/target/classes:/home/alex/.m2/repository/at/favre/lib/bcrypt/0.9.0/bcrypt-0.9.0.jar:/home/alex/.m2/repository/at/favre/lib/bytes/1.3.0/bytes-1.3.0.jar:/home/alex/.m2/repository/org/apache/commons/commons-configuration2/2.7/commons-configuration2-2.7.jar:/home/alex/.m2/repository/org/apache/commons/commons-text/1.8/commons-text-1.8.jar:/home/alex/.m2/repository/org/slf4j/jcl-over-slf4j/1.7.32/jcl-over-slf4j-1.7.32.jar:/home/alex/.m2/repository/org/slf4j/slf4j-api/1.7.32/slf4j-api-1.7.32.jar:/home/alex/.m2/repository/org/junit/jupiter/junit-jupiter-api/5.7.2/junit-jupiter-api-5.7.2.jar:/home/alex/.m2/repository/org/apiguardian/apiguardian-api/1.1.0/apiguardian-api-1.1.0.jar:/home/alex/.m2/repository/org/opentest4j/opentest4j/1.2.0/opentest4j-1.2.0.jar:/home/alex/.m2/repository/org/junit/platform/junit-platform-commons/1.7.2/junit-platform-commons-1.7.2.jar:/home/alex/.m2/repository/org/junit/jupiter/junit-jupiter-engine/5.7.2/junit-jupiter-engine-5.7.2.jar:/home/alex/.m2/repository/org/junit/platform/junit-platform-engine/1.7.2/junit-platform-engine-1.7.2.jar:/home/alex/.m2/repository/org/junit/vintage/junit-vintage-engine/5.7.2/junit-vintage-engine-5.7.2.jar:/home/alex/.m2/repository/junit/junit/4.13.2/junit-4.13.2.jar:/home/alex/.m2/repository/org/hamcrest/hamcrest-core/1.3/hamcrest-core-1.3.jar:/home/alex/.m2/repository/org/junit/jupiter/junit-jupiter-params/5.7.2/junit-jupiter-params-5.7.2.jar:/home/alex/.m2/repository/org/mockito/mockito-core/3.11.2/mockito-core-3.11.2.jar:/home/alex/.m2/repository/net/bytebuddy/byte-buddy/1.11.3/byte-buddy-1.11.3.jar:/home/alex/.m2/repository/net/bytebuddy/byte-buddy-agent/1.11.3/byte-buddy-agent-1.11.3.jar:/home/alex/.m2/repository/org/objenesis/objenesis/3.2/objenesis-3.2.jar:/home/alex/.m2/repository/org/mockito/mockito-junit-jupiter/3.11.2/mockito-junit-jupiter-3.11.2.jar:/home/alex/.m2/repository/org/slf4j/slf4j-simple/1.7.32/slf4j-simple-1.7.32.jar:/home/alex/.m2/repository/org/codehaus/groovy/groovy-test/2.5.14/groovy-test-2.5.14.jar:/home/alex/.m2/repository/org/codehaus/groovy/groovy/2.5.14/groovy-2.5.14.jar:"/>
    <property name="nondexExecid" value="vXT09CktV88u7n2XJrF2diYkzLvB0i7IGVDn2M6NiY="/>
    <property name="sun.cpu.endian" value="little"/>
    <property name="user.home" value="/home/alex"/>
    <property name="user.language" value="en"/>
    <property name="java.specification.vendor" value="Oracle Corporation"/>
    <property name="java.home" value="/usr/lib/jvm/java-8-openjdk-amd64/jre"/>
    <property name="file.separator" value="/"/>
    <property name="basedir" value="/home/alex/Repositories/nifi/nifi-commons/nifi-security-utils"/>
    <property name="nondexEnd" value="9223372036854775807"/>
    <property name="line.separator" value="&#10;"/>
    <property name="java.vm.specification.vendor" value="Oracle Corporation"/>
    <property name="java.specification.name" value="Java Platform API Specification"/>
    <property name="java.awt.graphicsenv" value="sun.awt.X11GraphicsEnvironment"/>
    <property name="java.awt.headless" value="true"/>
    <property name="nondexFilter" value=".*"/>
    <property name="nondexSeed" value="974622"/>
    <property name="surefire.real.class.path" value="/home/alex/Repositories/nifi/nifi-commons/nifi-security-utils/target/surefire/surefirebooter7579396203104784523.jar"/>
    <property name="sun.boot.class.path" value="/home/alex/Repositories/nifi/nifi-commons/nifi-security-utils/.nondex/nondex-instr.jar:/home/alex/.m2/repository/edu/illinois/nondex-common/2.1.7/nondex-common-2.1.7.jar:/home/alex/.m2/repository/edu/illinois/nondex-annotations/2.1.7/nondex-annotations-2.1.7.jar:/usr/lib/jvm/java-8-openjdk-amd64/jre/lib/resources.jar:/usr/lib/jvm/java-8-openjdk-amd64/jre/lib/rt.jar:/usr/lib/jvm/java-8-openjdk-amd64/jre/lib/sunrsasign.jar:/usr/lib/jvm/java-8-openjdk-amd64/jre/lib/jsse.jar:/usr/lib/jvm/java-8-openjdk-amd64/jre/lib/jce.jar:/usr/lib/jvm/java-8-openjdk-amd64/jre/lib/charsets.jar:/usr/lib/jvm/java-8-openjdk-amd64/jre/lib/jfr.jar:/usr/lib/jvm/java-8-openjdk-amd64/jre/classes"/>
    <property name="sun.management.compiler" value="HotSpot 64-Bit Tiered Compilers"/>
    <property name="java.runtime.version" value="1.8.0_402-8u402-ga-2ubuntu1~22.04-b06"/>
    <property name="user.name" value="alex"/>
    <property name="java.net.preferIPv4Stack" value="true"/>
    <property name="path.separator" value=":"/>
    <property name="os.version" value="6.5.0-28-generic"/>
    <property name="java.endorsed.dirs" value="/usr/lib/jvm/java-8-openjdk-amd64/jre/lib/endorsed"/>
    <property name="java.runtime.name" value="OpenJDK Runtime Environment"/>
    <property name="file.encoding" value="UTF-8"/>
    <property name="java.vm.name" value="OpenJDK 64-Bit Server VM"/>
    <property name="localRepository" value="/home/alex/.m2/repository"/>
    <property name="nondexDir" value="/home/alex/Repositories/nifi/nifi-commons/nifi-security-utils/.nondex"/>
    <property name="java.vendor.url.bug" value="http://bugreport.sun.com/bugreport/"/>
    <property name="nondexJarDir" value="/home/alex/Repositories/nifi/nifi-commons/nifi-security-utils/.nondex"/>
    <property name="java.io.tmpdir" value="/tmp"/>
    <property name="java.version" value="1.8.0_402"/>
    <property name="user.dir" value="/home/alex/Repositories/nifi/nifi-commons/nifi-security-utils"/>
    <property name="os.arch" value="amd64"/>
    <property name="nondexMode" value="FULL"/>
    <property name="java.vm.specification.name" value="Java Virtual Machine Specification"/>
    <property name="java.awt.printerjob" value="sun.print.PSPrinterJob"/>
    <property name="sun.os.patch.level" value="unknown"/>
    <property name="java.library.path" value="/usr/java/packages/lib/amd64:/usr/lib/x86_64-linux-gnu/jni:/lib/x86_64-linux-gnu:/usr/lib/x86_64-linux-gnu:/usr/lib/jni:/lib:/usr/lib"/>
    <property name="java.vendor" value="Private Build"/>
    <property name="java.vm.info" value="mixed mode"/>
    <property name="java.vm.version" value="25.402-b06"/>
    <property name="java.specification.maintenance.version" value="5"/>
    <property name="java.ext.dirs" value="/usr/lib/jvm/java-8-openjdk-amd64/jre/lib/ext:/usr/java/packages/lib/ext"/>
    <property name="sun.io.unicode.encoding" value="UnicodeLittle"/>
    <property name="java.class.version" value="52.0"/>
  </properties>
  <testcase name="testShouldVerifySaltLengthBoundary" classname="org.apache.nifi.security.util.crypto.Argon2SecureHasherTest" time="0.005">
    <system-err><![CDATA[[main] INFO org.apache.nifi.security.util.crypto.Argon2SecureHasherTest - For salt length 0, saltLength is valid
[main] INFO org.apache.nifi.security.util.crypto.Argon2SecureHasherTest - For salt length 64, saltLength is valid
]]></system-err>
  </testcase>
  <testcase name="testShouldHandleArbitrarySalt" classname="org.apache.nifi.security.util.crypto.Argon2SecureHasherTest" time="0.021">
    <system-err><![CDATA[[main] INFO org.apache.nifi.security.util.crypto.Argon2SecureHasherTest - Generating Argon2 hash for hash length: 32 B, mem: 8 KiB, parallelism: 4, iterations: 4
[main] INFO org.apache.nifi.security.util.crypto.Argon2SecureHasherTest - Expected Hash Hex length: 64
[main] WARN org.apache.nifi.security.util.crypto.Argon2SecureHasher - The provided memory size 8 KiB is below the recommended minimum 65536 KiB.
[main] WARN org.apache.nifi.security.util.crypto.Argon2SecureHasher - The provided parallelization factor 4 is below the recommended minimum 8.
[main] WARN org.apache.nifi.security.util.crypto.Argon2SecureHasher - The provided iteration count 4 is below the recommended minimum 5.
[main] WARN org.apache.nifi.security.util.crypto.Argon2SecureHasher - The provided memory size 8 KiB is below the recommended minimum 65536 KiB.
[main] WARN org.apache.nifi.security.util.crypto.Argon2SecureHasher - The provided parallelization factor 4 is below the recommended minimum 8.
[main] WARN org.apache.nifi.security.util.crypto.Argon2SecureHasher - The provided iteration count 4 is below the recommended minimum 5.
]]></system-err>
  </testcase>
  <testcase name="testShouldVerifyParallelismBoundary" classname="org.apache.nifi.security.util.crypto.Argon2SecureHasherTest" time="0.003">
    <system-err><![CDATA[[main] WARN org.apache.nifi.security.util.crypto.Argon2SecureHasher - The provided parallelization factor 4 is below the recommended minimum 8.
]]></system-err>
  </testcase>
  <testcase name="testDefaultCostParamsShouldBeSufficient" classname="org.apache.nifi.security.util.crypto.Argon2SecureHasherTest" time="0">
    <skipped message="System property [nifi.test.performance] does not exist"/>
  </testcase>
  <testcase name="testShouldVerifyIterationsBoundary" classname="org.apache.nifi.security.util.crypto.Argon2SecureHasherTest" time="0.002">
    <system-err><![CDATA[[main] WARN org.apache.nifi.security.util.crypto.Argon2SecureHasher - The provided iteration count 4 is below the recommended minimum 5.
]]></system-err>
  </testcase>
  <testcase name="testShouldCreateHashOfDesiredLength" classname="org.apache.nifi.security.util.crypto.Argon2SecureHasherTest" time="0.003">
    <system-err><![CDATA[[main] WARN org.apache.nifi.security.util.crypto.Argon2SecureHasher - The provided memory size 8 KiB is below the recommended minimum 65536 KiB.
[main] WARN org.apache.nifi.security.util.crypto.Argon2SecureHasher - The provided parallelization factor 1 is below the recommended minimum 8.
[main] WARN org.apache.nifi.security.util.crypto.Argon2SecureHasher - The provided iteration count 3 is below the recommended minimum 5.
[main] INFO org.apache.nifi.security.util.crypto.Argon2SecureHasherTest - Hashed password password with salt [48, 48, 48, 48, 48, 48, 48, 48, 48, 48, 48, 48, 48, 48, 48, 48, 48, 48, 48, 48, 48, 48, 48, 48, 48, 48, 48, 48, 48, 48, 48, 48] to [52, 49, 49, 99, 57, 99, 56, 55, 101, 55, 99, 57, 49, 100, 56, 99, 56, 101, 97, 99, 99, 52, 49, 56, 54, 54, 53, 98, 100, 50, 101, 49]
[main] WARN org.apache.nifi.security.util.crypto.Argon2SecureHasher - The provided memory size 8 KiB is below the recommended minimum 65536 KiB.
[main] WARN org.apache.nifi.security.util.crypto.Argon2SecureHasher - The provided parallelization factor 1 is below the recommended minimum 8.
[main] WARN org.apache.nifi.security.util.crypto.Argon2SecureHasher - The provided iteration count 3 is below the recommended minimum 5.
[main] INFO org.apache.nifi.security.util.crypto.Argon2SecureHasherTest - Hashed password password with salt [48, 48, 48, 48, 48, 48, 48, 48, 48, 48, 48, 48, 48, 48, 48, 48, 48, 48, 48, 48, 48, 48, 48, 48, 48, 48, 48, 48, 48, 48, 48, 48] to [99, 56, 99, 97, 55, 52, 53, 50, 101, 99, 54, 52, 99, 98, 53, 98, 53, 49, 98, 52, 97, 98, 101, 97, 54, 48, 100, 100, 100, 50, 50, 54, 101, 54, 48, 53, 99, 50, 49, 54, 53, 101, 98, 102, 97, 48, 53, 102, 99, 55, 54, 55, 54, 100, 99, 99, 54, 102, 55, 97, 102, 54, 99, 48]
]]></system-err>
  </testcase>
  <testcase name="testShouldFailHashLengthBoundary" classname="org.apache.nifi.security.util.crypto.Argon2SecureHasherTest" time="0.004">
    <system-err><![CDATA[[main] INFO org.apache.nifi.security.util.crypto.Argon2SecureHasherTest - For hashLength value -8, hashLength is invalid
[main] INFO org.apache.nifi.security.util.crypto.Argon2SecureHasherTest - For hashLength value 0, hashLength is invalid
[main] INFO org.apache.nifi.security.util.crypto.Argon2SecureHasherTest - For hashLength value 1, hashLength is invalid
[main] INFO org.apache.nifi.security.util.crypto.Argon2SecureHasherTest - For hashLength value 2, hashLength is invalid
]]></system-err>
  </testcase>
  <testcase name="testShouldValidateArbitrarySalt" classname="org.apache.nifi.security.util.crypto.Argon2SecureHasherTest" time="0.005">
    <system-err><![CDATA[[main] INFO org.apache.nifi.security.util.crypto.Argon2SecureHasherTest - Generating Argon2 hash for hash length: 32 B, mem: 8 KiB, parallelism: 4, iterations: 4
[main] WARN org.apache.nifi.security.util.crypto.Argon2SecureHasher - The provided memory size 8 KiB is below the recommended minimum 65536 KiB.
[main] WARN org.apache.nifi.security.util.crypto.Argon2SecureHasher - The provided parallelization factor 4 is below the recommended minimum 8.
[main] WARN org.apache.nifi.security.util.crypto.Argon2SecureHasher - The provided iteration count 4 is below the recommended minimum 5.
[main] WARN org.apache.nifi.security.util.crypto.Argon2SecureHasher - The provided memory size 8 KiB is below the recommended minimum 65536 KiB.
[main] WARN org.apache.nifi.security.util.crypto.Argon2SecureHasher - The provided parallelization factor 4 is below the recommended minimum 8.
[main] WARN org.apache.nifi.security.util.crypto.Argon2SecureHasher - The provided iteration count 4 is below the recommended minimum 5.
[main] WARN org.apache.nifi.security.util.crypto.AbstractSecureHasher - The provided dynamic salt length 7 is below the recommended minimum 16
[main] ERROR org.apache.nifi.security.util.crypto.AbstractSecureHasher - The salt length 7 is outside the boundary of 8 to 2147483647.
[main] WARN org.apache.nifi.security.util.crypto.AbstractSecureHasher - The provided dynamic salt length 7 is below the recommended minimum 16
[main] WARN org.apache.nifi.security.util.crypto.AbstractSecureHasher - The provided dynamic salt length 7 is below the recommended minimum 16
[main] WARN org.apache.nifi.security.util.crypto.AbstractSecureHasher - The provided dynamic salt length 7 is below the recommended minimum 16
]]></system-err>
  </testcase>
  <testcase name="testShouldBeDifferentWithRandomSalt" classname="org.apache.nifi.security.util.crypto.Argon2SecureHasherTest" time="0.007">
    <system-err><![CDATA[[main] INFO org.apache.nifi.security.util.crypto.Argon2SecureHasherTest - Generating Argon2 hash for hash length: 32 B, mem: 8 KiB, parallelism: 4, iterations: 4
[main] WARN org.apache.nifi.security.util.crypto.Argon2SecureHasher - The provided memory size 8 KiB is below the recommended minimum 65536 KiB.
[main] WARN org.apache.nifi.security.util.crypto.Argon2SecureHasher - The provided parallelization factor 4 is below the recommended minimum 8.
[main] WARN org.apache.nifi.security.util.crypto.Argon2SecureHasher - The provided iteration count 4 is below the recommended minimum 5.
[main] INFO org.apache.nifi.security.util.crypto.Argon2SecureHasherTest - Generated hash: [53, 55, 57, 51, 49, 54, 55, 55, 100, 55, 102, 54, 50, 52, 54, 56, 51, 49, 98, 49, 98, 102, 99, 54, 99, 50, 100, 98, 48, 101, 97, 51, 54, 52, 52, 53, 51, 52, 51, 101, 48, 52, 55, 48, 55, 99, 48, 51, 101, 100, 49, 97, 52, 51, 55, 57, 53, 54, 55, 52, 99, 99, 49, 99]
[main] INFO org.apache.nifi.security.util.crypto.Argon2SecureHasherTest - Generated hash: [57, 55, 51, 51, 50, 53, 57, 50, 99, 51, 57, 54, 53, 51, 49, 51, 56, 48, 49, 51, 57, 98, 49, 52, 56, 98, 51, 97, 98, 54, 51, 49, 48, 50, 48, 55, 55, 48, 53, 99, 55, 100, 101, 98, 51, 49, 49, 55, 101, 101, 100, 99, 57, 50, 48, 49, 98, 102, 100, 101, 99, 97, 52, 98]
[main] INFO org.apache.nifi.security.util.crypto.Argon2SecureHasherTest - Generated hash: [102, 101, 102, 57, 54, 100, 48, 97, 101, 100, 52, 53, 55, 53, 48, 57, 52, 52, 98, 53, 98, 99, 99, 101, 48, 101, 100, 53, 51, 97, 55, 49, 52, 48, 56, 97, 50, 56, 97, 57, 98, 100, 57, 49, 99, 56, 102, 57, 48, 100, 56, 97, 50, 97, 101, 53, 97, 57, 99, 52, 100, 99, 98, 52]
[main] INFO org.apache.nifi.security.util.crypto.Argon2SecureHasherTest - Generated hash: [53, 57, 98, 52, 54, 54, 52, 97, 52, 101, 54, 100, 49, 48, 97, 50, 53, 55, 100, 57, 50, 52, 48, 101, 97, 51, 51, 98, 102, 49, 53, 101, 53, 51, 51, 48, 48, 102, 50, 99, 102, 49, 97, 98, 54, 56, 52, 49, 49, 52, 51, 100, 52, 54, 98, 53, 98, 101, 55, 53, 99, 97, 57, 57]
[main] INFO org.apache.nifi.security.util.crypto.Argon2SecureHasherTest - Generated hash: [97, 55, 55, 99, 57, 57, 97, 54, 50, 49, 54, 54, 100, 56, 51, 53, 51, 48, 55, 57, 97, 54, 102, 52, 52, 50, 101, 53, 55, 51, 49, 99, 97, 102, 48, 53, 99, 52, 52, 101, 55, 56, 48, 55, 97, 50, 51, 101, 55, 53, 53, 55, 52, 97, 101, 102, 57, 98, 53, 49, 101, 52, 97, 55]
[main] INFO org.apache.nifi.security.util.crypto.Argon2SecureHasherTest - Generated hash: [53, 53, 55, 51, 55, 101, 97, 48, 100, 49, 48, 48, 49, 55, 52, 51, 98, 100, 56, 55, 56, 101, 100, 50, 97, 101, 57, 101, 54, 55, 56, 55, 99, 50, 97, 51, 57, 55, 97, 100, 97, 54, 52, 48, 101, 99, 100, 98, 100, 52, 56, 101, 54, 57, 98, 50, 57, 51, 57, 98, 98, 100, 99, 51]
[main] INFO org.apache.nifi.security.util.crypto.Argon2SecureHasherTest - Generated hash: [97, 101, 98, 54, 57, 55, 54, 52, 56, 102, 53, 101, 50, 102, 98, 50, 54, 97, 50, 99, 54, 56, 55, 97, 57, 100, 49, 102, 98, 52, 97, 52, 98, 100, 55, 101, 54, 99, 101, 102, 56, 52, 102, 49, 56, 102, 53, 53, 57, 100, 53, 50, 99, 52, 51, 102, 97, 100, 54, 55, 102, 54, 48, 102]
[main] INFO org.apache.nifi.security.util.crypto.Argon2SecureHasherTest - Generated hash: [49, 56, 49, 51, 100, 51, 99, 101, 57, 50, 52, 49, 56, 100, 50, 54, 100, 99, 56, 51, 52, 56, 99, 54, 100, 102, 55, 56, 99, 51, 53, 102, 53, 102, 54, 48, 99, 49, 97, 53, 50, 55, 100, 53, 49, 55, 49, 55, 49, 99, 53, 57, 52, 52, 55, 102, 100, 97, 102, 55, 99, 98, 99, 102]
[main] INFO org.apache.nifi.security.util.crypto.Argon2SecureHasherTest - Generated hash: [56, 101, 99, 57, 101, 56, 51, 100, 99, 97, 56, 50, 57, 51, 99, 98, 102, 54, 52, 57, 50, 48, 56, 51, 97, 99, 97, 101, 50, 54, 50, 52, 49, 49, 57, 49, 99, 97, 50, 98, 102, 101, 55, 97, 55, 57, 51, 101, 53, 97, 98, 53, 55, 99, 56, 102, 100, 99, 102, 54, 55, 100, 49, 98]
[main] INFO org.apache.nifi.security.util.crypto.Argon2SecureHasherTest - Generated hash: [51, 49, 55, 101, 52, 52, 98, 53, 101, 52, 56, 48, 99, 54, 48, 57, 56, 56, 53, 101, 57, 102, 52, 48, 98, 97, 97, 54, 51, 100, 55, 57, 55, 98, 101, 97, 52, 98, 49, 101, 53, 53, 51, 52, 99, 53, 101, 100, 51, 97, 101, 99, 99, 99, 99, 51, 53, 56, 57, 55, 53, 99, 53, 102]
]]></system-err>
  </testcase>
  <testcase name="testShouldVerifyMemorySizeBoundary" classname="org.apache.nifi.security.util.crypto.Argon2SecureHasherTest" time="0.001">
    <system-err><![CDATA[[main] WARN org.apache.nifi.security.util.crypto.Argon2SecureHasher - The provided memory size 2048 KiB is below the recommended minimum 65536 KiB.
]]></system-err>
  </testcase>
  <testcase name="testShouldFailParallelismBoundary" classname="org.apache.nifi.security.util.crypto.Argon2SecureHasherTest" time="0.003">
    <system-err><![CDATA[[main] WARN org.apache.nifi.security.util.crypto.Argon2SecureHasher - The provided parallelization factor -8 is below the recommended minimum 8.
[main] WARN org.apache.nifi.security.util.crypto.Argon2SecureHasher - The provided parallelization factor 0 is below the recommended minimum 8.
[main] INFO org.apache.nifi.security.util.crypto.Argon2SecureHasherTest - For parallelization factor -8, parallelism is invalid
[main] INFO org.apache.nifi.security.util.crypto.Argon2SecureHasherTest - For parallelization factor 0, parallelism is invalid
[main] INFO org.apache.nifi.security.util.crypto.Argon2SecureHasherTest - For parallelization factor 16777220, parallelism is invalid
[main] INFO org.apache.nifi.security.util.crypto.Argon2SecureHasherTest - For parallelization factor 16778000, parallelism is invalid
]]></system-err>
  </testcase>
  <testcase name="testShouldVerifyHashLengthBoundary" classname="org.apache.nifi.security.util.crypto.Argon2SecureHasherTest" time="0.001"/>
  <testcase name="testShouldFormatHex" classname="org.apache.nifi.security.util.crypto.Argon2SecureHasherTest" time="0.012">
    <system-err><![CDATA[[main] WARN org.apache.nifi.security.util.crypto.Argon2SecureHasher - The provided memory size 4096 KiB is below the recommended minimum 65536 KiB.
[main] WARN org.apache.nifi.security.util.crypto.Argon2SecureHasher - The provided parallelization factor 1 is below the recommended minimum 8.
[main] WARN org.apache.nifi.security.util.crypto.Argon2SecureHasher - The provided iteration count 3 is below the recommended minimum 5.
[main] INFO org.apache.nifi.security.util.crypto.Argon2SecureHasherTest - Generated hash: 0c2920c52f28e0a2c77d006ec6138c8dc59580881468b85541cf886abdebcf18
]]></system-err>
  </testcase>
  <testcase name="testShouldFailSaltLengthBoundary" classname="org.apache.nifi.security.util.crypto.Argon2SecureHasherTest" time="0.003">
    <system-err><![CDATA[[main] WARN org.apache.nifi.security.util.crypto.AbstractSecureHasher - The provided dynamic salt length -16 is below the recommended minimum 16
[main] WARN org.apache.nifi.security.util.crypto.AbstractSecureHasher - The provided dynamic salt length 4 is below the recommended minimum 16
[main] INFO org.apache.nifi.security.util.crypto.Argon2SecureHasherTest - For salt length -16, saltLength is invalid
[main] INFO org.apache.nifi.security.util.crypto.Argon2SecureHasherTest - For salt length 4, saltLength is invalid
]]></system-err>
  </testcase>
  <testcase name="testShouldHandleNullInput" classname="org.apache.nifi.security.util.crypto.Argon2SecureHasherTest" time="0.045">
    <system-err><![CDATA[[main] WARN org.apache.nifi.security.util.crypto.Argon2SecureHasher - The provided memory size 4096 KiB is below the recommended minimum 65536 KiB.
[main] WARN org.apache.nifi.security.util.crypto.Argon2SecureHasher - The provided parallelization factor 1 is below the recommended minimum 8.
[main] WARN org.apache.nifi.security.util.crypto.Argon2SecureHasher - The provided iteration count 3 is below the recommended minimum 5.
[main] WARN org.apache.nifi.security.util.crypto.AbstractSecureHasher - Attempting to generate a hash using Argon2 of null input; using empty input
[main] INFO org.apache.nifi.security.util.crypto.Argon2SecureHasherTest - Generated hash: 8e5625a66b94ed9d31c1496d7f9ff49249cf05d6753b50ba0e2bf2a1108973dd
[main] WARN org.apache.nifi.security.util.crypto.AbstractSecureHasher - Attempting to generate a hash using Argon2 of null input; using empty input
[main] INFO org.apache.nifi.security.util.crypto.Argon2SecureHasherTest - Generated hash: jlYlpmuU7Z0xwUltf5/0kknPBdZ1O1C6DivyoRCJc90
[main] INFO org.apache.nifi.security.util.crypto.Argon2SecureHasherTest - Generated hash: 8e5625a66b94ed9d31c1496d7f9ff49249cf05d6753b50ba0e2bf2a1108973dd
[main] INFO org.apache.nifi.security.util.crypto.Argon2SecureHasherTest - Generated hash: jlYlpmuU7Z0xwUltf5/0kknPBdZ1O1C6DivyoRCJc90
]]></system-err>
  </testcase>
  <testcase name="testShouldFailIterationsBoundary" classname="org.apache.nifi.security.util.crypto.Argon2SecureHasherTest" time="0.002">
    <system-err><![CDATA[[main] WARN org.apache.nifi.security.util.crypto.Argon2SecureHasher - The provided iteration count -50 is below the recommended minimum 5.
[main] WARN org.apache.nifi.security.util.crypto.Argon2SecureHasher - The provided iteration count -1 is below the recommended minimum 5.
[main] WARN org.apache.nifi.security.util.crypto.Argon2SecureHasher - The provided iteration count 0 is below the recommended minimum 5.
[main] INFO org.apache.nifi.security.util.crypto.Argon2SecureHasherTest - For iteration counts -50, iteration is invalid
[main] INFO org.apache.nifi.security.util.crypto.Argon2SecureHasherTest - For iteration counts -1, iteration is invalid
[main] INFO org.apache.nifi.security.util.crypto.Argon2SecureHasherTest - For iteration counts 0, iteration is invalid
]]></system-err>
  </testcase>
  <testcase name="testShouldFormatBase64" classname="org.apache.nifi.security.util.crypto.Argon2SecureHasherTest" time="0.01">
    <system-err><![CDATA[[main] WARN org.apache.nifi.security.util.crypto.Argon2SecureHasher - The provided memory size 4096 KiB is below the recommended minimum 65536 KiB.
[main] WARN org.apache.nifi.security.util.crypto.Argon2SecureHasher - The provided parallelization factor 1 is below the recommended minimum 8.
[main] WARN org.apache.nifi.security.util.crypto.Argon2SecureHasher - The provided iteration count 3 is below the recommended minimum 5.
[main] INFO org.apache.nifi.security.util.crypto.Argon2SecureHasherTest - Generated hash: DCkgxS8o4KLHfQBuxhOMjcWVgIgUaLhVQc+Iar3rzxg
]]></system-err>
  </testcase>
  <testcase name="testShouldFailMemorySizeBoundary" classname="org.apache.nifi.security.util.crypto.Argon2SecureHasherTest" time="0.002">
    <system-err><![CDATA[[main] WARN org.apache.nifi.security.util.crypto.Argon2SecureHasher - The provided memory size -12 KiB is below the recommended minimum 65536 KiB.
[main] WARN org.apache.nifi.security.util.crypto.Argon2SecureHasher - The provided memory size 0 KiB is below the recommended minimum 65536 KiB.
[main] WARN org.apache.nifi.security.util.crypto.Argon2SecureHasher - The provided memory size 1 KiB is below the recommended minimum 65536 KiB.
[main] WARN org.apache.nifi.security.util.crypto.Argon2SecureHasher - The provided memory size 6 KiB is below the recommended minimum 65536 KiB.
[main] INFO org.apache.nifi.security.util.crypto.Argon2SecureHasherTest - For memory size -12, memory is invalid
[main] INFO org.apache.nifi.security.util.crypto.Argon2SecureHasherTest - For memory size 0, memory is invalid
[main] INFO org.apache.nifi.security.util.crypto.Argon2SecureHasherTest - For memory size 1, memory is invalid
[main] INFO org.apache.nifi.security.util.crypto.Argon2SecureHasherTest - For memory size 6, memory is invalid
]]></system-err>
  </testcase>
  <testcase name="testShouldBeDeterministicWithStaticSalt" classname="org.apache.nifi.security.util.crypto.Argon2SecureHasherTest" time="0.006">
    <system-err><![CDATA[[main] INFO org.apache.nifi.security.util.crypto.Argon2SecureHasherTest - Generating Argon2 hash for hash length: 32 B, mem: 8 KiB, parallelism: 4, iterations: 4
[main] WARN org.apache.nifi.security.util.crypto.Argon2SecureHasher - The provided memory size 8 KiB is below the recommended minimum 65536 KiB.
[main] WARN org.apache.nifi.security.util.crypto.Argon2SecureHasher - The provided parallelization factor 4 is below the recommended minimum 8.
[main] WARN org.apache.nifi.security.util.crypto.Argon2SecureHasher - The provided iteration count 4 is below the recommended minimum 5.
[main] INFO org.apache.nifi.security.util.crypto.Argon2SecureHasherTest - Generated hash: a73a471f51b2900901a00b81e770b9c1dfc595602bb7aec64cd27754a4174919
[main] INFO org.apache.nifi.security.util.crypto.Argon2SecureHasherTest - Generated hash: a73a471f51b2900901a00b81e770b9c1dfc595602bb7aec64cd27754a4174919
[main] INFO org.apache.nifi.security.util.crypto.Argon2SecureHasherTest - Generated hash: a73a471f51b2900901a00b81e770b9c1dfc595602bb7aec64cd27754a4174919
[main] INFO org.apache.nifi.security.util.crypto.Argon2SecureHasherTest - Generated hash: a73a471f51b2900901a00b81e770b9c1dfc595602bb7aec64cd27754a4174919
[main] INFO org.apache.nifi.security.util.crypto.Argon2SecureHasherTest - Generated hash: a73a471f51b2900901a00b81e770b9c1dfc595602bb7aec64cd27754a4174919
[main] INFO org.apache.nifi.security.util.crypto.Argon2SecureHasherTest - Generated hash: a73a471f51b2900901a00b81e770b9c1dfc595602bb7aec64cd27754a4174919
[main] INFO org.apache.nifi.security.util.crypto.Argon2SecureHasherTest - Generated hash: a73a471f51b2900901a00b81e770b9c1dfc595602bb7aec64cd27754a4174919
[main] INFO org.apache.nifi.security.util.crypto.Argon2SecureHasherTest - Generated hash: a73a471f51b2900901a00b81e770b9c1dfc595602bb7aec64cd27754a4174919
[main] INFO org.apache.nifi.security.util.crypto.Argon2SecureHasherTest - Generated hash: a73a471f51b2900901a00b81e770b9c1dfc595602bb7aec64cd27754a4174919
[main] INFO org.apache.nifi.security.util.crypto.Argon2SecureHasherTest - Generated hash: a73a471f51b2900901a00b81e770b9c1dfc595602bb7aec64cd27754a4174919
]]></system-err>
  </testcase>
</testsuite>