<?xml version="1.0" encoding="UTF-8"?>
<testsuite xmlns:xsi="http://www.w3.org/2001/XMLSchema-instance" xsi:noNamespaceSchemaLocation="https://maven.apache.org/surefire/maven-surefire-plugin/xsd/surefire-test-report-3.0.xsd" version="3.0" name="org.apache.hadoop.hive.metastore.TestObjectStore" time="155.533" tests="33" errors="0" skipped="2" failures="1">
  <properties>
    <property name="sun.desktop" value="gnome"/>
    <property name="awt.toolkit" value="sun.awt.X11.XToolkit"/>
    <property name="nondexStart" value="0"/>
    <property name="java.specification.version" value="1.8"/>
    <property name="file.encoding.pkg" value="sun.io"/>
    <property name="sun.cpu.isalist" value=""/>
    <property name="sun.jnu.encoding" value="UTF-8"/>
    <property name="java.class.path" value="/home/alex/Repositories/hive/standalone-metastore/metastore-server/target/test-classes:/home/alex/Repositories/hive/standalone-metastore/metastore-server/target/classes:/home/alex/Repositories/hive/standalone-metastore/metastore-common/target/classes:/home/alex/.m2/repository/org/antlr/ST4/4.0.4/ST4-4.0.4.jar:/home/alex/.m2/repository/org/apache/zookeeper/zookeeper/3.5.5/zookeeper-3.5.5.jar:/home/alex/.m2/repository/org/apache/zookeeper/zookeeper-jute/3.5.5/zookeeper-jute-3.5.5.jar:/home/alex/.m2/repository/org/apache/yetus/audience-annotations/0.5.0/audience-annotations-0.5.0.jar:/home/alex/.m2/repository/com/github/ben-manes/caffeine/caffeine/2.8.4/caffeine-2.8.4.jar:/home/alex/.m2/repository/org/checkerframework/checker-qual/3.4.0/checker-qual-3.4.0.jar:/home/alex/.m2/repository/com/google/errorprone/error_prone_annotations/2.3.4/error_prone_annotations-2.3.4.jar:/home/alex/.m2/repository/org/apache/curator/curator-recipes/4.2.0/curator-recipes-4.2.0.jar:/home/alex/.m2/repository/org/apache/curator/curator-framework/4.2.0/curator-framework-4.2.0.jar:/home/alex/.m2/repository/org/apache/curator/curator-client/4.2.0/curator-client-4.2.0.jar:/home/alex/.m2/repository/org/slf4j/slf4j-api/1.7.30/slf4j-api-1.7.30.jar:/home/alex/.m2/repository/org/apache/orc/orc-core/1.6.9/orc-core-1.6.9.jar:/home/alex/.m2/repository/org/apache/orc/orc-shims/1.6.9/orc-shims-1.6.9.jar:/home/alex/.m2/repository/io/airlift/aircompressor/0.19/aircompressor-0.19.jar:/home/alex/.m2/repository/javax/xml/bind/jaxb-api/2.2.11/jaxb-api-2.2.11.jar:/home/alex/.m2/repository/org/jetbrains/annotations/17.0.0/annotations-17.0.0.jar:/home/alex/.m2/repository/org/threeten/threeten-extra/1.5.0/threeten-extra-1.5.0.jar:/home/alex/.m2/repository/com/fasterxml/jackson/core/jackson-databind/2.12.0/jackson-databind-2.12.0.jar:/home/alex/.m2/repository/com/fasterxml/jackson/core/jackson-annotations/2.12.0/jackson-annotations-2.12.0.jar:/home/alex/.m2/repository/com/fasterxml/jackson/core/jackson-core/2.12.0/jackson-core-2.12.0.jar:/home/alex/.m2/repository/com/github/joshelser/dropwizard-metrics-hadoop-metrics2-reporter/0.1.2/dropwizard-metrics-hadoop-metrics2-reporter-0.1.2.jar:/home/alex/.m2/repository/com/google/guava/guava/19.0/guava-19.0.jar:/home/alex/.m2/repository/com/google/protobuf/protobuf-java/2.6.1/protobuf-java-2.6.1.jar:/home/alex/.m2/repository/com/zaxxer/HikariCP/2.6.1/HikariCP-2.6.1.jar:/home/alex/.m2/repository/org/apache/commons/commons-dbcp2/2.7.0/commons-dbcp2-2.7.0.jar:/home/alex/.m2/repository/org/apache/commons/commons-pool2/2.7.0/commons-pool2-2.7.0.jar:/home/alex/.m2/repository/io/dropwizard/metrics/metrics-core/3.1.0/metrics-core-3.1.0.jar:/home/alex/.m2/repository/io/dropwizard/metrics/metrics-jvm/3.1.0/metrics-jvm-3.1.0.jar:/home/alex/.m2/repository/io/dropwizard/metrics/metrics-json/3.1.0/metrics-json-3.1.0.jar:/home/alex/.m2/repository/javolution/javolution/5.5.1/javolution-5.5.1.jar:/home/alex/.m2/repository/org/antlr/antlr-runtime/3.5.2/antlr-runtime-3.5.2.jar:/home/alex/.m2/repository/org/apache/commons/commons-lang3/3.9/commons-lang3-3.9.jar:/home/alex/.m2/repository/org/apache/derby/derby/10.14.1.0/derby-10.14.1.0.jar:/home/alex/.m2/repository/org/apache/hadoop/hadoop-common/3.1.0/hadoop-common-3.1.0.jar:/home/alex/.m2/repository/org/apache/hadoop/hadoop-annotations/3.1.0/hadoop-annotations-3.1.0.jar:/usr/lib/jvm/java-8-openjdk-amd64/jre/../lib/tools.jar:/home/alex/.m2/repository/commons-cli/commons-cli/1.2/commons-cli-1.2.jar:/home/alex/.m2/repository/org/apache/commons/commons-math3/3.1.1/commons-math3-3.1.1.jar:/home/alex/.m2/repository/org/apache/httpcomponents/httpclient/4.5.2/httpclient-4.5.2.jar:/home/alex/.m2/repository/commons-codec/commons-codec/1.11/commons-codec-1.11.jar:/home/alex/.m2/repository/commons-io/commons-io/2.5/commons-io-2.5.jar:/home/alex/.m2/repository/commons-net/commons-net/3.6/commons-net-3.6.jar:/home/alex/.m2/repository/commons-collections/commons-collections/3.2.2/commons-collections-3.2.2.jar:/home/alex/.m2/repository/javax/servlet/javax.servlet-api/3.1.0/javax.servlet-api-3.1.0.jar:/home/alex/.m2/repository/org/eclipse/jetty/jetty-server/9.3.19.v20170502/jetty-server-9.3.19.v20170502.jar:/home/alex/.m2/repository/org/eclipse/jetty/jetty-http/9.3.19.v20170502/jetty-http-9.3.19.v20170502.jar:/home/alex/.m2/repository/org/eclipse/jetty/jetty-io/9.3.19.v20170502/jetty-io-9.3.19.v20170502.jar:/home/alex/.m2/repository/org/eclipse/jetty/jetty-util/9.3.19.v20170502/jetty-util-9.3.19.v20170502.jar:/home/alex/.m2/repository/org/eclipse/jetty/jetty-servlet/9.3.19.v20170502/jetty-servlet-9.3.19.v20170502.jar:/home/alex/.m2/repository/org/eclipse/jetty/jetty-security/9.3.19.v20170502/jetty-security-9.3.19.v20170502.jar:/home/alex/.m2/repository/org/eclipse/jetty/jetty-webapp/9.3.19.v20170502/jetty-webapp-9.3.19.v20170502.jar:/home/alex/.m2/repository/org/eclipse/jetty/jetty-xml/9.3.19.v20170502/jetty-xml-9.3.19.v20170502.jar:/home/alex/.m2/repository/javax/servlet/jsp/jsp-api/2.1/jsp-api-2.1.jar:/home/alex/.m2/repository/com/sun/jersey/jersey-core/1.19/jersey-core-1.19.jar:/home/alex/.m2/repository/javax/ws/rs/jsr311-api/1.1.1/jsr311-api-1.1.1.jar:/home/alex/.m2/repository/com/sun/jersey/jersey-servlet/1.19/jersey-servlet-1.19.jar:/home/alex/.m2/repository/com/sun/jersey/jersey-json/1.19/jersey-json-1.19.jar:/home/alex/.m2/repository/org/codehaus/jettison/jettison/1.1/jettison-1.1.jar:/home/alex/.m2/repository/com/sun/xml/bind/jaxb-impl/2.2.3-1/jaxb-impl-2.2.3-1.jar:/home/alex/.m2/repository/org/codehaus/jackson/jackson-core-asl/1.9.2/jackson-core-asl-1.9.2.jar:/home/alex/.m2/repository/org/codehaus/jackson/jackson-mapper-asl/1.9.2/jackson-mapper-asl-1.9.2.jar:/home/alex/.m2/repository/org/codehaus/jackson/jackson-jaxrs/1.9.2/jackson-jaxrs-1.9.2.jar:/home/alex/.m2/repository/org/codehaus/jackson/jackson-xc/1.9.2/jackson-xc-1.9.2.jar:/home/alex/.m2/repository/com/sun/jersey/jersey-server/1.19/jersey-server-1.19.jar:/home/alex/.m2/repository/log4j/log4j/1.2.17/log4j-1.2.17.jar:/home/alex/.m2/repository/commons-lang/commons-lang/2.6/commons-lang-2.6.jar:/home/alex/.m2/repository/org/apache/commons/commons-configuration2/2.1.1/commons-configuration2-2.1.1.jar:/home/alex/.m2/repository/org/apache/avro/avro/1.7.7/avro-1.7.7.jar:/home/alex/.m2/repository/com/thoughtworks/paranamer/paranamer/2.3/paranamer-2.3.jar:/home/alex/.m2/repository/org/xerial/snappy/snappy-java/1.0.5/snappy-java-1.0.5.jar:/home/alex/.m2/repository/com/google/re2j/re2j/1.1/re2j-1.1.jar:/home/alex/.m2/repository/com/google/code/gson/gson/2.2.4/gson-2.2.4.jar:/home/alex/.m2/repository/org/apache/hadoop/hadoop-auth/3.1.0/hadoop-auth-3.1.0.jar:/home/alex/.m2/repository/com/nimbusds/nimbus-jose-jwt/4.41.1/nimbus-jose-jwt-4.41.1.jar:/home/alex/.m2/repository/com/github/stephenc/jcip/jcip-annotations/1.0-1/jcip-annotations-1.0-1.jar:/home/alex/.m2/repository/net/minidev/json-smart/2.3/json-smart-2.3.jar:/home/alex/.m2/repository/net/minidev/accessors-smart/1.2/accessors-smart-1.2.jar:/home/alex/.m2/repository/org/ow2/asm/asm/5.0.4/asm-5.0.4.jar:/home/alex/.m2/repository/com/jcraft/jsch/0.1.54/jsch-0.1.54.jar:/home/alex/.m2/repository/com/google/code/findbugs/jsr305/3.0.0/jsr305-3.0.0.jar:/home/alex/.m2/repository/org/apache/htrace/htrace-core4/4.1.0-incubating/htrace-core4-4.1.0-incubating.jar:/home/alex/.m2/repository/org/apache/commons/commons-compress/1.4.1/commons-compress-1.4.1.jar:/home/alex/.m2/repository/org/tukaani/xz/1.0/xz-1.0.jar:/home/alex/.m2/repository/org/apache/kerby/kerb-simplekdc/1.0.1/kerb-simplekdc-1.0.1.jar:/home/alex/.m2/repository/org/apache/kerby/kerb-client/1.0.1/kerb-client-1.0.1.jar:/home/alex/.m2/repository/org/apache/kerby/kerby-config/1.0.1/kerby-config-1.0.1.jar:/home/alex/.m2/repository/org/apache/kerby/kerb-core/1.0.1/kerb-core-1.0.1.jar:/home/alex/.m2/repository/org/apache/kerby/kerby-pkix/1.0.1/kerby-pkix-1.0.1.jar:/home/alex/.m2/repository/org/apache/kerby/kerby-asn1/1.0.1/kerby-asn1-1.0.1.jar:/home/alex/.m2/repository/org/apache/kerby/kerby-util/1.0.1/kerby-util-1.0.1.jar:/home/alex/.m2/repository/org/apache/kerby/kerb-common/1.0.1/kerb-common-1.0.1.jar:/home/alex/.m2/repository/org/apache/kerby/kerb-crypto/1.0.1/kerb-crypto-1.0.1.jar:/home/alex/.m2/repository/org/apache/kerby/kerb-util/1.0.1/kerb-util-1.0.1.jar:/home/alex/.m2/repository/org/apache/kerby/token-provider/1.0.1/token-provider-1.0.1.jar:/home/alex/.m2/repository/org/apache/kerby/kerb-admin/1.0.1/kerb-admin-1.0.1.jar:/home/alex/.m2/repository/org/apache/kerby/kerb-server/1.0.1/kerb-server-1.0.1.jar:/home/alex/.m2/repository/org/apache/kerby/kerb-identity/1.0.1/kerb-identity-1.0.1.jar:/home/alex/.m2/repository/org/apache/kerby/kerby-xdr/1.0.1/kerby-xdr-1.0.1.jar:/home/alex/.m2/repository/org/codehaus/woodstox/stax2-api/3.1.4/stax2-api-3.1.4.jar:/home/alex/.m2/repository/com/fasterxml/woodstox/woodstox-core/5.0.3/woodstox-core-5.0.3.jar:/home/alex/.m2/repository/org/apache/hadoop/hadoop-distcp/3.1.0/hadoop-distcp-3.1.0.jar:/home/alex/.m2/repository/org/apache/hadoop/hadoop-hdfs/3.1.0/hadoop-hdfs-3.1.0.jar:/home/alex/.m2/repository/org/eclipse/jetty/jetty-util-ajax/9.3.19.v20170502/jetty-util-ajax-9.3.19.v20170502.jar:/home/alex/.m2/repository/commons-daemon/commons-daemon/1.0.13/commons-daemon-1.0.13.jar:/home/alex/.m2/repository/org/fusesource/leveldbjni/leveldbjni-all/1.8/leveldbjni-all-1.8.jar:/home/alex/.m2/repository/org/apache/hadoop/hadoop-hdfs-client/3.1.0/hadoop-hdfs-client-3.1.0.jar:/home/alex/.m2/repository/com/squareup/okhttp/okhttp/2.7.5/okhttp-2.7.5.jar:/home/alex/.m2/repository/com/squareup/okio/okio/1.6.0/okio-1.6.0.jar:/home/alex/.m2/repository/org/apache/hadoop/hadoop-mapreduce-client-core/3.1.0/hadoop-mapreduce-client-core-3.1.0.jar:/home/alex/.m2/repository/org/apache/hadoop/hadoop-yarn-client/3.1.0/hadoop-yarn-client-3.1.0.jar:/home/alex/.m2/repository/org/apache/hadoop/hadoop-yarn-api/3.1.0/hadoop-yarn-api-3.1.0.jar:/home/alex/.m2/repository/org/apache/hadoop/hadoop-yarn-common/3.1.0/hadoop-yarn-common-3.1.0.jar:/home/alex/.m2/repository/com/sun/jersey/jersey-client/1.19/jersey-client-1.19.jar:/home/alex/.m2/repository/com/google/inject/guice/4.0/guice-4.0.jar:/home/alex/.m2/repository/javax/inject/javax.inject/1/javax.inject-1.jar:/home/alex/.m2/repository/aopalliance/aopalliance/1.0/aopalliance-1.0.jar:/home/alex/.m2/repository/com/sun/jersey/contribs/jersey-guice/1.19/jersey-guice-1.19.jar:/home/alex/.m2/repository/com/fasterxml/jackson/module/jackson-module-jaxb-annotations/2.12.0/jackson-module-jaxb-annotations-2.12.0.jar:/home/alex/.m2/repository/jakarta/xml/bind/jakarta.xml.bind-api/2.3.2/jakarta.xml.bind-api-2.3.2.jar:/home/alex/.m2/repository/jakarta/activation/jakarta.activation-api/1.2.1/jakarta.activation-api-1.2.1.jar:/home/alex/.m2/repository/com/fasterxml/jackson/jaxrs/jackson-jaxrs-json-provider/2.12.0/jackson-jaxrs-json-provider-2.12.0.jar:/home/alex/.m2/repository/com/fasterxml/jackson/jaxrs/jackson-jaxrs-base/2.12.0/jackson-jaxrs-base-2.12.0.jar:/home/alex/.m2/repository/com/google/inject/extensions/guice-servlet/4.0/guice-servlet-4.0.jar:/home/alex/.m2/repository/commons-beanutils/commons-beanutils/1.9.4/commons-beanutils-1.9.4.jar:/home/alex/Repositories/hive/storage-api/target/classes:/home/alex/.m2/repository/org/apache/logging/log4j/log4j-slf4j-impl/2.13.2/log4j-slf4j-impl-2.13.2.jar:/home/alex/.m2/repository/org/apache/logging/log4j/log4j-api/2.13.2/log4j-api-2.13.2.jar:/home/alex/.m2/repository/org/apache/logging/log4j/log4j-1.2-api/2.13.2/log4j-1.2-api-2.13.2.jar:/home/alex/.m2/repository/org/apache/logging/log4j/log4j-core/2.13.2/log4j-core-2.13.2.jar:/home/alex/.m2/repository/org/apache/thrift/libfb303/0.9.3/libfb303-0.9.3.jar:/home/alex/.m2/repository/org/apache/thrift/libthrift/0.14.1/libthrift-0.14.1.jar:/home/alex/.m2/repository/org/apache/httpcomponents/httpcore/4.4.12/httpcore-4.4.12.jar:/home/alex/.m2/repository/org/apache/tomcat/embed/tomcat-embed-core/8.5.46/tomcat-embed-core-8.5.46.jar:/home/alex/.m2/repository/org/apache/tomcat/tomcat-annotations-api/8.5.46/tomcat-annotations-api-8.5.46.jar:/home/alex/.m2/repository/javax/annotation/javax.annotation-api/1.3.2/javax.annotation-api-1.3.2.jar:/home/alex/.m2/repository/org/datanucleus/datanucleus-api-jdo/5.2.4/datanucleus-api-jdo-5.2.4.jar:/home/alex/.m2/repository/org/datanucleus/datanucleus-core/5.2.4/datanucleus-core-5.2.4.jar:/home/alex/.m2/repository/org/datanucleus/datanucleus-rdbms/5.2.4/datanucleus-rdbms-5.2.4.jar:/home/alex/.m2/repository/org/datanucleus/javax.jdo/3.2.0-release/javax.jdo-3.2.0-release.jar:/home/alex/.m2/repository/javax/transaction/javax.transaction-api/1.3/javax.transaction-api-1.3.jar:/home/alex/.m2/repository/org/glassfish/corba/glassfish-corba-omgapi/4.2.2/glassfish-corba-omgapi-4.2.2.jar:/home/alex/.m2/repository/org/skyscreamer/jsonassert/1.4.0/jsonassert-1.4.0.jar:/home/alex/.m2/repository/com/vaadin/external/google/android-json/0.0.20131108.vaadin1/android-json-0.0.20131108.vaadin1.jar:/home/alex/.m2/repository/sqlline/sqlline/1.9.0/sqlline-1.9.0.jar:/home/alex/.m2/repository/org/jline/jline-terminal/3.12.1/jline-terminal-3.12.1.jar:/home/alex/.m2/repository/org/jline/jline-reader/3.12.1/jline-reader-3.12.1.jar:/home/alex/.m2/repository/org/jline/jline-terminal-jansi/3.12.1/jline-terminal-jansi-3.12.1.jar:/home/alex/.m2/repository/org/fusesource/jansi/jansi/1.18/jansi-1.18.jar:/home/alex/.m2/repository/org/jline/jline-terminal-jna/3.12.1/jline-terminal-jna-3.12.1.jar:/home/alex/.m2/repository/net/java/dev/jna/jna/5.3.1/jna-5.3.1.jar:/home/alex/.m2/repository/org/jline/jline-builtins/3.12.1/jline-builtins-3.12.1.jar:/home/alex/.m2/repository/org/jline/jline-style/3.12.1/jline-style-3.12.1.jar:/home/alex/.m2/repository/jline/jline/2.14.6/jline-2.14.6.jar:/home/alex/.m2/repository/commons-logging/commons-logging/1.1.3/commons-logging-1.1.3.jar:/home/alex/.m2/repository/com/cronutils/cron-utils/9.1.3/cron-utils-9.1.3.jar:/home/alex/.m2/repository/org/glassfish/javax.el/3.0.0/javax.el-3.0.0.jar:/home/alex/.m2/repository/com/oracle/database/jdbc/ojdbc8/21.3.0.0/ojdbc8-21.3.0.0.jar:/home/alex/.m2/repository/mysql/mysql-connector-java/8.0.27/mysql-connector-java-8.0.27.jar:/home/alex/.m2/repository/com/microsoft/sqlserver/mssql-jdbc/6.2.1.jre8/mssql-jdbc-6.2.1.jre8.jar:/home/alex/.m2/repository/junit/junit/4.13/junit-4.13.jar:/home/alex/.m2/repository/org/hamcrest/hamcrest-core/1.3/hamcrest-core-1.3.jar:/home/alex/.m2/repository/org/apache/directory/server/apacheds-server-integ/1.5.7/apacheds-server-integ-1.5.7.jar:/home/alex/.m2/repository/org/apache/directory/server/apacheds-interceptor-kerberos/1.5.7/apacheds-interceptor-kerberos-1.5.7.jar:/home/alex/.m2/repository/org/apache/directory/server/apacheds-core/1.5.7/apacheds-core-1.5.7.jar:/home/alex/.m2/repository/org/apache/directory/server/apacheds-core-api/1.5.7/apacheds-core-api-1.5.7.jar:/home/alex/.m2/repository/org/apache/directory/server/apacheds-core-entry/1.5.7/apacheds-core-entry-1.5.7.jar:/home/alex/.m2/repository/org/apache/directory/server/apacheds-core-constants/1.5.7/apacheds-core-constants-1.5.7.jar:/home/alex/.m2/repository/org/apache/directory/server/apacheds-utils/1.5.7/apacheds-utils-1.5.7.jar:/home/alex/.m2/repository/org/apache/directory/server/apacheds-kerberos-shared/1.5.7/apacheds-kerberos-shared-1.5.7.jar:/home/alex/.m2/repository/org/apache/directory/server/apacheds-core-jndi/1.5.7/apacheds-core-jndi-1.5.7.jar:/home/alex/.m2/repository/org/apache/directory/server/apacheds-protocol-shared/1.5.7/apacheds-protocol-shared-1.5.7.jar:/home/alex/.m2/repository/org/apache/directory/server/apacheds-core-integ/1.5.7/apacheds-core-integ-1.5.7.jar:/home/alex/.m2/repository/ldapsdk/ldapsdk/4.1/ldapsdk-4.1.jar:/home/alex/.m2/repository/org/apache/directory/client/ldap/ldap-client-api/0.1/ldap-client-api-0.1.jar:/home/alex/.m2/repository/commons-pool/commons-pool/1.5.4/commons-pool-1.5.4.jar:/home/alex/.m2/repository/org/apache/mina/mina-core/2.0.0-RC1/mina-core-2.0.0-RC1.jar:/home/alex/.m2/repository/org/apache/directory/shared/shared-ldap/0.9.19/shared-ldap-0.9.19.jar:/home/alex/.m2/repository/org/apache/directory/shared/shared-i18n/0.9.19/shared-i18n-0.9.19.jar:/home/alex/.m2/repository/antlr/antlr/2.7.7/antlr-2.7.7.jar:/home/alex/.m2/repository/org/apache/directory/shared/shared-ldap-schema/0.9.19/shared-ldap-schema-0.9.19.jar:/home/alex/.m2/repository/org/apache/directory/shared/shared-ldap-schema-loader/0.9.19/shared-ldap-schema-loader-0.9.19.jar:/home/alex/.m2/repository/org/apache/directory/shared/shared-ldap-schema-manager/0.9.19/shared-ldap-schema-manager-0.9.19.jar:/home/alex/.m2/repository/org/apache/directory/shared/shared-cursor/0.9.19/shared-cursor-0.9.19.jar:/home/alex/.m2/repository/org/apache/directory/shared/shared-ldap-jndi/0.9.19/shared-ldap-jndi-0.9.19.jar:/home/alex/.m2/repository/org/apache/directory/shared/shared-asn1-codec/0.9.19/shared-asn1-codec-0.9.19.jar:/home/alex/.m2/repository/org/apache/directory/shared/shared-asn1/0.9.19/shared-asn1-0.9.19.jar:/home/alex/.m2/repository/org/apache/directory/shared/shared-ldap-constants/0.9.19/shared-ldap-constants-0.9.19.jar:/home/alex/.m2/repository/org/apache/directory/shared/shared-ldap-converter/0.9.19/shared-ldap-converter-0.9.19.jar:/home/alex/.m2/repository/org/apache/directory/shared/shared-ldap-schema-dao/0.9.19/shared-ldap-schema-dao-0.9.19.jar:/home/alex/.m2/repository/org/apache/directory/shared/shared-ldif/0.9.19/shared-ldif-0.9.19.jar:/home/alex/.m2/repository/org/apache/directory/shared/shared-dsml-parser/0.9.19/shared-dsml-parser-0.9.19.jar:/home/alex/.m2/repository/dom4j/dom4j/1.6.1/dom4j-1.6.1.jar:/home/alex/.m2/repository/xml-apis/xml-apis/1.0.b2/xml-apis-1.0.b2.jar:/home/alex/.m2/repository/xpp3/xpp3/1.1.4c/xpp3-1.1.4c.jar:/home/alex/.m2/repository/org/apache/directory/server/apacheds-test-framework/1.5.7/apacheds-test-framework-1.5.7.jar:/home/alex/.m2/repository/org/apache/directory/server/apacheds-i18n/1.5.7/apacheds-i18n-1.5.7.jar:/home/alex/.m2/repository/org/apache/directory/server/apacheds-server-annotations/1.5.7/apacheds-server-annotations-1.5.7.jar:/home/alex/.m2/repository/org/apache/directory/server/apacheds-core-annotations/1.5.7/apacheds-core-annotations-1.5.7.jar:/home/alex/.m2/repository/org/apache/directory/server/apacheds-jdbm-partition/1.5.7/apacheds-jdbm-partition-1.5.7.jar:/home/alex/.m2/repository/org/apache/directory/server/apacheds-jdbm-store/1.5.7/apacheds-jdbm-store-1.5.7.jar:/home/alex/.m2/repository/org/apache/directory/server/apacheds-jdbm/1.5.7/apacheds-jdbm-1.5.7.jar:/home/alex/.m2/repository/org/apache/directory/server/apacheds-core-avl/1.5.7/apacheds-core-avl-1.5.7.jar:/home/alex/.m2/repository/org/apache/directory/server/apacheds-xdbm-search/1.5.7/apacheds-xdbm-search-1.5.7.jar:/home/alex/.m2/repository/org/apache/directory/server/apacheds-ldif-partition/1.5.7/apacheds-ldif-partition-1.5.7.jar:/home/alex/.m2/repository/org/apache/directory/server/apacheds-avl-partition/1.5.7/apacheds-avl-partition-1.5.7.jar:/home/alex/.m2/repository/org/apache/directory/server/apacheds-core-mock/1.5.7/apacheds-core-mock-1.5.7.jar:/home/alex/.m2/repository/org/apache/directory/server/apacheds-protocol-ldap/1.5.7/apacheds-protocol-ldap-1.5.7.jar:/home/alex/.m2/repository/org/apache/directory/server/apacheds-xdbm-tools/1.5.7/apacheds-xdbm-tools-1.5.7.jar:/home/alex/.m2/repository/org/apache/directory/server/apacheds-xdbm-base/1.5.7/apacheds-xdbm-base-1.5.7.jar:/home/alex/.m2/repository/org/apache/directory/server/apacheds-protocol-kerberos/1.5.7/apacheds-protocol-kerberos-1.5.7.jar:/home/alex/.m2/repository/org/mockito/mockito-core/3.3.3/mockito-core-3.3.3.jar:/home/alex/.m2/repository/net/bytebuddy/byte-buddy/1.10.5/byte-buddy-1.10.5.jar:/home/alex/.m2/repository/net/bytebuddy/byte-buddy-agent/1.10.5/byte-buddy-agent-1.10.5.jar:/home/alex/.m2/repository/org/objenesis/objenesis/2.6/objenesis-2.6.jar:/home/alex/.m2/repository/org/postgresql/postgresql/42.2.14/postgresql-42.2.14.jar:/home/alex/.m2/repository/org/apache/curator/curator-test/4.2.0/curator-test-4.2.0.jar:/home/alex/Repositories/hive/standalone-metastore/metastore-server/src/test/resources:"/>
    <property name="java.vm.vendor" value="Private Build"/>
    <property name="nondexPrintstack" value="false"/>
    <property name="sun.arch.data.model" value="64"/>
    <property name="java.vendor.url" value="http://java.oracle.com/"/>
    <property name="user.timezone" value="Europe/Lisbon"/>
    <property name="user.country.format" value="PT"/>
    <property name="os.name" value="Linux"/>
    <property name="test.tmp.dir" value="/home/alex/Repositories/hive/standalone-metastore/metastore-server/target/tmp"/>
    <property name="java.vm.specification.version" value="1.8"/>
    <property name="sun.java.launcher" value="SUN_STANDARD"/>
    <property name="user.country" value="US"/>
    <property name="sun.boot.library.path" value="/usr/lib/jvm/java-8-openjdk-amd64/jre/lib/amd64"/>
    <property name="sun.java.command" value="/home/alex/Repositories/hive/standalone-metastore/metastore-server/target/surefire/surefirebooter2414442421718343389.jar /home/alex/Repositories/hive/standalone-metastore/metastore-server/target/surefire 2024-04-23T21-59-46_173-jvmRun1 surefire8283390421605272446tmp surefire_11164167320061367620282tmp"/>
    <property name="nondexLogging" value="CONFIG"/>
    <property name="surefire.test.class.path" value="/home/alex/Repositories/hive/standalone-metastore/metastore-server/target/test-classes:/home/alex/Repositories/hive/standalone-metastore/metastore-server/target/classes:/home/alex/Repositories/hive/standalone-metastore/metastore-common/target/classes:/home/alex/.m2/repository/org/antlr/ST4/4.0.4/ST4-4.0.4.jar:/home/alex/.m2/repository/org/apache/zookeeper/zookeeper/3.5.5/zookeeper-3.5.5.jar:/home/alex/.m2/repository/org/apache/zookeeper/zookeeper-jute/3.5.5/zookeeper-jute-3.5.5.jar:/home/alex/.m2/repository/org/apache/yetus/audience-annotations/0.5.0/audience-annotations-0.5.0.jar:/home/alex/.m2/repository/com/github/ben-manes/caffeine/caffeine/2.8.4/caffeine-2.8.4.jar:/home/alex/.m2/repository/org/checkerframework/checker-qual/3.4.0/checker-qual-3.4.0.jar:/home/alex/.m2/repository/com/google/errorprone/error_prone_annotations/2.3.4/error_prone_annotations-2.3.4.jar:/home/alex/.m2/repository/org/apache/curator/curator-recipes/4.2.0/curator-recipes-4.2.0.jar:/home/alex/.m2/repository/org/apache/curator/curator-framework/4.2.0/curator-framework-4.2.0.jar:/home/alex/.m2/repository/org/apache/curator/curator-client/4.2.0/curator-client-4.2.0.jar:/home/alex/.m2/repository/org/slf4j/slf4j-api/1.7.30/slf4j-api-1.7.30.jar:/home/alex/.m2/repository/org/apache/orc/orc-core/1.6.9/orc-core-1.6.9.jar:/home/alex/.m2/repository/org/apache/orc/orc-shims/1.6.9/orc-shims-1.6.9.jar:/home/alex/.m2/repository/io/airlift/aircompressor/0.19/aircompressor-0.19.jar:/home/alex/.m2/repository/javax/xml/bind/jaxb-api/2.2.11/jaxb-api-2.2.11.jar:/home/alex/.m2/repository/org/jetbrains/annotations/17.0.0/annotations-17.0.0.jar:/home/alex/.m2/repository/org/threeten/threeten-extra/1.5.0/threeten-extra-1.5.0.jar:/home/alex/.m2/repository/com/fasterxml/jackson/core/jackson-databind/2.12.0/jackson-databind-2.12.0.jar:/home/alex/.m2/repository/com/fasterxml/jackson/core/jackson-annotations/2.12.0/jackson-annotations-2.12.0.jar:/home/alex/.m2/repository/com/fasterxml/jackson/core/jackson-core/2.12.0/jackson-core-2.12.0.jar:/home/alex/.m2/repository/com/github/joshelser/dropwizard-metrics-hadoop-metrics2-reporter/0.1.2/dropwizard-metrics-hadoop-metrics2-reporter-0.1.2.jar:/home/alex/.m2/repository/com/google/guava/guava/19.0/guava-19.0.jar:/home/alex/.m2/repository/com/google/protobuf/protobuf-java/2.6.1/protobuf-java-2.6.1.jar:/home/alex/.m2/repository/com/zaxxer/HikariCP/2.6.1/HikariCP-2.6.1.jar:/home/alex/.m2/repository/org/apache/commons/commons-dbcp2/2.7.0/commons-dbcp2-2.7.0.jar:/home/alex/.m2/repository/org/apache/commons/commons-pool2/2.7.0/commons-pool2-2.7.0.jar:/home/alex/.m2/repository/io/dropwizard/metrics/metrics-core/3.1.0/metrics-core-3.1.0.jar:/home/alex/.m2/repository/io/dropwizard/metrics/metrics-jvm/3.1.0/metrics-jvm-3.1.0.jar:/home/alex/.m2/repository/io/dropwizard/metrics/metrics-json/3.1.0/metrics-json-3.1.0.jar:/home/alex/.m2/repository/javolution/javolution/5.5.1/javolution-5.5.1.jar:/home/alex/.m2/repository/org/antlr/antlr-runtime/3.5.2/antlr-runtime-3.5.2.jar:/home/alex/.m2/repository/org/apache/commons/commons-lang3/3.9/commons-lang3-3.9.jar:/home/alex/.m2/repository/org/apache/derby/derby/10.14.1.0/derby-10.14.1.0.jar:/home/alex/.m2/repository/org/apache/hadoop/hadoop-common/3.1.0/hadoop-common-3.1.0.jar:/home/alex/.m2/repository/org/apache/hadoop/hadoop-annotations/3.1.0/hadoop-annotations-3.1.0.jar:/usr/lib/jvm/java-8-openjdk-amd64/jre/../lib/tools.jar:/home/alex/.m2/repository/commons-cli/commons-cli/1.2/commons-cli-1.2.jar:/home/alex/.m2/repository/org/apache/commons/commons-math3/3.1.1/commons-math3-3.1.1.jar:/home/alex/.m2/repository/org/apache/httpcomponents/httpclient/4.5.2/httpclient-4.5.2.jar:/home/alex/.m2/repository/commons-codec/commons-codec/1.11/commons-codec-1.11.jar:/home/alex/.m2/repository/commons-io/commons-io/2.5/commons-io-2.5.jar:/home/alex/.m2/repository/commons-net/commons-net/3.6/commons-net-3.6.jar:/home/alex/.m2/repository/commons-collections/commons-collections/3.2.2/commons-collections-3.2.2.jar:/home/alex/.m2/repository/javax/servlet/javax.servlet-api/3.1.0/javax.servlet-api-3.1.0.jar:/home/alex/.m2/repository/org/eclipse/jetty/jetty-server/9.3.19.v20170502/jetty-server-9.3.19.v20170502.jar:/home/alex/.m2/repository/org/eclipse/jetty/jetty-http/9.3.19.v20170502/jetty-http-9.3.19.v20170502.jar:/home/alex/.m2/repository/org/eclipse/jetty/jetty-io/9.3.19.v20170502/jetty-io-9.3.19.v20170502.jar:/home/alex/.m2/repository/org/eclipse/jetty/jetty-util/9.3.19.v20170502/jetty-util-9.3.19.v20170502.jar:/home/alex/.m2/repository/org/eclipse/jetty/jetty-servlet/9.3.19.v20170502/jetty-servlet-9.3.19.v20170502.jar:/home/alex/.m2/repository/org/eclipse/jetty/jetty-security/9.3.19.v20170502/jetty-security-9.3.19.v20170502.jar:/home/alex/.m2/repository/org/eclipse/jetty/jetty-webapp/9.3.19.v20170502/jetty-webapp-9.3.19.v20170502.jar:/home/alex/.m2/repository/org/eclipse/jetty/jetty-xml/9.3.19.v20170502/jetty-xml-9.3.19.v20170502.jar:/home/alex/.m2/repository/javax/servlet/jsp/jsp-api/2.1/jsp-api-2.1.jar:/home/alex/.m2/repository/com/sun/jersey/jersey-core/1.19/jersey-core-1.19.jar:/home/alex/.m2/repository/javax/ws/rs/jsr311-api/1.1.1/jsr311-api-1.1.1.jar:/home/alex/.m2/repository/com/sun/jersey/jersey-servlet/1.19/jersey-servlet-1.19.jar:/home/alex/.m2/repository/com/sun/jersey/jersey-json/1.19/jersey-json-1.19.jar:/home/alex/.m2/repository/org/codehaus/jettison/jettison/1.1/jettison-1.1.jar:/home/alex/.m2/repository/com/sun/xml/bind/jaxb-impl/2.2.3-1/jaxb-impl-2.2.3-1.jar:/home/alex/.m2/repository/org/codehaus/jackson/jackson-core-asl/1.9.2/jackson-core-asl-1.9.2.jar:/home/alex/.m2/repository/org/codehaus/jackson/jackson-mapper-asl/1.9.2/jackson-mapper-asl-1.9.2.jar:/home/alex/.m2/repository/org/codehaus/jackson/jackson-jaxrs/1.9.2/jackson-jaxrs-1.9.2.jar:/home/alex/.m2/repository/org/codehaus/jackson/jackson-xc/1.9.2/jackson-xc-1.9.2.jar:/home/alex/.m2/repository/com/sun/jersey/jersey-server/1.19/jersey-server-1.19.jar:/home/alex/.m2/repository/log4j/log4j/1.2.17/log4j-1.2.17.jar:/home/alex/.m2/repository/commons-lang/commons-lang/2.6/commons-lang-2.6.jar:/home/alex/.m2/repository/org/apache/commons/commons-configuration2/2.1.1/commons-configuration2-2.1.1.jar:/home/alex/.m2/repository/org/apache/avro/avro/1.7.7/avro-1.7.7.jar:/home/alex/.m2/repository/com/thoughtworks/paranamer/paranamer/2.3/paranamer-2.3.jar:/home/alex/.m2/repository/org/xerial/snappy/snappy-java/1.0.5/snappy-java-1.0.5.jar:/home/alex/.m2/repository/com/google/re2j/re2j/1.1/re2j-1.1.jar:/home/alex/.m2/repository/com/google/code/gson/gson/2.2.4/gson-2.2.4.jar:/home/alex/.m2/repository/org/apache/hadoop/hadoop-auth/3.1.0/hadoop-auth-3.1.0.jar:/home/alex/.m2/repository/com/nimbusds/nimbus-jose-jwt/4.41.1/nimbus-jose-jwt-4.41.1.jar:/home/alex/.m2/repository/com/github/stephenc/jcip/jcip-annotations/1.0-1/jcip-annotations-1.0-1.jar:/home/alex/.m2/repository/net/minidev/json-smart/2.3/json-smart-2.3.jar:/home/alex/.m2/repository/net/minidev/accessors-smart/1.2/accessors-smart-1.2.jar:/home/alex/.m2/repository/org/ow2/asm/asm/5.0.4/asm-5.0.4.jar:/home/alex/.m2/repository/com/jcraft/jsch/0.1.54/jsch-0.1.54.jar:/home/alex/.m2/repository/com/google/code/findbugs/jsr305/3.0.0/jsr305-3.0.0.jar:/home/alex/.m2/repository/org/apache/htrace/htrace-core4/4.1.0-incubating/htrace-core4-4.1.0-incubating.jar:/home/alex/.m2/repository/org/apache/commons/commons-compress/1.4.1/commons-compress-1.4.1.jar:/home/alex/.m2/repository/org/tukaani/xz/1.0/xz-1.0.jar:/home/alex/.m2/repository/org/apache/kerby/kerb-simplekdc/1.0.1/kerb-simplekdc-1.0.1.jar:/home/alex/.m2/repository/org/apache/kerby/kerb-client/1.0.1/kerb-client-1.0.1.jar:/home/alex/.m2/repository/org/apache/kerby/kerby-config/1.0.1/kerby-config-1.0.1.jar:/home/alex/.m2/repository/org/apache/kerby/kerb-core/1.0.1/kerb-core-1.0.1.jar:/home/alex/.m2/repository/org/apache/kerby/kerby-pkix/1.0.1/kerby-pkix-1.0.1.jar:/home/alex/.m2/repository/org/apache/kerby/kerby-asn1/1.0.1/kerby-asn1-1.0.1.jar:/home/alex/.m2/repository/org/apache/kerby/kerby-util/1.0.1/kerby-util-1.0.1.jar:/home/alex/.m2/repository/org/apache/kerby/kerb-common/1.0.1/kerb-common-1.0.1.jar:/home/alex/.m2/repository/org/apache/kerby/kerb-crypto/1.0.1/kerb-crypto-1.0.1.jar:/home/alex/.m2/repository/org/apache/kerby/kerb-util/1.0.1/kerb-util-1.0.1.jar:/home/alex/.m2/repository/org/apache/kerby/token-provider/1.0.1/token-provider-1.0.1.jar:/home/alex/.m2/repository/org/apache/kerby/kerb-admin/1.0.1/kerb-admin-1.0.1.jar:/home/alex/.m2/repository/org/apache/kerby/kerb-server/1.0.1/kerb-server-1.0.1.jar:/home/alex/.m2/repository/org/apache/kerby/kerb-identity/1.0.1/kerb-identity-1.0.1.jar:/home/alex/.m2/repository/org/apache/kerby/kerby-xdr/1.0.1/kerby-xdr-1.0.1.jar:/home/alex/.m2/repository/org/codehaus/woodstox/stax2-api/3.1.4/stax2-api-3.1.4.jar:/home/alex/.m2/repository/com/fasterxml/woodstox/woodstox-core/5.0.3/woodstox-core-5.0.3.jar:/home/alex/.m2/repository/org/apache/hadoop/hadoop-distcp/3.1.0/hadoop-distcp-3.1.0.jar:/home/alex/.m2/repository/org/apache/hadoop/hadoop-hdfs/3.1.0/hadoop-hdfs-3.1.0.jar:/home/alex/.m2/repository/org/eclipse/jetty/jetty-util-ajax/9.3.19.v20170502/jetty-util-ajax-9.3.19.v20170502.jar:/home/alex/.m2/repository/commons-daemon/commons-daemon/1.0.13/commons-daemon-1.0.13.jar:/home/alex/.m2/repository/org/fusesource/leveldbjni/leveldbjni-all/1.8/leveldbjni-all-1.8.jar:/home/alex/.m2/repository/org/apache/hadoop/hadoop-hdfs-client/3.1.0/hadoop-hdfs-client-3.1.0.jar:/home/alex/.m2/repository/com/squareup/okhttp/okhttp/2.7.5/okhttp-2.7.5.jar:/home/alex/.m2/repository/com/squareup/okio/okio/1.6.0/okio-1.6.0.jar:/home/alex/.m2/repository/org/apache/hadoop/hadoop-mapreduce-client-core/3.1.0/hadoop-mapreduce-client-core-3.1.0.jar:/home/alex/.m2/repository/org/apache/hadoop/hadoop-yarn-client/3.1.0/hadoop-yarn-client-3.1.0.jar:/home/alex/.m2/repository/org/apache/hadoop/hadoop-yarn-api/3.1.0/hadoop-yarn-api-3.1.0.jar:/home/alex/.m2/repository/org/apache/hadoop/hadoop-yarn-common/3.1.0/hadoop-yarn-common-3.1.0.jar:/home/alex/.m2/repository/com/sun/jersey/jersey-client/1.19/jersey-client-1.19.jar:/home/alex/.m2/repository/com/google/inject/guice/4.0/guice-4.0.jar:/home/alex/.m2/repository/javax/inject/javax.inject/1/javax.inject-1.jar:/home/alex/.m2/repository/aopalliance/aopalliance/1.0/aopalliance-1.0.jar:/home/alex/.m2/repository/com/sun/jersey/contribs/jersey-guice/1.19/jersey-guice-1.19.jar:/home/alex/.m2/repository/com/fasterxml/jackson/module/jackson-module-jaxb-annotations/2.12.0/jackson-module-jaxb-annotations-2.12.0.jar:/home/alex/.m2/repository/jakarta/xml/bind/jakarta.xml.bind-api/2.3.2/jakarta.xml.bind-api-2.3.2.jar:/home/alex/.m2/repository/jakarta/activation/jakarta.activation-api/1.2.1/jakarta.activation-api-1.2.1.jar:/home/alex/.m2/repository/com/fasterxml/jackson/jaxrs/jackson-jaxrs-json-provider/2.12.0/jackson-jaxrs-json-provider-2.12.0.jar:/home/alex/.m2/repository/com/fasterxml/jackson/jaxrs/jackson-jaxrs-base/2.12.0/jackson-jaxrs-base-2.12.0.jar:/home/alex/.m2/repository/com/google/inject/extensions/guice-servlet/4.0/guice-servlet-4.0.jar:/home/alex/.m2/repository/commons-beanutils/commons-beanutils/1.9.4/commons-beanutils-1.9.4.jar:/home/alex/Repositories/hive/storage-api/target/classes:/home/alex/.m2/repository/org/apache/logging/log4j/log4j-slf4j-impl/2.13.2/log4j-slf4j-impl-2.13.2.jar:/home/alex/.m2/repository/org/apache/logging/log4j/log4j-api/2.13.2/log4j-api-2.13.2.jar:/home/alex/.m2/repository/org/apache/logging/log4j/log4j-1.2-api/2.13.2/log4j-1.2-api-2.13.2.jar:/home/alex/.m2/repository/org/apache/logging/log4j/log4j-core/2.13.2/log4j-core-2.13.2.jar:/home/alex/.m2/repository/org/apache/thrift/libfb303/0.9.3/libfb303-0.9.3.jar:/home/alex/.m2/repository/org/apache/thrift/libthrift/0.14.1/libthrift-0.14.1.jar:/home/alex/.m2/repository/org/apache/httpcomponents/httpcore/4.4.12/httpcore-4.4.12.jar:/home/alex/.m2/repository/org/apache/tomcat/embed/tomcat-embed-core/8.5.46/tomcat-embed-core-8.5.46.jar:/home/alex/.m2/repository/org/apache/tomcat/tomcat-annotations-api/8.5.46/tomcat-annotations-api-8.5.46.jar:/home/alex/.m2/repository/javax/annotation/javax.annotation-api/1.3.2/javax.annotation-api-1.3.2.jar:/home/alex/.m2/repository/org/datanucleus/datanucleus-api-jdo/5.2.4/datanucleus-api-jdo-5.2.4.jar:/home/alex/.m2/repository/org/datanucleus/datanucleus-core/5.2.4/datanucleus-core-5.2.4.jar:/home/alex/.m2/repository/org/datanucleus/datanucleus-rdbms/5.2.4/datanucleus-rdbms-5.2.4.jar:/home/alex/.m2/repository/org/datanucleus/javax.jdo/3.2.0-release/javax.jdo-3.2.0-release.jar:/home/alex/.m2/repository/javax/transaction/javax.transaction-api/1.3/javax.transaction-api-1.3.jar:/home/alex/.m2/repository/org/glassfish/corba/glassfish-corba-omgapi/4.2.2/glassfish-corba-omgapi-4.2.2.jar:/home/alex/.m2/repository/org/skyscreamer/jsonassert/1.4.0/jsonassert-1.4.0.jar:/home/alex/.m2/repository/com/vaadin/external/google/android-json/0.0.20131108.vaadin1/android-json-0.0.20131108.vaadin1.jar:/home/alex/.m2/repository/sqlline/sqlline/1.9.0/sqlline-1.9.0.jar:/home/alex/.m2/repository/org/jline/jline-terminal/3.12.1/jline-terminal-3.12.1.jar:/home/alex/.m2/repository/org/jline/jline-reader/3.12.1/jline-reader-3.12.1.jar:/home/alex/.m2/repository/org/jline/jline-terminal-jansi/3.12.1/jline-terminal-jansi-3.12.1.jar:/home/alex/.m2/repository/org/fusesource/jansi/jansi/1.18/jansi-1.18.jar:/home/alex/.m2/repository/org/jline/jline-terminal-jna/3.12.1/jline-terminal-jna-3.12.1.jar:/home/alex/.m2/repository/net/java/dev/jna/jna/5.3.1/jna-5.3.1.jar:/home/alex/.m2/repository/org/jline/jline-builtins/3.12.1/jline-builtins-3.12.1.jar:/home/alex/.m2/repository/org/jline/jline-style/3.12.1/jline-style-3.12.1.jar:/home/alex/.m2/repository/jline/jline/2.14.6/jline-2.14.6.jar:/home/alex/.m2/repository/commons-logging/commons-logging/1.1.3/commons-logging-1.1.3.jar:/home/alex/.m2/repository/com/cronutils/cron-utils/9.1.3/cron-utils-9.1.3.jar:/home/alex/.m2/repository/org/glassfish/javax.el/3.0.0/javax.el-3.0.0.jar:/home/alex/.m2/repository/com/oracle/database/jdbc/ojdbc8/21.3.0.0/ojdbc8-21.3.0.0.jar:/home/alex/.m2/repository/mysql/mysql-connector-java/8.0.27/mysql-connector-java-8.0.27.jar:/home/alex/.m2/repository/com/microsoft/sqlserver/mssql-jdbc/6.2.1.jre8/mssql-jdbc-6.2.1.jre8.jar:/home/alex/.m2/repository/junit/junit/4.13/junit-4.13.jar:/home/alex/.m2/repository/org/hamcrest/hamcrest-core/1.3/hamcrest-core-1.3.jar:/home/alex/.m2/repository/org/apache/directory/server/apacheds-server-integ/1.5.7/apacheds-server-integ-1.5.7.jar:/home/alex/.m2/repository/org/apache/directory/server/apacheds-interceptor-kerberos/1.5.7/apacheds-interceptor-kerberos-1.5.7.jar:/home/alex/.m2/repository/org/apache/directory/server/apacheds-core/1.5.7/apacheds-core-1.5.7.jar:/home/alex/.m2/repository/org/apache/directory/server/apacheds-core-api/1.5.7/apacheds-core-api-1.5.7.jar:/home/alex/.m2/repository/org/apache/directory/server/apacheds-core-entry/1.5.7/apacheds-core-entry-1.5.7.jar:/home/alex/.m2/repository/org/apache/directory/server/apacheds-core-constants/1.5.7/apacheds-core-constants-1.5.7.jar:/home/alex/.m2/repository/org/apache/directory/server/apacheds-utils/1.5.7/apacheds-utils-1.5.7.jar:/home/alex/.m2/repository/org/apache/directory/server/apacheds-kerberos-shared/1.5.7/apacheds-kerberos-shared-1.5.7.jar:/home/alex/.m2/repository/org/apache/directory/server/apacheds-core-jndi/1.5.7/apacheds-core-jndi-1.5.7.jar:/home/alex/.m2/repository/org/apache/directory/server/apacheds-protocol-shared/1.5.7/apacheds-protocol-shared-1.5.7.jar:/home/alex/.m2/repository/org/apache/directory/server/apacheds-core-integ/1.5.7/apacheds-core-integ-1.5.7.jar:/home/alex/.m2/repository/ldapsdk/ldapsdk/4.1/ldapsdk-4.1.jar:/home/alex/.m2/repository/org/apache/directory/client/ldap/ldap-client-api/0.1/ldap-client-api-0.1.jar:/home/alex/.m2/repository/commons-pool/commons-pool/1.5.4/commons-pool-1.5.4.jar:/home/alex/.m2/repository/org/apache/mina/mina-core/2.0.0-RC1/mina-core-2.0.0-RC1.jar:/home/alex/.m2/repository/org/apache/directory/shared/shared-ldap/0.9.19/shared-ldap-0.9.19.jar:/home/alex/.m2/repository/org/apache/directory/shared/shared-i18n/0.9.19/shared-i18n-0.9.19.jar:/home/alex/.m2/repository/antlr/antlr/2.7.7/antlr-2.7.7.jar:/home/alex/.m2/repository/org/apache/directory/shared/shared-ldap-schema/0.9.19/shared-ldap-schema-0.9.19.jar:/home/alex/.m2/repository/org/apache/directory/shared/shared-ldap-schema-loader/0.9.19/shared-ldap-schema-loader-0.9.19.jar:/home/alex/.m2/repository/org/apache/directory/shared/shared-ldap-schema-manager/0.9.19/shared-ldap-schema-manager-0.9.19.jar:/home/alex/.m2/repository/org/apache/directory/shared/shared-cursor/0.9.19/shared-cursor-0.9.19.jar:/home/alex/.m2/repository/org/apache/directory/shared/shared-ldap-jndi/0.9.19/shared-ldap-jndi-0.9.19.jar:/home/alex/.m2/repository/org/apache/directory/shared/shared-asn1-codec/0.9.19/shared-asn1-codec-0.9.19.jar:/home/alex/.m2/repository/org/apache/directory/shared/shared-asn1/0.9.19/shared-asn1-0.9.19.jar:/home/alex/.m2/repository/org/apache/directory/shared/shared-ldap-constants/0.9.19/shared-ldap-constants-0.9.19.jar:/home/alex/.m2/repository/org/apache/directory/shared/shared-ldap-converter/0.9.19/shared-ldap-converter-0.9.19.jar:/home/alex/.m2/repository/org/apache/directory/shared/shared-ldap-schema-dao/0.9.19/shared-ldap-schema-dao-0.9.19.jar:/home/alex/.m2/repository/org/apache/directory/shared/shared-ldif/0.9.19/shared-ldif-0.9.19.jar:/home/alex/.m2/repository/org/apache/directory/shared/shared-dsml-parser/0.9.19/shared-dsml-parser-0.9.19.jar:/home/alex/.m2/repository/dom4j/dom4j/1.6.1/dom4j-1.6.1.jar:/home/alex/.m2/repository/xml-apis/xml-apis/1.0.b2/xml-apis-1.0.b2.jar:/home/alex/.m2/repository/xpp3/xpp3/1.1.4c/xpp3-1.1.4c.jar:/home/alex/.m2/repository/org/apache/directory/server/apacheds-test-framework/1.5.7/apacheds-test-framework-1.5.7.jar:/home/alex/.m2/repository/org/apache/directory/server/apacheds-i18n/1.5.7/apacheds-i18n-1.5.7.jar:/home/alex/.m2/repository/org/apache/directory/server/apacheds-server-annotations/1.5.7/apacheds-server-annotations-1.5.7.jar:/home/alex/.m2/repository/org/apache/directory/server/apacheds-core-annotations/1.5.7/apacheds-core-annotations-1.5.7.jar:/home/alex/.m2/repository/org/apache/directory/server/apacheds-jdbm-partition/1.5.7/apacheds-jdbm-partition-1.5.7.jar:/home/alex/.m2/repository/org/apache/directory/server/apacheds-jdbm-store/1.5.7/apacheds-jdbm-store-1.5.7.jar:/home/alex/.m2/repository/org/apache/directory/server/apacheds-jdbm/1.5.7/apacheds-jdbm-1.5.7.jar:/home/alex/.m2/repository/org/apache/directory/server/apacheds-core-avl/1.5.7/apacheds-core-avl-1.5.7.jar:/home/alex/.m2/repository/org/apache/directory/server/apacheds-xdbm-search/1.5.7/apacheds-xdbm-search-1.5.7.jar:/home/alex/.m2/repository/org/apache/directory/server/apacheds-ldif-partition/1.5.7/apacheds-ldif-partition-1.5.7.jar:/home/alex/.m2/repository/org/apache/directory/server/apacheds-avl-partition/1.5.7/apacheds-avl-partition-1.5.7.jar:/home/alex/.m2/repository/org/apache/directory/server/apacheds-core-mock/1.5.7/apacheds-core-mock-1.5.7.jar:/home/alex/.m2/repository/org/apache/directory/server/apacheds-protocol-ldap/1.5.7/apacheds-protocol-ldap-1.5.7.jar:/home/alex/.m2/repository/org/apache/directory/server/apacheds-xdbm-tools/1.5.7/apacheds-xdbm-tools-1.5.7.jar:/home/alex/.m2/repository/org/apache/directory/server/apacheds-xdbm-base/1.5.7/apacheds-xdbm-base-1.5.7.jar:/home/alex/.m2/repository/org/apache/directory/server/apacheds-protocol-kerberos/1.5.7/apacheds-protocol-kerberos-1.5.7.jar:/home/alex/.m2/repository/org/mockito/mockito-core/3.3.3/mockito-core-3.3.3.jar:/home/alex/.m2/repository/net/bytebuddy/byte-buddy/1.10.5/byte-buddy-1.10.5.jar:/home/alex/.m2/repository/net/bytebuddy/byte-buddy-agent/1.10.5/byte-buddy-agent-1.10.5.jar:/home/alex/.m2/repository/org/objenesis/objenesis/2.6/objenesis-2.6.jar:/home/alex/.m2/repository/org/postgresql/postgresql/42.2.14/postgresql-42.2.14.jar:/home/alex/.m2/repository/org/apache/curator/curator-test/4.2.0/curator-test-4.2.0.jar:/home/alex/Repositories/hive/standalone-metastore/metastore-server/src/test/resources:"/>
    <property name="sun.cpu.endian" value="little"/>
    <property name="nondexExecid" value="AvtS1YFqMMEH7FnfZJfSYVQZxh2gTHwne2a7Mar+Tmc="/>
    <property name="user.home" value="/home/alex"/>
    <property name="user.language" value="en"/>
    <property name="java.specification.vendor" value="Oracle Corporation"/>
    <property name="metastore.schema.verification" value="false"/>
    <property name="java.home" value="/usr/lib/jvm/java-8-openjdk-amd64/jre"/>
    <property name="hive.metastore.warehouse.external.dir" value="file:///home/alex/Repositories/hive/standalone-metastore/metastore-server/target/external"/>
    <property name="basedir" value="/home/alex/Repositories/hive/standalone-metastore/metastore-server"/>
    <property name="file.separator" value="/"/>
    <property name="line.separator" value="&#10;"/>
    <property name="nondexEnd" value="9223372036854775807"/>
    <property name="metastore.warehouse.dir" value="file:///home/alex/Repositories/hive/standalone-metastore/metastore-server/target/warehouse"/>
    <property name="java.vm.specification.vendor" value="Oracle Corporation"/>
    <property name="java.specification.name" value="Java Platform API Specification"/>
    <property name="derby.stream.error.file" value="/home/alex/Repositories/hive/standalone-metastore/metastore-server/target/tmp/derby.log"/>
    <property name="java.awt.graphicsenv" value="sun.awt.X11GraphicsEnvironment"/>
    <property name="nondexFilter" value=".*"/>
    <property name="nondexSeed" value="1016066"/>
    <property name="surefire.real.class.path" value="/home/alex/Repositories/hive/standalone-metastore/metastore-server/target/surefire/surefirebooter2414442421718343389.jar"/>
    <property name="sun.boot.class.path" value="/home/alex/Repositories/hive/standalone-metastore/metastore-server/.nondex/nondex-instr.jar:/home/alex/.m2/repository/edu/illinois/nondex-common/2.1.7/nondex-common-2.1.7.jar:/home/alex/.m2/repository/edu/illinois/nondex-annotations/2.1.7/nondex-annotations-2.1.7.jar:/usr/lib/jvm/java-8-openjdk-amd64/jre/lib/resources.jar:/usr/lib/jvm/java-8-openjdk-amd64/jre/lib/rt.jar:/usr/lib/jvm/java-8-openjdk-amd64/jre/lib/sunrsasign.jar:/usr/lib/jvm/java-8-openjdk-amd64/jre/lib/jsse.jar:/usr/lib/jvm/java-8-openjdk-amd64/jre/lib/jce.jar:/usr/lib/jvm/java-8-openjdk-amd64/jre/lib/charsets.jar:/usr/lib/jvm/java-8-openjdk-amd64/jre/lib/jfr.jar:/usr/lib/jvm/java-8-openjdk-amd64/jre/classes"/>
    <property name="log4j.debug" value="true"/>
    <property name="sun.management.compiler" value="HotSpot 64-Bit Tiered Compilers"/>
    <property name="java.runtime.version" value="1.8.0_402-8u402-ga-2ubuntu1~22.04-b06"/>
    <property name="user.name" value="alex"/>
    <property name="javax.jdo.option.ConnectionURL" value="jdbc:derby:memory:/home/alex/Repositories/hive/standalone-metastore/metastore-server/target/tmp/junit_metastore_db;create=true"/>
    <property name="path.separator" value=":"/>
    <property name="os.version" value="6.5.0-28-generic"/>
    <property name="java.endorsed.dirs" value="/usr/lib/jvm/java-8-openjdk-amd64/jre/lib/endorsed"/>
    <property name="java.runtime.name" value="OpenJDK Runtime Environment"/>
    <property name="file.encoding" value="UTF-8"/>
    <property name="java.vm.name" value="OpenJDK 64-Bit Server VM"/>
    <property name="localRepository" value="/home/alex/.m2/repository"/>
    <property name="build.dir" value="/home/alex/Repositories/hive/standalone-metastore/metastore-server/target"/>
    <property name="nondexDir" value="/home/alex/Repositories/hive/standalone-metastore/metastore-server/.nondex"/>
    <property name="java.vendor.url.bug" value="http://bugreport.sun.com/bugreport/"/>
    <property name="nondexJarDir" value="/home/alex/Repositories/hive/standalone-metastore/metastore-server/.nondex"/>
    <property name="java.io.tmpdir" value="/home/alex/Repositories/hive/standalone-metastore/metastore-server/target/tmp"/>
    <property name="com.zaxxer.hikari.pool_number" value="33"/>
    <property name="java.version" value="1.8.0_402"/>
    <property name="user.dir" value="/home/alex/Repositories/hive/standalone-metastore/metastore-server"/>
    <property name="os.arch" value="amd64"/>
    <property name="nondexMode" value="FULL"/>
    <property name="java.vm.specification.name" value="Java Virtual Machine Specification"/>
    <property name="user.language.format" value="pt"/>
    <property name="java.awt.printerjob" value="sun.print.PSPrinterJob"/>
    <property name="sun.os.patch.level" value="unknown"/>
    <property name="derby.version" value="10.14.1.0"/>
    <property name="java.library.path" value="/usr/java/packages/lib/amd64:/usr/lib/x86_64-linux-gnu/jni:/lib/x86_64-linux-gnu:/usr/lib/x86_64-linux-gnu:/usr/lib/jni:/lib:/usr/lib"/>
    <property name="java.vendor" value="Private Build"/>
    <property name="java.vm.info" value="mixed mode"/>
    <property name="java.vm.version" value="25.402-b06"/>
    <property name="java.specification.maintenance.version" value="5"/>
    <property name="java.ext.dirs" value="/usr/lib/jvm/java-8-openjdk-amd64/jre/lib/ext:/usr/java/packages/lib/ext"/>
    <property name="sun.io.unicode.encoding" value="UnicodeLittle"/>
    <property name="datanucleus.schema.autoCreateAll" value="true"/>
    <property name="java.class.version" value="52.0"/>
  </properties>
  <testcase name="testNonConfDatanucleusValueSet" classname="org.apache.hadoop.hive.metastore.TestObjectStore" time="0">
    <skipped/>
  </testcase>
  <testcase name="testSSLPropertiesAreSet" classname="org.apache.hadoop.hive.metastore.TestObjectStore" time="4.061"/>
  <testcase name="getNoSuchCatalog" classname="org.apache.hadoop.hive.metastore.TestObjectStore" time="1.158"/>
  <testcase name="testRetryingExecutorSleep" classname="org.apache.hadoop.hive.metastore.TestObjectStore" time="1.034"/>
  <testcase name="testConcurrentPMFInitialize" classname="org.apache.hadoop.hive.metastore.TestObjectStore" time="1.743"/>
  <testcase name="testNotificationOps" classname="org.apache.hadoop.hive.metastore.TestObjectStore" time="61.042"/>
  <testcase name="testUpdateStoredProc" classname="org.apache.hadoop.hive.metastore.TestObjectStore" time="1.057"/>
  <testcase name="testDirectSQLDropPartitionsCacheInSession" classname="org.apache.hadoop.hive.metastore.TestObjectStore" time="1.259"/>
  <testcase name="dropNoSuchCatalog" classname="org.apache.hadoop.hive.metastore.TestObjectStore" time="0.85"/>
  <testcase name="testGetPartitionStatistics" classname="org.apache.hadoop.hive.metastore.TestObjectStore" time="1.41"/>
  <testcase name="testDropPackage" classname="org.apache.hadoop.hive.metastore.TestObjectStore" time="0.893"/>
  <testcase name="testListPackage" classname="org.apache.hadoop.hive.metastore.TestObjectStore" time="0.928"/>
  <testcase name="testCreateAndFindPackage" classname="org.apache.hadoop.hive.metastore.TestObjectStore" time="0.849"/>
  <testcase name="testConcurrentDropPartitions" classname="org.apache.hadoop.hive.metastore.TestObjectStore" time="1.695"/>
  <testcase name="testMasterKeyOps" classname="org.apache.hadoop.hive.metastore.TestObjectStore" time="0.867"/>
  <testcase name="testDeprecatedConfigIsOverwritten" classname="org.apache.hadoop.hive.metastore.TestObjectStore" time="0.818"/>
  <testcase name="testTableOps" classname="org.apache.hadoop.hive.metastore.TestObjectStore" time="0.948">
    <failure message="expected:&lt;1&gt; but was:&lt;0&gt;" type="java.lang.AssertionError"><![CDATA[java.lang.AssertionError: expected:<1> but was:<0>
	at org.apache.hadoop.hive.metastore.TestObjectStore.testTableOps(TestObjectStore.java:299)
]]></failure>
    <system-out><![CDATA[[INFO ] 2024-04-23 23:34:51.377 [main] MetastoreConf - Unable to find config file: hive-site.xml
[INFO ] 2024-04-23 23:34:51.377 [main] MetastoreConf - Unable to find config file: hivemetastore-site.xml
[INFO ] 2024-04-23 23:34:51.377 [main] MetastoreConf - Unable to find config file: metastore-site.xml
[DEBUG] 2024-04-23 23:34:51.377 [main] MetastoreConf - Setting conf value datanucleus.schema.autoCreateAll using value true
[DEBUG] 2024-04-23 23:34:51.385 [main] MetastoreConf - Setting conf value javax.jdo.option.ConnectionURL using value jdbc:derby:memory:/home/alex/Repositories/hive/standalone-metastore/metastore-server/target/tmp/junit_metastore_db;create=true
[DEBUG] 2024-04-23 23:34:51.385 [main] MetastoreConf - Setting conf value metastore.schema.verification using value false
[DEBUG] 2024-04-23 23:34:51.385 [main] MetastoreConf - Setting conf value metastore.warehouse.dir using value file:///home/alex/Repositories/hive/standalone-metastore/metastore-server/target/warehouse
[DEBUG] 2024-04-23 23:34:51.385 [main] MetastoreConf - Picking up system property hive.metastore.warehouse.external.dir with value file:///home/alex/Repositories/hive/standalone-metastore/metastore-server/target/external
[INFO ] 2024-04-23 23:34:51.386 [main] PersistenceManagerProvider - Configuration datanucleus.autoStartMechanismMode is not set. Defaulting to 'ignored'
[DEBUG] 2024-04-23 23:34:51.386 [main] PersistenceManagerProvider - Overriding datanucleus.schema.autoCreateAll value null from jpox.properties with true
[DEBUG] 2024-04-23 23:34:51.386 [main] PersistenceManagerProvider - Overriding javax.jdo.option.ConnectionDriverName value null from jpox.properties with org.apache.derby.jdbc.EmbeddedDriver
[DEBUG] 2024-04-23 23:34:51.386 [main] PersistenceManagerProvider - Overriding datanucleus.connectionPool.maxPoolSize value null from jpox.properties with 10
[DEBUG] 2024-04-23 23:34:51.386 [main] PersistenceManagerProvider - Overriding datanucleus.connectionPoolingType value null from jpox.properties with HikariCP
[DEBUG] 2024-04-23 23:34:51.386 [main] PersistenceManagerProvider - Overriding javax.jdo.option.ConnectionURL value null from jpox.properties with jdbc:derby:memory:/home/alex/Repositories/hive/standalone-metastore/metastore-server/target/tmp/junit_metastore_db_8bd7889a-617f-479f-bb9f-504728cd9d5a;create=true
[DEBUG] 2024-04-23 23:34:51.386 [main] PersistenceManagerProvider - Overriding javax.jdo.option.ConnectionUserName value null from jpox.properties with APP
[DEBUG] 2024-04-23 23:34:51.386 [main] PersistenceManagerProvider - Overriding datanucleus.autoStartMechanismMode value null from jpox.properties with ignored
[DEBUG] 2024-04-23 23:34:51.386 [main] PersistenceManagerProvider - Overriding datanucleus.cache.level2 value null from jpox.properties with false
[DEBUG] 2024-04-23 23:34:51.386 [main] PersistenceManagerProvider - Overriding datanucleus.cache.level2.type value null from jpox.properties with none
[DEBUG] 2024-04-23 23:34:51.386 [main] PersistenceManagerProvider - Overriding datanucleus.rdbms.initializeColumnInfo value null from jpox.properties with NONE
[DEBUG] 2024-04-23 23:34:51.386 [main] PersistenceManagerProvider - Overriding datanucleus.plugin.pluginRegistryBundleCheck value null from jpox.properties with LOG
[DEBUG] 2024-04-23 23:34:51.386 [main] PersistenceManagerProvider - Overriding datanucleus.transactionIsolation value null from jpox.properties with read-committed
[DEBUG] 2024-04-23 23:34:51.386 [main] PersistenceManagerProvider - Overriding datanucleus.rdbms.useLegacyNativeValueStrategy value null from jpox.properties with true
[DEBUG] 2024-04-23 23:34:51.386 [main] PersistenceManagerProvider - Overriding javax.jdo.option.DetachAllOnCommit value null from jpox.properties with true
[DEBUG] 2024-04-23 23:34:51.386 [main] PersistenceManagerProvider - Overriding datanucleus.identifierFactory value null from jpox.properties with datanucleus1
[DEBUG] 2024-04-23 23:34:51.386 [main] PersistenceManagerProvider - Overriding javax.jdo.PersistenceManagerFactoryClass value null from jpox.properties with org.datanucleus.api.jdo.JDOPersistenceManagerFactory
[DEBUG] 2024-04-23 23:34:51.386 [main] PersistenceManagerProvider - Overriding javax.jdo.option.Multithreaded value null from jpox.properties with true
[DEBUG] 2024-04-23 23:34:51.386 [main] PersistenceManagerProvider - Overriding javax.jdo.option.NonTransactionalRead value null from jpox.properties with true
[DEBUG] 2024-04-23 23:34:51.386 [main] PersistenceManagerProvider - Overriding datanucleus.storeManagerType value null from jpox.properties with rdbms
[DEBUG] 2024-04-23 23:34:51.386 [main] PersistenceManagerProvider - Overriding datanucleus.schema.validateColumns value null from jpox.properties with false
[DEBUG] 2024-04-23 23:34:51.386 [main] PersistenceManagerProvider - Overriding datanucleus.schema.validateConstraints value null from jpox.properties with false
[DEBUG] 2024-04-23 23:34:51.386 [main] PersistenceManagerProvider - Overriding datanucleus.schema.validateTables value null from jpox.properties with false
[DEBUG] 2024-04-23 23:34:51.386 [main] PersistenceManagerProvider - datanucleus.schema.autoCreateAll = true
[DEBUG] 2024-04-23 23:34:51.386 [main] PersistenceManagerProvider - datanucleus.schema.validateTables = false
[DEBUG] 2024-04-23 23:34:51.386 [main] PersistenceManagerProvider - datanucleus.rdbms.useLegacyNativeValueStrategy = true
[DEBUG] 2024-04-23 23:34:51.386 [main] PersistenceManagerProvider - datanucleus.schema.validateColumns = false
[DEBUG] 2024-04-23 23:34:51.386 [main] PersistenceManagerProvider - datanucleus.connectionPool.maxPoolSize = 10
[DEBUG] 2024-04-23 23:34:51.386 [main] PersistenceManagerProvider - datanucleus.autoStartMechanismMode = ignored
[DEBUG] 2024-04-23 23:34:51.386 [main] PersistenceManagerProvider - datanucleus.rdbms.initializeColumnInfo = NONE
[DEBUG] 2024-04-23 23:34:51.386 [main] PersistenceManagerProvider - javax.jdo.option.Multithreaded = true
[DEBUG] 2024-04-23 23:34:51.386 [main] PersistenceManagerProvider - datanucleus.identifierFactory = datanucleus1
[DEBUG] 2024-04-23 23:34:51.386 [main] PersistenceManagerProvider - datanucleus.transactionIsolation = read-committed
[DEBUG] 2024-04-23 23:34:51.386 [main] PersistenceManagerProvider - javax.jdo.option.ConnectionURL = jdbc:derby:memory:/home/alex/Repositories/hive/standalone-metastore/metastore-server/target/tmp/junit_metastore_db_8bd7889a-617f-479f-bb9f-504728cd9d5a;create=true
[DEBUG] 2024-04-23 23:34:51.386 [main] PersistenceManagerProvider - javax.jdo.option.DetachAllOnCommit = true
[DEBUG] 2024-04-23 23:34:51.386 [main] PersistenceManagerProvider - javax.jdo.option.NonTransactionalRead = true
[DEBUG] 2024-04-23 23:34:51.386 [main] PersistenceManagerProvider - datanucleus.schema.validateConstraints = false
[DEBUG] 2024-04-23 23:34:51.386 [main] PersistenceManagerProvider - javax.jdo.option.ConnectionDriverName = org.apache.derby.jdbc.EmbeddedDriver
[DEBUG] 2024-04-23 23:34:51.387 [main] PersistenceManagerProvider - javax.jdo.option.ConnectionUserName = APP
[DEBUG] 2024-04-23 23:34:51.387 [main] PersistenceManagerProvider - datanucleus.cache.level2 = false
[DEBUG] 2024-04-23 23:34:51.387 [main] PersistenceManagerProvider - datanucleus.plugin.pluginRegistryBundleCheck = LOG
[DEBUG] 2024-04-23 23:34:51.387 [main] PersistenceManagerProvider - datanucleus.cache.level2.type = none
[DEBUG] 2024-04-23 23:34:51.387 [main] PersistenceManagerProvider - javax.jdo.PersistenceManagerFactoryClass = org.datanucleus.api.jdo.JDOPersistenceManagerFactory
[DEBUG] 2024-04-23 23:34:51.387 [main] PersistenceManagerProvider - datanucleus.storeManagerType = rdbms
[DEBUG] 2024-04-23 23:34:51.387 [main] PersistenceManagerProvider - datanucleus.connectionPoolingType = HikariCP
[INFO ] 2024-04-23 23:34:51.387 [main] PersistenceManagerProvider - Updating the pmf due to property change
[DEBUG] 2024-04-23 23:34:51.387 [main] PersistenceManagerProvider - Found datanucleus.schema.autoCreateAll to be different. Old val : true : New Val : true
[DEBUG] 2024-04-23 23:34:51.387 [main] PersistenceManagerProvider - Found datanucleus.schema.validateTables to be different. Old val : false : New Val : false
[DEBUG] 2024-04-23 23:34:51.387 [main] PersistenceManagerProvider - Found datanucleus.rdbms.useLegacyNativeValueStrategy to be different. Old val : true : New Val : true
[DEBUG] 2024-04-23 23:34:51.387 [main] PersistenceManagerProvider - Found datanucleus.connectionPool.maxPoolSize to be different. Old val : 10 : New Val : 10
[DEBUG] 2024-04-23 23:34:51.387 [main] PersistenceManagerProvider - Found datanucleus.schema.validateColumns to be different. Old val : false : New Val : false
[DEBUG] 2024-04-23 23:34:51.387 [main] PersistenceManagerProvider - Found datanucleus.autoStartMechanismMode to be different. Old val : ignored : New Val : ignored
[DEBUG] 2024-04-23 23:34:51.387 [main] PersistenceManagerProvider - Found masked property javax.jdo.option.ConnectionPassword to be different
[DEBUG] 2024-04-23 23:34:51.387 [main] PersistenceManagerProvider - Found datanucleus.rdbms.initializeColumnInfo to be different. Old val : NONE : New Val : NONE
[DEBUG] 2024-04-23 23:34:51.387 [main] PersistenceManagerProvider - Found javax.jdo.option.Multithreaded to be different. Old val : true : New Val : true
[DEBUG] 2024-04-23 23:34:51.387 [main] PersistenceManagerProvider - Found datanucleus.identifierFactory to be different. Old val : datanucleus1 : New Val : datanucleus1
[DEBUG] 2024-04-23 23:34:51.387 [main] PersistenceManagerProvider - Found datanucleus.transactionIsolation to be different. Old val : read-committed : New Val : read-committed
[DEBUG] 2024-04-23 23:34:51.387 [main] PersistenceManagerProvider - Found javax.jdo.option.ConnectionURL to be different. Old val : jdbc:derby:memory:/home/alex/Repositories/hive/standalone-metastore/metastore-server/target/tmp/junit_metastore_db_35284924-0dc0-44d0-971e-d86d6e2ac491;create=true : New Val : jdbc:derby:memory:/home/alex/Repositories/hive/standalone-metastore/metastore-server/target/tmp/junit_metastore_db_8bd7889a-617f-479f-bb9f-504728cd9d5a;create=true
[DEBUG] 2024-04-23 23:34:51.387 [main] PersistenceManagerProvider - Found javax.jdo.option.DetachAllOnCommit to be different. Old val : true : New Val : true
[DEBUG] 2024-04-23 23:34:51.387 [main] PersistenceManagerProvider - Found javax.jdo.option.NonTransactionalRead to be different. Old val : true : New Val : true
[DEBUG] 2024-04-23 23:34:51.387 [main] PersistenceManagerProvider - Found javax.jdo.option.ConnectionDriverName to be different. Old val : org.apache.derby.jdbc.EmbeddedDriver : New Val : org.apache.derby.jdbc.EmbeddedDriver
[DEBUG] 2024-04-23 23:34:51.387 [main] PersistenceManagerProvider - Found datanucleus.schema.validateConstraints to be different. Old val : false : New Val : false
[DEBUG] 2024-04-23 23:34:51.387 [main] PersistenceManagerProvider - Found javax.jdo.option.ConnectionUserName to be different. Old val : APP : New Val : APP
[DEBUG] 2024-04-23 23:34:51.387 [main] PersistenceManagerProvider - Found datanucleus.cache.level2 to be different. Old val : false : New Val : false
[DEBUG] 2024-04-23 23:34:51.387 [main] PersistenceManagerProvider - Found datanucleus.plugin.pluginRegistryBundleCheck to be different. Old val : LOG : New Val : LOG
[DEBUG] 2024-04-23 23:34:51.387 [main] PersistenceManagerProvider - Found datanucleus.cache.level2.type to be different. Old val : none : New Val : none
[DEBUG] 2024-04-23 23:34:51.387 [main] PersistenceManagerProvider - Found javax.jdo.PersistenceManagerFactoryClass to be different. Old val : org.datanucleus.api.jdo.JDOPersistenceManagerFactory : New Val : org.datanucleus.api.jdo.JDOPersistenceManagerFactory
[DEBUG] 2024-04-23 23:34:51.387 [main] PersistenceManagerProvider - Found datanucleus.storeManagerType to be different. Old val : rdbms : New Val : rdbms
[DEBUG] 2024-04-23 23:34:51.387 [main] PersistenceManagerProvider - Found datanucleus.connectionPoolingType to be different. Old val : HikariCP : New Val : HikariCP
[DEBUG] 2024-04-23 23:34:51.387 [main] PersistenceManagerProvider - Cleared ClassLoaderResolverImpl: resources: 0, loaded classes: 0, unloaded classes: 94
[DEBUG] 2024-04-23 23:34:51.387 [main] PersistenceManagerProvider - Cleared ClassLoaderResolverImpl: resources: 37, loaded classes: 0, unloaded classes: 9
[DEBUG] 2024-04-23 23:34:51.387 [main] PersistenceManagerProvider - Cleared ClassLoaderResolverImpl: resources: 0, loaded classes: 0, unloaded classes: 16
[DEBUG] 2024-04-23 23:34:51.387 [main] PersistenceManagerProvider - Cleared ClassLoaderResolverImpl: resources: 0, loaded classes: 0, unloaded classes: 0
[DEBUG] 2024-04-23 23:34:51.387 [main] PersistenceManagerProvider - Cleared ClassLoaderResolverImpl: resources: 0, loaded classes: 0, unloaded classes: 0
[DEBUG] 2024-04-23 23:34:51.387 [main] PersistenceManagerProvider - Removed cached classloaders from DataNucleus NucleusContext
[DEBUG] 2024-04-23 23:34:51.387 [main] PersistenceManagerProvider - Closing PersistenceManagerFactory
[DEBUG] 2024-04-23 23:34:51.388 [main] PersistenceManagerProvider - PersistenceManagerFactory closed
[DEBUG] 2024-04-23 23:34:51.388 [main] HikariCPDataSourceProvider - Creating Hikari connection pool for the MetaStore
[WARN ] 2024-04-23 23:34:51.389 [main] HikariConfig - HikariPool-17 - leakDetectionThreshold is less than 2000ms or more than maxLifetime, disabling it.
[DEBUG] 2024-04-23 23:34:51.389 [main] HikariConfig - HikariPool-17 - configuration:
[DEBUG] 2024-04-23 23:34:51.389 [main] HikariConfig - allowPoolSuspension.............false
[DEBUG] 2024-04-23 23:34:51.389 [main] HikariConfig - autoCommit......................true
[DEBUG] 2024-04-23 23:34:51.389 [main] HikariConfig - catalog.........................none
[DEBUG] 2024-04-23 23:34:51.389 [main] HikariConfig - connectionInitSql...............none
[DEBUG] 2024-04-23 23:34:51.389 [main] HikariConfig - connectionTestQuery.............none
[DEBUG] 2024-04-23 23:34:51.390 [main] HikariConfig - connectionTimeout...............30000
[DEBUG] 2024-04-23 23:34:51.390 [main] HikariConfig - dataSource......................none
[DEBUG] 2024-04-23 23:34:51.390 [main] HikariConfig - dataSourceClassName.............none
[DEBUG] 2024-04-23 23:34:51.390 [main] HikariConfig - dataSourceJNDI..................none
[DEBUG] 2024-04-23 23:34:51.390 [main] HikariConfig - dataSourceProperties............{password=<masked>}
[DEBUG] 2024-04-23 23:34:51.390 [main] HikariConfig - driverClassName.................none
[DEBUG] 2024-04-23 23:34:51.390 [main] HikariConfig - healthCheckProperties...........{}
[DEBUG] 2024-04-23 23:34:51.390 [main] HikariConfig - healthCheckRegistry.............none
[DEBUG] 2024-04-23 23:34:51.390 [main] HikariConfig - idleTimeout.....................600000
[DEBUG] 2024-04-23 23:34:51.390 [main] HikariConfig - initializationFailFast..........true
[DEBUG] 2024-04-23 23:34:51.390 [main] HikariConfig - initializationFailTimeout.......1
[DEBUG] 2024-04-23 23:34:51.390 [main] HikariConfig - isolateInternalQueries..........false
[DEBUG] 2024-04-23 23:34:51.390 [main] HikariConfig - jdbc4ConnectionTest.............false
[DEBUG] 2024-04-23 23:34:51.390 [main] HikariConfig - jdbcUrl........................."jdbc:derby:memory:/home/alex/Repositories/hive/standalone-metastore/metastore-server/target/tmp/junit_metastore_db_8bd7889a-617f-479f-bb9f-504728cd9d5a;create=true"
[DEBUG] 2024-04-23 23:34:51.390 [main] HikariConfig - leakDetectionThreshold..........0
[DEBUG] 2024-04-23 23:34:51.390 [main] HikariConfig - maxLifetime.....................1800000
[DEBUG] 2024-04-23 23:34:51.390 [main] HikariConfig - maximumPoolSize.................10
[DEBUG] 2024-04-23 23:34:51.390 [main] HikariConfig - metricRegistry..................none
[DEBUG] 2024-04-23 23:34:51.390 [main] HikariConfig - metricsTrackerFactory...........none
[DEBUG] 2024-04-23 23:34:51.390 [main] HikariConfig - minimumIdle.....................10
[DEBUG] 2024-04-23 23:34:51.390 [main] HikariConfig - password........................<masked>
[DEBUG] 2024-04-23 23:34:51.390 [main] HikariConfig - poolName........................"HikariPool-17"
[DEBUG] 2024-04-23 23:34:51.390 [main] HikariConfig - readOnly........................false
[DEBUG] 2024-04-23 23:34:51.390 [main] HikariConfig - registerMbeans..................false
[DEBUG] 2024-04-23 23:34:51.390 [main] HikariConfig - scheduledExecutor...............none
[DEBUG] 2024-04-23 23:34:51.390 [main] HikariConfig - scheduledExecutorService........internal
[DEBUG] 2024-04-23 23:34:51.390 [main] HikariConfig - threadFactory...................internal
[DEBUG] 2024-04-23 23:34:51.390 [main] HikariConfig - transactionIsolation............default
[DEBUG] 2024-04-23 23:34:51.390 [main] HikariConfig - username........................"APP"
[DEBUG] 2024-04-23 23:34:51.390 [main] HikariConfig - validationTimeout...............5000
[INFO ] 2024-04-23 23:34:51.391 [main] HikariDataSource - HikariPool-17 - Starting...
[INFO ] 2024-04-23 23:34:51.418 [main] PoolBase - HikariPool-17 - Driver does not support get/set network timeout for connections. (Feature not implemented: No details.)
[DEBUG] 2024-04-23 23:34:51.418 [main] HikariPool - HikariPool-17 - Added connection org.apache.derby.impl.jdbc.EmbedConnection@86246996 (XID = 166), (SESSIONID = 1), (DATABASE = memory:/home/alex/Repositories/hive/standalone-metastore/metastore-server/target/tmp/junit_metastore_db_8bd7889a-617f-479f-bb9f-504728cd9d5a), (DRDAID = null) 
[INFO ] 2024-04-23 23:34:51.418 [main] HikariDataSource - HikariPool-17 - Start completed.
[DEBUG] 2024-04-23 23:34:51.518 [HikariPool-17 housekeeper] HikariPool - HikariPool-17 - Pool stats (total=1, active=0, idle=1, waiting=0)
[DEBUG] 2024-04-23 23:34:51.520 [HikariPool-17 connection adder] HikariPool - HikariPool-17 - Added connection org.apache.derby.impl.jdbc.EmbedConnection@1802482544 (XID = 168), (SESSIONID = 3), (DATABASE = memory:/home/alex/Repositories/hive/standalone-metastore/metastore-server/target/tmp/junit_metastore_db_8bd7889a-617f-479f-bb9f-504728cd9d5a), (DRDAID = null) 
[DEBUG] 2024-04-23 23:34:51.521 [HikariPool-17 connection adder] HikariPool - HikariPool-17 - Added connection org.apache.derby.impl.jdbc.EmbedConnection@710064459 (XID = 170), (SESSIONID = 5), (DATABASE = memory:/home/alex/Repositories/hive/standalone-metastore/metastore-server/target/tmp/junit_metastore_db_8bd7889a-617f-479f-bb9f-504728cd9d5a), (DRDAID = null) 
[DEBUG] 2024-04-23 23:34:51.522 [HikariPool-17 connection adder] HikariPool - HikariPool-17 - Added connection org.apache.derby.impl.jdbc.EmbedConnection@456308404 (XID = 172), (SESSIONID = 7), (DATABASE = memory:/home/alex/Repositories/hive/standalone-metastore/metastore-server/target/tmp/junit_metastore_db_8bd7889a-617f-479f-bb9f-504728cd9d5a), (DRDAID = null) 
[DEBUG] 2024-04-23 23:34:51.522 [HikariPool-17 connection adder] HikariPool - HikariPool-17 - Added connection org.apache.derby.impl.jdbc.EmbedConnection@1249723908 (XID = 174), (SESSIONID = 9), (DATABASE = memory:/home/alex/Repositories/hive/standalone-metastore/metastore-server/target/tmp/junit_metastore_db_8bd7889a-617f-479f-bb9f-504728cd9d5a), (DRDAID = null) 
[DEBUG] 2024-04-23 23:34:51.523 [HikariPool-17 connection adder] HikariPool - HikariPool-17 - Added connection org.apache.derby.impl.jdbc.EmbedConnection@1244138552 (XID = 176), (SESSIONID = 11), (DATABASE = memory:/home/alex/Repositories/hive/standalone-metastore/metastore-server/target/tmp/junit_metastore_db_8bd7889a-617f-479f-bb9f-504728cd9d5a), (DRDAID = null) 
[DEBUG] 2024-04-23 23:34:51.523 [HikariPool-17 connection adder] HikariPool - HikariPool-17 - Added connection org.apache.derby.impl.jdbc.EmbedConnection@1312028872 (XID = 178), (SESSIONID = 13), (DATABASE = memory:/home/alex/Repositories/hive/standalone-metastore/metastore-server/target/tmp/junit_metastore_db_8bd7889a-617f-479f-bb9f-504728cd9d5a), (DRDAID = null) 
[DEBUG] 2024-04-23 23:34:51.524 [HikariPool-17 connection adder] HikariPool - HikariPool-17 - Added connection org.apache.derby.impl.jdbc.EmbedConnection@212932815 (XID = 180), (SESSIONID = 15), (DATABASE = memory:/home/alex/Repositories/hive/standalone-metastore/metastore-server/target/tmp/junit_metastore_db_8bd7889a-617f-479f-bb9f-504728cd9d5a), (DRDAID = null) 
[DEBUG] 2024-04-23 23:34:51.525 [HikariPool-17 connection adder] HikariPool - HikariPool-17 - Added connection org.apache.derby.impl.jdbc.EmbedConnection@1168129294 (XID = 182), (SESSIONID = 17), (DATABASE = memory:/home/alex/Repositories/hive/standalone-metastore/metastore-server/target/tmp/junit_metastore_db_8bd7889a-617f-479f-bb9f-504728cd9d5a), (DRDAID = null) 
[DEBUG] 2024-04-23 23:34:51.526 [HikariPool-17 connection adder] HikariPool - HikariPool-17 - Added connection org.apache.derby.impl.jdbc.EmbedConnection@1398542384 (XID = 184), (SESSIONID = 19), (DATABASE = memory:/home/alex/Repositories/hive/standalone-metastore/metastore-server/target/tmp/junit_metastore_db_8bd7889a-617f-479f-bb9f-504728cd9d5a), (DRDAID = null) 
[DEBUG] 2024-04-23 23:34:51.526 [HikariPool-17 connection adder] HikariPool - HikariPool-17 - After adding stats (total=10, active=0, idle=10, waiting=0)
[INFO ] 2024-04-23 23:34:51.622 [main] PersistenceManagerProvider - Setting MetaStore object pin classes with hive.metastore.cache.pinobjtypes="Table,StorageDescriptor,SerDeInfo,Partition,Database,Type,FieldSchema,Order"
[INFO ] 2024-04-23 23:34:51.622 [main] ObjectStore - RawStore: org.apache.hadoop.hive.metastore.ObjectStore@231a08d, with PersistenceManager: null will be shutdown
[DEBUG] 2024-04-23 23:34:51.622 [main] ObjectStore - ObjectStore, initialize called
[INFO ] 2024-04-23 23:34:51.622 [main] ObjectStore - RawStore: org.apache.hadoop.hive.metastore.ObjectStore@231a08d, with PersistenceManager: org.datanucleus.api.jdo.JDOPersistenceManager@2d154a38 created in the thread with id: 1
[DEBUG] 2024-04-23 23:34:51.622 [main] PoolBase - HikariPool-17 - Reset (autoCommit) on connection org.apache.derby.impl.jdbc.EmbedConnection@86246996 (XID = 166), (SESSIONID = 1), (DATABASE = memory:/home/alex/Repositories/hive/standalone-metastore/metastore-server/target/tmp/junit_metastore_db_8bd7889a-617f-479f-bb9f-504728cd9d5a), (DRDAID = null) 
[DEBUG] 2024-04-23 23:34:51.622 [main] PoolBase - HikariPool-17 - Reset (autoCommit) on connection org.apache.derby.impl.jdbc.EmbedConnection@86246996 (XID = 166), (SESSIONID = 1), (DATABASE = memory:/home/alex/Repositories/hive/standalone-metastore/metastore-server/target/tmp/junit_metastore_db_8bd7889a-617f-479f-bb9f-504728cd9d5a), (DRDAID = null) 
[DEBUG] 2024-04-23 23:34:51.623 [main] PoolBase - HikariPool-17 - Reset (autoCommit) on connection org.apache.derby.impl.jdbc.EmbedConnection@86246996 (XID = 166), (SESSIONID = 1), (DATABASE = memory:/home/alex/Repositories/hive/standalone-metastore/metastore-server/target/tmp/junit_metastore_db_8bd7889a-617f-479f-bb9f-504728cd9d5a), (DRDAID = null) 
[DEBUG] 2024-04-23 23:34:51.667 [main] PoolBase - HikariPool-17 - Reset (autoCommit, isolation) on connection org.apache.derby.impl.jdbc.EmbedConnection@86246996 (XID = 166), (SESSIONID = 1), (DATABASE = memory:/home/alex/Repositories/hive/standalone-metastore/metastore-server/target/tmp/junit_metastore_db_8bd7889a-617f-479f-bb9f-504728cd9d5a), (DRDAID = null) 
[DEBUG] 2024-04-23 23:34:51.869 [main] PoolBase - HikariPool-17 - Reset (autoCommit, isolation) on connection org.apache.derby.impl.jdbc.EmbedConnection@1802482544 (XID = 168), (SESSIONID = 3), (DATABASE = memory:/home/alex/Repositories/hive/standalone-metastore/metastore-server/target/tmp/junit_metastore_db_8bd7889a-617f-479f-bb9f-504728cd9d5a), (DRDAID = null) 
[DEBUG] 2024-04-23 23:34:51.953 [main] PoolBase - HikariPool-17 - Reset (autoCommit, isolation) on connection org.apache.derby.impl.jdbc.EmbedConnection@1802482544 (XID = 168), (SESSIONID = 3), (DATABASE = memory:/home/alex/Repositories/hive/standalone-metastore/metastore-server/target/tmp/junit_metastore_db_8bd7889a-617f-479f-bb9f-504728cd9d5a), (DRDAID = null) 
[DEBUG] 2024-04-23 23:34:51.978 [main] PoolBase - HikariPool-17 - Reset (autoCommit, isolation) on connection org.apache.derby.impl.jdbc.EmbedConnection@1802482544 (XID = 168), (SESSIONID = 3), (DATABASE = memory:/home/alex/Repositories/hive/standalone-metastore/metastore-server/target/tmp/junit_metastore_db_8bd7889a-617f-479f-bb9f-504728cd9d5a), (DRDAID = null) 
[DEBUG] 2024-04-23 23:34:51.991 [main] PoolBase - HikariPool-17 - Reset (autoCommit, isolation) on connection org.apache.derby.impl.jdbc.EmbedConnection@1802482544 (XID = 168), (SESSIONID = 3), (DATABASE = memory:/home/alex/Repositories/hive/standalone-metastore/metastore-server/target/tmp/junit_metastore_db_8bd7889a-617f-479f-bb9f-504728cd9d5a), (DRDAID = null) 
[DEBUG] 2024-04-23 23:34:52.003 [main] PoolBase - HikariPool-17 - Reset (autoCommit, isolation) on connection org.apache.derby.impl.jdbc.EmbedConnection@1802482544 (XID = 168), (SESSIONID = 3), (DATABASE = memory:/home/alex/Repositories/hive/standalone-metastore/metastore-server/target/tmp/junit_metastore_db_8bd7889a-617f-479f-bb9f-504728cd9d5a), (DRDAID = null) 
[DEBUG] 2024-04-23 23:34:52.071 [main] PoolBase - HikariPool-17 - Reset (autoCommit, isolation) on connection org.apache.derby.impl.jdbc.EmbedConnection@1802482544 (XID = 168), (SESSIONID = 3), (DATABASE = memory:/home/alex/Repositories/hive/standalone-metastore/metastore-server/target/tmp/junit_metastore_db_8bd7889a-617f-479f-bb9f-504728cd9d5a), (DRDAID = null) 
[DEBUG] 2024-04-23 23:34:52.104 [main] PoolBase - HikariPool-17 - Reset (autoCommit, isolation) on connection org.apache.derby.impl.jdbc.EmbedConnection@1802482544 (XID = 168), (SESSIONID = 3), (DATABASE = memory:/home/alex/Repositories/hive/standalone-metastore/metastore-server/target/tmp/junit_metastore_db_8bd7889a-617f-479f-bb9f-504728cd9d5a), (DRDAID = null) 
[DEBUG] 2024-04-23 23:34:52.119 [main] PoolBase - HikariPool-17 - Reset (autoCommit, isolation) on connection org.apache.derby.impl.jdbc.EmbedConnection@1802482544 (XID = 168), (SESSIONID = 3), (DATABASE = memory:/home/alex/Repositories/hive/standalone-metastore/metastore-server/target/tmp/junit_metastore_db_8bd7889a-617f-479f-bb9f-504728cd9d5a), (DRDAID = null) 
[DEBUG] 2024-04-23 23:34:52.133 [main] PoolBase - HikariPool-17 - Reset (autoCommit, isolation) on connection org.apache.derby.impl.jdbc.EmbedConnection@1802482544 (XID = 168), (SESSIONID = 3), (DATABASE = memory:/home/alex/Repositories/hive/standalone-metastore/metastore-server/target/tmp/junit_metastore_db_8bd7889a-617f-479f-bb9f-504728cd9d5a), (DRDAID = null) 
[DEBUG] 2024-04-23 23:34:52.136 [main] PoolBase - HikariPool-17 - Reset (autoCommit) on connection org.apache.derby.impl.jdbc.EmbedConnection@86246996 (XID = 166), (SESSIONID = 1), (DATABASE = memory:/home/alex/Repositories/hive/standalone-metastore/metastore-server/target/tmp/junit_metastore_db_8bd7889a-617f-479f-bb9f-504728cd9d5a), (DRDAID = null) 
[DEBUG] 2024-04-23 23:34:52.137 [main] PoolBase - HikariPool-17 - Reset (autoCommit) on connection org.apache.derby.impl.jdbc.EmbedConnection@86246996 (XID = 166), (SESSIONID = 1), (DATABASE = memory:/home/alex/Repositories/hive/standalone-metastore/metastore-server/target/tmp/junit_metastore_db_8bd7889a-617f-479f-bb9f-504728cd9d5a), (DRDAID = null) 
[DEBUG] 2024-04-23 23:34:52.137 [main] MetaStoreDirectSql - Using direct SQL, underlying DB is org.apache.hadoop.hive.metastore.DatabaseProduct@74d3b638
[DEBUG] 2024-04-23 23:34:52.137 [main] ObjectStore - Initialized ObjectStore
[DEBUG] 2024-04-23 23:34:52.138 [main] ObjectStore - Fetching catalog hive
[DEBUG] 2024-04-23 23:34:52.138 [main] ObjectStore - Open transaction: count = 1, isActive = true
[DEBUG] 2024-04-23 23:34:52.148 [main] PoolBase - HikariPool-17 - Reset (autoCommit, isolation) on connection org.apache.derby.impl.jdbc.EmbedConnection@86246996 (XID = 166), (SESSIONID = 1), (DATABASE = memory:/home/alex/Repositories/hive/standalone-metastore/metastore-server/target/tmp/junit_metastore_db_8bd7889a-617f-479f-bb9f-504728cd9d5a), (DRDAID = null) 
[DEBUG] 2024-04-23 23:34:52.150 [main] ObjectStore - Commit transaction: count = 0, isactive true
[DEBUG] 2024-04-23 23:34:52.150 [main] PoolBase - HikariPool-17 - Reset (autoCommit) on connection org.apache.derby.impl.jdbc.EmbedConnection@86246996 (XID = 166), (SESSIONID = 1), (DATABASE = memory:/home/alex/Repositories/hive/standalone-metastore/metastore-server/target/tmp/junit_metastore_db_8bd7889a-617f-479f-bb9f-504728cd9d5a), (DRDAID = null) 
[DEBUG] 2024-04-23 23:34:52.151 [main] ObjectStore - Creating catalog Catalog(name:hive, description:Default catalog, for Hive, locationUri:file:/home/alex/Repositories/hive/standalone-metastore/metastore-server/target/warehouse, createTime:1713911692)
[DEBUG] 2024-04-23 23:34:52.151 [main] ObjectStore - Open transaction: count = 1, isActive = true
[DEBUG] 2024-04-23 23:34:52.168 [main] PoolBase - HikariPool-17 - Reset (autoCommit) on connection org.apache.derby.impl.jdbc.EmbedConnection@86246996 (XID = 166), (SESSIONID = 1), (DATABASE = memory:/home/alex/Repositories/hive/standalone-metastore/metastore-server/target/tmp/junit_metastore_db_8bd7889a-617f-479f-bb9f-504728cd9d5a), (DRDAID = null) 
[DEBUG] 2024-04-23 23:34:52.170 [main] ObjectStore - Commit transaction: count = 0, isactive true
[DEBUG] 2024-04-23 23:34:52.170 [main] PoolBase - HikariPool-17 - Reset (autoCommit) on connection org.apache.derby.impl.jdbc.EmbedConnection@86246996 (XID = 166), (SESSIONID = 1), (DATABASE = memory:/home/alex/Repositories/hive/standalone-metastore/metastore-server/target/tmp/junit_metastore_db_8bd7889a-617f-479f-bb9f-504728cd9d5a), (DRDAID = null) 
[DEBUG] 2024-04-23 23:34:52.170 [main] ObjectStore - Open transaction: count = 1, isActive = true
[DEBUG] 2024-04-23 23:34:52.178 [main] PoolBase - HikariPool-17 - Reset (autoCommit) on connection org.apache.derby.impl.jdbc.EmbedConnection@86246996 (XID = 166), (SESSIONID = 1), (DATABASE = memory:/home/alex/Repositories/hive/standalone-metastore/metastore-server/target/tmp/junit_metastore_db_8bd7889a-617f-479f-bb9f-504728cd9d5a), (DRDAID = null) 
[DEBUG] 2024-04-23 23:34:52.179 [main] ObjectStore - Commit transaction: count = 0, isactive true
[DEBUG] 2024-04-23 23:34:52.180 [main] PoolBase - HikariPool-17 - Reset (autoCommit) on connection org.apache.derby.impl.jdbc.EmbedConnection@86246996 (XID = 166), (SESSIONID = 1), (DATABASE = memory:/home/alex/Repositories/hive/standalone-metastore/metastore-server/target/tmp/junit_metastore_db_8bd7889a-617f-479f-bb9f-504728cd9d5a), (DRDAID = null) 
[DEBUG] 2024-04-23 23:34:52.180 [main] ObjectStore - Open transaction: count = 1, isActive = true
[DEBUG] 2024-04-23 23:34:52.180 [main] ObjectStore - Open transaction: count = 2, isActive = true
[DEBUG] 2024-04-23 23:34:52.186 [main] ObjectStore - Commit transaction: count = 1, isactive true
[DEBUG] 2024-04-23 23:34:52.189 [main] PoolBase - HikariPool-17 - Reset (autoCommit) on connection org.apache.derby.impl.jdbc.EmbedConnection@1802482544 (XID = 168), (SESSIONID = 3), (DATABASE = memory:/home/alex/Repositories/hive/standalone-metastore/metastore-server/target/tmp/junit_metastore_db_8bd7889a-617f-479f-bb9f-504728cd9d5a), (DRDAID = null) 
[DEBUG] 2024-04-23 23:34:52.193 [main] PoolBase - HikariPool-17 - Reset (autoCommit) on connection org.apache.derby.impl.jdbc.EmbedConnection@1802482544 (XID = 168), (SESSIONID = 3), (DATABASE = memory:/home/alex/Repositories/hive/standalone-metastore/metastore-server/target/tmp/junit_metastore_db_8bd7889a-617f-479f-bb9f-504728cd9d5a), (DRDAID = null) 
[DEBUG] 2024-04-23 23:34:52.198 [main] PoolBase - HikariPool-17 - Reset (autoCommit) on connection org.apache.derby.impl.jdbc.EmbedConnection@1802482544 (XID = 168), (SESSIONID = 3), (DATABASE = memory:/home/alex/Repositories/hive/standalone-metastore/metastore-server/target/tmp/junit_metastore_db_8bd7889a-617f-479f-bb9f-504728cd9d5a), (DRDAID = null) 
[DEBUG] 2024-04-23 23:34:52.203 [main] PoolBase - HikariPool-17 - Reset (autoCommit) on connection org.apache.derby.impl.jdbc.EmbedConnection@1802482544 (XID = 168), (SESSIONID = 3), (DATABASE = memory:/home/alex/Repositories/hive/standalone-metastore/metastore-server/target/tmp/junit_metastore_db_8bd7889a-617f-479f-bb9f-504728cd9d5a), (DRDAID = null) 
[DEBUG] 2024-04-23 23:34:52.212 [main] ObjectStore - Commit transaction: count = 0, isactive true
[DEBUG] 2024-04-23 23:34:52.227 [main] PoolBase - HikariPool-17 - Reset (autoCommit) on connection org.apache.derby.impl.jdbc.EmbedConnection@86246996 (XID = 166), (SESSIONID = 1), (DATABASE = memory:/home/alex/Repositories/hive/standalone-metastore/metastore-server/target/tmp/junit_metastore_db_8bd7889a-617f-479f-bb9f-504728cd9d5a), (DRDAID = null) 
[DEBUG] 2024-04-23 23:34:52.229 [main] PoolBase - HikariPool-17 - Reset (autoCommit) on connection org.apache.derby.impl.jdbc.EmbedConnection@86246996 (XID = 166), (SESSIONID = 1), (DATABASE = memory:/home/alex/Repositories/hive/standalone-metastore/metastore-server/target/tmp/junit_metastore_db_8bd7889a-617f-479f-bb9f-504728cd9d5a), (DRDAID = null) 
[DEBUG] 2024-04-23 23:34:52.232 [main] PoolBase - HikariPool-17 - Reset (autoCommit) on connection org.apache.derby.impl.jdbc.EmbedConnection@86246996 (XID = 166), (SESSIONID = 1), (DATABASE = memory:/home/alex/Repositories/hive/standalone-metastore/metastore-server/target/tmp/junit_metastore_db_8bd7889a-617f-479f-bb9f-504728cd9d5a), (DRDAID = null) 
[DEBUG] 2024-04-23 23:34:52.234 [main] PoolBase - HikariPool-17 - Reset (autoCommit) on connection org.apache.derby.impl.jdbc.EmbedConnection@86246996 (XID = 166), (SESSIONID = 1), (DATABASE = memory:/home/alex/Repositories/hive/standalone-metastore/metastore-server/target/tmp/junit_metastore_db_8bd7889a-617f-479f-bb9f-504728cd9d5a), (DRDAID = null) 
[DEBUG] 2024-04-23 23:34:52.237 [main] PoolBase - HikariPool-17 - Reset (autoCommit) on connection org.apache.derby.impl.jdbc.EmbedConnection@86246996 (XID = 166), (SESSIONID = 1), (DATABASE = memory:/home/alex/Repositories/hive/standalone-metastore/metastore-server/target/tmp/junit_metastore_db_8bd7889a-617f-479f-bb9f-504728cd9d5a), (DRDAID = null) 
[DEBUG] 2024-04-23 23:34:52.238 [main] ObjectStore - Open transaction: count = 1, isActive = true
[DEBUG] 2024-04-23 23:34:52.241 [main] ObjectStore - Using direct SQL optimization.
[DEBUG] 2024-04-23 23:34:52.241 [main] ObjectStore - Commit transaction: count = 0, isactive true
[DEBUG] 2024-04-23 23:34:52.241 [main] PoolBase - HikariPool-17 - Reset (autoCommit) on connection org.apache.derby.impl.jdbc.EmbedConnection@86246996 (XID = 166), (SESSIONID = 1), (DATABASE = memory:/home/alex/Repositories/hive/standalone-metastore/metastore-server/target/tmp/junit_metastore_db_8bd7889a-617f-479f-bb9f-504728cd9d5a), (DRDAID = null) 
[DEBUG] 2024-04-23 23:34:52.241 [main] ObjectStore - 1 entries retrieved using SQL in 3.368676ms
[DEBUG] 2024-04-23 23:34:52.241 [main] ObjectStore - Open transaction: count = 1, isActive = true
[DEBUG] 2024-04-23 23:34:52.241 [main] ObjectStore - Open transaction: count = 2, isActive = true
[DEBUG] 2024-04-23 23:34:52.242 [main] ObjectStore - Commit transaction: count = 1, isactive true
[DEBUG] 2024-04-23 23:34:52.243 [main] ObjectStore - Open transaction: count = 2, isActive = true
[DEBUG] 2024-04-23 23:34:52.243 [main] ObjectStore - Executing getMTable for hive.testobjectstoredb1.testobjectstoretable1
[DEBUG] 2024-04-23 23:34:52.253 [main] ObjectStore - Commit transaction: count = 1, isactive true
[DEBUG] 2024-04-23 23:34:52.279 [main] ObjectStore - execute removeUnusedColumnDescriptor
[DEBUG] 2024-04-23 23:34:52.279 [main] ObjectStore - Open transaction: count = 2, isActive = true
[DEBUG] 2024-04-23 23:34:52.279 [main] ObjectStore - The dbType is derby 
[DEBUG] 2024-04-23 23:34:52.301 [main] ObjectStore - successfully deleted a CD in removeUnusedColumnDescriptor
[DEBUG] 2024-04-23 23:34:52.301 [main] ObjectStore - Commit transaction: count = 1, isactive true
[DEBUG] 2024-04-23 23:34:52.304 [main] ObjectStore - Commit transaction: count = 0, isactive true
[DEBUG] 2024-04-23 23:34:52.308 [main] PoolBase - HikariPool-17 - Reset (autoCommit) on connection org.apache.derby.impl.jdbc.EmbedConnection@86246996 (XID = 166), (SESSIONID = 1), (DATABASE = memory:/home/alex/Repositories/hive/standalone-metastore/metastore-server/target/tmp/junit_metastore_db_8bd7889a-617f-479f-bb9f-504728cd9d5a), (DRDAID = null) 
[DEBUG] 2024-04-23 23:34:52.308 [main] ObjectStore - Open transaction: count = 1, isActive = true
[DEBUG] 2024-04-23 23:34:52.308 [main] ObjectStore - Open transaction: count = 2, isActive = true
[DEBUG] 2024-04-23 23:34:52.318 [main] ObjectStore - Commit transaction: count = 1, isactive true
[DEBUG] 2024-04-23 23:34:52.318 [main] ObjectStore - Not using direct SQL optimization.
[DEBUG] 2024-04-23 23:34:52.318 [main] ObjectStore - Commit transaction: count = 0, isactive true
[DEBUG] 2024-04-23 23:34:52.318 [main] PoolBase - HikariPool-17 - Reset (autoCommit) on connection org.apache.derby.impl.jdbc.EmbedConnection@86246996 (XID = 166), (SESSIONID = 1), (DATABASE = memory:/home/alex/Repositories/hive/standalone-metastore/metastore-server/target/tmp/junit_metastore_db_8bd7889a-617f-479f-bb9f-504728cd9d5a), (DRDAID = null) 
[DEBUG] 2024-04-23 23:34:52.318 [main] ObjectStore - 0 entries retrieved using ORM in 10.046469ms
]]></system-out>
  </testcase>
  <testcase name="catalogs" classname="org.apache.hadoop.hive.metastore.TestObjectStore" time="0.836"/>
  <testcase name="testConcurrentAddNotifications" classname="org.apache.hadoop.hive.metastore.TestObjectStore" time="0">
    <skipped message="This test is here to allow testing with other databases like mysql / postgres etc&#10; with  user changes to the code. This cannot be run on apache derby because of&#10; https://db.apache.org/derby/docs/10.10/devguide/cdevconcepts842385.html"/>
  </testcase>
  <testcase name="testDatabaseOps" classname="org.apache.hadoop.hive.metastore.TestObjectStore" time="0.811"/>
  <testcase name="testDirectSQLDropPartitionsCacheCrossSession" classname="org.apache.hadoop.hive.metastore.TestObjectStore" time="0.975"/>
  <testcase name="testDirectSQLDropParitionsCleanup" classname="org.apache.hadoop.hive.metastore.TestObjectStore" time="1.152"/>
  <testcase name="testUpdateCreationMetadataSetsMaterializationTime" classname="org.apache.hadoop.hive.metastore.TestObjectStore" time="0.914"/>
  <testcase name="testStoredProcSaveAndRetrieve" classname="org.apache.hadoop.hive.metastore.TestObjectStore" time="0.823"/>
  <testcase name="testRoleOps" classname="org.apache.hadoop.hive.metastore.TestObjectStore" time="0.892"/>
  <testcase name="testDirectSqlErrorMetrics" classname="org.apache.hadoop.hive.metastore.TestObjectStore" time="1.742"/>
  <testcase name="testPartitionOps" classname="org.apache.hadoop.hive.metastore.TestObjectStore" time="1.154"/>
  <testcase name="testDropStoredProc" classname="org.apache.hadoop.hive.metastore.TestObjectStore" time="0.77"/>
  <testcase name="testQueryCloseOnError" classname="org.apache.hadoop.hive.metastore.TestObjectStore" time="1.997"/>
  <testcase name="testMaxEventResponse" classname="org.apache.hadoop.hive.metastore.TestObjectStore" time="60.717"/>
  <testcase name="testUseSSLProperty" classname="org.apache.hadoop.hive.metastore.TestObjectStore" time="0.698"/>
  <testcase name="testListStoredProc" classname="org.apache.hadoop.hive.metastore.TestObjectStore" time="0.752"/>
  <testcase name="testEmptyTrustStoreProps" classname="org.apache.hadoop.hive.metastore.TestObjectStore" time="0.684"/>
</testsuite>